<?xml version="1.0" encoding="UTF-8"?>
<!-- Generated by org.testng.reporters.JUnitXMLReporter -->
<testsuite hostname="PW-HAN-063" ignored="0" name="threedsON" tests="9" failures="1" timestamp="18 Oct 2019 10:20:49 GMT" time="751.863" errors="0">
  <testcase name="v1" time="48.548" classname="threedsON.PS_gateway_html_embarcalero1_ON"/>
  <testcase name="v2" time="77.651" classname="threedsON.PS_gateway_html_embarcalero2_ON"/>
  <testcase name="polk" time="29.966" classname="threedsON.PS_gateway_html_polk_ON">
    <failure type="org.openqa.selenium.NoSuchWindowException" message="Unable to get browser
Build info: version: &amp;apos;3.141.59&amp;apos;, revision: &amp;apos;e82be7d358&amp;apos;, time: &amp;apos;2018-11-14T08:17:03&amp;apos;
System info: host: &amp;apos;PW-HAN-063&amp;apos;, ip: &amp;apos;192.168.10.136&amp;apos;, os.name: &amp;apos;Windows 10&amp;apos;, os.arch: &amp;apos;amd64&amp;apos;, os.version: &amp;apos;10.0&amp;apos;, java.version: &amp;apos;1.8.0_221&amp;apos;
Driver info: org.openqa.selenium.ie.InternetExplorerDriver
Capabilities {acceptInsecureCerts: false, browserName: internet explorer, browserVersion: 11, javascriptEnabled: true, pageLoadStrategy: normal, platform: WINDOWS, platformName: WINDOWS, proxy: Proxy(), se:ieOptions: {browserAttachTimeout: 0, elementScrollBehavior: 0, enablePersistentHover: true, ie.browserCommandLineSwitches: , ie.ensureCleanSession: false, ie.fileUploadDialogTimeout: 3000, ie.forceCreateProcessApi: false, ignoreProtectedModeSettings: false, ignoreZoomSetting: false, initialBrowserUrl: http://localhost:19418/, nativeEvents: true, requireWindowFocus: false}, setWindowRect: true, timeouts: {implicit: 0, pageLoad: 300000, script: 30000}}
Session ID: 33f8b82b-52b3-49a8-bc15-5b14f0b26139">
      <![CDATA[org.openqa.selenium.NoSuchWindowException: Unable to get browser
Build info: version: '3.141.59', revision: 'e82be7d358', time: '2018-11-14T08:17:03'
System info: host: 'PW-HAN-063', ip: '192.168.10.136', os.name: 'Windows 10', os.arch: 'amd64', os.version: '10.0', java.version: '1.8.0_221'
Driver info: org.openqa.selenium.ie.InternetExplorerDriver
Capabilities {acceptInsecureCerts: false, browserName: internet explorer, browserVersion: 11, javascriptEnabled: true, pageLoadStrategy: normal, platform: WINDOWS, platformName: WINDOWS, proxy: Proxy(), se:ieOptions: {browserAttachTimeout: 0, elementScrollBehavior: 0, enablePersistentHover: true, ie.browserCommandLineSwitches: , ie.ensureCleanSession: false, ie.fileUploadDialogTimeout: 3000, ie.forceCreateProcessApi: false, ignoreProtectedModeSettings: false, ignoreZoomSetting: false, initialBrowserUrl: http://localhost:19418/, nativeEvents: true, requireWindowFocus: false}, setWindowRect: true, timeouts: {implicit: 0, pageLoad: 300000, script: 30000}}
Session ID: 33f8b82b-52b3-49a8-bc15-5b14f0b26139
at org.openqa.selenium.remote.http.W3CHttpResponseCodec.createException(W3CHttpResponseCodec.java:187)
at org.openqa.selenium.remote.http.W3CHttpResponseCodec.decode(W3CHttpResponseCodec.java:122)
at org.openqa.selenium.remote.http.W3CHttpResponseCodec.decode(W3CHttpResponseCodec.java:49)
at org.openqa.selenium.remote.HttpCommandExecutor.execute(HttpCommandExecutor.java:158)
at org.openqa.selenium.remote.service.DriverCommandExecutor.execute(DriverCommandExecutor.java:83)
at org.openqa.selenium.remote.RemoteWebDriver.execute(RemoteWebDriver.java:552)
at org.openqa.selenium.remote.RemoteWebDriver.execute(RemoteWebDriver.java:609)
at org.openqa.selenium.remote.RemoteWebDriver.getCurrentUrl(RemoteWebDriver.java:287)
at automation.project3ds.Driver.switchToWindows(Driver.java:61)
at automation.project3ds.PS_gateway_html.finish3dsPolkOFF(PS_gateway_html.java:36)
at threedsON.PS_gateway_html_polk_ON.polk(PS_gateway_html_polk_ON.java:63)
... Removed 29 stack frames]]>
    </failure>
  </testcase> <!-- polk -->
  <testcase name="v1" time="87.355" classname="threedsON.PS_gateway_old_widget_embarcalero1_ON"/>
  <testcase name="v2" time="68.382" classname="threedsON.PS_gateway_old_widget_embarcalero2_ON"/>
  <testcase name="polk" time="57.463" classname="threedsON.PS_gateway_old_widget_polk_ON"/>
  <testcase name="v1" time="40.86" classname="threedsON.PS_gateway_widget_embarcalero1_ON"/>
  <testcase name="v2" time="50.916" classname="threedsON.PS_gateway_widget_embarcalero2_ON"/>
  <testcase name="polk" time="44.0" classname="threedsON.PS_gateway_widget_polk_ON"/>
</testsuite> <!-- threedsON -->
