<?xml version="1.0" encoding="UTF-8"?>
<!-- Generated by org.testng.reporters.JUnitXMLReporter -->
<testsuite hostname="PW-HAN-063" ignored="0" tests="26" failures="5" timestamp="23 Sep 2019 07:50:06 GMT" time="687.411" errors="0">
  <testcase name="case01_06_emptyTextboxClick" time="25.429" classname="Case01_12_WidgetBrick_1v6_Test_EmptyTextbox">
    <failure type="java.lang.AssertionError" message="The following asserts failed:
	[Card number][ErrorTextValue] expected [Please enter your card number] but found [],
	[Expiration dateMM/YY][ErrorTextValue] expected [Please enter an expiry date] but found [],
	[CVV/CVC/CID000][ErrorTextValue] expected [Please enter CVV code] but found []">
      <![CDATA[java.lang.AssertionError: The following asserts failed:
[Card number][ErrorTextValue] expected [Please enter your card number] but found [],
[Expiration dateMM/YY][ErrorTextValue] expected [Please enter an expiry date] but found [],
[CVV/CVC/CID000][ErrorTextValue] expected [Please enter CVV code] but found []
at automation.project3ds.Assertion.end(Assertion.java:26)
at Case01_12_WidgetBrick_1v6_Test_EmptyTextbox.case01_06_emptyTextboxClick(Case01_12_WidgetBrick_1v6_Test_EmptyTextbox.java:55)
... Removed 25 stack frames]]>
    </failure>
  </testcase> <!-- case01_06_emptyTextboxClick -->
  <testcase name="case07_12_emptyTextboxSubmit" time="13.504" classname="Case01_12_WidgetBrick_1v6_Test_EmptyTextbox"/>
  <testcase name="amexCard" time="21.335" classname="Case13_19_WidgetBrick_1v6_Test_ValidateCardNumber"/>
  <testcase name="invalidValue" time="11.465" classname="Case13_19_WidgetBrick_1v6_Test_ValidateCardNumber"/>
  <testcase name="masterCard" time="12.469" classname="Case13_19_WidgetBrick_1v6_Test_ValidateCardNumber"/>
  <testcase name="supportedBrandButInvalidValue" time="11.415" classname="Case13_19_WidgetBrick_1v6_Test_ValidateCardNumber"/>
  <testcase name="unsupportedBrand" time="11.317" classname="Case13_19_WidgetBrick_1v6_Test_ValidateCardNumber"/>
  <testcase name="visaCard" time="11.263" classname="Case13_19_WidgetBrick_1v6_Test_ValidateCardNumber"/>
  <testcase name="futureValueLong" time="14.002" classname="Case20_24_WidgetBrick_1v6_Test_ValidateExpirationDate"/>
  <testcase name="futureValueShort" time="10.299" classname="Case20_24_WidgetBrick_1v6_Test_ValidateExpirationDate"/>
  <testcase name="pastValue" time="11.761" classname="Case20_24_WidgetBrick_1v6_Test_ValidateExpirationDate"/>
  <testcase name="todayValue" time="10.443" classname="Case20_24_WidgetBrick_1v6_Test_ValidateExpirationDate"/>
  <testcase name="emailWithOutAt" time="25.936" classname="Case25_32_WidgetBrick_1v6_Test_ValidateOthers"/>
  <testcase name="emailWithOutDot" time="14.778" classname="Case25_32_WidgetBrick_1v6_Test_ValidateOthers"/>
  <testcase name="firstNameAsNumber" time="16.521" classname="Case25_32_WidgetBrick_1v6_Test_ValidateOthers"/>
  <testcase name="lastNameAsNumber" time="15.27" classname="Case25_32_WidgetBrick_1v6_Test_ValidateOthers"/>
  <testcase name="nameAsNumber" time="15.069" classname="Case25_32_WidgetBrick_1v6_Test_ValidateOthers">
    <failure type="java.lang.AssertionError" message="The following asserts failed:
	[Text value] expected [Please check firstname/last name] but found [Please check first namePlease check last name]">
      <![CDATA[java.lang.AssertionError: The following asserts failed:
[Text value] expected [Please check firstname/last name] but found [Please check first namePlease check last name]
at automation.project3ds.Assertion.end(Assertion.java:26)
at Case25_32_WidgetBrick_1v6_Test_ValidateOthers.nameAsNumber(Case25_32_WidgetBrick_1v6_Test_ValidateOthers.java:72)
... Removed 25 stack frames]]>
    </failure>
  </testcase> <!-- nameAsNumber -->
  <testcase name="privacyPolicy" time="16.099" classname="Case33_37_WidgetBrick_1v6_Test_StaticLink"/>
  <testcase name="storedCardSwitch" time="21.682" classname="Case33_37_WidgetBrick_1v6_Test_StaticLink"/>
  <testcase name="terms" time="12.491" classname="Case33_37_WidgetBrick_1v6_Test_StaticLink"/>
  <testcase name="tryAgain" time="44.629" classname="Case33_37_WidgetBrick_1v6_Test_StaticLink">
    <failure type="org.openqa.selenium.NoSuchElementException" message="no such element: Unable to locate element: {&amp;quot;method&amp;quot;:&amp;quot;xpath&amp;quot;,&amp;quot;selector&amp;quot;:&amp;quot;//*[contains(@class,&amp;apos;is-active&amp;apos;)]//*[contains(@class,&amp;apos;js-brick-submit&amp;apos;)]&amp;quot;}
  (Session info: chrome=76.0.3809.132)
  (Driver info: chromedriver=2.42.591088 (7b2b2dca23cca0862f674758c9a3933e685c27d5),platform=Windows NT 10.0.18362 x86_64) (WARNING: The server did not provide any stacktrace information)
Command duration or timeout: 0 milliseconds
For documentation on this error, please visit: https://www.seleniumhq.org/exceptions/no_such_element.html
Build info: version: &amp;apos;3.141.59&amp;apos;, revision: &amp;apos;e82be7d358&amp;apos;, time: &amp;apos;2018-11-14T08:17:03&amp;apos;
System info: host: &amp;apos;PW-HAN-063&amp;apos;, ip: &amp;apos;192.168.10.136&amp;apos;, os.name: &amp;apos;Windows 10&amp;apos;, os.arch: &amp;apos;amd64&amp;apos;, os.version: &amp;apos;10.0&amp;apos;, java.version: &amp;apos;1.8.0_221&amp;apos;
Driver info: org.openqa.selenium.chrome.ChromeDriver
Capabilities {acceptInsecureCerts: false, acceptSslCerts: false, applicationCacheEnabled: false, browserConnectionEnabled: false, browserName: chrome, chrome: {chromedriverVersion: 2.42.591088 (7b2b2dca23cca0..., userDataDir: C:\Users\chase\AppData\Loca...}, cssSelectorsEnabled: true, databaseEnabled: false, goog:chromeOptions: {debuggerAddress: localhost:57725}, handlesAlerts: true, hasTouchScreen: false, javascriptEnabled: true, locationContextEnabled: true, mobileEmulationEnabled: false, nativeEvents: true, networkConnectionEnabled: false, pageLoadStrategy: normal, platform: XP, platformName: XP, rotatable: false, setWindowRect: true, takesHeapSnapshot: true, takesScreenshot: true, unexpectedAlertBehaviour: , unhandledPromptBehavior: , version: 76.0.3809.132, webStorageEnabled: true}
Session ID: 0ede586704f5dfbca259233095b249e9
*** Element info: {Using=xpath, value=//*[contains(@class,&amp;apos;is-active&amp;apos;)]//*[contains(@class,&amp;apos;js-brick-submit&amp;apos;)]}">
      <![CDATA[org.openqa.selenium.NoSuchElementException: no such element: Unable to locate element: {"method":"xpath","selector":"//*[contains(@class,'is-active')]//*[contains(@class,'js-brick-submit')]"}
  (Session info: chrome=76.0.3809.132)
  (Driver info: chromedriver=2.42.591088 (7b2b2dca23cca0862f674758c9a3933e685c27d5),platform=Windows NT 10.0.18362 x86_64) (WARNING: The server did not provide any stacktrace information)
Command duration or timeout: 0 milliseconds
For documentation on this error, please visit: https://www.seleniumhq.org/exceptions/no_such_element.html
Build info: version: '3.141.59', revision: 'e82be7d358', time: '2018-11-14T08:17:03'
System info: host: 'PW-HAN-063', ip: '192.168.10.136', os.name: 'Windows 10', os.arch: 'amd64', os.version: '10.0', java.version: '1.8.0_221'
Driver info: org.openqa.selenium.chrome.ChromeDriver
Capabilities {acceptInsecureCerts: false, acceptSslCerts: false, applicationCacheEnabled: false, browserConnectionEnabled: false, browserName: chrome, chrome: {chromedriverVersion: 2.42.591088 (7b2b2dca23cca0..., userDataDir: C:\Users\chase\AppData\Loca...}, cssSelectorsEnabled: true, databaseEnabled: false, goog:chromeOptions: {debuggerAddress: localhost:57725}, handlesAlerts: true, hasTouchScreen: false, javascriptEnabled: true, locationContextEnabled: true, mobileEmulationEnabled: false, nativeEvents: true, networkConnectionEnabled: false, pageLoadStrategy: normal, platform: XP, platformName: XP, rotatable: false, setWindowRect: true, takesHeapSnapshot: true, takesScreenshot: true, unexpectedAlertBehaviour: , unhandledPromptBehavior: , version: 76.0.3809.132, webStorageEnabled: true}
Session ID: 0ede586704f5dfbca259233095b249e9
*** Element info: {Using=xpath, value=//*[contains(@class,'is-active')]//*[contains(@class,'js-brick-submit')]}
at org.openqa.selenium.remote.ErrorHandler.createThrowable(ErrorHandler.java:214)
at org.openqa.selenium.remote.ErrorHandler.throwIfResponseFailed(ErrorHandler.java:166)
at org.openqa.selenium.remote.http.JsonHttpResponseCodec.reconstructValue(JsonHttpResponseCodec.java:40)
at org.openqa.selenium.remote.http.AbstractHttpResponseCodec.decode(AbstractHttpResponseCodec.java:80)
at org.openqa.selenium.remote.http.AbstractHttpResponseCodec.decode(AbstractHttpResponseCodec.java:44)
at org.openqa.selenium.remote.HttpCommandExecutor.execute(HttpCommandExecutor.java:158)
at org.openqa.selenium.remote.service.DriverCommandExecutor.execute(DriverCommandExecutor.java:83)
at org.openqa.selenium.remote.RemoteWebDriver.execute(RemoteWebDriver.java:552)
at org.openqa.selenium.remote.RemoteWebDriver.findElement(RemoteWebDriver.java:323)
at org.openqa.selenium.remote.RemoteWebDriver.findElementByXPath(RemoteWebDriver.java:428)
at org.openqa.selenium.By$ByXPath.findElement(By.java:353)
at org.openqa.selenium.remote.RemoteWebDriver.findElement(RemoteWebDriver.java:315)
at automation.project3ds.Driver.getElement(Driver.java:239)
at automation.project3ds.Driver.getElement(Driver.java:243)
at automation.project3ds.WidgetIframecc.clickBuyButton(WidgetIframecc.java:219)
at Case33_37_WidgetBrick_1v6_Test_StaticLink.tryAgain(Case33_37_WidgetBrick_1v6_Test_StaticLink.java:94)
... Removed 28 stack frames]]>
    </failure>
  </testcase> <!-- tryAgain -->
  <testcase name="failedOTP" time="53.433" classname="Case39_40_WidgetBrick_1v6_Test_3ds">
    <failure type="org.openqa.selenium.NoSuchElementException" message="no such element: Unable to locate element: {&amp;quot;method&amp;quot;:&amp;quot;xpath&amp;quot;,&amp;quot;selector&amp;quot;:&amp;quot;//*[@class=&amp;apos;brick-form-errors has-errors&amp;apos;][./following-sibling::*[./*[contains(@class,&amp;apos;brick-step-form&amp;apos;) and contains(@class,&amp;apos;is-active&amp;apos;)]]]&amp;quot;}
  (Session info: chrome=76.0.3809.132)
  (Driver info: chromedriver=2.42.591088 (7b2b2dca23cca0862f674758c9a3933e685c27d5),platform=Windows NT 10.0.18362 x86_64) (WARNING: The server did not provide any stacktrace information)
Command duration or timeout: 0 milliseconds
For documentation on this error, please visit: https://www.seleniumhq.org/exceptions/no_such_element.html
Build info: version: &amp;apos;3.141.59&amp;apos;, revision: &amp;apos;e82be7d358&amp;apos;, time: &amp;apos;2018-11-14T08:17:03&amp;apos;
System info: host: &amp;apos;PW-HAN-063&amp;apos;, ip: &amp;apos;192.168.10.136&amp;apos;, os.name: &amp;apos;Windows 10&amp;apos;, os.arch: &amp;apos;amd64&amp;apos;, os.version: &amp;apos;10.0&amp;apos;, java.version: &amp;apos;1.8.0_221&amp;apos;
Driver info: org.openqa.selenium.chrome.ChromeDriver
Capabilities {acceptInsecureCerts: false, acceptSslCerts: false, applicationCacheEnabled: false, browserConnectionEnabled: false, browserName: chrome, chrome: {chromedriverVersion: 2.42.591088 (7b2b2dca23cca0..., userDataDir: C:\Users\chase\AppData\Loca...}, cssSelectorsEnabled: true, databaseEnabled: false, goog:chromeOptions: {debuggerAddress: localhost:57844}, handlesAlerts: true, hasTouchScreen: false, javascriptEnabled: true, locationContextEnabled: true, mobileEmulationEnabled: false, nativeEvents: true, networkConnectionEnabled: false, pageLoadStrategy: normal, platform: XP, platformName: XP, rotatable: false, setWindowRect: true, takesHeapSnapshot: true, takesScreenshot: true, unexpectedAlertBehaviour: , unhandledPromptBehavior: , version: 76.0.3809.132, webStorageEnabled: true}
Session ID: 0adc9e941ecd9c893fed82bb360a7b16
*** Element info: {Using=xpath, value=//*[@class=&amp;apos;brick-form-errors has-errors&amp;apos;][./following-sibling::*[./*[contains(@class,&amp;apos;brick-step-form&amp;apos;) and contains(@class,&amp;apos;is-active&amp;apos;)]]]}">
      <![CDATA[org.openqa.selenium.NoSuchElementException: no such element: Unable to locate element: {"method":"xpath","selector":"//*[@class='brick-form-errors has-errors'][./following-sibling::*[./*[contains(@class,'brick-step-form') and contains(@class,'is-active')]]]"}
  (Session info: chrome=76.0.3809.132)
  (Driver info: chromedriver=2.42.591088 (7b2b2dca23cca0862f674758c9a3933e685c27d5),platform=Windows NT 10.0.18362 x86_64) (WARNING: The server did not provide any stacktrace information)
Command duration or timeout: 0 milliseconds
For documentation on this error, please visit: https://www.seleniumhq.org/exceptions/no_such_element.html
Build info: version: '3.141.59', revision: 'e82be7d358', time: '2018-11-14T08:17:03'
System info: host: 'PW-HAN-063', ip: '192.168.10.136', os.name: 'Windows 10', os.arch: 'amd64', os.version: '10.0', java.version: '1.8.0_221'
Driver info: org.openqa.selenium.chrome.ChromeDriver
Capabilities {acceptInsecureCerts: false, acceptSslCerts: false, applicationCacheEnabled: false, browserConnectionEnabled: false, browserName: chrome, chrome: {chromedriverVersion: 2.42.591088 (7b2b2dca23cca0..., userDataDir: C:\Users\chase\AppData\Loca...}, cssSelectorsEnabled: true, databaseEnabled: false, goog:chromeOptions: {debuggerAddress: localhost:57844}, handlesAlerts: true, hasTouchScreen: false, javascriptEnabled: true, locationContextEnabled: true, mobileEmulationEnabled: false, nativeEvents: true, networkConnectionEnabled: false, pageLoadStrategy: normal, platform: XP, platformName: XP, rotatable: false, setWindowRect: true, takesHeapSnapshot: true, takesScreenshot: true, unexpectedAlertBehaviour: , unhandledPromptBehavior: , version: 76.0.3809.132, webStorageEnabled: true}
Session ID: 0adc9e941ecd9c893fed82bb360a7b16
*** Element info: {Using=xpath, value=//*[@class='brick-form-errors has-errors'][./following-sibling::*[./*[contains(@class,'brick-step-form') and contains(@class,'is-active')]]]}
at org.openqa.selenium.remote.ErrorHandler.createThrowable(ErrorHandler.java:214)
at org.openqa.selenium.remote.ErrorHandler.throwIfResponseFailed(ErrorHandler.java:166)
at org.openqa.selenium.remote.http.JsonHttpResponseCodec.reconstructValue(JsonHttpResponseCodec.java:40)
at org.openqa.selenium.remote.http.AbstractHttpResponseCodec.decode(AbstractHttpResponseCodec.java:80)
at org.openqa.selenium.remote.http.AbstractHttpResponseCodec.decode(AbstractHttpResponseCodec.java:44)
at org.openqa.selenium.remote.HttpCommandExecutor.execute(HttpCommandExecutor.java:158)
at org.openqa.selenium.remote.service.DriverCommandExecutor.execute(DriverCommandExecutor.java:83)
at org.openqa.selenium.remote.RemoteWebDriver.execute(RemoteWebDriver.java:552)
at org.openqa.selenium.remote.RemoteWebDriver.findElement(RemoteWebDriver.java:323)
at org.openqa.selenium.remote.RemoteWebDriver.findElementByXPath(RemoteWebDriver.java:428)
at org.openqa.selenium.By$ByXPath.findElement(By.java:353)
at org.openqa.selenium.remote.RemoteWebDriver.findElement(RemoteWebDriver.java:315)
at automation.project3ds.Driver.getElement(Driver.java:239)
at automation.project3ds.Driver.getElement(Driver.java:243)
at automation.project3ds.WidgetIframecc.getFormError(WidgetIframecc.java:98)
at Case39_40_WidgetBrick_1v6_Test_3ds.failedOTP(Case39_40_WidgetBrick_1v6_Test_3ds.java:101)
... Removed 28 stack frames]]>
    </failure>
  </testcase> <!-- failedOTP -->
  <testcase name="no3ds" time="24.518" classname="Case39_40_WidgetBrick_1v6_Test_3ds"/>
  <testcase name="optional3ds" time="30.177" classname="Case39_40_WidgetBrick_1v6_Test_3ds"/>
  <testcase name="authorizationFailed" time="51.179" classname="Case41_42_WidgetBrick_1v6_Test_Error">
    <failure type="org.openqa.selenium.NoSuchElementException" message="no such element: Unable to locate element: {&amp;quot;method&amp;quot;:&amp;quot;xpath&amp;quot;,&amp;quot;selector&amp;quot;:&amp;quot;//*[@class=&amp;apos;brick-form-errors has-errors&amp;apos;][./following-sibling::*[./*[contains(@class,&amp;apos;brick-step-form&amp;apos;) and contains(@class,&amp;apos;is-active&amp;apos;)]]]&amp;quot;}
  (Session info: chrome=76.0.3809.132)
  (Driver info: chromedriver=2.42.591088 (7b2b2dca23cca0862f674758c9a3933e685c27d5),platform=Windows NT 10.0.18362 x86_64) (WARNING: The server did not provide any stacktrace information)
Command duration or timeout: 0 milliseconds
For documentation on this error, please visit: https://www.seleniumhq.org/exceptions/no_such_element.html
Build info: version: &amp;apos;3.141.59&amp;apos;, revision: &amp;apos;e82be7d358&amp;apos;, time: &amp;apos;2018-11-14T08:17:03&amp;apos;
System info: host: &amp;apos;PW-HAN-063&amp;apos;, ip: &amp;apos;192.168.10.136&amp;apos;, os.name: &amp;apos;Windows 10&amp;apos;, os.arch: &amp;apos;amd64&amp;apos;, os.version: &amp;apos;10.0&amp;apos;, java.version: &amp;apos;1.8.0_221&amp;apos;
Driver info: org.openqa.selenium.chrome.ChromeDriver
Capabilities {acceptInsecureCerts: false, acceptSslCerts: false, applicationCacheEnabled: false, browserConnectionEnabled: false, browserName: chrome, chrome: {chromedriverVersion: 2.42.591088 (7b2b2dca23cca0..., userDataDir: C:\Users\chase\AppData\Loca...}, cssSelectorsEnabled: true, databaseEnabled: false, goog:chromeOptions: {debuggerAddress: localhost:57954}, handlesAlerts: true, hasTouchScreen: false, javascriptEnabled: true, locationContextEnabled: true, mobileEmulationEnabled: false, nativeEvents: true, networkConnectionEnabled: false, pageLoadStrategy: normal, platform: XP, platformName: XP, rotatable: false, setWindowRect: true, takesHeapSnapshot: true, takesScreenshot: true, unexpectedAlertBehaviour: , unhandledPromptBehavior: , version: 76.0.3809.132, webStorageEnabled: true}
Session ID: 1b368a4f7e49cdd8d3e9a093c84ef3cf
*** Element info: {Using=xpath, value=//*[@class=&amp;apos;brick-form-errors has-errors&amp;apos;][./following-sibling::*[./*[contains(@class,&amp;apos;brick-step-form&amp;apos;) and contains(@class,&amp;apos;is-active&amp;apos;)]]]}">
      <![CDATA[org.openqa.selenium.NoSuchElementException: no such element: Unable to locate element: {"method":"xpath","selector":"//*[@class='brick-form-errors has-errors'][./following-sibling::*[./*[contains(@class,'brick-step-form') and contains(@class,'is-active')]]]"}
  (Session info: chrome=76.0.3809.132)
  (Driver info: chromedriver=2.42.591088 (7b2b2dca23cca0862f674758c9a3933e685c27d5),platform=Windows NT 10.0.18362 x86_64) (WARNING: The server did not provide any stacktrace information)
Command duration or timeout: 0 milliseconds
For documentation on this error, please visit: https://www.seleniumhq.org/exceptions/no_such_element.html
Build info: version: '3.141.59', revision: 'e82be7d358', time: '2018-11-14T08:17:03'
System info: host: 'PW-HAN-063', ip: '192.168.10.136', os.name: 'Windows 10', os.arch: 'amd64', os.version: '10.0', java.version: '1.8.0_221'
Driver info: org.openqa.selenium.chrome.ChromeDriver
Capabilities {acceptInsecureCerts: false, acceptSslCerts: false, applicationCacheEnabled: false, browserConnectionEnabled: false, browserName: chrome, chrome: {chromedriverVersion: 2.42.591088 (7b2b2dca23cca0..., userDataDir: C:\Users\chase\AppData\Loca...}, cssSelectorsEnabled: true, databaseEnabled: false, goog:chromeOptions: {debuggerAddress: localhost:57954}, handlesAlerts: true, hasTouchScreen: false, javascriptEnabled: true, locationContextEnabled: true, mobileEmulationEnabled: false, nativeEvents: true, networkConnectionEnabled: false, pageLoadStrategy: normal, platform: XP, platformName: XP, rotatable: false, setWindowRect: true, takesHeapSnapshot: true, takesScreenshot: true, unexpectedAlertBehaviour: , unhandledPromptBehavior: , version: 76.0.3809.132, webStorageEnabled: true}
Session ID: 1b368a4f7e49cdd8d3e9a093c84ef3cf
*** Element info: {Using=xpath, value=//*[@class='brick-form-errors has-errors'][./following-sibling::*[./*[contains(@class,'brick-step-form') and contains(@class,'is-active')]]]}
at org.openqa.selenium.remote.ErrorHandler.createThrowable(ErrorHandler.java:214)
at org.openqa.selenium.remote.ErrorHandler.throwIfResponseFailed(ErrorHandler.java:166)
at org.openqa.selenium.remote.http.JsonHttpResponseCodec.reconstructValue(JsonHttpResponseCodec.java:40)
at org.openqa.selenium.remote.http.AbstractHttpResponseCodec.decode(AbstractHttpResponseCodec.java:80)
at org.openqa.selenium.remote.http.AbstractHttpResponseCodec.decode(AbstractHttpResponseCodec.java:44)
at org.openqa.selenium.remote.HttpCommandExecutor.execute(HttpCommandExecutor.java:158)
at org.openqa.selenium.remote.service.DriverCommandExecutor.execute(DriverCommandExecutor.java:83)
at org.openqa.selenium.remote.RemoteWebDriver.execute(RemoteWebDriver.java:552)
at org.openqa.selenium.remote.RemoteWebDriver.findElement(RemoteWebDriver.java:323)
at org.openqa.selenium.remote.RemoteWebDriver.findElementByXPath(RemoteWebDriver.java:428)
at org.openqa.selenium.By$ByXPath.findElement(By.java:353)
at org.openqa.selenium.remote.RemoteWebDriver.findElement(RemoteWebDriver.java:315)
at automation.project3ds.Driver.getElement(Driver.java:239)
at automation.project3ds.Driver.getElement(Driver.java:243)
at automation.project3ds.WidgetIframecc.getFormError(WidgetIframecc.java:98)
at Case41_42_WidgetBrick_1v6_Test_Error.authorizationFailed(Case41_42_WidgetBrick_1v6_Test_Error.java:48)
... Removed 28 stack frames]]>
    </failure>
  </testcase> <!-- authorizationFailed -->
  <testcase name="captureFailed" time="21.168" classname="Case41_42_WidgetBrick_1v6_Test_Error"/>
</testsuite>
