<html>
<head>
<title>TestNG:  testP1</title>
<link href="../testng.css" rel="stylesheet" type="text/css" />
<link href="../my-testng.css" rel="stylesheet" type="text/css" />

<style type="text/css">
.log { display: none;} 
.stack-trace { display: none;} 
</style>
<script type="text/javascript">
<!--
function flip(e) {
  current = e.style.display;
  if (current == 'block') {
    e.style.display = 'none';
    return 0;
  }
  else {
    e.style.display = 'block';
    return 1;
  }
}

function toggleBox(szDivId, elem, msg1, msg2)
{
  var res = -1;  if (document.getElementById) {
    res = flip(document.getElementById(szDivId));
  }
  else if (document.all) {
    // this is the way old msie versions work
    res = flip(document.all[szDivId]);
  }
  if(elem) {
    if(res == 0) elem.innerHTML = msg1; else elem.innerHTML = msg2;
  }

}

function toggleAllBoxes() {
  if (document.getElementsByTagName) {
    d = document.getElementsByTagName('div');
    for (i = 0; i < d.length; i++) {
      if (d[i].className == 'log') {
        flip(d[i]);
      }
    }
  }
}

// -->
</script>

</head>
<body>
<h2 align='center'>testP1</h2><table border='1' align="center">
<tr>
<td>Tests passed/Failed/Skipped:</td><td>21/5/0</td>
</tr><tr>
<td>Started on:</td><td>Mon Sep 23 14:38:38 ICT 2019</td>
</tr>
<tr><td>Total time:</td><td>687 seconds (687411 ms)</td>
</tr><tr>
<td>Included groups:</td><td></td>
</tr><tr>
<td>Excluded groups:</td><td></td>
</tr>
</table><p/>
<small><i>(Hover the method name to see the test class name)</i></small><p/>
<table width='100%' border='1' class='invocation-failed'>
<tr><td colspan='4' align='center'><b>FAILED TESTS</b></td></tr>
<tr><td><b>Test method</b></td>
<td width="30%"><b>Exception</b></td>
<td width="10%"><b>Time (seconds)</b></td>
<td><b>Instance</b></td>
</tr>
<tr>
<td title='Case41_42_WidgetBrick_1v6_Test_Error.authorizationFailed()'><b>authorizationFailed</b><br>Test class: Case41_42_WidgetBrick_1v6_Test_Error</td>
<td><div><pre>org.openqa.selenium.NoSuchElementException: no such element: Unable to locate element: {&quot;method&quot;:&quot;xpath&quot;,&quot;selector&quot;:&quot;//*[@class=&apos;brick-form-errors has-errors&apos;][./following-sibling::*[./*[contains(@class,&apos;brick-step-form&apos;) and contains(@class,&apos;is-active&apos;)]]]&quot;}
  (Session info: chrome=76.0.3809.132)
  (Driver info: chromedriver=2.42.591088 (7b2b2dca23cca0862f674758c9a3933e685c27d5),platform=Windows NT 10.0.18362 x86_64) (WARNING: The server did not provide any stacktrace information)
Command duration or timeout: 0 milliseconds
For documentation on this error, please visit: https://www.seleniumhq.org/exceptions/no_such_element.html
Build info: version: &apos;3.141.59&apos;, revision: &apos;e82be7d358&apos;, time: &apos;2018-11-14T08:17:03&apos;
System info: host: &apos;PW-HAN-063&apos;, ip: &apos;192.168.10.136&apos;, os.name: &apos;Windows 10&apos;, os.arch: &apos;amd64&apos;, os.version: &apos;10.0&apos;, java.version: &apos;1.8.0_221&apos;
Driver info: org.openqa.selenium.chrome.ChromeDriver
Capabilities {acceptInsecureCerts: false, acceptSslCerts: false, applicationCacheEnabled: false, browserConnectionEnabled: false, browserName: chrome, chrome: {chromedriverVersion: 2.42.591088 (7b2b2dca23cca0..., userDataDir: C:\Users\chase\AppData\Loca...}, cssSelectorsEnabled: true, databaseEnabled: false, goog:chromeOptions: {debuggerAddress: localhost:57954}, handlesAlerts: true, hasTouchScreen: false, javascriptEnabled: true, locationContextEnabled: true, mobileEmulationEnabled: false, nativeEvents: true, networkConnectionEnabled: false, pageLoadStrategy: normal, platform: XP, platformName: XP, rotatable: false, setWindowRect: true, takesHeapSnapshot: true, takesScreenshot: true, unexpectedAlertBehaviour: , unhandledPromptBehavior: , version: 76.0.3809.132, webStorageEnabled: true}
Session ID: 1b368a4f7e49cdd8d3e9a093c84ef3cf
*** Element info: {Using=xpath, value=//*[@class=&apos;brick-form-errors has-errors&apos;][./following-sibling::*[./*[contains(@class,&apos;brick-step-form&apos;) and contains(@class,&apos;is-active&apos;)]]]}
	at org.openqa.selenium.remote.ErrorHandler.createThrowable(ErrorHandler.java:214)
	at org.openqa.selenium.remote.ErrorHandler.throwIfResponseFailed(ErrorHandler.java:166)
	at org.openqa.selenium.remote.http.JsonHttpResponseCodec.reconstructValue(JsonHttpResponseCodec.java:40)
	at org.openqa.selenium.remote.http.AbstractHttpResponseCodec.decode(AbstractHttpResponseCodec.java:80)
	at org.openqa.selenium.remote.http.AbstractHttpResponseCodec.decode(AbstractHttpResponseCodec.java:44)
	at org.openqa.selenium.remote.HttpCommandExecutor.execute(HttpCommandExecutor.java:158)
	at org.openqa.selenium.remote.service.DriverCommandExecutor.execute(DriverCommandExecutor.java:83)
	at org.openqa.selenium.remote.RemoteWebDriver.execute(RemoteWebDriver.java:552)
	at org.openqa.selenium.remote.RemoteWebDriver.findElement(RemoteWebDriver.java:323)
	at org.openqa.selenium.remote.RemoteWebDriver.findElementByXPath(RemoteWebDriver.java:428)
	at org.openqa.selenium.By$ByXPath.findElement(By.java:353)
	at org.openqa.selenium.remote.RemoteWebDriver.findElement(RemoteWebDriver.java:315)
	at automation.project3ds.Driver.getElement(Driver.java:239)
	at automation.project3ds.Driver.getElement(Driver.java:243)
	at automation.project3ds.WidgetIframecc.getFormError(WidgetIframecc.java:98)
	at Case41_42_WidgetBrick_1v6_Test_Error.authorizationFailed(Case41_42_WidgetBrick_1v6_Test_Error.java:48)
... Removed 28 stack frames</pre></div><a href='#' onClick='toggleBox("stack-trace155144318", this, "Click to show all stack frames", "Click to hide stack frames")'>Click to show all stack frames</a>
<div class='stack-trace' id='stack-trace155144318'><pre>org.openqa.selenium.NoSuchElementException: no such element: Unable to locate element: {&quot;method&quot;:&quot;xpath&quot;,&quot;selector&quot;:&quot;//*[@class=&apos;brick-form-errors has-errors&apos;][./following-sibling::*[./*[contains(@class,&apos;brick-step-form&apos;) and contains(@class,&apos;is-active&apos;)]]]&quot;}
  (Session info: chrome=76.0.3809.132)
  (Driver info: chromedriver=2.42.591088 (7b2b2dca23cca0862f674758c9a3933e685c27d5),platform=Windows NT 10.0.18362 x86_64) (WARNING: The server did not provide any stacktrace information)
Command duration or timeout: 0 milliseconds
For documentation on this error, please visit: https://www.seleniumhq.org/exceptions/no_such_element.html
Build info: version: &apos;3.141.59&apos;, revision: &apos;e82be7d358&apos;, time: &apos;2018-11-14T08:17:03&apos;
System info: host: &apos;PW-HAN-063&apos;, ip: &apos;192.168.10.136&apos;, os.name: &apos;Windows 10&apos;, os.arch: &apos;amd64&apos;, os.version: &apos;10.0&apos;, java.version: &apos;1.8.0_221&apos;
Driver info: org.openqa.selenium.chrome.ChromeDriver
Capabilities {acceptInsecureCerts: false, acceptSslCerts: false, applicationCacheEnabled: false, browserConnectionEnabled: false, browserName: chrome, chrome: {chromedriverVersion: 2.42.591088 (7b2b2dca23cca0..., userDataDir: C:\Users\chase\AppData\Loca...}, cssSelectorsEnabled: true, databaseEnabled: false, goog:chromeOptions: {debuggerAddress: localhost:57954}, handlesAlerts: true, hasTouchScreen: false, javascriptEnabled: true, locationContextEnabled: true, mobileEmulationEnabled: false, nativeEvents: true, networkConnectionEnabled: false, pageLoadStrategy: normal, platform: XP, platformName: XP, rotatable: false, setWindowRect: true, takesHeapSnapshot: true, takesScreenshot: true, unexpectedAlertBehaviour: , unhandledPromptBehavior: , version: 76.0.3809.132, webStorageEnabled: true}
Session ID: 1b368a4f7e49cdd8d3e9a093c84ef3cf
*** Element info: {Using=xpath, value=//*[@class=&apos;brick-form-errors has-errors&apos;][./following-sibling::*[./*[contains(@class,&apos;brick-step-form&apos;) and contains(@class,&apos;is-active&apos;)]]]}
	at sun.reflect.GeneratedConstructorAccessor16.newInstance(Unknown Source)
	at sun.reflect.DelegatingConstructorAccessorImpl.newInstance(DelegatingConstructorAccessorImpl.java:45)
	at java.lang.reflect.Constructor.newInstance(Constructor.java:423)
	at org.openqa.selenium.remote.ErrorHandler.createThrowable(ErrorHandler.java:214)
	at org.openqa.selenium.remote.ErrorHandler.throwIfResponseFailed(ErrorHandler.java:166)
	at org.openqa.selenium.remote.http.JsonHttpResponseCodec.reconstructValue(JsonHttpResponseCodec.java:40)
	at org.openqa.selenium.remote.http.AbstractHttpResponseCodec.decode(AbstractHttpResponseCodec.java:80)
	at org.openqa.selenium.remote.http.AbstractHttpResponseCodec.decode(AbstractHttpResponseCodec.java:44)
	at org.openqa.selenium.remote.HttpCommandExecutor.execute(HttpCommandExecutor.java:158)
	at org.openqa.selenium.remote.service.DriverCommandExecutor.execute(DriverCommandExecutor.java:83)
	at org.openqa.selenium.remote.RemoteWebDriver.execute(RemoteWebDriver.java:552)
	at org.openqa.selenium.remote.RemoteWebDriver.findElement(RemoteWebDriver.java:323)
	at org.openqa.selenium.remote.RemoteWebDriver.findElementByXPath(RemoteWebDriver.java:428)
	at org.openqa.selenium.By$ByXPath.findElement(By.java:353)
	at org.openqa.selenium.remote.RemoteWebDriver.findElement(RemoteWebDriver.java:315)
	at automation.project3ds.Driver.getElement(Driver.java:239)
	at automation.project3ds.Driver.getElement(Driver.java:243)
	at automation.project3ds.WidgetIframecc.getFormError(WidgetIframecc.java:98)
	at Case41_42_WidgetBrick_1v6_Test_Error.authorizationFailed(Case41_42_WidgetBrick_1v6_Test_Error.java:48)
	at sun.reflect.NativeMethodAccessorImpl.invoke0(Native Method)
	at sun.reflect.NativeMethodAccessorImpl.invoke(NativeMethodAccessorImpl.java:62)
	at sun.reflect.DelegatingMethodAccessorImpl.invoke(DelegatingMethodAccessorImpl.java:43)
	at java.lang.reflect.Method.invoke(Method.java:498)
	at org.testng.internal.MethodInvocationHelper.invokeMethod(MethodInvocationHelper.java:124)
	at org.testng.internal.Invoker.invokeMethod(Invoker.java:583)
	at org.testng.internal.Invoker.invokeTestMethod(Invoker.java:719)
	at org.testng.internal.Invoker.invokeTestMethods(Invoker.java:989)
	at org.testng.internal.TestMethodWorker.invokeTestMethods(TestMethodWorker.java:125)
	at org.testng.internal.TestMethodWorker.run(TestMethodWorker.java:109)
	at org.testng.TestRunner.privateRun(TestRunner.java:648)
	at org.testng.TestRunner.run(TestRunner.java:505)
	at org.testng.SuiteRunner.runTest(SuiteRunner.java:455)
	at org.testng.SuiteRunner.runSequentially(SuiteRunner.java:450)
	at org.testng.SuiteRunner.privateRun(SuiteRunner.java:415)
	at org.testng.SuiteRunner.run(SuiteRunner.java:364)
	at org.testng.SuiteRunnerWorker.runSuite(SuiteRunnerWorker.java:52)
	at org.testng.SuiteRunnerWorker.run(SuiteRunnerWorker.java:84)
	at org.testng.TestNG.runSuitesSequentially(TestNG.java:1208)
	at org.testng.TestNG.runSuitesLocally(TestNG.java:1137)
	at org.testng.TestNG.runSuites(TestNG.java:1049)
	at org.testng.TestNG.run(TestNG.java:1017)
	at org.testng.remote.AbstractRemoteTestNG.run(AbstractRemoteTestNG.java:115)
	at org.testng.remote.RemoteTestNG.initAndRun(RemoteTestNG.java:251)
	at org.testng.remote.RemoteTestNG.main(RemoteTestNG.java:77)
</pre></div></td>
<td>51</td>
<td>Case41_42_WidgetBrick_1v6_Test_Error@31a5c39e</td></tr>
<tr>
<td title='Case01_12_WidgetBrick_1v6_Test_EmptyTextbox.case01_06_emptyTextboxClick()'><b>case01_06_emptyTextboxClick</b><br>Test class: Case01_12_WidgetBrick_1v6_Test_EmptyTextbox</td>
<td><div><pre>java.lang.AssertionError: The following asserts failed:
	[Card number][ErrorTextValue] expected [Please enter your card number] but found [],
	[Expiration dateMM/YY][ErrorTextValue] expected [Please enter an expiry date] but found [],
	[CVV/CVC/CID000][ErrorTextValue] expected [Please enter CVV code] but found []
	at automation.project3ds.Assertion.end(Assertion.java:26)
	at Case01_12_WidgetBrick_1v6_Test_EmptyTextbox.case01_06_emptyTextboxClick(Case01_12_WidgetBrick_1v6_Test_EmptyTextbox.java:55)
... Removed 25 stack frames</pre></div><a href='#' onClick='toggleBox("stack-trace1526305386", this, "Click to show all stack frames", "Click to hide stack frames")'>Click to show all stack frames</a>
<div class='stack-trace' id='stack-trace1526305386'><pre>java.lang.AssertionError: The following asserts failed:
	[Card number][ErrorTextValue] expected [Please enter your card number] but found [],
	[Expiration dateMM/YY][ErrorTextValue] expected [Please enter an expiry date] but found [],
	[CVV/CVC/CID000][ErrorTextValue] expected [Please enter CVV code] but found []
	at automation.project3ds.Assertion.end(Assertion.java:26)
	at Case01_12_WidgetBrick_1v6_Test_EmptyTextbox.case01_06_emptyTextboxClick(Case01_12_WidgetBrick_1v6_Test_EmptyTextbox.java:55)
	at sun.reflect.NativeMethodAccessorImpl.invoke0(Native Method)
	at sun.reflect.NativeMethodAccessorImpl.invoke(NativeMethodAccessorImpl.java:62)
	at sun.reflect.DelegatingMethodAccessorImpl.invoke(DelegatingMethodAccessorImpl.java:43)
	at java.lang.reflect.Method.invoke(Method.java:498)
	at org.testng.internal.MethodInvocationHelper.invokeMethod(MethodInvocationHelper.java:124)
	at org.testng.internal.Invoker.invokeMethod(Invoker.java:583)
	at org.testng.internal.Invoker.invokeTestMethod(Invoker.java:719)
	at org.testng.internal.Invoker.invokeTestMethods(Invoker.java:989)
	at org.testng.internal.TestMethodWorker.invokeTestMethods(TestMethodWorker.java:125)
	at org.testng.internal.TestMethodWorker.run(TestMethodWorker.java:109)
	at org.testng.TestRunner.privateRun(TestRunner.java:648)
	at org.testng.TestRunner.run(TestRunner.java:505)
	at org.testng.SuiteRunner.runTest(SuiteRunner.java:455)
	at org.testng.SuiteRunner.runSequentially(SuiteRunner.java:450)
	at org.testng.SuiteRunner.privateRun(SuiteRunner.java:415)
	at org.testng.SuiteRunner.run(SuiteRunner.java:364)
	at org.testng.SuiteRunnerWorker.runSuite(SuiteRunnerWorker.java:52)
	at org.testng.SuiteRunnerWorker.run(SuiteRunnerWorker.java:84)
	at org.testng.TestNG.runSuitesSequentially(TestNG.java:1208)
	at org.testng.TestNG.runSuitesLocally(TestNG.java:1137)
	at org.testng.TestNG.runSuites(TestNG.java:1049)
	at org.testng.TestNG.run(TestNG.java:1017)
	at org.testng.remote.AbstractRemoteTestNG.run(AbstractRemoteTestNG.java:115)
	at org.testng.remote.RemoteTestNG.initAndRun(RemoteTestNG.java:251)
	at org.testng.remote.RemoteTestNG.main(RemoteTestNG.java:77)
</pre></div></td>
<td>25</td>
<td>Case01_12_WidgetBrick_1v6_Test_EmptyTextbox@1ce92674</td></tr>
<tr>
<td title='Case39_40_WidgetBrick_1v6_Test_3ds.failedOTP()'><b>failedOTP</b><br>Test class: Case39_40_WidgetBrick_1v6_Test_3ds</td>
<td><div><pre>org.openqa.selenium.NoSuchElementException: no such element: Unable to locate element: {&quot;method&quot;:&quot;xpath&quot;,&quot;selector&quot;:&quot;//*[@class=&apos;brick-form-errors has-errors&apos;][./following-sibling::*[./*[contains(@class,&apos;brick-step-form&apos;) and contains(@class,&apos;is-active&apos;)]]]&quot;}
  (Session info: chrome=76.0.3809.132)
  (Driver info: chromedriver=2.42.591088 (7b2b2dca23cca0862f674758c9a3933e685c27d5),platform=Windows NT 10.0.18362 x86_64) (WARNING: The server did not provide any stacktrace information)
Command duration or timeout: 0 milliseconds
For documentation on this error, please visit: https://www.seleniumhq.org/exceptions/no_such_element.html
Build info: version: &apos;3.141.59&apos;, revision: &apos;e82be7d358&apos;, time: &apos;2018-11-14T08:17:03&apos;
System info: host: &apos;PW-HAN-063&apos;, ip: &apos;192.168.10.136&apos;, os.name: &apos;Windows 10&apos;, os.arch: &apos;amd64&apos;, os.version: &apos;10.0&apos;, java.version: &apos;1.8.0_221&apos;
Driver info: org.openqa.selenium.chrome.ChromeDriver
Capabilities {acceptInsecureCerts: false, acceptSslCerts: false, applicationCacheEnabled: false, browserConnectionEnabled: false, browserName: chrome, chrome: {chromedriverVersion: 2.42.591088 (7b2b2dca23cca0..., userDataDir: C:\Users\chase\AppData\Loca...}, cssSelectorsEnabled: true, databaseEnabled: false, goog:chromeOptions: {debuggerAddress: localhost:57844}, handlesAlerts: true, hasTouchScreen: false, javascriptEnabled: true, locationContextEnabled: true, mobileEmulationEnabled: false, nativeEvents: true, networkConnectionEnabled: false, pageLoadStrategy: normal, platform: XP, platformName: XP, rotatable: false, setWindowRect: true, takesHeapSnapshot: true, takesScreenshot: true, unexpectedAlertBehaviour: , unhandledPromptBehavior: , version: 76.0.3809.132, webStorageEnabled: true}
Session ID: 0adc9e941ecd9c893fed82bb360a7b16
*** Element info: {Using=xpath, value=//*[@class=&apos;brick-form-errors has-errors&apos;][./following-sibling::*[./*[contains(@class,&apos;brick-step-form&apos;) and contains(@class,&apos;is-active&apos;)]]]}
	at org.openqa.selenium.remote.ErrorHandler.createThrowable(ErrorHandler.java:214)
	at org.openqa.selenium.remote.ErrorHandler.throwIfResponseFailed(ErrorHandler.java:166)
	at org.openqa.selenium.remote.http.JsonHttpResponseCodec.reconstructValue(JsonHttpResponseCodec.java:40)
	at org.openqa.selenium.remote.http.AbstractHttpResponseCodec.decode(AbstractHttpResponseCodec.java:80)
	at org.openqa.selenium.remote.http.AbstractHttpResponseCodec.decode(AbstractHttpResponseCodec.java:44)
	at org.openqa.selenium.remote.HttpCommandExecutor.execute(HttpCommandExecutor.java:158)
	at org.openqa.selenium.remote.service.DriverCommandExecutor.execute(DriverCommandExecutor.java:83)
	at org.openqa.selenium.remote.RemoteWebDriver.execute(RemoteWebDriver.java:552)
	at org.openqa.selenium.remote.RemoteWebDriver.findElement(RemoteWebDriver.java:323)
	at org.openqa.selenium.remote.RemoteWebDriver.findElementByXPath(RemoteWebDriver.java:428)
	at org.openqa.selenium.By$ByXPath.findElement(By.java:353)
	at org.openqa.selenium.remote.RemoteWebDriver.findElement(RemoteWebDriver.java:315)
	at automation.project3ds.Driver.getElement(Driver.java:239)
	at automation.project3ds.Driver.getElement(Driver.java:243)
	at automation.project3ds.WidgetIframecc.getFormError(WidgetIframecc.java:98)
	at Case39_40_WidgetBrick_1v6_Test_3ds.failedOTP(Case39_40_WidgetBrick_1v6_Test_3ds.java:101)
... Removed 28 stack frames</pre></div><a href='#' onClick='toggleBox("stack-trace365296824", this, "Click to show all stack frames", "Click to hide stack frames")'>Click to show all stack frames</a>
<div class='stack-trace' id='stack-trace365296824'><pre>org.openqa.selenium.NoSuchElementException: no such element: Unable to locate element: {&quot;method&quot;:&quot;xpath&quot;,&quot;selector&quot;:&quot;//*[@class=&apos;brick-form-errors has-errors&apos;][./following-sibling::*[./*[contains(@class,&apos;brick-step-form&apos;) and contains(@class,&apos;is-active&apos;)]]]&quot;}
  (Session info: chrome=76.0.3809.132)
  (Driver info: chromedriver=2.42.591088 (7b2b2dca23cca0862f674758c9a3933e685c27d5),platform=Windows NT 10.0.18362 x86_64) (WARNING: The server did not provide any stacktrace information)
Command duration or timeout: 0 milliseconds
For documentation on this error, please visit: https://www.seleniumhq.org/exceptions/no_such_element.html
Build info: version: &apos;3.141.59&apos;, revision: &apos;e82be7d358&apos;, time: &apos;2018-11-14T08:17:03&apos;
System info: host: &apos;PW-HAN-063&apos;, ip: &apos;192.168.10.136&apos;, os.name: &apos;Windows 10&apos;, os.arch: &apos;amd64&apos;, os.version: &apos;10.0&apos;, java.version: &apos;1.8.0_221&apos;
Driver info: org.openqa.selenium.chrome.ChromeDriver
Capabilities {acceptInsecureCerts: false, acceptSslCerts: false, applicationCacheEnabled: false, browserConnectionEnabled: false, browserName: chrome, chrome: {chromedriverVersion: 2.42.591088 (7b2b2dca23cca0..., userDataDir: C:\Users\chase\AppData\Loca...}, cssSelectorsEnabled: true, databaseEnabled: false, goog:chromeOptions: {debuggerAddress: localhost:57844}, handlesAlerts: true, hasTouchScreen: false, javascriptEnabled: true, locationContextEnabled: true, mobileEmulationEnabled: false, nativeEvents: true, networkConnectionEnabled: false, pageLoadStrategy: normal, platform: XP, platformName: XP, rotatable: false, setWindowRect: true, takesHeapSnapshot: true, takesScreenshot: true, unexpectedAlertBehaviour: , unhandledPromptBehavior: , version: 76.0.3809.132, webStorageEnabled: true}
Session ID: 0adc9e941ecd9c893fed82bb360a7b16
*** Element info: {Using=xpath, value=//*[@class=&apos;brick-form-errors has-errors&apos;][./following-sibling::*[./*[contains(@class,&apos;brick-step-form&apos;) and contains(@class,&apos;is-active&apos;)]]]}
	at sun.reflect.GeneratedConstructorAccessor16.newInstance(Unknown Source)
	at sun.reflect.DelegatingConstructorAccessorImpl.newInstance(DelegatingConstructorAccessorImpl.java:45)
	at java.lang.reflect.Constructor.newInstance(Constructor.java:423)
	at org.openqa.selenium.remote.ErrorHandler.createThrowable(ErrorHandler.java:214)
	at org.openqa.selenium.remote.ErrorHandler.throwIfResponseFailed(ErrorHandler.java:166)
	at org.openqa.selenium.remote.http.JsonHttpResponseCodec.reconstructValue(JsonHttpResponseCodec.java:40)
	at org.openqa.selenium.remote.http.AbstractHttpResponseCodec.decode(AbstractHttpResponseCodec.java:80)
	at org.openqa.selenium.remote.http.AbstractHttpResponseCodec.decode(AbstractHttpResponseCodec.java:44)
	at org.openqa.selenium.remote.HttpCommandExecutor.execute(HttpCommandExecutor.java:158)
	at org.openqa.selenium.remote.service.DriverCommandExecutor.execute(DriverCommandExecutor.java:83)
	at org.openqa.selenium.remote.RemoteWebDriver.execute(RemoteWebDriver.java:552)
	at org.openqa.selenium.remote.RemoteWebDriver.findElement(RemoteWebDriver.java:323)
	at org.openqa.selenium.remote.RemoteWebDriver.findElementByXPath(RemoteWebDriver.java:428)
	at org.openqa.selenium.By$ByXPath.findElement(By.java:353)
	at org.openqa.selenium.remote.RemoteWebDriver.findElement(RemoteWebDriver.java:315)
	at automation.project3ds.Driver.getElement(Driver.java:239)
	at automation.project3ds.Driver.getElement(Driver.java:243)
	at automation.project3ds.WidgetIframecc.getFormError(WidgetIframecc.java:98)
	at Case39_40_WidgetBrick_1v6_Test_3ds.failedOTP(Case39_40_WidgetBrick_1v6_Test_3ds.java:101)
	at sun.reflect.NativeMethodAccessorImpl.invoke0(Native Method)
	at sun.reflect.NativeMethodAccessorImpl.invoke(NativeMethodAccessorImpl.java:62)
	at sun.reflect.DelegatingMethodAccessorImpl.invoke(DelegatingMethodAccessorImpl.java:43)
	at java.lang.reflect.Method.invoke(Method.java:498)
	at org.testng.internal.MethodInvocationHelper.invokeMethod(MethodInvocationHelper.java:124)
	at org.testng.internal.Invoker.invokeMethod(Invoker.java:583)
	at org.testng.internal.Invoker.invokeTestMethod(Invoker.java:719)
	at org.testng.internal.Invoker.invokeTestMethods(Invoker.java:989)
	at org.testng.internal.TestMethodWorker.invokeTestMethods(TestMethodWorker.java:125)
	at org.testng.internal.TestMethodWorker.run(TestMethodWorker.java:109)
	at org.testng.TestRunner.privateRun(TestRunner.java:648)
	at org.testng.TestRunner.run(TestRunner.java:505)
	at org.testng.SuiteRunner.runTest(SuiteRunner.java:455)
	at org.testng.SuiteRunner.runSequentially(SuiteRunner.java:450)
	at org.testng.SuiteRunner.privateRun(SuiteRunner.java:415)
	at org.testng.SuiteRunner.run(SuiteRunner.java:364)
	at org.testng.SuiteRunnerWorker.runSuite(SuiteRunnerWorker.java:52)
	at org.testng.SuiteRunnerWorker.run(SuiteRunnerWorker.java:84)
	at org.testng.TestNG.runSuitesSequentially(TestNG.java:1208)
	at org.testng.TestNG.runSuitesLocally(TestNG.java:1137)
	at org.testng.TestNG.runSuites(TestNG.java:1049)
	at org.testng.TestNG.run(TestNG.java:1017)
	at org.testng.remote.AbstractRemoteTestNG.run(AbstractRemoteTestNG.java:115)
	at org.testng.remote.RemoteTestNG.initAndRun(RemoteTestNG.java:251)
	at org.testng.remote.RemoteTestNG.main(RemoteTestNG.java:77)
</pre></div></td>
<td>53</td>
<td>Case39_40_WidgetBrick_1v6_Test_3ds@5f2108b5</td></tr>
<tr>
<td title='Case25_32_WidgetBrick_1v6_Test_ValidateOthers.nameAsNumber()'><b>nameAsNumber</b><br>Test class: Case25_32_WidgetBrick_1v6_Test_ValidateOthers</td>
<td><div><pre>java.lang.AssertionError: The following asserts failed:
	[Text value] expected [Please check firstname/last name] but found [Please check first namePlease check last name]
	at automation.project3ds.Assertion.end(Assertion.java:26)
	at Case25_32_WidgetBrick_1v6_Test_ValidateOthers.nameAsNumber(Case25_32_WidgetBrick_1v6_Test_ValidateOthers.java:72)
... Removed 25 stack frames</pre></div><a href='#' onClick='toggleBox("stack-trace1882167717", this, "Click to show all stack frames", "Click to hide stack frames")'>Click to show all stack frames</a>
<div class='stack-trace' id='stack-trace1882167717'><pre>java.lang.AssertionError: The following asserts failed:
	[Text value] expected [Please check firstname/last name] but found [Please check first namePlease check last name]
	at automation.project3ds.Assertion.end(Assertion.java:26)
	at Case25_32_WidgetBrick_1v6_Test_ValidateOthers.nameAsNumber(Case25_32_WidgetBrick_1v6_Test_ValidateOthers.java:72)
	at sun.reflect.NativeMethodAccessorImpl.invoke0(Native Method)
	at sun.reflect.NativeMethodAccessorImpl.invoke(NativeMethodAccessorImpl.java:62)
	at sun.reflect.DelegatingMethodAccessorImpl.invoke(DelegatingMethodAccessorImpl.java:43)
	at java.lang.reflect.Method.invoke(Method.java:498)
	at org.testng.internal.MethodInvocationHelper.invokeMethod(MethodInvocationHelper.java:124)
	at org.testng.internal.Invoker.invokeMethod(Invoker.java:583)
	at org.testng.internal.Invoker.invokeTestMethod(Invoker.java:719)
	at org.testng.internal.Invoker.invokeTestMethods(Invoker.java:989)
	at org.testng.internal.TestMethodWorker.invokeTestMethods(TestMethodWorker.java:125)
	at org.testng.internal.TestMethodWorker.run(TestMethodWorker.java:109)
	at org.testng.TestRunner.privateRun(TestRunner.java:648)
	at org.testng.TestRunner.run(TestRunner.java:505)
	at org.testng.SuiteRunner.runTest(SuiteRunner.java:455)
	at org.testng.SuiteRunner.runSequentially(SuiteRunner.java:450)
	at org.testng.SuiteRunner.privateRun(SuiteRunner.java:415)
	at org.testng.SuiteRunner.run(SuiteRunner.java:364)
	at org.testng.SuiteRunnerWorker.runSuite(SuiteRunnerWorker.java:52)
	at org.testng.SuiteRunnerWorker.run(SuiteRunnerWorker.java:84)
	at org.testng.TestNG.runSuitesSequentially(TestNG.java:1208)
	at org.testng.TestNG.runSuitesLocally(TestNG.java:1137)
	at org.testng.TestNG.runSuites(TestNG.java:1049)
	at org.testng.TestNG.run(TestNG.java:1017)
	at org.testng.remote.AbstractRemoteTestNG.run(AbstractRemoteTestNG.java:115)
	at org.testng.remote.RemoteTestNG.initAndRun(RemoteTestNG.java:251)
	at org.testng.remote.RemoteTestNG.main(RemoteTestNG.java:77)
</pre></div></td>
<td>15</td>
<td>Case25_32_WidgetBrick_1v6_Test_ValidateOthers@5bcab519</td></tr>
<tr>
<td title='Case33_37_WidgetBrick_1v6_Test_StaticLink.tryAgain()'><b>tryAgain</b><br>Test class: Case33_37_WidgetBrick_1v6_Test_StaticLink</td>
<td><div><pre>org.openqa.selenium.NoSuchElementException: no such element: Unable to locate element: {&quot;method&quot;:&quot;xpath&quot;,&quot;selector&quot;:&quot;//*[contains(@class,&apos;is-active&apos;)]//*[contains(@class,&apos;js-brick-submit&apos;)]&quot;}
  (Session info: chrome=76.0.3809.132)
  (Driver info: chromedriver=2.42.591088 (7b2b2dca23cca0862f674758c9a3933e685c27d5),platform=Windows NT 10.0.18362 x86_64) (WARNING: The server did not provide any stacktrace information)
Command duration or timeout: 0 milliseconds
For documentation on this error, please visit: https://www.seleniumhq.org/exceptions/no_such_element.html
Build info: version: &apos;3.141.59&apos;, revision: &apos;e82be7d358&apos;, time: &apos;2018-11-14T08:17:03&apos;
System info: host: &apos;PW-HAN-063&apos;, ip: &apos;192.168.10.136&apos;, os.name: &apos;Windows 10&apos;, os.arch: &apos;amd64&apos;, os.version: &apos;10.0&apos;, java.version: &apos;1.8.0_221&apos;
Driver info: org.openqa.selenium.chrome.ChromeDriver
Capabilities {acceptInsecureCerts: false, acceptSslCerts: false, applicationCacheEnabled: false, browserConnectionEnabled: false, browserName: chrome, chrome: {chromedriverVersion: 2.42.591088 (7b2b2dca23cca0..., userDataDir: C:\Users\chase\AppData\Loca...}, cssSelectorsEnabled: true, databaseEnabled: false, goog:chromeOptions: {debuggerAddress: localhost:57725}, handlesAlerts: true, hasTouchScreen: false, javascriptEnabled: true, locationContextEnabled: true, mobileEmulationEnabled: false, nativeEvents: true, networkConnectionEnabled: false, pageLoadStrategy: normal, platform: XP, platformName: XP, rotatable: false, setWindowRect: true, takesHeapSnapshot: true, takesScreenshot: true, unexpectedAlertBehaviour: , unhandledPromptBehavior: , version: 76.0.3809.132, webStorageEnabled: true}
Session ID: 0ede586704f5dfbca259233095b249e9
*** Element info: {Using=xpath, value=//*[contains(@class,&apos;is-active&apos;)]//*[contains(@class,&apos;js-brick-submit&apos;)]}
	at org.openqa.selenium.remote.ErrorHandler.createThrowable(ErrorHandler.java:214)
	at org.openqa.selenium.remote.ErrorHandler.throwIfResponseFailed(ErrorHandler.java:166)
	at org.openqa.selenium.remote.http.JsonHttpResponseCodec.reconstructValue(JsonHttpResponseCodec.java:40)
	at org.openqa.selenium.remote.http.AbstractHttpResponseCodec.decode(AbstractHttpResponseCodec.java:80)
	at org.openqa.selenium.remote.http.AbstractHttpResponseCodec.decode(AbstractHttpResponseCodec.java:44)
	at org.openqa.selenium.remote.HttpCommandExecutor.execute(HttpCommandExecutor.java:158)
	at org.openqa.selenium.remote.service.DriverCommandExecutor.execute(DriverCommandExecutor.java:83)
	at org.openqa.selenium.remote.RemoteWebDriver.execute(RemoteWebDriver.java:552)
	at org.openqa.selenium.remote.RemoteWebDriver.findElement(RemoteWebDriver.java:323)
	at org.openqa.selenium.remote.RemoteWebDriver.findElementByXPath(RemoteWebDriver.java:428)
	at org.openqa.selenium.By$ByXPath.findElement(By.java:353)
	at org.openqa.selenium.remote.RemoteWebDriver.findElement(RemoteWebDriver.java:315)
	at automation.project3ds.Driver.getElement(Driver.java:239)
	at automation.project3ds.Driver.getElement(Driver.java:243)
	at automation.project3ds.WidgetIframecc.clickBuyButton(WidgetIframecc.java:219)
	at Case33_37_WidgetBrick_1v6_Test_StaticLink.tryAgain(Case33_37_WidgetBrick_1v6_Test_StaticLink.java:94)
... Removed 28 stack frames</pre></div><a href='#' onClick='toggleBox("stack-trace1043227965", this, "Click to show all stack frames", "Click to hide stack frames")'>Click to show all stack frames</a>
<div class='stack-trace' id='stack-trace1043227965'><pre>org.openqa.selenium.NoSuchElementException: no such element: Unable to locate element: {&quot;method&quot;:&quot;xpath&quot;,&quot;selector&quot;:&quot;//*[contains(@class,&apos;is-active&apos;)]//*[contains(@class,&apos;js-brick-submit&apos;)]&quot;}
  (Session info: chrome=76.0.3809.132)
  (Driver info: chromedriver=2.42.591088 (7b2b2dca23cca0862f674758c9a3933e685c27d5),platform=Windows NT 10.0.18362 x86_64) (WARNING: The server did not provide any stacktrace information)
Command duration or timeout: 0 milliseconds
For documentation on this error, please visit: https://www.seleniumhq.org/exceptions/no_such_element.html
Build info: version: &apos;3.141.59&apos;, revision: &apos;e82be7d358&apos;, time: &apos;2018-11-14T08:17:03&apos;
System info: host: &apos;PW-HAN-063&apos;, ip: &apos;192.168.10.136&apos;, os.name: &apos;Windows 10&apos;, os.arch: &apos;amd64&apos;, os.version: &apos;10.0&apos;, java.version: &apos;1.8.0_221&apos;
Driver info: org.openqa.selenium.chrome.ChromeDriver
Capabilities {acceptInsecureCerts: false, acceptSslCerts: false, applicationCacheEnabled: false, browserConnectionEnabled: false, browserName: chrome, chrome: {chromedriverVersion: 2.42.591088 (7b2b2dca23cca0..., userDataDir: C:\Users\chase\AppData\Loca...}, cssSelectorsEnabled: true, databaseEnabled: false, goog:chromeOptions: {debuggerAddress: localhost:57725}, handlesAlerts: true, hasTouchScreen: false, javascriptEnabled: true, locationContextEnabled: true, mobileEmulationEnabled: false, nativeEvents: true, networkConnectionEnabled: false, pageLoadStrategy: normal, platform: XP, platformName: XP, rotatable: false, setWindowRect: true, takesHeapSnapshot: true, takesScreenshot: true, unexpectedAlertBehaviour: , unhandledPromptBehavior: , version: 76.0.3809.132, webStorageEnabled: true}
Session ID: 0ede586704f5dfbca259233095b249e9
*** Element info: {Using=xpath, value=//*[contains(@class,&apos;is-active&apos;)]//*[contains(@class,&apos;js-brick-submit&apos;)]}
	at sun.reflect.GeneratedConstructorAccessor16.newInstance(Unknown Source)
	at sun.reflect.DelegatingConstructorAccessorImpl.newInstance(DelegatingConstructorAccessorImpl.java:45)
	at java.lang.reflect.Constructor.newInstance(Constructor.java:423)
	at org.openqa.selenium.remote.ErrorHandler.createThrowable(ErrorHandler.java:214)
	at org.openqa.selenium.remote.ErrorHandler.throwIfResponseFailed(ErrorHandler.java:166)
	at org.openqa.selenium.remote.http.JsonHttpResponseCodec.reconstructValue(JsonHttpResponseCodec.java:40)
	at org.openqa.selenium.remote.http.AbstractHttpResponseCodec.decode(AbstractHttpResponseCodec.java:80)
	at org.openqa.selenium.remote.http.AbstractHttpResponseCodec.decode(AbstractHttpResponseCodec.java:44)
	at org.openqa.selenium.remote.HttpCommandExecutor.execute(HttpCommandExecutor.java:158)
	at org.openqa.selenium.remote.service.DriverCommandExecutor.execute(DriverCommandExecutor.java:83)
	at org.openqa.selenium.remote.RemoteWebDriver.execute(RemoteWebDriver.java:552)
	at org.openqa.selenium.remote.RemoteWebDriver.findElement(RemoteWebDriver.java:323)
	at org.openqa.selenium.remote.RemoteWebDriver.findElementByXPath(RemoteWebDriver.java:428)
	at org.openqa.selenium.By$ByXPath.findElement(By.java:353)
	at org.openqa.selenium.remote.RemoteWebDriver.findElement(RemoteWebDriver.java:315)
	at automation.project3ds.Driver.getElement(Driver.java:239)
	at automation.project3ds.Driver.getElement(Driver.java:243)
	at automation.project3ds.WidgetIframecc.clickBuyButton(WidgetIframecc.java:219)
	at Case33_37_WidgetBrick_1v6_Test_StaticLink.tryAgain(Case33_37_WidgetBrick_1v6_Test_StaticLink.java:94)
	at sun.reflect.NativeMethodAccessorImpl.invoke0(Native Method)
	at sun.reflect.NativeMethodAccessorImpl.invoke(NativeMethodAccessorImpl.java:62)
	at sun.reflect.DelegatingMethodAccessorImpl.invoke(DelegatingMethodAccessorImpl.java:43)
	at java.lang.reflect.Method.invoke(Method.java:498)
	at org.testng.internal.MethodInvocationHelper.invokeMethod(MethodInvocationHelper.java:124)
	at org.testng.internal.Invoker.invokeMethod(Invoker.java:583)
	at org.testng.internal.Invoker.invokeTestMethod(Invoker.java:719)
	at org.testng.internal.Invoker.invokeTestMethods(Invoker.java:989)
	at org.testng.internal.TestMethodWorker.invokeTestMethods(TestMethodWorker.java:125)
	at org.testng.internal.TestMethodWorker.run(TestMethodWorker.java:109)
	at org.testng.TestRunner.privateRun(TestRunner.java:648)
	at org.testng.TestRunner.run(TestRunner.java:505)
	at org.testng.SuiteRunner.runTest(SuiteRunner.java:455)
	at org.testng.SuiteRunner.runSequentially(SuiteRunner.java:450)
	at org.testng.SuiteRunner.privateRun(SuiteRunner.java:415)
	at org.testng.SuiteRunner.run(SuiteRunner.java:364)
	at org.testng.SuiteRunnerWorker.runSuite(SuiteRunnerWorker.java:52)
	at org.testng.SuiteRunnerWorker.run(SuiteRunnerWorker.java:84)
	at org.testng.TestNG.runSuitesSequentially(TestNG.java:1208)
	at org.testng.TestNG.runSuitesLocally(TestNG.java:1137)
	at org.testng.TestNG.runSuites(TestNG.java:1049)
	at org.testng.TestNG.run(TestNG.java:1017)
	at org.testng.remote.AbstractRemoteTestNG.run(AbstractRemoteTestNG.java:115)
	at org.testng.remote.RemoteTestNG.initAndRun(RemoteTestNG.java:251)
	at org.testng.remote.RemoteTestNG.main(RemoteTestNG.java:77)
</pre></div></td>
<td>44</td>
<td>Case33_37_WidgetBrick_1v6_Test_StaticLink@e45f292</td></tr>
</table><p>
<table width='100%' border='1' class='invocation-passed'>
<tr><td colspan='4' align='center'><b>PASSED TESTS</b></td></tr>
<tr><td><b>Test method</b></td>
<td width="30%"><b>Exception</b></td>
<td width="10%"><b>Time (seconds)</b></td>
<td><b>Instance</b></td>
</tr>
<tr>
<td title='Case13_19_WidgetBrick_1v6_Test_ValidateCardNumber.amexCard()'><b>amexCard</b><br>Test class: Case13_19_WidgetBrick_1v6_Test_ValidateCardNumber</td>
<td></td>
<td>21</td>
<td>Case13_19_WidgetBrick_1v6_Test_ValidateCardNumber@5700d6b1</td></tr>
<tr>
<td title='Case41_42_WidgetBrick_1v6_Test_Error.captureFailed()'><b>captureFailed</b><br>Test class: Case41_42_WidgetBrick_1v6_Test_Error</td>
<td></td>
<td>21</td>
<td>Case41_42_WidgetBrick_1v6_Test_Error@31a5c39e</td></tr>
<tr>
<td title='Case01_12_WidgetBrick_1v6_Test_EmptyTextbox.case07_12_emptyTextboxSubmit()'><b>case07_12_emptyTextboxSubmit</b><br>Test class: Case01_12_WidgetBrick_1v6_Test_EmptyTextbox</td>
<td></td>
<td>13</td>
<td>Case01_12_WidgetBrick_1v6_Test_EmptyTextbox@1ce92674</td></tr>
<tr>
<td title='Case25_32_WidgetBrick_1v6_Test_ValidateOthers.emailWithOutAt()'><b>emailWithOutAt</b><br>Test class: Case25_32_WidgetBrick_1v6_Test_ValidateOthers</td>
<td></td>
<td>25</td>
<td>Case25_32_WidgetBrick_1v6_Test_ValidateOthers@5bcab519</td></tr>
<tr>
<td title='Case25_32_WidgetBrick_1v6_Test_ValidateOthers.emailWithOutDot()'><b>emailWithOutDot</b><br>Test class: Case25_32_WidgetBrick_1v6_Test_ValidateOthers</td>
<td></td>
<td>14</td>
<td>Case25_32_WidgetBrick_1v6_Test_ValidateOthers@5bcab519</td></tr>
<tr>
<td title='Case25_32_WidgetBrick_1v6_Test_ValidateOthers.firstNameAsNumber()'><b>firstNameAsNumber</b><br>Test class: Case25_32_WidgetBrick_1v6_Test_ValidateOthers</td>
<td></td>
<td>16</td>
<td>Case25_32_WidgetBrick_1v6_Test_ValidateOthers@5bcab519</td></tr>
<tr>
<td title='Case20_24_WidgetBrick_1v6_Test_ValidateExpirationDate.futureValueLong()'><b>futureValueLong</b><br>Test class: Case20_24_WidgetBrick_1v6_Test_ValidateExpirationDate</td>
<td></td>
<td>14</td>
<td>Case20_24_WidgetBrick_1v6_Test_ValidateExpirationDate@6fd02e5</td></tr>
<tr>
<td title='Case20_24_WidgetBrick_1v6_Test_ValidateExpirationDate.futureValueShort()'><b>futureValueShort</b><br>Test class: Case20_24_WidgetBrick_1v6_Test_ValidateExpirationDate</td>
<td></td>
<td>10</td>
<td>Case20_24_WidgetBrick_1v6_Test_ValidateExpirationDate@6fd02e5</td></tr>
<tr>
<td title='Case13_19_WidgetBrick_1v6_Test_ValidateCardNumber.invalidValue()'><b>invalidValue</b><br>Test class: Case13_19_WidgetBrick_1v6_Test_ValidateCardNumber</td>
<td></td>
<td>11</td>
<td>Case13_19_WidgetBrick_1v6_Test_ValidateCardNumber@5700d6b1</td></tr>
<tr>
<td title='Case25_32_WidgetBrick_1v6_Test_ValidateOthers.lastNameAsNumber()'><b>lastNameAsNumber</b><br>Test class: Case25_32_WidgetBrick_1v6_Test_ValidateOthers</td>
<td></td>
<td>15</td>
<td>Case25_32_WidgetBrick_1v6_Test_ValidateOthers@5bcab519</td></tr>
<tr>
<td title='Case13_19_WidgetBrick_1v6_Test_ValidateCardNumber.masterCard()'><b>masterCard</b><br>Test class: Case13_19_WidgetBrick_1v6_Test_ValidateCardNumber</td>
<td></td>
<td>12</td>
<td>Case13_19_WidgetBrick_1v6_Test_ValidateCardNumber@5700d6b1</td></tr>
<tr>
<td title='Case39_40_WidgetBrick_1v6_Test_3ds.no3ds()'><b>no3ds</b><br>Test class: Case39_40_WidgetBrick_1v6_Test_3ds</td>
<td></td>
<td>24</td>
<td>Case39_40_WidgetBrick_1v6_Test_3ds@5f2108b5</td></tr>
<tr>
<td title='Case39_40_WidgetBrick_1v6_Test_3ds.optional3ds()'><b>optional3ds</b><br>Test class: Case39_40_WidgetBrick_1v6_Test_3ds</td>
<td></td>
<td>30</td>
<td>Case39_40_WidgetBrick_1v6_Test_3ds@5f2108b5</td></tr>
<tr>
<td title='Case20_24_WidgetBrick_1v6_Test_ValidateExpirationDate.pastValue()'><b>pastValue</b><br>Test class: Case20_24_WidgetBrick_1v6_Test_ValidateExpirationDate</td>
<td></td>
<td>11</td>
<td>Case20_24_WidgetBrick_1v6_Test_ValidateExpirationDate@6fd02e5</td></tr>
<tr>
<td title='Case33_37_WidgetBrick_1v6_Test_StaticLink.privacyPolicy()'><b>privacyPolicy</b><br>Test class: Case33_37_WidgetBrick_1v6_Test_StaticLink</td>
<td></td>
<td>16</td>
<td>Case33_37_WidgetBrick_1v6_Test_StaticLink@e45f292</td></tr>
<tr>
<td title='Case33_37_WidgetBrick_1v6_Test_StaticLink.storedCardSwitch()'><b>storedCardSwitch</b><br>Test class: Case33_37_WidgetBrick_1v6_Test_StaticLink</td>
<td></td>
<td>21</td>
<td>Case33_37_WidgetBrick_1v6_Test_StaticLink@e45f292</td></tr>
<tr>
<td title='Case13_19_WidgetBrick_1v6_Test_ValidateCardNumber.supportedBrandButInvalidValue()'><b>supportedBrandButInvalidValue</b><br>Test class: Case13_19_WidgetBrick_1v6_Test_ValidateCardNumber</td>
<td></td>
<td>11</td>
<td>Case13_19_WidgetBrick_1v6_Test_ValidateCardNumber@5700d6b1</td></tr>
<tr>
<td title='Case33_37_WidgetBrick_1v6_Test_StaticLink.terms()'><b>terms</b><br>Test class: Case33_37_WidgetBrick_1v6_Test_StaticLink</td>
<td></td>
<td>12</td>
<td>Case33_37_WidgetBrick_1v6_Test_StaticLink@e45f292</td></tr>
<tr>
<td title='Case20_24_WidgetBrick_1v6_Test_ValidateExpirationDate.todayValue()'><b>todayValue</b><br>Test class: Case20_24_WidgetBrick_1v6_Test_ValidateExpirationDate</td>
<td></td>
<td>10</td>
<td>Case20_24_WidgetBrick_1v6_Test_ValidateExpirationDate@6fd02e5</td></tr>
<tr>
<td title='Case13_19_WidgetBrick_1v6_Test_ValidateCardNumber.unsupportedBrand()'><b>unsupportedBrand</b><br>Test class: Case13_19_WidgetBrick_1v6_Test_ValidateCardNumber</td>
<td></td>
<td>11</td>
<td>Case13_19_WidgetBrick_1v6_Test_ValidateCardNumber@5700d6b1</td></tr>
<tr>
<td title='Case13_19_WidgetBrick_1v6_Test_ValidateCardNumber.visaCard()'><b>visaCard</b><br>Test class: Case13_19_WidgetBrick_1v6_Test_ValidateCardNumber</td>
<td></td>
<td>11</td>
<td>Case13_19_WidgetBrick_1v6_Test_ValidateCardNumber@5700d6b1</td></tr>
</table><p>
</body>
</html>