<?xml version="1.0" encoding="UTF-8"?>
<!-- Generated by org.testng.reporters.JUnitXMLReporter -->
<testsuite hostname="DESKTOP-V097D2E" ignored="0" name="test1107" tests="36" failures="9" timestamp="12 Jul 2019 08:31:49 GMT" time="1196.667" errors="0">
  <testcase name="execute" time="30.061" classname="automation.project3ds.CreditCardTest"/>
  <testcase name="execute" time="24.559" classname="automation.project3ds.CreditCardTest"/>
  <testcase name="execute" time="23.374" classname="automation.project3ds.CreditCardTest"/>
  <testcase name="execute" time="24.721" classname="automation.project3ds.CreditCardTest"/>
  <testcase name="execute" time="23.008" classname="automation.project3ds.CreditCardTest"/>
  <testcase name="execute" time="23.844" classname="automation.project3ds.CreditCardTest"/>
  <testcase name="execute" time="23.378" classname="automation.project3ds.CreditCardTest">
    <failure type="java.lang.AssertionError" message="The following asserts failed:
	[Enrolled] expected [] but found [U]">
      <![CDATA[java.lang.AssertionError: The following asserts failed:
[Enrolled] expected [] but found [U]
at automation.project3ds.MySoftAssertAll.assertAll(MySoftAssertAll.java:60)
at automation.project3ds.CreditCardTest.execute(CreditCardTest.java:334)
... Removed 26 stack frames]]>
    </failure>
  </testcase> <!-- execute -->
  <testcase name="execute" time="33.36" classname="automation.project3ds.CreditCardTest">
    <failure type="java.lang.AssertionError" message="The following asserts failed:
	[Enrolled] expected [] but found [U],
	[EciFlag] expected [] but found [07]">
      <![CDATA[java.lang.AssertionError: The following asserts failed:
[Enrolled] expected [] but found [U],
[EciFlag] expected [] but found [07]
at automation.project3ds.MySoftAssertAll.assertAll(MySoftAssertAll.java:60)
at automation.project3ds.CreditCardTest.execute(CreditCardTest.java:334)
... Removed 26 stack frames]]>
    </failure>
  </testcase> <!-- execute -->
  <testcase name="execute" time="23.03" classname="automation.project3ds.CreditCardTest"/>
  <testcase name="execute" time="30.148" classname="automation.project3ds.CreditCardTest"/>
  <testcase name="execute" time="28.433" classname="automation.project3ds.CreditCardTest"/>
  <testcase name="execute" time="28.216" classname="automation.project3ds.CreditCardTest"/>
  <testcase name="execute" time="27.726" classname="automation.project3ds.CreditCardTest"/>
  <testcase name="execute" time="29.077" classname="automation.project3ds.CreditCardTest"/>
  <testcase name="execute" time="22.96" classname="automation.project3ds.CreditCardTest"/>
  <testcase name="execute" time="71.395" classname="automation.project3ds.CreditCardTest">
    <failure type="org.openqa.selenium.NoSuchElementException" message="no such element: Unable to locate element: {&amp;quot;method&amp;quot;:&amp;quot;id&amp;quot;,&amp;quot;selector&amp;quot;:&amp;quot;card_number_container&amp;quot;}
  (Session info: chrome=75.0.3770.100)
  (Driver info: chromedriver=2.42.591088 (7b2b2dca23cca0862f674758c9a3933e685c27d5),platform=Windows NT 10.0.17134 x86_64) (WARNING: The server did not provide any stacktrace information)
Command duration or timeout: 0 milliseconds
For documentation on this error, please visit: https://www.seleniumhq.org/exceptions/no_such_element.html
Build info: version: &amp;apos;3.141.59&amp;apos;, revision: &amp;apos;e82be7d358&amp;apos;, time: &amp;apos;2018-11-14T08:17:03&amp;apos;
System info: host: &amp;apos;DESKTOP-V097D2E&amp;apos;, ip: &amp;apos;192.168.10.136&amp;apos;, os.name: &amp;apos;Windows 10&amp;apos;, os.arch: &amp;apos;amd64&amp;apos;, os.version: &amp;apos;10.0&amp;apos;, java.version: &amp;apos;1.8.0_181&amp;apos;
Driver info: org.openqa.selenium.chrome.ChromeDriver
Capabilities {acceptInsecureCerts: false, acceptSslCerts: false, applicationCacheEnabled: false, browserConnectionEnabled: false, browserName: chrome, chrome: {chromedriverVersion: 2.42.591088 (7b2b2dca23cca0..., userDataDir: C:\Users\chase\AppData\Loca...}, cssSelectorsEnabled: true, databaseEnabled: false, goog:chromeOptions: {debuggerAddress: localhost:64969}, handlesAlerts: true, hasTouchScreen: false, javascriptEnabled: true, locationContextEnabled: true, mobileEmulationEnabled: false, nativeEvents: true, networkConnectionEnabled: false, pageLoadStrategy: normal, platform: XP, platformName: XP, rotatable: false, setWindowRect: true, takesHeapSnapshot: true, takesScreenshot: true, unexpectedAlertBehaviour: , unhandledPromptBehavior: , version: 75.0.3770.100, webStorageEnabled: true}
Session ID: 82e3fba086d24dad2206458a16811626
*** Element info: {Using=id, value=card_number_container}">
      <![CDATA[org.openqa.selenium.NoSuchElementException: no such element: Unable to locate element: {"method":"id","selector":"card_number_container"}
  (Session info: chrome=75.0.3770.100)
  (Driver info: chromedriver=2.42.591088 (7b2b2dca23cca0862f674758c9a3933e685c27d5),platform=Windows NT 10.0.17134 x86_64) (WARNING: The server did not provide any stacktrace information)
Command duration or timeout: 0 milliseconds
For documentation on this error, please visit: https://www.seleniumhq.org/exceptions/no_such_element.html
Build info: version: '3.141.59', revision: 'e82be7d358', time: '2018-11-14T08:17:03'
System info: host: 'DESKTOP-V097D2E', ip: '192.168.10.136', os.name: 'Windows 10', os.arch: 'amd64', os.version: '10.0', java.version: '1.8.0_181'
Driver info: org.openqa.selenium.chrome.ChromeDriver
Capabilities {acceptInsecureCerts: false, acceptSslCerts: false, applicationCacheEnabled: false, browserConnectionEnabled: false, browserName: chrome, chrome: {chromedriverVersion: 2.42.591088 (7b2b2dca23cca0..., userDataDir: C:\Users\chase\AppData\Loca...}, cssSelectorsEnabled: true, databaseEnabled: false, goog:chromeOptions: {debuggerAddress: localhost:64969}, handlesAlerts: true, hasTouchScreen: false, javascriptEnabled: true, locationContextEnabled: true, mobileEmulationEnabled: false, nativeEvents: true, networkConnectionEnabled: false, pageLoadStrategy: normal, platform: XP, platformName: XP, rotatable: false, setWindowRect: true, takesHeapSnapshot: true, takesScreenshot: true, unexpectedAlertBehaviour: , unhandledPromptBehavior: , version: 75.0.3770.100, webStorageEnabled: true}
Session ID: 82e3fba086d24dad2206458a16811626
*** Element info: {Using=id, value=card_number_container}
at org.openqa.selenium.remote.ErrorHandler.createThrowable(ErrorHandler.java:214)
at org.openqa.selenium.remote.ErrorHandler.throwIfResponseFailed(ErrorHandler.java:166)
at org.openqa.selenium.remote.http.JsonHttpResponseCodec.reconstructValue(JsonHttpResponseCodec.java:40)
at org.openqa.selenium.remote.http.AbstractHttpResponseCodec.decode(AbstractHttpResponseCodec.java:80)
at org.openqa.selenium.remote.http.AbstractHttpResponseCodec.decode(AbstractHttpResponseCodec.java:44)
at org.openqa.selenium.remote.HttpCommandExecutor.execute(HttpCommandExecutor.java:158)
at org.openqa.selenium.remote.service.DriverCommandExecutor.execute(DriverCommandExecutor.java:83)
at org.openqa.selenium.remote.RemoteWebDriver.execute(RemoteWebDriver.java:552)
at org.openqa.selenium.remote.RemoteWebDriver.findElement(RemoteWebDriver.java:323)
at org.openqa.selenium.remote.RemoteWebDriver.findElementById(RemoteWebDriver.java:372)
at org.openqa.selenium.By$ById.findElement(By.java:188)
at org.openqa.selenium.remote.RemoteWebDriver.findElement(RemoteWebDriver.java:315)
at automation.project3ds.Driver.lambda$1(Driver.java:133)
at com.sun.proxy.$Proxy10.findElement(Unknown Source)
at automation.project3ds.Driver.findElement(Driver.java:261)
at automation.project3ds.Driver.findElement(Driver.java:1)
at automation.project3ds.Driver.getElement(Driver.java:275)
at automation.project3ds.PageHome$MainIframe$Iframecc.setCardNumber(PageHome.java:118)
at automation.project3ds.PageHome$MainIframe$Iframecc.access$0(PageHome.java:115)
at automation.project3ds.PageHome.returnRefID(PageHome.java:197)
at automation.project3ds.CreditCardTest.execute(CreditCardTest.java:170)
... Removed 32 stack frames]]>
    </failure>
  </testcase> <!-- execute -->
  <testcase name="execute" time="23.189" classname="automation.project3ds.CreditCardTest"/>
  <testcase name="execute" time="22.995" classname="automation.project3ds.CreditCardTest">
    <failure type="java.lang.AssertionError" message="The following asserts failed:
	[PAResStatus] expected [I] but found [U]">
      <![CDATA[java.lang.AssertionError: The following asserts failed:
[PAResStatus] expected [I] but found [U]
at automation.project3ds.MySoftAssertAll.assertAll(MySoftAssertAll.java:60)
at automation.project3ds.CreditCardTest.execute(CreditCardTest.java:334)
... Removed 25 stack frames]]>
    </failure>
  </testcase> <!-- execute -->
  <testcase name="execute" time="45.674" classname="automation.project3ds.CreditCardTest"/>
  <testcase name="execute" time="28.841" classname="automation.project3ds.CreditCardTest"/>
  <testcase name="execute" time="39.951" classname="automation.project3ds.CreditCardTest"/>
  <testcase name="execute" time="46.387" classname="automation.project3ds.CreditCardTest"/>
  <testcase name="execute" time="22.167" classname="automation.project3ds.CreditCardTest"/>
  <testcase name="execute" time="34.29" classname="automation.project3ds.CreditCardTest">
    <failure type="java.lang.AssertionError" message="The following asserts failed:
	[EciFlag] expected [01] but found [00]">
      <![CDATA[java.lang.AssertionError: The following asserts failed:
[EciFlag] expected [01] but found [00]
at automation.project3ds.MySoftAssertAll.assertAll(MySoftAssertAll.java:60)
at automation.project3ds.CreditCardTest.execute(CreditCardTest.java:334)
... Removed 25 stack frames]]>
    </failure>
  </testcase> <!-- execute -->
  <testcase name="execute" time="34.214" classname="automation.project3ds.CreditCardTest">
    <failure type="java.lang.AssertionError" message="The following asserts failed:
	[Enrolled] expected [] but found [U]">
      <![CDATA[java.lang.AssertionError: The following asserts failed:
[Enrolled] expected [] but found [U]
at automation.project3ds.MySoftAssertAll.assertAll(MySoftAssertAll.java:60)
at automation.project3ds.CreditCardTest.execute(CreditCardTest.java:334)
... Removed 25 stack frames]]>
    </failure>
  </testcase> <!-- execute -->
  <testcase name="execute" time="47.271" classname="automation.project3ds.CreditCardTest">
    <failure type="java.lang.AssertionError" message="The following asserts failed:
	[Enrolled] expected [] but found [U],
	[EciFlag] expected [] but found [00]">
      <![CDATA[java.lang.AssertionError: The following asserts failed:
[Enrolled] expected [] but found [U],
[EciFlag] expected [] but found [00]
at automation.project3ds.MySoftAssertAll.assertAll(MySoftAssertAll.java:60)
at automation.project3ds.CreditCardTest.execute(CreditCardTest.java:334)
... Removed 25 stack frames]]>
    </failure>
  </testcase> <!-- execute -->
  <testcase name="execute" time="37.154" classname="automation.project3ds.CreditCardTest"/>
  <testcase name="execute" time="41.608" classname="automation.project3ds.CreditCardTest"/>
  <testcase name="execute" time="28.535" classname="automation.project3ds.CreditCardTest"/>
  <testcase name="execute" time="41.944" classname="automation.project3ds.CreditCardTest"/>
  <testcase name="execute" time="27.975" classname="automation.project3ds.CreditCardTest">
    <failure type="java.lang.AssertionError" message="The following asserts failed:
	[EciFlag2] expected [00] but found []">
      <![CDATA[java.lang.AssertionError: The following asserts failed:
[EciFlag2] expected [00] but found []
at automation.project3ds.MySoftAssertAll.assertAll(MySoftAssertAll.java:60)
at automation.project3ds.CreditCardTest.execute(CreditCardTest.java:334)
... Removed 25 stack frames]]>
    </failure>
  </testcase> <!-- execute -->
  <testcase name="execute" time="42.289" classname="automation.project3ds.CreditCardTest"/>
  <testcase name="execute" time="34.161" classname="automation.project3ds.CreditCardTest"/>
  <testcase name="execute" time="43.102" classname="automation.project3ds.CreditCardTest"/>
  <testcase name="execute" time="38.226" classname="automation.project3ds.CreditCardTest"/>
  <testcase name="execute" time="33.909" classname="automation.project3ds.CreditCardTest">
    <failure type="java.lang.AssertionError" message="The following asserts failed:
	[PAResStatus] expected [I] but found [U]">
      <![CDATA[java.lang.AssertionError: The following asserts failed:
[PAResStatus] expected [I] but found [U]
at automation.project3ds.MySoftAssertAll.assertAll(MySoftAssertAll.java:60)
at automation.project3ds.CreditCardTest.execute(CreditCardTest.java:334)
... Removed 25 stack frames]]>
    </failure>
  </testcase> <!-- execute -->
</testsuite> <!-- test1107 -->
