<html>
<head>
<title>TestNG:  test1107</title>
<link href="../testng.css" rel="stylesheet" type="text/css" />
<link href="../my-testng.css" rel="stylesheet" type="text/css" />

<style type="text/css">
.log { display: none;} 
.stack-trace { display: none;} 
</style>
<script type="text/javascript">
<!--
function flip(e) {
  current = e.style.display;
  if (current == 'block') {
    e.style.display = 'none';
    return 0;
  }
  else {
    e.style.display = 'block';
    return 1;
  }
}

function toggleBox(szDivId, elem, msg1, msg2)
{
  var res = -1;  if (document.getElementById) {
    res = flip(document.getElementById(szDivId));
  }
  else if (document.all) {
    // this is the way old msie versions work
    res = flip(document.all[szDivId]);
  }
  if(elem) {
    if(res == 0) elem.innerHTML = msg1; else elem.innerHTML = msg2;
  }

}

function toggleAllBoxes() {
  if (document.getElementsByTagName) {
    d = document.getElementsByTagName('div');
    for (i = 0; i < d.length; i++) {
      if (d[i].className == 'log') {
        flip(d[i]);
      }
    }
  }
}

// -->
</script>

</head>
<body>
<h2 align='center'>test1107</h2><table border='1' align="center">
<tr>
<td>Tests passed/Failed/Skipped:</td><td>27/9/0</td>
</tr><tr>
<td>Started on:</td><td>Fri Jul 12 15:11:53 ICT 2019</td>
</tr>
<tr><td>Total time:</td><td>1196 seconds (1196667 ms)</td>
</tr><tr>
<td>Included groups:</td><td></td>
</tr><tr>
<td>Excluded groups:</td><td></td>
</tr>
</table><p/>
<small><i>(Hover the method name to see the test class name)</i></small><p/>
<table width='100%' border='1' class='invocation-failed'>
<tr><td colspan='4' align='center'><b>FAILED TESTS</b></td></tr>
<tr><td><b>Test method</b></td>
<td width="30%"><b>Exception</b></td>
<td width="10%"><b>Time (seconds)</b></td>
<td><b>Instance</b></td>
</tr>
<tr>
<td title='automation.project3ds.CreditCardTest.execute()'><b>execute</b><br>Test class: automation.project3ds.CreditCardTest<br>Parameters: 4000000000001067, http://feature-pwg-1107.wallapi.bamboo.stuffio.com/admin/test-offerwall?_application_name=CC+Embarcadero+test+%28JammyWall%29%5B101601%5D&data%5Ba_id%5D=101601&data%5Bwidget%5D=p1&data%5Bco_id%5D=1&data%5Buid%5D=218069cze3&data%5Bag_type%5D=fixed, {Cavv=blank, cardholderVerificationMethod=CVV2, expected_results_authentication=NA, Enrolled=blank, EciFlag=07, WhiteListStatus=null, ErrorDesc=value, WhiteListStatusSource=null, ErrorNo=value, Payload=blank, PAN=4000000000001067, SignitureVerification=blank, ACSUrl=blank, PAResStatus=blank, testName=Test Visa 7: Error on Lookup}</td>
<td><div><pre>java.lang.AssertionError: The following asserts failed:
	[Enrolled] expected [] but found [U]
	at automation.project3ds.MySoftAssertAll.assertAll(MySoftAssertAll.java:60)
	at automation.project3ds.CreditCardTest.execute(CreditCardTest.java:334)
... Removed 26 stack frames</pre></div><a href='#' onClick='toggleBox("stack-trace872190678", this, "Click to show all stack frames", "Click to hide stack frames")'>Click to show all stack frames</a>
<div class='stack-trace' id='stack-trace872190678'><pre>java.lang.AssertionError: The following asserts failed:
	[Enrolled] expected [] but found [U]
	at automation.project3ds.MySoftAssertAll.assertAll(MySoftAssertAll.java:60)
	at automation.project3ds.CreditCardTest.execute(CreditCardTest.java:334)
	at sun.reflect.NativeMethodAccessorImpl.invoke0(Native Method)
	at sun.reflect.NativeMethodAccessorImpl.invoke(Unknown Source)
	at sun.reflect.DelegatingMethodAccessorImpl.invoke(Unknown Source)
	at java.lang.reflect.Method.invoke(Unknown Source)
	at org.testng.internal.MethodInvocationHelper.invokeMethod(MethodInvocationHelper.java:124)
	at org.testng.internal.Invoker.invokeMethod(Invoker.java:583)
	at org.testng.internal.Invoker.invokeTestMethod(Invoker.java:719)
	at org.testng.internal.Invoker.invokeTestMethods(Invoker.java:989)
	at org.testng.internal.TestMethodWorker.invokeTestMethods(TestMethodWorker.java:125)
	at org.testng.internal.TestMethodWorker.run(TestMethodWorker.java:109)
	at org.testng.TestRunner.privateRun(TestRunner.java:648)
	at org.testng.TestRunner.run(TestRunner.java:505)
	at org.testng.SuiteRunner.runTest(SuiteRunner.java:455)
	at org.testng.SuiteRunner.runSequentially(SuiteRunner.java:450)
	at org.testng.SuiteRunner.privateRun(SuiteRunner.java:415)
	at org.testng.SuiteRunner.run(SuiteRunner.java:364)
	at org.testng.SuiteRunnerWorker.runSuite(SuiteRunnerWorker.java:52)
	at org.testng.SuiteRunnerWorker.run(SuiteRunnerWorker.java:84)
	at org.testng.TestNG.runSuitesSequentially(TestNG.java:1208)
	at org.testng.TestNG.runSuitesSequentially(TestNG.java:1204)
	at org.testng.TestNG.runSuitesLocally(TestNG.java:1137)
	at org.testng.TestNG.runSuites(TestNG.java:1049)
	at org.testng.TestNG.run(TestNG.java:1017)
	at org.testng.remote.AbstractRemoteTestNG.run(AbstractRemoteTestNG.java:115)
	at org.testng.remote.RemoteTestNG.initAndRun(RemoteTestNG.java:251)
	at org.testng.remote.RemoteTestNG.main(RemoteTestNG.java:77)
</pre></div></td>
<td>23</td>
<td>automation.project3ds.CreditCardTest@5cb9f472</td></tr>
<tr>
<td title='automation.project3ds.CreditCardTest.execute()'><b>execute</b><br>Test class: automation.project3ds.CreditCardTest<br>Parameters: 4000000000001075, http://feature-pwg-1107.wallapi.bamboo.stuffio.com/admin/test-offerwall?_application_name=CC+Embarcadero+test+%28JammyWall%29%5B101601%5D&data%5Ba_id%5D=101601&data%5Bwidget%5D=p1&data%5Bco_id%5D=1&data%5Buid%5D=218069cze3&data%5Bag_type%5D=fixed, {Cavv=blank, cardholderVerificationMethod=CVV2, expected_results_authentication=NA, Enrolled=blank, EciFlag=blank, WhiteListStatus=null, ErrorDesc=value, WhiteListStatusSource=null, ErrorNo=value, Payload=blank, PAN=4000000000001075, SignitureVerification=blank, ACSUrl=blank, PAResStatus=blank, testName=Test Visa 8: Timeout on cmpi_lookup Transaction}</td>
<td><div><pre>java.lang.AssertionError: The following asserts failed:
	[Enrolled] expected [] but found [U],
	[EciFlag] expected [] but found [07]
	at automation.project3ds.MySoftAssertAll.assertAll(MySoftAssertAll.java:60)
	at automation.project3ds.CreditCardTest.execute(CreditCardTest.java:334)
... Removed 26 stack frames</pre></div><a href='#' onClick='toggleBox("stack-trace2007792854", this, "Click to show all stack frames", "Click to hide stack frames")'>Click to show all stack frames</a>
<div class='stack-trace' id='stack-trace2007792854'><pre>java.lang.AssertionError: The following asserts failed:
	[Enrolled] expected [] but found [U],
	[EciFlag] expected [] but found [07]
	at automation.project3ds.MySoftAssertAll.assertAll(MySoftAssertAll.java:60)
	at automation.project3ds.CreditCardTest.execute(CreditCardTest.java:334)
	at sun.reflect.NativeMethodAccessorImpl.invoke0(Native Method)
	at sun.reflect.NativeMethodAccessorImpl.invoke(Unknown Source)
	at sun.reflect.DelegatingMethodAccessorImpl.invoke(Unknown Source)
	at java.lang.reflect.Method.invoke(Unknown Source)
	at org.testng.internal.MethodInvocationHelper.invokeMethod(MethodInvocationHelper.java:124)
	at org.testng.internal.Invoker.invokeMethod(Invoker.java:583)
	at org.testng.internal.Invoker.invokeTestMethod(Invoker.java:719)
	at org.testng.internal.Invoker.invokeTestMethods(Invoker.java:989)
	at org.testng.internal.TestMethodWorker.invokeTestMethods(TestMethodWorker.java:125)
	at org.testng.internal.TestMethodWorker.run(TestMethodWorker.java:109)
	at org.testng.TestRunner.privateRun(TestRunner.java:648)
	at org.testng.TestRunner.run(TestRunner.java:505)
	at org.testng.SuiteRunner.runTest(SuiteRunner.java:455)
	at org.testng.SuiteRunner.runSequentially(SuiteRunner.java:450)
	at org.testng.SuiteRunner.privateRun(SuiteRunner.java:415)
	at org.testng.SuiteRunner.run(SuiteRunner.java:364)
	at org.testng.SuiteRunnerWorker.runSuite(SuiteRunnerWorker.java:52)
	at org.testng.SuiteRunnerWorker.run(SuiteRunnerWorker.java:84)
	at org.testng.TestNG.runSuitesSequentially(TestNG.java:1208)
	at org.testng.TestNG.runSuitesSequentially(TestNG.java:1204)
	at org.testng.TestNG.runSuitesLocally(TestNG.java:1137)
	at org.testng.TestNG.runSuites(TestNG.java:1049)
	at org.testng.TestNG.run(TestNG.java:1017)
	at org.testng.remote.AbstractRemoteTestNG.run(AbstractRemoteTestNG.java:115)
	at org.testng.remote.RemoteTestNG.initAndRun(RemoteTestNG.java:251)
	at org.testng.remote.RemoteTestNG.main(RemoteTestNG.java:77)
</pre></div></td>
<td>33</td>
<td>automation.project3ds.CreditCardTest@5cb9f472</td></tr>
<tr>
<td title='automation.project3ds.CreditCardTest.execute()'><b>execute</b><br>Test class: automation.project3ds.CreditCardTest<br>Parameters: 4000000000002008, http://feature-pwg-1107.wallapi.bamboo.stuffio.com/admin/test-offerwall?_application_name=CC+Embarcadero+test+%28JammyWall%29%5B101601%5D&data%5Ba_id%5D=101601&data%5Bwidget%5D=p1&data%5Bco_id%5D=1&data%5Buid%5D=218069cze3&data%5Bag_type%5D=fixed, {Cavv=blank, cardholderVerificationMethod=value, expected_results_authentication=value, EciFlag2=value, Cavv2=value, ErrorDesc2=Success, Enrolled=Y, EciFlag=value, WhiteListStatus=null, ErrorDesc=blank, PAResStatus2=Y, WhiteListStatusSource=null, ErrorNo=0, ErrorNo2=0, SignitureVerification2=Y, Payload=value, PAN=4000000000002008, SignitureVerification=Y, ACSUrl=value, PAResStatus=C, testName=Test Visa 16: Prompt for Whitelist}</td>
<td><div><pre>org.openqa.selenium.NoSuchElementException: no such element: Unable to locate element: {&quot;method&quot;:&quot;id&quot;,&quot;selector&quot;:&quot;card_number_container&quot;}
  (Session info: chrome=75.0.3770.100)
  (Driver info: chromedriver=2.42.591088 (7b2b2dca23cca0862f674758c9a3933e685c27d5),platform=Windows NT 10.0.17134 x86_64) (WARNING: The server did not provide any stacktrace information)
Command duration or timeout: 0 milliseconds
For documentation on this error, please visit: https://www.seleniumhq.org/exceptions/no_such_element.html
Build info: version: &apos;3.141.59&apos;, revision: &apos;e82be7d358&apos;, time: &apos;2018-11-14T08:17:03&apos;
System info: host: &apos;DESKTOP-V097D2E&apos;, ip: &apos;192.168.10.136&apos;, os.name: &apos;Windows 10&apos;, os.arch: &apos;amd64&apos;, os.version: &apos;10.0&apos;, java.version: &apos;1.8.0_181&apos;
Driver info: org.openqa.selenium.chrome.ChromeDriver
Capabilities {acceptInsecureCerts: false, acceptSslCerts: false, applicationCacheEnabled: false, browserConnectionEnabled: false, browserName: chrome, chrome: {chromedriverVersion: 2.42.591088 (7b2b2dca23cca0..., userDataDir: C:\Users\chase\AppData\Loca...}, cssSelectorsEnabled: true, databaseEnabled: false, goog:chromeOptions: {debuggerAddress: localhost:64969}, handlesAlerts: true, hasTouchScreen: false, javascriptEnabled: true, locationContextEnabled: true, mobileEmulationEnabled: false, nativeEvents: true, networkConnectionEnabled: false, pageLoadStrategy: normal, platform: XP, platformName: XP, rotatable: false, setWindowRect: true, takesHeapSnapshot: true, takesScreenshot: true, unexpectedAlertBehaviour: , unhandledPromptBehavior: , version: 75.0.3770.100, webStorageEnabled: true}
Session ID: 82e3fba086d24dad2206458a16811626
*** Element info: {Using=id, value=card_number_container}
	at org.openqa.selenium.remote.ErrorHandler.createThrowable(ErrorHandler.java:214)
	at org.openqa.selenium.remote.ErrorHandler.throwIfResponseFailed(ErrorHandler.java:166)
	at org.openqa.selenium.remote.http.JsonHttpResponseCodec.reconstructValue(JsonHttpResponseCodec.java:40)
	at org.openqa.selenium.remote.http.AbstractHttpResponseCodec.decode(AbstractHttpResponseCodec.java:80)
	at org.openqa.selenium.remote.http.AbstractHttpResponseCodec.decode(AbstractHttpResponseCodec.java:44)
	at org.openqa.selenium.remote.HttpCommandExecutor.execute(HttpCommandExecutor.java:158)
	at org.openqa.selenium.remote.service.DriverCommandExecutor.execute(DriverCommandExecutor.java:83)
	at org.openqa.selenium.remote.RemoteWebDriver.execute(RemoteWebDriver.java:552)
	at org.openqa.selenium.remote.RemoteWebDriver.findElement(RemoteWebDriver.java:323)
	at org.openqa.selenium.remote.RemoteWebDriver.findElementById(RemoteWebDriver.java:372)
	at org.openqa.selenium.By$ById.findElement(By.java:188)
	at org.openqa.selenium.remote.RemoteWebDriver.findElement(RemoteWebDriver.java:315)
	at automation.project3ds.Driver.lambda$1(Driver.java:133)
	at com.sun.proxy.$Proxy10.findElement(Unknown Source)
	at automation.project3ds.Driver.findElement(Driver.java:261)
	at automation.project3ds.Driver.findElement(Driver.java:1)
	at automation.project3ds.Driver.getElement(Driver.java:275)
	at automation.project3ds.PageHome$MainIframe$Iframecc.setCardNumber(PageHome.java:118)
	at automation.project3ds.PageHome$MainIframe$Iframecc.access$0(PageHome.java:115)
	at automation.project3ds.PageHome.returnRefID(PageHome.java:197)
	at automation.project3ds.CreditCardTest.execute(CreditCardTest.java:170)
... Removed 32 stack frames</pre></div><a href='#' onClick='toggleBox("stack-trace2044178045", this, "Click to show all stack frames", "Click to hide stack frames")'>Click to show all stack frames</a>
<div class='stack-trace' id='stack-trace2044178045'><pre>org.openqa.selenium.NoSuchElementException: no such element: Unable to locate element: {&quot;method&quot;:&quot;id&quot;,&quot;selector&quot;:&quot;card_number_container&quot;}
  (Session info: chrome=75.0.3770.100)
  (Driver info: chromedriver=2.42.591088 (7b2b2dca23cca0862f674758c9a3933e685c27d5),platform=Windows NT 10.0.17134 x86_64) (WARNING: The server did not provide any stacktrace information)
Command duration or timeout: 0 milliseconds
For documentation on this error, please visit: https://www.seleniumhq.org/exceptions/no_such_element.html
Build info: version: &apos;3.141.59&apos;, revision: &apos;e82be7d358&apos;, time: &apos;2018-11-14T08:17:03&apos;
System info: host: &apos;DESKTOP-V097D2E&apos;, ip: &apos;192.168.10.136&apos;, os.name: &apos;Windows 10&apos;, os.arch: &apos;amd64&apos;, os.version: &apos;10.0&apos;, java.version: &apos;1.8.0_181&apos;
Driver info: org.openqa.selenium.chrome.ChromeDriver
Capabilities {acceptInsecureCerts: false, acceptSslCerts: false, applicationCacheEnabled: false, browserConnectionEnabled: false, browserName: chrome, chrome: {chromedriverVersion: 2.42.591088 (7b2b2dca23cca0..., userDataDir: C:\Users\chase\AppData\Loca...}, cssSelectorsEnabled: true, databaseEnabled: false, goog:chromeOptions: {debuggerAddress: localhost:64969}, handlesAlerts: true, hasTouchScreen: false, javascriptEnabled: true, locationContextEnabled: true, mobileEmulationEnabled: false, nativeEvents: true, networkConnectionEnabled: false, pageLoadStrategy: normal, platform: XP, platformName: XP, rotatable: false, setWindowRect: true, takesHeapSnapshot: true, takesScreenshot: true, unexpectedAlertBehaviour: , unhandledPromptBehavior: , version: 75.0.3770.100, webStorageEnabled: true}
Session ID: 82e3fba086d24dad2206458a16811626
*** Element info: {Using=id, value=card_number_container}
	at sun.reflect.GeneratedConstructorAccessor26.newInstance(Unknown Source)
	at sun.reflect.DelegatingConstructorAccessorImpl.newInstance(Unknown Source)
	at java.lang.reflect.Constructor.newInstance(Unknown Source)
	at org.openqa.selenium.remote.ErrorHandler.createThrowable(ErrorHandler.java:214)
	at org.openqa.selenium.remote.ErrorHandler.throwIfResponseFailed(ErrorHandler.java:166)
	at org.openqa.selenium.remote.http.JsonHttpResponseCodec.reconstructValue(JsonHttpResponseCodec.java:40)
	at org.openqa.selenium.remote.http.AbstractHttpResponseCodec.decode(AbstractHttpResponseCodec.java:80)
	at org.openqa.selenium.remote.http.AbstractHttpResponseCodec.decode(AbstractHttpResponseCodec.java:44)
	at org.openqa.selenium.remote.HttpCommandExecutor.execute(HttpCommandExecutor.java:158)
	at org.openqa.selenium.remote.service.DriverCommandExecutor.execute(DriverCommandExecutor.java:83)
	at org.openqa.selenium.remote.RemoteWebDriver.execute(RemoteWebDriver.java:552)
	at org.openqa.selenium.remote.RemoteWebDriver.findElement(RemoteWebDriver.java:323)
	at org.openqa.selenium.remote.RemoteWebDriver.findElementById(RemoteWebDriver.java:372)
	at org.openqa.selenium.By$ById.findElement(By.java:188)
	at org.openqa.selenium.remote.RemoteWebDriver.findElement(RemoteWebDriver.java:315)
	at sun.reflect.GeneratedMethodAccessor5.invoke(Unknown Source)
	at sun.reflect.DelegatingMethodAccessorImpl.invoke(Unknown Source)
	at java.lang.reflect.Method.invoke(Unknown Source)
	at automation.project3ds.Driver.lambda$1(Driver.java:133)
	at com.sun.proxy.$Proxy10.findElement(Unknown Source)
	at automation.project3ds.Driver.findElement(Driver.java:261)
	at automation.project3ds.Driver.findElement(Driver.java:1)
	at automation.project3ds.Driver.getElement(Driver.java:275)
	at automation.project3ds.PageHome$MainIframe$Iframecc.setCardNumber(PageHome.java:118)
	at automation.project3ds.PageHome$MainIframe$Iframecc.access$0(PageHome.java:115)
	at automation.project3ds.PageHome.returnRefID(PageHome.java:197)
	at automation.project3ds.CreditCardTest.execute(CreditCardTest.java:170)
	at sun.reflect.NativeMethodAccessorImpl.invoke0(Native Method)
	at sun.reflect.NativeMethodAccessorImpl.invoke(Unknown Source)
	at sun.reflect.DelegatingMethodAccessorImpl.invoke(Unknown Source)
	at java.lang.reflect.Method.invoke(Unknown Source)
	at org.testng.internal.MethodInvocationHelper.invokeMethod(MethodInvocationHelper.java:124)
	at org.testng.internal.Invoker.invokeMethod(Invoker.java:583)
	at org.testng.internal.Invoker.invokeTestMethod(Invoker.java:719)
	at org.testng.internal.Invoker.invokeTestMethods(Invoker.java:989)
	at org.testng.internal.TestMethodWorker.invokeTestMethods(TestMethodWorker.java:125)
	at org.testng.internal.TestMethodWorker.run(TestMethodWorker.java:109)
	at org.testng.TestRunner.privateRun(TestRunner.java:648)
	at org.testng.TestRunner.run(TestRunner.java:505)
	at org.testng.SuiteRunner.runTest(SuiteRunner.java:455)
	at org.testng.SuiteRunner.runSequentially(SuiteRunner.java:450)
	at org.testng.SuiteRunner.privateRun(SuiteRunner.java:415)
	at org.testng.SuiteRunner.run(SuiteRunner.java:364)
	at org.testng.SuiteRunnerWorker.runSuite(SuiteRunnerWorker.java:52)
	at org.testng.SuiteRunnerWorker.run(SuiteRunnerWorker.java:84)
	at org.testng.TestNG.runSuitesSequentially(TestNG.java:1208)
	at org.testng.TestNG.runSuitesSequentially(TestNG.java:1204)
	at org.testng.TestNG.runSuitesLocally(TestNG.java:1137)
	at org.testng.TestNG.runSuites(TestNG.java:1049)
	at org.testng.TestNG.run(TestNG.java:1017)
	at org.testng.remote.AbstractRemoteTestNG.run(AbstractRemoteTestNG.java:115)
	at org.testng.remote.RemoteTestNG.initAndRun(RemoteTestNG.java:251)
	at org.testng.remote.RemoteTestNG.main(RemoteTestNG.java:77)
</pre></div></td>
<td>71</td>
<td>automation.project3ds.CreditCardTest@5cb9f472</td></tr>
<tr>
<td title='automation.project3ds.CreditCardTest.execute()'><b>execute</b><br>Test class: automation.project3ds.CreditCardTest<br>Parameters: 4000000000002024, http://feature-pwg-1107.wallapi.bamboo.stuffio.com/admin/test-offerwall?_application_name=CC+Embarcadero+test+%28JammyWall%29%5B101601%5D&data%5Ba_id%5D=101601&data%5Bwidget%5D=p1&data%5Bco_id%5D=1&data%5Buid%5D=218069cze3&data%5Bag_type%5D=fixed, {Cavv=value, cardholderVerificationMethod=value, expected_results_authentication=NA, Enrolled=Y, EciFlag=value, WhiteListStatus=null, ErrorDesc=blank, WhiteListStatusSource=null, ErrorNo=0, Payload=blank, PAN=4000000000002024, SignitureVerification=Y, ACSUrl=blank, PAResStatus=I, testName=Test Visa 18: Support TransStatus I}</td>
<td><div><pre>java.lang.AssertionError: The following asserts failed:
	[PAResStatus] expected [I] but found [U]
	at automation.project3ds.MySoftAssertAll.assertAll(MySoftAssertAll.java:60)
	at automation.project3ds.CreditCardTest.execute(CreditCardTest.java:334)
... Removed 25 stack frames</pre></div><a href='#' onClick='toggleBox("stack-trace1028466661", this, "Click to show all stack frames", "Click to hide stack frames")'>Click to show all stack frames</a>
<div class='stack-trace' id='stack-trace1028466661'><pre>java.lang.AssertionError: The following asserts failed:
	[PAResStatus] expected [I] but found [U]
	at automation.project3ds.MySoftAssertAll.assertAll(MySoftAssertAll.java:60)
	at automation.project3ds.CreditCardTest.execute(CreditCardTest.java:334)
	at sun.reflect.GeneratedMethodAccessor21.invoke(Unknown Source)
	at sun.reflect.DelegatingMethodAccessorImpl.invoke(Unknown Source)
	at java.lang.reflect.Method.invoke(Unknown Source)
	at org.testng.internal.MethodInvocationHelper.invokeMethod(MethodInvocationHelper.java:124)
	at org.testng.internal.Invoker.invokeMethod(Invoker.java:583)
	at org.testng.internal.Invoker.invokeTestMethod(Invoker.java:719)
	at org.testng.internal.Invoker.invokeTestMethods(Invoker.java:989)
	at org.testng.internal.TestMethodWorker.invokeTestMethods(TestMethodWorker.java:125)
	at org.testng.internal.TestMethodWorker.run(TestMethodWorker.java:109)
	at org.testng.TestRunner.privateRun(TestRunner.java:648)
	at org.testng.TestRunner.run(TestRunner.java:505)
	at org.testng.SuiteRunner.runTest(SuiteRunner.java:455)
	at org.testng.SuiteRunner.runSequentially(SuiteRunner.java:450)
	at org.testng.SuiteRunner.privateRun(SuiteRunner.java:415)
	at org.testng.SuiteRunner.run(SuiteRunner.java:364)
	at org.testng.SuiteRunnerWorker.runSuite(SuiteRunnerWorker.java:52)
	at org.testng.SuiteRunnerWorker.run(SuiteRunnerWorker.java:84)
	at org.testng.TestNG.runSuitesSequentially(TestNG.java:1208)
	at org.testng.TestNG.runSuitesSequentially(TestNG.java:1204)
	at org.testng.TestNG.runSuitesLocally(TestNG.java:1137)
	at org.testng.TestNG.runSuites(TestNG.java:1049)
	at org.testng.TestNG.run(TestNG.java:1017)
	at org.testng.remote.AbstractRemoteTestNG.run(AbstractRemoteTestNG.java:115)
	at org.testng.remote.RemoteTestNG.initAndRun(RemoteTestNG.java:251)
	at org.testng.remote.RemoteTestNG.main(RemoteTestNG.java:77)
</pre></div></td>
<td>22</td>
<td>automation.project3ds.CreditCardTest@5cb9f472</td></tr>
<tr>
<td title='automation.project3ds.CreditCardTest.execute()'><b>execute</b><br>Test class: automation.project3ds.CreditCardTest<br>Parameters: 5200000000001054, http://feature-pwg-1107.wallapi.bamboo.stuffio.com/admin/test-offerwall?_application_name=CC+Embarcadero+test+%28JammyWall%29%5B101601%5D&data%5Ba_id%5D=101601&data%5Bwidget%5D=p1&data%5Bco_id%5D=1&data%5Buid%5D=218069cze3&data%5Bag_type%5D=fixed, {Cavv=blank, cardholderVerificationMethod=CVV2, expected_results_authentication=NA, Enrolled=U, EciFlag=01, WhiteListStatus=null, ErrorDesc=blank, WhiteListStatusSource=null, ErrorNo=0, Payload=blank, PAN=5200000000001054, SignitureVerification=blank, ACSUrl=blank, PAResStatus=blank, testName=Test Mastercard 6: Authentication Not Available on Lookup}</td>
<td><div><pre>java.lang.AssertionError: The following asserts failed:
	[EciFlag] expected [01] but found [00]
	at automation.project3ds.MySoftAssertAll.assertAll(MySoftAssertAll.java:60)
	at automation.project3ds.CreditCardTest.execute(CreditCardTest.java:334)
... Removed 25 stack frames</pre></div><a href='#' onClick='toggleBox("stack-trace732078063", this, "Click to show all stack frames", "Click to hide stack frames")'>Click to show all stack frames</a>
<div class='stack-trace' id='stack-trace732078063'><pre>java.lang.AssertionError: The following asserts failed:
	[EciFlag] expected [01] but found [00]
	at automation.project3ds.MySoftAssertAll.assertAll(MySoftAssertAll.java:60)
	at automation.project3ds.CreditCardTest.execute(CreditCardTest.java:334)
	at sun.reflect.GeneratedMethodAccessor21.invoke(Unknown Source)
	at sun.reflect.DelegatingMethodAccessorImpl.invoke(Unknown Source)
	at java.lang.reflect.Method.invoke(Unknown Source)
	at org.testng.internal.MethodInvocationHelper.invokeMethod(MethodInvocationHelper.java:124)
	at org.testng.internal.Invoker.invokeMethod(Invoker.java:583)
	at org.testng.internal.Invoker.invokeTestMethod(Invoker.java:719)
	at org.testng.internal.Invoker.invokeTestMethods(Invoker.java:989)
	at org.testng.internal.TestMethodWorker.invokeTestMethods(TestMethodWorker.java:125)
	at org.testng.internal.TestMethodWorker.run(TestMethodWorker.java:109)
	at org.testng.TestRunner.privateRun(TestRunner.java:648)
	at org.testng.TestRunner.run(TestRunner.java:505)
	at org.testng.SuiteRunner.runTest(SuiteRunner.java:455)
	at org.testng.SuiteRunner.runSequentially(SuiteRunner.java:450)
	at org.testng.SuiteRunner.privateRun(SuiteRunner.java:415)
	at org.testng.SuiteRunner.run(SuiteRunner.java:364)
	at org.testng.SuiteRunnerWorker.runSuite(SuiteRunnerWorker.java:52)
	at org.testng.SuiteRunnerWorker.run(SuiteRunnerWorker.java:84)
	at org.testng.TestNG.runSuitesSequentially(TestNG.java:1208)
	at org.testng.TestNG.runSuitesSequentially(TestNG.java:1204)
	at org.testng.TestNG.runSuitesLocally(TestNG.java:1137)
	at org.testng.TestNG.runSuites(TestNG.java:1049)
	at org.testng.TestNG.run(TestNG.java:1017)
	at org.testng.remote.AbstractRemoteTestNG.run(AbstractRemoteTestNG.java:115)
	at org.testng.remote.RemoteTestNG.initAndRun(RemoteTestNG.java:251)
	at org.testng.remote.RemoteTestNG.main(RemoteTestNG.java:77)
</pre></div></td>
<td>34</td>
<td>automation.project3ds.CreditCardTest@5cb9f472</td></tr>
<tr>
<td title='automation.project3ds.CreditCardTest.execute()'><b>execute</b><br>Test class: automation.project3ds.CreditCardTest<br>Parameters: 5200000000001062, http://feature-pwg-1107.wallapi.bamboo.stuffio.com/admin/test-offerwall?_application_name=CC+Embarcadero+test+%28JammyWall%29%5B101601%5D&data%5Ba_id%5D=101601&data%5Bwidget%5D=p1&data%5Bco_id%5D=1&data%5Buid%5D=218069cze3&data%5Bag_type%5D=fixed, {Cavv=blank, cardholderVerificationMethod=CVV2, expected_results_authentication=NA, Enrolled=blank, EciFlag=00, WhiteListStatus=null, ErrorDesc=value, WhiteListStatusSource=null, ErrorNo=value, Payload=blank, PAN=5200000000001062, SignitureVerification=blank, ACSUrl=blank, PAResStatus=blank, testName=Test Mastercard 7: Error on Lookup}</td>
<td><div><pre>java.lang.AssertionError: The following asserts failed:
	[Enrolled] expected [] but found [U]
	at automation.project3ds.MySoftAssertAll.assertAll(MySoftAssertAll.java:60)
	at automation.project3ds.CreditCardTest.execute(CreditCardTest.java:334)
... Removed 25 stack frames</pre></div><a href='#' onClick='toggleBox("stack-trace290413564", this, "Click to show all stack frames", "Click to hide stack frames")'>Click to show all stack frames</a>
<div class='stack-trace' id='stack-trace290413564'><pre>java.lang.AssertionError: The following asserts failed:
	[Enrolled] expected [] but found [U]
	at automation.project3ds.MySoftAssertAll.assertAll(MySoftAssertAll.java:60)
	at automation.project3ds.CreditCardTest.execute(CreditCardTest.java:334)
	at sun.reflect.GeneratedMethodAccessor21.invoke(Unknown Source)
	at sun.reflect.DelegatingMethodAccessorImpl.invoke(Unknown Source)
	at java.lang.reflect.Method.invoke(Unknown Source)
	at org.testng.internal.MethodInvocationHelper.invokeMethod(MethodInvocationHelper.java:124)
	at org.testng.internal.Invoker.invokeMethod(Invoker.java:583)
	at org.testng.internal.Invoker.invokeTestMethod(Invoker.java:719)
	at org.testng.internal.Invoker.invokeTestMethods(Invoker.java:989)
	at org.testng.internal.TestMethodWorker.invokeTestMethods(TestMethodWorker.java:125)
	at org.testng.internal.TestMethodWorker.run(TestMethodWorker.java:109)
	at org.testng.TestRunner.privateRun(TestRunner.java:648)
	at org.testng.TestRunner.run(TestRunner.java:505)
	at org.testng.SuiteRunner.runTest(SuiteRunner.java:455)
	at org.testng.SuiteRunner.runSequentially(SuiteRunner.java:450)
	at org.testng.SuiteRunner.privateRun(SuiteRunner.java:415)
	at org.testng.SuiteRunner.run(SuiteRunner.java:364)
	at org.testng.SuiteRunnerWorker.runSuite(SuiteRunnerWorker.java:52)
	at org.testng.SuiteRunnerWorker.run(SuiteRunnerWorker.java:84)
	at org.testng.TestNG.runSuitesSequentially(TestNG.java:1208)
	at org.testng.TestNG.runSuitesSequentially(TestNG.java:1204)
	at org.testng.TestNG.runSuitesLocally(TestNG.java:1137)
	at org.testng.TestNG.runSuites(TestNG.java:1049)
	at org.testng.TestNG.run(TestNG.java:1017)
	at org.testng.remote.AbstractRemoteTestNG.run(AbstractRemoteTestNG.java:115)
	at org.testng.remote.RemoteTestNG.initAndRun(RemoteTestNG.java:251)
	at org.testng.remote.RemoteTestNG.main(RemoteTestNG.java:77)
</pre></div></td>
<td>34</td>
<td>automation.project3ds.CreditCardTest@5cb9f472</td></tr>
<tr>
<td title='automation.project3ds.CreditCardTest.execute()'><b>execute</b><br>Test class: automation.project3ds.CreditCardTest<br>Parameters: 5200000000001070, http://feature-pwg-1107.wallapi.bamboo.stuffio.com/admin/test-offerwall?_application_name=CC+Embarcadero+test+%28JammyWall%29%5B101601%5D&data%5Ba_id%5D=101601&data%5Bwidget%5D=p1&data%5Bco_id%5D=1&data%5Buid%5D=218069cze3&data%5Bag_type%5D=fixed, {Cavv=blank, cardholderVerificationMethod=CVV2, expected_results_authentication=NA, Enrolled=blank, EciFlag=blank, WhiteListStatus=null, ErrorDesc=value, WhiteListStatusSource=null, ErrorNo=value, Payload=blank, PAN=5200000000001070, SignitureVerification=blank, ACSUrl=blank, PAResStatus=blank, testName=Test Mastercard 8: Timeout on cmpi_lookup Transaction}</td>
<td><div><pre>java.lang.AssertionError: The following asserts failed:
	[Enrolled] expected [] but found [U],
	[EciFlag] expected [] but found [00]
	at automation.project3ds.MySoftAssertAll.assertAll(MySoftAssertAll.java:60)
	at automation.project3ds.CreditCardTest.execute(CreditCardTest.java:334)
... Removed 25 stack frames</pre></div><a href='#' onClick='toggleBox("stack-trace53614388", this, "Click to show all stack frames", "Click to hide stack frames")'>Click to show all stack frames</a>
<div class='stack-trace' id='stack-trace53614388'><pre>java.lang.AssertionError: The following asserts failed:
	[Enrolled] expected [] but found [U],
	[EciFlag] expected [] but found [00]
	at automation.project3ds.MySoftAssertAll.assertAll(MySoftAssertAll.java:60)
	at automation.project3ds.CreditCardTest.execute(CreditCardTest.java:334)
	at sun.reflect.GeneratedMethodAccessor21.invoke(Unknown Source)
	at sun.reflect.DelegatingMethodAccessorImpl.invoke(Unknown Source)
	at java.lang.reflect.Method.invoke(Unknown Source)
	at org.testng.internal.MethodInvocationHelper.invokeMethod(MethodInvocationHelper.java:124)
	at org.testng.internal.Invoker.invokeMethod(Invoker.java:583)
	at org.testng.internal.Invoker.invokeTestMethod(Invoker.java:719)
	at org.testng.internal.Invoker.invokeTestMethods(Invoker.java:989)
	at org.testng.internal.TestMethodWorker.invokeTestMethods(TestMethodWorker.java:125)
	at org.testng.internal.TestMethodWorker.run(TestMethodWorker.java:109)
	at org.testng.TestRunner.privateRun(TestRunner.java:648)
	at org.testng.TestRunner.run(TestRunner.java:505)
	at org.testng.SuiteRunner.runTest(SuiteRunner.java:455)
	at org.testng.SuiteRunner.runSequentially(SuiteRunner.java:450)
	at org.testng.SuiteRunner.privateRun(SuiteRunner.java:415)
	at org.testng.SuiteRunner.run(SuiteRunner.java:364)
	at org.testng.SuiteRunnerWorker.runSuite(SuiteRunnerWorker.java:52)
	at org.testng.SuiteRunnerWorker.run(SuiteRunnerWorker.java:84)
	at org.testng.TestNG.runSuitesSequentially(TestNG.java:1208)
	at org.testng.TestNG.runSuitesSequentially(TestNG.java:1204)
	at org.testng.TestNG.runSuitesLocally(TestNG.java:1137)
	at org.testng.TestNG.runSuites(TestNG.java:1049)
	at org.testng.TestNG.run(TestNG.java:1017)
	at org.testng.remote.AbstractRemoteTestNG.run(AbstractRemoteTestNG.java:115)
	at org.testng.remote.RemoteTestNG.initAndRun(RemoteTestNG.java:251)
	at org.testng.remote.RemoteTestNG.main(RemoteTestNG.java:77)
</pre></div></td>
<td>47</td>
<td>automation.project3ds.CreditCardTest@5cb9f472</td></tr>
<tr>
<td title='automation.project3ds.CreditCardTest.execute()'><b>execute</b><br>Test class: automation.project3ds.CreditCardTest<br>Parameters: 5200000000001120, http://feature-pwg-1107.wallapi.bamboo.stuffio.com/admin/test-offerwall?_application_name=CC+Embarcadero+test+%28JammyWall%29%5B101601%5D&data%5Ba_id%5D=101601&data%5Bwidget%5D=p1&data%5Bco_id%5D=1&data%5Buid%5D=218069cze3&data%5Bag_type%5D=fixed, {Cavv=blank, cardholderVerificationMethod=NO_REQUEST, expected_results_authentication=value, EciFlag2=00, Cavv2=blank, ErrorDesc2=value, Enrolled=Y, EciFlag=value, WhiteListStatus=null, ErrorDesc=blank, PAResStatus2=blank, WhiteListStatusSource=null, ErrorNo=0, ErrorNo2=value, SignitureVerification2=blank, Payload=value, PAN=5200000000001120, SignitureVerification=Y, ACSUrl=value, PAResStatus=C, testName=Test Mastercard 13: Error on Authentication}</td>
<td><div><pre>java.lang.AssertionError: The following asserts failed:
	[EciFlag2] expected [00] but found []
	at automation.project3ds.MySoftAssertAll.assertAll(MySoftAssertAll.java:60)
	at automation.project3ds.CreditCardTest.execute(CreditCardTest.java:334)
... Removed 25 stack frames</pre></div><a href='#' onClick='toggleBox("stack-trace1802651387", this, "Click to show all stack frames", "Click to hide stack frames")'>Click to show all stack frames</a>
<div class='stack-trace' id='stack-trace1802651387'><pre>java.lang.AssertionError: The following asserts failed:
	[EciFlag2] expected [00] but found []
	at automation.project3ds.MySoftAssertAll.assertAll(MySoftAssertAll.java:60)
	at automation.project3ds.CreditCardTest.execute(CreditCardTest.java:334)
	at sun.reflect.GeneratedMethodAccessor21.invoke(Unknown Source)
	at sun.reflect.DelegatingMethodAccessorImpl.invoke(Unknown Source)
	at java.lang.reflect.Method.invoke(Unknown Source)
	at org.testng.internal.MethodInvocationHelper.invokeMethod(MethodInvocationHelper.java:124)
	at org.testng.internal.Invoker.invokeMethod(Invoker.java:583)
	at org.testng.internal.Invoker.invokeTestMethod(Invoker.java:719)
	at org.testng.internal.Invoker.invokeTestMethods(Invoker.java:989)
	at org.testng.internal.TestMethodWorker.invokeTestMethods(TestMethodWorker.java:125)
	at org.testng.internal.TestMethodWorker.run(TestMethodWorker.java:109)
	at org.testng.TestRunner.privateRun(TestRunner.java:648)
	at org.testng.TestRunner.run(TestRunner.java:505)
	at org.testng.SuiteRunner.runTest(SuiteRunner.java:455)
	at org.testng.SuiteRunner.runSequentially(SuiteRunner.java:450)
	at org.testng.SuiteRunner.privateRun(SuiteRunner.java:415)
	at org.testng.SuiteRunner.run(SuiteRunner.java:364)
	at org.testng.SuiteRunnerWorker.runSuite(SuiteRunnerWorker.java:52)
	at org.testng.SuiteRunnerWorker.run(SuiteRunnerWorker.java:84)
	at org.testng.TestNG.runSuitesSequentially(TestNG.java:1208)
	at org.testng.TestNG.runSuitesSequentially(TestNG.java:1204)
	at org.testng.TestNG.runSuitesLocally(TestNG.java:1137)
	at org.testng.TestNG.runSuites(TestNG.java:1049)
	at org.testng.TestNG.run(TestNG.java:1017)
	at org.testng.remote.AbstractRemoteTestNG.run(AbstractRemoteTestNG.java:115)
	at org.testng.remote.RemoteTestNG.initAndRun(RemoteTestNG.java:251)
	at org.testng.remote.RemoteTestNG.main(RemoteTestNG.java:77)
</pre></div></td>
<td>27</td>
<td>automation.project3ds.CreditCardTest@5cb9f472</td></tr>
<tr>
<td title='automation.project3ds.CreditCardTest.execute()'><b>execute</b><br>Test class: automation.project3ds.CreditCardTest<br>Parameters: 5200000000002029, http://feature-pwg-1107.wallapi.bamboo.stuffio.com/admin/test-offerwall?_application_name=CC+Embarcadero+test+%28JammyWall%29%5B101601%5D&data%5Ba_id%5D=101601&data%5Bwidget%5D=p1&data%5Bco_id%5D=1&data%5Buid%5D=218069cze3&data%5Bag_type%5D=fixed, {Cavv=value, cardholderVerificationMethod=value, expected_results_authentication=NA, Enrolled=Y, EciFlag=value, WhiteListStatus=null, ErrorDesc=blank, WhiteListStatusSource=null, ErrorNo=0, Payload=blank, PAN=5200000000002029, SignitureVerification=Y, ACSUrl=blank, PAResStatus=I, testName=Test Mastercard 18: Support TransStatus I}</td>
<td><div><pre>java.lang.AssertionError: The following asserts failed:
	[PAResStatus] expected [I] but found [U]
	at automation.project3ds.MySoftAssertAll.assertAll(MySoftAssertAll.java:60)
	at automation.project3ds.CreditCardTest.execute(CreditCardTest.java:334)
... Removed 25 stack frames</pre></div><a href='#' onClick='toggleBox("stack-trace217279121", this, "Click to show all stack frames", "Click to hide stack frames")'>Click to show all stack frames</a>
<div class='stack-trace' id='stack-trace217279121'><pre>java.lang.AssertionError: The following asserts failed:
	[PAResStatus] expected [I] but found [U]
	at automation.project3ds.MySoftAssertAll.assertAll(MySoftAssertAll.java:60)
	at automation.project3ds.CreditCardTest.execute(CreditCardTest.java:334)
	at sun.reflect.GeneratedMethodAccessor21.invoke(Unknown Source)
	at sun.reflect.DelegatingMethodAccessorImpl.invoke(Unknown Source)
	at java.lang.reflect.Method.invoke(Unknown Source)
	at org.testng.internal.MethodInvocationHelper.invokeMethod(MethodInvocationHelper.java:124)
	at org.testng.internal.Invoker.invokeMethod(Invoker.java:583)
	at org.testng.internal.Invoker.invokeTestMethod(Invoker.java:719)
	at org.testng.internal.Invoker.invokeTestMethods(Invoker.java:989)
	at org.testng.internal.TestMethodWorker.invokeTestMethods(TestMethodWorker.java:125)
	at org.testng.internal.TestMethodWorker.run(TestMethodWorker.java:109)
	at org.testng.TestRunner.privateRun(TestRunner.java:648)
	at org.testng.TestRunner.run(TestRunner.java:505)
	at org.testng.SuiteRunner.runTest(SuiteRunner.java:455)
	at org.testng.SuiteRunner.runSequentially(SuiteRunner.java:450)
	at org.testng.SuiteRunner.privateRun(SuiteRunner.java:415)
	at org.testng.SuiteRunner.run(SuiteRunner.java:364)
	at org.testng.SuiteRunnerWorker.runSuite(SuiteRunnerWorker.java:52)
	at org.testng.SuiteRunnerWorker.run(SuiteRunnerWorker.java:84)
	at org.testng.TestNG.runSuitesSequentially(TestNG.java:1208)
	at org.testng.TestNG.runSuitesSequentially(TestNG.java:1204)
	at org.testng.TestNG.runSuitesLocally(TestNG.java:1137)
	at org.testng.TestNG.runSuites(TestNG.java:1049)
	at org.testng.TestNG.run(TestNG.java:1017)
	at org.testng.remote.AbstractRemoteTestNG.run(AbstractRemoteTestNG.java:115)
	at org.testng.remote.RemoteTestNG.initAndRun(RemoteTestNG.java:251)
	at org.testng.remote.RemoteTestNG.main(RemoteTestNG.java:77)
</pre></div></td>
<td>33</td>
<td>automation.project3ds.CreditCardTest@5cb9f472</td></tr>
</table><p>
<table width='100%' border='1' class='invocation-passed'>
<tr><td colspan='4' align='center'><b>PASSED TESTS</b></td></tr>
<tr><td><b>Test method</b></td>
<td width="30%"><b>Exception</b></td>
<td width="10%"><b>Time (seconds)</b></td>
<td><b>Instance</b></td>
</tr>
<tr>
<td title='automation.project3ds.CreditCardTest.execute()'><b>execute</b><br>Test class: automation.project3ds.CreditCardTest<br>Parameters: 4000000000001000, http://feature-pwg-1107.wallapi.bamboo.stuffio.com/admin/test-offerwall?_application_name=CC+Embarcadero+test+%28JammyWall%29%5B101601%5D&data%5Ba_id%5D=101601&data%5Bwidget%5D=p1&data%5Bco_id%5D=1&data%5Buid%5D=218069cze3&data%5Bag_type%5D=fixed, {Cavv=value, cardholderVerificationMethod=THREEDS, expected_results_authentication=NA, Enrolled=Y, EciFlag=05, WhiteListStatus=null, ErrorDesc=blank, WhiteListStatusSource=null, ErrorNo=0, Payload=blank, PAN=4000000000001000, SignitureVerification=Y, ACSUrl=blank, PAResStatus=Y, testName=Test Visa 1: Successful Frictionless Authentication}</td>
<td></td>
<td>30</td>
<td>automation.project3ds.CreditCardTest@5cb9f472</td></tr>
<tr>
<td title='automation.project3ds.CreditCardTest.execute()'><b>execute</b><br>Test class: automation.project3ds.CreditCardTest<br>Parameters: 4000000000001018, http://feature-pwg-1107.wallapi.bamboo.stuffio.com/admin/test-offerwall?_application_name=CC+Embarcadero+test+%28JammyWall%29%5B101601%5D&data%5Ba_id%5D=101601&data%5Bwidget%5D=p1&data%5Bco_id%5D=1&data%5Buid%5D=218069cze3&data%5Bag_type%5D=fixed, {Cavv=blank, cardholderVerificationMethod=NO_REQUEST, expected_results_authentication=NA, Enrolled=Y, EciFlag=07, WhiteListStatus=null, ErrorDesc=blank, WhiteListStatusSource=null, ErrorNo=0, Payload=blank, PAN=4000000000001018, SignitureVerification=Y, ACSUrl=blank, PAResStatus=N, testName=Test Visa 2: Failed Frictionless Authentication}</td>
<td></td>
<td>24</td>
<td>automation.project3ds.CreditCardTest@5cb9f472</td></tr>
<tr>
<td title='automation.project3ds.CreditCardTest.execute()'><b>execute</b><br>Test class: automation.project3ds.CreditCardTest<br>Parameters: 4000000000001026, http://feature-pwg-1107.wallapi.bamboo.stuffio.com/admin/test-offerwall?_application_name=CC+Embarcadero+test+%28JammyWall%29%5B101601%5D&data%5Ba_id%5D=101601&data%5Bwidget%5D=p1&data%5Bco_id%5D=1&data%5Buid%5D=218069cze3&data%5Bag_type%5D=fixed, {Cavv=value, cardholderVerificationMethod=THREEDS_ATTEMPT, expected_results_authentication=NA, Enrolled=Y, EciFlag=06, WhiteListStatus=null, ErrorDesc=blank, WhiteListStatusSource=null, ErrorNo=0, Payload=blank, PAN=4000000000001026, SignitureVerification=Y, ACSUrl=blank, PAResStatus=A, testName=Test Visa 3: Attempts Frictionless Authentication}</td>
<td></td>
<td>23</td>
<td>automation.project3ds.CreditCardTest@5cb9f472</td></tr>
<tr>
<td title='automation.project3ds.CreditCardTest.execute()'><b>execute</b><br>Test class: automation.project3ds.CreditCardTest<br>Parameters: 4000000000001034, http://feature-pwg-1107.wallapi.bamboo.stuffio.com/admin/test-offerwall?_application_name=CC+Embarcadero+test+%28JammyWall%29%5B101601%5D&data%5Ba_id%5D=101601&data%5Bwidget%5D=p1&data%5Bco_id%5D=1&data%5Buid%5D=218069cze3&data%5Bag_type%5D=fixed, {Cavv=blank, cardholderVerificationMethod=CVV2, expected_results_authentication=NA, Enrolled=Y, EciFlag=07, WhiteListStatus=null, ErrorDesc=blank, WhiteListStatusSource=null, ErrorNo=0, Payload=blank, PAN=4000000000001034, SignitureVerification=Y, ACSUrl=blank, PAResStatus=U, testName=Test Visa 4: Unavailable Frictionless Authentication from the Issuer}</td>
<td></td>
<td>24</td>
<td>automation.project3ds.CreditCardTest@5cb9f472</td></tr>
<tr>
<td title='automation.project3ds.CreditCardTest.execute()'><b>execute</b><br>Test class: automation.project3ds.CreditCardTest<br>Parameters: 4000000000001042, http://feature-pwg-1107.wallapi.bamboo.stuffio.com/admin/test-offerwall?_application_name=CC+Embarcadero+test+%28JammyWall%29%5B101601%5D&data%5Ba_id%5D=101601&data%5Bwidget%5D=p1&data%5Bco_id%5D=1&data%5Buid%5D=218069cze3&data%5Bag_type%5D=fixed, {Cavv=blank, cardholderVerificationMethod=NO_REQUEST, expected_results_authentication=NA, Enrolled=Y, EciFlag=07, WhiteListStatus=null, ErrorDesc=blank, WhiteListStatusSource=null, ErrorNo=0, Payload=blank, PAN=4000000000001042, SignitureVerification=Y, ACSUrl=blank, PAResStatus=R, testName=Test Visa 5: Rejected Frictionless Authentication by the Issuer}</td>
<td></td>
<td>23</td>
<td>automation.project3ds.CreditCardTest@5cb9f472</td></tr>
<tr>
<td title='automation.project3ds.CreditCardTest.execute()'><b>execute</b><br>Test class: automation.project3ds.CreditCardTest<br>Parameters: 4000000000001059, http://feature-pwg-1107.wallapi.bamboo.stuffio.com/admin/test-offerwall?_application_name=CC+Embarcadero+test+%28JammyWall%29%5B101601%5D&data%5Ba_id%5D=101601&data%5Bwidget%5D=p1&data%5Bco_id%5D=1&data%5Buid%5D=218069cze3&data%5Bag_type%5D=fixed, {Cavv=blank, cardholderVerificationMethod=CVV2, expected_results_authentication=NA, Enrolled=U, EciFlag=07, WhiteListStatus=null, ErrorDesc=blank, WhiteListStatusSource=null, ErrorNo=0, Payload=blank, PAN=4000000000001059, SignitureVerification=blank, ACSUrl=blank, PAResStatus=blank, testName=Test Visa 6: Authentication Not Available on Lookup}</td>
<td></td>
<td>23</td>
<td>automation.project3ds.CreditCardTest@5cb9f472</td></tr>
<tr>
<td title='automation.project3ds.CreditCardTest.execute()'><b>execute</b><br>Test class: automation.project3ds.CreditCardTest<br>Parameters: 4000000000001083, http://feature-pwg-1107.wallapi.bamboo.stuffio.com/admin/test-offerwall?_application_name=CC+Embarcadero+test+%28JammyWall%29%5B101601%5D&data%5Ba_id%5D=101601&data%5Bwidget%5D=p1&data%5Bco_id%5D=1&data%5Buid%5D=218069cze3&data%5Bag_type%5D=fixed, {Cavv=blank, cardholderVerificationMethod=CVV2, expected_results_authentication=NA, Enrolled=B, EciFlag=07, WhiteListStatus=null, ErrorDesc=blank, WhiteListStatusSource=null, ErrorNo=0, Payload=blank, PAN=4000000000001083, SignitureVerification=blank, ACSUrl=blank, PAResStatus=blank, testName=Test Visa 9: Bypassed Authentication}</td>
<td></td>
<td>23</td>
<td>automation.project3ds.CreditCardTest@5cb9f472</td></tr>
<tr>
<td title='automation.project3ds.CreditCardTest.execute()'><b>execute</b><br>Test class: automation.project3ds.CreditCardTest<br>Parameters: 4000000000001091, http://feature-pwg-1107.wallapi.bamboo.stuffio.com/admin/test-offerwall?_application_name=CC+Embarcadero+test+%28JammyWall%29%5B101601%5D&data%5Ba_id%5D=101601&data%5Bwidget%5D=p1&data%5Bco_id%5D=1&data%5Buid%5D=218069cze3&data%5Bag_type%5D=fixed, {Cavv=blank, cardholderVerificationMethod=THREEDS, expected_results_authentication=value, EciFlag2=05, Cavv2=value, ErrorDesc2=Success, Enrolled=Y, EciFlag=value, WhiteListStatus=null, ErrorDesc=blank, PAResStatus2=Y, WhiteListStatusSource=null, ErrorNo=0, ErrorNo2=0, SignitureVerification2=Y, Payload=value, PAN=4000000000001091, SignitureVerification=Y, ACSUrl=value, PAResStatus=C, testName=Test Visa 10: Successful Step Up Authentication}</td>
<td></td>
<td>30</td>
<td>automation.project3ds.CreditCardTest@5cb9f472</td></tr>
<tr>
<td title='automation.project3ds.CreditCardTest.execute()'><b>execute</b><br>Test class: automation.project3ds.CreditCardTest<br>Parameters: 4000000000001109, http://feature-pwg-1107.wallapi.bamboo.stuffio.com/admin/test-offerwall?_application_name=CC+Embarcadero+test+%28JammyWall%29%5B101601%5D&data%5Ba_id%5D=101601&data%5Bwidget%5D=p1&data%5Bco_id%5D=1&data%5Buid%5D=218069cze3&data%5Bag_type%5D=fixed, {Cavv=blank, cardholderVerificationMethod=NO_REQUEST, expected_results_authentication=value, EciFlag2=07, Cavv2=blank, ErrorDesc2=Success, Enrolled=Y, EciFlag=value, WhiteListStatus=null, ErrorDesc=blank, PAResStatus2=N, WhiteListStatusSource=null, ErrorNo=0, ErrorNo2=0, SignitureVerification2=Y, Payload=value, PAN=4000000000001109, SignitureVerification=Y, ACSUrl=value, PAResStatus=C, testName=Test Visa 11: Failed Step Up Authentication}</td>
<td></td>
<td>28</td>
<td>automation.project3ds.CreditCardTest@5cb9f472</td></tr>
<tr>
<td title='automation.project3ds.CreditCardTest.execute()'><b>execute</b><br>Test class: automation.project3ds.CreditCardTest<br>Parameters: 4000000000001117, http://feature-pwg-1107.wallapi.bamboo.stuffio.com/admin/test-offerwall?_application_name=CC+Embarcadero+test+%28JammyWall%29%5B101601%5D&data%5Ba_id%5D=101601&data%5Bwidget%5D=p1&data%5Bco_id%5D=1&data%5Buid%5D=218069cze3&data%5Bag_type%5D=fixed, {Cavv=blank, cardholderVerificationMethod=CVV2, expected_results_authentication=value, EciFlag2=07, Cavv2=blank, ErrorDesc2=Success, Enrolled=Y, EciFlag=value, WhiteListStatus=null, ErrorDesc=blank, PAResStatus2=U, WhiteListStatusSource=null, ErrorNo=0, ErrorNo2=0, SignitureVerification2=Y, Payload=value, PAN=4000000000001117, SignitureVerification=Y, ACSUrl=value, PAResStatus=C, testName=Test Visa 12: Step Up Authentication is Unavailable}</td>
<td></td>
<td>28</td>
<td>automation.project3ds.CreditCardTest@5cb9f472</td></tr>
<tr>
<td title='automation.project3ds.CreditCardTest.execute()'><b>execute</b><br>Test class: automation.project3ds.CreditCardTest<br>Parameters: 4000000000001125, http://feature-pwg-1107.wallapi.bamboo.stuffio.com/admin/test-offerwall?_application_name=CC+Embarcadero+test+%28JammyWall%29%5B101601%5D&data%5Ba_id%5D=101601&data%5Bwidget%5D=p1&data%5Bco_id%5D=1&data%5Buid%5D=218069cze3&data%5Bag_type%5D=fixed, {Cavv=blank, cardholderVerificationMethod=NO_REQUEST, expected_results_authentication=value, EciFlag2=blank, Cavv2=blank, ErrorDesc2=value, Enrolled=Y, EciFlag=value, WhiteListStatus=null, ErrorDesc=blank, PAResStatus2=blank, WhiteListStatusSource=null, ErrorNo=0, ErrorNo2=value, SignitureVerification2=blank, Payload=value, PAN=4000000000001125, SignitureVerification=Y, ACSUrl=value, PAResStatus=C, testName=Test Visa 13: Error on Authentication}</td>
<td></td>
<td>27</td>
<td>automation.project3ds.CreditCardTest@5cb9f472</td></tr>
<tr>
<td title='automation.project3ds.CreditCardTest.execute()'><b>execute</b><br>Test class: automation.project3ds.CreditCardTest<br>Parameters: 4000000000001133, http://feature-pwg-1107.wallapi.bamboo.stuffio.com/admin/test-offerwall?_application_name=CC+Embarcadero+test+%28JammyWall%29%5B101601%5D&data%5Ba_id%5D=101601&data%5Bwidget%5D=p1&data%5Bco_id%5D=1&data%5Buid%5D=218069cze3&data%5Bag_type%5D=fixed, {Cavv=blank, cardholderVerificationMethod=CVV2, expected_results_authentication=value, EciFlag2=value, Cavv2=blank, ErrorDesc2=Success, Enrolled=Y, EciFlag=value, WhiteListStatus=null, ErrorDesc=blank, PAResStatus2=B, WhiteListStatusSource=null, ErrorNo=0, ErrorNo2=0, SignitureVerification2=Y, Payload=value, PAN=4000000000001133, SignitureVerification=Y, ACSUrl=value, PAResStatus=C, testName=Test Visa 14: Step Up Authentication with Merchant Bypass}</td>
<td></td>
<td>29</td>
<td>automation.project3ds.CreditCardTest@5cb9f472</td></tr>
<tr>
<td title='automation.project3ds.CreditCardTest.execute()'><b>execute</b><br>Test class: automation.project3ds.CreditCardTest<br>Parameters: 4000000000001141, http://feature-pwg-1107.wallapi.bamboo.stuffio.com/admin/test-offerwall?_application_name=CC+Embarcadero+test+%28JammyWall%29%5B101601%5D&data%5Ba_id%5D=101601&data%5Bwidget%5D=p1&data%5Bco_id%5D=1&data%5Buid%5D=218069cze3&data%5Bag_type%5D=fixed, {Cavv=value, cardholderVerificationMethod=value, expected_results_authentication=NA, Enrolled=Y, EciFlag=value, WhiteListStatus=null, ErrorDesc=blank, WhiteListStatusSource=null, ErrorNo=0, Payload=blank, PAN=4000000000001141, SignitureVerification=Y, ACSUrl=blank, PAResStatus=Y, testName=Test Visa 15: Require MethodURL}</td>
<td></td>
<td>22</td>
<td>automation.project3ds.CreditCardTest@5cb9f472</td></tr>
<tr>
<td title='automation.project3ds.CreditCardTest.execute()'><b>execute</b><br>Test class: automation.project3ds.CreditCardTest<br>Parameters: 4000000000002016, http://feature-pwg-1107.wallapi.bamboo.stuffio.com/admin/test-offerwall?_application_name=CC+Embarcadero+test+%28JammyWall%29%5B101601%5D&data%5Ba_id%5D=101601&data%5Bwidget%5D=p1&data%5Bco_id%5D=1&data%5Buid%5D=218069cze3&data%5Bag_type%5D=fixed, {Cavv=value, cardholderVerificationMethod=value, expected_results_authentication=NA, Enrolled=Y, EciFlag=value, WhiteListStatus=Y, ErrorDesc=blank, WhiteListStatusSource=value, ErrorNo=0, Payload=blank, PAN=4000000000002016, SignitureVerification=Y, ACSUrl=blank, PAResStatus=Y, testName=Test Visa 17: Pre-Whitelisted}</td>
<td></td>
<td>23</td>
<td>automation.project3ds.CreditCardTest@5cb9f472</td></tr>
<tr>
<td title='automation.project3ds.CreditCardTest.execute()'><b>execute</b><br>Test class: automation.project3ds.CreditCardTest<br>Parameters: 5200000000001005, http://feature-pwg-1107.wallapi.bamboo.stuffio.com/admin/test-offerwall?_application_name=CC+Embarcadero+test+%28JammyWall%29%5B101601%5D&data%5Ba_id%5D=101601&data%5Bwidget%5D=p1&data%5Bco_id%5D=1&data%5Buid%5D=218069cze3&data%5Bag_type%5D=fixed, {Cavv=value, cardholderVerificationMethod=THREEDS, expected_results_authentication=NA, Enrolled=Y, EciFlag=02, WhiteListStatus=null, ErrorDesc=blank, WhiteListStatusSource=null, ErrorNo=0, Payload=blank, PAN=5200000000001005, SignitureVerification=Y, ACSUrl=blank, PAResStatus=Y, testName=Test Mastercard 1: Successful Frictionless Authentication}</td>
<td></td>
<td>45</td>
<td>automation.project3ds.CreditCardTest@5cb9f472</td></tr>
<tr>
<td title='automation.project3ds.CreditCardTest.execute()'><b>execute</b><br>Test class: automation.project3ds.CreditCardTest<br>Parameters: 5200000000001013, http://feature-pwg-1107.wallapi.bamboo.stuffio.com/admin/test-offerwall?_application_name=CC+Embarcadero+test+%28JammyWall%29%5B101601%5D&data%5Ba_id%5D=101601&data%5Bwidget%5D=p1&data%5Bco_id%5D=1&data%5Buid%5D=218069cze3&data%5Bag_type%5D=fixed, {Cavv=blank, cardholderVerificationMethod=NO_REQUEST, expected_results_authentication=NA, Enrolled=Y, EciFlag=00, WhiteListStatus=null, ErrorDesc=blank, WhiteListStatusSource=null, ErrorNo=0, Payload=blank, PAN=5200000000001013, SignitureVerification=Y, ACSUrl=blank, PAResStatus=N, testName=Test Mastercard 2: Failed Frictionless Authentication}</td>
<td></td>
<td>28</td>
<td>automation.project3ds.CreditCardTest@5cb9f472</td></tr>
<tr>
<td title='automation.project3ds.CreditCardTest.execute()'><b>execute</b><br>Test class: automation.project3ds.CreditCardTest<br>Parameters: 5200000000001021, http://feature-pwg-1107.wallapi.bamboo.stuffio.com/admin/test-offerwall?_application_name=CC+Embarcadero+test+%28JammyWall%29%5B101601%5D&data%5Ba_id%5D=101601&data%5Bwidget%5D=p1&data%5Bco_id%5D=1&data%5Buid%5D=218069cze3&data%5Bag_type%5D=fixed, {Cavv=value, cardholderVerificationMethod=THREEDS_ATTEMPT, expected_results_authentication=NA, Enrolled=Y, EciFlag=01, WhiteListStatus=null, ErrorDesc=blank, WhiteListStatusSource=null, ErrorNo=0, Payload=blank, PAN=5200000000001021, SignitureVerification=Y, ACSUrl=blank, PAResStatus=A, testName=Test Mastercard 3: Attempts Frictionless Authentication}</td>
<td></td>
<td>39</td>
<td>automation.project3ds.CreditCardTest@5cb9f472</td></tr>
<tr>
<td title='automation.project3ds.CreditCardTest.execute()'><b>execute</b><br>Test class: automation.project3ds.CreditCardTest<br>Parameters: 5200000000001039, http://feature-pwg-1107.wallapi.bamboo.stuffio.com/admin/test-offerwall?_application_name=CC+Embarcadero+test+%28JammyWall%29%5B101601%5D&data%5Ba_id%5D=101601&data%5Bwidget%5D=p1&data%5Bco_id%5D=1&data%5Buid%5D=218069cze3&data%5Bag_type%5D=fixed, {Cavv=blank, cardholderVerificationMethod=CVV2, expected_results_authentication=NA, Enrolled=Y, EciFlag=00, WhiteListStatus=null, ErrorDesc=blank, WhiteListStatusSource=null, ErrorNo=0, Payload=blank, PAN=5200000000001039, SignitureVerification=Y, ACSUrl=blank, PAResStatus=U, testName=Test Mastercard 4: Unavailable Frictionless Authentication from the Issuer}</td>
<td></td>
<td>46</td>
<td>automation.project3ds.CreditCardTest@5cb9f472</td></tr>
<tr>
<td title='automation.project3ds.CreditCardTest.execute()'><b>execute</b><br>Test class: automation.project3ds.CreditCardTest<br>Parameters: 5200000000001047, http://feature-pwg-1107.wallapi.bamboo.stuffio.com/admin/test-offerwall?_application_name=CC+Embarcadero+test+%28JammyWall%29%5B101601%5D&data%5Ba_id%5D=101601&data%5Bwidget%5D=p1&data%5Bco_id%5D=1&data%5Buid%5D=218069cze3&data%5Bag_type%5D=fixed, {Cavv=blank, cardholderVerificationMethod=NO_REQUEST, expected_results_authentication=NA, Enrolled=Y, EciFlag=00, WhiteListStatus=null, ErrorDesc=blank, WhiteListStatusSource=null, ErrorNo=0, Payload=blank, PAN=5200000000001047, SignitureVerification=Y, ACSUrl=blank, PAResStatus=R, testName=Test Mastercard 5: Rejected Frictionless Authentication by the Issuer}</td>
<td></td>
<td>22</td>
<td>automation.project3ds.CreditCardTest@5cb9f472</td></tr>
<tr>
<td title='automation.project3ds.CreditCardTest.execute()'><b>execute</b><br>Test class: automation.project3ds.CreditCardTest<br>Parameters: 5200000000001088, http://feature-pwg-1107.wallapi.bamboo.stuffio.com/admin/test-offerwall?_application_name=CC+Embarcadero+test+%28JammyWall%29%5B101601%5D&data%5Ba_id%5D=101601&data%5Bwidget%5D=p1&data%5Bco_id%5D=1&data%5Buid%5D=218069cze3&data%5Bag_type%5D=fixed, {Cavv=blank, cardholderVerificationMethod=CVV2, expected_results_authentication=NA, Enrolled=B, EciFlag=00, WhiteListStatus=null, ErrorDesc=blank, WhiteListStatusSource=null, ErrorNo=0, Payload=blank, PAN=5200000000001088, SignitureVerification=blank, ACSUrl=blank, PAResStatus=blank, testName=Test Mastercard 9: Bypassed Authentication}</td>
<td></td>
<td>37</td>
<td>automation.project3ds.CreditCardTest@5cb9f472</td></tr>
<tr>
<td title='automation.project3ds.CreditCardTest.execute()'><b>execute</b><br>Test class: automation.project3ds.CreditCardTest<br>Parameters: 5200000000001096, http://feature-pwg-1107.wallapi.bamboo.stuffio.com/admin/test-offerwall?_application_name=CC+Embarcadero+test+%28JammyWall%29%5B101601%5D&data%5Ba_id%5D=101601&data%5Bwidget%5D=p1&data%5Bco_id%5D=1&data%5Buid%5D=218069cze3&data%5Bag_type%5D=fixed, {Cavv=blank, cardholderVerificationMethod=THREEDS, expected_results_authentication=value, EciFlag2=02, Cavv2=value, ErrorDesc2=Success, Enrolled=Y, EciFlag=value, WhiteListStatus=null, ErrorDesc=blank, PAResStatus2=Y, WhiteListStatusSource=null, ErrorNo=0, ErrorNo2=0, SignitureVerification2=Y, Payload=value, PAN=5200000000001096, SignitureVerification=Y, ACSUrl=value, PAResStatus=C, testName=Test Mastercard 10: Successful Step Up Authentication}</td>
<td></td>
<td>41</td>
<td>automation.project3ds.CreditCardTest@5cb9f472</td></tr>
<tr>
<td title='automation.project3ds.CreditCardTest.execute()'><b>execute</b><br>Test class: automation.project3ds.CreditCardTest<br>Parameters: 5200000000001104, http://feature-pwg-1107.wallapi.bamboo.stuffio.com/admin/test-offerwall?_application_name=CC+Embarcadero+test+%28JammyWall%29%5B101601%5D&data%5Ba_id%5D=101601&data%5Bwidget%5D=p1&data%5Bco_id%5D=1&data%5Buid%5D=218069cze3&data%5Bag_type%5D=fixed, {Cavv=blank, cardholderVerificationMethod=NO_REQUEST, expected_results_authentication=value, EciFlag2=00, Cavv2=blank, ErrorDesc2=Success, Enrolled=Y, EciFlag=00, WhiteListStatus=null, ErrorDesc=blank, PAResStatus2=N, WhiteListStatusSource=null, ErrorNo=0, ErrorNo2=0, SignitureVerification2=Y, Payload=value, PAN=5200000000001104, SignitureVerification=Y, ACSUrl=value, PAResStatus=C, testName=Test Mastercard 11: Failed Step Up Authentication}</td>
<td></td>
<td>28</td>
<td>automation.project3ds.CreditCardTest@5cb9f472</td></tr>
<tr>
<td title='automation.project3ds.CreditCardTest.execute()'><b>execute</b><br>Test class: automation.project3ds.CreditCardTest<br>Parameters: 5200000000001112, http://feature-pwg-1107.wallapi.bamboo.stuffio.com/admin/test-offerwall?_application_name=CC+Embarcadero+test+%28JammyWall%29%5B101601%5D&data%5Ba_id%5D=101601&data%5Bwidget%5D=p1&data%5Bco_id%5D=1&data%5Buid%5D=218069cze3&data%5Bag_type%5D=fixed, {Cavv=blank, cardholderVerificationMethod=YES_REQUEST, expected_results_authentication=value, EciFlag2=00, Cavv2=blank, ErrorDesc2=Success, Enrolled=Y, EciFlag=00, WhiteListStatus=null, ErrorDesc=blank, PAResStatus2=U, WhiteListStatusSource=null, ErrorNo=0, ErrorNo2=0, SignitureVerification2=Y, Payload=value, PAN=5200000000001112, SignitureVerification=Y, ACSUrl=value, PAResStatus=C, testName=Test Mastercard 12: Step Up Authentication is Unavailable}</td>
<td></td>
<td>41</td>
<td>automation.project3ds.CreditCardTest@5cb9f472</td></tr>
<tr>
<td title='automation.project3ds.CreditCardTest.execute()'><b>execute</b><br>Test class: automation.project3ds.CreditCardTest<br>Parameters: 5200000000001138, http://feature-pwg-1107.wallapi.bamboo.stuffio.com/admin/test-offerwall?_application_name=CC+Embarcadero+test+%28JammyWall%29%5B101601%5D&data%5Ba_id%5D=101601&data%5Bwidget%5D=p1&data%5Bco_id%5D=1&data%5Buid%5D=218069cze3&data%5Bag_type%5D=fixed, {Cavv=blank, cardholderVerificationMethod=CVV2, expected_results_authentication=value, EciFlag2=value, Cavv2=blank, ErrorDesc2=Success, Enrolled=Y, EciFlag=value, WhiteListStatus=null, ErrorDesc=blank, PAResStatus2=B, WhiteListStatusSource=null, ErrorNo=0, ErrorNo2=0, SignitureVerification2=Y, Payload=value, PAN=5200000000001138, SignitureVerification=Y, ACSUrl=value, PAResStatus=C, testName=Test Mastercard 14: Step Up Authentication with Merchant Bypass}</td>
<td></td>
<td>42</td>
<td>automation.project3ds.CreditCardTest@5cb9f472</td></tr>
<tr>
<td title='automation.project3ds.CreditCardTest.execute()'><b>execute</b><br>Test class: automation.project3ds.CreditCardTest<br>Parameters: 5200000000001146, http://feature-pwg-1107.wallapi.bamboo.stuffio.com/admin/test-offerwall?_application_name=CC+Embarcadero+test+%28JammyWall%29%5B101601%5D&data%5Ba_id%5D=101601&data%5Bwidget%5D=p1&data%5Bco_id%5D=1&data%5Buid%5D=218069cze3&data%5Bag_type%5D=fixed, {Cavv=value, cardholderVerificationMethod=value, expected_results_authentication=NA, Enrolled=Y, EciFlag=value, WhiteListStatus=null, ErrorDesc=blank, WhiteListStatusSource=null, ErrorNo=0, Payload=blank, PAN=5200000000001146, SignitureVerification=Y, ACSUrl=blank, PAResStatus=Y, testName=Test Mastercard 15: Require MethodURL}</td>
<td></td>
<td>34</td>
<td>automation.project3ds.CreditCardTest@5cb9f472</td></tr>
<tr>
<td title='automation.project3ds.CreditCardTest.execute()'><b>execute</b><br>Test class: automation.project3ds.CreditCardTest<br>Parameters: 5200000000002003, http://feature-pwg-1107.wallapi.bamboo.stuffio.com/admin/test-offerwall?_application_name=CC+Embarcadero+test+%28JammyWall%29%5B101601%5D&data%5Ba_id%5D=101601&data%5Bwidget%5D=p1&data%5Bco_id%5D=1&data%5Buid%5D=218069cze3&data%5Bag_type%5D=fixed, {Cavv=blank, cardholderVerificationMethod=value, expected_results_authentication=value, EciFlag2=value, Cavv2=value, ErrorDesc2=Success, Enrolled=Y, EciFlag=value, WhiteListStatus=null, ErrorDesc=blank, PAResStatus2=Y, WhiteListStatusSource=null, ErrorNo=0, ErrorNo2=0, SignitureVerification2=Y, Payload=value, PAN=5200000000002003, SignitureVerification=Y, ACSUrl=value, PAResStatus=C, testName=Test Mastercard 16: Prompt for Whitelist}</td>
<td></td>
<td>43</td>
<td>automation.project3ds.CreditCardTest@5cb9f472</td></tr>
<tr>
<td title='automation.project3ds.CreditCardTest.execute()'><b>execute</b><br>Test class: automation.project3ds.CreditCardTest<br>Parameters: 5200000000002011, http://feature-pwg-1107.wallapi.bamboo.stuffio.com/admin/test-offerwall?_application_name=CC+Embarcadero+test+%28JammyWall%29%5B101601%5D&data%5Ba_id%5D=101601&data%5Bwidget%5D=p1&data%5Bco_id%5D=1&data%5Buid%5D=218069cze3&data%5Bag_type%5D=fixed, {Cavv=value, cardholderVerificationMethod=value, expected_results_authentication=NA, Enrolled=Y, EciFlag=value, WhiteListStatus=Y, ErrorDesc=blank, WhiteListStatusSource=value, ErrorNo=0, Payload=blank, PAN=5200000000002011, SignitureVerification=Y, ACSUrl=blank, PAResStatus=Y, testName=Test Mastercard 17: Pre-Whitelisted}</td>
<td></td>
<td>38</td>
<td>automation.project3ds.CreditCardTest@5cb9f472</td></tr>
</table><p>
</body>
</html>