

<!DOCTYPE html>
<html>
<head>
	<meta charset='utf-8' /> 
	<meta name='description' content='' />
	<meta name='robots' content='noodp, noydir' />
	<meta name='viewport' content='width=device-width, initial-scale=1' />
	<meta id="timeStampFormat" name="timeStampFormat" content='MMM d, yyyy hh:mm:ss a'/>
	
	<link href='https://fonts.googleapis.com/css?family=Source+Sans+Pro:400,600' rel='stylesheet' type='text/css' />
	<link href="https://fonts.googleapis.com/icon?family=Material+Icons" rel="stylesheet" />
	<link href='https://cdn.rawgit.com/extent-framework/extent-github-cdn/b65cd69/v3html/css/extent.css' type='text/css' rel='stylesheet' />
	
	<title>ExtentReports</title>

	<style type='text/css'>
		/* json-tree */
		.jstBracket,.jstComma,.jstValue{white-space:pre-wrap}.jstValue{font-size:10px;font-weight:400;font-family:"Lucida Console",Monaco,monospace}.jstProperty{color:#666;word-wrap:break-word}.jstBool{color:#2525CC}.jstNum{color:#D036D0}.jstNull{color:gray}.jstStr{color:#2DB669}.jstFold:after{content:' -';cursor:pointer}.jstExpand{white-space:normal}.jstExpand:after{content:' +';cursor:pointer}.jstFolded{white-space:normal!important}.jstHiddenBlock{display:none}
			.r-img { width: 30%; }
	</style>
	
	<script type="text/javascript">
		/*! json-tree - v0.2.2 - 2017-09-25, MIT LICENSE */
		var JSONTree=function(){var n={"&":"&amp;","<":"&lt;",">":"&gt;",'"':"&quot;","'":"&#x27;","/":"&#x2F;"},t=0,r=0;this.create=function(n,t){return r+=1,N(u(n,0,!1),{class:"jstValue"})};var e=function(t){return t.replace(/[&<>'"]/g,function(t){return n[t]})},s=function(){return r+"_"+t++},u=function(n,t,r){if(null===n)return f(r?t:0);switch(typeof n){case"boolean":return l(n,r?t:0);case"number":return i(n,r?t:0);case"string":return o(n,r?t:0);default:return n instanceof Array?a(n,t,r):c(n,t,r)}},c=function(n,t,r){var e=s(),u=Object.keys(n).map(function(r){return j(r,n[r],t+1,!0)}).join(m()),c=[g("{",r?t:0,e),N(u,{id:e}),p("}",t)].join("\n");return N(c,{})},a=function(n,t,r){var e=s(),c=n.map(function(n){return u(n,t+1,!0)}).join(m());return[g("[",r?t:0,e),N(c,{id:e}),p("]",t)].join("\n")},o=function(n,t){var r=e(JSON.stringify(n));return N(v(r,t),{class:"jstStr"})},i=function(n,t){return N(v(n,t),{class:"jstNum"})},l=function(n,t){return N(v(n,t),{class:"jstBool"})},f=function(n){return N(v("null",n),{class:"jstNull"})},j=function(n,t,r){var s=v(e(JSON.stringify(n))+": ",r),c=N(u(t,r,!1),{});return N(s+c,{class:"jstProperty"})},m=function(){return N(",\n",{class:"jstComma"})},N=function(n,t){return d("span",t,n)},d=function(n,t,r){return"<"+n+Object.keys(t).map(function(n){return" "+n+'="'+t[n]+'"'}).join("")+">"+r+"</"+n+">"},g=function(n,t,r){return N(v(n,t),{class:"jstBracket"})+N("",{class:"jstFold",onclick:"JSONTree.toggle('"+r+"')"})};this.toggle=function(n){var t=document.getElementById(n),r=t.parentNode,e=t.previousElementSibling;""===t.className?(t.className="jstHiddenBlock",r.className="jstFolded",e.className="jstExpand"):(t.className="",r.className="",e.className="jstFold")};var p=function(n,t){return N(v(n,t),{})},v=function(n,t){return Array(2*t+1).join(" ")+n};return this}();
	</script>
</head>
	<body class='extent dark default hide-overflow '>
		<div id='theme-selector' alt='Click to toggle theme. To enable by default, use theme configuration.' title='Click to toggle theme. To enable by default, use theme configuration.'>
			<span><i class='material-icons'>desktop_windows</i></span>
		</div>
<nav>
	<div class="nav-wrapper">
		<a href="#!" class="brand-logo black"><img src="https://cdn.rawgit.com/extent-framework/extent-github-cdn/d74480e/commons/img/logo.png"></a>
		<!-- slideout menu -->
		<ul id='slide-out' class='side-nav fixed hide-on-med-and-down'>
			<li class='waves-effect active'><a href='#!' view='test-view' onclick="configureView(0);chartsView('test');"><i class='material-icons'>dashboard</i></a></li>
						<li class='waves-effect'><a href='#!' view='category-view' onclick="configureView(1)"><i class='material-icons'>label_outline</i></a></li>
			<li class='waves-effect'><a href='#!' view='exception-view' onclick="configureView(2)"><i class='material-icons'>bug_report</i></a></li>
			<li class='waves-effect'><a href='#!' onclick="configureView(-1);chartsView('dashboard');" view='dashboard-view'><i class='material-icons'>track_changes</i></a></li>
		</ul>
		<!-- report name -->
		<span class='report-name'>ExtentReports</span>
		<!-- report headline -->
		<span class='report-headline'></span>
		<!-- nav-right -->
		<ul id='nav-mobile' class='right hide-on-med-and-down nav-right'>
			<a href='#!'>
			<span class='label blue darken-3 suite-start-time'>Sep 19, 2019 04:20:27 PM</span>
			</a>
		</ul>
	</div>
</nav>		<!-- container -->
		<div class='container'>
<div id='test-view' class='view'>
	<section id='controls'>
		<div class='controls grey lighten-4'>
			<!-- test toggle -->
			<div class='chip transparent'>
				<a class='dropdown-button tests-toggle' data-activates='tests-toggle' data-constrainwidth='true' data-beloworigin='true' data-hover='true' href='#'>
				<i class='material-icons'>warning</i> Status
				</a>
				<ul id='tests-toggle' class='dropdown-content'>
										<li status='fail'><a href='#!'>Fail <i class='material-icons red-text'>cancel</i></a></li>
					<li class='divider'></li>
					<li status='clear' clear='true'><a href='#!'>Clear Filters <i class='material-icons'>clear</i></a></li>
				</ul>
			</div>
			<!-- test toggle -->
			<!-- category toggle -->
			<div class='chip transparent'>
				<a class='dropdown-button category-toggle' data-activates='category-toggle' data-constrainwidth='false' data-beloworigin='true' data-hover='true' href='#'>
				<i class='material-icons'>local_offer</i> Category
				</a>
				<ul id='category-toggle' class='dropdown-content'>
					<li><a href='#'>BrickToFP_OFF1</a></li>
					<li class='divider'></li>
					<li class='clear'><a href='#!' clear='true'>Clear Filters</a></li>
				</ul>
			</div>
			<!-- category toggle -->
			<!-- clear filters -->
			<div class='chip transparent hide'>
				<a class='' id='clear-filters' alt='Clear Filters' title='Clear Filters'>
				<i class='material-icons'>close</i> Clear
				</a>
			</div>
			<!-- clear filters -->
			<!-- enable dashboard -->
			<div id='toggle-test-view-charts' class='chip transparent'>
				<a class='pink-text' id='enable-dashboard' alt='Enable Dashboard' title='Enable Dashboard'>
				<i class='material-icons'>track_changes</i> Dashboard
				</a>
			</div>
			<!-- enable dashboard -->
			<!-- search -->
			<div class='chip transparent' alt='Search Tests' title='Search Tests'>
				<a href="#" class='search-div'>
				<i class='material-icons'>search</i> Search
				</a>
				<div class='input-field left hide'>
					<input id='search-tests' type='text' class='validate browser-default' placeholder='Search Tests...'>
				</div>
			</div>
			<!-- search -->
		</div>
	</section>
<div id='test-view-charts' class='subview-full'>
    <div id='charts-row' class='row nm-v nm-h'>
        <div class='col s12 m12 l12 np-h'>
            <div class='card-panel nm-v'>
                <div class='left panel-name'>Tests</div>
                <div class='chart-box' style="max-height:94px;">
                    <canvas id='parent-analysis' width='90' height='70'></canvas>
                </div>
                <div class='block text-small'>
                    <span class='tooltipped' data-position='top' data-tooltip='0%'><span class='strong'>0</span> test(s) passed</span>
                </div>
                <div class='block text-small'>
                    <span class='strong tooltipped' data-position='top' data-tooltip='100%'>24</span> test(s) failed, <span class='strong tooltipped' data-position='top' data-tooltip='0%'>0</span> others
                </div>
            </div>
        </div>
    </div>
    <div id="timeline-chart" class="row nm-v nm-h">
        <div class="col s12 m12 l12 np-h">
            <div class="card-panel">
                <div class='left panel-name'>Timeline (seconds)</div>
                <div class="chart-box" style="width:98%;max-height:145px;">
                    <canvas id="timeline" height="120"></canvas>
                </div>
            </div>
        </div>
    </div>
</div>	<div class='subview-left left'>
		<div class='view-summary'>
			<ul id='test-collection' class='test-collection'>
				<li class='test displayed active  fail' status='fail' bdd='false' test-id='1'>
					<div class='test-heading'>
						<span class='test-name'>BrickHTML_Card1_OFF_Test.execute (4000000000000002 )</span>
						<span class='test-time'>Sep 19, 2019 04:20:27 PM</span>
						<span class='test-status right fail'>fail</span>
					</div>
					<div class='test-content hide'>
<div class='test-time-info'>
	<span class='label start-time'>Sep 19, 2019 04:20:27 PM</span>
	<span class='label end-time'>Sep 19, 2019 04:21:17 PM</span>
	<span class='label time-taken grey lighten-1 white-text'>0h 0m 50s+146ms</span>
</div>
<div class='test-attributes'>
	<div class='category-list'>
		<span class='category label'>BrickToFP_OFF1</span>
	</div>
</div>
<div class='test-steps'>
	<table class='bordered table-results'>
		<thead>
			<tr>
				<th>Status</th>
				<th>Timestamp</th>
				<th>Details</th>
			</tr>
		</thead>
		<tbody>
			<tr class='log' status='info'>
				<td class='status info' title='info' alt='info'><i class='material-icons'>info_outline</i></td>
				<td class='timestamp'>4:20:27 PM</td>
				<td class='step-details'>
						Params: {other=, COLUMN_32=, cardholderVerificationMethod=, merchant_action=Merchant should append the CAVV and EciFlag values to the authorization message., finalPAResStatus=, Enrolled=Y, not continue=, EciFlag=value, finalEci=, ErrorDesc=blank, ErrorNo=0, ErrorNo2=0, Enable=1, finallCavv=, show process=, finalSignatureVerification=, testName=Test Case 1: Successful Authentication, SignatureVerification2=Y, expected_results_lookup=cmpi_lookup response
Enrolled = Y
ACSUrl = <Url>
Payload = <value>
ErrorNo = 0
ErrorDesc = <blank>, finalEnrolled=, expected_results_authentication=cmpi_authenticate response
PAResStatus = Y
SignatureVerification = Y
EciFlag = 05
Xid = <Xid Value>
Cavv = <Cavv Value>
ErrorNo = 0
ErrorDesc = <blank>, EciFlag2=05, cavv and eci=, clickID=, Cavv2=value, ErrorDesc2=blank, Scenario=Cardholder enrolled, successful authentication, successful signature verification., Xid=value, PAResStatus2=Y, caseID=case1, Payload=value, PAN=4000000000000002, ACSUrl=value}
					
				</td>
			</tr>
			<tr class='log' status='info'>
				<td class='status info' title='info' alt='info'><i class='material-icons'>info_outline</i></td>
				<td class='timestamp'>4:20:27 PM</td>
				<td class='step-details'>
						CardNumber: 4000000000000002
					
				</td>
			</tr>
			<tr class='log' status='info'>
				<td class='status info' title='info' alt='info'><i class='material-icons'>info_outline</i></td>
				<td class='timestamp'>4:21:14 PM</td>
				<td class='step-details'>
						cl_id : 65572796
					
				</td>
			</tr>
			<tr class='log' status='info'>
				<td class='status info' title='info' alt='info'><i class='material-icons'>info_outline</i></td>
				<td class='timestamp'>4:21:17 PM</td>
				<td class='step-details'>
						f_id : 15057
					
				</td>
			</tr>
			<tr class='log' status='fail'>
				<td class='status fail' title='fail' alt='fail'><i class='material-icons'>cancel</i></td>
				<td class='timestamp'>4:21:17 PM</td>
				<td class='step-details'>
						<textarea disabled class="code-block">java.lang.ArrayIndexOutOfBoundsException: 0
	at automation.project3ds.MyTunnel.getStatement(MyTunnel.java:114)
	at automation.project3ds.FasterPay.getStatement(FasterPay.java:18)
	at automation.project3ds.FasterPay.getTID_Fasterpay(FasterPay.java:24)
	at automation.project3ds.oldTest.BrickHTML_Card1_OFF_Test.execute(BrickHTML_Card1_OFF_Test.java:94)
	at sun.reflect.NativeMethodAccessorImpl.invoke0(Native Method)
	at sun.reflect.NativeMethodAccessorImpl.invoke(NativeMethodAccessorImpl.java:62)
	at sun.reflect.DelegatingMethodAccessorImpl.invoke(DelegatingMethodAccessorImpl.java:43)
	at java.lang.reflect.Method.invoke(Method.java:498)
	at org.testng.internal.MethodInvocationHelper.invokeMethod(MethodInvocationHelper.java:124)
	at org.testng.internal.Invoker.invokeMethod(Invoker.java:583)
	at org.testng.internal.Invoker.invokeTestMethod(Invoker.java:719)
	at org.testng.internal.Invoker.invokeTestMethods(Invoker.java:989)
	at org.testng.internal.TestMethodWorker.invokeTestMethods(TestMethodWorker.java:125)
	at org.testng.internal.TestMethodWorker.run(TestMethodWorker.java:109)
	at org.testng.TestRunner.privateRun(TestRunner.java:648)
	at org.testng.TestRunner.run(TestRunner.java:505)
	at org.testng.SuiteRunner.runTest(SuiteRunner.java:455)
	at org.testng.SuiteRunner.runSequentially(SuiteRunner.java:450)
	at org.testng.SuiteRunner.privateRun(SuiteRunner.java:415)
	at org.testng.SuiteRunner.run(SuiteRunner.java:364)
	at org.testng.SuiteRunnerWorker.runSuite(SuiteRunnerWorker.java:52)
	at org.testng.SuiteRunnerWorker.run(SuiteRunnerWorker.java:84)
	at org.testng.TestNG.runSuitesSequentially(TestNG.java:1208)
	at org.testng.TestNG.runSuitesLocally(TestNG.java:1137)
	at org.testng.TestNG.runSuites(TestNG.java:1049)
	at org.testng.TestNG.run(TestNG.java:1017)
	at org.testng.remote.AbstractRemoteTestNG.run(AbstractRemoteTestNG.java:115)
	at org.testng.remote.RemoteTestNG.initAndRun(RemoteTestNG.java:251)
	at org.testng.remote.RemoteTestNG.main(RemoteTestNG.java:77)
</textarea>
					
				</td>
			</tr>
			<tr class='log' status='fail'>
				<td class='status fail' title='fail' alt='fail'><i class='material-icons'>cancel</i></td>
				<td class='timestamp'>4:21:17 PM</td>
				<td class='step-details'>
						Test Failed
					
				</td>
			</tr>
		</tbody>
	</table>
</div>
					</div>
				</li>
				<li class='test displayed active  fail' status='fail' bdd='false' test-id='28'>
					<div class='test-heading'>
						<span class='test-name'>BrickHTML_Card1_OFF_Test.execute (4000000000000010 )</span>
						<span class='test-time'>Sep 19, 2019 04:21:19 PM</span>
						<span class='test-status right fail'>fail</span>
					</div>
					<div class='test-content hide'>
<div class='test-time-info'>
	<span class='label start-time'>Sep 19, 2019 04:21:19 PM</span>
	<span class='label end-time'>Sep 19, 2019 04:21:58 PM</span>
	<span class='label time-taken grey lighten-1 white-text'>0h 0m 39s+401ms</span>
</div>
<div class='test-attributes'>
	<div class='category-list'>
		<span class='category label'>BrickToFP_OFF1</span>
	</div>
</div>
<div class='test-steps'>
	<table class='bordered table-results'>
		<thead>
			<tr>
				<th>Status</th>
				<th>Timestamp</th>
				<th>Details</th>
			</tr>
		</thead>
		<tbody>
			<tr class='log' status='info'>
				<td class='status info' title='info' alt='info'><i class='material-icons'>info_outline</i></td>
				<td class='timestamp'>4:21:19 PM</td>
				<td class='step-details'>
						Params: {other=, COLUMN_32=, cardholderVerificationMethod=, merchant_action=Merchant should NOT continue authorization, due to the failed signature verification. Merchant should prompt for another form of payment or attempt to authenticate the consumer., finalPAResStatus=, Enrolled=Y, not continue=, EciFlag=value, finalEci=, ErrorDesc=blank, ErrorNo=0, ErrorNo2=0, Enable=1, finallCavv=, show process=, finalSignatureVerification=, testName=Test Case 2: Failed Signature, SignatureVerification2=N, expected_results_lookup=cmpi_lookup response
Enrolled = Y
ACSUrl = <Url>
Payload = <value>
ErrorNo = 0
ErrorDesc = <blank>, finalEnrolled=, expected_results_authentication=cmpi_authenticate response
PAResStatus = Y
SignatureVerification = N
EciFlag = 05
Xid = <Xid Value>
Cavv = <Cavv Value>
ErrorNo = 0
ErrorDesc = <blank>, EciFlag2=05, cavv and eci=, clickID=, Cavv2=value, ErrorDesc2=blank, Scenario=Cardholder enrolled, successful authentication, unsuccessful signature verification., Xid=value, PAResStatus2=Y, caseID=case2, Payload=value, PAN=4000000000000010, ACSUrl=value}
					
				</td>
			</tr>
			<tr class='log' status='info'>
				<td class='status info' title='info' alt='info'><i class='material-icons'>info_outline</i></td>
				<td class='timestamp'>4:21:19 PM</td>
				<td class='step-details'>
						CardNumber: 4000000000000010
					
				</td>
			</tr>
			<tr class='log' status='info'>
				<td class='status info' title='info' alt='info'><i class='material-icons'>info_outline</i></td>
				<td class='timestamp'>4:21:56 PM</td>
				<td class='step-details'>
						cl_id : 65572802
					
				</td>
			</tr>
			<tr class='log' status='info'>
				<td class='status info' title='info' alt='info'><i class='material-icons'>info_outline</i></td>
				<td class='timestamp'>4:21:58 PM</td>
				<td class='step-details'>
						f_id : 15063
					
				</td>
			</tr>
			<tr class='log' status='fail'>
				<td class='status fail' title='fail' alt='fail'><i class='material-icons'>cancel</i></td>
				<td class='timestamp'>4:21:58 PM</td>
				<td class='step-details'>
						<textarea disabled class="code-block">java.lang.ArrayIndexOutOfBoundsException: 0
	at automation.project3ds.MyTunnel.getStatement(MyTunnel.java:114)
	at automation.project3ds.FasterPay.getStatement(FasterPay.java:18)
	at automation.project3ds.FasterPay.getTID_Fasterpay(FasterPay.java:24)
	at automation.project3ds.oldTest.BrickHTML_Card1_OFF_Test.execute(BrickHTML_Card1_OFF_Test.java:94)
	at sun.reflect.NativeMethodAccessorImpl.invoke0(Native Method)
	at sun.reflect.NativeMethodAccessorImpl.invoke(NativeMethodAccessorImpl.java:62)
	at sun.reflect.DelegatingMethodAccessorImpl.invoke(DelegatingMethodAccessorImpl.java:43)
	at java.lang.reflect.Method.invoke(Method.java:498)
	at org.testng.internal.MethodInvocationHelper.invokeMethod(MethodInvocationHelper.java:124)
	at org.testng.internal.Invoker.invokeMethod(Invoker.java:583)
	at org.testng.internal.Invoker.invokeTestMethod(Invoker.java:719)
	at org.testng.internal.Invoker.invokeTestMethods(Invoker.java:989)
	at org.testng.internal.TestMethodWorker.invokeTestMethods(TestMethodWorker.java:125)
	at org.testng.internal.TestMethodWorker.run(TestMethodWorker.java:109)
	at org.testng.TestRunner.privateRun(TestRunner.java:648)
	at org.testng.TestRunner.run(TestRunner.java:505)
	at org.testng.SuiteRunner.runTest(SuiteRunner.java:455)
	at org.testng.SuiteRunner.runSequentially(SuiteRunner.java:450)
	at org.testng.SuiteRunner.privateRun(SuiteRunner.java:415)
	at org.testng.SuiteRunner.run(SuiteRunner.java:364)
	at org.testng.SuiteRunnerWorker.runSuite(SuiteRunnerWorker.java:52)
	at org.testng.SuiteRunnerWorker.run(SuiteRunnerWorker.java:84)
	at org.testng.TestNG.runSuitesSequentially(TestNG.java:1208)
	at org.testng.TestNG.runSuitesLocally(TestNG.java:1137)
	at org.testng.TestNG.runSuites(TestNG.java:1049)
	at org.testng.TestNG.run(TestNG.java:1017)
	at org.testng.remote.AbstractRemoteTestNG.run(AbstractRemoteTestNG.java:115)
	at org.testng.remote.RemoteTestNG.initAndRun(RemoteTestNG.java:251)
	at org.testng.remote.RemoteTestNG.main(RemoteTestNG.java:77)
</textarea>
					
				</td>
			</tr>
			<tr class='log' status='fail'>
				<td class='status fail' title='fail' alt='fail'><i class='material-icons'>cancel</i></td>
				<td class='timestamp'>4:21:58 PM</td>
				<td class='step-details'>
						Test Failed
					
				</td>
			</tr>
		</tbody>
	</table>
</div>
					</div>
				</li>
				<li class='test displayed active  fail' status='fail' bdd='false' test-id='55'>
					<div class='test-heading'>
						<span class='test-name'>BrickHTML_Card1_OFF_Test.execute (4000000000000028 )</span>
						<span class='test-time'>Sep 19, 2019 04:21:59 PM</span>
						<span class='test-status right fail'>fail</span>
					</div>
					<div class='test-content hide'>
<div class='test-time-info'>
	<span class='label start-time'>Sep 19, 2019 04:21:59 PM</span>
	<span class='label end-time'>Sep 19, 2019 04:22:31 PM</span>
	<span class='label time-taken grey lighten-1 white-text'>0h 0m 31s+823ms</span>
</div>
<div class='test-attributes'>
	<div class='category-list'>
		<span class='category label'>BrickToFP_OFF1</span>
	</div>
</div>
<div class='test-steps'>
	<table class='bordered table-results'>
		<thead>
			<tr>
				<th>Status</th>
				<th>Timestamp</th>
				<th>Details</th>
			</tr>
		</thead>
		<tbody>
			<tr class='log' status='info'>
				<td class='status info' title='info' alt='info'><i class='material-icons'>info_outline</i></td>
				<td class='timestamp'>4:21:59 PM</td>
				<td class='step-details'>
						Params: {other=, COLUMN_32=, cardholderVerificationMethod=, merchant_action=Merchant should NOT continue with authorization. Merchant should prompt for another form of payment and is not permitted to submit this transaction for authorization., finalPAResStatus=, Enrolled=Y, not continue=, EciFlag=value, finalEci=, ErrorDesc=blank, ErrorNo=0, ErrorNo2=0, Enable=1, finallCavv=, show process=, finalSignatureVerification=, testName=Test Case 3: Failed Authentication, SignatureVerification2=Y, expected_results_lookup=cmpi_lookup response
Enrolled = Y
ACSUrl = <Url>
Payload = <value>
ErrorNo = 0
ErrorDesc = <blank>, finalEnrolled=, expected_results_authentication=cmpi_authenticate response
PAResStatus = N
SignatureVerification = Y
EciFlag = 07
Xid = <Xid Value>
Cavv = <blank>
ErrorNo = 0
ErrorDesc = <blank>, EciFlag2=07, cavv and eci=, clickID=, Cavv2=blank, ErrorDesc2=blank, Scenario=Cardholder enrolled, unsuccessful authentication, successful signature verification., Xid=value, PAResStatus2=N, caseID=case3, Payload=value, PAN=4000000000000028, ACSUrl=value}
					
				</td>
			</tr>
			<tr class='log' status='info'>
				<td class='status info' title='info' alt='info'><i class='material-icons'>info_outline</i></td>
				<td class='timestamp'>4:21:59 PM</td>
				<td class='step-details'>
						CardNumber: 4000000000000028
					
				</td>
			</tr>
			<tr class='log' status='info'>
				<td class='status info' title='info' alt='info'><i class='material-icons'>info_outline</i></td>
				<td class='timestamp'>4:22:29 PM</td>
				<td class='step-details'>
						cl_id : 65572808
					
				</td>
			</tr>
			<tr class='log' status='info'>
				<td class='status info' title='info' alt='info'><i class='material-icons'>info_outline</i></td>
				<td class='timestamp'>4:22:31 PM</td>
				<td class='step-details'>
						f_id : 15069
					
				</td>
			</tr>
			<tr class='log' status='fail'>
				<td class='status fail' title='fail' alt='fail'><i class='material-icons'>cancel</i></td>
				<td class='timestamp'>4:22:31 PM</td>
				<td class='step-details'>
						<textarea disabled class="code-block">java.lang.ArrayIndexOutOfBoundsException: 0
	at automation.project3ds.MyTunnel.getStatement(MyTunnel.java:114)
	at automation.project3ds.FasterPay.getStatement(FasterPay.java:18)
	at automation.project3ds.FasterPay.getTID_Fasterpay(FasterPay.java:24)
	at automation.project3ds.oldTest.BrickHTML_Card1_OFF_Test.execute(BrickHTML_Card1_OFF_Test.java:94)
	at sun.reflect.NativeMethodAccessorImpl.invoke0(Native Method)
	at sun.reflect.NativeMethodAccessorImpl.invoke(NativeMethodAccessorImpl.java:62)
	at sun.reflect.DelegatingMethodAccessorImpl.invoke(DelegatingMethodAccessorImpl.java:43)
	at java.lang.reflect.Method.invoke(Method.java:498)
	at org.testng.internal.MethodInvocationHelper.invokeMethod(MethodInvocationHelper.java:124)
	at org.testng.internal.Invoker.invokeMethod(Invoker.java:583)
	at org.testng.internal.Invoker.invokeTestMethod(Invoker.java:719)
	at org.testng.internal.Invoker.invokeTestMethods(Invoker.java:989)
	at org.testng.internal.TestMethodWorker.invokeTestMethods(TestMethodWorker.java:125)
	at org.testng.internal.TestMethodWorker.run(TestMethodWorker.java:109)
	at org.testng.TestRunner.privateRun(TestRunner.java:648)
	at org.testng.TestRunner.run(TestRunner.java:505)
	at org.testng.SuiteRunner.runTest(SuiteRunner.java:455)
	at org.testng.SuiteRunner.runSequentially(SuiteRunner.java:450)
	at org.testng.SuiteRunner.privateRun(SuiteRunner.java:415)
	at org.testng.SuiteRunner.run(SuiteRunner.java:364)
	at org.testng.SuiteRunnerWorker.runSuite(SuiteRunnerWorker.java:52)
	at org.testng.SuiteRunnerWorker.run(SuiteRunnerWorker.java:84)
	at org.testng.TestNG.runSuitesSequentially(TestNG.java:1208)
	at org.testng.TestNG.runSuitesLocally(TestNG.java:1137)
	at org.testng.TestNG.runSuites(TestNG.java:1049)
	at org.testng.TestNG.run(TestNG.java:1017)
	at org.testng.remote.AbstractRemoteTestNG.run(AbstractRemoteTestNG.java:115)
	at org.testng.remote.RemoteTestNG.initAndRun(RemoteTestNG.java:251)
	at org.testng.remote.RemoteTestNG.main(RemoteTestNG.java:77)
</textarea>
					
				</td>
			</tr>
			<tr class='log' status='fail'>
				<td class='status fail' title='fail' alt='fail'><i class='material-icons'>cancel</i></td>
				<td class='timestamp'>4:22:31 PM</td>
				<td class='step-details'>
						Test Failed
					
				</td>
			</tr>
		</tbody>
	</table>
</div>
					</div>
				</li>
				<li class='test displayed active  fail' status='fail' bdd='false' test-id='82'>
					<div class='test-heading'>
						<span class='test-name'>BrickHTML_Card1_OFF_Test.execute (4000000000000101 )</span>
						<span class='test-time'>Sep 19, 2019 04:22:32 PM</span>
						<span class='test-status right fail'>fail</span>
					</div>
					<div class='test-content hide'>
<div class='test-time-info'>
	<span class='label start-time'>Sep 19, 2019 04:22:32 PM</span>
	<span class='label end-time'>Sep 19, 2019 04:22:58 PM</span>
	<span class='label time-taken grey lighten-1 white-text'>0h 0m 25s+888ms</span>
</div>
<div class='test-attributes'>
	<div class='category-list'>
		<span class='category label'>BrickToFP_OFF1</span>
	</div>
</div>
<div class='test-steps'>
	<table class='bordered table-results'>
		<thead>
			<tr>
				<th>Status</th>
				<th>Timestamp</th>
				<th>Details</th>
			</tr>
		</thead>
		<tbody>
			<tr class='log' status='info'>
				<td class='status info' title='info' alt='info'><i class='material-icons'>info_outline</i></td>
				<td class='timestamp'>4:22:32 PM</td>
				<td class='step-details'>
						Params: {other=, COLUMN_32=, cardholderVerificationMethod=, merchant_action=Merchant should append the Cavv and the EciFlag to the authorization message., finalPAResStatus=, Enrolled=Y, not continue=, EciFlag=value, finalEci=, ErrorDesc=blank, ErrorNo=0, ErrorNo2=0, Enable=1, finallCavv=, show process=, finalSignatureVerification=, testName=Test Case 4: Attempts/Non-Participating, SignatureVerification2=Y, expected_results_lookup=cmpi_lookup response
Enrolled = Y
ACSUrl = <Url>
Payload = <value>
ErrorNo = 0
ErrorDesc = <blank>, finalEnrolled=, expected_results_authentication=cmpi_authenticate response
PAResStatus = A
SignatureVerification = Y
EciFlag = 06
Xid = <Xid Value>
Cavv = <Cavv Value>
ErrorNo = 0
ErrorDesc = <blank>, EciFlag2=06, cavv and eci=, clickID=, Cavv2=value, ErrorDesc2=blank, Scenario=Passive Authentication - cardholder not prompted for authentication credential., Xid=value, PAResStatus2=A, caseID=case4, Payload=value, PAN=4000000000000101, ACSUrl=value}
					
				</td>
			</tr>
			<tr class='log' status='info'>
				<td class='status info' title='info' alt='info'><i class='material-icons'>info_outline</i></td>
				<td class='timestamp'>4:22:32 PM</td>
				<td class='step-details'>
						CardNumber: 4000000000000101
					
				</td>
			</tr>
			<tr class='log' status='info'>
				<td class='status info' title='info' alt='info'><i class='material-icons'>info_outline</i></td>
				<td class='timestamp'>4:22:56 PM</td>
				<td class='step-details'>
						cl_id : 65572813
					
				</td>
			</tr>
			<tr class='log' status='info'>
				<td class='status info' title='info' alt='info'><i class='material-icons'>info_outline</i></td>
				<td class='timestamp'>4:22:58 PM</td>
				<td class='step-details'>
						f_id : 15074
					
				</td>
			</tr>
			<tr class='log' status='fail'>
				<td class='status fail' title='fail' alt='fail'><i class='material-icons'>cancel</i></td>
				<td class='timestamp'>4:22:58 PM</td>
				<td class='step-details'>
						<textarea disabled class="code-block">java.lang.ArrayIndexOutOfBoundsException: 0
	at automation.project3ds.MyTunnel.getStatement(MyTunnel.java:114)
	at automation.project3ds.FasterPay.getStatement(FasterPay.java:18)
	at automation.project3ds.FasterPay.getTID_Fasterpay(FasterPay.java:24)
	at automation.project3ds.oldTest.BrickHTML_Card1_OFF_Test.execute(BrickHTML_Card1_OFF_Test.java:94)
	at sun.reflect.NativeMethodAccessorImpl.invoke0(Native Method)
	at sun.reflect.NativeMethodAccessorImpl.invoke(NativeMethodAccessorImpl.java:62)
	at sun.reflect.DelegatingMethodAccessorImpl.invoke(DelegatingMethodAccessorImpl.java:43)
	at java.lang.reflect.Method.invoke(Method.java:498)
	at org.testng.internal.MethodInvocationHelper.invokeMethod(MethodInvocationHelper.java:124)
	at org.testng.internal.Invoker.invokeMethod(Invoker.java:583)
	at org.testng.internal.Invoker.invokeTestMethod(Invoker.java:719)
	at org.testng.internal.Invoker.invokeTestMethods(Invoker.java:989)
	at org.testng.internal.TestMethodWorker.invokeTestMethods(TestMethodWorker.java:125)
	at org.testng.internal.TestMethodWorker.run(TestMethodWorker.java:109)
	at org.testng.TestRunner.privateRun(TestRunner.java:648)
	at org.testng.TestRunner.run(TestRunner.java:505)
	at org.testng.SuiteRunner.runTest(SuiteRunner.java:455)
	at org.testng.SuiteRunner.runSequentially(SuiteRunner.java:450)
	at org.testng.SuiteRunner.privateRun(SuiteRunner.java:415)
	at org.testng.SuiteRunner.run(SuiteRunner.java:364)
	at org.testng.SuiteRunnerWorker.runSuite(SuiteRunnerWorker.java:52)
	at org.testng.SuiteRunnerWorker.run(SuiteRunnerWorker.java:84)
	at org.testng.TestNG.runSuitesSequentially(TestNG.java:1208)
	at org.testng.TestNG.runSuitesLocally(TestNG.java:1137)
	at org.testng.TestNG.runSuites(TestNG.java:1049)
	at org.testng.TestNG.run(TestNG.java:1017)
	at org.testng.remote.AbstractRemoteTestNG.run(AbstractRemoteTestNG.java:115)
	at org.testng.remote.RemoteTestNG.initAndRun(RemoteTestNG.java:251)
	at org.testng.remote.RemoteTestNG.main(RemoteTestNG.java:77)
</textarea>
					
				</td>
			</tr>
			<tr class='log' status='fail'>
				<td class='status fail' title='fail' alt='fail'><i class='material-icons'>cancel</i></td>
				<td class='timestamp'>4:22:58 PM</td>
				<td class='step-details'>
						Test Failed
					
				</td>
			</tr>
		</tbody>
	</table>
</div>
					</div>
				</li>
				<li class='test displayed active  fail' status='fail' bdd='false' test-id='109'>
					<div class='test-heading'>
						<span class='test-name'>BrickHTML_Card1_OFF_Test.execute (4000000000000044 )</span>
						<span class='test-time'>Sep 19, 2019 04:22:58 PM</span>
						<span class='test-status right fail'>fail</span>
					</div>
					<div class='test-content hide'>
<div class='test-time-info'>
	<span class='label start-time'>Sep 19, 2019 04:22:58 PM</span>
	<span class='label end-time'>Sep 19, 2019 04:23:24 PM</span>
	<span class='label time-taken grey lighten-1 white-text'>0h 0m 25s+742ms</span>
</div>
<div class='test-attributes'>
	<div class='category-list'>
		<span class='category label'>BrickToFP_OFF1</span>
	</div>
</div>
<div class='test-steps'>
	<table class='bordered table-results'>
		<thead>
			<tr>
				<th>Status</th>
				<th>Timestamp</th>
				<th>Details</th>
			</tr>
		</thead>
		<tbody>
			<tr class='log' status='info'>
				<td class='status info' title='info' alt='info'><i class='material-icons'>info_outline</i></td>
				<td class='timestamp'>4:22:58 PM</td>
				<td class='step-details'>
						Params: {other=, COLUMN_32=, cardholderVerificationMethod=, merchant_action=The cmpi_lookup transaction will simulate a timeout scenario and require 20 seconds to complete the transaction processing with the other 3-D Secure systems. Merchant integration should handle timeout processing after 10-12 seconds and proceed with the authorization message., finalPAResStatus=, Enrolled=blank, not continue=, EciFlag=value, finalEci=, ErrorDesc=value, ErrorNo=value, ErrorNo2=, Enable=1, finallCavv=, show process=, finalSignatureVerification=, testName=Test Case 5: Timeout, SignatureVerification2=, expected_results_lookup=cmpi_lookup response
Enrolled = <blank>
ACSUrl = <blank>
Payload = <blank>
ErrorNo = Refer to the 3DS Error Codes and Descriptions Guide
ErrorDesc = Refer to the 3DS Error Codes and Descriptions Guide, finalEnrolled=, expected_results_authentication=NA, EciFlag2=, cavv and eci=, clickID=, Cavv2=, ErrorDesc2=, Scenario=Timeout encountered while processing the cmpi_lookup transaction., Xid=, PAResStatus2=, caseID=case5, Payload=blank, PAN=4000000000000044, ACSUrl=blank}
					
				</td>
			</tr>
			<tr class='log' status='info'>
				<td class='status info' title='info' alt='info'><i class='material-icons'>info_outline</i></td>
				<td class='timestamp'>4:22:58 PM</td>
				<td class='step-details'>
						CardNumber: 4000000000000044
					
				</td>
			</tr>
			<tr class='log' status='info'>
				<td class='status info' title='info' alt='info'><i class='material-icons'>info_outline</i></td>
				<td class='timestamp'>4:23:22 PM</td>
				<td class='step-details'>
						cl_id : 65572816
					
				</td>
			</tr>
			<tr class='log' status='info'>
				<td class='status info' title='info' alt='info'><i class='material-icons'>info_outline</i></td>
				<td class='timestamp'>4:23:24 PM</td>
				<td class='step-details'>
						f_id : 15077
					
				</td>
			</tr>
			<tr class='log' status='fail'>
				<td class='status fail' title='fail' alt='fail'><i class='material-icons'>cancel</i></td>
				<td class='timestamp'>4:23:24 PM</td>
				<td class='step-details'>
						<textarea disabled class="code-block">java.lang.ArrayIndexOutOfBoundsException: 0
	at automation.project3ds.MyTunnel.getStatement(MyTunnel.java:114)
	at automation.project3ds.FasterPay.getStatement(FasterPay.java:18)
	at automation.project3ds.FasterPay.getTID_Fasterpay(FasterPay.java:24)
	at automation.project3ds.oldTest.BrickHTML_Card1_OFF_Test.execute(BrickHTML_Card1_OFF_Test.java:94)
	at sun.reflect.NativeMethodAccessorImpl.invoke0(Native Method)
	at sun.reflect.NativeMethodAccessorImpl.invoke(NativeMethodAccessorImpl.java:62)
	at sun.reflect.DelegatingMethodAccessorImpl.invoke(DelegatingMethodAccessorImpl.java:43)
	at java.lang.reflect.Method.invoke(Method.java:498)
	at org.testng.internal.MethodInvocationHelper.invokeMethod(MethodInvocationHelper.java:124)
	at org.testng.internal.Invoker.invokeMethod(Invoker.java:583)
	at org.testng.internal.Invoker.invokeTestMethod(Invoker.java:719)
	at org.testng.internal.Invoker.invokeTestMethods(Invoker.java:989)
	at org.testng.internal.TestMethodWorker.invokeTestMethods(TestMethodWorker.java:125)
	at org.testng.internal.TestMethodWorker.run(TestMethodWorker.java:109)
	at org.testng.TestRunner.privateRun(TestRunner.java:648)
	at org.testng.TestRunner.run(TestRunner.java:505)
	at org.testng.SuiteRunner.runTest(SuiteRunner.java:455)
	at org.testng.SuiteRunner.runSequentially(SuiteRunner.java:450)
	at org.testng.SuiteRunner.privateRun(SuiteRunner.java:415)
	at org.testng.SuiteRunner.run(SuiteRunner.java:364)
	at org.testng.SuiteRunnerWorker.runSuite(SuiteRunnerWorker.java:52)
	at org.testng.SuiteRunnerWorker.run(SuiteRunnerWorker.java:84)
	at org.testng.TestNG.runSuitesSequentially(TestNG.java:1208)
	at org.testng.TestNG.runSuitesLocally(TestNG.java:1137)
	at org.testng.TestNG.runSuites(TestNG.java:1049)
	at org.testng.TestNG.run(TestNG.java:1017)
	at org.testng.remote.AbstractRemoteTestNG.run(AbstractRemoteTestNG.java:115)
	at org.testng.remote.RemoteTestNG.initAndRun(RemoteTestNG.java:251)
	at org.testng.remote.RemoteTestNG.main(RemoteTestNG.java:77)
</textarea>
					
				</td>
			</tr>
			<tr class='log' status='fail'>
				<td class='status fail' title='fail' alt='fail'><i class='material-icons'>cancel</i></td>
				<td class='timestamp'>4:23:24 PM</td>
				<td class='step-details'>
						Test Failed
					
				</td>
			</tr>
		</tbody>
	</table>
</div>
					</div>
				</li>
				<li class='test displayed active  fail' status='fail' bdd='false' test-id='136'>
					<div class='test-heading'>
						<span class='test-name'>BrickHTML_Card1_OFF_Test.execute (4000000000000051 )</span>
						<span class='test-time'>Sep 19, 2019 04:23:24 PM</span>
						<span class='test-status right fail'>fail</span>
					</div>
					<div class='test-content hide'>
<div class='test-time-info'>
	<span class='label start-time'>Sep 19, 2019 04:23:24 PM</span>
	<span class='label end-time'>Sep 19, 2019 04:23:37 PM</span>
	<span class='label time-taken grey lighten-1 white-text'>0h 0m 13s+254ms</span>
</div>
<div class='test-attributes'>
	<div class='category-list'>
		<span class='category label'>BrickToFP_OFF1</span>
	</div>
</div>
<div class='test-steps'>
	<table class='bordered table-results'>
		<thead>
			<tr>
				<th>Status</th>
				<th>Timestamp</th>
				<th>Details</th>
			</tr>
		</thead>
		<tbody>
			<tr class='log' status='info'>
				<td class='status info' title='info' alt='info'><i class='material-icons'>info_outline</i></td>
				<td class='timestamp'>4:23:24 PM</td>
				<td class='step-details'>
						Params: {other=, COLUMN_32=, cardholderVerificationMethod=, merchant_action=Merchant should submit the authorization with an ECI of 06., finalPAResStatus=, Enrolled=N, not continue=, EciFlag=06, finalEci=, ErrorDesc=blank, ErrorNo=0, ErrorNo2=, Enable=1, finallCavv=, show process=, finalSignatureVerification=, testName=Test Case 6: Not Enrolled, SignatureVerification2=, expected_results_lookup=cmpi_lookup response
Enrolled = N
ACSUrl = <blank>
Payload = <blank>
ErrorNo = 0
ErrorDesc = <blank>
EciFlag = 06, finalEnrolled=, expected_results_authentication=NA, EciFlag2=, cavv and eci=, clickID=, Cavv2=, ErrorDesc2=, Scenario=Cardholder not enrolled. Issuing Bank not participating., Xid=, PAResStatus2=, caseID=case6, Payload=blank, PAN=4000000000000051, ACSUrl=blank}
					
				</td>
			</tr>
			<tr class='log' status='info'>
				<td class='status info' title='info' alt='info'><i class='material-icons'>info_outline</i></td>
				<td class='timestamp'>4:23:24 PM</td>
				<td class='step-details'>
						CardNumber: 4000000000000051
					
				</td>
			</tr>
			<tr class='log' status='info'>
				<td class='status info' title='info' alt='info'><i class='material-icons'>info_outline</i></td>
				<td class='timestamp'>4:23:35 PM</td>
				<td class='step-details'>
						cl_id : 65572820
					
				</td>
			</tr>
			<tr class='log' status='info'>
				<td class='status info' title='info' alt='info'><i class='material-icons'>info_outline</i></td>
				<td class='timestamp'>4:23:37 PM</td>
				<td class='step-details'>
						f_id : 15081
					
				</td>
			</tr>
			<tr class='log' status='fail'>
				<td class='status fail' title='fail' alt='fail'><i class='material-icons'>cancel</i></td>
				<td class='timestamp'>4:23:37 PM</td>
				<td class='step-details'>
						<textarea disabled class="code-block">java.lang.ArrayIndexOutOfBoundsException: 0
	at automation.project3ds.MyTunnel.getStatement(MyTunnel.java:114)
	at automation.project3ds.FasterPay.getStatement(FasterPay.java:18)
	at automation.project3ds.FasterPay.getTID_Fasterpay(FasterPay.java:24)
	at automation.project3ds.oldTest.BrickHTML_Card1_OFF_Test.execute(BrickHTML_Card1_OFF_Test.java:94)
	at sun.reflect.NativeMethodAccessorImpl.invoke0(Native Method)
	at sun.reflect.NativeMethodAccessorImpl.invoke(NativeMethodAccessorImpl.java:62)
	at sun.reflect.DelegatingMethodAccessorImpl.invoke(DelegatingMethodAccessorImpl.java:43)
	at java.lang.reflect.Method.invoke(Method.java:498)
	at org.testng.internal.MethodInvocationHelper.invokeMethod(MethodInvocationHelper.java:124)
	at org.testng.internal.Invoker.invokeMethod(Invoker.java:583)
	at org.testng.internal.Invoker.invokeTestMethod(Invoker.java:719)
	at org.testng.internal.Invoker.invokeTestMethods(Invoker.java:989)
	at org.testng.internal.TestMethodWorker.invokeTestMethods(TestMethodWorker.java:125)
	at org.testng.internal.TestMethodWorker.run(TestMethodWorker.java:109)
	at org.testng.TestRunner.privateRun(TestRunner.java:648)
	at org.testng.TestRunner.run(TestRunner.java:505)
	at org.testng.SuiteRunner.runTest(SuiteRunner.java:455)
	at org.testng.SuiteRunner.runSequentially(SuiteRunner.java:450)
	at org.testng.SuiteRunner.privateRun(SuiteRunner.java:415)
	at org.testng.SuiteRunner.run(SuiteRunner.java:364)
	at org.testng.SuiteRunnerWorker.runSuite(SuiteRunnerWorker.java:52)
	at org.testng.SuiteRunnerWorker.run(SuiteRunnerWorker.java:84)
	at org.testng.TestNG.runSuitesSequentially(TestNG.java:1208)
	at org.testng.TestNG.runSuitesLocally(TestNG.java:1137)
	at org.testng.TestNG.runSuites(TestNG.java:1049)
	at org.testng.TestNG.run(TestNG.java:1017)
	at org.testng.remote.AbstractRemoteTestNG.run(AbstractRemoteTestNG.java:115)
	at org.testng.remote.RemoteTestNG.initAndRun(RemoteTestNG.java:251)
	at org.testng.remote.RemoteTestNG.main(RemoteTestNG.java:77)
</textarea>
					
				</td>
			</tr>
			<tr class='log' status='fail'>
				<td class='status fail' title='fail' alt='fail'><i class='material-icons'>cancel</i></td>
				<td class='timestamp'>4:23:37 PM</td>
				<td class='step-details'>
						Test Failed
					
				</td>
			</tr>
		</tbody>
	</table>
</div>
					</div>
				</li>
				<li class='test displayed active  fail' status='fail' bdd='false' test-id='163'>
					<div class='test-heading'>
						<span class='test-name'>BrickHTML_Card1_OFF_Test.execute (4000000000000069 )</span>
						<span class='test-time'>Sep 19, 2019 04:23:38 PM</span>
						<span class='test-status right fail'>fail</span>
					</div>
					<div class='test-content hide'>
<div class='test-time-info'>
	<span class='label start-time'>Sep 19, 2019 04:23:38 PM</span>
	<span class='label end-time'>Sep 19, 2019 04:23:52 PM</span>
	<span class='label time-taken grey lighten-1 white-text'>0h 0m 14s+246ms</span>
</div>
<div class='test-attributes'>
	<div class='category-list'>
		<span class='category label'>BrickToFP_OFF1</span>
	</div>
</div>
<div class='test-steps'>
	<table class='bordered table-results'>
		<thead>
			<tr>
				<th>Status</th>
				<th>Timestamp</th>
				<th>Details</th>
			</tr>
		</thead>
		<tbody>
			<tr class='log' status='info'>
				<td class='status info' title='info' alt='info'><i class='material-icons'>info_outline</i></td>
				<td class='timestamp'>4:23:38 PM</td>
				<td class='step-details'>
						Params: {other=, COLUMN_32=, cardholderVerificationMethod=, merchant_action=Merchant should proceed with the authorization message., finalPAResStatus=, Enrolled=U, not continue=, EciFlag=07, finalEci=, ErrorDesc=blank, ErrorNo=0, ErrorNo2=, Enable=1, finallCavv=, show process=, finalSignatureVerification=, testName=Test Case 7: Unavailable, SignatureVerification2=, expected_results_lookup=cmpi_lookup response
Enrolled = U
ACSUrl = <blank>
Payload = <blank>
ErrorNo = 0
ErrorDesc = <blank>
EciFlag = 07, finalEnrolled=, expected_results_authentication=NA, EciFlag2=, cavv and eci=, clickID=, Cavv2=, ErrorDesc2=, Scenario=Authentication unavailable (lookup message response)., Xid=, PAResStatus2=, caseID=case7, Payload=blank, PAN=4000000000000069, ACSUrl=blank}
					
				</td>
			</tr>
			<tr class='log' status='info'>
				<td class='status info' title='info' alt='info'><i class='material-icons'>info_outline</i></td>
				<td class='timestamp'>4:23:38 PM</td>
				<td class='step-details'>
						CardNumber: 4000000000000069
					
				</td>
			</tr>
			<tr class='log' status='info'>
				<td class='status info' title='info' alt='info'><i class='material-icons'>info_outline</i></td>
				<td class='timestamp'>4:23:50 PM</td>
				<td class='step-details'>
						cl_id : 65572822
					
				</td>
			</tr>
			<tr class='log' status='info'>
				<td class='status info' title='info' alt='info'><i class='material-icons'>info_outline</i></td>
				<td class='timestamp'>4:23:52 PM</td>
				<td class='step-details'>
						f_id : 15083
					
				</td>
			</tr>
			<tr class='log' status='fail'>
				<td class='status fail' title='fail' alt='fail'><i class='material-icons'>cancel</i></td>
				<td class='timestamp'>4:23:52 PM</td>
				<td class='step-details'>
						<textarea disabled class="code-block">java.lang.ArrayIndexOutOfBoundsException: 0
	at automation.project3ds.MyTunnel.getStatement(MyTunnel.java:114)
	at automation.project3ds.FasterPay.getStatement(FasterPay.java:18)
	at automation.project3ds.FasterPay.getTID_Fasterpay(FasterPay.java:24)
	at automation.project3ds.oldTest.BrickHTML_Card1_OFF_Test.execute(BrickHTML_Card1_OFF_Test.java:94)
	at sun.reflect.NativeMethodAccessorImpl.invoke0(Native Method)
	at sun.reflect.NativeMethodAccessorImpl.invoke(NativeMethodAccessorImpl.java:62)
	at sun.reflect.DelegatingMethodAccessorImpl.invoke(DelegatingMethodAccessorImpl.java:43)
	at java.lang.reflect.Method.invoke(Method.java:498)
	at org.testng.internal.MethodInvocationHelper.invokeMethod(MethodInvocationHelper.java:124)
	at org.testng.internal.Invoker.invokeMethod(Invoker.java:583)
	at org.testng.internal.Invoker.invokeTestMethod(Invoker.java:719)
	at org.testng.internal.Invoker.invokeTestMethods(Invoker.java:989)
	at org.testng.internal.TestMethodWorker.invokeTestMethods(TestMethodWorker.java:125)
	at org.testng.internal.TestMethodWorker.run(TestMethodWorker.java:109)
	at org.testng.TestRunner.privateRun(TestRunner.java:648)
	at org.testng.TestRunner.run(TestRunner.java:505)
	at org.testng.SuiteRunner.runTest(SuiteRunner.java:455)
	at org.testng.SuiteRunner.runSequentially(SuiteRunner.java:450)
	at org.testng.SuiteRunner.privateRun(SuiteRunner.java:415)
	at org.testng.SuiteRunner.run(SuiteRunner.java:364)
	at org.testng.SuiteRunnerWorker.runSuite(SuiteRunnerWorker.java:52)
	at org.testng.SuiteRunnerWorker.run(SuiteRunnerWorker.java:84)
	at org.testng.TestNG.runSuitesSequentially(TestNG.java:1208)
	at org.testng.TestNG.runSuitesLocally(TestNG.java:1137)
	at org.testng.TestNG.runSuites(TestNG.java:1049)
	at org.testng.TestNG.run(TestNG.java:1017)
	at org.testng.remote.AbstractRemoteTestNG.run(AbstractRemoteTestNG.java:115)
	at org.testng.remote.RemoteTestNG.initAndRun(RemoteTestNG.java:251)
	at org.testng.remote.RemoteTestNG.main(RemoteTestNG.java:77)
</textarea>
					
				</td>
			</tr>
			<tr class='log' status='fail'>
				<td class='status fail' title='fail' alt='fail'><i class='material-icons'>cancel</i></td>
				<td class='timestamp'>4:23:52 PM</td>
				<td class='step-details'>
						Test Failed
					
				</td>
			</tr>
		</tbody>
	</table>
</div>
					</div>
				</li>
				<li class='test displayed active  fail' status='fail' bdd='false' test-id='190'>
					<div class='test-heading'>
						<span class='test-name'>BrickHTML_Card1_OFF_Test.execute (4000000000000077 )</span>
						<span class='test-time'>Sep 19, 2019 04:23:53 PM</span>
						<span class='test-status right fail'>fail</span>
					</div>
					<div class='test-content hide'>
<div class='test-time-info'>
	<span class='label start-time'>Sep 19, 2019 04:23:53 PM</span>
	<span class='label end-time'>Sep 19, 2019 04:24:07 PM</span>
	<span class='label time-taken grey lighten-1 white-text'>0h 0m 14s+581ms</span>
</div>
<div class='test-attributes'>
	<div class='category-list'>
		<span class='category label'>BrickToFP_OFF1</span>
	</div>
</div>
<div class='test-steps'>
	<table class='bordered table-results'>
		<thead>
			<tr>
				<th>Status</th>
				<th>Timestamp</th>
				<th>Details</th>
			</tr>
		</thead>
		<tbody>
			<tr class='log' status='info'>
				<td class='status info' title='info' alt='info'><i class='material-icons'>info_outline</i></td>
				<td class='timestamp'>4:23:53 PM</td>
				<td class='step-details'>
						Params: {other=, COLUMN_32=, cardholderVerificationMethod=, merchant_action=Merchant should continue with the authorization and contact technical support to investigate and resolve the issue., finalPAResStatus=, Enrolled=U, not continue=, EciFlag=07, finalEci=, ErrorDesc=value, ErrorNo=value, ErrorNo2=, Enable=1, finallCavv=, show process=, finalSignatureVerification=, testName=Test Case 8: Merchant Not Active, SignatureVerification2=, expected_results_lookup=cmpi_lookup response
Enrolled = U
ACSUrl = <blank>
Payload = <blank>
ErrorNo = Refer to the 3DS Error Codes and Descriptions Guide
ErrorDesc = Refer to the 3DS Error Codes and Descriptions Guide
EciFlag = 07, finalEnrolled=, expected_results_authentication=NA, EciFlag2=, cavv and eci=, clickID=, Cavv2=, ErrorDesc2=, Scenario=Merchant not able to execute transactions., Xid=, PAResStatus2=, caseID=case8, Payload=blank, PAN=4000000000000077, ACSUrl=blank}
					
				</td>
			</tr>
			<tr class='log' status='info'>
				<td class='status info' title='info' alt='info'><i class='material-icons'>info_outline</i></td>
				<td class='timestamp'>4:23:53 PM</td>
				<td class='step-details'>
						CardNumber: 4000000000000077
					
				</td>
			</tr>
			<tr class='log' status='info'>
				<td class='status info' title='info' alt='info'><i class='material-icons'>info_outline</i></td>
				<td class='timestamp'>4:24:05 PM</td>
				<td class='step-details'>
						cl_id : 65572825
					
				</td>
			</tr>
			<tr class='log' status='info'>
				<td class='status info' title='info' alt='info'><i class='material-icons'>info_outline</i></td>
				<td class='timestamp'>4:24:07 PM</td>
				<td class='step-details'>
						f_id : 15086
					
				</td>
			</tr>
			<tr class='log' status='fail'>
				<td class='status fail' title='fail' alt='fail'><i class='material-icons'>cancel</i></td>
				<td class='timestamp'>4:24:07 PM</td>
				<td class='step-details'>
						<textarea disabled class="code-block">java.lang.ArrayIndexOutOfBoundsException: 0
	at automation.project3ds.MyTunnel.getStatement(MyTunnel.java:114)
	at automation.project3ds.FasterPay.getStatement(FasterPay.java:18)
	at automation.project3ds.FasterPay.getTID_Fasterpay(FasterPay.java:24)
	at automation.project3ds.oldTest.BrickHTML_Card1_OFF_Test.execute(BrickHTML_Card1_OFF_Test.java:94)
	at sun.reflect.NativeMethodAccessorImpl.invoke0(Native Method)
	at sun.reflect.NativeMethodAccessorImpl.invoke(NativeMethodAccessorImpl.java:62)
	at sun.reflect.DelegatingMethodAccessorImpl.invoke(DelegatingMethodAccessorImpl.java:43)
	at java.lang.reflect.Method.invoke(Method.java:498)
	at org.testng.internal.MethodInvocationHelper.invokeMethod(MethodInvocationHelper.java:124)
	at org.testng.internal.Invoker.invokeMethod(Invoker.java:583)
	at org.testng.internal.Invoker.invokeTestMethod(Invoker.java:719)
	at org.testng.internal.Invoker.invokeTestMethods(Invoker.java:989)
	at org.testng.internal.TestMethodWorker.invokeTestMethods(TestMethodWorker.java:125)
	at org.testng.internal.TestMethodWorker.run(TestMethodWorker.java:109)
	at org.testng.TestRunner.privateRun(TestRunner.java:648)
	at org.testng.TestRunner.run(TestRunner.java:505)
	at org.testng.SuiteRunner.runTest(SuiteRunner.java:455)
	at org.testng.SuiteRunner.runSequentially(SuiteRunner.java:450)
	at org.testng.SuiteRunner.privateRun(SuiteRunner.java:415)
	at org.testng.SuiteRunner.run(SuiteRunner.java:364)
	at org.testng.SuiteRunnerWorker.runSuite(SuiteRunnerWorker.java:52)
	at org.testng.SuiteRunnerWorker.run(SuiteRunnerWorker.java:84)
	at org.testng.TestNG.runSuitesSequentially(TestNG.java:1208)
	at org.testng.TestNG.runSuitesLocally(TestNG.java:1137)
	at org.testng.TestNG.runSuites(TestNG.java:1049)
	at org.testng.TestNG.run(TestNG.java:1017)
	at org.testng.remote.AbstractRemoteTestNG.run(AbstractRemoteTestNG.java:115)
	at org.testng.remote.RemoteTestNG.initAndRun(RemoteTestNG.java:251)
	at org.testng.remote.RemoteTestNG.main(RemoteTestNG.java:77)
</textarea>
					
				</td>
			</tr>
			<tr class='log' status='fail'>
				<td class='status fail' title='fail' alt='fail'><i class='material-icons'>cancel</i></td>
				<td class='timestamp'>4:24:07 PM</td>
				<td class='step-details'>
						Test Failed
					
				</td>
			</tr>
		</tbody>
	</table>
</div>
					</div>
				</li>
				<li class='test displayed active  fail' status='fail' bdd='false' test-id='217'>
					<div class='test-heading'>
						<span class='test-name'>BrickHTML_Card1_OFF_Test.execute (4000000000000085 )</span>
						<span class='test-time'>Sep 19, 2019 04:24:08 PM</span>
						<span class='test-status right fail'>fail</span>
					</div>
					<div class='test-content hide'>
<div class='test-time-info'>
	<span class='label start-time'>Sep 19, 2019 04:24:08 PM</span>
	<span class='label end-time'>Sep 19, 2019 04:24:24 PM</span>
	<span class='label time-taken grey lighten-1 white-text'>0h 0m 16s+55ms</span>
</div>
<div class='test-attributes'>
	<div class='category-list'>
		<span class='category label'>BrickToFP_OFF1</span>
	</div>
</div>
<div class='test-steps'>
	<table class='bordered table-results'>
		<thead>
			<tr>
				<th>Status</th>
				<th>Timestamp</th>
				<th>Details</th>
			</tr>
		</thead>
		<tbody>
			<tr class='log' status='info'>
				<td class='status info' title='info' alt='info'><i class='material-icons'>info_outline</i></td>
				<td class='timestamp'>4:24:08 PM</td>
				<td class='step-details'>
						Params: {other=, COLUMN_32=, cardholderVerificationMethod=, merchant_action=Merchant should continue with the authorization and contact technical support to investigate and resolve the issue., finalPAResStatus=, Enrolled=U, not continue=, EciFlag=07, finalEci=, ErrorDesc=value, ErrorNo=value, ErrorNo2=, Enable=1, finallCavv=, show process=, finalSignatureVerification=, testName=Test Case 9: cmpi_lookup error, SignatureVerification2=, expected_results_lookup=cmpi_lookup response
Enrolled = U
ACSUrl = <blank>
Payload = <blank>
ErrorNo = Refer to the 3DS Error Codes and Descriptions Guide
ErrorDesc = Refer to the 3DS Error Codes and Descriptions Guide
EciFlag = 07, finalEnrolled=, expected_results_authentication=NA, EciFlag2=, cavv and eci=, clickID=, Cavv2=, ErrorDesc2=, Scenario=Error response to cmpi_lookup message., Xid=, PAResStatus2=, caseID=case9, Payload=blank, PAN=4000000000000085, ACSUrl=blank}
					
				</td>
			</tr>
			<tr class='log' status='info'>
				<td class='status info' title='info' alt='info'><i class='material-icons'>info_outline</i></td>
				<td class='timestamp'>4:24:08 PM</td>
				<td class='step-details'>
						CardNumber: 4000000000000085
					
				</td>
			</tr>
			<tr class='log' status='info'>
				<td class='status info' title='info' alt='info'><i class='material-icons'>info_outline</i></td>
				<td class='timestamp'>4:24:22 PM</td>
				<td class='step-details'>
						cl_id : 65572827
					
				</td>
			</tr>
			<tr class='log' status='info'>
				<td class='status info' title='info' alt='info'><i class='material-icons'>info_outline</i></td>
				<td class='timestamp'>4:24:24 PM</td>
				<td class='step-details'>
						f_id : 15088
					
				</td>
			</tr>
			<tr class='log' status='fail'>
				<td class='status fail' title='fail' alt='fail'><i class='material-icons'>cancel</i></td>
				<td class='timestamp'>4:24:24 PM</td>
				<td class='step-details'>
						<textarea disabled class="code-block">java.lang.ArrayIndexOutOfBoundsException: 0
	at automation.project3ds.MyTunnel.getStatement(MyTunnel.java:114)
	at automation.project3ds.FasterPay.getStatement(FasterPay.java:18)
	at automation.project3ds.FasterPay.getTID_Fasterpay(FasterPay.java:24)
	at automation.project3ds.oldTest.BrickHTML_Card1_OFF_Test.execute(BrickHTML_Card1_OFF_Test.java:94)
	at sun.reflect.NativeMethodAccessorImpl.invoke0(Native Method)
	at sun.reflect.NativeMethodAccessorImpl.invoke(NativeMethodAccessorImpl.java:62)
	at sun.reflect.DelegatingMethodAccessorImpl.invoke(DelegatingMethodAccessorImpl.java:43)
	at java.lang.reflect.Method.invoke(Method.java:498)
	at org.testng.internal.MethodInvocationHelper.invokeMethod(MethodInvocationHelper.java:124)
	at org.testng.internal.Invoker.invokeMethod(Invoker.java:583)
	at org.testng.internal.Invoker.invokeTestMethod(Invoker.java:719)
	at org.testng.internal.Invoker.invokeTestMethods(Invoker.java:989)
	at org.testng.internal.TestMethodWorker.invokeTestMethods(TestMethodWorker.java:125)
	at org.testng.internal.TestMethodWorker.run(TestMethodWorker.java:109)
	at org.testng.TestRunner.privateRun(TestRunner.java:648)
	at org.testng.TestRunner.run(TestRunner.java:505)
	at org.testng.SuiteRunner.runTest(SuiteRunner.java:455)
	at org.testng.SuiteRunner.runSequentially(SuiteRunner.java:450)
	at org.testng.SuiteRunner.privateRun(SuiteRunner.java:415)
	at org.testng.SuiteRunner.run(SuiteRunner.java:364)
	at org.testng.SuiteRunnerWorker.runSuite(SuiteRunnerWorker.java:52)
	at org.testng.SuiteRunnerWorker.run(SuiteRunnerWorker.java:84)
	at org.testng.TestNG.runSuitesSequentially(TestNG.java:1208)
	at org.testng.TestNG.runSuitesLocally(TestNG.java:1137)
	at org.testng.TestNG.runSuites(TestNG.java:1049)
	at org.testng.TestNG.run(TestNG.java:1017)
	at org.testng.remote.AbstractRemoteTestNG.run(AbstractRemoteTestNG.java:115)
	at org.testng.remote.RemoteTestNG.initAndRun(RemoteTestNG.java:251)
	at org.testng.remote.RemoteTestNG.main(RemoteTestNG.java:77)
</textarea>
					
				</td>
			</tr>
			<tr class='log' status='fail'>
				<td class='status fail' title='fail' alt='fail'><i class='material-icons'>cancel</i></td>
				<td class='timestamp'>4:24:24 PM</td>
				<td class='step-details'>
						Test Failed
					
				</td>
			</tr>
		</tbody>
	</table>
</div>
					</div>
				</li>
				<li class='test displayed active  fail' status='fail' bdd='false' test-id='244'>
					<div class='test-heading'>
						<span class='test-name'>BrickHTML_Card1_OFF_Test.execute (4000000000000093 )</span>
						<span class='test-time'>Sep 19, 2019 04:24:24 PM</span>
						<span class='test-status right fail'>fail</span>
					</div>
					<div class='test-content hide'>
<div class='test-time-info'>
	<span class='label start-time'>Sep 19, 2019 04:24:24 PM</span>
	<span class='label end-time'>Sep 19, 2019 04:24:56 PM</span>
	<span class='label time-taken grey lighten-1 white-text'>0h 0m 32s+338ms</span>
</div>
<div class='test-attributes'>
	<div class='category-list'>
		<span class='category label'>BrickToFP_OFF1</span>
	</div>
</div>
<div class='test-steps'>
	<table class='bordered table-results'>
		<thead>
			<tr>
				<th>Status</th>
				<th>Timestamp</th>
				<th>Details</th>
			</tr>
		</thead>
		<tbody>
			<tr class='log' status='info'>
				<td class='status info' title='info' alt='info'><i class='material-icons'>info_outline</i></td>
				<td class='timestamp'>4:24:24 PM</td>
				<td class='step-details'>
						Params: {other=, COLUMN_32=, cardholderVerificationMethod=, merchant_action=Merchants have the option of retaining the liability and submitting the transaction as non-authenticated. An alternative action would be to prompt for another form of payment., finalPAResStatus=, Enrolled=Y, not continue=, EciFlag=value, finalEci=, ErrorDesc=blank, ErrorNo=0, ErrorNo2=value, Enable=1, finallCavv=, show process=, finalSignatureVerification=, testName=Test Case 10: cmpi_authenticate error, SignatureVerification2=blank, expected_results_lookup=cmpi_lookup response
Enrolled = Y
ACSUrl = <Url>
Payload = <value>
ErrorNo = 0
ErrorDesc = <blank>, finalEnrolled=, expected_results_authentication=cmpi_authenticate response
PAResStatus = <blank>
SignatureVerification = <blank>
EciFlag = 07
Xid = <blank>
Cavv = <blank>
ErrorNo = Refer to the 3DS Error Codes and Descriptions Guide
ErrorDesc = Refer to the 3DS Error Codes and Descriptions Guide, EciFlag2=07, cavv and eci=, clickID=, Cavv2=blank, ErrorDesc2=value, Scenario=Cardholder enrolled, error response to cmpi_authenticate message., Xid=blank, PAResStatus2=blank, caseID=case10, Payload=value, PAN=4000000000000093, ACSUrl=value}
					
				</td>
			</tr>
			<tr class='log' status='info'>
				<td class='status info' title='info' alt='info'><i class='material-icons'>info_outline</i></td>
				<td class='timestamp'>4:24:24 PM</td>
				<td class='step-details'>
						CardNumber: 4000000000000093
					
				</td>
			</tr>
			<tr class='log' status='info'>
				<td class='status info' title='info' alt='info'><i class='material-icons'>info_outline</i></td>
				<td class='timestamp'>4:24:55 PM</td>
				<td class='step-details'>
						cl_id : 65572830
					
				</td>
			</tr>
			<tr class='log' status='info'>
				<td class='status info' title='info' alt='info'><i class='material-icons'>info_outline</i></td>
				<td class='timestamp'>4:24:56 PM</td>
				<td class='step-details'>
						f_id : 15091
					
				</td>
			</tr>
			<tr class='log' status='fail'>
				<td class='status fail' title='fail' alt='fail'><i class='material-icons'>cancel</i></td>
				<td class='timestamp'>4:24:56 PM</td>
				<td class='step-details'>
						<textarea disabled class="code-block">java.lang.ArrayIndexOutOfBoundsException: 0
	at automation.project3ds.MyTunnel.getStatement(MyTunnel.java:114)
	at automation.project3ds.FasterPay.getStatement(FasterPay.java:18)
	at automation.project3ds.FasterPay.getTID_Fasterpay(FasterPay.java:24)
	at automation.project3ds.oldTest.BrickHTML_Card1_OFF_Test.execute(BrickHTML_Card1_OFF_Test.java:94)
	at sun.reflect.NativeMethodAccessorImpl.invoke0(Native Method)
	at sun.reflect.NativeMethodAccessorImpl.invoke(NativeMethodAccessorImpl.java:62)
	at sun.reflect.DelegatingMethodAccessorImpl.invoke(DelegatingMethodAccessorImpl.java:43)
	at java.lang.reflect.Method.invoke(Method.java:498)
	at org.testng.internal.MethodInvocationHelper.invokeMethod(MethodInvocationHelper.java:124)
	at org.testng.internal.Invoker.invokeMethod(Invoker.java:583)
	at org.testng.internal.Invoker.invokeTestMethod(Invoker.java:719)
	at org.testng.internal.Invoker.invokeTestMethods(Invoker.java:989)
	at org.testng.internal.TestMethodWorker.invokeTestMethods(TestMethodWorker.java:125)
	at org.testng.internal.TestMethodWorker.run(TestMethodWorker.java:109)
	at org.testng.TestRunner.privateRun(TestRunner.java:648)
	at org.testng.TestRunner.run(TestRunner.java:505)
	at org.testng.SuiteRunner.runTest(SuiteRunner.java:455)
	at org.testng.SuiteRunner.runSequentially(SuiteRunner.java:450)
	at org.testng.SuiteRunner.privateRun(SuiteRunner.java:415)
	at org.testng.SuiteRunner.run(SuiteRunner.java:364)
	at org.testng.SuiteRunnerWorker.runSuite(SuiteRunnerWorker.java:52)
	at org.testng.SuiteRunnerWorker.run(SuiteRunnerWorker.java:84)
	at org.testng.TestNG.runSuitesSequentially(TestNG.java:1208)
	at org.testng.TestNG.runSuitesLocally(TestNG.java:1137)
	at org.testng.TestNG.runSuites(TestNG.java:1049)
	at org.testng.TestNG.run(TestNG.java:1017)
	at org.testng.remote.AbstractRemoteTestNG.run(AbstractRemoteTestNG.java:115)
	at org.testng.remote.RemoteTestNG.initAndRun(RemoteTestNG.java:251)
	at org.testng.remote.RemoteTestNG.main(RemoteTestNG.java:77)
</textarea>
					
				</td>
			</tr>
			<tr class='log' status='fail'>
				<td class='status fail' title='fail' alt='fail'><i class='material-icons'>cancel</i></td>
				<td class='timestamp'>4:24:56 PM</td>
				<td class='step-details'>
						Test Failed
					
				</td>
			</tr>
		</tbody>
	</table>
</div>
					</div>
				</li>
				<li class='test displayed active  fail' status='fail' bdd='false' test-id='271'>
					<div class='test-heading'>
						<span class='test-name'>BrickHTML_Card1_OFF_Test.execute (4000000000000036 )</span>
						<span class='test-time'>Sep 19, 2019 04:24:57 PM</span>
						<span class='test-status right fail'>fail</span>
					</div>
					<div class='test-content hide'>
<div class='test-time-info'>
	<span class='label start-time'>Sep 19, 2019 04:24:57 PM</span>
	<span class='label end-time'>Sep 19, 2019 04:25:33 PM</span>
	<span class='label time-taken grey lighten-1 white-text'>0h 0m 35s+630ms</span>
</div>
<div class='test-attributes'>
	<div class='category-list'>
		<span class='category label'>BrickToFP_OFF1</span>
	</div>
</div>
<div class='test-steps'>
	<table class='bordered table-results'>
		<thead>
			<tr>
				<th>Status</th>
				<th>Timestamp</th>
				<th>Details</th>
			</tr>
		</thead>
		<tbody>
			<tr class='log' status='info'>
				<td class='status info' title='info' alt='info'><i class='material-icons'>info_outline</i></td>
				<td class='timestamp'>4:24:57 PM</td>
				<td class='step-details'>
						Params: {other=, COLUMN_32=, cardholderVerificationMethod=, merchant_action=Merchant can retry authentication or process authorization as merchant liability., finalPAResStatus=, Enrolled=Y, not continue=, EciFlag=value, finalEci=, ErrorDesc=blank, ErrorNo=0, ErrorNo2=0, Enable=1, finallCavv=, show process=, finalSignatureVerification=, testName=Test Case 11: Authentication Unavailable, SignatureVerification2=Y, expected_results_lookup=cmpi_lookup response
Enrolled = Y
ACSUrl = <Url>
Payload = <value>
ErrorNo = 0
ErrorDesc = <blank>, finalEnrolled=, expected_results_authentication=cmpi_authenticate response
PAResStatus = U
SignatureVerification = Y
EciFlag = 07
Xid = <Xid Value>
Cavv = <blank>
ErrorNo = 0
ErrorDesc = <blank>, EciFlag2=07, cavv and eci=, clickID=, Cavv2=blank, ErrorDesc2=blank, Scenario=Cardholder enrolled., Xid=value, PAResStatus2=U, caseID=case11, Payload=value, PAN=4000000000000036, ACSUrl=value}
					
				</td>
			</tr>
			<tr class='log' status='info'>
				<td class='status info' title='info' alt='info'><i class='material-icons'>info_outline</i></td>
				<td class='timestamp'>4:24:57 PM</td>
				<td class='step-details'>
						CardNumber: 4000000000000036
					
				</td>
			</tr>
			<tr class='log' status='info'>
				<td class='status info' title='info' alt='info'><i class='material-icons'>info_outline</i></td>
				<td class='timestamp'>4:25:31 PM</td>
				<td class='step-details'>
						cl_id : 65572835
					
				</td>
			</tr>
			<tr class='log' status='info'>
				<td class='status info' title='info' alt='info'><i class='material-icons'>info_outline</i></td>
				<td class='timestamp'>4:25:33 PM</td>
				<td class='step-details'>
						f_id : 15096
					
				</td>
			</tr>
			<tr class='log' status='fail'>
				<td class='status fail' title='fail' alt='fail'><i class='material-icons'>cancel</i></td>
				<td class='timestamp'>4:25:33 PM</td>
				<td class='step-details'>
						<textarea disabled class="code-block">java.lang.ArrayIndexOutOfBoundsException: 0
	at automation.project3ds.MyTunnel.getStatement(MyTunnel.java:114)
	at automation.project3ds.FasterPay.getStatement(FasterPay.java:18)
	at automation.project3ds.FasterPay.getTID_Fasterpay(FasterPay.java:24)
	at automation.project3ds.oldTest.BrickHTML_Card1_OFF_Test.execute(BrickHTML_Card1_OFF_Test.java:94)
	at sun.reflect.NativeMethodAccessorImpl.invoke0(Native Method)
	at sun.reflect.NativeMethodAccessorImpl.invoke(NativeMethodAccessorImpl.java:62)
	at sun.reflect.DelegatingMethodAccessorImpl.invoke(DelegatingMethodAccessorImpl.java:43)
	at java.lang.reflect.Method.invoke(Method.java:498)
	at org.testng.internal.MethodInvocationHelper.invokeMethod(MethodInvocationHelper.java:124)
	at org.testng.internal.Invoker.invokeMethod(Invoker.java:583)
	at org.testng.internal.Invoker.invokeTestMethod(Invoker.java:719)
	at org.testng.internal.Invoker.invokeTestMethods(Invoker.java:989)
	at org.testng.internal.TestMethodWorker.invokeTestMethods(TestMethodWorker.java:125)
	at org.testng.internal.TestMethodWorker.run(TestMethodWorker.java:109)
	at org.testng.TestRunner.privateRun(TestRunner.java:648)
	at org.testng.TestRunner.run(TestRunner.java:505)
	at org.testng.SuiteRunner.runTest(SuiteRunner.java:455)
	at org.testng.SuiteRunner.runSequentially(SuiteRunner.java:450)
	at org.testng.SuiteRunner.privateRun(SuiteRunner.java:415)
	at org.testng.SuiteRunner.run(SuiteRunner.java:364)
	at org.testng.SuiteRunnerWorker.runSuite(SuiteRunnerWorker.java:52)
	at org.testng.SuiteRunnerWorker.run(SuiteRunnerWorker.java:84)
	at org.testng.TestNG.runSuitesSequentially(TestNG.java:1208)
	at org.testng.TestNG.runSuitesLocally(TestNG.java:1137)
	at org.testng.TestNG.runSuites(TestNG.java:1049)
	at org.testng.TestNG.run(TestNG.java:1017)
	at org.testng.remote.AbstractRemoteTestNG.run(AbstractRemoteTestNG.java:115)
	at org.testng.remote.RemoteTestNG.initAndRun(RemoteTestNG.java:251)
	at org.testng.remote.RemoteTestNG.main(RemoteTestNG.java:77)
</textarea>
					
				</td>
			</tr>
			<tr class='log' status='fail'>
				<td class='status fail' title='fail' alt='fail'><i class='material-icons'>cancel</i></td>
				<td class='timestamp'>4:25:33 PM</td>
				<td class='step-details'>
						Test Failed
					
				</td>
			</tr>
		</tbody>
	</table>
</div>
					</div>
				</li>
				<li class='test displayed active  fail' status='fail' bdd='false' test-id='298'>
					<div class='test-heading'>
						<span class='test-name'>BrickHTML_Card1_OFF_Test.execute (4000990000000004 )</span>
						<span class='test-time'>Sep 19, 2019 04:25:33 PM</span>
						<span class='test-status right fail'>fail</span>
					</div>
					<div class='test-content hide'>
<div class='test-time-info'>
	<span class='label start-time'>Sep 19, 2019 04:25:33 PM</span>
	<span class='label end-time'>Sep 19, 2019 04:25:47 PM</span>
	<span class='label time-taken grey lighten-1 white-text'>0h 0m 14s+208ms</span>
</div>
<div class='test-attributes'>
	<div class='category-list'>
		<span class='category label'>BrickToFP_OFF1</span>
	</div>
</div>
<div class='test-steps'>
	<table class='bordered table-results'>
		<thead>
			<tr>
				<th>Status</th>
				<th>Timestamp</th>
				<th>Details</th>
			</tr>
		</thead>
		<tbody>
			<tr class='log' status='info'>
				<td class='status info' title='info' alt='info'><i class='material-icons'>info_outline</i></td>
				<td class='timestamp'>4:25:33 PM</td>
				<td class='step-details'>
						Params: {other=, COLUMN_32=, cardholderVerificationMethod=, merchant_action=Merchant should proceed with authorization message., finalPAResStatus=, Enrolled=B, not continue=, EciFlag=07, finalEci=, ErrorDesc=blank, ErrorNo=0, ErrorNo2=, Enable=1, finallCavv=, show process=, finalSignatureVerification=, testName=Test Case 12: Bypassed Authentication, SignatureVerification2=, expected_results_lookup=cmpi_lookup response
Enrolled = B
ACSUrl = <blank>
Payload = <blank>
ErrorNo = 0
ErrorDesc = <blank>
EciFlag = 07, finalEnrolled=, expected_results_authentication=NA, EciFlag2=, cavv and eci=, clickID=, Cavv2=, ErrorDesc2=, Scenario=Bypass used to simulate a scenario where merchant has elected to bypass the consumer authentication flow via Cardinal Rules Engine configuration., Xid=, PAResStatus2=, caseID=case12, Payload=blank, PAN=4000990000000004, ACSUrl=blank}
					
				</td>
			</tr>
			<tr class='log' status='info'>
				<td class='status info' title='info' alt='info'><i class='material-icons'>info_outline</i></td>
				<td class='timestamp'>4:25:33 PM</td>
				<td class='step-details'>
						CardNumber: 4000990000000004
					
				</td>
			</tr>
			<tr class='log' status='info'>
				<td class='status info' title='info' alt='info'><i class='material-icons'>info_outline</i></td>
				<td class='timestamp'>4:25:45 PM</td>
				<td class='step-details'>
						cl_id : 65572840
					
				</td>
			</tr>
			<tr class='log' status='info'>
				<td class='status info' title='info' alt='info'><i class='material-icons'>info_outline</i></td>
				<td class='timestamp'>4:25:47 PM</td>
				<td class='step-details'>
						f_id : 15100
					
				</td>
			</tr>
			<tr class='log' status='fail'>
				<td class='status fail' title='fail' alt='fail'><i class='material-icons'>cancel</i></td>
				<td class='timestamp'>4:25:47 PM</td>
				<td class='step-details'>
						<textarea disabled class="code-block">java.lang.ArrayIndexOutOfBoundsException: 0
	at automation.project3ds.MyTunnel.getStatement(MyTunnel.java:114)
	at automation.project3ds.FasterPay.getStatement(FasterPay.java:18)
	at automation.project3ds.FasterPay.getTID_Fasterpay(FasterPay.java:24)
	at automation.project3ds.oldTest.BrickHTML_Card1_OFF_Test.execute(BrickHTML_Card1_OFF_Test.java:94)
	at sun.reflect.NativeMethodAccessorImpl.invoke0(Native Method)
	at sun.reflect.NativeMethodAccessorImpl.invoke(NativeMethodAccessorImpl.java:62)
	at sun.reflect.DelegatingMethodAccessorImpl.invoke(DelegatingMethodAccessorImpl.java:43)
	at java.lang.reflect.Method.invoke(Method.java:498)
	at org.testng.internal.MethodInvocationHelper.invokeMethod(MethodInvocationHelper.java:124)
	at org.testng.internal.Invoker.invokeMethod(Invoker.java:583)
	at org.testng.internal.Invoker.invokeTestMethod(Invoker.java:719)
	at org.testng.internal.Invoker.invokeTestMethods(Invoker.java:989)
	at org.testng.internal.TestMethodWorker.invokeTestMethods(TestMethodWorker.java:125)
	at org.testng.internal.TestMethodWorker.run(TestMethodWorker.java:109)
	at org.testng.TestRunner.privateRun(TestRunner.java:648)
	at org.testng.TestRunner.run(TestRunner.java:505)
	at org.testng.SuiteRunner.runTest(SuiteRunner.java:455)
	at org.testng.SuiteRunner.runSequentially(SuiteRunner.java:450)
	at org.testng.SuiteRunner.privateRun(SuiteRunner.java:415)
	at org.testng.SuiteRunner.run(SuiteRunner.java:364)
	at org.testng.SuiteRunnerWorker.runSuite(SuiteRunnerWorker.java:52)
	at org.testng.SuiteRunnerWorker.run(SuiteRunnerWorker.java:84)
	at org.testng.TestNG.runSuitesSequentially(TestNG.java:1208)
	at org.testng.TestNG.runSuitesLocally(TestNG.java:1137)
	at org.testng.TestNG.runSuites(TestNG.java:1049)
	at org.testng.TestNG.run(TestNG.java:1017)
	at org.testng.remote.AbstractRemoteTestNG.run(AbstractRemoteTestNG.java:115)
	at org.testng.remote.RemoteTestNG.initAndRun(RemoteTestNG.java:251)
	at org.testng.remote.RemoteTestNG.main(RemoteTestNG.java:77)
</textarea>
					
				</td>
			</tr>
			<tr class='log' status='fail'>
				<td class='status fail' title='fail' alt='fail'><i class='material-icons'>cancel</i></td>
				<td class='timestamp'>4:25:47 PM</td>
				<td class='step-details'>
						Test Failed
					
				</td>
			</tr>
		</tbody>
	</table>
</div>
					</div>
				</li>
				<li class='test displayed active  fail' status='fail' bdd='false' test-id='325'>
					<div class='test-heading'>
						<span class='test-name'>BrickHTML_Card1_OFF_Test.execute (5200000000000007 )</span>
						<span class='test-time'>Sep 19, 2019 04:25:48 PM</span>
						<span class='test-status right fail'>fail</span>
					</div>
					<div class='test-content hide'>
<div class='test-time-info'>
	<span class='label start-time'>Sep 19, 2019 04:25:48 PM</span>
	<span class='label end-time'>Sep 19, 2019 04:26:27 PM</span>
	<span class='label time-taken grey lighten-1 white-text'>0h 0m 38s+985ms</span>
</div>
<div class='test-attributes'>
	<div class='category-list'>
		<span class='category label'>BrickToFP_OFF1</span>
	</div>
</div>
<div class='test-steps'>
	<table class='bordered table-results'>
		<thead>
			<tr>
				<th>Status</th>
				<th>Timestamp</th>
				<th>Details</th>
			</tr>
		</thead>
		<tbody>
			<tr class='log' status='info'>
				<td class='status info' title='info' alt='info'><i class='material-icons'>info_outline</i></td>
				<td class='timestamp'>4:25:48 PM</td>
				<td class='step-details'>
						Params: {other=, COLUMN_32=, cardholderVerificationMethod=, merchant_action=Merchant should append the Cavv and EciFlag values to the authorization message., finalPAResStatus=, Enrolled=Y, not continue=, EciFlag=value, finalEci=, ErrorDesc=blank, ErrorNo=0, ErrorNo2=0, Enable=1, finallCavv=, show process=, finalSignatureVerification=, testName=Test Case 1: Successful Authentication, SignatureVerification2=Y, expected_results_lookup=cmpi_lookup response
Enrolled = Y
ACSUrl = <Url>
Payload = <value>
ErrorNo = 0
ErrorDesc = <blank>, finalEnrolled=, expected_results_authentication=cmpi_authenticate response
PAResStatus = Y
SignatureVerification = Y
EciFlag = 02
Xid = <Xid Value>
Cavv = <Cavv Value>
ErrorNo = 0
ErrorDesc = <blank>, EciFlag2=02, cavv and eci=, clickID=, Cavv2=value, ErrorDesc2=blank, Scenario=Cardholder enrolled, successful authentication, successful signature verification., Xid=value, PAResStatus2=Y, caseID=case13, Payload=value, PAN=5200000000000007, ACSUrl=value}
					
				</td>
			</tr>
			<tr class='log' status='info'>
				<td class='status info' title='info' alt='info'><i class='material-icons'>info_outline</i></td>
				<td class='timestamp'>4:25:48 PM</td>
				<td class='step-details'>
						CardNumber: 5200000000000007
					
				</td>
			</tr>
			<tr class='log' status='info'>
				<td class='status info' title='info' alt='info'><i class='material-icons'>info_outline</i></td>
				<td class='timestamp'>4:26:25 PM</td>
				<td class='step-details'>
						cl_id : 65572843
					
				</td>
			</tr>
			<tr class='log' status='info'>
				<td class='status info' title='info' alt='info'><i class='material-icons'>info_outline</i></td>
				<td class='timestamp'>4:26:26 PM</td>
				<td class='step-details'>
						f_id : 15103
					
				</td>
			</tr>
			<tr class='log' status='fail'>
				<td class='status fail' title='fail' alt='fail'><i class='material-icons'>cancel</i></td>
				<td class='timestamp'>4:26:27 PM</td>
				<td class='step-details'>
						<textarea disabled class="code-block">java.lang.ArrayIndexOutOfBoundsException: 0
	at automation.project3ds.MyTunnel.getStatement(MyTunnel.java:114)
	at automation.project3ds.FasterPay.getStatement(FasterPay.java:18)
	at automation.project3ds.FasterPay.getTID_Fasterpay(FasterPay.java:24)
	at automation.project3ds.oldTest.BrickHTML_Card1_OFF_Test.execute(BrickHTML_Card1_OFF_Test.java:94)
	at sun.reflect.NativeMethodAccessorImpl.invoke0(Native Method)
	at sun.reflect.NativeMethodAccessorImpl.invoke(NativeMethodAccessorImpl.java:62)
	at sun.reflect.DelegatingMethodAccessorImpl.invoke(DelegatingMethodAccessorImpl.java:43)
	at java.lang.reflect.Method.invoke(Method.java:498)
	at org.testng.internal.MethodInvocationHelper.invokeMethod(MethodInvocationHelper.java:124)
	at org.testng.internal.Invoker.invokeMethod(Invoker.java:583)
	at org.testng.internal.Invoker.invokeTestMethod(Invoker.java:719)
	at org.testng.internal.Invoker.invokeTestMethods(Invoker.java:989)
	at org.testng.internal.TestMethodWorker.invokeTestMethods(TestMethodWorker.java:125)
	at org.testng.internal.TestMethodWorker.run(TestMethodWorker.java:109)
	at org.testng.TestRunner.privateRun(TestRunner.java:648)
	at org.testng.TestRunner.run(TestRunner.java:505)
	at org.testng.SuiteRunner.runTest(SuiteRunner.java:455)
	at org.testng.SuiteRunner.runSequentially(SuiteRunner.java:450)
	at org.testng.SuiteRunner.privateRun(SuiteRunner.java:415)
	at org.testng.SuiteRunner.run(SuiteRunner.java:364)
	at org.testng.SuiteRunnerWorker.runSuite(SuiteRunnerWorker.java:52)
	at org.testng.SuiteRunnerWorker.run(SuiteRunnerWorker.java:84)
	at org.testng.TestNG.runSuitesSequentially(TestNG.java:1208)
	at org.testng.TestNG.runSuitesLocally(TestNG.java:1137)
	at org.testng.TestNG.runSuites(TestNG.java:1049)
	at org.testng.TestNG.run(TestNG.java:1017)
	at org.testng.remote.AbstractRemoteTestNG.run(AbstractRemoteTestNG.java:115)
	at org.testng.remote.RemoteTestNG.initAndRun(RemoteTestNG.java:251)
	at org.testng.remote.RemoteTestNG.main(RemoteTestNG.java:77)
</textarea>
					
				</td>
			</tr>
			<tr class='log' status='fail'>
				<td class='status fail' title='fail' alt='fail'><i class='material-icons'>cancel</i></td>
				<td class='timestamp'>4:26:27 PM</td>
				<td class='step-details'>
						Test Failed
					
				</td>
			</tr>
		</tbody>
	</table>
</div>
					</div>
				</li>
				<li class='test displayed active  fail' status='fail' bdd='false' test-id='352'>
					<div class='test-heading'>
						<span class='test-name'>BrickHTML_Card1_OFF_Test.execute (5200000000000015 )</span>
						<span class='test-time'>Sep 19, 2019 04:26:27 PM</span>
						<span class='test-status right fail'>fail</span>
					</div>
					<div class='test-content hide'>
<div class='test-time-info'>
	<span class='label start-time'>Sep 19, 2019 04:26:27 PM</span>
	<span class='label end-time'>Sep 19, 2019 04:26:56 PM</span>
	<span class='label time-taken grey lighten-1 white-text'>0h 0m 29s+423ms</span>
</div>
<div class='test-attributes'>
	<div class='category-list'>
		<span class='category label'>BrickToFP_OFF1</span>
	</div>
</div>
<div class='test-steps'>
	<table class='bordered table-results'>
		<thead>
			<tr>
				<th>Status</th>
				<th>Timestamp</th>
				<th>Details</th>
			</tr>
		</thead>
		<tbody>
			<tr class='log' status='info'>
				<td class='status info' title='info' alt='info'><i class='material-icons'>info_outline</i></td>
				<td class='timestamp'>4:26:27 PM</td>
				<td class='step-details'>
						Params: {other=, COLUMN_32=, cardholderVerificationMethod=, merchant_action=Merchant should NOT continue authorization, due to the failed signature verification. Merchant should prompt for another form of payment or attempt to authenticate the consumer., finalPAResStatus=, Enrolled=Y, not continue=, EciFlag=value, finalEci=, ErrorDesc=blank, ErrorNo=0, ErrorNo2=0, Enable=1, finallCavv=, show process=, finalSignatureVerification=, testName=Test Case 2: Failed Signature, SignatureVerification2=N, expected_results_lookup=cmpi_lookup response
Enrolled = Y
ACSUrl = <Url>
Payload = <value>
ErrorNo = 0
ErrorDesc = <blank>, finalEnrolled=, expected_results_authentication=cmpi_authenticate response
PAResStatus = Y
SignatureVerification = N
EciFlag = 02
Xid = <Xid Value>
Cavv = <Cavv Value>
ErrorNo = 0
ErrorDesc = <blank>, EciFlag2=02, cavv and eci=, clickID=, Cavv2=value, ErrorDesc2=blank, Scenario=Cardholder enrolled, successful authentication, unsuccessful signature verification., Xid=value, PAResStatus2=Y, caseID=case14, Payload=value, PAN=5200000000000015, ACSUrl=value}
					
				</td>
			</tr>
			<tr class='log' status='info'>
				<td class='status info' title='info' alt='info'><i class='material-icons'>info_outline</i></td>
				<td class='timestamp'>4:26:27 PM</td>
				<td class='step-details'>
						CardNumber: 5200000000000015
					
				</td>
			</tr>
			<tr class='log' status='info'>
				<td class='status info' title='info' alt='info'><i class='material-icons'>info_outline</i></td>
				<td class='timestamp'>4:26:55 PM</td>
				<td class='step-details'>
						cl_id : 65572846
					
				</td>
			</tr>
			<tr class='log' status='info'>
				<td class='status info' title='info' alt='info'><i class='material-icons'>info_outline</i></td>
				<td class='timestamp'>4:26:56 PM</td>
				<td class='step-details'>
						f_id : 15106
					
				</td>
			</tr>
			<tr class='log' status='fail'>
				<td class='status fail' title='fail' alt='fail'><i class='material-icons'>cancel</i></td>
				<td class='timestamp'>4:26:56 PM</td>
				<td class='step-details'>
						<textarea disabled class="code-block">java.lang.ArrayIndexOutOfBoundsException: 0
	at automation.project3ds.MyTunnel.getStatement(MyTunnel.java:114)
	at automation.project3ds.FasterPay.getStatement(FasterPay.java:18)
	at automation.project3ds.FasterPay.getTID_Fasterpay(FasterPay.java:24)
	at automation.project3ds.oldTest.BrickHTML_Card1_OFF_Test.execute(BrickHTML_Card1_OFF_Test.java:94)
	at sun.reflect.NativeMethodAccessorImpl.invoke0(Native Method)
	at sun.reflect.NativeMethodAccessorImpl.invoke(NativeMethodAccessorImpl.java:62)
	at sun.reflect.DelegatingMethodAccessorImpl.invoke(DelegatingMethodAccessorImpl.java:43)
	at java.lang.reflect.Method.invoke(Method.java:498)
	at org.testng.internal.MethodInvocationHelper.invokeMethod(MethodInvocationHelper.java:124)
	at org.testng.internal.Invoker.invokeMethod(Invoker.java:583)
	at org.testng.internal.Invoker.invokeTestMethod(Invoker.java:719)
	at org.testng.internal.Invoker.invokeTestMethods(Invoker.java:989)
	at org.testng.internal.TestMethodWorker.invokeTestMethods(TestMethodWorker.java:125)
	at org.testng.internal.TestMethodWorker.run(TestMethodWorker.java:109)
	at org.testng.TestRunner.privateRun(TestRunner.java:648)
	at org.testng.TestRunner.run(TestRunner.java:505)
	at org.testng.SuiteRunner.runTest(SuiteRunner.java:455)
	at org.testng.SuiteRunner.runSequentially(SuiteRunner.java:450)
	at org.testng.SuiteRunner.privateRun(SuiteRunner.java:415)
	at org.testng.SuiteRunner.run(SuiteRunner.java:364)
	at org.testng.SuiteRunnerWorker.runSuite(SuiteRunnerWorker.java:52)
	at org.testng.SuiteRunnerWorker.run(SuiteRunnerWorker.java:84)
	at org.testng.TestNG.runSuitesSequentially(TestNG.java:1208)
	at org.testng.TestNG.runSuitesLocally(TestNG.java:1137)
	at org.testng.TestNG.runSuites(TestNG.java:1049)
	at org.testng.TestNG.run(TestNG.java:1017)
	at org.testng.remote.AbstractRemoteTestNG.run(AbstractRemoteTestNG.java:115)
	at org.testng.remote.RemoteTestNG.initAndRun(RemoteTestNG.java:251)
	at org.testng.remote.RemoteTestNG.main(RemoteTestNG.java:77)
</textarea>
					
				</td>
			</tr>
			<tr class='log' status='fail'>
				<td class='status fail' title='fail' alt='fail'><i class='material-icons'>cancel</i></td>
				<td class='timestamp'>4:26:56 PM</td>
				<td class='step-details'>
						Test Failed
					
				</td>
			</tr>
		</tbody>
	</table>
</div>
					</div>
				</li>
				<li class='test displayed active  fail' status='fail' bdd='false' test-id='379'>
					<div class='test-heading'>
						<span class='test-name'>BrickHTML_Card1_OFF_Test.execute (5200000000000023 )</span>
						<span class='test-time'>Sep 19, 2019 04:26:57 PM</span>
						<span class='test-status right fail'>fail</span>
					</div>
					<div class='test-content hide'>
<div class='test-time-info'>
	<span class='label start-time'>Sep 19, 2019 04:26:57 PM</span>
	<span class='label end-time'>Sep 19, 2019 04:27:27 PM</span>
	<span class='label time-taken grey lighten-1 white-text'>0h 0m 30s+366ms</span>
</div>
<div class='test-attributes'>
	<div class='category-list'>
		<span class='category label'>BrickToFP_OFF1</span>
	</div>
</div>
<div class='test-steps'>
	<table class='bordered table-results'>
		<thead>
			<tr>
				<th>Status</th>
				<th>Timestamp</th>
				<th>Details</th>
			</tr>
		</thead>
		<tbody>
			<tr class='log' status='info'>
				<td class='status info' title='info' alt='info'><i class='material-icons'>info_outline</i></td>
				<td class='timestamp'>4:26:57 PM</td>
				<td class='step-details'>
						Params: {other=, COLUMN_32=, cardholderVerificationMethod=, merchant_action=Merchant should not continue with authorization. Merchant should prompt for another form of payment and is not permitted to submit this transaction for authorization., finalPAResStatus=, Enrolled=Y, not continue=, EciFlag=value, finalEci=, ErrorDesc=blank, ErrorNo=0, ErrorNo2=0, Enable=1, finallCavv=, show process=, finalSignatureVerification=, testName=Test Case 3: Failed Authentication, SignatureVerification2=Y, expected_results_lookup=cmpi_lookup response
Enrolled = Y
ACSUrl = <Url>
Payload = <value>
ErrorNo = 0
ErrorDesc = <blank>, finalEnrolled=, expected_results_authentication=cmpi_authenticate response
PAResStatus = N
SignatureVerification = Y
EciFlag = 00
Xid = <Xid Value>
Cavv = <blank>
ErrorNo = 0
ErrorDesc = <blank>, EciFlag2=00, cavv and eci=, clickID=, Cavv2=blank, ErrorDesc2=blank, Scenario=Cardholder enrolled, unsuccessful authentication, successful signature verification., Xid=value, PAResStatus2=N, caseID=case15, Payload=value, PAN=5200000000000023, ACSUrl=value}
					
				</td>
			</tr>
			<tr class='log' status='info'>
				<td class='status info' title='info' alt='info'><i class='material-icons'>info_outline</i></td>
				<td class='timestamp'>4:26:57 PM</td>
				<td class='step-details'>
						CardNumber: 5200000000000023
					
				</td>
			</tr>
			<tr class='log' status='info'>
				<td class='status info' title='info' alt='info'><i class='material-icons'>info_outline</i></td>
				<td class='timestamp'>4:27:25 PM</td>
				<td class='step-details'>
						cl_id : 65572851
					
				</td>
			</tr>
			<tr class='log' status='info'>
				<td class='status info' title='info' alt='info'><i class='material-icons'>info_outline</i></td>
				<td class='timestamp'>4:27:27 PM</td>
				<td class='step-details'>
						f_id : 15109
					
				</td>
			</tr>
			<tr class='log' status='fail'>
				<td class='status fail' title='fail' alt='fail'><i class='material-icons'>cancel</i></td>
				<td class='timestamp'>4:27:27 PM</td>
				<td class='step-details'>
						<textarea disabled class="code-block">java.lang.ArrayIndexOutOfBoundsException: 0
	at automation.project3ds.MyTunnel.getStatement(MyTunnel.java:114)
	at automation.project3ds.FasterPay.getStatement(FasterPay.java:18)
	at automation.project3ds.FasterPay.getTID_Fasterpay(FasterPay.java:24)
	at automation.project3ds.oldTest.BrickHTML_Card1_OFF_Test.execute(BrickHTML_Card1_OFF_Test.java:94)
	at sun.reflect.NativeMethodAccessorImpl.invoke0(Native Method)
	at sun.reflect.NativeMethodAccessorImpl.invoke(NativeMethodAccessorImpl.java:62)
	at sun.reflect.DelegatingMethodAccessorImpl.invoke(DelegatingMethodAccessorImpl.java:43)
	at java.lang.reflect.Method.invoke(Method.java:498)
	at org.testng.internal.MethodInvocationHelper.invokeMethod(MethodInvocationHelper.java:124)
	at org.testng.internal.Invoker.invokeMethod(Invoker.java:583)
	at org.testng.internal.Invoker.invokeTestMethod(Invoker.java:719)
	at org.testng.internal.Invoker.invokeTestMethods(Invoker.java:989)
	at org.testng.internal.TestMethodWorker.invokeTestMethods(TestMethodWorker.java:125)
	at org.testng.internal.TestMethodWorker.run(TestMethodWorker.java:109)
	at org.testng.TestRunner.privateRun(TestRunner.java:648)
	at org.testng.TestRunner.run(TestRunner.java:505)
	at org.testng.SuiteRunner.runTest(SuiteRunner.java:455)
	at org.testng.SuiteRunner.runSequentially(SuiteRunner.java:450)
	at org.testng.SuiteRunner.privateRun(SuiteRunner.java:415)
	at org.testng.SuiteRunner.run(SuiteRunner.java:364)
	at org.testng.SuiteRunnerWorker.runSuite(SuiteRunnerWorker.java:52)
	at org.testng.SuiteRunnerWorker.run(SuiteRunnerWorker.java:84)
	at org.testng.TestNG.runSuitesSequentially(TestNG.java:1208)
	at org.testng.TestNG.runSuitesLocally(TestNG.java:1137)
	at org.testng.TestNG.runSuites(TestNG.java:1049)
	at org.testng.TestNG.run(TestNG.java:1017)
	at org.testng.remote.AbstractRemoteTestNG.run(AbstractRemoteTestNG.java:115)
	at org.testng.remote.RemoteTestNG.initAndRun(RemoteTestNG.java:251)
	at org.testng.remote.RemoteTestNG.main(RemoteTestNG.java:77)
</textarea>
					
				</td>
			</tr>
			<tr class='log' status='fail'>
				<td class='status fail' title='fail' alt='fail'><i class='material-icons'>cancel</i></td>
				<td class='timestamp'>4:27:27 PM</td>
				<td class='step-details'>
						Test Failed
					
				</td>
			</tr>
		</tbody>
	</table>
</div>
					</div>
				</li>
				<li class='test displayed active  fail' status='fail' bdd='false' test-id='406'>
					<div class='test-heading'>
						<span class='test-name'>BrickHTML_Card1_OFF_Test.execute (5200000000000908 )</span>
						<span class='test-time'>Sep 19, 2019 04:27:27 PM</span>
						<span class='test-status right fail'>fail</span>
					</div>
					<div class='test-content hide'>
<div class='test-time-info'>
	<span class='label start-time'>Sep 19, 2019 04:27:27 PM</span>
	<span class='label end-time'>Sep 19, 2019 04:27:53 PM</span>
	<span class='label time-taken grey lighten-1 white-text'>0h 0m 25s+168ms</span>
</div>
<div class='test-attributes'>
	<div class='category-list'>
		<span class='category label'>BrickToFP_OFF1</span>
	</div>
</div>
<div class='test-steps'>
	<table class='bordered table-results'>
		<thead>
			<tr>
				<th>Status</th>
				<th>Timestamp</th>
				<th>Details</th>
			</tr>
		</thead>
		<tbody>
			<tr class='log' status='info'>
				<td class='status info' title='info' alt='info'><i class='material-icons'>info_outline</i></td>
				<td class='timestamp'>4:27:27 PM</td>
				<td class='step-details'>
						Params: {other=, COLUMN_32=, cardholderVerificationMethod=, merchant_action=Merchant should append the Cavv and the EciFlag to the authorization message., finalPAResStatus=, Enrolled=Y, not continue=, EciFlag=value, finalEci=, ErrorDesc=blank, ErrorNo=0, ErrorNo2=0, Enable=1, finallCavv=, show process=, finalSignatureVerification=, testName=Test Case 4: Attempts/Non-Participating, SignatureVerification2=Y, expected_results_lookup=cmpi_lookup response
Enrolled = Y
ACSUrl = <Url>
Payload = <value>
ErrorNo = 0
ErrorDesc = <blank>, finalEnrolled=, expected_results_authentication=cmpi_authenticate response
PAResStatus = A
SignatureVerification = Y
EciFlag = 01
Xid = <Xid Value>
Cavv = <Cavv Value>
ErrorNo = 0
ErrorDesc = <blank>, EciFlag2=01, cavv and eci=, clickID=, Cavv2=value, ErrorDesc2=blank, Scenario=Passive Authentication - cardholder not prompted for authentication credential, Xid=value, PAResStatus2=A, caseID=case16, Payload=value, PAN=5200000000000908, ACSUrl=value}
					
				</td>
			</tr>
			<tr class='log' status='info'>
				<td class='status info' title='info' alt='info'><i class='material-icons'>info_outline</i></td>
				<td class='timestamp'>4:27:27 PM</td>
				<td class='step-details'>
						CardNumber: 5200000000000908
					
				</td>
			</tr>
			<tr class='log' status='info'>
				<td class='status info' title='info' alt='info'><i class='material-icons'>info_outline</i></td>
				<td class='timestamp'>4:27:51 PM</td>
				<td class='step-details'>
						cl_id : 65572853
					
				</td>
			</tr>
			<tr class='log' status='info'>
				<td class='status info' title='info' alt='info'><i class='material-icons'>info_outline</i></td>
				<td class='timestamp'>4:27:53 PM</td>
				<td class='step-details'>
						f_id : 15111
					
				</td>
			</tr>
			<tr class='log' status='fail'>
				<td class='status fail' title='fail' alt='fail'><i class='material-icons'>cancel</i></td>
				<td class='timestamp'>4:27:53 PM</td>
				<td class='step-details'>
						<textarea disabled class="code-block">java.lang.ArrayIndexOutOfBoundsException: 0
	at automation.project3ds.MyTunnel.getStatement(MyTunnel.java:114)
	at automation.project3ds.FasterPay.getStatement(FasterPay.java:18)
	at automation.project3ds.FasterPay.getTID_Fasterpay(FasterPay.java:24)
	at automation.project3ds.oldTest.BrickHTML_Card1_OFF_Test.execute(BrickHTML_Card1_OFF_Test.java:94)
	at sun.reflect.NativeMethodAccessorImpl.invoke0(Native Method)
	at sun.reflect.NativeMethodAccessorImpl.invoke(NativeMethodAccessorImpl.java:62)
	at sun.reflect.DelegatingMethodAccessorImpl.invoke(DelegatingMethodAccessorImpl.java:43)
	at java.lang.reflect.Method.invoke(Method.java:498)
	at org.testng.internal.MethodInvocationHelper.invokeMethod(MethodInvocationHelper.java:124)
	at org.testng.internal.Invoker.invokeMethod(Invoker.java:583)
	at org.testng.internal.Invoker.invokeTestMethod(Invoker.java:719)
	at org.testng.internal.Invoker.invokeTestMethods(Invoker.java:989)
	at org.testng.internal.TestMethodWorker.invokeTestMethods(TestMethodWorker.java:125)
	at org.testng.internal.TestMethodWorker.run(TestMethodWorker.java:109)
	at org.testng.TestRunner.privateRun(TestRunner.java:648)
	at org.testng.TestRunner.run(TestRunner.java:505)
	at org.testng.SuiteRunner.runTest(SuiteRunner.java:455)
	at org.testng.SuiteRunner.runSequentially(SuiteRunner.java:450)
	at org.testng.SuiteRunner.privateRun(SuiteRunner.java:415)
	at org.testng.SuiteRunner.run(SuiteRunner.java:364)
	at org.testng.SuiteRunnerWorker.runSuite(SuiteRunnerWorker.java:52)
	at org.testng.SuiteRunnerWorker.run(SuiteRunnerWorker.java:84)
	at org.testng.TestNG.runSuitesSequentially(TestNG.java:1208)
	at org.testng.TestNG.runSuitesLocally(TestNG.java:1137)
	at org.testng.TestNG.runSuites(TestNG.java:1049)
	at org.testng.TestNG.run(TestNG.java:1017)
	at org.testng.remote.AbstractRemoteTestNG.run(AbstractRemoteTestNG.java:115)
	at org.testng.remote.RemoteTestNG.initAndRun(RemoteTestNG.java:251)
	at org.testng.remote.RemoteTestNG.main(RemoteTestNG.java:77)
</textarea>
					
				</td>
			</tr>
			<tr class='log' status='fail'>
				<td class='status fail' title='fail' alt='fail'><i class='material-icons'>cancel</i></td>
				<td class='timestamp'>4:27:53 PM</td>
				<td class='step-details'>
						Test Failed
					
				</td>
			</tr>
		</tbody>
	</table>
</div>
					</div>
				</li>
				<li class='test displayed active  fail' status='fail' bdd='false' test-id='433'>
					<div class='test-heading'>
						<span class='test-name'>BrickHTML_Card1_OFF_Test.execute (5200000000000049 )</span>
						<span class='test-time'>Sep 19, 2019 04:27:53 PM</span>
						<span class='test-status right fail'>fail</span>
					</div>
					<div class='test-content hide'>
<div class='test-time-info'>
	<span class='label start-time'>Sep 19, 2019 04:27:53 PM</span>
	<span class='label end-time'>Sep 19, 2019 04:28:23 PM</span>
	<span class='label time-taken grey lighten-1 white-text'>0h 0m 29s+718ms</span>
</div>
<div class='test-attributes'>
	<div class='category-list'>
		<span class='category label'>BrickToFP_OFF1</span>
	</div>
</div>
<div class='test-steps'>
	<table class='bordered table-results'>
		<thead>
			<tr>
				<th>Status</th>
				<th>Timestamp</th>
				<th>Details</th>
			</tr>
		</thead>
		<tbody>
			<tr class='log' status='info'>
				<td class='status info' title='info' alt='info'><i class='material-icons'>info_outline</i></td>
				<td class='timestamp'>4:27:53 PM</td>
				<td class='step-details'>
						Params: {other=, COLUMN_32=, cardholderVerificationMethod=, merchant_action=The cmpi_lookup transaction will simulate a timeout scenario and require 20 seconds to complete the transaction processing with the other 3-D Secure systems. Merchant integration should handle timeout processing after 10-12 seconds and proceed with the authorization message., finalPAResStatus=, Enrolled=blank, not continue=, EciFlag=value, finalEci=, ErrorDesc=value, ErrorNo=value, ErrorNo2=, Enable=1, finallCavv=, show process=, finalSignatureVerification=, testName=Test Case 6: Timeout, SignatureVerification2=, expected_results_lookup=cmpi_lookup response
Enrolled = <blank>
ACSUrl = <blank>
Payload = <blank>
ErrorNo = Refer to the 3DS Error Codes and Descriptions Guide
ErrorDesc = Refer to the 3DS Error Codes and Descriptions Guide, finalEnrolled=, expected_results_authentication=NA, EciFlag2=, cavv and eci=, clickID=, Cavv2=, ErrorDesc2=, Scenario=Timeout encountered while processing the cmpi_lookup transaction., Xid=, PAResStatus2=, caseID=case17, Payload=blank, PAN=5200000000000049, ACSUrl=blank}
					
				</td>
			</tr>
			<tr class='log' status='info'>
				<td class='status info' title='info' alt='info'><i class='material-icons'>info_outline</i></td>
				<td class='timestamp'>4:27:53 PM</td>
				<td class='step-details'>
						CardNumber: 5200000000000049
					
				</td>
			</tr>
			<tr class='log' status='info'>
				<td class='status info' title='info' alt='info'><i class='material-icons'>info_outline</i></td>
				<td class='timestamp'>4:28:21 PM</td>
				<td class='step-details'>
						cl_id : 65572855
					
				</td>
			</tr>
			<tr class='log' status='info'>
				<td class='status info' title='info' alt='info'><i class='material-icons'>info_outline</i></td>
				<td class='timestamp'>4:28:23 PM</td>
				<td class='step-details'>
						f_id : 15113
					
				</td>
			</tr>
			<tr class='log' status='fail'>
				<td class='status fail' title='fail' alt='fail'><i class='material-icons'>cancel</i></td>
				<td class='timestamp'>4:28:23 PM</td>
				<td class='step-details'>
						<textarea disabled class="code-block">java.lang.ArrayIndexOutOfBoundsException: 0
	at automation.project3ds.MyTunnel.getStatement(MyTunnel.java:114)
	at automation.project3ds.FasterPay.getStatement(FasterPay.java:18)
	at automation.project3ds.FasterPay.getTID_Fasterpay(FasterPay.java:24)
	at automation.project3ds.oldTest.BrickHTML_Card1_OFF_Test.execute(BrickHTML_Card1_OFF_Test.java:94)
	at sun.reflect.GeneratedMethodAccessor90.invoke(Unknown Source)
	at sun.reflect.DelegatingMethodAccessorImpl.invoke(DelegatingMethodAccessorImpl.java:43)
	at java.lang.reflect.Method.invoke(Method.java:498)
	at org.testng.internal.MethodInvocationHelper.invokeMethod(MethodInvocationHelper.java:124)
	at org.testng.internal.Invoker.invokeMethod(Invoker.java:583)
	at org.testng.internal.Invoker.invokeTestMethod(Invoker.java:719)
	at org.testng.internal.Invoker.invokeTestMethods(Invoker.java:989)
	at org.testng.internal.TestMethodWorker.invokeTestMethods(TestMethodWorker.java:125)
	at org.testng.internal.TestMethodWorker.run(TestMethodWorker.java:109)
	at org.testng.TestRunner.privateRun(TestRunner.java:648)
	at org.testng.TestRunner.run(TestRunner.java:505)
	at org.testng.SuiteRunner.runTest(SuiteRunner.java:455)
	at org.testng.SuiteRunner.runSequentially(SuiteRunner.java:450)
	at org.testng.SuiteRunner.privateRun(SuiteRunner.java:415)
	at org.testng.SuiteRunner.run(SuiteRunner.java:364)
	at org.testng.SuiteRunnerWorker.runSuite(SuiteRunnerWorker.java:52)
	at org.testng.SuiteRunnerWorker.run(SuiteRunnerWorker.java:84)
	at org.testng.TestNG.runSuitesSequentially(TestNG.java:1208)
	at org.testng.TestNG.runSuitesLocally(TestNG.java:1137)
	at org.testng.TestNG.runSuites(TestNG.java:1049)
	at org.testng.TestNG.run(TestNG.java:1017)
	at org.testng.remote.AbstractRemoteTestNG.run(AbstractRemoteTestNG.java:115)
	at org.testng.remote.RemoteTestNG.initAndRun(RemoteTestNG.java:251)
	at org.testng.remote.RemoteTestNG.main(RemoteTestNG.java:77)
</textarea>
					
				</td>
			</tr>
			<tr class='log' status='fail'>
				<td class='status fail' title='fail' alt='fail'><i class='material-icons'>cancel</i></td>
				<td class='timestamp'>4:28:23 PM</td>
				<td class='step-details'>
						Test Failed
					
				</td>
			</tr>
		</tbody>
	</table>
</div>
					</div>
				</li>
				<li class='test displayed active  fail' status='fail' bdd='false' test-id='460'>
					<div class='test-heading'>
						<span class='test-name'>BrickHTML_Card1_OFF_Test.execute (5200000000000056 )</span>
						<span class='test-time'>Sep 19, 2019 04:28:23 PM</span>
						<span class='test-status right fail'>fail</span>
					</div>
					<div class='test-content hide'>
<div class='test-time-info'>
	<span class='label start-time'>Sep 19, 2019 04:28:23 PM</span>
	<span class='label end-time'>Sep 19, 2019 04:28:38 PM</span>
	<span class='label time-taken grey lighten-1 white-text'>0h 0m 15s+296ms</span>
</div>
<div class='test-attributes'>
	<div class='category-list'>
		<span class='category label'>BrickToFP_OFF1</span>
	</div>
</div>
<div class='test-steps'>
	<table class='bordered table-results'>
		<thead>
			<tr>
				<th>Status</th>
				<th>Timestamp</th>
				<th>Details</th>
			</tr>
		</thead>
		<tbody>
			<tr class='log' status='info'>
				<td class='status info' title='info' alt='info'><i class='material-icons'>info_outline</i></td>
				<td class='timestamp'>4:28:23 PM</td>
				<td class='step-details'>
						Params: {other=, COLUMN_32=, cardholderVerificationMethod=, merchant_action=Merchant should submit the authorization with an ECI of 00., finalPAResStatus=, Enrolled=N, not continue=, EciFlag=00, finalEci=, ErrorDesc=blank, ErrorNo=0, ErrorNo2=, Enable=1, finallCavv=, show process=, finalSignatureVerification=, testName=Test Case 7: Not Enrolled, SignatureVerification2=, expected_results_lookup=cmpi_lookup response
Enrolled = N
ACSUrl = <blank>
Payload = <blank>
ErrorNo = 0
ErrorDesc = <blank>
EciFlag = 00, finalEnrolled=, expected_results_authentication=NA, EciFlag2=, cavv and eci=, clickID=, Cavv2=, ErrorDesc2=, Scenario=Cardholder not enrolled. Issuing Bank not participating., Xid=, PAResStatus2=, caseID=case18, Payload=blank, PAN=5200000000000056, ACSUrl=blank}
					
				</td>
			</tr>
			<tr class='log' status='info'>
				<td class='status info' title='info' alt='info'><i class='material-icons'>info_outline</i></td>
				<td class='timestamp'>4:28:23 PM</td>
				<td class='step-details'>
						CardNumber: 5200000000000056
					
				</td>
			</tr>
			<tr class='log' status='info'>
				<td class='status info' title='info' alt='info'><i class='material-icons'>info_outline</i></td>
				<td class='timestamp'>4:28:36 PM</td>
				<td class='step-details'>
						cl_id : 65572856
					
				</td>
			</tr>
			<tr class='log' status='info'>
				<td class='status info' title='info' alt='info'><i class='material-icons'>info_outline</i></td>
				<td class='timestamp'>4:28:38 PM</td>
				<td class='step-details'>
						f_id : 15114
					
				</td>
			</tr>
			<tr class='log' status='fail'>
				<td class='status fail' title='fail' alt='fail'><i class='material-icons'>cancel</i></td>
				<td class='timestamp'>4:28:38 PM</td>
				<td class='step-details'>
						<textarea disabled class="code-block">java.lang.ArrayIndexOutOfBoundsException: 0
	at automation.project3ds.MyTunnel.getStatement(MyTunnel.java:114)
	at automation.project3ds.FasterPay.getStatement(FasterPay.java:18)
	at automation.project3ds.FasterPay.getTID_Fasterpay(FasterPay.java:24)
	at automation.project3ds.oldTest.BrickHTML_Card1_OFF_Test.execute(BrickHTML_Card1_OFF_Test.java:94)
	at sun.reflect.GeneratedMethodAccessor90.invoke(Unknown Source)
	at sun.reflect.DelegatingMethodAccessorImpl.invoke(DelegatingMethodAccessorImpl.java:43)
	at java.lang.reflect.Method.invoke(Method.java:498)
	at org.testng.internal.MethodInvocationHelper.invokeMethod(MethodInvocationHelper.java:124)
	at org.testng.internal.Invoker.invokeMethod(Invoker.java:583)
	at org.testng.internal.Invoker.invokeTestMethod(Invoker.java:719)
	at org.testng.internal.Invoker.invokeTestMethods(Invoker.java:989)
	at org.testng.internal.TestMethodWorker.invokeTestMethods(TestMethodWorker.java:125)
	at org.testng.internal.TestMethodWorker.run(TestMethodWorker.java:109)
	at org.testng.TestRunner.privateRun(TestRunner.java:648)
	at org.testng.TestRunner.run(TestRunner.java:505)
	at org.testng.SuiteRunner.runTest(SuiteRunner.java:455)
	at org.testng.SuiteRunner.runSequentially(SuiteRunner.java:450)
	at org.testng.SuiteRunner.privateRun(SuiteRunner.java:415)
	at org.testng.SuiteRunner.run(SuiteRunner.java:364)
	at org.testng.SuiteRunnerWorker.runSuite(SuiteRunnerWorker.java:52)
	at org.testng.SuiteRunnerWorker.run(SuiteRunnerWorker.java:84)
	at org.testng.TestNG.runSuitesSequentially(TestNG.java:1208)
	at org.testng.TestNG.runSuitesLocally(TestNG.java:1137)
	at org.testng.TestNG.runSuites(TestNG.java:1049)
	at org.testng.TestNG.run(TestNG.java:1017)
	at org.testng.remote.AbstractRemoteTestNG.run(AbstractRemoteTestNG.java:115)
	at org.testng.remote.RemoteTestNG.initAndRun(RemoteTestNG.java:251)
	at org.testng.remote.RemoteTestNG.main(RemoteTestNG.java:77)
</textarea>
					
				</td>
			</tr>
			<tr class='log' status='fail'>
				<td class='status fail' title='fail' alt='fail'><i class='material-icons'>cancel</i></td>
				<td class='timestamp'>4:28:38 PM</td>
				<td class='step-details'>
						Test Failed
					
				</td>
			</tr>
		</tbody>
	</table>
</div>
					</div>
				</li>
				<li class='test displayed active  fail' status='fail' bdd='false' test-id='487'>
					<div class='test-heading'>
						<span class='test-name'>BrickHTML_Card1_OFF_Test.execute (5200000000000064 )</span>
						<span class='test-time'>Sep 19, 2019 04:28:39 PM</span>
						<span class='test-status right fail'>fail</span>
					</div>
					<div class='test-content hide'>
<div class='test-time-info'>
	<span class='label start-time'>Sep 19, 2019 04:28:39 PM</span>
	<span class='label end-time'>Sep 19, 2019 04:28:53 PM</span>
	<span class='label time-taken grey lighten-1 white-text'>0h 0m 14s+883ms</span>
</div>
<div class='test-attributes'>
	<div class='category-list'>
		<span class='category label'>BrickToFP_OFF1</span>
	</div>
</div>
<div class='test-steps'>
	<table class='bordered table-results'>
		<thead>
			<tr>
				<th>Status</th>
				<th>Timestamp</th>
				<th>Details</th>
			</tr>
		</thead>
		<tbody>
			<tr class='log' status='info'>
				<td class='status info' title='info' alt='info'><i class='material-icons'>info_outline</i></td>
				<td class='timestamp'>4:28:39 PM</td>
				<td class='step-details'>
						Params: {other=, COLUMN_32=, cardholderVerificationMethod=, merchant_action=Merchant should proceed with the authorization message., finalPAResStatus=, Enrolled=U, not continue=, EciFlag=00, finalEci=, ErrorDesc=blank, ErrorNo=0, ErrorNo2=, Enable=1, finallCavv=, show process=, finalSignatureVerification=, testName=Test Case 8: Unavailable, SignatureVerification2=, expected_results_lookup=cmpi_lookup response
Enrolled = U
ACSUrl = <blank>
Payload = <blank>
ErrorNo = 0
ErrorDesc = <blank>
EciFlag = 00, finalEnrolled=, expected_results_authentication=NA, EciFlag2=, cavv and eci=, clickID=, Cavv2=, ErrorDesc2=, Scenario=Authentication unavailable (lookup message response)., Xid=, PAResStatus2=, caseID=case19, Payload=blank, PAN=5200000000000064, ACSUrl=blank}
					
				</td>
			</tr>
			<tr class='log' status='info'>
				<td class='status info' title='info' alt='info'><i class='material-icons'>info_outline</i></td>
				<td class='timestamp'>4:28:39 PM</td>
				<td class='step-details'>
						CardNumber: 5200000000000064
					
				</td>
			</tr>
			<tr class='log' status='info'>
				<td class='status info' title='info' alt='info'><i class='material-icons'>info_outline</i></td>
				<td class='timestamp'>4:28:51 PM</td>
				<td class='step-details'>
						cl_id : 65572858
					
				</td>
			</tr>
			<tr class='log' status='info'>
				<td class='status info' title='info' alt='info'><i class='material-icons'>info_outline</i></td>
				<td class='timestamp'>4:28:53 PM</td>
				<td class='step-details'>
						f_id : 15116
					
				</td>
			</tr>
			<tr class='log' status='fail'>
				<td class='status fail' title='fail' alt='fail'><i class='material-icons'>cancel</i></td>
				<td class='timestamp'>4:28:53 PM</td>
				<td class='step-details'>
						<textarea disabled class="code-block">java.lang.ArrayIndexOutOfBoundsException: 0
	at automation.project3ds.MyTunnel.getStatement(MyTunnel.java:114)
	at automation.project3ds.FasterPay.getStatement(FasterPay.java:18)
	at automation.project3ds.FasterPay.getTID_Fasterpay(FasterPay.java:24)
	at automation.project3ds.oldTest.BrickHTML_Card1_OFF_Test.execute(BrickHTML_Card1_OFF_Test.java:94)
	at sun.reflect.GeneratedMethodAccessor90.invoke(Unknown Source)
	at sun.reflect.DelegatingMethodAccessorImpl.invoke(DelegatingMethodAccessorImpl.java:43)
	at java.lang.reflect.Method.invoke(Method.java:498)
	at org.testng.internal.MethodInvocationHelper.invokeMethod(MethodInvocationHelper.java:124)
	at org.testng.internal.Invoker.invokeMethod(Invoker.java:583)
	at org.testng.internal.Invoker.invokeTestMethod(Invoker.java:719)
	at org.testng.internal.Invoker.invokeTestMethods(Invoker.java:989)
	at org.testng.internal.TestMethodWorker.invokeTestMethods(TestMethodWorker.java:125)
	at org.testng.internal.TestMethodWorker.run(TestMethodWorker.java:109)
	at org.testng.TestRunner.privateRun(TestRunner.java:648)
	at org.testng.TestRunner.run(TestRunner.java:505)
	at org.testng.SuiteRunner.runTest(SuiteRunner.java:455)
	at org.testng.SuiteRunner.runSequentially(SuiteRunner.java:450)
	at org.testng.SuiteRunner.privateRun(SuiteRunner.java:415)
	at org.testng.SuiteRunner.run(SuiteRunner.java:364)
	at org.testng.SuiteRunnerWorker.runSuite(SuiteRunnerWorker.java:52)
	at org.testng.SuiteRunnerWorker.run(SuiteRunnerWorker.java:84)
	at org.testng.TestNG.runSuitesSequentially(TestNG.java:1208)
	at org.testng.TestNG.runSuitesLocally(TestNG.java:1137)
	at org.testng.TestNG.runSuites(TestNG.java:1049)
	at org.testng.TestNG.run(TestNG.java:1017)
	at org.testng.remote.AbstractRemoteTestNG.run(AbstractRemoteTestNG.java:115)
	at org.testng.remote.RemoteTestNG.initAndRun(RemoteTestNG.java:251)
	at org.testng.remote.RemoteTestNG.main(RemoteTestNG.java:77)
</textarea>
					
				</td>
			</tr>
			<tr class='log' status='fail'>
				<td class='status fail' title='fail' alt='fail'><i class='material-icons'>cancel</i></td>
				<td class='timestamp'>4:28:53 PM</td>
				<td class='step-details'>
						Test Failed
					
				</td>
			</tr>
		</tbody>
	</table>
</div>
					</div>
				</li>
				<li class='test displayed active  fail' status='fail' bdd='false' test-id='514'>
					<div class='test-heading'>
						<span class='test-name'>BrickHTML_Card1_OFF_Test.execute (5200000000000072 )</span>
						<span class='test-time'>Sep 19, 2019 04:28:54 PM</span>
						<span class='test-status right fail'>fail</span>
					</div>
					<div class='test-content hide'>
<div class='test-time-info'>
	<span class='label start-time'>Sep 19, 2019 04:28:54 PM</span>
	<span class='label end-time'>Sep 19, 2019 04:29:18 PM</span>
	<span class='label time-taken grey lighten-1 white-text'>0h 0m 24s+786ms</span>
</div>
<div class='test-attributes'>
	<div class='category-list'>
		<span class='category label'>BrickToFP_OFF1</span>
	</div>
</div>
<div class='test-steps'>
	<table class='bordered table-results'>
		<thead>
			<tr>
				<th>Status</th>
				<th>Timestamp</th>
				<th>Details</th>
			</tr>
		</thead>
		<tbody>
			<tr class='log' status='info'>
				<td class='status info' title='info' alt='info'><i class='material-icons'>info_outline</i></td>
				<td class='timestamp'>4:28:54 PM</td>
				<td class='step-details'>
						Params: {other=, COLUMN_32=, cardholderVerificationMethod=, merchant_action=Merchant should continue with the authorization and contact technical support to investigate and resolve the issue., finalPAResStatus=, Enrolled=U, not continue=, EciFlag=00, finalEci=, ErrorDesc=value, ErrorNo=value, ErrorNo2=, Enable=1, finallCavv=, show process=, finalSignatureVerification=, testName=Test Case 9: Merchant Not Active, SignatureVerification2=, expected_results_lookup=cmpi_lookup response
Enrolled = U
ACSUrl = <blank>
Payload = <blank>
ErrorNo = Refer to the 3DS Error Codes and Descriptions Guide
ErrorDesc = Refer to the 3DS Error Codes and Descriptions Guide
EciFlag = 00, finalEnrolled=, expected_results_authentication=NA, EciFlag2=, cavv and eci=, clickID=, Cavv2=, ErrorDesc2=, Scenario=Merchant not active., Xid=, PAResStatus2=, caseID=case20, Payload=blank, PAN=5200000000000072, ACSUrl=blank}
					
				</td>
			</tr>
			<tr class='log' status='info'>
				<td class='status info' title='info' alt='info'><i class='material-icons'>info_outline</i></td>
				<td class='timestamp'>4:28:54 PM</td>
				<td class='step-details'>
						CardNumber: 5200000000000072
					
				</td>
			</tr>
			<tr class='log' status='info'>
				<td class='status info' title='info' alt='info'><i class='material-icons'>info_outline</i></td>
				<td class='timestamp'>4:29:16 PM</td>
				<td class='step-details'>
						cl_id : 65572859
					
				</td>
			</tr>
			<tr class='log' status='info'>
				<td class='status info' title='info' alt='info'><i class='material-icons'>info_outline</i></td>
				<td class='timestamp'>4:29:18 PM</td>
				<td class='step-details'>
						f_id : 15117
					
				</td>
			</tr>
			<tr class='log' status='fail'>
				<td class='status fail' title='fail' alt='fail'><i class='material-icons'>cancel</i></td>
				<td class='timestamp'>4:29:18 PM</td>
				<td class='step-details'>
						<textarea disabled class="code-block">java.lang.ArrayIndexOutOfBoundsException: 0
	at automation.project3ds.MyTunnel.getStatement(MyTunnel.java:114)
	at automation.project3ds.FasterPay.getStatement(FasterPay.java:18)
	at automation.project3ds.FasterPay.getTID_Fasterpay(FasterPay.java:24)
	at automation.project3ds.oldTest.BrickHTML_Card1_OFF_Test.execute(BrickHTML_Card1_OFF_Test.java:94)
	at sun.reflect.GeneratedMethodAccessor90.invoke(Unknown Source)
	at sun.reflect.DelegatingMethodAccessorImpl.invoke(DelegatingMethodAccessorImpl.java:43)
	at java.lang.reflect.Method.invoke(Method.java:498)
	at org.testng.internal.MethodInvocationHelper.invokeMethod(MethodInvocationHelper.java:124)
	at org.testng.internal.Invoker.invokeMethod(Invoker.java:583)
	at org.testng.internal.Invoker.invokeTestMethod(Invoker.java:719)
	at org.testng.internal.Invoker.invokeTestMethods(Invoker.java:989)
	at org.testng.internal.TestMethodWorker.invokeTestMethods(TestMethodWorker.java:125)
	at org.testng.internal.TestMethodWorker.run(TestMethodWorker.java:109)
	at org.testng.TestRunner.privateRun(TestRunner.java:648)
	at org.testng.TestRunner.run(TestRunner.java:505)
	at org.testng.SuiteRunner.runTest(SuiteRunner.java:455)
	at org.testng.SuiteRunner.runSequentially(SuiteRunner.java:450)
	at org.testng.SuiteRunner.privateRun(SuiteRunner.java:415)
	at org.testng.SuiteRunner.run(SuiteRunner.java:364)
	at org.testng.SuiteRunnerWorker.runSuite(SuiteRunnerWorker.java:52)
	at org.testng.SuiteRunnerWorker.run(SuiteRunnerWorker.java:84)
	at org.testng.TestNG.runSuitesSequentially(TestNG.java:1208)
	at org.testng.TestNG.runSuitesLocally(TestNG.java:1137)
	at org.testng.TestNG.runSuites(TestNG.java:1049)
	at org.testng.TestNG.run(TestNG.java:1017)
	at org.testng.remote.AbstractRemoteTestNG.run(AbstractRemoteTestNG.java:115)
	at org.testng.remote.RemoteTestNG.initAndRun(RemoteTestNG.java:251)
	at org.testng.remote.RemoteTestNG.main(RemoteTestNG.java:77)
</textarea>
					
				</td>
			</tr>
			<tr class='log' status='fail'>
				<td class='status fail' title='fail' alt='fail'><i class='material-icons'>cancel</i></td>
				<td class='timestamp'>4:29:18 PM</td>
				<td class='step-details'>
						Test Failed
					
				</td>
			</tr>
		</tbody>
	</table>
</div>
					</div>
				</li>
				<li class='test displayed active  fail' status='fail' bdd='false' test-id='541'>
					<div class='test-heading'>
						<span class='test-name'>BrickHTML_Card1_OFF_Test.execute (5200000000000080 )</span>
						<span class='test-time'>Sep 19, 2019 04:29:19 PM</span>
						<span class='test-status right fail'>fail</span>
					</div>
					<div class='test-content hide'>
<div class='test-time-info'>
	<span class='label start-time'>Sep 19, 2019 04:29:19 PM</span>
	<span class='label end-time'>Sep 19, 2019 04:29:36 PM</span>
	<span class='label time-taken grey lighten-1 white-text'>0h 0m 17s+516ms</span>
</div>
<div class='test-attributes'>
	<div class='category-list'>
		<span class='category label'>BrickToFP_OFF1</span>
	</div>
</div>
<div class='test-steps'>
	<table class='bordered table-results'>
		<thead>
			<tr>
				<th>Status</th>
				<th>Timestamp</th>
				<th>Details</th>
			</tr>
		</thead>
		<tbody>
			<tr class='log' status='info'>
				<td class='status info' title='info' alt='info'><i class='material-icons'>info_outline</i></td>
				<td class='timestamp'>4:29:19 PM</td>
				<td class='step-details'>
						Params: {other=, COLUMN_32=, cardholderVerificationMethod=, merchant_action=Merchant should continue with the authorization and contact technical support to investigate and resolve the issue., finalPAResStatus=, Enrolled=U, not continue=, EciFlag=00, finalEci=, ErrorDesc=value, ErrorNo=value, ErrorNo2=, Enable=1, finallCavv=, show process=, finalSignatureVerification=, testName=Test Case 10: cmpi_lookup error, SignatureVerification2=, expected_results_lookup=cmpi_lookup response
Enrolled = U
ACSUrl = <blank>
Payload = <blank>
ErrorNo = Refer to the 3DS Error Codes and Descriptions Guide
ErrorDesc = Refer to the 3DS Error Codes and Descriptions Guide
EciFlag = 00, finalEnrolled=, expected_results_authentication=NA, EciFlag2=, cavv and eci=, clickID=, Cavv2=, ErrorDesc2=, Scenario=Error response to cmpi_lookup message., Xid=, PAResStatus2=, caseID=case21, Payload=blank, PAN=5200000000000080, ACSUrl=blank}
					
				</td>
			</tr>
			<tr class='log' status='info'>
				<td class='status info' title='info' alt='info'><i class='material-icons'>info_outline</i></td>
				<td class='timestamp'>4:29:19 PM</td>
				<td class='step-details'>
						CardNumber: 5200000000000080
					
				</td>
			</tr>
			<tr class='log' status='info'>
				<td class='status info' title='info' alt='info'><i class='material-icons'>info_outline</i></td>
				<td class='timestamp'>4:29:34 PM</td>
				<td class='step-details'>
						cl_id : 65572861
					
				</td>
			</tr>
			<tr class='log' status='info'>
				<td class='status info' title='info' alt='info'><i class='material-icons'>info_outline</i></td>
				<td class='timestamp'>4:29:36 PM</td>
				<td class='step-details'>
						f_id : 15119
					
				</td>
			</tr>
			<tr class='log' status='fail'>
				<td class='status fail' title='fail' alt='fail'><i class='material-icons'>cancel</i></td>
				<td class='timestamp'>4:29:36 PM</td>
				<td class='step-details'>
						<textarea disabled class="code-block">java.lang.ArrayIndexOutOfBoundsException: 0
	at automation.project3ds.MyTunnel.getStatement(MyTunnel.java:114)
	at automation.project3ds.FasterPay.getStatement(FasterPay.java:18)
	at automation.project3ds.FasterPay.getTID_Fasterpay(FasterPay.java:24)
	at automation.project3ds.oldTest.BrickHTML_Card1_OFF_Test.execute(BrickHTML_Card1_OFF_Test.java:94)
	at sun.reflect.GeneratedMethodAccessor90.invoke(Unknown Source)
	at sun.reflect.DelegatingMethodAccessorImpl.invoke(DelegatingMethodAccessorImpl.java:43)
	at java.lang.reflect.Method.invoke(Method.java:498)
	at org.testng.internal.MethodInvocationHelper.invokeMethod(MethodInvocationHelper.java:124)
	at org.testng.internal.Invoker.invokeMethod(Invoker.java:583)
	at org.testng.internal.Invoker.invokeTestMethod(Invoker.java:719)
	at org.testng.internal.Invoker.invokeTestMethods(Invoker.java:989)
	at org.testng.internal.TestMethodWorker.invokeTestMethods(TestMethodWorker.java:125)
	at org.testng.internal.TestMethodWorker.run(TestMethodWorker.java:109)
	at org.testng.TestRunner.privateRun(TestRunner.java:648)
	at org.testng.TestRunner.run(TestRunner.java:505)
	at org.testng.SuiteRunner.runTest(SuiteRunner.java:455)
	at org.testng.SuiteRunner.runSequentially(SuiteRunner.java:450)
	at org.testng.SuiteRunner.privateRun(SuiteRunner.java:415)
	at org.testng.SuiteRunner.run(SuiteRunner.java:364)
	at org.testng.SuiteRunnerWorker.runSuite(SuiteRunnerWorker.java:52)
	at org.testng.SuiteRunnerWorker.run(SuiteRunnerWorker.java:84)
	at org.testng.TestNG.runSuitesSequentially(TestNG.java:1208)
	at org.testng.TestNG.runSuitesLocally(TestNG.java:1137)
	at org.testng.TestNG.runSuites(TestNG.java:1049)
	at org.testng.TestNG.run(TestNG.java:1017)
	at org.testng.remote.AbstractRemoteTestNG.run(AbstractRemoteTestNG.java:115)
	at org.testng.remote.RemoteTestNG.initAndRun(RemoteTestNG.java:251)
	at org.testng.remote.RemoteTestNG.main(RemoteTestNG.java:77)
</textarea>
					
				</td>
			</tr>
			<tr class='log' status='fail'>
				<td class='status fail' title='fail' alt='fail'><i class='material-icons'>cancel</i></td>
				<td class='timestamp'>4:29:36 PM</td>
				<td class='step-details'>
						Test Failed
					
				</td>
			</tr>
		</tbody>
	</table>
</div>
					</div>
				</li>
				<li class='test displayed active  fail' status='fail' bdd='false' test-id='568'>
					<div class='test-heading'>
						<span class='test-name'>BrickHTML_Card1_OFF_Test.execute (5200000000000098 )</span>
						<span class='test-time'>Sep 19, 2019 04:29:37 PM</span>
						<span class='test-status right fail'>fail</span>
					</div>
					<div class='test-content hide'>
<div class='test-time-info'>
	<span class='label start-time'>Sep 19, 2019 04:29:37 PM</span>
	<span class='label end-time'>Sep 19, 2019 04:30:11 PM</span>
	<span class='label time-taken grey lighten-1 white-text'>0h 0m 34s+206ms</span>
</div>
<div class='test-attributes'>
	<div class='category-list'>
		<span class='category label'>BrickToFP_OFF1</span>
	</div>
</div>
<div class='test-steps'>
	<table class='bordered table-results'>
		<thead>
			<tr>
				<th>Status</th>
				<th>Timestamp</th>
				<th>Details</th>
			</tr>
		</thead>
		<tbody>
			<tr class='log' status='info'>
				<td class='status info' title='info' alt='info'><i class='material-icons'>info_outline</i></td>
				<td class='timestamp'>4:29:37 PM</td>
				<td class='step-details'>
						Params: {other=, COLUMN_32=, cardholderVerificationMethod=, merchant_action=Merchants have the option of retaining the liability and submitting the transaction as non-authenticated. An alternative option would be to prompt for another form of payment., finalPAResStatus=, Enrolled=Y, not continue=, EciFlag=value, finalEci=, ErrorDesc=blank, ErrorNo=0, ErrorNo2=value, Enable=1, finallCavv=, show process=, finalSignatureVerification=, testName=Test Case 11: cmpi_authenticate error, SignatureVerification2=blank, expected_results_lookup=cmpi_lookup response
Enrolled = Y
ACSUrl = <Url>
Payload = <value>
ErrorNo = 0
ErrorDesc = <blank>, finalEnrolled=, expected_results_authentication=cmpi_authenticate response
PAResStatus = <blank>
SignatureVerification = <blank>
EciFlag = 00
Xid = <blank>
Cavv = <blank>
ErrorNo = Refer to the 3DS Error Codes and Descriptions Guide
ErrorDesc = Refer to the 3DS Error Codes and Descriptions Guide, EciFlag2=00, cavv and eci=, clickID=, Cavv2=blank, ErrorDesc2=value, Scenario=Cardholder enrolled, error response to cmpi_authenticate message., Xid=blank, PAResStatus2=blank, caseID=case22, Payload=value, PAN=5200000000000098, ACSUrl=value}
					
				</td>
			</tr>
			<tr class='log' status='info'>
				<td class='status info' title='info' alt='info'><i class='material-icons'>info_outline</i></td>
				<td class='timestamp'>4:29:37 PM</td>
				<td class='step-details'>
						CardNumber: 5200000000000098
					
				</td>
			</tr>
			<tr class='log' status='info'>
				<td class='status info' title='info' alt='info'><i class='material-icons'>info_outline</i></td>
				<td class='timestamp'>4:30:09 PM</td>
				<td class='step-details'>
						cl_id : 65572862
					
				</td>
			</tr>
			<tr class='log' status='info'>
				<td class='status info' title='info' alt='info'><i class='material-icons'>info_outline</i></td>
				<td class='timestamp'>4:30:11 PM</td>
				<td class='step-details'>
						f_id : 15120
					
				</td>
			</tr>
			<tr class='log' status='fail'>
				<td class='status fail' title='fail' alt='fail'><i class='material-icons'>cancel</i></td>
				<td class='timestamp'>4:30:11 PM</td>
				<td class='step-details'>
						<textarea disabled class="code-block">java.lang.ArrayIndexOutOfBoundsException: 0
	at automation.project3ds.MyTunnel.getStatement(MyTunnel.java:114)
	at automation.project3ds.FasterPay.getStatement(FasterPay.java:18)
	at automation.project3ds.FasterPay.getTID_Fasterpay(FasterPay.java:24)
	at automation.project3ds.oldTest.BrickHTML_Card1_OFF_Test.execute(BrickHTML_Card1_OFF_Test.java:94)
	at sun.reflect.GeneratedMethodAccessor90.invoke(Unknown Source)
	at sun.reflect.DelegatingMethodAccessorImpl.invoke(DelegatingMethodAccessorImpl.java:43)
	at java.lang.reflect.Method.invoke(Method.java:498)
	at org.testng.internal.MethodInvocationHelper.invokeMethod(MethodInvocationHelper.java:124)
	at org.testng.internal.Invoker.invokeMethod(Invoker.java:583)
	at org.testng.internal.Invoker.invokeTestMethod(Invoker.java:719)
	at org.testng.internal.Invoker.invokeTestMethods(Invoker.java:989)
	at org.testng.internal.TestMethodWorker.invokeTestMethods(TestMethodWorker.java:125)
	at org.testng.internal.TestMethodWorker.run(TestMethodWorker.java:109)
	at org.testng.TestRunner.privateRun(TestRunner.java:648)
	at org.testng.TestRunner.run(TestRunner.java:505)
	at org.testng.SuiteRunner.runTest(SuiteRunner.java:455)
	at org.testng.SuiteRunner.runSequentially(SuiteRunner.java:450)
	at org.testng.SuiteRunner.privateRun(SuiteRunner.java:415)
	at org.testng.SuiteRunner.run(SuiteRunner.java:364)
	at org.testng.SuiteRunnerWorker.runSuite(SuiteRunnerWorker.java:52)
	at org.testng.SuiteRunnerWorker.run(SuiteRunnerWorker.java:84)
	at org.testng.TestNG.runSuitesSequentially(TestNG.java:1208)
	at org.testng.TestNG.runSuitesLocally(TestNG.java:1137)
	at org.testng.TestNG.runSuites(TestNG.java:1049)
	at org.testng.TestNG.run(TestNG.java:1017)
	at org.testng.remote.AbstractRemoteTestNG.run(AbstractRemoteTestNG.java:115)
	at org.testng.remote.RemoteTestNG.initAndRun(RemoteTestNG.java:251)
	at org.testng.remote.RemoteTestNG.main(RemoteTestNG.java:77)
</textarea>
					
				</td>
			</tr>
			<tr class='log' status='fail'>
				<td class='status fail' title='fail' alt='fail'><i class='material-icons'>cancel</i></td>
				<td class='timestamp'>4:30:11 PM</td>
				<td class='step-details'>
						Test Failed
					
				</td>
			</tr>
		</tbody>
	</table>
</div>
					</div>
				</li>
				<li class='test displayed active  fail' status='fail' bdd='false' test-id='595'>
					<div class='test-heading'>
						<span class='test-name'>BrickHTML_Card1_OFF_Test.execute (5200000000000031 )</span>
						<span class='test-time'>Sep 19, 2019 04:30:11 PM</span>
						<span class='test-status right fail'>fail</span>
					</div>
					<div class='test-content hide'>
<div class='test-time-info'>
	<span class='label start-time'>Sep 19, 2019 04:30:11 PM</span>
	<span class='label end-time'>Sep 19, 2019 04:30:54 PM</span>
	<span class='label time-taken grey lighten-1 white-text'>0h 0m 42s+934ms</span>
</div>
<div class='test-attributes'>
	<div class='category-list'>
		<span class='category label'>BrickToFP_OFF1</span>
	</div>
</div>
<div class='test-steps'>
	<table class='bordered table-results'>
		<thead>
			<tr>
				<th>Status</th>
				<th>Timestamp</th>
				<th>Details</th>
			</tr>
		</thead>
		<tbody>
			<tr class='log' status='info'>
				<td class='status info' title='info' alt='info'><i class='material-icons'>info_outline</i></td>
				<td class='timestamp'>4:30:11 PM</td>
				<td class='step-details'>
						Params: {other=, COLUMN_32=, cardholderVerificationMethod=, merchant_action=Merchant can retry authentication or process authorization as merchant liability., finalPAResStatus=, Enrolled=Y, not continue=, EciFlag=value, finalEci=, ErrorDesc=blank, ErrorNo=0, ErrorNo2=0, Enable=1, finallCavv=, show process=, finalSignatureVerification=, testName=Test Case 12: Authentication Unavailable, SignatureVerification2=Y, expected_results_lookup=cmpi_lookup response
Enrolled = Y
ACSUrl = <Url>
Payload = <value>
ErrorNo = 0
ErrorDesc = <blank>, finalEnrolled=, expected_results_authentication=cmpi_authenticate response
PAResStatus = U
SignatureVerification = Y
EciFlag = 00
Xid = <Xid Value>
Cavv = <blank>
ErrorNo = 0
ErrorDesc = <blank>, EciFlag2=00, cavv and eci=, clickID=, Cavv2=blank, ErrorDesc2=blank, Scenario=Cardholder enrolled., Xid=value, PAResStatus2=U, caseID=case23, Payload=value, PAN=5200000000000031, ACSUrl=value}
					
				</td>
			</tr>
			<tr class='log' status='info'>
				<td class='status info' title='info' alt='info'><i class='material-icons'>info_outline</i></td>
				<td class='timestamp'>4:30:11 PM</td>
				<td class='step-details'>
						CardNumber: 5200000000000031
					
				</td>
			</tr>
			<tr class='log' status='info'>
				<td class='status info' title='info' alt='info'><i class='material-icons'>info_outline</i></td>
				<td class='timestamp'>4:30:52 PM</td>
				<td class='step-details'>
						cl_id : 65572864
					
				</td>
			</tr>
			<tr class='log' status='info'>
				<td class='status info' title='info' alt='info'><i class='material-icons'>info_outline</i></td>
				<td class='timestamp'>4:30:54 PM</td>
				<td class='step-details'>
						f_id : 15122
					
				</td>
			</tr>
			<tr class='log' status='fail'>
				<td class='status fail' title='fail' alt='fail'><i class='material-icons'>cancel</i></td>
				<td class='timestamp'>4:30:54 PM</td>
				<td class='step-details'>
						<textarea disabled class="code-block">java.lang.ArrayIndexOutOfBoundsException: 0
	at automation.project3ds.MyTunnel.getStatement(MyTunnel.java:114)
	at automation.project3ds.FasterPay.getStatement(FasterPay.java:18)
	at automation.project3ds.FasterPay.getTID_Fasterpay(FasterPay.java:24)
	at automation.project3ds.oldTest.BrickHTML_Card1_OFF_Test.execute(BrickHTML_Card1_OFF_Test.java:94)
	at sun.reflect.GeneratedMethodAccessor90.invoke(Unknown Source)
	at sun.reflect.DelegatingMethodAccessorImpl.invoke(DelegatingMethodAccessorImpl.java:43)
	at java.lang.reflect.Method.invoke(Method.java:498)
	at org.testng.internal.MethodInvocationHelper.invokeMethod(MethodInvocationHelper.java:124)
	at org.testng.internal.Invoker.invokeMethod(Invoker.java:583)
	at org.testng.internal.Invoker.invokeTestMethod(Invoker.java:719)
	at org.testng.internal.Invoker.invokeTestMethods(Invoker.java:989)
	at org.testng.internal.TestMethodWorker.invokeTestMethods(TestMethodWorker.java:125)
	at org.testng.internal.TestMethodWorker.run(TestMethodWorker.java:109)
	at org.testng.TestRunner.privateRun(TestRunner.java:648)
	at org.testng.TestRunner.run(TestRunner.java:505)
	at org.testng.SuiteRunner.runTest(SuiteRunner.java:455)
	at org.testng.SuiteRunner.runSequentially(SuiteRunner.java:450)
	at org.testng.SuiteRunner.privateRun(SuiteRunner.java:415)
	at org.testng.SuiteRunner.run(SuiteRunner.java:364)
	at org.testng.SuiteRunnerWorker.runSuite(SuiteRunnerWorker.java:52)
	at org.testng.SuiteRunnerWorker.run(SuiteRunnerWorker.java:84)
	at org.testng.TestNG.runSuitesSequentially(TestNG.java:1208)
	at org.testng.TestNG.runSuitesLocally(TestNG.java:1137)
	at org.testng.TestNG.runSuites(TestNG.java:1049)
	at org.testng.TestNG.run(TestNG.java:1017)
	at org.testng.remote.AbstractRemoteTestNG.run(AbstractRemoteTestNG.java:115)
	at org.testng.remote.RemoteTestNG.initAndRun(RemoteTestNG.java:251)
	at org.testng.remote.RemoteTestNG.main(RemoteTestNG.java:77)
</textarea>
					
				</td>
			</tr>
			<tr class='log' status='fail'>
				<td class='status fail' title='fail' alt='fail'><i class='material-icons'>cancel</i></td>
				<td class='timestamp'>4:30:54 PM</td>
				<td class='step-details'>
						Test Failed
					
				</td>
			</tr>
		</tbody>
	</table>
</div>
					</div>
				</li>
				<li class='test displayed active  fail' status='fail' bdd='false' test-id='622'>
					<div class='test-heading'>
						<span class='test-name'>BrickHTML_Card1_OFF_Test.execute (5200990000000009 )</span>
						<span class='test-time'>Sep 19, 2019 04:30:54 PM</span>
						<span class='test-status right fail'>fail</span>
					</div>
					<div class='test-content hide'>
<div class='test-time-info'>
	<span class='label start-time'>Sep 19, 2019 04:30:54 PM</span>
	<span class='label end-time'>Sep 19, 2019 04:31:13 PM</span>
	<span class='label time-taken grey lighten-1 white-text'>0h 0m 18s+765ms</span>
</div>
<div class='test-attributes'>
	<div class='category-list'>
		<span class='category label'>BrickToFP_OFF1</span>
	</div>
</div>
<div class='test-steps'>
	<table class='bordered table-results'>
		<thead>
			<tr>
				<th>Status</th>
				<th>Timestamp</th>
				<th>Details</th>
			</tr>
		</thead>
		<tbody>
			<tr class='log' status='info'>
				<td class='status info' title='info' alt='info'><i class='material-icons'>info_outline</i></td>
				<td class='timestamp'>4:30:54 PM</td>
				<td class='step-details'>
						Params: {other=, COLUMN_32=, cardholderVerificationMethod=, merchant_action=Merchant should proceed with authorization message., finalPAResStatus=, Enrolled=B, not continue=, EciFlag=00, finalEci=, ErrorDesc=blank, ErrorNo=0, ErrorNo2=, Enable=1, finallCavv=, show process=, finalSignatureVerification=, testName=Test Case 13: Bypassed Authentication, SignatureVerification2=, expected_results_lookup=cmpi_lookup response
Enrolled = B
ACSUrl = <blank>
Payload = <blank>
ErrorNo = 0
ErrorDesc = <blank>
EciFlag = 00, finalEnrolled=, expected_results_authentication=NA, EciFlag2=, cavv and eci=, clickID=, Cavv2=, ErrorDesc2=, Scenario=Bypass used to simulate a scenario where merchant has elected to bypass the consumer authentication flow via Cardinal Rules Engine configuration., Xid=, PAResStatus2=, caseID=case24, Payload=blank, PAN=5200990000000009, ACSUrl=blank}
					
				</td>
			</tr>
			<tr class='log' status='info'>
				<td class='status info' title='info' alt='info'><i class='material-icons'>info_outline</i></td>
				<td class='timestamp'>4:30:54 PM</td>
				<td class='step-details'>
						CardNumber: 5200990000000009
					
				</td>
			</tr>
			<tr class='log' status='info'>
				<td class='status info' title='info' alt='info'><i class='material-icons'>info_outline</i></td>
				<td class='timestamp'>4:31:11 PM</td>
				<td class='step-details'>
						cl_id : 65572865
					
				</td>
			</tr>
			<tr class='log' status='info'>
				<td class='status info' title='info' alt='info'><i class='material-icons'>info_outline</i></td>
				<td class='timestamp'>4:31:13 PM</td>
				<td class='step-details'>
						f_id : 15123
					
				</td>
			</tr>
			<tr class='log' status='fail'>
				<td class='status fail' title='fail' alt='fail'><i class='material-icons'>cancel</i></td>
				<td class='timestamp'>4:31:13 PM</td>
				<td class='step-details'>
						<textarea disabled class="code-block">java.lang.ArrayIndexOutOfBoundsException: 0
	at automation.project3ds.MyTunnel.getStatement(MyTunnel.java:114)
	at automation.project3ds.FasterPay.getStatement(FasterPay.java:18)
	at automation.project3ds.FasterPay.getTID_Fasterpay(FasterPay.java:24)
	at automation.project3ds.oldTest.BrickHTML_Card1_OFF_Test.execute(BrickHTML_Card1_OFF_Test.java:94)
	at sun.reflect.GeneratedMethodAccessor90.invoke(Unknown Source)
	at sun.reflect.DelegatingMethodAccessorImpl.invoke(DelegatingMethodAccessorImpl.java:43)
	at java.lang.reflect.Method.invoke(Method.java:498)
	at org.testng.internal.MethodInvocationHelper.invokeMethod(MethodInvocationHelper.java:124)
	at org.testng.internal.Invoker.invokeMethod(Invoker.java:583)
	at org.testng.internal.Invoker.invokeTestMethod(Invoker.java:719)
	at org.testng.internal.Invoker.invokeTestMethods(Invoker.java:989)
	at org.testng.internal.TestMethodWorker.invokeTestMethods(TestMethodWorker.java:125)
	at org.testng.internal.TestMethodWorker.run(TestMethodWorker.java:109)
	at org.testng.TestRunner.privateRun(TestRunner.java:648)
	at org.testng.TestRunner.run(TestRunner.java:505)
	at org.testng.SuiteRunner.runTest(SuiteRunner.java:455)
	at org.testng.SuiteRunner.runSequentially(SuiteRunner.java:450)
	at org.testng.SuiteRunner.privateRun(SuiteRunner.java:415)
	at org.testng.SuiteRunner.run(SuiteRunner.java:364)
	at org.testng.SuiteRunnerWorker.runSuite(SuiteRunnerWorker.java:52)
	at org.testng.SuiteRunnerWorker.run(SuiteRunnerWorker.java:84)
	at org.testng.TestNG.runSuitesSequentially(TestNG.java:1208)
	at org.testng.TestNG.runSuitesLocally(TestNG.java:1137)
	at org.testng.TestNG.runSuites(TestNG.java:1049)
	at org.testng.TestNG.run(TestNG.java:1017)
	at org.testng.remote.AbstractRemoteTestNG.run(AbstractRemoteTestNG.java:115)
	at org.testng.remote.RemoteTestNG.initAndRun(RemoteTestNG.java:251)
	at org.testng.remote.RemoteTestNG.main(RemoteTestNG.java:77)
</textarea>
					
				</td>
			</tr>
			<tr class='log' status='fail'>
				<td class='status fail' title='fail' alt='fail'><i class='material-icons'>cancel</i></td>
				<td class='timestamp'>4:31:13 PM</td>
				<td class='step-details'>
						Test Failed
					
				</td>
			</tr>
		</tbody>
	</table>
</div>
					</div>
				</li>
			</ul>
		</div>
	</div>
	<!-- subview left -->
	<div class='subview-right left'>
		<div class='view-summary'>
			<div id='step-filters' class="right sr-filters">
				<a class="btn-floating waves-effect waves-light green" status="pass" alt="pass" title="pass"><i class="material-icons">check_circle</i></a>
				<a class="btn-floating waves-effect waves-light red" status="fail" alt="fail" title="fail"><i class="material-icons">cancel</i></a>
				<a class="btn-floating waves-effect waves-light red darken-4" status="fatal" alt="fatal" title="fatal"><i class="material-icons">cancel</i></a>
				<a class="btn-floating waves-effect waves-light pink text-lighten-1" status="error" alt="error" title="error"><i class="material-icons">error</i></a>
				<a class="btn-floating waves-effect waves-light orange" alt="warning" status="warning" title="warning"><i class="material-icons">warning</i></a>
				<a class="btn-floating waves-effect waves-light teal" status="skip" alt="skip" title="skip"><i class="material-icons">redo</i></a>
				<a class="btn-floating waves-effect waves-light grey" status="clear" alt="Clear filters" title="Clear filters"><i class="material-icons">clear</i></a>
			</div>
			<h5 class='test-name'></h5>
		</div>
	</div>
	<!-- subview right -->
</div>
<!-- test view --><div id='category-view' class='view hide'>
	<section id='controls'>
		<div class='controls grey lighten-4'>
			<!-- search -->
			<div class='chip transparent' alt='Search Tests' title='Search Tests'>
				<a href="#" class='search-div'>
				<i class='material-icons'>search</i> Search
				</a>
				<div class='input-field left hide'>
					<input id='search-tests' type='text' class='validate browser-default' placeholder='Search Tests...'>
				</div>
			</div>
			<!-- search -->
		</div>
	</section>
	<div class='subview-left left'>
		<div class='view-summary'>
			<ul id='category-collection' class='category-collection'>
				<li class='category displayed active'>
					<div class='category-heading'>
						<span class='category-name'>BrickToFP_OFF1</span>
						<span class='category-status right'>
						<span class='label fail'>24</span>
						</span>
					</div>
					<div class='category-content hide'>
						<div class='category-status-counts'>
							
							<span status="fail" class='label red lighten-1 white-text'>Failed: 24</span>
							
						</div>
						<div class='category-tests'>
							<table class='bordered table-results'>
								<thead>
									<tr>
										<th>Timestamp</th>
										<th>TestName</th>
										<th>Status</th>
									</tr>
								</thead>
								<tbody>
									<tr>
										<td>Sep 19, 2019 04:20:27 PM</td>
										<td class='linked' test-id='1'>BrickHTML_Card1_OFF_Test.execute (4000000000000002 )</td>
										<td><span class='test-status fail'>fail</span></td>
									</tr>
									<tr>
										<td>Sep 19, 2019 04:21:19 PM</td>
										<td class='linked' test-id='28'>BrickHTML_Card1_OFF_Test.execute (4000000000000010 )</td>
										<td><span class='test-status fail'>fail</span></td>
									</tr>
									<tr>
										<td>Sep 19, 2019 04:21:59 PM</td>
										<td class='linked' test-id='55'>BrickHTML_Card1_OFF_Test.execute (4000000000000028 )</td>
										<td><span class='test-status fail'>fail</span></td>
									</tr>
									<tr>
										<td>Sep 19, 2019 04:22:32 PM</td>
										<td class='linked' test-id='82'>BrickHTML_Card1_OFF_Test.execute (4000000000000101 )</td>
										<td><span class='test-status fail'>fail</span></td>
									</tr>
									<tr>
										<td>Sep 19, 2019 04:22:58 PM</td>
										<td class='linked' test-id='109'>BrickHTML_Card1_OFF_Test.execute (4000000000000044 )</td>
										<td><span class='test-status fail'>fail</span></td>
									</tr>
									<tr>
										<td>Sep 19, 2019 04:23:24 PM</td>
										<td class='linked' test-id='136'>BrickHTML_Card1_OFF_Test.execute (4000000000000051 )</td>
										<td><span class='test-status fail'>fail</span></td>
									</tr>
									<tr>
										<td>Sep 19, 2019 04:23:38 PM</td>
										<td class='linked' test-id='163'>BrickHTML_Card1_OFF_Test.execute (4000000000000069 )</td>
										<td><span class='test-status fail'>fail</span></td>
									</tr>
									<tr>
										<td>Sep 19, 2019 04:23:53 PM</td>
										<td class='linked' test-id='190'>BrickHTML_Card1_OFF_Test.execute (4000000000000077 )</td>
										<td><span class='test-status fail'>fail</span></td>
									</tr>
									<tr>
										<td>Sep 19, 2019 04:24:08 PM</td>
										<td class='linked' test-id='217'>BrickHTML_Card1_OFF_Test.execute (4000000000000085 )</td>
										<td><span class='test-status fail'>fail</span></td>
									</tr>
									<tr>
										<td>Sep 19, 2019 04:24:24 PM</td>
										<td class='linked' test-id='244'>BrickHTML_Card1_OFF_Test.execute (4000000000000093 )</td>
										<td><span class='test-status fail'>fail</span></td>
									</tr>
									<tr>
										<td>Sep 19, 2019 04:24:57 PM</td>
										<td class='linked' test-id='271'>BrickHTML_Card1_OFF_Test.execute (4000000000000036 )</td>
										<td><span class='test-status fail'>fail</span></td>
									</tr>
									<tr>
										<td>Sep 19, 2019 04:25:33 PM</td>
										<td class='linked' test-id='298'>BrickHTML_Card1_OFF_Test.execute (4000990000000004 )</td>
										<td><span class='test-status fail'>fail</span></td>
									</tr>
									<tr>
										<td>Sep 19, 2019 04:25:48 PM</td>
										<td class='linked' test-id='325'>BrickHTML_Card1_OFF_Test.execute (5200000000000007 )</td>
										<td><span class='test-status fail'>fail</span></td>
									</tr>
									<tr>
										<td>Sep 19, 2019 04:26:27 PM</td>
										<td class='linked' test-id='352'>BrickHTML_Card1_OFF_Test.execute (5200000000000015 )</td>
										<td><span class='test-status fail'>fail</span></td>
									</tr>
									<tr>
										<td>Sep 19, 2019 04:26:57 PM</td>
										<td class='linked' test-id='379'>BrickHTML_Card1_OFF_Test.execute (5200000000000023 )</td>
										<td><span class='test-status fail'>fail</span></td>
									</tr>
									<tr>
										<td>Sep 19, 2019 04:27:27 PM</td>
										<td class='linked' test-id='406'>BrickHTML_Card1_OFF_Test.execute (5200000000000908 )</td>
										<td><span class='test-status fail'>fail</span></td>
									</tr>
									<tr>
										<td>Sep 19, 2019 04:27:53 PM</td>
										<td class='linked' test-id='433'>BrickHTML_Card1_OFF_Test.execute (5200000000000049 )</td>
										<td><span class='test-status fail'>fail</span></td>
									</tr>
									<tr>
										<td>Sep 19, 2019 04:28:23 PM</td>
										<td class='linked' test-id='460'>BrickHTML_Card1_OFF_Test.execute (5200000000000056 )</td>
										<td><span class='test-status fail'>fail</span></td>
									</tr>
									<tr>
										<td>Sep 19, 2019 04:28:39 PM</td>
										<td class='linked' test-id='487'>BrickHTML_Card1_OFF_Test.execute (5200000000000064 )</td>
										<td><span class='test-status fail'>fail</span></td>
									</tr>
									<tr>
										<td>Sep 19, 2019 04:28:54 PM</td>
										<td class='linked' test-id='514'>BrickHTML_Card1_OFF_Test.execute (5200000000000072 )</td>
										<td><span class='test-status fail'>fail</span></td>
									</tr>
									<tr>
										<td>Sep 19, 2019 04:29:19 PM</td>
										<td class='linked' test-id='541'>BrickHTML_Card1_OFF_Test.execute (5200000000000080 )</td>
										<td><span class='test-status fail'>fail</span></td>
									</tr>
									<tr>
										<td>Sep 19, 2019 04:29:37 PM</td>
										<td class='linked' test-id='568'>BrickHTML_Card1_OFF_Test.execute (5200000000000098 )</td>
										<td><span class='test-status fail'>fail</span></td>
									</tr>
									<tr>
										<td>Sep 19, 2019 04:30:11 PM</td>
										<td class='linked' test-id='595'>BrickHTML_Card1_OFF_Test.execute (5200000000000031 )</td>
										<td><span class='test-status fail'>fail</span></td>
									</tr>
									<tr>
										<td>Sep 19, 2019 04:30:54 PM</td>
										<td class='linked' test-id='622'>BrickHTML_Card1_OFF_Test.execute (5200990000000009 )</td>
										<td><span class='test-status fail'>fail</span></td>
									</tr>
								</tbody>
							</table>
						</div>
					</div>
				</li>
			</ul>
		</div>
	</div>
	<div class='subview-right left'>
		<div class='view-summary'>
			<h5 class='category-name'></h5>
		</div>
	</div>
</div>
<!-- category view --><div id='exception-view' class='view hide'>
	<section id='controls'>
		<div class='controls grey lighten-4'>
			<!-- search -->
			<div class='chip transparent' alt='Search Tests' title='Search Tests'>
				<a href="#" class='search-div'>
				<i class='material-icons'>search</i> Search
				</a>
				<div class='input-field left hide'>
					<input id='search-tests' type='text' class='validate browser-default' placeholder='Search Tests...'>
				</div>
			</div>
			<!-- search -->
		</div>
	</section>
	<div class='subview-left left'>
		<div class='view-summary'>
			<ul id='exception-collection' class='exception-collection'>
				<li class='exception displayed active'>
					<div class='exception-heading'>
						<span class='exception-name'>java.lang.ArrayIndexOutOfBoundsException</span>
						<span class='exception-count right'><span class='label red lighten-1 white-text'>24</span></span>
					</div>
					<div class='exception-content hide'>
						<div class='exception-tests'>
							<table class='bordered table-results'>
								<thead>
									<tr>
										<th>Timestamp</th>
										<th>TestName</th>
										<th>Status</th>
									</tr>
								</thead>
								<tbody>
									<tr>
										<td>Sep 19, 2019 04:20:27 PM</td>
										<td class='linked' test-id='1'>BrickHTML_Card1_OFF_Test.execute (4000000000000002 )</td>
										<td>
											<textarea disabled class="code-block">java.lang.ArrayIndexOutOfBoundsException: 0
	at automation.project3ds.MyTunnel.getStatement(MyTunnel.java:114)
	at automation.project3ds.FasterPay.getStatement(FasterPay.java:18)
	at automation.project3ds.FasterPay.getTID_Fasterpay(FasterPay.java:24)
	at automation.project3ds.oldTest.BrickHTML_Card1_OFF_Test.execute(BrickHTML_Card1_OFF_Test.java:94)
	at sun.reflect.NativeMethodAccessorImpl.invoke0(Native Method)
	at sun.reflect.NativeMethodAccessorImpl.invoke(NativeMethodAccessorImpl.java:62)
	at sun.reflect.DelegatingMethodAccessorImpl.invoke(DelegatingMethodAccessorImpl.java:43)
	at java.lang.reflect.Method.invoke(Method.java:498)
	at org.testng.internal.MethodInvocationHelper.invokeMethod(MethodInvocationHelper.java:124)
	at org.testng.internal.Invoker.invokeMethod(Invoker.java:583)
	at org.testng.internal.Invoker.invokeTestMethod(Invoker.java:719)
	at org.testng.internal.Invoker.invokeTestMethods(Invoker.java:989)
	at org.testng.internal.TestMethodWorker.invokeTestMethods(TestMethodWorker.java:125)
	at org.testng.internal.TestMethodWorker.run(TestMethodWorker.java:109)
	at org.testng.TestRunner.privateRun(TestRunner.java:648)
	at org.testng.TestRunner.run(TestRunner.java:505)
	at org.testng.SuiteRunner.runTest(SuiteRunner.java:455)
	at org.testng.SuiteRunner.runSequentially(SuiteRunner.java:450)
	at org.testng.SuiteRunner.privateRun(SuiteRunner.java:415)
	at org.testng.SuiteRunner.run(SuiteRunner.java:364)
	at org.testng.SuiteRunnerWorker.runSuite(SuiteRunnerWorker.java:52)
	at org.testng.SuiteRunnerWorker.run(SuiteRunnerWorker.java:84)
	at org.testng.TestNG.runSuitesSequentially(TestNG.java:1208)
	at org.testng.TestNG.runSuitesLocally(TestNG.java:1137)
	at org.testng.TestNG.runSuites(TestNG.java:1049)
	at org.testng.TestNG.run(TestNG.java:1017)
	at org.testng.remote.AbstractRemoteTestNG.run(AbstractRemoteTestNG.java:115)
	at org.testng.remote.RemoteTestNG.initAndRun(RemoteTestNG.java:251)
	at org.testng.remote.RemoteTestNG.main(RemoteTestNG.java:77)
</textarea>
										</td>
									</tr>
									<tr>
										<td>Sep 19, 2019 04:21:19 PM</td>
										<td class='linked' test-id='28'>BrickHTML_Card1_OFF_Test.execute (4000000000000010 )</td>
										<td>
											<textarea disabled class="code-block">java.lang.ArrayIndexOutOfBoundsException: 0
	at automation.project3ds.MyTunnel.getStatement(MyTunnel.java:114)
	at automation.project3ds.FasterPay.getStatement(FasterPay.java:18)
	at automation.project3ds.FasterPay.getTID_Fasterpay(FasterPay.java:24)
	at automation.project3ds.oldTest.BrickHTML_Card1_OFF_Test.execute(BrickHTML_Card1_OFF_Test.java:94)
	at sun.reflect.NativeMethodAccessorImpl.invoke0(Native Method)
	at sun.reflect.NativeMethodAccessorImpl.invoke(NativeMethodAccessorImpl.java:62)
	at sun.reflect.DelegatingMethodAccessorImpl.invoke(DelegatingMethodAccessorImpl.java:43)
	at java.lang.reflect.Method.invoke(Method.java:498)
	at org.testng.internal.MethodInvocationHelper.invokeMethod(MethodInvocationHelper.java:124)
	at org.testng.internal.Invoker.invokeMethod(Invoker.java:583)
	at org.testng.internal.Invoker.invokeTestMethod(Invoker.java:719)
	at org.testng.internal.Invoker.invokeTestMethods(Invoker.java:989)
	at org.testng.internal.TestMethodWorker.invokeTestMethods(TestMethodWorker.java:125)
	at org.testng.internal.TestMethodWorker.run(TestMethodWorker.java:109)
	at org.testng.TestRunner.privateRun(TestRunner.java:648)
	at org.testng.TestRunner.run(TestRunner.java:505)
	at org.testng.SuiteRunner.runTest(SuiteRunner.java:455)
	at org.testng.SuiteRunner.runSequentially(SuiteRunner.java:450)
	at org.testng.SuiteRunner.privateRun(SuiteRunner.java:415)
	at org.testng.SuiteRunner.run(SuiteRunner.java:364)
	at org.testng.SuiteRunnerWorker.runSuite(SuiteRunnerWorker.java:52)
	at org.testng.SuiteRunnerWorker.run(SuiteRunnerWorker.java:84)
	at org.testng.TestNG.runSuitesSequentially(TestNG.java:1208)
	at org.testng.TestNG.runSuitesLocally(TestNG.java:1137)
	at org.testng.TestNG.runSuites(TestNG.java:1049)
	at org.testng.TestNG.run(TestNG.java:1017)
	at org.testng.remote.AbstractRemoteTestNG.run(AbstractRemoteTestNG.java:115)
	at org.testng.remote.RemoteTestNG.initAndRun(RemoteTestNG.java:251)
	at org.testng.remote.RemoteTestNG.main(RemoteTestNG.java:77)
</textarea>
										</td>
									</tr>
									<tr>
										<td>Sep 19, 2019 04:21:59 PM</td>
										<td class='linked' test-id='55'>BrickHTML_Card1_OFF_Test.execute (4000000000000028 )</td>
										<td>
											<textarea disabled class="code-block">java.lang.ArrayIndexOutOfBoundsException: 0
	at automation.project3ds.MyTunnel.getStatement(MyTunnel.java:114)
	at automation.project3ds.FasterPay.getStatement(FasterPay.java:18)
	at automation.project3ds.FasterPay.getTID_Fasterpay(FasterPay.java:24)
	at automation.project3ds.oldTest.BrickHTML_Card1_OFF_Test.execute(BrickHTML_Card1_OFF_Test.java:94)
	at sun.reflect.NativeMethodAccessorImpl.invoke0(Native Method)
	at sun.reflect.NativeMethodAccessorImpl.invoke(NativeMethodAccessorImpl.java:62)
	at sun.reflect.DelegatingMethodAccessorImpl.invoke(DelegatingMethodAccessorImpl.java:43)
	at java.lang.reflect.Method.invoke(Method.java:498)
	at org.testng.internal.MethodInvocationHelper.invokeMethod(MethodInvocationHelper.java:124)
	at org.testng.internal.Invoker.invokeMethod(Invoker.java:583)
	at org.testng.internal.Invoker.invokeTestMethod(Invoker.java:719)
	at org.testng.internal.Invoker.invokeTestMethods(Invoker.java:989)
	at org.testng.internal.TestMethodWorker.invokeTestMethods(TestMethodWorker.java:125)
	at org.testng.internal.TestMethodWorker.run(TestMethodWorker.java:109)
	at org.testng.TestRunner.privateRun(TestRunner.java:648)
	at org.testng.TestRunner.run(TestRunner.java:505)
	at org.testng.SuiteRunner.runTest(SuiteRunner.java:455)
	at org.testng.SuiteRunner.runSequentially(SuiteRunner.java:450)
	at org.testng.SuiteRunner.privateRun(SuiteRunner.java:415)
	at org.testng.SuiteRunner.run(SuiteRunner.java:364)
	at org.testng.SuiteRunnerWorker.runSuite(SuiteRunnerWorker.java:52)
	at org.testng.SuiteRunnerWorker.run(SuiteRunnerWorker.java:84)
	at org.testng.TestNG.runSuitesSequentially(TestNG.java:1208)
	at org.testng.TestNG.runSuitesLocally(TestNG.java:1137)
	at org.testng.TestNG.runSuites(TestNG.java:1049)
	at org.testng.TestNG.run(TestNG.java:1017)
	at org.testng.remote.AbstractRemoteTestNG.run(AbstractRemoteTestNG.java:115)
	at org.testng.remote.RemoteTestNG.initAndRun(RemoteTestNG.java:251)
	at org.testng.remote.RemoteTestNG.main(RemoteTestNG.java:77)
</textarea>
										</td>
									</tr>
									<tr>
										<td>Sep 19, 2019 04:22:32 PM</td>
										<td class='linked' test-id='82'>BrickHTML_Card1_OFF_Test.execute (4000000000000101 )</td>
										<td>
											<textarea disabled class="code-block">java.lang.ArrayIndexOutOfBoundsException: 0
	at automation.project3ds.MyTunnel.getStatement(MyTunnel.java:114)
	at automation.project3ds.FasterPay.getStatement(FasterPay.java:18)
	at automation.project3ds.FasterPay.getTID_Fasterpay(FasterPay.java:24)
	at automation.project3ds.oldTest.BrickHTML_Card1_OFF_Test.execute(BrickHTML_Card1_OFF_Test.java:94)
	at sun.reflect.NativeMethodAccessorImpl.invoke0(Native Method)
	at sun.reflect.NativeMethodAccessorImpl.invoke(NativeMethodAccessorImpl.java:62)
	at sun.reflect.DelegatingMethodAccessorImpl.invoke(DelegatingMethodAccessorImpl.java:43)
	at java.lang.reflect.Method.invoke(Method.java:498)
	at org.testng.internal.MethodInvocationHelper.invokeMethod(MethodInvocationHelper.java:124)
	at org.testng.internal.Invoker.invokeMethod(Invoker.java:583)
	at org.testng.internal.Invoker.invokeTestMethod(Invoker.java:719)
	at org.testng.internal.Invoker.invokeTestMethods(Invoker.java:989)
	at org.testng.internal.TestMethodWorker.invokeTestMethods(TestMethodWorker.java:125)
	at org.testng.internal.TestMethodWorker.run(TestMethodWorker.java:109)
	at org.testng.TestRunner.privateRun(TestRunner.java:648)
	at org.testng.TestRunner.run(TestRunner.java:505)
	at org.testng.SuiteRunner.runTest(SuiteRunner.java:455)
	at org.testng.SuiteRunner.runSequentially(SuiteRunner.java:450)
	at org.testng.SuiteRunner.privateRun(SuiteRunner.java:415)
	at org.testng.SuiteRunner.run(SuiteRunner.java:364)
	at org.testng.SuiteRunnerWorker.runSuite(SuiteRunnerWorker.java:52)
	at org.testng.SuiteRunnerWorker.run(SuiteRunnerWorker.java:84)
	at org.testng.TestNG.runSuitesSequentially(TestNG.java:1208)
	at org.testng.TestNG.runSuitesLocally(TestNG.java:1137)
	at org.testng.TestNG.runSuites(TestNG.java:1049)
	at org.testng.TestNG.run(TestNG.java:1017)
	at org.testng.remote.AbstractRemoteTestNG.run(AbstractRemoteTestNG.java:115)
	at org.testng.remote.RemoteTestNG.initAndRun(RemoteTestNG.java:251)
	at org.testng.remote.RemoteTestNG.main(RemoteTestNG.java:77)
</textarea>
										</td>
									</tr>
									<tr>
										<td>Sep 19, 2019 04:22:58 PM</td>
										<td class='linked' test-id='109'>BrickHTML_Card1_OFF_Test.execute (4000000000000044 )</td>
										<td>
											<textarea disabled class="code-block">java.lang.ArrayIndexOutOfBoundsException: 0
	at automation.project3ds.MyTunnel.getStatement(MyTunnel.java:114)
	at automation.project3ds.FasterPay.getStatement(FasterPay.java:18)
	at automation.project3ds.FasterPay.getTID_Fasterpay(FasterPay.java:24)
	at automation.project3ds.oldTest.BrickHTML_Card1_OFF_Test.execute(BrickHTML_Card1_OFF_Test.java:94)
	at sun.reflect.NativeMethodAccessorImpl.invoke0(Native Method)
	at sun.reflect.NativeMethodAccessorImpl.invoke(NativeMethodAccessorImpl.java:62)
	at sun.reflect.DelegatingMethodAccessorImpl.invoke(DelegatingMethodAccessorImpl.java:43)
	at java.lang.reflect.Method.invoke(Method.java:498)
	at org.testng.internal.MethodInvocationHelper.invokeMethod(MethodInvocationHelper.java:124)
	at org.testng.internal.Invoker.invokeMethod(Invoker.java:583)
	at org.testng.internal.Invoker.invokeTestMethod(Invoker.java:719)
	at org.testng.internal.Invoker.invokeTestMethods(Invoker.java:989)
	at org.testng.internal.TestMethodWorker.invokeTestMethods(TestMethodWorker.java:125)
	at org.testng.internal.TestMethodWorker.run(TestMethodWorker.java:109)
	at org.testng.TestRunner.privateRun(TestRunner.java:648)
	at org.testng.TestRunner.run(TestRunner.java:505)
	at org.testng.SuiteRunner.runTest(SuiteRunner.java:455)
	at org.testng.SuiteRunner.runSequentially(SuiteRunner.java:450)
	at org.testng.SuiteRunner.privateRun(SuiteRunner.java:415)
	at org.testng.SuiteRunner.run(SuiteRunner.java:364)
	at org.testng.SuiteRunnerWorker.runSuite(SuiteRunnerWorker.java:52)
	at org.testng.SuiteRunnerWorker.run(SuiteRunnerWorker.java:84)
	at org.testng.TestNG.runSuitesSequentially(TestNG.java:1208)
	at org.testng.TestNG.runSuitesLocally(TestNG.java:1137)
	at org.testng.TestNG.runSuites(TestNG.java:1049)
	at org.testng.TestNG.run(TestNG.java:1017)
	at org.testng.remote.AbstractRemoteTestNG.run(AbstractRemoteTestNG.java:115)
	at org.testng.remote.RemoteTestNG.initAndRun(RemoteTestNG.java:251)
	at org.testng.remote.RemoteTestNG.main(RemoteTestNG.java:77)
</textarea>
										</td>
									</tr>
									<tr>
										<td>Sep 19, 2019 04:23:24 PM</td>
										<td class='linked' test-id='136'>BrickHTML_Card1_OFF_Test.execute (4000000000000051 )</td>
										<td>
											<textarea disabled class="code-block">java.lang.ArrayIndexOutOfBoundsException: 0
	at automation.project3ds.MyTunnel.getStatement(MyTunnel.java:114)
	at automation.project3ds.FasterPay.getStatement(FasterPay.java:18)
	at automation.project3ds.FasterPay.getTID_Fasterpay(FasterPay.java:24)
	at automation.project3ds.oldTest.BrickHTML_Card1_OFF_Test.execute(BrickHTML_Card1_OFF_Test.java:94)
	at sun.reflect.NativeMethodAccessorImpl.invoke0(Native Method)
	at sun.reflect.NativeMethodAccessorImpl.invoke(NativeMethodAccessorImpl.java:62)
	at sun.reflect.DelegatingMethodAccessorImpl.invoke(DelegatingMethodAccessorImpl.java:43)
	at java.lang.reflect.Method.invoke(Method.java:498)
	at org.testng.internal.MethodInvocationHelper.invokeMethod(MethodInvocationHelper.java:124)
	at org.testng.internal.Invoker.invokeMethod(Invoker.java:583)
	at org.testng.internal.Invoker.invokeTestMethod(Invoker.java:719)
	at org.testng.internal.Invoker.invokeTestMethods(Invoker.java:989)
	at org.testng.internal.TestMethodWorker.invokeTestMethods(TestMethodWorker.java:125)
	at org.testng.internal.TestMethodWorker.run(TestMethodWorker.java:109)
	at org.testng.TestRunner.privateRun(TestRunner.java:648)
	at org.testng.TestRunner.run(TestRunner.java:505)
	at org.testng.SuiteRunner.runTest(SuiteRunner.java:455)
	at org.testng.SuiteRunner.runSequentially(SuiteRunner.java:450)
	at org.testng.SuiteRunner.privateRun(SuiteRunner.java:415)
	at org.testng.SuiteRunner.run(SuiteRunner.java:364)
	at org.testng.SuiteRunnerWorker.runSuite(SuiteRunnerWorker.java:52)
	at org.testng.SuiteRunnerWorker.run(SuiteRunnerWorker.java:84)
	at org.testng.TestNG.runSuitesSequentially(TestNG.java:1208)
	at org.testng.TestNG.runSuitesLocally(TestNG.java:1137)
	at org.testng.TestNG.runSuites(TestNG.java:1049)
	at org.testng.TestNG.run(TestNG.java:1017)
	at org.testng.remote.AbstractRemoteTestNG.run(AbstractRemoteTestNG.java:115)
	at org.testng.remote.RemoteTestNG.initAndRun(RemoteTestNG.java:251)
	at org.testng.remote.RemoteTestNG.main(RemoteTestNG.java:77)
</textarea>
										</td>
									</tr>
									<tr>
										<td>Sep 19, 2019 04:23:38 PM</td>
										<td class='linked' test-id='163'>BrickHTML_Card1_OFF_Test.execute (4000000000000069 )</td>
										<td>
											<textarea disabled class="code-block">java.lang.ArrayIndexOutOfBoundsException: 0
	at automation.project3ds.MyTunnel.getStatement(MyTunnel.java:114)
	at automation.project3ds.FasterPay.getStatement(FasterPay.java:18)
	at automation.project3ds.FasterPay.getTID_Fasterpay(FasterPay.java:24)
	at automation.project3ds.oldTest.BrickHTML_Card1_OFF_Test.execute(BrickHTML_Card1_OFF_Test.java:94)
	at sun.reflect.NativeMethodAccessorImpl.invoke0(Native Method)
	at sun.reflect.NativeMethodAccessorImpl.invoke(NativeMethodAccessorImpl.java:62)
	at sun.reflect.DelegatingMethodAccessorImpl.invoke(DelegatingMethodAccessorImpl.java:43)
	at java.lang.reflect.Method.invoke(Method.java:498)
	at org.testng.internal.MethodInvocationHelper.invokeMethod(MethodInvocationHelper.java:124)
	at org.testng.internal.Invoker.invokeMethod(Invoker.java:583)
	at org.testng.internal.Invoker.invokeTestMethod(Invoker.java:719)
	at org.testng.internal.Invoker.invokeTestMethods(Invoker.java:989)
	at org.testng.internal.TestMethodWorker.invokeTestMethods(TestMethodWorker.java:125)
	at org.testng.internal.TestMethodWorker.run(TestMethodWorker.java:109)
	at org.testng.TestRunner.privateRun(TestRunner.java:648)
	at org.testng.TestRunner.run(TestRunner.java:505)
	at org.testng.SuiteRunner.runTest(SuiteRunner.java:455)
	at org.testng.SuiteRunner.runSequentially(SuiteRunner.java:450)
	at org.testng.SuiteRunner.privateRun(SuiteRunner.java:415)
	at org.testng.SuiteRunner.run(SuiteRunner.java:364)
	at org.testng.SuiteRunnerWorker.runSuite(SuiteRunnerWorker.java:52)
	at org.testng.SuiteRunnerWorker.run(SuiteRunnerWorker.java:84)
	at org.testng.TestNG.runSuitesSequentially(TestNG.java:1208)
	at org.testng.TestNG.runSuitesLocally(TestNG.java:1137)
	at org.testng.TestNG.runSuites(TestNG.java:1049)
	at org.testng.TestNG.run(TestNG.java:1017)
	at org.testng.remote.AbstractRemoteTestNG.run(AbstractRemoteTestNG.java:115)
	at org.testng.remote.RemoteTestNG.initAndRun(RemoteTestNG.java:251)
	at org.testng.remote.RemoteTestNG.main(RemoteTestNG.java:77)
</textarea>
										</td>
									</tr>
									<tr>
										<td>Sep 19, 2019 04:23:53 PM</td>
										<td class='linked' test-id='190'>BrickHTML_Card1_OFF_Test.execute (4000000000000077 )</td>
										<td>
											<textarea disabled class="code-block">java.lang.ArrayIndexOutOfBoundsException: 0
	at automation.project3ds.MyTunnel.getStatement(MyTunnel.java:114)
	at automation.project3ds.FasterPay.getStatement(FasterPay.java:18)
	at automation.project3ds.FasterPay.getTID_Fasterpay(FasterPay.java:24)
	at automation.project3ds.oldTest.BrickHTML_Card1_OFF_Test.execute(BrickHTML_Card1_OFF_Test.java:94)
	at sun.reflect.NativeMethodAccessorImpl.invoke0(Native Method)
	at sun.reflect.NativeMethodAccessorImpl.invoke(NativeMethodAccessorImpl.java:62)
	at sun.reflect.DelegatingMethodAccessorImpl.invoke(DelegatingMethodAccessorImpl.java:43)
	at java.lang.reflect.Method.invoke(Method.java:498)
	at org.testng.internal.MethodInvocationHelper.invokeMethod(MethodInvocationHelper.java:124)
	at org.testng.internal.Invoker.invokeMethod(Invoker.java:583)
	at org.testng.internal.Invoker.invokeTestMethod(Invoker.java:719)
	at org.testng.internal.Invoker.invokeTestMethods(Invoker.java:989)
	at org.testng.internal.TestMethodWorker.invokeTestMethods(TestMethodWorker.java:125)
	at org.testng.internal.TestMethodWorker.run(TestMethodWorker.java:109)
	at org.testng.TestRunner.privateRun(TestRunner.java:648)
	at org.testng.TestRunner.run(TestRunner.java:505)
	at org.testng.SuiteRunner.runTest(SuiteRunner.java:455)
	at org.testng.SuiteRunner.runSequentially(SuiteRunner.java:450)
	at org.testng.SuiteRunner.privateRun(SuiteRunner.java:415)
	at org.testng.SuiteRunner.run(SuiteRunner.java:364)
	at org.testng.SuiteRunnerWorker.runSuite(SuiteRunnerWorker.java:52)
	at org.testng.SuiteRunnerWorker.run(SuiteRunnerWorker.java:84)
	at org.testng.TestNG.runSuitesSequentially(TestNG.java:1208)
	at org.testng.TestNG.runSuitesLocally(TestNG.java:1137)
	at org.testng.TestNG.runSuites(TestNG.java:1049)
	at org.testng.TestNG.run(TestNG.java:1017)
	at org.testng.remote.AbstractRemoteTestNG.run(AbstractRemoteTestNG.java:115)
	at org.testng.remote.RemoteTestNG.initAndRun(RemoteTestNG.java:251)
	at org.testng.remote.RemoteTestNG.main(RemoteTestNG.java:77)
</textarea>
										</td>
									</tr>
									<tr>
										<td>Sep 19, 2019 04:24:08 PM</td>
										<td class='linked' test-id='217'>BrickHTML_Card1_OFF_Test.execute (4000000000000085 )</td>
										<td>
											<textarea disabled class="code-block">java.lang.ArrayIndexOutOfBoundsException: 0
	at automation.project3ds.MyTunnel.getStatement(MyTunnel.java:114)
	at automation.project3ds.FasterPay.getStatement(FasterPay.java:18)
	at automation.project3ds.FasterPay.getTID_Fasterpay(FasterPay.java:24)
	at automation.project3ds.oldTest.BrickHTML_Card1_OFF_Test.execute(BrickHTML_Card1_OFF_Test.java:94)
	at sun.reflect.NativeMethodAccessorImpl.invoke0(Native Method)
	at sun.reflect.NativeMethodAccessorImpl.invoke(NativeMethodAccessorImpl.java:62)
	at sun.reflect.DelegatingMethodAccessorImpl.invoke(DelegatingMethodAccessorImpl.java:43)
	at java.lang.reflect.Method.invoke(Method.java:498)
	at org.testng.internal.MethodInvocationHelper.invokeMethod(MethodInvocationHelper.java:124)
	at org.testng.internal.Invoker.invokeMethod(Invoker.java:583)
	at org.testng.internal.Invoker.invokeTestMethod(Invoker.java:719)
	at org.testng.internal.Invoker.invokeTestMethods(Invoker.java:989)
	at org.testng.internal.TestMethodWorker.invokeTestMethods(TestMethodWorker.java:125)
	at org.testng.internal.TestMethodWorker.run(TestMethodWorker.java:109)
	at org.testng.TestRunner.privateRun(TestRunner.java:648)
	at org.testng.TestRunner.run(TestRunner.java:505)
	at org.testng.SuiteRunner.runTest(SuiteRunner.java:455)
	at org.testng.SuiteRunner.runSequentially(SuiteRunner.java:450)
	at org.testng.SuiteRunner.privateRun(SuiteRunner.java:415)
	at org.testng.SuiteRunner.run(SuiteRunner.java:364)
	at org.testng.SuiteRunnerWorker.runSuite(SuiteRunnerWorker.java:52)
	at org.testng.SuiteRunnerWorker.run(SuiteRunnerWorker.java:84)
	at org.testng.TestNG.runSuitesSequentially(TestNG.java:1208)
	at org.testng.TestNG.runSuitesLocally(TestNG.java:1137)
	at org.testng.TestNG.runSuites(TestNG.java:1049)
	at org.testng.TestNG.run(TestNG.java:1017)
	at org.testng.remote.AbstractRemoteTestNG.run(AbstractRemoteTestNG.java:115)
	at org.testng.remote.RemoteTestNG.initAndRun(RemoteTestNG.java:251)
	at org.testng.remote.RemoteTestNG.main(RemoteTestNG.java:77)
</textarea>
										</td>
									</tr>
									<tr>
										<td>Sep 19, 2019 04:24:24 PM</td>
										<td class='linked' test-id='244'>BrickHTML_Card1_OFF_Test.execute (4000000000000093 )</td>
										<td>
											<textarea disabled class="code-block">java.lang.ArrayIndexOutOfBoundsException: 0
	at automation.project3ds.MyTunnel.getStatement(MyTunnel.java:114)
	at automation.project3ds.FasterPay.getStatement(FasterPay.java:18)
	at automation.project3ds.FasterPay.getTID_Fasterpay(FasterPay.java:24)
	at automation.project3ds.oldTest.BrickHTML_Card1_OFF_Test.execute(BrickHTML_Card1_OFF_Test.java:94)
	at sun.reflect.NativeMethodAccessorImpl.invoke0(Native Method)
	at sun.reflect.NativeMethodAccessorImpl.invoke(NativeMethodAccessorImpl.java:62)
	at sun.reflect.DelegatingMethodAccessorImpl.invoke(DelegatingMethodAccessorImpl.java:43)
	at java.lang.reflect.Method.invoke(Method.java:498)
	at org.testng.internal.MethodInvocationHelper.invokeMethod(MethodInvocationHelper.java:124)
	at org.testng.internal.Invoker.invokeMethod(Invoker.java:583)
	at org.testng.internal.Invoker.invokeTestMethod(Invoker.java:719)
	at org.testng.internal.Invoker.invokeTestMethods(Invoker.java:989)
	at org.testng.internal.TestMethodWorker.invokeTestMethods(TestMethodWorker.java:125)
	at org.testng.internal.TestMethodWorker.run(TestMethodWorker.java:109)
	at org.testng.TestRunner.privateRun(TestRunner.java:648)
	at org.testng.TestRunner.run(TestRunner.java:505)
	at org.testng.SuiteRunner.runTest(SuiteRunner.java:455)
	at org.testng.SuiteRunner.runSequentially(SuiteRunner.java:450)
	at org.testng.SuiteRunner.privateRun(SuiteRunner.java:415)
	at org.testng.SuiteRunner.run(SuiteRunner.java:364)
	at org.testng.SuiteRunnerWorker.runSuite(SuiteRunnerWorker.java:52)
	at org.testng.SuiteRunnerWorker.run(SuiteRunnerWorker.java:84)
	at org.testng.TestNG.runSuitesSequentially(TestNG.java:1208)
	at org.testng.TestNG.runSuitesLocally(TestNG.java:1137)
	at org.testng.TestNG.runSuites(TestNG.java:1049)
	at org.testng.TestNG.run(TestNG.java:1017)
	at org.testng.remote.AbstractRemoteTestNG.run(AbstractRemoteTestNG.java:115)
	at org.testng.remote.RemoteTestNG.initAndRun(RemoteTestNG.java:251)
	at org.testng.remote.RemoteTestNG.main(RemoteTestNG.java:77)
</textarea>
										</td>
									</tr>
									<tr>
										<td>Sep 19, 2019 04:24:57 PM</td>
										<td class='linked' test-id='271'>BrickHTML_Card1_OFF_Test.execute (4000000000000036 )</td>
										<td>
											<textarea disabled class="code-block">java.lang.ArrayIndexOutOfBoundsException: 0
	at automation.project3ds.MyTunnel.getStatement(MyTunnel.java:114)
	at automation.project3ds.FasterPay.getStatement(FasterPay.java:18)
	at automation.project3ds.FasterPay.getTID_Fasterpay(FasterPay.java:24)
	at automation.project3ds.oldTest.BrickHTML_Card1_OFF_Test.execute(BrickHTML_Card1_OFF_Test.java:94)
	at sun.reflect.NativeMethodAccessorImpl.invoke0(Native Method)
	at sun.reflect.NativeMethodAccessorImpl.invoke(NativeMethodAccessorImpl.java:62)
	at sun.reflect.DelegatingMethodAccessorImpl.invoke(DelegatingMethodAccessorImpl.java:43)
	at java.lang.reflect.Method.invoke(Method.java:498)
	at org.testng.internal.MethodInvocationHelper.invokeMethod(MethodInvocationHelper.java:124)
	at org.testng.internal.Invoker.invokeMethod(Invoker.java:583)
	at org.testng.internal.Invoker.invokeTestMethod(Invoker.java:719)
	at org.testng.internal.Invoker.invokeTestMethods(Invoker.java:989)
	at org.testng.internal.TestMethodWorker.invokeTestMethods(TestMethodWorker.java:125)
	at org.testng.internal.TestMethodWorker.run(TestMethodWorker.java:109)
	at org.testng.TestRunner.privateRun(TestRunner.java:648)
	at org.testng.TestRunner.run(TestRunner.java:505)
	at org.testng.SuiteRunner.runTest(SuiteRunner.java:455)
	at org.testng.SuiteRunner.runSequentially(SuiteRunner.java:450)
	at org.testng.SuiteRunner.privateRun(SuiteRunner.java:415)
	at org.testng.SuiteRunner.run(SuiteRunner.java:364)
	at org.testng.SuiteRunnerWorker.runSuite(SuiteRunnerWorker.java:52)
	at org.testng.SuiteRunnerWorker.run(SuiteRunnerWorker.java:84)
	at org.testng.TestNG.runSuitesSequentially(TestNG.java:1208)
	at org.testng.TestNG.runSuitesLocally(TestNG.java:1137)
	at org.testng.TestNG.runSuites(TestNG.java:1049)
	at org.testng.TestNG.run(TestNG.java:1017)
	at org.testng.remote.AbstractRemoteTestNG.run(AbstractRemoteTestNG.java:115)
	at org.testng.remote.RemoteTestNG.initAndRun(RemoteTestNG.java:251)
	at org.testng.remote.RemoteTestNG.main(RemoteTestNG.java:77)
</textarea>
										</td>
									</tr>
									<tr>
										<td>Sep 19, 2019 04:25:33 PM</td>
										<td class='linked' test-id='298'>BrickHTML_Card1_OFF_Test.execute (4000990000000004 )</td>
										<td>
											<textarea disabled class="code-block">java.lang.ArrayIndexOutOfBoundsException: 0
	at automation.project3ds.MyTunnel.getStatement(MyTunnel.java:114)
	at automation.project3ds.FasterPay.getStatement(FasterPay.java:18)
	at automation.project3ds.FasterPay.getTID_Fasterpay(FasterPay.java:24)
	at automation.project3ds.oldTest.BrickHTML_Card1_OFF_Test.execute(BrickHTML_Card1_OFF_Test.java:94)
	at sun.reflect.NativeMethodAccessorImpl.invoke0(Native Method)
	at sun.reflect.NativeMethodAccessorImpl.invoke(NativeMethodAccessorImpl.java:62)
	at sun.reflect.DelegatingMethodAccessorImpl.invoke(DelegatingMethodAccessorImpl.java:43)
	at java.lang.reflect.Method.invoke(Method.java:498)
	at org.testng.internal.MethodInvocationHelper.invokeMethod(MethodInvocationHelper.java:124)
	at org.testng.internal.Invoker.invokeMethod(Invoker.java:583)
	at org.testng.internal.Invoker.invokeTestMethod(Invoker.java:719)
	at org.testng.internal.Invoker.invokeTestMethods(Invoker.java:989)
	at org.testng.internal.TestMethodWorker.invokeTestMethods(TestMethodWorker.java:125)
	at org.testng.internal.TestMethodWorker.run(TestMethodWorker.java:109)
	at org.testng.TestRunner.privateRun(TestRunner.java:648)
	at org.testng.TestRunner.run(TestRunner.java:505)
	at org.testng.SuiteRunner.runTest(SuiteRunner.java:455)
	at org.testng.SuiteRunner.runSequentially(SuiteRunner.java:450)
	at org.testng.SuiteRunner.privateRun(SuiteRunner.java:415)
	at org.testng.SuiteRunner.run(SuiteRunner.java:364)
	at org.testng.SuiteRunnerWorker.runSuite(SuiteRunnerWorker.java:52)
	at org.testng.SuiteRunnerWorker.run(SuiteRunnerWorker.java:84)
	at org.testng.TestNG.runSuitesSequentially(TestNG.java:1208)
	at org.testng.TestNG.runSuitesLocally(TestNG.java:1137)
	at org.testng.TestNG.runSuites(TestNG.java:1049)
	at org.testng.TestNG.run(TestNG.java:1017)
	at org.testng.remote.AbstractRemoteTestNG.run(AbstractRemoteTestNG.java:115)
	at org.testng.remote.RemoteTestNG.initAndRun(RemoteTestNG.java:251)
	at org.testng.remote.RemoteTestNG.main(RemoteTestNG.java:77)
</textarea>
										</td>
									</tr>
									<tr>
										<td>Sep 19, 2019 04:25:48 PM</td>
										<td class='linked' test-id='325'>BrickHTML_Card1_OFF_Test.execute (5200000000000007 )</td>
										<td>
											<textarea disabled class="code-block">java.lang.ArrayIndexOutOfBoundsException: 0
	at automation.project3ds.MyTunnel.getStatement(MyTunnel.java:114)
	at automation.project3ds.FasterPay.getStatement(FasterPay.java:18)
	at automation.project3ds.FasterPay.getTID_Fasterpay(FasterPay.java:24)
	at automation.project3ds.oldTest.BrickHTML_Card1_OFF_Test.execute(BrickHTML_Card1_OFF_Test.java:94)
	at sun.reflect.NativeMethodAccessorImpl.invoke0(Native Method)
	at sun.reflect.NativeMethodAccessorImpl.invoke(NativeMethodAccessorImpl.java:62)
	at sun.reflect.DelegatingMethodAccessorImpl.invoke(DelegatingMethodAccessorImpl.java:43)
	at java.lang.reflect.Method.invoke(Method.java:498)
	at org.testng.internal.MethodInvocationHelper.invokeMethod(MethodInvocationHelper.java:124)
	at org.testng.internal.Invoker.invokeMethod(Invoker.java:583)
	at org.testng.internal.Invoker.invokeTestMethod(Invoker.java:719)
	at org.testng.internal.Invoker.invokeTestMethods(Invoker.java:989)
	at org.testng.internal.TestMethodWorker.invokeTestMethods(TestMethodWorker.java:125)
	at org.testng.internal.TestMethodWorker.run(TestMethodWorker.java:109)
	at org.testng.TestRunner.privateRun(TestRunner.java:648)
	at org.testng.TestRunner.run(TestRunner.java:505)
	at org.testng.SuiteRunner.runTest(SuiteRunner.java:455)
	at org.testng.SuiteRunner.runSequentially(SuiteRunner.java:450)
	at org.testng.SuiteRunner.privateRun(SuiteRunner.java:415)
	at org.testng.SuiteRunner.run(SuiteRunner.java:364)
	at org.testng.SuiteRunnerWorker.runSuite(SuiteRunnerWorker.java:52)
	at org.testng.SuiteRunnerWorker.run(SuiteRunnerWorker.java:84)
	at org.testng.TestNG.runSuitesSequentially(TestNG.java:1208)
	at org.testng.TestNG.runSuitesLocally(TestNG.java:1137)
	at org.testng.TestNG.runSuites(TestNG.java:1049)
	at org.testng.TestNG.run(TestNG.java:1017)
	at org.testng.remote.AbstractRemoteTestNG.run(AbstractRemoteTestNG.java:115)
	at org.testng.remote.RemoteTestNG.initAndRun(RemoteTestNG.java:251)
	at org.testng.remote.RemoteTestNG.main(RemoteTestNG.java:77)
</textarea>
										</td>
									</tr>
									<tr>
										<td>Sep 19, 2019 04:26:27 PM</td>
										<td class='linked' test-id='352'>BrickHTML_Card1_OFF_Test.execute (5200000000000015 )</td>
										<td>
											<textarea disabled class="code-block">java.lang.ArrayIndexOutOfBoundsException: 0
	at automation.project3ds.MyTunnel.getStatement(MyTunnel.java:114)
	at automation.project3ds.FasterPay.getStatement(FasterPay.java:18)
	at automation.project3ds.FasterPay.getTID_Fasterpay(FasterPay.java:24)
	at automation.project3ds.oldTest.BrickHTML_Card1_OFF_Test.execute(BrickHTML_Card1_OFF_Test.java:94)
	at sun.reflect.NativeMethodAccessorImpl.invoke0(Native Method)
	at sun.reflect.NativeMethodAccessorImpl.invoke(NativeMethodAccessorImpl.java:62)
	at sun.reflect.DelegatingMethodAccessorImpl.invoke(DelegatingMethodAccessorImpl.java:43)
	at java.lang.reflect.Method.invoke(Method.java:498)
	at org.testng.internal.MethodInvocationHelper.invokeMethod(MethodInvocationHelper.java:124)
	at org.testng.internal.Invoker.invokeMethod(Invoker.java:583)
	at org.testng.internal.Invoker.invokeTestMethod(Invoker.java:719)
	at org.testng.internal.Invoker.invokeTestMethods(Invoker.java:989)
	at org.testng.internal.TestMethodWorker.invokeTestMethods(TestMethodWorker.java:125)
	at org.testng.internal.TestMethodWorker.run(TestMethodWorker.java:109)
	at org.testng.TestRunner.privateRun(TestRunner.java:648)
	at org.testng.TestRunner.run(TestRunner.java:505)
	at org.testng.SuiteRunner.runTest(SuiteRunner.java:455)
	at org.testng.SuiteRunner.runSequentially(SuiteRunner.java:450)
	at org.testng.SuiteRunner.privateRun(SuiteRunner.java:415)
	at org.testng.SuiteRunner.run(SuiteRunner.java:364)
	at org.testng.SuiteRunnerWorker.runSuite(SuiteRunnerWorker.java:52)
	at org.testng.SuiteRunnerWorker.run(SuiteRunnerWorker.java:84)
	at org.testng.TestNG.runSuitesSequentially(TestNG.java:1208)
	at org.testng.TestNG.runSuitesLocally(TestNG.java:1137)
	at org.testng.TestNG.runSuites(TestNG.java:1049)
	at org.testng.TestNG.run(TestNG.java:1017)
	at org.testng.remote.AbstractRemoteTestNG.run(AbstractRemoteTestNG.java:115)
	at org.testng.remote.RemoteTestNG.initAndRun(RemoteTestNG.java:251)
	at org.testng.remote.RemoteTestNG.main(RemoteTestNG.java:77)
</textarea>
										</td>
									</tr>
									<tr>
										<td>Sep 19, 2019 04:26:57 PM</td>
										<td class='linked' test-id='379'>BrickHTML_Card1_OFF_Test.execute (5200000000000023 )</td>
										<td>
											<textarea disabled class="code-block">java.lang.ArrayIndexOutOfBoundsException: 0
	at automation.project3ds.MyTunnel.getStatement(MyTunnel.java:114)
	at automation.project3ds.FasterPay.getStatement(FasterPay.java:18)
	at automation.project3ds.FasterPay.getTID_Fasterpay(FasterPay.java:24)
	at automation.project3ds.oldTest.BrickHTML_Card1_OFF_Test.execute(BrickHTML_Card1_OFF_Test.java:94)
	at sun.reflect.NativeMethodAccessorImpl.invoke0(Native Method)
	at sun.reflect.NativeMethodAccessorImpl.invoke(NativeMethodAccessorImpl.java:62)
	at sun.reflect.DelegatingMethodAccessorImpl.invoke(DelegatingMethodAccessorImpl.java:43)
	at java.lang.reflect.Method.invoke(Method.java:498)
	at org.testng.internal.MethodInvocationHelper.invokeMethod(MethodInvocationHelper.java:124)
	at org.testng.internal.Invoker.invokeMethod(Invoker.java:583)
	at org.testng.internal.Invoker.invokeTestMethod(Invoker.java:719)
	at org.testng.internal.Invoker.invokeTestMethods(Invoker.java:989)
	at org.testng.internal.TestMethodWorker.invokeTestMethods(TestMethodWorker.java:125)
	at org.testng.internal.TestMethodWorker.run(TestMethodWorker.java:109)
	at org.testng.TestRunner.privateRun(TestRunner.java:648)
	at org.testng.TestRunner.run(TestRunner.java:505)
	at org.testng.SuiteRunner.runTest(SuiteRunner.java:455)
	at org.testng.SuiteRunner.runSequentially(SuiteRunner.java:450)
	at org.testng.SuiteRunner.privateRun(SuiteRunner.java:415)
	at org.testng.SuiteRunner.run(SuiteRunner.java:364)
	at org.testng.SuiteRunnerWorker.runSuite(SuiteRunnerWorker.java:52)
	at org.testng.SuiteRunnerWorker.run(SuiteRunnerWorker.java:84)
	at org.testng.TestNG.runSuitesSequentially(TestNG.java:1208)
	at org.testng.TestNG.runSuitesLocally(TestNG.java:1137)
	at org.testng.TestNG.runSuites(TestNG.java:1049)
	at org.testng.TestNG.run(TestNG.java:1017)
	at org.testng.remote.AbstractRemoteTestNG.run(AbstractRemoteTestNG.java:115)
	at org.testng.remote.RemoteTestNG.initAndRun(RemoteTestNG.java:251)
	at org.testng.remote.RemoteTestNG.main(RemoteTestNG.java:77)
</textarea>
										</td>
									</tr>
									<tr>
										<td>Sep 19, 2019 04:27:27 PM</td>
										<td class='linked' test-id='406'>BrickHTML_Card1_OFF_Test.execute (5200000000000908 )</td>
										<td>
											<textarea disabled class="code-block">java.lang.ArrayIndexOutOfBoundsException: 0
	at automation.project3ds.MyTunnel.getStatement(MyTunnel.java:114)
	at automation.project3ds.FasterPay.getStatement(FasterPay.java:18)
	at automation.project3ds.FasterPay.getTID_Fasterpay(FasterPay.java:24)
	at automation.project3ds.oldTest.BrickHTML_Card1_OFF_Test.execute(BrickHTML_Card1_OFF_Test.java:94)
	at sun.reflect.NativeMethodAccessorImpl.invoke0(Native Method)
	at sun.reflect.NativeMethodAccessorImpl.invoke(NativeMethodAccessorImpl.java:62)
	at sun.reflect.DelegatingMethodAccessorImpl.invoke(DelegatingMethodAccessorImpl.java:43)
	at java.lang.reflect.Method.invoke(Method.java:498)
	at org.testng.internal.MethodInvocationHelper.invokeMethod(MethodInvocationHelper.java:124)
	at org.testng.internal.Invoker.invokeMethod(Invoker.java:583)
	at org.testng.internal.Invoker.invokeTestMethod(Invoker.java:719)
	at org.testng.internal.Invoker.invokeTestMethods(Invoker.java:989)
	at org.testng.internal.TestMethodWorker.invokeTestMethods(TestMethodWorker.java:125)
	at org.testng.internal.TestMethodWorker.run(TestMethodWorker.java:109)
	at org.testng.TestRunner.privateRun(TestRunner.java:648)
	at org.testng.TestRunner.run(TestRunner.java:505)
	at org.testng.SuiteRunner.runTest(SuiteRunner.java:455)
	at org.testng.SuiteRunner.runSequentially(SuiteRunner.java:450)
	at org.testng.SuiteRunner.privateRun(SuiteRunner.java:415)
	at org.testng.SuiteRunner.run(SuiteRunner.java:364)
	at org.testng.SuiteRunnerWorker.runSuite(SuiteRunnerWorker.java:52)
	at org.testng.SuiteRunnerWorker.run(SuiteRunnerWorker.java:84)
	at org.testng.TestNG.runSuitesSequentially(TestNG.java:1208)
	at org.testng.TestNG.runSuitesLocally(TestNG.java:1137)
	at org.testng.TestNG.runSuites(TestNG.java:1049)
	at org.testng.TestNG.run(TestNG.java:1017)
	at org.testng.remote.AbstractRemoteTestNG.run(AbstractRemoteTestNG.java:115)
	at org.testng.remote.RemoteTestNG.initAndRun(RemoteTestNG.java:251)
	at org.testng.remote.RemoteTestNG.main(RemoteTestNG.java:77)
</textarea>
										</td>
									</tr>
									<tr>
										<td>Sep 19, 2019 04:27:53 PM</td>
										<td class='linked' test-id='433'>BrickHTML_Card1_OFF_Test.execute (5200000000000049 )</td>
										<td>
											<textarea disabled class="code-block">java.lang.ArrayIndexOutOfBoundsException: 0
	at automation.project3ds.MyTunnel.getStatement(MyTunnel.java:114)
	at automation.project3ds.FasterPay.getStatement(FasterPay.java:18)
	at automation.project3ds.FasterPay.getTID_Fasterpay(FasterPay.java:24)
	at automation.project3ds.oldTest.BrickHTML_Card1_OFF_Test.execute(BrickHTML_Card1_OFF_Test.java:94)
	at sun.reflect.GeneratedMethodAccessor90.invoke(Unknown Source)
	at sun.reflect.DelegatingMethodAccessorImpl.invoke(DelegatingMethodAccessorImpl.java:43)
	at java.lang.reflect.Method.invoke(Method.java:498)
	at org.testng.internal.MethodInvocationHelper.invokeMethod(MethodInvocationHelper.java:124)
	at org.testng.internal.Invoker.invokeMethod(Invoker.java:583)
	at org.testng.internal.Invoker.invokeTestMethod(Invoker.java:719)
	at org.testng.internal.Invoker.invokeTestMethods(Invoker.java:989)
	at org.testng.internal.TestMethodWorker.invokeTestMethods(TestMethodWorker.java:125)
	at org.testng.internal.TestMethodWorker.run(TestMethodWorker.java:109)
	at org.testng.TestRunner.privateRun(TestRunner.java:648)
	at org.testng.TestRunner.run(TestRunner.java:505)
	at org.testng.SuiteRunner.runTest(SuiteRunner.java:455)
	at org.testng.SuiteRunner.runSequentially(SuiteRunner.java:450)
	at org.testng.SuiteRunner.privateRun(SuiteRunner.java:415)
	at org.testng.SuiteRunner.run(SuiteRunner.java:364)
	at org.testng.SuiteRunnerWorker.runSuite(SuiteRunnerWorker.java:52)
	at org.testng.SuiteRunnerWorker.run(SuiteRunnerWorker.java:84)
	at org.testng.TestNG.runSuitesSequentially(TestNG.java:1208)
	at org.testng.TestNG.runSuitesLocally(TestNG.java:1137)
	at org.testng.TestNG.runSuites(TestNG.java:1049)
	at org.testng.TestNG.run(TestNG.java:1017)
	at org.testng.remote.AbstractRemoteTestNG.run(AbstractRemoteTestNG.java:115)
	at org.testng.remote.RemoteTestNG.initAndRun(RemoteTestNG.java:251)
	at org.testng.remote.RemoteTestNG.main(RemoteTestNG.java:77)
</textarea>
										</td>
									</tr>
									<tr>
										<td>Sep 19, 2019 04:28:23 PM</td>
										<td class='linked' test-id='460'>BrickHTML_Card1_OFF_Test.execute (5200000000000056 )</td>
										<td>
											<textarea disabled class="code-block">java.lang.ArrayIndexOutOfBoundsException: 0
	at automation.project3ds.MyTunnel.getStatement(MyTunnel.java:114)
	at automation.project3ds.FasterPay.getStatement(FasterPay.java:18)
	at automation.project3ds.FasterPay.getTID_Fasterpay(FasterPay.java:24)
	at automation.project3ds.oldTest.BrickHTML_Card1_OFF_Test.execute(BrickHTML_Card1_OFF_Test.java:94)
	at sun.reflect.GeneratedMethodAccessor90.invoke(Unknown Source)
	at sun.reflect.DelegatingMethodAccessorImpl.invoke(DelegatingMethodAccessorImpl.java:43)
	at java.lang.reflect.Method.invoke(Method.java:498)
	at org.testng.internal.MethodInvocationHelper.invokeMethod(MethodInvocationHelper.java:124)
	at org.testng.internal.Invoker.invokeMethod(Invoker.java:583)
	at org.testng.internal.Invoker.invokeTestMethod(Invoker.java:719)
	at org.testng.internal.Invoker.invokeTestMethods(Invoker.java:989)
	at org.testng.internal.TestMethodWorker.invokeTestMethods(TestMethodWorker.java:125)
	at org.testng.internal.TestMethodWorker.run(TestMethodWorker.java:109)
	at org.testng.TestRunner.privateRun(TestRunner.java:648)
	at org.testng.TestRunner.run(TestRunner.java:505)
	at org.testng.SuiteRunner.runTest(SuiteRunner.java:455)
	at org.testng.SuiteRunner.runSequentially(SuiteRunner.java:450)
	at org.testng.SuiteRunner.privateRun(SuiteRunner.java:415)
	at org.testng.SuiteRunner.run(SuiteRunner.java:364)
	at org.testng.SuiteRunnerWorker.runSuite(SuiteRunnerWorker.java:52)
	at org.testng.SuiteRunnerWorker.run(SuiteRunnerWorker.java:84)
	at org.testng.TestNG.runSuitesSequentially(TestNG.java:1208)
	at org.testng.TestNG.runSuitesLocally(TestNG.java:1137)
	at org.testng.TestNG.runSuites(TestNG.java:1049)
	at org.testng.TestNG.run(TestNG.java:1017)
	at org.testng.remote.AbstractRemoteTestNG.run(AbstractRemoteTestNG.java:115)
	at org.testng.remote.RemoteTestNG.initAndRun(RemoteTestNG.java:251)
	at org.testng.remote.RemoteTestNG.main(RemoteTestNG.java:77)
</textarea>
										</td>
									</tr>
									<tr>
										<td>Sep 19, 2019 04:28:39 PM</td>
										<td class='linked' test-id='487'>BrickHTML_Card1_OFF_Test.execute (5200000000000064 )</td>
										<td>
											<textarea disabled class="code-block">java.lang.ArrayIndexOutOfBoundsException: 0
	at automation.project3ds.MyTunnel.getStatement(MyTunnel.java:114)
	at automation.project3ds.FasterPay.getStatement(FasterPay.java:18)
	at automation.project3ds.FasterPay.getTID_Fasterpay(FasterPay.java:24)
	at automation.project3ds.oldTest.BrickHTML_Card1_OFF_Test.execute(BrickHTML_Card1_OFF_Test.java:94)
	at sun.reflect.GeneratedMethodAccessor90.invoke(Unknown Source)
	at sun.reflect.DelegatingMethodAccessorImpl.invoke(DelegatingMethodAccessorImpl.java:43)
	at java.lang.reflect.Method.invoke(Method.java:498)
	at org.testng.internal.MethodInvocationHelper.invokeMethod(MethodInvocationHelper.java:124)
	at org.testng.internal.Invoker.invokeMethod(Invoker.java:583)
	at org.testng.internal.Invoker.invokeTestMethod(Invoker.java:719)
	at org.testng.internal.Invoker.invokeTestMethods(Invoker.java:989)
	at org.testng.internal.TestMethodWorker.invokeTestMethods(TestMethodWorker.java:125)
	at org.testng.internal.TestMethodWorker.run(TestMethodWorker.java:109)
	at org.testng.TestRunner.privateRun(TestRunner.java:648)
	at org.testng.TestRunner.run(TestRunner.java:505)
	at org.testng.SuiteRunner.runTest(SuiteRunner.java:455)
	at org.testng.SuiteRunner.runSequentially(SuiteRunner.java:450)
	at org.testng.SuiteRunner.privateRun(SuiteRunner.java:415)
	at org.testng.SuiteRunner.run(SuiteRunner.java:364)
	at org.testng.SuiteRunnerWorker.runSuite(SuiteRunnerWorker.java:52)
	at org.testng.SuiteRunnerWorker.run(SuiteRunnerWorker.java:84)
	at org.testng.TestNG.runSuitesSequentially(TestNG.java:1208)
	at org.testng.TestNG.runSuitesLocally(TestNG.java:1137)
	at org.testng.TestNG.runSuites(TestNG.java:1049)
	at org.testng.TestNG.run(TestNG.java:1017)
	at org.testng.remote.AbstractRemoteTestNG.run(AbstractRemoteTestNG.java:115)
	at org.testng.remote.RemoteTestNG.initAndRun(RemoteTestNG.java:251)
	at org.testng.remote.RemoteTestNG.main(RemoteTestNG.java:77)
</textarea>
										</td>
									</tr>
									<tr>
										<td>Sep 19, 2019 04:28:54 PM</td>
										<td class='linked' test-id='514'>BrickHTML_Card1_OFF_Test.execute (5200000000000072 )</td>
										<td>
											<textarea disabled class="code-block">java.lang.ArrayIndexOutOfBoundsException: 0
	at automation.project3ds.MyTunnel.getStatement(MyTunnel.java:114)
	at automation.project3ds.FasterPay.getStatement(FasterPay.java:18)
	at automation.project3ds.FasterPay.getTID_Fasterpay(FasterPay.java:24)
	at automation.project3ds.oldTest.BrickHTML_Card1_OFF_Test.execute(BrickHTML_Card1_OFF_Test.java:94)
	at sun.reflect.GeneratedMethodAccessor90.invoke(Unknown Source)
	at sun.reflect.DelegatingMethodAccessorImpl.invoke(DelegatingMethodAccessorImpl.java:43)
	at java.lang.reflect.Method.invoke(Method.java:498)
	at org.testng.internal.MethodInvocationHelper.invokeMethod(MethodInvocationHelper.java:124)
	at org.testng.internal.Invoker.invokeMethod(Invoker.java:583)
	at org.testng.internal.Invoker.invokeTestMethod(Invoker.java:719)
	at org.testng.internal.Invoker.invokeTestMethods(Invoker.java:989)
	at org.testng.internal.TestMethodWorker.invokeTestMethods(TestMethodWorker.java:125)
	at org.testng.internal.TestMethodWorker.run(TestMethodWorker.java:109)
	at org.testng.TestRunner.privateRun(TestRunner.java:648)
	at org.testng.TestRunner.run(TestRunner.java:505)
	at org.testng.SuiteRunner.runTest(SuiteRunner.java:455)
	at org.testng.SuiteRunner.runSequentially(SuiteRunner.java:450)
	at org.testng.SuiteRunner.privateRun(SuiteRunner.java:415)
	at org.testng.SuiteRunner.run(SuiteRunner.java:364)
	at org.testng.SuiteRunnerWorker.runSuite(SuiteRunnerWorker.java:52)
	at org.testng.SuiteRunnerWorker.run(SuiteRunnerWorker.java:84)
	at org.testng.TestNG.runSuitesSequentially(TestNG.java:1208)
	at org.testng.TestNG.runSuitesLocally(TestNG.java:1137)
	at org.testng.TestNG.runSuites(TestNG.java:1049)
	at org.testng.TestNG.run(TestNG.java:1017)
	at org.testng.remote.AbstractRemoteTestNG.run(AbstractRemoteTestNG.java:115)
	at org.testng.remote.RemoteTestNG.initAndRun(RemoteTestNG.java:251)
	at org.testng.remote.RemoteTestNG.main(RemoteTestNG.java:77)
</textarea>
										</td>
									</tr>
									<tr>
										<td>Sep 19, 2019 04:29:19 PM</td>
										<td class='linked' test-id='541'>BrickHTML_Card1_OFF_Test.execute (5200000000000080 )</td>
										<td>
											<textarea disabled class="code-block">java.lang.ArrayIndexOutOfBoundsException: 0
	at automation.project3ds.MyTunnel.getStatement(MyTunnel.java:114)
	at automation.project3ds.FasterPay.getStatement(FasterPay.java:18)
	at automation.project3ds.FasterPay.getTID_Fasterpay(FasterPay.java:24)
	at automation.project3ds.oldTest.BrickHTML_Card1_OFF_Test.execute(BrickHTML_Card1_OFF_Test.java:94)
	at sun.reflect.GeneratedMethodAccessor90.invoke(Unknown Source)
	at sun.reflect.DelegatingMethodAccessorImpl.invoke(DelegatingMethodAccessorImpl.java:43)
	at java.lang.reflect.Method.invoke(Method.java:498)
	at org.testng.internal.MethodInvocationHelper.invokeMethod(MethodInvocationHelper.java:124)
	at org.testng.internal.Invoker.invokeMethod(Invoker.java:583)
	at org.testng.internal.Invoker.invokeTestMethod(Invoker.java:719)
	at org.testng.internal.Invoker.invokeTestMethods(Invoker.java:989)
	at org.testng.internal.TestMethodWorker.invokeTestMethods(TestMethodWorker.java:125)
	at org.testng.internal.TestMethodWorker.run(TestMethodWorker.java:109)
	at org.testng.TestRunner.privateRun(TestRunner.java:648)
	at org.testng.TestRunner.run(TestRunner.java:505)
	at org.testng.SuiteRunner.runTest(SuiteRunner.java:455)
	at org.testng.SuiteRunner.runSequentially(SuiteRunner.java:450)
	at org.testng.SuiteRunner.privateRun(SuiteRunner.java:415)
	at org.testng.SuiteRunner.run(SuiteRunner.java:364)
	at org.testng.SuiteRunnerWorker.runSuite(SuiteRunnerWorker.java:52)
	at org.testng.SuiteRunnerWorker.run(SuiteRunnerWorker.java:84)
	at org.testng.TestNG.runSuitesSequentially(TestNG.java:1208)
	at org.testng.TestNG.runSuitesLocally(TestNG.java:1137)
	at org.testng.TestNG.runSuites(TestNG.java:1049)
	at org.testng.TestNG.run(TestNG.java:1017)
	at org.testng.remote.AbstractRemoteTestNG.run(AbstractRemoteTestNG.java:115)
	at org.testng.remote.RemoteTestNG.initAndRun(RemoteTestNG.java:251)
	at org.testng.remote.RemoteTestNG.main(RemoteTestNG.java:77)
</textarea>
										</td>
									</tr>
									<tr>
										<td>Sep 19, 2019 04:29:37 PM</td>
										<td class='linked' test-id='568'>BrickHTML_Card1_OFF_Test.execute (5200000000000098 )</td>
										<td>
											<textarea disabled class="code-block">java.lang.ArrayIndexOutOfBoundsException: 0
	at automation.project3ds.MyTunnel.getStatement(MyTunnel.java:114)
	at automation.project3ds.FasterPay.getStatement(FasterPay.java:18)
	at automation.project3ds.FasterPay.getTID_Fasterpay(FasterPay.java:24)
	at automation.project3ds.oldTest.BrickHTML_Card1_OFF_Test.execute(BrickHTML_Card1_OFF_Test.java:94)
	at sun.reflect.GeneratedMethodAccessor90.invoke(Unknown Source)
	at sun.reflect.DelegatingMethodAccessorImpl.invoke(DelegatingMethodAccessorImpl.java:43)
	at java.lang.reflect.Method.invoke(Method.java:498)
	at org.testng.internal.MethodInvocationHelper.invokeMethod(MethodInvocationHelper.java:124)
	at org.testng.internal.Invoker.invokeMethod(Invoker.java:583)
	at org.testng.internal.Invoker.invokeTestMethod(Invoker.java:719)
	at org.testng.internal.Invoker.invokeTestMethods(Invoker.java:989)
	at org.testng.internal.TestMethodWorker.invokeTestMethods(TestMethodWorker.java:125)
	at org.testng.internal.TestMethodWorker.run(TestMethodWorker.java:109)
	at org.testng.TestRunner.privateRun(TestRunner.java:648)
	at org.testng.TestRunner.run(TestRunner.java:505)
	at org.testng.SuiteRunner.runTest(SuiteRunner.java:455)
	at org.testng.SuiteRunner.runSequentially(SuiteRunner.java:450)
	at org.testng.SuiteRunner.privateRun(SuiteRunner.java:415)
	at org.testng.SuiteRunner.run(SuiteRunner.java:364)
	at org.testng.SuiteRunnerWorker.runSuite(SuiteRunnerWorker.java:52)
	at org.testng.SuiteRunnerWorker.run(SuiteRunnerWorker.java:84)
	at org.testng.TestNG.runSuitesSequentially(TestNG.java:1208)
	at org.testng.TestNG.runSuitesLocally(TestNG.java:1137)
	at org.testng.TestNG.runSuites(TestNG.java:1049)
	at org.testng.TestNG.run(TestNG.java:1017)
	at org.testng.remote.AbstractRemoteTestNG.run(AbstractRemoteTestNG.java:115)
	at org.testng.remote.RemoteTestNG.initAndRun(RemoteTestNG.java:251)
	at org.testng.remote.RemoteTestNG.main(RemoteTestNG.java:77)
</textarea>
										</td>
									</tr>
									<tr>
										<td>Sep 19, 2019 04:30:11 PM</td>
										<td class='linked' test-id='595'>BrickHTML_Card1_OFF_Test.execute (5200000000000031 )</td>
										<td>
											<textarea disabled class="code-block">java.lang.ArrayIndexOutOfBoundsException: 0
	at automation.project3ds.MyTunnel.getStatement(MyTunnel.java:114)
	at automation.project3ds.FasterPay.getStatement(FasterPay.java:18)
	at automation.project3ds.FasterPay.getTID_Fasterpay(FasterPay.java:24)
	at automation.project3ds.oldTest.BrickHTML_Card1_OFF_Test.execute(BrickHTML_Card1_OFF_Test.java:94)
	at sun.reflect.GeneratedMethodAccessor90.invoke(Unknown Source)
	at sun.reflect.DelegatingMethodAccessorImpl.invoke(DelegatingMethodAccessorImpl.java:43)
	at java.lang.reflect.Method.invoke(Method.java:498)
	at org.testng.internal.MethodInvocationHelper.invokeMethod(MethodInvocationHelper.java:124)
	at org.testng.internal.Invoker.invokeMethod(Invoker.java:583)
	at org.testng.internal.Invoker.invokeTestMethod(Invoker.java:719)
	at org.testng.internal.Invoker.invokeTestMethods(Invoker.java:989)
	at org.testng.internal.TestMethodWorker.invokeTestMethods(TestMethodWorker.java:125)
	at org.testng.internal.TestMethodWorker.run(TestMethodWorker.java:109)
	at org.testng.TestRunner.privateRun(TestRunner.java:648)
	at org.testng.TestRunner.run(TestRunner.java:505)
	at org.testng.SuiteRunner.runTest(SuiteRunner.java:455)
	at org.testng.SuiteRunner.runSequentially(SuiteRunner.java:450)
	at org.testng.SuiteRunner.privateRun(SuiteRunner.java:415)
	at org.testng.SuiteRunner.run(SuiteRunner.java:364)
	at org.testng.SuiteRunnerWorker.runSuite(SuiteRunnerWorker.java:52)
	at org.testng.SuiteRunnerWorker.run(SuiteRunnerWorker.java:84)
	at org.testng.TestNG.runSuitesSequentially(TestNG.java:1208)
	at org.testng.TestNG.runSuitesLocally(TestNG.java:1137)
	at org.testng.TestNG.runSuites(TestNG.java:1049)
	at org.testng.TestNG.run(TestNG.java:1017)
	at org.testng.remote.AbstractRemoteTestNG.run(AbstractRemoteTestNG.java:115)
	at org.testng.remote.RemoteTestNG.initAndRun(RemoteTestNG.java:251)
	at org.testng.remote.RemoteTestNG.main(RemoteTestNG.java:77)
</textarea>
										</td>
									</tr>
									<tr>
										<td>Sep 19, 2019 04:30:54 PM</td>
										<td class='linked' test-id='622'>BrickHTML_Card1_OFF_Test.execute (5200990000000009 )</td>
										<td>
											<textarea disabled class="code-block">java.lang.ArrayIndexOutOfBoundsException: 0
	at automation.project3ds.MyTunnel.getStatement(MyTunnel.java:114)
	at automation.project3ds.FasterPay.getStatement(FasterPay.java:18)
	at automation.project3ds.FasterPay.getTID_Fasterpay(FasterPay.java:24)
	at automation.project3ds.oldTest.BrickHTML_Card1_OFF_Test.execute(BrickHTML_Card1_OFF_Test.java:94)
	at sun.reflect.GeneratedMethodAccessor90.invoke(Unknown Source)
	at sun.reflect.DelegatingMethodAccessorImpl.invoke(DelegatingMethodAccessorImpl.java:43)
	at java.lang.reflect.Method.invoke(Method.java:498)
	at org.testng.internal.MethodInvocationHelper.invokeMethod(MethodInvocationHelper.java:124)
	at org.testng.internal.Invoker.invokeMethod(Invoker.java:583)
	at org.testng.internal.Invoker.invokeTestMethod(Invoker.java:719)
	at org.testng.internal.Invoker.invokeTestMethods(Invoker.java:989)
	at org.testng.internal.TestMethodWorker.invokeTestMethods(TestMethodWorker.java:125)
	at org.testng.internal.TestMethodWorker.run(TestMethodWorker.java:109)
	at org.testng.TestRunner.privateRun(TestRunner.java:648)
	at org.testng.TestRunner.run(TestRunner.java:505)
	at org.testng.SuiteRunner.runTest(SuiteRunner.java:455)
	at org.testng.SuiteRunner.runSequentially(SuiteRunner.java:450)
	at org.testng.SuiteRunner.privateRun(SuiteRunner.java:415)
	at org.testng.SuiteRunner.run(SuiteRunner.java:364)
	at org.testng.SuiteRunnerWorker.runSuite(SuiteRunnerWorker.java:52)
	at org.testng.SuiteRunnerWorker.run(SuiteRunnerWorker.java:84)
	at org.testng.TestNG.runSuitesSequentially(TestNG.java:1208)
	at org.testng.TestNG.runSuitesLocally(TestNG.java:1137)
	at org.testng.TestNG.runSuites(TestNG.java:1049)
	at org.testng.TestNG.run(TestNG.java:1017)
	at org.testng.remote.AbstractRemoteTestNG.run(AbstractRemoteTestNG.java:115)
	at org.testng.remote.RemoteTestNG.initAndRun(RemoteTestNG.java:251)
	at org.testng.remote.RemoteTestNG.main(RemoteTestNG.java:77)
</textarea>
										</td>
									</tr>
								</tbody>
							</table>
						</div>
					</div>
				</li>
			</ul>
		</div>
	</div>
	<div class='subview-right left'>
		<div class='view-summary'>
			<h5 class='exception-name'></h5>
		</div>
	</div>
</div>
<!-- exception view --><div id='dashboard-view' class='view hide'>
	<div class='card-panel transparent np-v'>
		<h5>Dashboard</h5>

		<div class='row'>
			<div class='col s2'>
				<div class='card-panel r'>
					Tests
					<div class='panel-lead'>24</div>
				</div>
			</div>
			<div class='col s2'>
				<div class='card-panel r'>
					Steps
					<div class='panel-lead'>0</div>
				</div>
			</div>
			<div class='col s2'>
				<div class='card-panel r'>
					Start
					<div class='panel-lead'>Sep 19, 2019 04:20:27 PM</div>
				</div>
			</div>
			<div class='col s2'>
				<div class='card-panel r'>
			 		End
			 		<div class='panel-lead'>Sep 19, 2019 04:31:14 PM</div>
				</div>
			</div>
			<div class='col s2'>
				<div class='card-panel r'>
					Time Taken
					<div class='panel-lead'>0h 10m 47s+425ms</div>
				</div>
			</div>
			<div class='col s6'>
				<div class='card-panel dashboard-categories'>
					<span class='right label cyan white-text'>Categories</span><p>&nbsp;</p>
					
					<table>
						<tr>
							<th>Name</th>
							<th>Passed</th>
							<th>Failed</th>
							<th>Others</th>
							<th>Passed %</th>
						</tr>
						<tr>
							<td>BrickToFP_OFF1</td>
							<td>0</td>
							<td>24</td>
							<td>0</td>
							<td>
									0%
							</td>
						</tr>
					</table>
				</div>
			</div>
		</div>
	</div>
</div>
<!-- dashboard view -->
<!-- testrunner-logs view -->		</div>
		<!-- container -->
		<script>
			var statusGroup = {
                parentCount: 24,
				passParent: 0,
				failParent: 24,
				fatalParent: 0,
				errorParent: 0,
				warningParent: 0,
				skipParent: 0,
				exceptionsParent: 24,
				childCount: 0,
				passChild: 0,
				failChild: 0,
				fatalChild: 0,
				errorChild: 0,
				warningChild: 0,
				skipChild: 0,
				infoChild: 0,
				debugChild: 0,
				exceptionsChild: 0,
				grandChildCount: 0,
				passGrandChild: 0,
				failGrandChild: 0,
				fatalGrandChild: 0,
				errorGrandChild: 0,
				warningGrandChild: 0,
				skipGrandChild: 0,
				infoGrandChild: 0,
				debugGrandChild: 0,
				exceptionsGrandChild: 0,
			};
		</script>
		<script>
			var timeline = {
			        "BrickHTML_Card1_OFF_Test.execute (4000000000000002 )":50.146,"BrickHTML_Card1_OFF_Test.execute (4000000000000010 )":39.401,"BrickHTML_Card1_OFF_Test.execute (4000000000000028 )":31.823,"BrickHTML_Card1_OFF_Test.execute (4000000000000101 )":25.888,"BrickHTML_Card1_OFF_Test.execute (4000000000000044 )":25.742,"BrickHTML_Card1_OFF_Test.execute (4000000000000051 )":13.254,"BrickHTML_Card1_OFF_Test.execute (4000000000000069 )":14.246,"BrickHTML_Card1_OFF_Test.execute (4000000000000077 )":14.581,"BrickHTML_Card1_OFF_Test.execute (4000000000000085 )":16.055,"BrickHTML_Card1_OFF_Test.execute (4000000000000093 )":32.338,"BrickHTML_Card1_OFF_Test.execute (4000000000000036 )":35.63,"BrickHTML_Card1_OFF_Test.execute (4000990000000004 )":14.208,"BrickHTML_Card1_OFF_Test.execute (5200000000000007 )":38.985,"BrickHTML_Card1_OFF_Test.execute (5200000000000015 )":29.423,"BrickHTML_Card1_OFF_Test.execute (5200000000000023 )":30.366,"BrickHTML_Card1_OFF_Test.execute (5200000000000908 )":25.168,"BrickHTML_Card1_OFF_Test.execute (5200000000000049 )":29.718,"BrickHTML_Card1_OFF_Test.execute (5200000000000056 )":15.296,"BrickHTML_Card1_OFF_Test.execute (5200000000000064 )":14.883,"BrickHTML_Card1_OFF_Test.execute (5200000000000072 )":24.786,"BrickHTML_Card1_OFF_Test.execute (5200000000000080 )":17.516,"BrickHTML_Card1_OFF_Test.execute (5200000000000098 )":34.206,"BrickHTML_Card1_OFF_Test.execute (5200000000000031 )":42.934,"BrickHTML_Card1_OFF_Test.execute (5200990000000009 )":18.765
			};
		</script>
		<script src='https://cdn.rawgit.com/extent-framework/extent-github-cdn/b65cd69/v3html/js/extent.js' type='text/javascript'></script>
		<script type='text/javascript'>
		</script>
	</body>
</html>