<?xml version="1.0" encoding="UTF-8"?>
<!-- Generated by org.testng.reporters.JUnitXMLReporter -->
<testsuite hostname="PW-HAN-063" ignored="0" name="BrickWidget_3ds_OFF2_Test" tests="1" failures="0" timestamp="19 Sep 2019 08:50:31 GMT" time="0.349" errors="0">
  <testcase name="@BeforeClass setUp" time="0.0" classname="automation.project3ds.oldTest.BrickWidget_OFF2_Test">
    <failure type="org.openqa.selenium.NoSuchSessionException" message="Session ID is null. Using WebDriver after calling quit()?
Build info: version: &amp;apos;3.141.59&amp;apos;, revision: &amp;apos;e82be7d358&amp;apos;, time: &amp;apos;2018-11-14T08:17:03&amp;apos;
System info: host: &amp;apos;PW-HAN-063&amp;apos;, ip: &amp;apos;192.168.10.136&amp;apos;, os.name: &amp;apos;Windows 10&amp;apos;, os.arch: &amp;apos;amd64&amp;apos;, os.version: &amp;apos;10.0&amp;apos;, java.version: &amp;apos;1.8.0_221&amp;apos;
Driver info: driver.version: Driver">
      <![CDATA[org.openqa.selenium.NoSuchSessionException: Session ID is null. Using WebDriver after calling quit()?
Build info: version: '3.141.59', revision: 'e82be7d358', time: '2018-11-14T08:17:03'
System info: host: 'PW-HAN-063', ip: '192.168.10.136', os.name: 'Windows 10', os.arch: 'amd64', os.version: '10.0', java.version: '1.8.0_221'
Driver info: driver.version: Driver
at org.openqa.selenium.remote.HttpCommandExecutor.execute(HttpCommandExecutor.java:125)
at org.openqa.selenium.remote.service.DriverCommandExecutor.execute(DriverCommandExecutor.java:83)
at org.openqa.selenium.remote.RemoteWebDriver.execute(RemoteWebDriver.java:552)
at org.openqa.selenium.remote.RemoteWebDriver.get(RemoteWebDriver.java:277)
at automation.project3ds.Driver.get(Driver.java:299)
at automation.project3ds.Login.login(Login.java:19)
at automation.project3ds.oldTest.BrickWidget_OFF2_Test.setUp(BrickWidget_OFF2_Test.java:37)
... Removed 26 stack frames]]>
    </failure>
  </testcase> <!-- @BeforeClass setUp -->
  <testcase name="@AfterClass tearDown" time="0.0" classname="automation.project3ds.oldTest.BrickWidget_OFF2_Test">
    <skipped/>
  </testcase> <!-- @AfterClass tearDown -->
  <testcase name="execute" time="0.0" classname="automation.project3ds.oldTest.BrickWidget_OFF2_Test">
    <skipped/>
  </testcase> <!-- execute -->
</testsuite> <!-- BrickWidget_3ds_OFF2_Test -->
