<?xml version="1.0" encoding="UTF-8"?>
<!-- Generated by org.testng.reporters.JUnitXMLReporter -->
<testsuite hostname="PW-HAN-063" ignored="0" name="BrickWidget_3ds_OFF1_Test" tests="25" failures="3" timestamp="16 Sep 2019 04:55:29 GMT" time="908.481" errors="0">
  <testcase name="execute" time="47.692" classname="automation.project3ds.oldTest.BrickWidget_OFF1_Test"/>
  <testcase name="execute" time="39.78" classname="automation.project3ds.oldTest.BrickWidget_OFF1_Test"/>
  <testcase name="execute" time="40.001" classname="automation.project3ds.oldTest.BrickWidget_OFF1_Test"/>
  <testcase name="execute" time="32.257" classname="automation.project3ds.oldTest.BrickWidget_OFF1_Test"/>
  <testcase name="execute" time="32.355" classname="automation.project3ds.oldTest.BrickWidget_OFF1_Test">
    <failure type="java.lang.AssertionError" message="The following asserts failed:
	[Enrolled] expected [] but found [U]">
      <![CDATA[java.lang.AssertionError: The following asserts failed:
[Enrolled] expected [] but found [U]
at automation.project3ds.MySoftAssertAll.assertAll(MySoftAssertAll.java:57)
at automation.project3ds.Action.assertResultV1(Action.java:268)
at automation.project3ds.Action.assertResultV1(Action.java:156)
at automation.project3ds.oldTest.BrickWidget_OFF1_Test.execute(BrickWidget_OFF1_Test.java:70)
... Removed 25 stack frames]]>
    </failure>
  </testcase> <!-- execute -->
  <testcase name="execute" time="22.236" classname="automation.project3ds.oldTest.BrickWidget_OFF1_Test"/>
  <testcase name="execute" time="21.357" classname="automation.project3ds.oldTest.BrickWidget_OFF1_Test"/>
  <testcase name="execute" time="24.248" classname="automation.project3ds.oldTest.BrickWidget_OFF1_Test"/>
  <testcase name="execute" time="22.847" classname="automation.project3ds.oldTest.BrickWidget_OFF1_Test"/>
  <testcase name="execute" time="39.8" classname="automation.project3ds.oldTest.BrickWidget_OFF1_Test"/>
  <testcase name="execute" time="40.763" classname="automation.project3ds.oldTest.BrickWidget_OFF1_Test"/>
  <testcase name="execute" time="22.661" classname="automation.project3ds.oldTest.BrickWidget_OFF1_Test"/>
  <testcase name="execute" time="45.564" classname="automation.project3ds.oldTest.BrickWidget_OFF1_Test"/>
  <testcase name="execute" time="42.175" classname="automation.project3ds.oldTest.BrickWidget_OFF1_Test"/>
  <testcase name="execute" time="39.694" classname="automation.project3ds.oldTest.BrickWidget_OFF1_Test"/>
  <testcase name="execute" time="30.908" classname="automation.project3ds.oldTest.BrickWidget_OFF1_Test"/>
  <testcase name="execute" time="64.72" classname="automation.project3ds.oldTest.BrickWidget_OFF1_Test">
    <failure type="java.lang.AssertionError" message="The following asserts failed:
	[expected_results_authentication] expected [NA] but found [cmpi_authenticate response
PAResStatus = A
SignatureVerification = Y
EciFlag = 01
Xid = &amp;lt;Xid Value&amp;gt;
Cavv = &amp;lt;Cavv Value&amp;gt;
ErrorNo = 0
ErrorDesc = &amp;lt;blank&amp;gt;]">
      <![CDATA[java.lang.AssertionError: The following asserts failed:
[expected_results_authentication] expected [NA] but found [cmpi_authenticate response
PAResStatus = A
SignatureVerification = Y
EciFlag = 01
Xid = <Xid Value>
Cavv = <Cavv Value>
ErrorNo = 0
ErrorDesc = <blank>]
at automation.project3ds.MySoftAssertAll.assertAll(MySoftAssertAll.java:57)
at automation.project3ds.Action.assertResultV1(Action.java:268)
at automation.project3ds.Action.assertResultV1(Action.java:156)
at automation.project3ds.oldTest.BrickWidget_OFF1_Test.execute(BrickWidget_OFF1_Test.java:70)
... Removed 24 stack frames]]>
    </failure>
  </testcase> <!-- execute -->
  <testcase name="execute" time="52.62" classname="automation.project3ds.oldTest.BrickWidget_OFF1_Test">
    <failure type="java.lang.AssertionError" message="The following asserts failed:
	[Enrolled] expected [] but found [U]">
      <![CDATA[java.lang.AssertionError: The following asserts failed:
[Enrolled] expected [] but found [U]
at automation.project3ds.MySoftAssertAll.assertAll(MySoftAssertAll.java:57)
at automation.project3ds.Action.assertResultV1(Action.java:268)
at automation.project3ds.Action.assertResultV1(Action.java:156)
at automation.project3ds.oldTest.BrickWidget_OFF1_Test.execute(BrickWidget_OFF1_Test.java:70)
... Removed 24 stack frames]]>
    </failure>
  </testcase> <!-- execute -->
  <testcase name="execute" time="25.246" classname="automation.project3ds.oldTest.BrickWidget_OFF1_Test"/>
  <testcase name="execute" time="24.896" classname="automation.project3ds.oldTest.BrickWidget_OFF1_Test"/>
  <testcase name="execute" time="26.138" classname="automation.project3ds.oldTest.BrickWidget_OFF1_Test"/>
  <testcase name="execute" time="28.165" classname="automation.project3ds.oldTest.BrickWidget_OFF1_Test"/>
  <testcase name="execute" time="41.863" classname="automation.project3ds.oldTest.BrickWidget_OFF1_Test"/>
  <testcase name="execute" time="44.96" classname="automation.project3ds.oldTest.BrickWidget_OFF1_Test"/>
  <testcase name="execute" time="28.5" classname="automation.project3ds.oldTest.BrickWidget_OFF1_Test"/>
</testsuite> <!-- BrickWidget_3ds_OFF1_Test -->
