<html>
<head>
<title>TestNG:  BrickWidget_3ds_OFF1_Test</title>
<link href="../testng.css" rel="stylesheet" type="text/css" />
<link href="../my-testng.css" rel="stylesheet" type="text/css" />

<style type="text/css">
.log { display: none;} 
.stack-trace { display: none;} 
</style>
<script type="text/javascript">
<!--
function flip(e) {
  current = e.style.display;
  if (current == 'block') {
    e.style.display = 'none';
    return 0;
  }
  else {
    e.style.display = 'block';
    return 1;
  }
}

function toggleBox(szDivId, elem, msg1, msg2)
{
  var res = -1;  if (document.getElementById) {
    res = flip(document.getElementById(szDivId));
  }
  else if (document.all) {
    // this is the way old msie versions work
    res = flip(document.all[szDivId]);
  }
  if(elem) {
    if(res == 0) elem.innerHTML = msg1; else elem.innerHTML = msg2;
  }

}

function toggleAllBoxes() {
  if (document.getElementsByTagName) {
    d = document.getElementsByTagName('div');
    for (i = 0; i < d.length; i++) {
      if (d[i].className == 'log') {
        flip(d[i]);
      }
    }
  }
}

// -->
</script>

</head>
<body>
<h2 align='center'>BrickWidget_3ds_OFF1_Test</h2><table border='1' align="center">
<tr>
<td>Tests passed/Failed/Skipped:</td><td>22/3/0</td>
</tr><tr>
<td>Started on:</td><td>Mon Sep 16 11:40:20 ICT 2019</td>
</tr>
<tr><td>Total time:</td><td>908 seconds (908481 ms)</td>
</tr><tr>
<td>Included groups:</td><td></td>
</tr><tr>
<td>Excluded groups:</td><td></td>
</tr>
</table><p/>
<small><i>(Hover the method name to see the test class name)</i></small><p/>
<table width='100%' border='1' class='invocation-failed'>
<tr><td colspan='4' align='center'><b>FAILED TESTS</b></td></tr>
<tr><td><b>Test method</b></td>
<td width="30%"><b>Exception</b></td>
<td width="10%"><b>Time (seconds)</b></td>
<td><b>Instance</b></td>
</tr>
<tr>
<td title='automation.project3ds.oldTest.BrickWidget_OFF1_Test.execute()'><b>execute</b><br>Test class: automation.project3ds.oldTest.BrickWidget_OFF1_Test<br>Parameters: 4000000000000044, {other=, COLUMN_32=, cardholderVerificationMethod=, merchant_action=The cmpi_lookup transaction will simulate a timeout scenario and require 20 seconds to complete the transaction processing with the other 3-D Secure systems. Merchant integration should handle timeout processing after 10-12 seconds and proceed with the authorization message., finalPAResStatus=, Enrolled=blank, not continue=, EciFlag=value, finalEci=, ErrorDesc=value, ErrorNo=value, ErrorNo2=, Enable=1, finallCavv=, show process=, finalSignatureVerification=, testName=Test Case 5: Timeout, SignatureVerification2=, expected_results_lookup=cmpi_lookup response
Enrolled = <blank>
ACSUrl = <blank>
Payload = <blank>
ErrorNo = Refer to the 3DS Error Codes and Descriptions Guide
ErrorDesc = Refer to the 3DS Error Codes and Descriptions Guide, finalEnrolled=, expected_results_authentication=NA, EciFlag2=, cavv and eci=, clickID=, Cavv2=, ErrorDesc2=, Scenario=Timeout encountered while processing the cmpi_lookup transaction., Xid=, PAResStatus2=, caseID=case5, Payload=blank, PAN=4000000000000044, ACSUrl=blank}</td>
<td><div><pre>java.lang.AssertionError: The following asserts failed:
	[Enrolled] expected [] but found [U]
	at automation.project3ds.MySoftAssertAll.assertAll(MySoftAssertAll.java:57)
	at automation.project3ds.Action.assertResultV1(Action.java:268)
	at automation.project3ds.Action.assertResultV1(Action.java:156)
	at automation.project3ds.oldTest.BrickWidget_OFF1_Test.execute(BrickWidget_OFF1_Test.java:70)
... Removed 25 stack frames</pre></div><a href='#' onClick='toggleBox("stack-trace1580467617", this, "Click to show all stack frames", "Click to hide stack frames")'>Click to show all stack frames</a>
<div class='stack-trace' id='stack-trace1580467617'><pre>java.lang.AssertionError: The following asserts failed:
	[Enrolled] expected [] but found [U]
	at automation.project3ds.MySoftAssertAll.assertAll(MySoftAssertAll.java:57)
	at automation.project3ds.Action.assertResultV1(Action.java:268)
	at automation.project3ds.Action.assertResultV1(Action.java:156)
	at automation.project3ds.oldTest.BrickWidget_OFF1_Test.execute(BrickWidget_OFF1_Test.java:70)
	at sun.reflect.NativeMethodAccessorImpl.invoke0(Native Method)
	at sun.reflect.NativeMethodAccessorImpl.invoke(NativeMethodAccessorImpl.java:62)
	at sun.reflect.DelegatingMethodAccessorImpl.invoke(DelegatingMethodAccessorImpl.java:43)
	at java.lang.reflect.Method.invoke(Method.java:498)
	at org.testng.internal.MethodInvocationHelper.invokeMethod(MethodInvocationHelper.java:124)
	at org.testng.internal.Invoker.invokeMethod(Invoker.java:583)
	at org.testng.internal.Invoker.invokeTestMethod(Invoker.java:719)
	at org.testng.internal.Invoker.invokeTestMethods(Invoker.java:989)
	at org.testng.internal.TestMethodWorker.invokeTestMethods(TestMethodWorker.java:125)
	at org.testng.internal.TestMethodWorker.run(TestMethodWorker.java:109)
	at org.testng.TestRunner.privateRun(TestRunner.java:648)
	at org.testng.TestRunner.run(TestRunner.java:505)
	at org.testng.SuiteRunner.runTest(SuiteRunner.java:455)
	at org.testng.SuiteRunner.runSequentially(SuiteRunner.java:450)
	at org.testng.SuiteRunner.privateRun(SuiteRunner.java:415)
	at org.testng.SuiteRunner.run(SuiteRunner.java:364)
	at org.testng.SuiteRunnerWorker.runSuite(SuiteRunnerWorker.java:52)
	at org.testng.SuiteRunnerWorker.run(SuiteRunnerWorker.java:84)
	at org.testng.TestNG.runSuitesSequentially(TestNG.java:1208)
	at org.testng.TestNG.runSuitesLocally(TestNG.java:1137)
	at org.testng.TestNG.runSuites(TestNG.java:1049)
	at org.testng.TestNG.run(TestNG.java:1017)
	at org.testng.remote.AbstractRemoteTestNG.run(AbstractRemoteTestNG.java:115)
	at org.testng.remote.RemoteTestNG.initAndRun(RemoteTestNG.java:251)
	at org.testng.remote.RemoteTestNG.main(RemoteTestNG.java:77)
</pre></div></td>
<td>32</td>
<td>automation.project3ds.oldTest.BrickWidget_OFF1_Test@146ba0ac</td></tr>
<tr>
<td title='automation.project3ds.oldTest.BrickWidget_OFF1_Test.execute()'><b>execute</b><br>Test class: automation.project3ds.oldTest.BrickWidget_OFF1_Test<br>Parameters: 5200000000000106, {other=, COLUMN_32=, cardholderVerificationMethod=, merchant_action=Merchant should append EciFlag and Cavv value to the authorization message., finalPAResStatus=, Enrolled=Y, not continue=, EciFlag=value, finalEci=, ErrorDesc=blank, ErrorNo=0, ErrorNo2=0, Enable=1, finallCavv=, show process=, finalSignatureVerification=, testName=Test Case 5: Activation During Shopping, SignatureVerification2=Y, expected_results_lookup=cmpi_lookup response
Enrolled = Y
ACSUrl = <Url>
Payload = <value>
ErrorNo = 0
ErrorDesc = <blank>, finalEnrolled=, expected_results_authentication=cmpi_authenticate response
PAResStatus = A
SignatureVerification = Y
EciFlag = 01
Xid = <Xid Value>
Cavv = <Cavv Value>
ErrorNo = 0
ErrorDesc = <blank>, EciFlag2=01, cavv and eci=, clickID=, Cavv2=value, ErrorDesc2=blank, Scenario=Activation during shopping., Xid=value, PAResStatus2=A, caseID=case17, Payload=value, PAN=5200000000000106, ACSUrl=value}</td>
<td><div><pre>java.lang.AssertionError: The following asserts failed:
	[expected_results_authentication] expected [NA] but found [cmpi_authenticate response
PAResStatus = A
SignatureVerification = Y
EciFlag = 01
Xid = &lt;Xid Value&gt;
Cavv = &lt;Cavv Value&gt;
ErrorNo = 0
ErrorDesc = &lt;blank&gt;]
	at automation.project3ds.MySoftAssertAll.assertAll(MySoftAssertAll.java:57)
	at automation.project3ds.Action.assertResultV1(Action.java:268)
	at automation.project3ds.Action.assertResultV1(Action.java:156)
	at automation.project3ds.oldTest.BrickWidget_OFF1_Test.execute(BrickWidget_OFF1_Test.java:70)
... Removed 24 stack frames</pre></div><a href='#' onClick='toggleBox("stack-trace918485243", this, "Click to show all stack frames", "Click to hide stack frames")'>Click to show all stack frames</a>
<div class='stack-trace' id='stack-trace918485243'><pre>java.lang.AssertionError: The following asserts failed:
	[expected_results_authentication] expected [NA] but found [cmpi_authenticate response
PAResStatus = A
SignatureVerification = Y
EciFlag = 01
Xid = &lt;Xid Value&gt;
Cavv = &lt;Cavv Value&gt;
ErrorNo = 0
ErrorDesc = &lt;blank&gt;]
	at automation.project3ds.MySoftAssertAll.assertAll(MySoftAssertAll.java:57)
	at automation.project3ds.Action.assertResultV1(Action.java:268)
	at automation.project3ds.Action.assertResultV1(Action.java:156)
	at automation.project3ds.oldTest.BrickWidget_OFF1_Test.execute(BrickWidget_OFF1_Test.java:70)
	at sun.reflect.GeneratedMethodAccessor89.invoke(Unknown Source)
	at sun.reflect.DelegatingMethodAccessorImpl.invoke(DelegatingMethodAccessorImpl.java:43)
	at java.lang.reflect.Method.invoke(Method.java:498)
	at org.testng.internal.MethodInvocationHelper.invokeMethod(MethodInvocationHelper.java:124)
	at org.testng.internal.Invoker.invokeMethod(Invoker.java:583)
	at org.testng.internal.Invoker.invokeTestMethod(Invoker.java:719)
	at org.testng.internal.Invoker.invokeTestMethods(Invoker.java:989)
	at org.testng.internal.TestMethodWorker.invokeTestMethods(TestMethodWorker.java:125)
	at org.testng.internal.TestMethodWorker.run(TestMethodWorker.java:109)
	at org.testng.TestRunner.privateRun(TestRunner.java:648)
	at org.testng.TestRunner.run(TestRunner.java:505)
	at org.testng.SuiteRunner.runTest(SuiteRunner.java:455)
	at org.testng.SuiteRunner.runSequentially(SuiteRunner.java:450)
	at org.testng.SuiteRunner.privateRun(SuiteRunner.java:415)
	at org.testng.SuiteRunner.run(SuiteRunner.java:364)
	at org.testng.SuiteRunnerWorker.runSuite(SuiteRunnerWorker.java:52)
	at org.testng.SuiteRunnerWorker.run(SuiteRunnerWorker.java:84)
	at org.testng.TestNG.runSuitesSequentially(TestNG.java:1208)
	at org.testng.TestNG.runSuitesLocally(TestNG.java:1137)
	at org.testng.TestNG.runSuites(TestNG.java:1049)
	at org.testng.TestNG.run(TestNG.java:1017)
	at org.testng.remote.AbstractRemoteTestNG.run(AbstractRemoteTestNG.java:115)
	at org.testng.remote.RemoteTestNG.initAndRun(RemoteTestNG.java:251)
	at org.testng.remote.RemoteTestNG.main(RemoteTestNG.java:77)
</pre></div></td>
<td>64</td>
<td>automation.project3ds.oldTest.BrickWidget_OFF1_Test@146ba0ac</td></tr>
<tr>
<td title='automation.project3ds.oldTest.BrickWidget_OFF1_Test.execute()'><b>execute</b><br>Test class: automation.project3ds.oldTest.BrickWidget_OFF1_Test<br>Parameters: 5200000000000049, {other=, COLUMN_32=, cardholderVerificationMethod=, merchant_action=The cmpi_lookup transaction will simulate a timeout scenario and require 20 seconds to complete the transaction processing with the other 3-D Secure systems. Merchant integration should handle timeout processing after 10-12 seconds and proceed with the authorization message., finalPAResStatus=, Enrolled=blank, not continue=, EciFlag=value, finalEci=, ErrorDesc=value, ErrorNo=value, ErrorNo2=, Enable=1, finallCavv=, show process=, finalSignatureVerification=, testName=Test Case 6: Timeout, SignatureVerification2=, expected_results_lookup=cmpi_lookup response
Enrolled = <blank>
ACSUrl = <blank>
Payload = <blank>
ErrorNo = Refer to the 3DS Error Codes and Descriptions Guide
ErrorDesc = Refer to the 3DS Error Codes and Descriptions Guide, finalEnrolled=, expected_results_authentication=NA, EciFlag2=, cavv and eci=, clickID=, Cavv2=, ErrorDesc2=, Scenario=Timeout encountered while processing the cmpi_lookup transaction., Xid=, PAResStatus2=, caseID=case18, Payload=blank, PAN=5200000000000049, ACSUrl=blank}</td>
<td><div><pre>java.lang.AssertionError: The following asserts failed:
	[Enrolled] expected [] but found [U]
	at automation.project3ds.MySoftAssertAll.assertAll(MySoftAssertAll.java:57)
	at automation.project3ds.Action.assertResultV1(Action.java:268)
	at automation.project3ds.Action.assertResultV1(Action.java:156)
	at automation.project3ds.oldTest.BrickWidget_OFF1_Test.execute(BrickWidget_OFF1_Test.java:70)
... Removed 24 stack frames</pre></div><a href='#' onClick='toggleBox("stack-trace904946988", this, "Click to show all stack frames", "Click to hide stack frames")'>Click to show all stack frames</a>
<div class='stack-trace' id='stack-trace904946988'><pre>java.lang.AssertionError: The following asserts failed:
	[Enrolled] expected [] but found [U]
	at automation.project3ds.MySoftAssertAll.assertAll(MySoftAssertAll.java:57)
	at automation.project3ds.Action.assertResultV1(Action.java:268)
	at automation.project3ds.Action.assertResultV1(Action.java:156)
	at automation.project3ds.oldTest.BrickWidget_OFF1_Test.execute(BrickWidget_OFF1_Test.java:70)
	at sun.reflect.GeneratedMethodAccessor89.invoke(Unknown Source)
	at sun.reflect.DelegatingMethodAccessorImpl.invoke(DelegatingMethodAccessorImpl.java:43)
	at java.lang.reflect.Method.invoke(Method.java:498)
	at org.testng.internal.MethodInvocationHelper.invokeMethod(MethodInvocationHelper.java:124)
	at org.testng.internal.Invoker.invokeMethod(Invoker.java:583)
	at org.testng.internal.Invoker.invokeTestMethod(Invoker.java:719)
	at org.testng.internal.Invoker.invokeTestMethods(Invoker.java:989)
	at org.testng.internal.TestMethodWorker.invokeTestMethods(TestMethodWorker.java:125)
	at org.testng.internal.TestMethodWorker.run(TestMethodWorker.java:109)
	at org.testng.TestRunner.privateRun(TestRunner.java:648)
	at org.testng.TestRunner.run(TestRunner.java:505)
	at org.testng.SuiteRunner.runTest(SuiteRunner.java:455)
	at org.testng.SuiteRunner.runSequentially(SuiteRunner.java:450)
	at org.testng.SuiteRunner.privateRun(SuiteRunner.java:415)
	at org.testng.SuiteRunner.run(SuiteRunner.java:364)
	at org.testng.SuiteRunnerWorker.runSuite(SuiteRunnerWorker.java:52)
	at org.testng.SuiteRunnerWorker.run(SuiteRunnerWorker.java:84)
	at org.testng.TestNG.runSuitesSequentially(TestNG.java:1208)
	at org.testng.TestNG.runSuitesLocally(TestNG.java:1137)
	at org.testng.TestNG.runSuites(TestNG.java:1049)
	at org.testng.TestNG.run(TestNG.java:1017)
	at org.testng.remote.AbstractRemoteTestNG.run(AbstractRemoteTestNG.java:115)
	at org.testng.remote.RemoteTestNG.initAndRun(RemoteTestNG.java:251)
	at org.testng.remote.RemoteTestNG.main(RemoteTestNG.java:77)
</pre></div></td>
<td>52</td>
<td>automation.project3ds.oldTest.BrickWidget_OFF1_Test@146ba0ac</td></tr>
</table><p>
<table width='100%' border='1' class='invocation-passed'>
<tr><td colspan='4' align='center'><b>PASSED TESTS</b></td></tr>
<tr><td><b>Test method</b></td>
<td width="30%"><b>Exception</b></td>
<td width="10%"><b>Time (seconds)</b></td>
<td><b>Instance</b></td>
</tr>
<tr>
<td title='automation.project3ds.oldTest.BrickWidget_OFF1_Test.execute()'><b>execute</b><br>Test class: automation.project3ds.oldTest.BrickWidget_OFF1_Test<br>Parameters: 4000000000000002, {other=, COLUMN_32=, cardholderVerificationMethod=, merchant_action=Merchant should append the CAVV and EciFlag values to the authorization message., finalPAResStatus=, Enrolled=Y, not continue=, EciFlag=value, finalEci=, ErrorDesc=blank, ErrorNo=0, ErrorNo2=0, Enable=1, finallCavv=, show process=, finalSignatureVerification=, testName=Test Case 1: Successful Authentication, SignatureVerification2=Y, expected_results_lookup=cmpi_lookup response
Enrolled = Y
ACSUrl = <Url>
Payload = <value>
ErrorNo = 0
ErrorDesc = <blank>, finalEnrolled=, expected_results_authentication=cmpi_authenticate response
PAResStatus = Y
SignatureVerification = Y
EciFlag = 05
Xid = <Xid Value>
Cavv = <Cavv Value>
ErrorNo = 0
ErrorDesc = <blank>, EciFlag2=05, cavv and eci=, clickID=, Cavv2=value, ErrorDesc2=blank, Scenario=Cardholder enrolled, successful authentication, successful signature verification., Xid=value, PAResStatus2=Y, caseID=case1, Payload=value, PAN=4000000000000002, ACSUrl=value}</td>
<td></td>
<td>47</td>
<td>automation.project3ds.oldTest.BrickWidget_OFF1_Test@146ba0ac</td></tr>
<tr>
<td title='automation.project3ds.oldTest.BrickWidget_OFF1_Test.execute()'><b>execute</b><br>Test class: automation.project3ds.oldTest.BrickWidget_OFF1_Test<br>Parameters: 4000000000000010, {other=, COLUMN_32=, cardholderVerificationMethod=, merchant_action=Merchant should NOT continue authorization, due to the failed signature verification. Merchant should prompt for another form of payment or attempt to authenticate the consumer., finalPAResStatus=, Enrolled=Y, not continue=, EciFlag=value, finalEci=, ErrorDesc=blank, ErrorNo=0, ErrorNo2=0, Enable=1, finallCavv=, show process=, finalSignatureVerification=, testName=Test Case 2: Failed Signature, SignatureVerification2=N, expected_results_lookup=cmpi_lookup response
Enrolled = Y
ACSUrl = <Url>
Payload = <value>
ErrorNo = 0
ErrorDesc = <blank>, finalEnrolled=, expected_results_authentication=cmpi_authenticate response
PAResStatus = Y
SignatureVerification = N
EciFlag = 05
Xid = <Xid Value>
Cavv = <Cavv Value>
ErrorNo = 0
ErrorDesc = <blank>, EciFlag2=05, cavv and eci=, clickID=, Cavv2=value, ErrorDesc2=blank, Scenario=Cardholder enrolled, successful authentication, unsuccessful signature verification., Xid=value, PAResStatus2=Y, caseID=case2, Payload=value, PAN=4000000000000010, ACSUrl=value}</td>
<td></td>
<td>39</td>
<td>automation.project3ds.oldTest.BrickWidget_OFF1_Test@146ba0ac</td></tr>
<tr>
<td title='automation.project3ds.oldTest.BrickWidget_OFF1_Test.execute()'><b>execute</b><br>Test class: automation.project3ds.oldTest.BrickWidget_OFF1_Test<br>Parameters: 4000000000000028, {other=, COLUMN_32=, cardholderVerificationMethod=, merchant_action=Merchant should NOT continue with authorization. Merchant should prompt for another form of payment and is not permitted to submit this transaction for authorization., finalPAResStatus=, Enrolled=Y, not continue=, EciFlag=value, finalEci=, ErrorDesc=blank, ErrorNo=0, ErrorNo2=0, Enable=1, finallCavv=, show process=, finalSignatureVerification=, testName=Test Case 3: Failed Authentication, SignatureVerification2=Y, expected_results_lookup=cmpi_lookup response
Enrolled = Y
ACSUrl = <Url>
Payload = <value>
ErrorNo = 0
ErrorDesc = <blank>, finalEnrolled=, expected_results_authentication=cmpi_authenticate response
PAResStatus = N
SignatureVerification = Y
EciFlag = 07
Xid = <Xid Value>
Cavv = <blank>
ErrorNo = 0
ErrorDesc = <blank>, EciFlag2=07, cavv and eci=, clickID=, Cavv2=blank, ErrorDesc2=blank, Scenario=Cardholder enrolled, unsuccessful authentication, successful signature verification., Xid=value, PAResStatus2=N, caseID=case3, Payload=value, PAN=4000000000000028, ACSUrl=value}</td>
<td></td>
<td>40</td>
<td>automation.project3ds.oldTest.BrickWidget_OFF1_Test@146ba0ac</td></tr>
<tr>
<td title='automation.project3ds.oldTest.BrickWidget_OFF1_Test.execute()'><b>execute</b><br>Test class: automation.project3ds.oldTest.BrickWidget_OFF1_Test<br>Parameters: 4000000000000101, {other=, COLUMN_32=, cardholderVerificationMethod=, merchant_action=Merchant should append the Cavv and the EciFlag to the authorization message., finalPAResStatus=, Enrolled=Y, not continue=, EciFlag=value, finalEci=, ErrorDesc=blank, ErrorNo=0, ErrorNo2=0, Enable=1, finallCavv=, show process=, finalSignatureVerification=, testName=Test Case 4: Attempts/Non-Participating, SignatureVerification2=Y, expected_results_lookup=cmpi_lookup response
Enrolled = Y
ACSUrl = <Url>
Payload = <value>
ErrorNo = 0
ErrorDesc = <blank>, finalEnrolled=, expected_results_authentication=cmpi_authenticate response
PAResStatus = A
SignatureVerification = Y
EciFlag = 06
Xid = <Xid Value>
Cavv = <Cavv Value>
ErrorNo = 0
ErrorDesc = <blank>, EciFlag2=06, cavv and eci=, clickID=, Cavv2=value, ErrorDesc2=blank, Scenario=Passive Authentication - cardholder not prompted for authentication credential., Xid=value, PAResStatus2=A, caseID=case4, Payload=value, PAN=4000000000000101, ACSUrl=value}</td>
<td></td>
<td>32</td>
<td>automation.project3ds.oldTest.BrickWidget_OFF1_Test@146ba0ac</td></tr>
<tr>
<td title='automation.project3ds.oldTest.BrickWidget_OFF1_Test.execute()'><b>execute</b><br>Test class: automation.project3ds.oldTest.BrickWidget_OFF1_Test<br>Parameters: 4000000000000051, {other=, COLUMN_32=, cardholderVerificationMethod=, merchant_action=Merchant should submit the authorization with an ECI of 06., finalPAResStatus=, Enrolled=N, not continue=, EciFlag=06, finalEci=, ErrorDesc=blank, ErrorNo=0, ErrorNo2=, Enable=1, finallCavv=, show process=, finalSignatureVerification=, testName=Test Case 6: Not Enrolled, SignatureVerification2=, expected_results_lookup=cmpi_lookup response
Enrolled = N
ACSUrl = <blank>
Payload = <blank>
ErrorNo = 0
ErrorDesc = <blank>
EciFlag = 06, finalEnrolled=, expected_results_authentication=NA, EciFlag2=, cavv and eci=, clickID=, Cavv2=, ErrorDesc2=, Scenario=Cardholder not enrolled. Issuing Bank not participating., Xid=, PAResStatus2=, caseID=case6, Payload=blank, PAN=4000000000000051, ACSUrl=blank}</td>
<td></td>
<td>22</td>
<td>automation.project3ds.oldTest.BrickWidget_OFF1_Test@146ba0ac</td></tr>
<tr>
<td title='automation.project3ds.oldTest.BrickWidget_OFF1_Test.execute()'><b>execute</b><br>Test class: automation.project3ds.oldTest.BrickWidget_OFF1_Test<br>Parameters: 4000000000000069, {other=, COLUMN_32=, cardholderVerificationMethod=, merchant_action=Merchant should proceed with the authorization message., finalPAResStatus=, Enrolled=U, not continue=, EciFlag=07, finalEci=, ErrorDesc=blank, ErrorNo=0, ErrorNo2=, Enable=1, finallCavv=, show process=, finalSignatureVerification=, testName=Test Case 7: Unavailable, SignatureVerification2=, expected_results_lookup=cmpi_lookup response
Enrolled = U
ACSUrl = <blank>
Payload = <blank>
ErrorNo = 0
ErrorDesc = <blank>
EciFlag = 07, finalEnrolled=, expected_results_authentication=NA, EciFlag2=, cavv and eci=, clickID=, Cavv2=, ErrorDesc2=, Scenario=Authentication unavailable (lookup message response)., Xid=, PAResStatus2=, caseID=case7, Payload=blank, PAN=4000000000000069, ACSUrl=blank}</td>
<td></td>
<td>21</td>
<td>automation.project3ds.oldTest.BrickWidget_OFF1_Test@146ba0ac</td></tr>
<tr>
<td title='automation.project3ds.oldTest.BrickWidget_OFF1_Test.execute()'><b>execute</b><br>Test class: automation.project3ds.oldTest.BrickWidget_OFF1_Test<br>Parameters: 4000000000000077, {other=, COLUMN_32=, cardholderVerificationMethod=, merchant_action=Merchant should continue with the authorization and contact technical support to investigate and resolve the issue., finalPAResStatus=, Enrolled=U, not continue=, EciFlag=07, finalEci=, ErrorDesc=value, ErrorNo=value, ErrorNo2=, Enable=1, finallCavv=, show process=, finalSignatureVerification=, testName=Test Case 8: Merchant Not Active, SignatureVerification2=, expected_results_lookup=cmpi_lookup response
Enrolled = U
ACSUrl = <blank>
Payload = <blank>
ErrorNo = Refer to the 3DS Error Codes and Descriptions Guide
ErrorDesc = Refer to the 3DS Error Codes and Descriptions Guide
EciFlag = 07, finalEnrolled=, expected_results_authentication=NA, EciFlag2=, cavv and eci=, clickID=, Cavv2=, ErrorDesc2=, Scenario=Merchant not able to execute transactions., Xid=, PAResStatus2=, caseID=case8, Payload=blank, PAN=4000000000000077, ACSUrl=blank}</td>
<td></td>
<td>24</td>
<td>automation.project3ds.oldTest.BrickWidget_OFF1_Test@146ba0ac</td></tr>
<tr>
<td title='automation.project3ds.oldTest.BrickWidget_OFF1_Test.execute()'><b>execute</b><br>Test class: automation.project3ds.oldTest.BrickWidget_OFF1_Test<br>Parameters: 4000000000000085, {other=, COLUMN_32=, cardholderVerificationMethod=, merchant_action=Merchant should continue with the authorization and contact technical support to investigate and resolve the issue., finalPAResStatus=, Enrolled=U, not continue=, EciFlag=07, finalEci=, ErrorDesc=value, ErrorNo=value, ErrorNo2=, Enable=1, finallCavv=, show process=, finalSignatureVerification=, testName=Test Case 9: cmpi_lookup error, SignatureVerification2=, expected_results_lookup=cmpi_lookup response
Enrolled = U
ACSUrl = <blank>
Payload = <blank>
ErrorNo = Refer to the 3DS Error Codes and Descriptions Guide
ErrorDesc = Refer to the 3DS Error Codes and Descriptions Guide
EciFlag = 07, finalEnrolled=, expected_results_authentication=NA, EciFlag2=, cavv and eci=, clickID=, Cavv2=, ErrorDesc2=, Scenario=Error response to cmpi_lookup message., Xid=, PAResStatus2=, caseID=case9, Payload=blank, PAN=4000000000000085, ACSUrl=blank}</td>
<td></td>
<td>22</td>
<td>automation.project3ds.oldTest.BrickWidget_OFF1_Test@146ba0ac</td></tr>
<tr>
<td title='automation.project3ds.oldTest.BrickWidget_OFF1_Test.execute()'><b>execute</b><br>Test class: automation.project3ds.oldTest.BrickWidget_OFF1_Test<br>Parameters: 4000000000000093, {other=, COLUMN_32=, cardholderVerificationMethod=, merchant_action=Merchants have the option of retaining the liability and submitting the transaction as non-authenticated. An alternative action would be to prompt for another form of payment., finalPAResStatus=, Enrolled=Y, not continue=, EciFlag=value, finalEci=, ErrorDesc=blank, ErrorNo=0, ErrorNo2=value, Enable=1, finallCavv=, show process=, finalSignatureVerification=, testName=Test Case 10: cmpi_authenticate error, SignatureVerification2=blank, expected_results_lookup=cmpi_lookup response
Enrolled = Y
ACSUrl = <Url>
Payload = <value>
ErrorNo = 0
ErrorDesc = <blank>, finalEnrolled=, expected_results_authentication=cmpi_authenticate response
PAResStatus = <blank>
SignatureVerification = <blank>
EciFlag = 07
Xid = <blank>
Cavv = <blank>
ErrorNo = Refer to the 3DS Error Codes and Descriptions Guide
ErrorDesc = Refer to the 3DS Error Codes and Descriptions Guide, EciFlag2=07, cavv and eci=, clickID=, Cavv2=blank, ErrorDesc2=value, Scenario=Cardholder enrolled, error response to cmpi_authenticate message., Xid=blank, PAResStatus2=blank, caseID=case10, Payload=value, PAN=4000000000000093, ACSUrl=value}</td>
<td></td>
<td>39</td>
<td>automation.project3ds.oldTest.BrickWidget_OFF1_Test@146ba0ac</td></tr>
<tr>
<td title='automation.project3ds.oldTest.BrickWidget_OFF1_Test.execute()'><b>execute</b><br>Test class: automation.project3ds.oldTest.BrickWidget_OFF1_Test<br>Parameters: 4000000000000036, {other=, COLUMN_32=, cardholderVerificationMethod=, merchant_action=Merchant can retry authentication or process authorization as merchant liability., finalPAResStatus=, Enrolled=Y, not continue=, EciFlag=value, finalEci=, ErrorDesc=blank, ErrorNo=0, ErrorNo2=0, Enable=1, finallCavv=, show process=, finalSignatureVerification=, testName=Test Case 11: Authentication Unavailable, SignatureVerification2=Y, expected_results_lookup=cmpi_lookup response
Enrolled = Y
ACSUrl = <Url>
Payload = <value>
ErrorNo = 0
ErrorDesc = <blank>, finalEnrolled=, expected_results_authentication=cmpi_authenticate response
PAResStatus = U
SignatureVerification = Y
EciFlag = 07
Xid = <Xid Value>
Cavv = <blank>
ErrorNo = 0
ErrorDesc = <blank>, EciFlag2=07, cavv and eci=, clickID=, Cavv2=blank, ErrorDesc2=blank, Scenario=Cardholder enrolled., Xid=value, PAResStatus2=U, caseID=case11, Payload=value, PAN=4000000000000036, ACSUrl=value}</td>
<td></td>
<td>40</td>
<td>automation.project3ds.oldTest.BrickWidget_OFF1_Test@146ba0ac</td></tr>
<tr>
<td title='automation.project3ds.oldTest.BrickWidget_OFF1_Test.execute()'><b>execute</b><br>Test class: automation.project3ds.oldTest.BrickWidget_OFF1_Test<br>Parameters: 4000990000000004, {other=, COLUMN_32=, cardholderVerificationMethod=, merchant_action=Merchant should proceed with authorization message., finalPAResStatus=, Enrolled=B, not continue=, EciFlag=07, finalEci=, ErrorDesc=blank, ErrorNo=0, ErrorNo2=, Enable=1, finallCavv=, show process=, finalSignatureVerification=, testName=Test Case 12: Bypassed Authentication, SignatureVerification2=, expected_results_lookup=cmpi_lookup response
Enrolled = B
ACSUrl = <blank>
Payload = <blank>
ErrorNo = 0
ErrorDesc = <blank>
EciFlag = 07, finalEnrolled=, expected_results_authentication=NA, EciFlag2=, cavv and eci=, clickID=, Cavv2=, ErrorDesc2=, Scenario=Bypass used to simulate a scenario where merchant has elected to bypass the consumer authentication flow via Cardinal Rules Engine configuration., Xid=, PAResStatus2=, caseID=case12, Payload=blank, PAN=4000990000000004, ACSUrl=blank}</td>
<td></td>
<td>22</td>
<td>automation.project3ds.oldTest.BrickWidget_OFF1_Test@146ba0ac</td></tr>
<tr>
<td title='automation.project3ds.oldTest.BrickWidget_OFF1_Test.execute()'><b>execute</b><br>Test class: automation.project3ds.oldTest.BrickWidget_OFF1_Test<br>Parameters: 5200000000000007, {other=, COLUMN_32=, cardholderVerificationMethod=, merchant_action=Merchant should append the Cavv and EciFlag values to the authorization message., finalPAResStatus=, Enrolled=Y, not continue=, EciFlag=value, finalEci=, ErrorDesc=blank, ErrorNo=0, ErrorNo2=0, Enable=1, finallCavv=, show process=, finalSignatureVerification=, testName=Test Case 1: Successful Authentication, SignatureVerification2=Y, expected_results_lookup=cmpi_lookup response
Enrolled = Y
ACSUrl = <Url>
Payload = <value>
ErrorNo = 0
ErrorDesc = <blank>, finalEnrolled=, expected_results_authentication=cmpi_authenticate response
PAResStatus = Y
SignatureVerification = Y
EciFlag = 02
Xid = <Xid Value>
Cavv = <Cavv Value>
ErrorNo = 0
ErrorDesc = <blank>, EciFlag2=02, cavv and eci=, clickID=, Cavv2=value, ErrorDesc2=blank, Scenario=Cardholder enrolled, successful authentication, successful signature verification., Xid=value, PAResStatus2=Y, caseID=case13, Payload=value, PAN=5200000000000007, ACSUrl=value}</td>
<td></td>
<td>45</td>
<td>automation.project3ds.oldTest.BrickWidget_OFF1_Test@146ba0ac</td></tr>
<tr>
<td title='automation.project3ds.oldTest.BrickWidget_OFF1_Test.execute()'><b>execute</b><br>Test class: automation.project3ds.oldTest.BrickWidget_OFF1_Test<br>Parameters: 5200000000000015, {other=, COLUMN_32=, cardholderVerificationMethod=, merchant_action=Merchant should NOT continue authorization, due to the failed signature verification. Merchant should prompt for another form of payment or attempt to authenticate the consumer., finalPAResStatus=, Enrolled=Y, not continue=, EciFlag=value, finalEci=, ErrorDesc=blank, ErrorNo=0, ErrorNo2=0, Enable=1, finallCavv=, show process=, finalSignatureVerification=, testName=Test Case 2: Failed Signature, SignatureVerification2=N, expected_results_lookup=cmpi_lookup response
Enrolled = Y
ACSUrl = <Url>
Payload = <value>
ErrorNo = 0
ErrorDesc = <blank>, finalEnrolled=, expected_results_authentication=cmpi_authenticate response
PAResStatus = Y
SignatureVerification = N
EciFlag = 02
Xid = <Xid Value>
Cavv = <Cavv Value>
ErrorNo = 0
ErrorDesc = <blank>, EciFlag2=02, cavv and eci=, clickID=, Cavv2=value, ErrorDesc2=blank, Scenario=Cardholder enrolled, successful authentication, unsuccessful signature verification., Xid=value, PAResStatus2=Y, caseID=case14, Payload=value, PAN=5200000000000015, ACSUrl=value}</td>
<td></td>
<td>42</td>
<td>automation.project3ds.oldTest.BrickWidget_OFF1_Test@146ba0ac</td></tr>
<tr>
<td title='automation.project3ds.oldTest.BrickWidget_OFF1_Test.execute()'><b>execute</b><br>Test class: automation.project3ds.oldTest.BrickWidget_OFF1_Test<br>Parameters: 5200000000000023, {other=, COLUMN_32=, cardholderVerificationMethod=, merchant_action=Merchant should not continue with authorization. Merchant should prompt for another form of payment and is not permitted to submit this transaction for authorization., finalPAResStatus=, Enrolled=Y, not continue=, EciFlag=value, finalEci=, ErrorDesc=blank, ErrorNo=0, ErrorNo2=0, Enable=1, finallCavv=, show process=, finalSignatureVerification=, testName=Test Case 3: Failed Authentication, SignatureVerification2=Y, expected_results_lookup=cmpi_lookup response
Enrolled = Y
ACSUrl = <Url>
Payload = <value>
ErrorNo = 0
ErrorDesc = <blank>, finalEnrolled=, expected_results_authentication=cmpi_authenticate response
PAResStatus = N
SignatureVerification = Y
EciFlag = 00
Xid = <Xid Value>
Cavv = <blank>
ErrorNo = 0
ErrorDesc = <blank>, EciFlag2=00, cavv and eci=, clickID=, Cavv2=blank, ErrorDesc2=blank, Scenario=Cardholder enrolled, unsuccessful authentication, successful signature verification., Xid=value, PAResStatus2=N, caseID=case15, Payload=value, PAN=5200000000000023, ACSUrl=value}</td>
<td></td>
<td>39</td>
<td>automation.project3ds.oldTest.BrickWidget_OFF1_Test@146ba0ac</td></tr>
<tr>
<td title='automation.project3ds.oldTest.BrickWidget_OFF1_Test.execute()'><b>execute</b><br>Test class: automation.project3ds.oldTest.BrickWidget_OFF1_Test<br>Parameters: 5200000000000908, {other=, COLUMN_32=, cardholderVerificationMethod=, merchant_action=Merchant should append the Cavv and the EciFlag to the authorization message., finalPAResStatus=, Enrolled=Y, not continue=, EciFlag=value, finalEci=, ErrorDesc=blank, ErrorNo=0, ErrorNo2=0, Enable=1, finallCavv=, show process=, finalSignatureVerification=, testName=Test Case 4: Attempts/Non-Participating, SignatureVerification2=Y, expected_results_lookup=cmpi_lookup response
Enrolled = Y
ACSUrl = <Url>
Payload = <value>
ErrorNo = 0
ErrorDesc = <blank>, finalEnrolled=, expected_results_authentication=cmpi_authenticate response
PAResStatus = A
SignatureVerification = Y
EciFlag = 01
Xid = <Xid Value>
Cavv = <Cavv Value>
ErrorNo = 0
ErrorDesc = <blank>, EciFlag2=01, cavv and eci=, clickID=, Cavv2=value, ErrorDesc2=blank, Scenario=Passive Authentication - cardholder not prompted for authentication credential, Xid=value, PAResStatus2=A, caseID=case16, Payload=value, PAN=5200000000000908, ACSUrl=value}</td>
<td></td>
<td>30</td>
<td>automation.project3ds.oldTest.BrickWidget_OFF1_Test@146ba0ac</td></tr>
<tr>
<td title='automation.project3ds.oldTest.BrickWidget_OFF1_Test.execute()'><b>execute</b><br>Test class: automation.project3ds.oldTest.BrickWidget_OFF1_Test<br>Parameters: 5200000000000056, {other=, COLUMN_32=, cardholderVerificationMethod=, merchant_action=Merchant should submit the authorization with an ECI of 00., finalPAResStatus=, Enrolled=N, not continue=, EciFlag=00, finalEci=, ErrorDesc=blank, ErrorNo=0, ErrorNo2=, Enable=1, finallCavv=, show process=, finalSignatureVerification=, testName=Test Case 7: Not Enrolled, SignatureVerification2=, expected_results_lookup=cmpi_lookup response
Enrolled = N
ACSUrl = <blank>
Payload = <blank>
ErrorNo = 0
ErrorDesc = <blank>
EciFlag = 00, finalEnrolled=, expected_results_authentication=NA, EciFlag2=, cavv and eci=, clickID=, Cavv2=, ErrorDesc2=, Scenario=Cardholder not enrolled. Issuing Bank not participating., Xid=, PAResStatus2=, caseID=case19, Payload=blank, PAN=5200000000000056, ACSUrl=blank}</td>
<td></td>
<td>25</td>
<td>automation.project3ds.oldTest.BrickWidget_OFF1_Test@146ba0ac</td></tr>
<tr>
<td title='automation.project3ds.oldTest.BrickWidget_OFF1_Test.execute()'><b>execute</b><br>Test class: automation.project3ds.oldTest.BrickWidget_OFF1_Test<br>Parameters: 5200000000000064, {other=, COLUMN_32=, cardholderVerificationMethod=, merchant_action=Merchant should proceed with the authorization message., finalPAResStatus=, Enrolled=U, not continue=, EciFlag=00, finalEci=, ErrorDesc=blank, ErrorNo=0, ErrorNo2=, Enable=1, finallCavv=, show process=, finalSignatureVerification=, testName=Test Case 8: Unavailable, SignatureVerification2=, expected_results_lookup=cmpi_lookup response
Enrolled = U
ACSUrl = <blank>
Payload = <blank>
ErrorNo = 0
ErrorDesc = <blank>
EciFlag = 00, finalEnrolled=, expected_results_authentication=NA, EciFlag2=, cavv and eci=, clickID=, Cavv2=, ErrorDesc2=, Scenario=Authentication unavailable (lookup message response)., Xid=, PAResStatus2=, caseID=case20, Payload=blank, PAN=5200000000000064, ACSUrl=blank}</td>
<td></td>
<td>24</td>
<td>automation.project3ds.oldTest.BrickWidget_OFF1_Test@146ba0ac</td></tr>
<tr>
<td title='automation.project3ds.oldTest.BrickWidget_OFF1_Test.execute()'><b>execute</b><br>Test class: automation.project3ds.oldTest.BrickWidget_OFF1_Test<br>Parameters: 5200000000000072, {other=, COLUMN_32=, cardholderVerificationMethod=, merchant_action=Merchant should continue with the authorization and contact technical support to investigate and resolve the issue., finalPAResStatus=, Enrolled=U, not continue=, EciFlag=00, finalEci=, ErrorDesc=value, ErrorNo=value, ErrorNo2=, Enable=1, finallCavv=, show process=, finalSignatureVerification=, testName=Test Case 9: Merchant Not Active, SignatureVerification2=, expected_results_lookup=cmpi_lookup response
Enrolled = U
ACSUrl = <blank>
Payload = <blank>
ErrorNo = Refer to the 3DS Error Codes and Descriptions Guide
ErrorDesc = Refer to the 3DS Error Codes and Descriptions Guide
EciFlag = 00, finalEnrolled=, expected_results_authentication=NA, EciFlag2=, cavv and eci=, clickID=, Cavv2=, ErrorDesc2=, Scenario=Merchant not active., Xid=, PAResStatus2=, caseID=case21, Payload=blank, PAN=5200000000000072, ACSUrl=blank}</td>
<td></td>
<td>26</td>
<td>automation.project3ds.oldTest.BrickWidget_OFF1_Test@146ba0ac</td></tr>
<tr>
<td title='automation.project3ds.oldTest.BrickWidget_OFF1_Test.execute()'><b>execute</b><br>Test class: automation.project3ds.oldTest.BrickWidget_OFF1_Test<br>Parameters: 5200000000000080, {other=, COLUMN_32=, cardholderVerificationMethod=, merchant_action=Merchant should continue with the authorization and contact technical support to investigate and resolve the issue., finalPAResStatus=, Enrolled=U, not continue=, EciFlag=00, finalEci=, ErrorDesc=value, ErrorNo=value, ErrorNo2=, Enable=1, finallCavv=, show process=, finalSignatureVerification=, testName=Test Case 10: cmpi_lookup error, SignatureVerification2=, expected_results_lookup=cmpi_lookup response
Enrolled = U
ACSUrl = <blank>
Payload = <blank>
ErrorNo = Refer to the 3DS Error Codes and Descriptions Guide
ErrorDesc = Refer to the 3DS Error Codes and Descriptions Guide
EciFlag = 00, finalEnrolled=, expected_results_authentication=NA, EciFlag2=, cavv and eci=, clickID=, Cavv2=, ErrorDesc2=, Scenario=Error response to cmpi_lookup message., Xid=, PAResStatus2=, caseID=case22, Payload=blank, PAN=5200000000000080, ACSUrl=blank}</td>
<td></td>
<td>28</td>
<td>automation.project3ds.oldTest.BrickWidget_OFF1_Test@146ba0ac</td></tr>
<tr>
<td title='automation.project3ds.oldTest.BrickWidget_OFF1_Test.execute()'><b>execute</b><br>Test class: automation.project3ds.oldTest.BrickWidget_OFF1_Test<br>Parameters: 5200000000000098, {other=, COLUMN_32=, cardholderVerificationMethod=, merchant_action=Merchants have the option of retaining the liability and submitting the transaction as non-authenticated. An alternative option would be to prompt for another form of payment., finalPAResStatus=, Enrolled=Y, not continue=, EciFlag=value, finalEci=, ErrorDesc=blank, ErrorNo=0, ErrorNo2=value, Enable=1, finallCavv=, show process=, finalSignatureVerification=, testName=Test Case 11: cmpi_authenticate error, SignatureVerification2=blank, expected_results_lookup=cmpi_lookup response
Enrolled = Y
ACSUrl = <Url>
Payload = <value>
ErrorNo = 0
ErrorDesc = <blank>, finalEnrolled=, expected_results_authentication=cmpi_authenticate response
PAResStatus = <blank>
SignatureVerification = <blank>
EciFlag = 00
Xid = <blank>
Cavv = <blank>
ErrorNo = Refer to the 3DS Error Codes and Descriptions Guide
ErrorDesc = Refer to the 3DS Error Codes and Descriptions Guide, EciFlag2=00, cavv and eci=, clickID=, Cavv2=blank, ErrorDesc2=value, Scenario=Cardholder enrolled, error response to cmpi_authenticate message., Xid=blank, PAResStatus2=blank, caseID=case23, Payload=value, PAN=5200000000000098, ACSUrl=value}</td>
<td></td>
<td>41</td>
<td>automation.project3ds.oldTest.BrickWidget_OFF1_Test@146ba0ac</td></tr>
<tr>
<td title='automation.project3ds.oldTest.BrickWidget_OFF1_Test.execute()'><b>execute</b><br>Test class: automation.project3ds.oldTest.BrickWidget_OFF1_Test<br>Parameters: 5200000000000031, {other=, COLUMN_32=, cardholderVerificationMethod=, merchant_action=Merchant can retry authentication or process authorization as merchant liability., finalPAResStatus=, Enrolled=Y, not continue=, EciFlag=value, finalEci=, ErrorDesc=blank, ErrorNo=0, ErrorNo2=0, Enable=1, finallCavv=, show process=, finalSignatureVerification=, testName=Test Case 12: Authentication Unavailable, SignatureVerification2=Y, expected_results_lookup=cmpi_lookup response
Enrolled = Y
ACSUrl = <Url>
Payload = <value>
ErrorNo = 0
ErrorDesc = <blank>, finalEnrolled=, expected_results_authentication=cmpi_authenticate response
PAResStatus = U
SignatureVerification = Y
EciFlag = 00
Xid = <Xid Value>
Cavv = <blank>
ErrorNo = 0
ErrorDesc = <blank>, EciFlag2=00, cavv and eci=, clickID=, Cavv2=blank, ErrorDesc2=blank, Scenario=Cardholder enrolled., Xid=value, PAResStatus2=U, caseID=case24, Payload=value, PAN=5200000000000031, ACSUrl=value}</td>
<td></td>
<td>44</td>
<td>automation.project3ds.oldTest.BrickWidget_OFF1_Test@146ba0ac</td></tr>
<tr>
<td title='automation.project3ds.oldTest.BrickWidget_OFF1_Test.execute()'><b>execute</b><br>Test class: automation.project3ds.oldTest.BrickWidget_OFF1_Test<br>Parameters: 5200990000000009, {other=, COLUMN_32=, cardholderVerificationMethod=, merchant_action=Merchant should proceed with authorization message., finalPAResStatus=, Enrolled=B, not continue=, EciFlag=00, finalEci=, ErrorDesc=blank, ErrorNo=0, ErrorNo2=, Enable=1, finallCavv=, show process=, finalSignatureVerification=, testName=Test Case 13: Bypassed Authentication, SignatureVerification2=, expected_results_lookup=cmpi_lookup response
Enrolled = B
ACSUrl = <blank>
Payload = <blank>
ErrorNo = 0
ErrorDesc = <blank>
EciFlag = 00, finalEnrolled=, expected_results_authentication=NA, EciFlag2=, cavv and eci=, clickID=, Cavv2=, ErrorDesc2=, Scenario=Bypass used to simulate a scenario where merchant has elected to bypass the consumer authentication flow via Cardinal Rules Engine configuration., Xid=, PAResStatus2=, caseID=case25, Payload=blank, PAN=5200990000000009, ACSUrl=blank}</td>
<td></td>
<td>28</td>
<td>automation.project3ds.oldTest.BrickWidget_OFF1_Test@146ba0ac</td></tr>
</table><p>
</body>
</html>