<?xml version="1.0" encoding="UTF-8"?>
<!-- Generated by org.testng.reporters.JUnitXMLReporter -->
<testsuite hostname="DESKTOP-V097D2E" ignored="0" name="testAaSuite" tests="1" failures="1" timestamp="09 Jul 2019 12:39:33 GMT" time="72.625" errors="0">
  <testcase name="execute" time="50.873" classname="automation.project3ds.CreditCardTest">
    <failure type="java.lang.AssertionError" message="The following asserts failed:
	[Enrolled] expected [Y] but found [U],
	[PAResStatus] expected [Y] but found [null],
	[SignitureVerification] expected [Y] but found [null],
	[Cavv] expected object to not be null,
	[EciFlag] expected [05] but found [07],
	[cardholderVerificationMethod3] expected [THREEDS] but found [CVV2],
	[cavv] expected object to not be null,
	[version] expected [V2] but found [null],
	[directoryServerTransactionId] expected object to not be null">
      <![CDATA[java.lang.AssertionError: The following asserts failed:
[Enrolled] expected [Y] but found [U],
[PAResStatus] expected [Y] but found [null],
[SignitureVerification] expected [Y] but found [null],
[Cavv] expected object to not be null,
[EciFlag] expected [05] but found [07],
[cardholderVerificationMethod3] expected [THREEDS] but found [CVV2],
[cavv] expected object to not be null,
[version] expected [V2] but found [null],
[directoryServerTransactionId] expected object to not be null
at automation.project3ds.MySoftAssertAll.assertAll(MySoftAssertAll.java:78)
at automation.project3ds.CreditCardTest.execute(CreditCardTest.java:296)
... Removed 26 stack frames]]>
    </failure>
  </testcase> <!-- execute -->
</testsuite> <!-- testAaSuite -->
