<?xml version="1.0" encoding="UTF-8"?>
<!-- Generated by org.testng.reporters.JUnitXMLReporter -->
<testsuite hostname="DESKTOP-V097D2E" ignored="0" name="BrickURL_card01_version02_Test2" tests="12" failures="1" timestamp="06 Aug 2019 09:26:02 GMT" time="380.382" errors="0">
  <testcase name="execute" time="56.136" classname="automation.project3ds.BrickURL_card01_version02_Test"/>
  <testcase name="execute" time="26.226" classname="automation.project3ds.BrickURL_card01_version02_Test"/>
  <testcase name="execute" time="32.293" classname="automation.project3ds.BrickURL_card01_version02_Test"/>
  <testcase name="execute" time="21.318" classname="automation.project3ds.BrickURL_card01_version02_Test"/>
  <testcase name="execute" time="34.278" classname="automation.project3ds.BrickURL_card01_version02_Test">
    <failure type="java.lang.AssertionError" message="The following asserts failed:
	[Enrolled] expected [] but found [U]">
      <![CDATA[java.lang.AssertionError: The following asserts failed:
[Enrolled] expected [] but found [U]
at automation.project3ds.MySoftAssertAll.assertAll(MySoftAssertAll.java:57)
at automation.project3ds.Action.assertResultV1(Action.java:258)
at automation.project3ds.BrickURL_card01_version02_Test.execute(BrickURL_card01_version02_Test.java:91)
... Removed 25 stack frames]]>
    </failure>
  </testcase> <!-- execute -->
  <testcase name="execute" time="22.726" classname="automation.project3ds.BrickURL_card01_version02_Test"/>
  <testcase name="execute" time="24.202" classname="automation.project3ds.BrickURL_card01_version02_Test"/>
  <testcase name="execute" time="21.29" classname="automation.project3ds.BrickURL_card01_version02_Test"/>
  <testcase name="execute" time="18.978" classname="automation.project3ds.BrickURL_card01_version02_Test"/>
  <testcase name="execute" time="28.696" classname="automation.project3ds.BrickURL_card01_version02_Test"/>
  <testcase name="execute" time="55.389" classname="automation.project3ds.BrickURL_card01_version02_Test"/>
  <testcase name="execute" time="36.897" classname="automation.project3ds.BrickURL_card01_version02_Test"/>
</testsuite> <!-- BrickURL_card01_version02_Test2 -->
