<?xml version="1.0" encoding="UTF-8"?>
<!-- Generated by org.testng.reporters.JUnitXMLReporter -->
<testsuite hostname="DESKTOP-V097D2E" ignored="0" name="testBrickHTML" tests="36" failures="10" timestamp="16 Jul 2019 08:43:35 GMT" time="1215.255" errors="0">
  <testcase name="execute" time="35.327" classname="automation.project3ds.testBrickHTML"/>
  <testcase name="execute" time="27.386" classname="automation.project3ds.testBrickHTML"/>
  <testcase name="execute" time="28.947" classname="automation.project3ds.testBrickHTML"/>
  <testcase name="execute" time="34.134" classname="automation.project3ds.testBrickHTML"/>
  <testcase name="execute" time="27.598" classname="automation.project3ds.testBrickHTML"/>
  <testcase name="execute" time="28.692" classname="automation.project3ds.testBrickHTML"/>
  <testcase name="execute" time="29.869" classname="automation.project3ds.testBrickHTML">
    <failure type="java.lang.AssertionError" message="The following asserts failed:
	[Enrolled] expected [] but found [U]">
      <![CDATA[java.lang.AssertionError: The following asserts failed:
[Enrolled] expected [] but found [U]
at automation.project3ds.MySoftAssertAll.assertAll(MySoftAssertAll.java:60)
at automation.project3ds.testBrickHTML.execute(testBrickHTML.java:346)
... Removed 25 stack frames]]>
    </failure>
  </testcase> <!-- execute -->
  <testcase name="execute" time="40.957" classname="automation.project3ds.testBrickHTML">
    <failure type="java.lang.AssertionError" message="The following asserts failed:
	[Enrolled] expected [] but found [U],
	[EciFlag] expected [] but found [07]">
      <![CDATA[java.lang.AssertionError: The following asserts failed:
[Enrolled] expected [] but found [U],
[EciFlag] expected [] but found [07]
at automation.project3ds.MySoftAssertAll.assertAll(MySoftAssertAll.java:60)
at automation.project3ds.testBrickHTML.execute(testBrickHTML.java:346)
... Removed 25 stack frames]]>
    </failure>
  </testcase> <!-- execute -->
  <testcase name="execute" time="28.599" classname="automation.project3ds.testBrickHTML"/>
  <testcase name="execute" time="36.086" classname="automation.project3ds.testBrickHTML"/>
  <testcase name="execute" time="41.888" classname="automation.project3ds.testBrickHTML"/>
  <testcase name="execute" time="34.128" classname="automation.project3ds.testBrickHTML"/>
  <testcase name="execute" time="39.522" classname="automation.project3ds.testBrickHTML"/>
  <testcase name="execute" time="34.078" classname="automation.project3ds.testBrickHTML"/>
  <testcase name="execute" time="28.585" classname="automation.project3ds.testBrickHTML">
    <failure type="java.lang.AssertionError" message="The following asserts failed:
	[Enrolled] expected [Y] but found [U],
	[PAResStatus] expected [Y] but found [],
	[SignitureVerification] expected [Y] but found []">
      <![CDATA[java.lang.AssertionError: The following asserts failed:
[Enrolled] expected [Y] but found [U],
[PAResStatus] expected [Y] but found [],
[SignitureVerification] expected [Y] but found []
at automation.project3ds.MySoftAssertAll.assertAll(MySoftAssertAll.java:60)
at automation.project3ds.testBrickHTML.execute(testBrickHTML.java:346)
... Removed 25 stack frames]]>
    </failure>
  </testcase> <!-- execute -->
  <testcase name="execute" time="34.592" classname="automation.project3ds.testBrickHTML"/>
  <testcase name="execute" time="28.937" classname="automation.project3ds.testBrickHTML"/>
  <testcase name="execute" time="28.807" classname="automation.project3ds.testBrickHTML">
    <failure type="java.lang.AssertionError" message="The following asserts failed:
	[PAResStatus] expected [I] but found [U]">
      <![CDATA[java.lang.AssertionError: The following asserts failed:
[PAResStatus] expected [I] but found [U]
at automation.project3ds.MySoftAssertAll.assertAll(MySoftAssertAll.java:60)
at automation.project3ds.testBrickHTML.execute(testBrickHTML.java:346)
... Removed 24 stack frames]]>
    </failure>
  </testcase> <!-- execute -->
  <testcase name="execute" time="42.403" classname="automation.project3ds.testBrickHTML"/>
  <testcase name="execute" time="29.012" classname="automation.project3ds.testBrickHTML"/>
  <testcase name="execute" time="30.195" classname="automation.project3ds.testBrickHTML"/>
  <testcase name="execute" time="32.197" classname="automation.project3ds.testBrickHTML"/>
  <testcase name="execute" time="28.658" classname="automation.project3ds.testBrickHTML"/>
  <testcase name="execute" time="31.893" classname="automation.project3ds.testBrickHTML">
    <failure type="java.lang.AssertionError" message="The following asserts failed:
	[EciFlag] expected [01] but found [00]">
      <![CDATA[java.lang.AssertionError: The following asserts failed:
[EciFlag] expected [01] but found [00]
at automation.project3ds.MySoftAssertAll.assertAll(MySoftAssertAll.java:60)
at automation.project3ds.testBrickHTML.execute(testBrickHTML.java:346)
... Removed 24 stack frames]]>
    </failure>
  </testcase> <!-- execute -->
  <testcase name="execute" time="31.496" classname="automation.project3ds.testBrickHTML">
    <failure type="java.lang.AssertionError" message="The following asserts failed:
	[Enrolled] expected [] but found [U]">
      <![CDATA[java.lang.AssertionError: The following asserts failed:
[Enrolled] expected [] but found [U]
at automation.project3ds.MySoftAssertAll.assertAll(MySoftAssertAll.java:60)
at automation.project3ds.testBrickHTML.execute(testBrickHTML.java:346)
... Removed 24 stack frames]]>
    </failure>
  </testcase> <!-- execute -->
  <testcase name="execute" time="40.353" classname="automation.project3ds.testBrickHTML">
    <failure type="java.lang.AssertionError" message="The following asserts failed:
	[Enrolled] expected [] but found [U],
	[EciFlag] expected [] but found [00]">
      <![CDATA[java.lang.AssertionError: The following asserts failed:
[Enrolled] expected [] but found [U],
[EciFlag] expected [] but found [00]
at automation.project3ds.MySoftAssertAll.assertAll(MySoftAssertAll.java:60)
at automation.project3ds.testBrickHTML.execute(testBrickHTML.java:346)
... Removed 24 stack frames]]>
    </failure>
  </testcase> <!-- execute -->
  <testcase name="execute" time="34.988" classname="automation.project3ds.testBrickHTML"/>
  <testcase name="execute" time="37.458" classname="automation.project3ds.testBrickHTML"/>
  <testcase name="execute" time="33.345" classname="automation.project3ds.testBrickHTML"/>
  <testcase name="execute" time="37.606" classname="automation.project3ds.testBrickHTML"/>
  <testcase name="execute" time="35.247" classname="automation.project3ds.testBrickHTML">
    <failure type="java.lang.AssertionError" message="The following asserts failed:
	[EciFlag2] expected [00] but found []">
      <![CDATA[java.lang.AssertionError: The following asserts failed:
[EciFlag2] expected [00] but found []
at automation.project3ds.MySoftAssertAll.assertAll(MySoftAssertAll.java:60)
at automation.project3ds.testBrickHTML.execute(testBrickHTML.java:346)
... Removed 24 stack frames]]>
    </failure>
  </testcase> <!-- execute -->
  <testcase name="execute" time="39.229" classname="automation.project3ds.testBrickHTML"/>
  <testcase name="execute" time="30.149" classname="automation.project3ds.testBrickHTML">
    <failure type="java.lang.AssertionError" message="The following asserts failed:
	[Enrolled] expected [Y] but found [U],
	[PAResStatus] expected [Y] but found [],
	[SignitureVerification] expected [Y] but found []">
      <![CDATA[java.lang.AssertionError: The following asserts failed:
[Enrolled] expected [Y] but found [U],
[PAResStatus] expected [Y] but found [],
[SignitureVerification] expected [Y] but found []
at automation.project3ds.MySoftAssertAll.assertAll(MySoftAssertAll.java:60)
at automation.project3ds.testBrickHTML.execute(testBrickHTML.java:346)
... Removed 24 stack frames]]>
    </failure>
  </testcase> <!-- execute -->
  <testcase name="execute" time="38.707" classname="automation.project3ds.testBrickHTML"/>
  <testcase name="execute" time="36.138" classname="automation.project3ds.testBrickHTML"/>
  <testcase name="execute" time="30.24" classname="automation.project3ds.testBrickHTML">
    <failure type="java.lang.AssertionError" message="The following asserts failed:
	[PAResStatus] expected [I] but found [U]">
      <![CDATA[java.lang.AssertionError: The following asserts failed:
[PAResStatus] expected [I] but found [U]
at automation.project3ds.MySoftAssertAll.assertAll(MySoftAssertAll.java:60)
at automation.project3ds.testBrickHTML.execute(testBrickHTML.java:346)
... Removed 24 stack frames]]>
    </failure>
  </testcase> <!-- execute -->
</testsuite> <!-- testBrickHTML -->
