

<!DOCTYPE html>
<html>
<head>
	<meta charset='utf-8' /> 
	<meta name='description' content='' />
	<meta name='robots' content='noodp, noydir' />
	<meta name='viewport' content='width=device-width, initial-scale=1' />
	<meta id="timeStampFormat" name="timeStampFormat" content='MMM d, yyyy hh:mm:ss a'/>
	
	<link href='https://fonts.googleapis.com/css?family=Source+Sans+Pro:400,600' rel='stylesheet' type='text/css' />
	<link href="https://fonts.googleapis.com/icon?family=Material+Icons" rel="stylesheet" />
	<link href='https://cdn.rawgit.com/extent-framework/extent-github-cdn/b65cd69/v3html/css/extent.css' type='text/css' rel='stylesheet' />
	
	<title>ExtentReports</title>

	<style type='text/css'>
		/* json-tree */
		.jstBracket,.jstComma,.jstValue{white-space:pre-wrap}.jstValue{font-size:10px;font-weight:400;font-family:"Lucida Console",Monaco,monospace}.jstProperty{color:#666;word-wrap:break-word}.jstBool{color:#2525CC}.jstNum{color:#D036D0}.jstNull{color:gray}.jstStr{color:#2DB669}.jstFold:after{content:' -';cursor:pointer}.jstExpand{white-space:normal}.jstExpand:after{content:' +';cursor:pointer}.jstFolded{white-space:normal!important}.jstHiddenBlock{display:none}
			.r-img { width: 30%; }
	</style>
	
	<script type="text/javascript">
		/*! json-tree - v0.2.2 - 2017-09-25, MIT LICENSE */
		var JSONTree=function(){var n={"&":"&amp;","<":"&lt;",">":"&gt;",'"':"&quot;","'":"&#x27;","/":"&#x2F;"},t=0,r=0;this.create=function(n,t){return r+=1,N(u(n,0,!1),{class:"jstValue"})};var e=function(t){return t.replace(/[&<>'"]/g,function(t){return n[t]})},s=function(){return r+"_"+t++},u=function(n,t,r){if(null===n)return f(r?t:0);switch(typeof n){case"boolean":return l(n,r?t:0);case"number":return i(n,r?t:0);case"string":return o(n,r?t:0);default:return n instanceof Array?a(n,t,r):c(n,t,r)}},c=function(n,t,r){var e=s(),u=Object.keys(n).map(function(r){return j(r,n[r],t+1,!0)}).join(m()),c=[g("{",r?t:0,e),N(u,{id:e}),p("}",t)].join("\n");return N(c,{})},a=function(n,t,r){var e=s(),c=n.map(function(n){return u(n,t+1,!0)}).join(m());return[g("[",r?t:0,e),N(c,{id:e}),p("]",t)].join("\n")},o=function(n,t){var r=e(JSON.stringify(n));return N(v(r,t),{class:"jstStr"})},i=function(n,t){return N(v(n,t),{class:"jstNum"})},l=function(n,t){return N(v(n,t),{class:"jstBool"})},f=function(n){return N(v("null",n),{class:"jstNull"})},j=function(n,t,r){var s=v(e(JSON.stringify(n))+": ",r),c=N(u(t,r,!1),{});return N(s+c,{class:"jstProperty"})},m=function(){return N(",\n",{class:"jstComma"})},N=function(n,t){return d("span",t,n)},d=function(n,t,r){return"<"+n+Object.keys(t).map(function(n){return" "+n+'="'+t[n]+'"'}).join("")+">"+r+"</"+n+">"},g=function(n,t,r){return N(v(n,t),{class:"jstBracket"})+N("",{class:"jstFold",onclick:"JSONTree.toggle('"+r+"')"})};this.toggle=function(n){var t=document.getElementById(n),r=t.parentNode,e=t.previousElementSibling;""===t.className?(t.className="jstHiddenBlock",r.className="jstFolded",e.className="jstExpand"):(t.className="",r.className="",e.className="jstFold")};var p=function(n,t){return N(v(n,t),{})},v=function(n,t){return Array(2*t+1).join(" ")+n};return this}();
	</script>
</head>
	<body class='extent dark default hide-overflow '>
		<div id='theme-selector' alt='Click to toggle theme. To enable by default, use theme configuration.' title='Click to toggle theme. To enable by default, use theme configuration.'>
			<span><i class='material-icons'>desktop_windows</i></span>
		</div>
<nav>
	<div class="nav-wrapper">
		<a href="#!" class="brand-logo black"><img src="https://cdn.rawgit.com/extent-framework/extent-github-cdn/d74480e/commons/img/logo.png"></a>
		<!-- slideout menu -->
		<ul id='slide-out' class='side-nav fixed hide-on-med-and-down'>
			<li class='waves-effect active'><a href='#!' view='test-view' onclick="configureView(0);chartsView('test');"><i class='material-icons'>dashboard</i></a></li>
						<li class='waves-effect'><a href='#!' view='category-view' onclick="configureView(1)"><i class='material-icons'>label_outline</i></a></li>
			<li class='waves-effect'><a href='#!' view='exception-view' onclick="configureView(2)"><i class='material-icons'>bug_report</i></a></li>
			<li class='waves-effect'><a href='#!' onclick="configureView(-1);chartsView('dashboard');" view='dashboard-view'><i class='material-icons'>track_changes</i></a></li>
		</ul>
		<!-- report name -->
		<span class='report-name'>ExtentReports</span>
		<!-- report headline -->
		<span class='report-headline'></span>
		<!-- nav-right -->
		<ul id='nav-mobile' class='right hide-on-med-and-down nav-right'>
			<a href='#!'>
			<span class='label blue darken-3 suite-start-time'>Sep 23, 2019 04:25:47 PM</span>
			</a>
		</ul>
	</div>
</nav>		<!-- container -->
		<div class='container'>
<div id='test-view' class='view'>
	<section id='controls'>
		<div class='controls grey lighten-4'>
			<!-- test toggle -->
			<div class='chip transparent'>
				<a class='dropdown-button tests-toggle' data-activates='tests-toggle' data-constrainwidth='true' data-beloworigin='true' data-hover='true' href='#'>
				<i class='material-icons'>warning</i> Status
				</a>
				<ul id='tests-toggle' class='dropdown-content'>
										<li status='pass'><a href='#!'>Pass <i class='material-icons green-text'>check_circle</i></a></li>
					<li status='fail'><a href='#!'>Fail <i class='material-icons red-text'>cancel</i></a></li>
					<li class='divider'></li>
					<li status='clear' clear='true'><a href='#!'>Clear Filters <i class='material-icons'>clear</i></a></li>
				</ul>
			</div>
			<!-- test toggle -->
			<!-- category toggle -->
			<div class='chip transparent'>
				<a class='dropdown-button category-toggle' data-activates='category-toggle' data-constrainwidth='false' data-beloworigin='true' data-hover='true' href='#'>
				<i class='material-icons'>local_offer</i> Category
				</a>
				<ul id='category-toggle' class='dropdown-content'>
					<li><a href='#'>testSuiteT3</a></li>
					<li class='divider'></li>
					<li class='clear'><a href='#!' clear='true'>Clear Filters</a></li>
				</ul>
			</div>
			<!-- category toggle -->
			<!-- clear filters -->
			<div class='chip transparent hide'>
				<a class='' id='clear-filters' alt='Clear Filters' title='Clear Filters'>
				<i class='material-icons'>close</i> Clear
				</a>
			</div>
			<!-- clear filters -->
			<!-- enable dashboard -->
			<div id='toggle-test-view-charts' class='chip transparent'>
				<a class='pink-text' id='enable-dashboard' alt='Enable Dashboard' title='Enable Dashboard'>
				<i class='material-icons'>track_changes</i> Dashboard
				</a>
			</div>
			<!-- enable dashboard -->
			<!-- search -->
			<div class='chip transparent' alt='Search Tests' title='Search Tests'>
				<a href="#" class='search-div'>
				<i class='material-icons'>search</i> Search
				</a>
				<div class='input-field left hide'>
					<input id='search-tests' type='text' class='validate browser-default' placeholder='Search Tests...'>
				</div>
			</div>
			<!-- search -->
		</div>
	</section>
<div id='test-view-charts' class='subview-full'>
    <div id='charts-row' class='row nm-v nm-h'>
        <div class='col s12 m12 l12 np-h'>
            <div class='card-panel nm-v'>
                <div class='left panel-name'>Tests</div>
                <div class='chart-box' style="max-height:94px;">
                    <canvas id='parent-analysis' width='90' height='70'></canvas>
                </div>
                <div class='block text-small'>
                    <span class='tooltipped' data-position='top' data-tooltip='73.077%'><span class='strong'>19</span> test(s) passed</span>
                </div>
                <div class='block text-small'>
                    <span class='strong tooltipped' data-position='top' data-tooltip='26.923%'>7</span> test(s) failed, <span class='strong tooltipped' data-position='top' data-tooltip='0%'>0</span> others
                </div>
            </div>
        </div>
    </div>
    <div id="timeline-chart" class="row nm-v nm-h">
        <div class="col s12 m12 l12 np-h">
            <div class="card-panel">
                <div class='left panel-name'>Timeline (seconds)</div>
                <div class="chart-box" style="width:98%;max-height:145px;">
                    <canvas id="timeline" height="120"></canvas>
                </div>
            </div>
        </div>
    </div>
</div>	<div class='subview-left left'>
		<div class='view-summary'>
			<ul id='test-collection' class='test-collection'>
				<li class='test displayed active  fail' status='fail' bdd='false' test-id='1'>
					<div class='test-heading'>
						<span class='test-name'>Case01_12_WidgetBrick_1v6_Test_EmptyTextbox.case01_06_emptyTextboxClick ( )</span>
						<span class='test-time'>Sep 23, 2019 04:25:48 PM</span>
						<span class='test-status right fail'>fail</span>
					</div>
					<div class='test-content hide'>
<div class='test-time-info'>
	<span class='label start-time'>Sep 23, 2019 04:25:48 PM</span>
	<span class='label end-time'>Sep 23, 2019 04:26:29 PM</span>
	<span class='label time-taken grey lighten-1 white-text'>0h 0m 41s+530ms</span>
</div>
<div class='test-attributes'>
	<div class='category-list'>
		<span class='category label'>testSuiteT3</span>
	</div>
</div>
<div class='test-steps'>
	<table class='bordered table-results'>
		<thead>
			<tr>
				<th>Status</th>
				<th>Timestamp</th>
				<th>Details</th>
			</tr>
		</thead>
		<tbody>
			<tr class='log' status='info'>
				<td class='status info' title='info' alt='info'><i class='material-icons'>info_outline</i></td>
				<td class='timestamp'>4:26:12 PM</td>
				<td class='step-details'>
						isInvalid
					<img class='r-img' onerror='this.style.display="none"' data-featherlight='screenShot\1569230771496isInvalid.png' src='screenShot\1569230771496isInvalid.png' data-src='screenShot\1569230771496isInvalid.png'>
				</td>
			</tr>
			<tr class='log' status='info'>
				<td class='status info' title='info' alt='info'><i class='material-icons'>info_outline</i></td>
				<td class='timestamp'>4:26:15 PM</td>
				<td class='step-details'>
						isInvalid
					<img class='r-img' onerror='this.style.display="none"' data-featherlight='screenShot\1569230774849isInvalid.png' src='screenShot\1569230774849isInvalid.png' data-src='screenShot\1569230774849isInvalid.png'>
				</td>
			</tr>
			<tr class='log' status='info'>
				<td class='status info' title='info' alt='info'><i class='material-icons'>info_outline</i></td>
				<td class='timestamp'>4:26:19 PM</td>
				<td class='step-details'>
						isInvalid
					<img class='r-img' onerror='this.style.display="none"' data-featherlight='screenShot\1569230778205isInvalid.png' src='screenShot\1569230778205isInvalid.png' data-src='screenShot\1569230778205isInvalid.png'>
				</td>
			</tr>
			<tr class='log' status='info'>
				<td class='status info' title='info' alt='info'><i class='material-icons'>info_outline</i></td>
				<td class='timestamp'>4:26:22 PM</td>
				<td class='step-details'>
						isInvalid
					<img class='r-img' onerror='this.style.display="none"' data-featherlight='screenShot\1569230781467isInvalid.png' src='screenShot\1569230781467isInvalid.png' data-src='screenShot\1569230781467isInvalid.png'>
				</td>
			</tr>
			<tr class='log' status='info'>
				<td class='status info' title='info' alt='info'><i class='material-icons'>info_outline</i></td>
				<td class='timestamp'>4:26:26 PM</td>
				<td class='step-details'>
						isInvalid
					<img class='r-img' onerror='this.style.display="none"' data-featherlight='screenShot\1569230785144isInvalid.png' src='screenShot\1569230785144isInvalid.png' data-src='screenShot\1569230785144isInvalid.png'>
				</td>
			</tr>
			<tr class='log' status='info'>
				<td class='status info' title='info' alt='info'><i class='material-icons'>info_outline</i></td>
				<td class='timestamp'>4:26:29 PM</td>
				<td class='step-details'>
						isInvalid
					<img class='r-img' onerror='this.style.display="none"' data-featherlight='screenShot\1569230788479isInvalid.png' src='screenShot\1569230788479isInvalid.png' data-src='screenShot\1569230788479isInvalid.png'>
				</td>
			</tr>
			<tr class='log' status='info'>
				<td class='status info' title='info' alt='info'><i class='material-icons'>info_outline</i></td>
				<td class='timestamp'>4:26:29 PM</td>
				<td class='step-details'>
						[CVV/CVC/CID 000][ErrorTextValue] expected {Please enter CVV code} to equal to actual {}<br />
					
				</td>
			</tr>
			<tr class='log' status='fail'>
				<td class='status fail' title='fail' alt='fail'><i class='material-icons'>cancel</i></td>
				<td class='timestamp'>4:26:29 PM</td>
				<td class='step-details'>
						<textarea disabled class="code-block">java.lang.AssertionError: The following asserts failed:
	[CVV/CVC/CID 000][ErrorTextValue] expected [Please enter CVV code] but found []
	at automation.project3ds.Assertion.end(Assertion.java:26)
	at Case01_12_WidgetBrick_1v6_Test_EmptyTextbox.case01_06_emptyTextboxClick(Case01_12_WidgetBrick_1v6_Test_EmptyTextbox.java:55)
	at sun.reflect.NativeMethodAccessorImpl.invoke0(Native Method)
	at sun.reflect.NativeMethodAccessorImpl.invoke(NativeMethodAccessorImpl.java:62)
	at sun.reflect.DelegatingMethodAccessorImpl.invoke(DelegatingMethodAccessorImpl.java:43)
	at java.lang.reflect.Method.invoke(Method.java:498)
	at org.testng.internal.MethodInvocationHelper.invokeMethod(MethodInvocationHelper.java:124)
	at org.testng.internal.Invoker.invokeMethod(Invoker.java:583)
	at org.testng.internal.Invoker.invokeTestMethod(Invoker.java:719)
	at org.testng.internal.Invoker.invokeTestMethods(Invoker.java:989)
	at org.testng.internal.TestMethodWorker.invokeTestMethods(TestMethodWorker.java:125)
	at org.testng.internal.TestMethodWorker.run(TestMethodWorker.java:109)
	at org.testng.TestRunner.privateRun(TestRunner.java:648)
	at org.testng.TestRunner.run(TestRunner.java:505)
	at org.testng.SuiteRunner.runTest(SuiteRunner.java:455)
	at org.testng.SuiteRunner.runSequentially(SuiteRunner.java:450)
	at org.testng.SuiteRunner.privateRun(SuiteRunner.java:415)
	at org.testng.SuiteRunner.run(SuiteRunner.java:364)
	at org.testng.SuiteRunnerWorker.runSuite(SuiteRunnerWorker.java:52)
	at org.testng.SuiteRunnerWorker.run(SuiteRunnerWorker.java:84)
	at org.testng.TestNG.runSuitesSequentially(TestNG.java:1208)
	at org.testng.TestNG.runSuitesLocally(TestNG.java:1137)
	at org.testng.TestNG.runSuites(TestNG.java:1049)
	at org.testng.TestNG.run(TestNG.java:1017)
	at org.testng.remote.AbstractRemoteTestNG.run(AbstractRemoteTestNG.java:115)
	at org.testng.remote.RemoteTestNG.initAndRun(RemoteTestNG.java:251)
	at org.testng.remote.RemoteTestNG.main(RemoteTestNG.java:77)
</textarea>
					
				</td>
			</tr>
			<tr class='log' status='fail'>
				<td class='status fail' title='fail' alt='fail'><i class='material-icons'>cancel</i></td>
				<td class='timestamp'>4:26:29 PM</td>
				<td class='step-details'>
						Test Failed
					
				</td>
			</tr>
		</tbody>
	</table>
</div>
					</div>
				</li>
				<li class='test displayed active  pass' status='pass' bdd='false' test-id='30'>
					<div class='test-heading'>
						<span class='test-name'>Case01_12_WidgetBrick_1v6_Test_EmptyTextbox.case07_12_emptyTextboxSubmit ( )</span>
						<span class='test-time'>Sep 23, 2019 04:26:30 PM</span>
						<span class='test-status right pass'>pass</span>
					</div>
					<div class='test-content hide'>
<div class='test-time-info'>
	<span class='label start-time'>Sep 23, 2019 04:26:30 PM</span>
	<span class='label end-time'>Sep 23, 2019 04:26:55 PM</span>
	<span class='label time-taken grey lighten-1 white-text'>0h 0m 25s+322ms</span>
</div>
<div class='test-attributes'>
	<div class='category-list'>
		<span class='category label'>testSuiteT3</span>
	</div>
</div>
<div class='test-steps'>
	<table class='bordered table-results'>
		<thead>
			<tr>
				<th>Status</th>
				<th>Timestamp</th>
				<th>Details</th>
			</tr>
		</thead>
		<tbody>
			<tr class='log' status='info'>
				<td class='status info' title='info' alt='info'><i class='material-icons'>info_outline</i></td>
				<td class='timestamp'>4:26:48 PM</td>
				<td class='step-details'>
						isInvalid
					<img class='r-img' onerror='this.style.display="none"' data-featherlight='screenShot\1569230807823isInvalid.png' src='screenShot\1569230807823isInvalid.png' data-src='screenShot\1569230807823isInvalid.png'>
				</td>
			</tr>
			<tr class='log' status='info'>
				<td class='status info' title='info' alt='info'><i class='material-icons'>info_outline</i></td>
				<td class='timestamp'>4:26:50 PM</td>
				<td class='step-details'>
						isInvalid
					<img class='r-img' onerror='this.style.display="none"' data-featherlight='screenShot\1569230809165isInvalid.png' src='screenShot\1569230809165isInvalid.png' data-src='screenShot\1569230809165isInvalid.png'>
				</td>
			</tr>
			<tr class='log' status='info'>
				<td class='status info' title='info' alt='info'><i class='material-icons'>info_outline</i></td>
				<td class='timestamp'>4:26:51 PM</td>
				<td class='step-details'>
						isInvalid
					<img class='r-img' onerror='this.style.display="none"' data-featherlight='screenShot\1569230810490isInvalid.png' src='screenShot\1569230810490isInvalid.png' data-src='screenShot\1569230810490isInvalid.png'>
				</td>
			</tr>
			<tr class='log' status='info'>
				<td class='status info' title='info' alt='info'><i class='material-icons'>info_outline</i></td>
				<td class='timestamp'>4:26:52 PM</td>
				<td class='step-details'>
						isInvalid
					<img class='r-img' onerror='this.style.display="none"' data-featherlight='screenShot\1569230811788isInvalid.png' src='screenShot\1569230811788isInvalid.png' data-src='screenShot\1569230811788isInvalid.png'>
				</td>
			</tr>
			<tr class='log' status='info'>
				<td class='status info' title='info' alt='info'><i class='material-icons'>info_outline</i></td>
				<td class='timestamp'>4:26:54 PM</td>
				<td class='step-details'>
						isInvalid
					<img class='r-img' onerror='this.style.display="none"' data-featherlight='screenShot\1569230813222isInvalid.png' src='screenShot\1569230813222isInvalid.png' data-src='screenShot\1569230813222isInvalid.png'>
				</td>
			</tr>
			<tr class='log' status='info'>
				<td class='status info' title='info' alt='info'><i class='material-icons'>info_outline</i></td>
				<td class='timestamp'>4:26:55 PM</td>
				<td class='step-details'>
						isInvalid
					<img class='r-img' onerror='this.style.display="none"' data-featherlight='screenShot\1569230814541isInvalid.png' src='screenShot\1569230814541isInvalid.png' data-src='screenShot\1569230814541isInvalid.png'>
				</td>
			</tr>
			<tr class='log' status='info'>
				<td class='status info' title='info' alt='info'><i class='material-icons'>info_outline</i></td>
				<td class='timestamp'>4:26:55 PM</td>
				<td class='step-details'>
						[CVV/CVC/CID 000][ErrorTextValue] expected {Please enter CVV code} to equal to actual {Please enter CVV code}<br />
					
				</td>
			</tr>
			<tr class='log' status='pass'>
				<td class='status pass' title='pass' alt='pass'><i class='material-icons'>check_circle</i></td>
				<td class='timestamp'>4:26:55 PM</td>
				<td class='step-details'>
						Test passed
					
				</td>
			</tr>
		</tbody>
	</table>
</div>
					</div>
				</li>
				<li class='test displayed active  pass' status='pass' bdd='false' test-id='59'>
					<div class='test-heading'>
						<span class='test-name'>Case13_19_WidgetBrick_1v6_Test_ValidateCardNumber.amexCard ( )</span>
						<span class='test-time'>Sep 23, 2019 04:27:11 PM</span>
						<span class='test-status right pass'>pass</span>
					</div>
					<div class='test-content hide'>
<div class='test-time-info'>
	<span class='label start-time'>Sep 23, 2019 04:27:11 PM</span>
	<span class='label end-time'>Sep 23, 2019 04:27:34 PM</span>
	<span class='label time-taken grey lighten-1 white-text'>0h 0m 22s+851ms</span>
</div>
<div class='test-attributes'>
	<div class='category-list'>
		<span class='category label'>testSuiteT3</span>
	</div>
</div>
<div class='test-steps'>
	<table class='bordered table-results'>
		<thead>
			<tr>
				<th>Status</th>
				<th>Timestamp</th>
				<th>Details</th>
			</tr>
		</thead>
		<tbody>
			<tr class='log' status='info'>
				<td class='status info' title='info' alt='info'><i class='material-icons'>info_outline</i></td>
				<td class='timestamp'>4:27:33 PM</td>
				<td class='step-details'>
						isValid
					<img class='r-img' onerror='this.style.display="none"' data-featherlight='screenShot\1569230852112isValid.png' src='screenShot\1569230852112isValid.png' data-src='screenShot\1569230852112isValid.png'>
				</td>
			</tr>
			<tr class='log' status='info'>
				<td class='status info' title='info' alt='info'><i class='material-icons'>info_outline</i></td>
				<td class='timestamp'>4:27:34 PM</td>
				<td class='step-details'>
						[CVV Text] expected {CID} to equal to actual {CID}<br />[Icon] expected {true} to equal to actual {true}<br />[CVV Icon] expected {true} to equal to actual {true}<br />
					
				</td>
			</tr>
			<tr class='log' status='pass'>
				<td class='status pass' title='pass' alt='pass'><i class='material-icons'>check_circle</i></td>
				<td class='timestamp'>4:27:34 PM</td>
				<td class='step-details'>
						Test passed
					
				</td>
			</tr>
		</tbody>
	</table>
</div>
					</div>
				</li>
				<li class='test displayed active  pass' status='pass' bdd='false' test-id='88'>
					<div class='test-heading'>
						<span class='test-name'>Case13_19_WidgetBrick_1v6_Test_ValidateCardNumber.invalidValue ( )</span>
						<span class='test-time'>Sep 23, 2019 04:27:34 PM</span>
						<span class='test-status right pass'>pass</span>
					</div>
					<div class='test-content hide'>
<div class='test-time-info'>
	<span class='label start-time'>Sep 23, 2019 04:27:34 PM</span>
	<span class='label end-time'>Sep 23, 2019 04:27:54 PM</span>
	<span class='label time-taken grey lighten-1 white-text'>0h 0m 20s+41ms</span>
</div>
<div class='test-attributes'>
	<div class='category-list'>
		<span class='category label'>testSuiteT3</span>
	</div>
</div>
<div class='test-steps'>
	<table class='bordered table-results'>
		<thead>
			<tr>
				<th>Status</th>
				<th>Timestamp</th>
				<th>Details</th>
			</tr>
		</thead>
		<tbody>
			<tr class='log' status='info'>
				<td class='status info' title='info' alt='info'><i class='material-icons'>info_outline</i></td>
				<td class='timestamp'>4:27:54 PM</td>
				<td class='step-details'>
						isInvalid
					<img class='r-img' onerror='this.style.display="none"' data-featherlight='screenShot\1569230873603isInvalid.png' src='screenShot\1569230873603isInvalid.png' data-src='screenShot\1569230873603isInvalid.png'>
				</td>
			</tr>
			<tr class='log' status='pass'>
				<td class='status pass' title='pass' alt='pass'><i class='material-icons'>check_circle</i></td>
				<td class='timestamp'>4:27:54 PM</td>
				<td class='step-details'>
						Test passed
					
				</td>
			</tr>
		</tbody>
	</table>
</div>
					</div>
				</li>
				<li class='test displayed active  pass' status='pass' bdd='false' test-id='117'>
					<div class='test-heading'>
						<span class='test-name'>Case13_19_WidgetBrick_1v6_Test_ValidateCardNumber.masterCard ( )</span>
						<span class='test-time'>Sep 23, 2019 04:27:55 PM</span>
						<span class='test-status right pass'>pass</span>
					</div>
					<div class='test-content hide'>
<div class='test-time-info'>
	<span class='label start-time'>Sep 23, 2019 04:27:55 PM</span>
	<span class='label end-time'>Sep 23, 2019 04:28:15 PM</span>
	<span class='label time-taken grey lighten-1 white-text'>0h 0m 19s+965ms</span>
</div>
<div class='test-attributes'>
	<div class='category-list'>
		<span class='category label'>testSuiteT3</span>
	</div>
</div>
<div class='test-steps'>
	<table class='bordered table-results'>
		<thead>
			<tr>
				<th>Status</th>
				<th>Timestamp</th>
				<th>Details</th>
			</tr>
		</thead>
		<tbody>
			<tr class='log' status='info'>
				<td class='status info' title='info' alt='info'><i class='material-icons'>info_outline</i></td>
				<td class='timestamp'>4:28:13 PM</td>
				<td class='step-details'>
						isValid
					<img class='r-img' onerror='this.style.display="none"' data-featherlight='screenShot\1569230892780isValid.png' src='screenShot\1569230892780isValid.png' data-src='screenShot\1569230892780isValid.png'>
				</td>
			</tr>
			<tr class='log' status='info'>
				<td class='status info' title='info' alt='info'><i class='material-icons'>info_outline</i></td>
				<td class='timestamp'>4:28:15 PM</td>
				<td class='step-details'>
						[CVV Text] expected {CVV/CVC} to equal to actual {CVV/CVC}<br />[Icon] expected {true} to equal to actual {true}<br />[CVV Icon] expected {true} to equal to actual {true}<br />
					
				</td>
			</tr>
			<tr class='log' status='pass'>
				<td class='status pass' title='pass' alt='pass'><i class='material-icons'>check_circle</i></td>
				<td class='timestamp'>4:28:15 PM</td>
				<td class='step-details'>
						Test passed
					
				</td>
			</tr>
		</tbody>
	</table>
</div>
					</div>
				</li>
				<li class='test displayed active  pass' status='pass' bdd='false' test-id='146'>
					<div class='test-heading'>
						<span class='test-name'>Case13_19_WidgetBrick_1v6_Test_ValidateCardNumber.supportedBrandButInvalidValue ( )</span>
						<span class='test-time'>Sep 23, 2019 04:28:15 PM</span>
						<span class='test-status right pass'>pass</span>
					</div>
					<div class='test-content hide'>
<div class='test-time-info'>
	<span class='label start-time'>Sep 23, 2019 04:28:15 PM</span>
	<span class='label end-time'>Sep 23, 2019 04:28:31 PM</span>
	<span class='label time-taken grey lighten-1 white-text'>0h 0m 15s+686ms</span>
</div>
<div class='test-attributes'>
	<div class='category-list'>
		<span class='category label'>testSuiteT3</span>
	</div>
</div>
<div class='test-steps'>
	<table class='bordered table-results'>
		<thead>
			<tr>
				<th>Status</th>
				<th>Timestamp</th>
				<th>Details</th>
			</tr>
		</thead>
		<tbody>
			<tr class='log' status='info'>
				<td class='status info' title='info' alt='info'><i class='material-icons'>info_outline</i></td>
				<td class='timestamp'>4:28:30 PM</td>
				<td class='step-details'>
						isInvalid
					<img class='r-img' onerror='this.style.display="none"' data-featherlight='screenShot\1569230909373isInvalid.png' src='screenShot\1569230909373isInvalid.png' data-src='screenShot\1569230909373isInvalid.png'>
				</td>
			</tr>
			<tr class='log' status='info'>
				<td class='status info' title='info' alt='info'><i class='material-icons'>info_outline</i></td>
				<td class='timestamp'>4:28:31 PM</td>
				<td class='step-details'>
						[Icon] expected {true} to equal to actual {true}<br />
					
				</td>
			</tr>
			<tr class='log' status='pass'>
				<td class='status pass' title='pass' alt='pass'><i class='material-icons'>check_circle</i></td>
				<td class='timestamp'>4:28:31 PM</td>
				<td class='step-details'>
						Test passed
					
				</td>
			</tr>
		</tbody>
	</table>
</div>
					</div>
				</li>
				<li class='test displayed active  pass' status='pass' bdd='false' test-id='175'>
					<div class='test-heading'>
						<span class='test-name'>Case13_19_WidgetBrick_1v6_Test_ValidateCardNumber.unsupportedBrand ( )</span>
						<span class='test-time'>Sep 23, 2019 04:28:31 PM</span>
						<span class='test-status right pass'>pass</span>
					</div>
					<div class='test-content hide'>
<div class='test-time-info'>
	<span class='label start-time'>Sep 23, 2019 04:28:31 PM</span>
	<span class='label end-time'>Sep 23, 2019 04:28:46 PM</span>
	<span class='label time-taken grey lighten-1 white-text'>0h 0m 15s+608ms</span>
</div>
<div class='test-attributes'>
	<div class='category-list'>
		<span class='category label'>testSuiteT3</span>
	</div>
</div>
<div class='test-steps'>
	<table class='bordered table-results'>
		<thead>
			<tr>
				<th>Status</th>
				<th>Timestamp</th>
				<th>Details</th>
			</tr>
		</thead>
		<tbody>
			<tr class='log' status='info'>
				<td class='status info' title='info' alt='info'><i class='material-icons'>info_outline</i></td>
				<td class='timestamp'>4:28:46 PM</td>
				<td class='step-details'>
						isValid
					<img class='r-img' onerror='this.style.display="none"' data-featherlight='screenShot\1569230925849isValid.png' src='screenShot\1569230925849isValid.png' data-src='screenShot\1569230925849isValid.png'>
				</td>
			</tr>
			<tr class='log' status='pass'>
				<td class='status pass' title='pass' alt='pass'><i class='material-icons'>check_circle</i></td>
				<td class='timestamp'>4:28:46 PM</td>
				<td class='step-details'>
						Test passed
					
				</td>
			</tr>
		</tbody>
	</table>
</div>
					</div>
				</li>
				<li class='test displayed active  pass' status='pass' bdd='false' test-id='204'>
					<div class='test-heading'>
						<span class='test-name'>Case13_19_WidgetBrick_1v6_Test_ValidateCardNumber.visaCard ( )</span>
						<span class='test-time'>Sep 23, 2019 04:28:47 PM</span>
						<span class='test-status right pass'>pass</span>
					</div>
					<div class='test-content hide'>
<div class='test-time-info'>
	<span class='label start-time'>Sep 23, 2019 04:28:47 PM</span>
	<span class='label end-time'>Sep 23, 2019 04:29:04 PM</span>
	<span class='label time-taken grey lighten-1 white-text'>0h 0m 17s+670ms</span>
</div>
<div class='test-attributes'>
	<div class='category-list'>
		<span class='category label'>testSuiteT3</span>
	</div>
</div>
<div class='test-steps'>
	<table class='bordered table-results'>
		<thead>
			<tr>
				<th>Status</th>
				<th>Timestamp</th>
				<th>Details</th>
			</tr>
		</thead>
		<tbody>
			<tr class='log' status='info'>
				<td class='status info' title='info' alt='info'><i class='material-icons'>info_outline</i></td>
				<td class='timestamp'>4:29:03 PM</td>
				<td class='step-details'>
						isValid
					<img class='r-img' onerror='this.style.display="none"' data-featherlight='screenShot\1569230942648isValid.png' src='screenShot\1569230942648isValid.png' data-src='screenShot\1569230942648isValid.png'>
				</td>
			</tr>
			<tr class='log' status='info'>
				<td class='status info' title='info' alt='info'><i class='material-icons'>info_outline</i></td>
				<td class='timestamp'>4:29:04 PM</td>
				<td class='step-details'>
						[CVV Text] expected {CVV/CVC} to equal to actual {CVV/CVC}<br />[Icon] expected {true} to equal to actual {true}<br />[CVV Icon] expected {true} to equal to actual {true}<br />
					
				</td>
			</tr>
			<tr class='log' status='pass'>
				<td class='status pass' title='pass' alt='pass'><i class='material-icons'>check_circle</i></td>
				<td class='timestamp'>4:29:04 PM</td>
				<td class='step-details'>
						Test passed
					
				</td>
			</tr>
		</tbody>
	</table>
</div>
					</div>
				</li>
				<li class='test displayed active  pass' status='pass' bdd='false' test-id='233'>
					<div class='test-heading'>
						<span class='test-name'>Case20_24_WidgetBrick_1v6_Test_ValidateExpirationDate.futureValueLong ( )</span>
						<span class='test-time'>Sep 23, 2019 04:29:14 PM</span>
						<span class='test-status right pass'>pass</span>
					</div>
					<div class='test-content hide'>
<div class='test-time-info'>
	<span class='label start-time'>Sep 23, 2019 04:29:14 PM</span>
	<span class='label end-time'>Sep 23, 2019 04:29:35 PM</span>
	<span class='label time-taken grey lighten-1 white-text'>0h 0m 20s+380ms</span>
</div>
<div class='test-attributes'>
	<div class='category-list'>
		<span class='category label'>testSuiteT3</span>
	</div>
</div>
<div class='test-steps'>
	<table class='bordered table-results'>
		<thead>
			<tr>
				<th>Status</th>
				<th>Timestamp</th>
				<th>Details</th>
			</tr>
		</thead>
		<tbody>
			<tr class='log' status='info'>
				<td class='status info' title='info' alt='info'><i class='material-icons'>info_outline</i></td>
				<td class='timestamp'>4:29:35 PM</td>
				<td class='step-details'>
						isValid
					<img class='r-img' onerror='this.style.display="none"' data-featherlight='screenShot\1569230974230isValid.png' src='screenShot\1569230974230isValid.png' data-src='screenShot\1569230974230isValid.png'>
				</td>
			</tr>
			<tr class='log' status='pass'>
				<td class='status pass' title='pass' alt='pass'><i class='material-icons'>check_circle</i></td>
				<td class='timestamp'>4:29:35 PM</td>
				<td class='step-details'>
						Test passed
					
				</td>
			</tr>
		</tbody>
	</table>
</div>
					</div>
				</li>
				<li class='test displayed active  pass' status='pass' bdd='false' test-id='262'>
					<div class='test-heading'>
						<span class='test-name'>Case20_24_WidgetBrick_1v6_Test_ValidateExpirationDate.futureValueShort ( )</span>
						<span class='test-time'>Sep 23, 2019 04:29:35 PM</span>
						<span class='test-status right pass'>pass</span>
					</div>
					<div class='test-content hide'>
<div class='test-time-info'>
	<span class='label start-time'>Sep 23, 2019 04:29:35 PM</span>
	<span class='label end-time'>Sep 23, 2019 04:29:50 PM</span>
	<span class='label time-taken grey lighten-1 white-text'>0h 0m 14s+535ms</span>
</div>
<div class='test-attributes'>
	<div class='category-list'>
		<span class='category label'>testSuiteT3</span>
	</div>
</div>
<div class='test-steps'>
	<table class='bordered table-results'>
		<thead>
			<tr>
				<th>Status</th>
				<th>Timestamp</th>
				<th>Details</th>
			</tr>
		</thead>
		<tbody>
			<tr class='log' status='info'>
				<td class='status info' title='info' alt='info'><i class='material-icons'>info_outline</i></td>
				<td class='timestamp'>4:29:50 PM</td>
				<td class='step-details'>
						isValid
					<img class='r-img' onerror='this.style.display="none"' data-featherlight='screenShot\1569230988822isValid.png' src='screenShot\1569230988822isValid.png' data-src='screenShot\1569230988822isValid.png'>
				</td>
			</tr>
			<tr class='log' status='pass'>
				<td class='status pass' title='pass' alt='pass'><i class='material-icons'>check_circle</i></td>
				<td class='timestamp'>4:29:50 PM</td>
				<td class='step-details'>
						Test passed
					
				</td>
			</tr>
		</tbody>
	</table>
</div>
					</div>
				</li>
				<li class='test displayed active  pass' status='pass' bdd='false' test-id='291'>
					<div class='test-heading'>
						<span class='test-name'>Case20_24_WidgetBrick_1v6_Test_ValidateExpirationDate.pastValue ( )</span>
						<span class='test-time'>Sep 23, 2019 04:29:50 PM</span>
						<span class='test-status right pass'>pass</span>
					</div>
					<div class='test-content hide'>
<div class='test-time-info'>
	<span class='label start-time'>Sep 23, 2019 04:29:50 PM</span>
	<span class='label end-time'>Sep 23, 2019 04:30:05 PM</span>
	<span class='label time-taken grey lighten-1 white-text'>0h 0m 15s+488ms</span>
</div>
<div class='test-attributes'>
	<div class='category-list'>
		<span class='category label'>testSuiteT3</span>
	</div>
</div>
<div class='test-steps'>
	<table class='bordered table-results'>
		<thead>
			<tr>
				<th>Status</th>
				<th>Timestamp</th>
				<th>Details</th>
			</tr>
		</thead>
		<tbody>
			<tr class='log' status='info'>
				<td class='status info' title='info' alt='info'><i class='material-icons'>info_outline</i></td>
				<td class='timestamp'>4:30:05 PM</td>
				<td class='step-details'>
						isInvalid
					<img class='r-img' onerror='this.style.display="none"' data-featherlight='screenShot\1569231004651isInvalid.png' src='screenShot\1569231004651isInvalid.png' data-src='screenShot\1569231004651isInvalid.png'>
				</td>
			</tr>
			<tr class='log' status='pass'>
				<td class='status pass' title='pass' alt='pass'><i class='material-icons'>check_circle</i></td>
				<td class='timestamp'>4:30:05 PM</td>
				<td class='step-details'>
						Test passed
					
				</td>
			</tr>
		</tbody>
	</table>
</div>
					</div>
				</li>
				<li class='test displayed active  pass' status='pass' bdd='false' test-id='320'>
					<div class='test-heading'>
						<span class='test-name'>Case20_24_WidgetBrick_1v6_Test_ValidateExpirationDate.todayValue ( )</span>
						<span class='test-time'>Sep 23, 2019 04:30:06 PM</span>
						<span class='test-status right pass'>pass</span>
					</div>
					<div class='test-content hide'>
<div class='test-time-info'>
	<span class='label start-time'>Sep 23, 2019 04:30:06 PM</span>
	<span class='label end-time'>Sep 23, 2019 04:30:23 PM</span>
	<span class='label time-taken grey lighten-1 white-text'>0h 0m 17s+445ms</span>
</div>
<div class='test-attributes'>
	<div class='category-list'>
		<span class='category label'>testSuiteT3</span>
	</div>
</div>
<div class='test-steps'>
	<table class='bordered table-results'>
		<thead>
			<tr>
				<th>Status</th>
				<th>Timestamp</th>
				<th>Details</th>
			</tr>
		</thead>
		<tbody>
			<tr class='log' status='info'>
				<td class='status info' title='info' alt='info'><i class='material-icons'>info_outline</i></td>
				<td class='timestamp'>4:30:23 PM</td>
				<td class='step-details'>
						isValid
					<img class='r-img' onerror='this.style.display="none"' data-featherlight='screenShot\1569231022322isValid.png' src='screenShot\1569231022322isValid.png' data-src='screenShot\1569231022322isValid.png'>
				</td>
			</tr>
			<tr class='log' status='pass'>
				<td class='status pass' title='pass' alt='pass'><i class='material-icons'>check_circle</i></td>
				<td class='timestamp'>4:30:23 PM</td>
				<td class='step-details'>
						Test passed
					
				</td>
			</tr>
		</tbody>
	</table>
</div>
					</div>
				</li>
				<li class='test displayed active  pass' status='pass' bdd='false' test-id='349'>
					<div class='test-heading'>
						<span class='test-name'>Case25_32_WidgetBrick_1v6_Test_ValidateOthers.emailWithOutAt ( )</span>
						<span class='test-time'>Sep 23, 2019 04:30:33 PM</span>
						<span class='test-status right pass'>pass</span>
					</div>
					<div class='test-content hide'>
<div class='test-time-info'>
	<span class='label start-time'>Sep 23, 2019 04:30:33 PM</span>
	<span class='label end-time'>Sep 23, 2019 04:31:02 PM</span>
	<span class='label time-taken grey lighten-1 white-text'>0h 0m 29s+97ms</span>
</div>
<div class='test-attributes'>
	<div class='category-list'>
		<span class='category label'>testSuiteT3</span>
	</div>
</div>
<div class='test-steps'>
	<table class='bordered table-results'>
		<thead>
			<tr>
				<th>Status</th>
				<th>Timestamp</th>
				<th>Details</th>
			</tr>
		</thead>
		<tbody>
			<tr class='log' status='info'>
				<td class='status info' title='info' alt='info'><i class='material-icons'>info_outline</i></td>
				<td class='timestamp'>4:31:02 PM</td>
				<td class='step-details'>
						isInvalid
					<img class='r-img' onerror='this.style.display="none"' data-featherlight='screenShot\1569231061400isInvalid.png' src='screenShot\1569231061400isInvalid.png' data-src='screenShot\1569231061400isInvalid.png'>
				</td>
			</tr>
			<tr class='log' status='info'>
				<td class='status info' title='info' alt='info'><i class='material-icons'>info_outline</i></td>
				<td class='timestamp'>4:31:02 PM</td>
				<td class='step-details'>
						[EMAIL][ErrorTextValue] expected {Please enter a valid email address} to equal to actual {Please enter a valid email address}<br />
					
				</td>
			</tr>
			<tr class='log' status='pass'>
				<td class='status pass' title='pass' alt='pass'><i class='material-icons'>check_circle</i></td>
				<td class='timestamp'>4:31:02 PM</td>
				<td class='step-details'>
						Test passed
					
				</td>
			</tr>
		</tbody>
	</table>
</div>
					</div>
				</li>
				<li class='test displayed active  pass' status='pass' bdd='false' test-id='378'>
					<div class='test-heading'>
						<span class='test-name'>Case25_32_WidgetBrick_1v6_Test_ValidateOthers.emailWithOutDot ( )</span>
						<span class='test-time'>Sep 23, 2019 04:31:02 PM</span>
						<span class='test-status right pass'>pass</span>
					</div>
					<div class='test-content hide'>
<div class='test-time-info'>
	<span class='label start-time'>Sep 23, 2019 04:31:02 PM</span>
	<span class='label end-time'>Sep 23, 2019 04:31:28 PM</span>
	<span class='label time-taken grey lighten-1 white-text'>0h 0m 25s+779ms</span>
</div>
<div class='test-attributes'>
	<div class='category-list'>
		<span class='category label'>testSuiteT3</span>
	</div>
</div>
<div class='test-steps'>
	<table class='bordered table-results'>
		<thead>
			<tr>
				<th>Status</th>
				<th>Timestamp</th>
				<th>Details</th>
			</tr>
		</thead>
		<tbody>
			<tr class='log' status='info'>
				<td class='status info' title='info' alt='info'><i class='material-icons'>info_outline</i></td>
				<td class='timestamp'>4:31:28 PM</td>
				<td class='step-details'>
						isInvalid
					<img class='r-img' onerror='this.style.display="none"' data-featherlight='screenShot\1569231087369isInvalid.png' src='screenShot\1569231087369isInvalid.png' data-src='screenShot\1569231087369isInvalid.png'>
				</td>
			</tr>
			<tr class='log' status='info'>
				<td class='status info' title='info' alt='info'><i class='material-icons'>info_outline</i></td>
				<td class='timestamp'>4:31:28 PM</td>
				<td class='step-details'>
						[EMAIL][ErrorTextValue] expected {Please enter a valid email address} to equal to actual {Please enter a valid email address}<br />
					
				</td>
			</tr>
			<tr class='log' status='pass'>
				<td class='status pass' title='pass' alt='pass'><i class='material-icons'>check_circle</i></td>
				<td class='timestamp'>4:31:28 PM</td>
				<td class='step-details'>
						Test passed
					
				</td>
			</tr>
		</tbody>
	</table>
</div>
					</div>
				</li>
				<li class='test displayed active  pass' status='pass' bdd='false' test-id='407'>
					<div class='test-heading'>
						<span class='test-name'>Case25_32_WidgetBrick_1v6_Test_ValidateOthers.firstNameAsNumber ( )</span>
						<span class='test-time'>Sep 23, 2019 04:31:28 PM</span>
						<span class='test-status right pass'>pass</span>
					</div>
					<div class='test-content hide'>
<div class='test-time-info'>
	<span class='label start-time'>Sep 23, 2019 04:31:28 PM</span>
	<span class='label end-time'>Sep 23, 2019 04:31:57 PM</span>
	<span class='label time-taken grey lighten-1 white-text'>0h 0m 28s+306ms</span>
</div>
<div class='test-attributes'>
	<div class='category-list'>
		<span class='category label'>testSuiteT3</span>
	</div>
</div>
<div class='test-steps'>
	<table class='bordered table-results'>
		<thead>
			<tr>
				<th>Status</th>
				<th>Timestamp</th>
				<th>Details</th>
			</tr>
		</thead>
		<tbody>
			<tr class='log' status='info'>
				<td class='status info' title='info' alt='info'><i class='material-icons'>info_outline</i></td>
				<td class='timestamp'>4:31:57 PM</td>
				<td class='step-details'>
						isFormError
					<img class='r-img' onerror='this.style.display="none"' data-featherlight='screenShot\1569231115972isFormError.png' src='screenShot\1569231115972isFormError.png' data-src='screenShot\1569231115972isFormError.png'>
				</td>
			</tr>
			<tr class='log' status='info'>
				<td class='status info' title='info' alt='info'><i class='material-icons'>info_outline</i></td>
				<td class='timestamp'>4:31:57 PM</td>
				<td class='step-details'>
						[Text value] expected {Please check first name} to equal to actual {Please check first name}<br />
					
				</td>
			</tr>
			<tr class='log' status='pass'>
				<td class='status pass' title='pass' alt='pass'><i class='material-icons'>check_circle</i></td>
				<td class='timestamp'>4:31:57 PM</td>
				<td class='step-details'>
						Test passed
					
				</td>
			</tr>
		</tbody>
	</table>
</div>
					</div>
				</li>
				<li class='test displayed active  pass' status='pass' bdd='false' test-id='436'>
					<div class='test-heading'>
						<span class='test-name'>Case25_32_WidgetBrick_1v6_Test_ValidateOthers.lastNameAsNumber ( )</span>
						<span class='test-time'>Sep 23, 2019 04:31:57 PM</span>
						<span class='test-status right pass'>pass</span>
					</div>
					<div class='test-content hide'>
<div class='test-time-info'>
	<span class='label start-time'>Sep 23, 2019 04:31:57 PM</span>
	<span class='label end-time'>Sep 23, 2019 04:32:24 PM</span>
	<span class='label time-taken grey lighten-1 white-text'>0h 0m 27s+119ms</span>
</div>
<div class='test-attributes'>
	<div class='category-list'>
		<span class='category label'>testSuiteT3</span>
	</div>
</div>
<div class='test-steps'>
	<table class='bordered table-results'>
		<thead>
			<tr>
				<th>Status</th>
				<th>Timestamp</th>
				<th>Details</th>
			</tr>
		</thead>
		<tbody>
			<tr class='log' status='info'>
				<td class='status info' title='info' alt='info'><i class='material-icons'>info_outline</i></td>
				<td class='timestamp'>4:32:24 PM</td>
				<td class='step-details'>
						isFormError
					<img class='r-img' onerror='this.style.display="none"' data-featherlight='screenShot\1569231143317isFormError.png' src='screenShot\1569231143317isFormError.png' data-src='screenShot\1569231143317isFormError.png'>
				</td>
			</tr>
			<tr class='log' status='info'>
				<td class='status info' title='info' alt='info'><i class='material-icons'>info_outline</i></td>
				<td class='timestamp'>4:32:24 PM</td>
				<td class='step-details'>
						[Text value] expected {Please check last name} to equal to actual {Please check last name}<br />
					
				</td>
			</tr>
			<tr class='log' status='pass'>
				<td class='status pass' title='pass' alt='pass'><i class='material-icons'>check_circle</i></td>
				<td class='timestamp'>4:32:24 PM</td>
				<td class='step-details'>
						Test passed
					
				</td>
			</tr>
		</tbody>
	</table>
</div>
					</div>
				</li>
				<li class='test displayed active  fail' status='fail' bdd='false' test-id='465'>
					<div class='test-heading'>
						<span class='test-name'>Case25_32_WidgetBrick_1v6_Test_ValidateOthers.nameAsNumber ( )</span>
						<span class='test-time'>Sep 23, 2019 04:32:24 PM</span>
						<span class='test-status right fail'>fail</span>
					</div>
					<div class='test-content hide'>
<div class='test-time-info'>
	<span class='label start-time'>Sep 23, 2019 04:32:24 PM</span>
	<span class='label end-time'>Sep 23, 2019 04:32:53 PM</span>
	<span class='label time-taken grey lighten-1 white-text'>0h 0m 28s+443ms</span>
</div>
<div class='test-attributes'>
	<div class='category-list'>
		<span class='category label'>testSuiteT3</span>
	</div>
</div>
<div class='test-steps'>
	<table class='bordered table-results'>
		<thead>
			<tr>
				<th>Status</th>
				<th>Timestamp</th>
				<th>Details</th>
			</tr>
		</thead>
		<tbody>
			<tr class='log' status='info'>
				<td class='status info' title='info' alt='info'><i class='material-icons'>info_outline</i></td>
				<td class='timestamp'>4:32:53 PM</td>
				<td class='step-details'>
						isFormError
					<img class='r-img' onerror='this.style.display="none"' data-featherlight='screenShot\1569231171966isFormError.png' src='screenShot\1569231171966isFormError.png' data-src='screenShot\1569231171966isFormError.png'>
				</td>
			</tr>
			<tr class='log' status='info'>
				<td class='status info' title='info' alt='info'><i class='material-icons'>info_outline</i></td>
				<td class='timestamp'>4:32:53 PM</td>
				<td class='step-details'>
						[Text value] expected {Please check firstname/last name} to equal to actual {Please check first namePlease check last name}<br />
					
				</td>
			</tr>
			<tr class='log' status='fail'>
				<td class='status fail' title='fail' alt='fail'><i class='material-icons'>cancel</i></td>
				<td class='timestamp'>4:32:53 PM</td>
				<td class='step-details'>
						<textarea disabled class="code-block">java.lang.AssertionError: The following asserts failed:
	[Text value] expected [Please check firstname/last name] but found [Please check first namePlease check last name]
	at automation.project3ds.Assertion.end(Assertion.java:26)
	at Case25_32_WidgetBrick_1v6_Test_ValidateOthers.nameAsNumber(Case25_32_WidgetBrick_1v6_Test_ValidateOthers.java:72)
	at sun.reflect.NativeMethodAccessorImpl.invoke0(Native Method)
	at sun.reflect.NativeMethodAccessorImpl.invoke(NativeMethodAccessorImpl.java:62)
	at sun.reflect.DelegatingMethodAccessorImpl.invoke(DelegatingMethodAccessorImpl.java:43)
	at java.lang.reflect.Method.invoke(Method.java:498)
	at org.testng.internal.MethodInvocationHelper.invokeMethod(MethodInvocationHelper.java:124)
	at org.testng.internal.Invoker.invokeMethod(Invoker.java:583)
	at org.testng.internal.Invoker.invokeTestMethod(Invoker.java:719)
	at org.testng.internal.Invoker.invokeTestMethods(Invoker.java:989)
	at org.testng.internal.TestMethodWorker.invokeTestMethods(TestMethodWorker.java:125)
	at org.testng.internal.TestMethodWorker.run(TestMethodWorker.java:109)
	at org.testng.TestRunner.privateRun(TestRunner.java:648)
	at org.testng.TestRunner.run(TestRunner.java:505)
	at org.testng.SuiteRunner.runTest(SuiteRunner.java:455)
	at org.testng.SuiteRunner.runSequentially(SuiteRunner.java:450)
	at org.testng.SuiteRunner.privateRun(SuiteRunner.java:415)
	at org.testng.SuiteRunner.run(SuiteRunner.java:364)
	at org.testng.SuiteRunnerWorker.runSuite(SuiteRunnerWorker.java:52)
	at org.testng.SuiteRunnerWorker.run(SuiteRunnerWorker.java:84)
	at org.testng.TestNG.runSuitesSequentially(TestNG.java:1208)
	at org.testng.TestNG.runSuitesLocally(TestNG.java:1137)
	at org.testng.TestNG.runSuites(TestNG.java:1049)
	at org.testng.TestNG.run(TestNG.java:1017)
	at org.testng.remote.AbstractRemoteTestNG.run(AbstractRemoteTestNG.java:115)
	at org.testng.remote.RemoteTestNG.initAndRun(RemoteTestNG.java:251)
	at org.testng.remote.RemoteTestNG.main(RemoteTestNG.java:77)
</textarea>
					
				</td>
			</tr>
			<tr class='log' status='fail'>
				<td class='status fail' title='fail' alt='fail'><i class='material-icons'>cancel</i></td>
				<td class='timestamp'>4:32:53 PM</td>
				<td class='step-details'>
						Test Failed
					
				</td>
			</tr>
		</tbody>
	</table>
</div>
					</div>
				</li>
				<li class='test displayed active  fail' status='fail' bdd='false' test-id='494'>
					<div class='test-heading'>
						<span class='test-name'>Case33_37_WidgetBrick_1v6_Test_StaticLink.privacyPolicy ( )</span>
						<span class='test-time'>Sep 23, 2019 04:33:04 PM</span>
						<span class='test-status right fail'>fail</span>
					</div>
					<div class='test-content hide'>
<div class='test-time-info'>
	<span class='label start-time'>Sep 23, 2019 04:33:04 PM</span>
	<span class='label end-time'>Sep 23, 2019 04:34:42 PM</span>
	<span class='label time-taken grey lighten-1 white-text'>0h 1m 38s+33ms</span>
</div>
<div class='test-attributes'>
	<div class='category-list'>
		<span class='category label'>testSuiteT3</span>
	</div>
</div>
<div class='test-steps'>
	<table class='bordered table-results'>
		<thead>
			<tr>
				<th>Status</th>
				<th>Timestamp</th>
				<th>Details</th>
			</tr>
		</thead>
		<tbody>
			<tr class='log' status='info'>
				<td class='status info' title='info' alt='info'><i class='material-icons'>info_outline</i></td>
				<td class='timestamp'>4:34:41 PM</td>
				<td class='step-details'>
						failedGetElement
					<img class='r-img' onerror='this.style.display="none"' data-featherlight='screenShot\1569231280734failedGetElement.png' src='screenShot\1569231280734failedGetElement.png' data-src='screenShot\1569231280734failedGetElement.png'>
				</td>
			</tr>
			<tr class='log' status='fail'>
				<td class='status fail' title='fail' alt='fail'><i class='material-icons'>cancel</i></td>
				<td class='timestamp'>4:34:42 PM</td>
				<td class='step-details'>
						<textarea disabled class="code-block">org.openqa.selenium.NoSuchElementException: Unable to find element with xpath == //*[contains(@class,'footer_copy_and_privacy')]/a
For documentation on this error, please visit: https://www.seleniumhq.org/exceptions/no_such_element.html
Build info: version: '3.141.59', revision: 'e82be7d358', time: '2018-11-14T08:17:03'
System info: host: 'PW-HAN-063', ip: '192.168.10.136', os.name: 'Windows 10', os.arch: 'amd64', os.version: '10.0', java.version: '1.8.0_221'
Driver info: org.openqa.selenium.ie.InternetExplorerDriver
Capabilities {acceptInsecureCerts: false, browserName: internet explorer, browserVersion: 11, javascriptEnabled: true, pageLoadStrategy: normal, platform: WINDOWS, platformName: WINDOWS, proxy: Proxy(), se:ieOptions: {browserAttachTimeout: 0, elementScrollBehavior: 0, enablePersistentHover: true, ie.browserCommandLineSwitches: , ie.ensureCleanSession: false, ie.fileUploadDialogTimeout: 3000, ie.forceCreateProcessApi: false, ignoreProtectedModeSettings: false, ignoreZoomSetting: false, initialBrowserUrl: http://localhost:47979/, nativeEvents: true, requireWindowFocus: false}, setWindowRect: true, timeouts: {implicit: 0, pageLoad: 300000, script: 30000}}
Session ID: 8db30171-352a-47a3-9501-b19e671e49ec
*** Element info: {Using=xpath, value=//*[contains(@class,'footer_copy_and_privacy')]/a}
	at sun.reflect.GeneratedConstructorAccessor14.newInstance(Unknown Source)
	at sun.reflect.DelegatingConstructorAccessorImpl.newInstance(DelegatingConstructorAccessorImpl.java:45)
	at java.lang.reflect.Constructor.newInstance(Constructor.java:423)
	at org.openqa.selenium.remote.http.W3CHttpResponseCodec.createException(W3CHttpResponseCodec.java:187)
	at org.openqa.selenium.remote.http.W3CHttpResponseCodec.decode(W3CHttpResponseCodec.java:122)
	at org.openqa.selenium.remote.http.W3CHttpResponseCodec.decode(W3CHttpResponseCodec.java:49)
	at org.openqa.selenium.remote.HttpCommandExecutor.execute(HttpCommandExecutor.java:158)
	at org.openqa.selenium.remote.service.DriverCommandExecutor.execute(DriverCommandExecutor.java:83)
	at org.openqa.selenium.remote.RemoteWebDriver.execute(RemoteWebDriver.java:552)
	at org.openqa.selenium.remote.RemoteWebDriver.findElement(RemoteWebDriver.java:323)
	at org.openqa.selenium.remote.RemoteWebDriver.findElementByXPath(RemoteWebDriver.java:428)
	at org.openqa.selenium.By$ByXPath.findElement(By.java:353)
	at org.openqa.selenium.remote.RemoteWebDriver.findElement(RemoteWebDriver.java:315)
	at automation.project3ds.Driver.getElement(Driver.java:240)
	at automation.project3ds.Driver.getElement(Driver.java:244)
	at automation.project3ds.WidgetMainFrame.clickPrivacyPolicy(WidgetMainFrame.java:154)
	at Case33_37_WidgetBrick_1v6_Test_StaticLink.privacyPolicy(Case33_37_WidgetBrick_1v6_Test_StaticLink.java:46)
	at sun.reflect.NativeMethodAccessorImpl.invoke0(Native Method)
	at sun.reflect.NativeMethodAccessorImpl.invoke(NativeMethodAccessorImpl.java:62)
	at sun.reflect.DelegatingMethodAccessorImpl.invoke(DelegatingMethodAccessorImpl.java:43)
	at java.lang.reflect.Method.invoke(Method.java:498)
	at org.testng.internal.MethodInvocationHelper.invokeMethod(MethodInvocationHelper.java:124)
	at org.testng.internal.Invoker.invokeMethod(Invoker.java:583)
	at org.testng.internal.Invoker.invokeTestMethod(Invoker.java:719)
	at org.testng.internal.Invoker.invokeTestMethods(Invoker.java:989)
	at org.testng.internal.TestMethodWorker.invokeTestMethods(TestMethodWorker.java:125)
	at org.testng.internal.TestMethodWorker.run(TestMethodWorker.java:109)
	at org.testng.TestRunner.privateRun(TestRunner.java:648)
	at org.testng.TestRunner.run(TestRunner.java:505)
	at org.testng.SuiteRunner.runTest(SuiteRunner.java:455)
	at org.testng.SuiteRunner.runSequentially(SuiteRunner.java:450)
	at org.testng.SuiteRunner.privateRun(SuiteRunner.java:415)
	at org.testng.SuiteRunner.run(SuiteRunner.java:364)
	at org.testng.SuiteRunnerWorker.runSuite(SuiteRunnerWorker.java:52)
	at org.testng.SuiteRunnerWorker.run(SuiteRunnerWorker.java:84)
	at org.testng.TestNG.runSuitesSequentially(TestNG.java:1208)
	at org.testng.TestNG.runSuitesLocally(TestNG.java:1137)
	at org.testng.TestNG.runSuites(TestNG.java:1049)
	at org.testng.TestNG.run(TestNG.java:1017)
	at org.testng.remote.AbstractRemoteTestNG.run(AbstractRemoteTestNG.java:115)
	at org.testng.remote.RemoteTestNG.initAndRun(RemoteTestNG.java:251)
	at org.testng.remote.RemoteTestNG.main(RemoteTestNG.java:77)
</textarea>
					
				</td>
			</tr>
			<tr class='log' status='fail'>
				<td class='status fail' title='fail' alt='fail'><i class='material-icons'>cancel</i></td>
				<td class='timestamp'>4:34:42 PM</td>
				<td class='step-details'>
						Test Failed
					
				</td>
			</tr>
		</tbody>
	</table>
</div>
					</div>
				</li>
				<li class='test displayed active  fail' status='fail' bdd='false' test-id='523'>
					<div class='test-heading'>
						<span class='test-name'>Case33_37_WidgetBrick_1v6_Test_StaticLink.storedCardSwitch ( )</span>
						<span class='test-time'>Sep 23, 2019 04:34:42 PM</span>
						<span class='test-status right fail'>fail</span>
					</div>
					<div class='test-content hide'>
<div class='test-time-info'>
	<span class='label start-time'>Sep 23, 2019 04:34:42 PM</span>
	<span class='label end-time'>Sep 23, 2019 04:36:22 PM</span>
	<span class='label time-taken grey lighten-1 white-text'>0h 1m 40s+137ms</span>
</div>
<div class='test-attributes'>
	<div class='category-list'>
		<span class='category label'>testSuiteT3</span>
	</div>
</div>
<div class='test-steps'>
	<table class='bordered table-results'>
		<thead>
			<tr>
				<th>Status</th>
				<th>Timestamp</th>
				<th>Details</th>
			</tr>
		</thead>
		<tbody>
			<tr class='log' status='info'>
				<td class='status info' title='info' alt='info'><i class='material-icons'>info_outline</i></td>
				<td class='timestamp'>4:36:22 PM</td>
				<td class='step-details'>
						failedGetElement
					<img class='r-img' onerror='this.style.display="none"' data-featherlight='screenShot\1569231380941failedGetElement.png' src='screenShot\1569231380941failedGetElement.png' data-src='screenShot\1569231380941failedGetElement.png'>
				</td>
			</tr>
			<tr class='log' status='fail'>
				<td class='status fail' title='fail' alt='fail'><i class='material-icons'>cancel</i></td>
				<td class='timestamp'>4:36:22 PM</td>
				<td class='step-details'>
						<textarea disabled class="code-block">org.openqa.selenium.NoSuchElementException: Unable to find element with xpath == //*[contains(@class,'js-brick-step-form is-active')]//a[@data-phrase='back-to-stored-cards']
For documentation on this error, please visit: https://www.seleniumhq.org/exceptions/no_such_element.html
Build info: version: '3.141.59', revision: 'e82be7d358', time: '2018-11-14T08:17:03'
System info: host: 'PW-HAN-063', ip: '192.168.10.136', os.name: 'Windows 10', os.arch: 'amd64', os.version: '10.0', java.version: '1.8.0_221'
Driver info: org.openqa.selenium.ie.InternetExplorerDriver
Capabilities {acceptInsecureCerts: false, browserName: internet explorer, browserVersion: 11, javascriptEnabled: true, pageLoadStrategy: normal, platform: WINDOWS, platformName: WINDOWS, proxy: Proxy(), se:ieOptions: {browserAttachTimeout: 0, elementScrollBehavior: 0, enablePersistentHover: true, ie.browserCommandLineSwitches: , ie.ensureCleanSession: false, ie.fileUploadDialogTimeout: 3000, ie.forceCreateProcessApi: false, ignoreProtectedModeSettings: false, ignoreZoomSetting: false, initialBrowserUrl: http://localhost:47979/, nativeEvents: true, requireWindowFocus: false}, setWindowRect: true, timeouts: {implicit: 0, pageLoad: 300000, script: 30000}}
Session ID: 8db30171-352a-47a3-9501-b19e671e49ec
*** Element info: {Using=xpath, value=//*[contains(@class,'js-brick-step-form is-active')]//a[@data-phrase='back-to-stored-cards']}
	at sun.reflect.GeneratedConstructorAccessor14.newInstance(Unknown Source)
	at sun.reflect.DelegatingConstructorAccessorImpl.newInstance(DelegatingConstructorAccessorImpl.java:45)
	at java.lang.reflect.Constructor.newInstance(Constructor.java:423)
	at org.openqa.selenium.remote.http.W3CHttpResponseCodec.createException(W3CHttpResponseCodec.java:187)
	at org.openqa.selenium.remote.http.W3CHttpResponseCodec.decode(W3CHttpResponseCodec.java:122)
	at org.openqa.selenium.remote.http.W3CHttpResponseCodec.decode(W3CHttpResponseCodec.java:49)
	at org.openqa.selenium.remote.HttpCommandExecutor.execute(HttpCommandExecutor.java:158)
	at org.openqa.selenium.remote.service.DriverCommandExecutor.execute(DriverCommandExecutor.java:83)
	at org.openqa.selenium.remote.RemoteWebDriver.execute(RemoteWebDriver.java:552)
	at org.openqa.selenium.remote.RemoteWebDriver.findElement(RemoteWebDriver.java:323)
	at org.openqa.selenium.remote.RemoteWebDriver.findElementByXPath(RemoteWebDriver.java:428)
	at org.openqa.selenium.By$ByXPath.findElement(By.java:353)
	at org.openqa.selenium.remote.RemoteWebDriver.findElement(RemoteWebDriver.java:315)
	at automation.project3ds.Driver.getElement(Driver.java:240)
	at automation.project3ds.Driver.getElement(Driver.java:244)
	at automation.project3ds.WidgetIframecc.clickBackToStoredCard(WidgetIframecc.java:137)
	at Case33_37_WidgetBrick_1v6_Test_StaticLink.storedCardSwitch(Case33_37_WidgetBrick_1v6_Test_StaticLink.java:107)
	at sun.reflect.NativeMethodAccessorImpl.invoke0(Native Method)
	at sun.reflect.NativeMethodAccessorImpl.invoke(NativeMethodAccessorImpl.java:62)
	at sun.reflect.DelegatingMethodAccessorImpl.invoke(DelegatingMethodAccessorImpl.java:43)
	at java.lang.reflect.Method.invoke(Method.java:498)
	at org.testng.internal.MethodInvocationHelper.invokeMethod(MethodInvocationHelper.java:124)
	at org.testng.internal.Invoker.invokeMethod(Invoker.java:583)
	at org.testng.internal.Invoker.invokeTestMethod(Invoker.java:719)
	at org.testng.internal.Invoker.invokeTestMethods(Invoker.java:989)
	at org.testng.internal.TestMethodWorker.invokeTestMethods(TestMethodWorker.java:125)
	at org.testng.internal.TestMethodWorker.run(TestMethodWorker.java:109)
	at org.testng.TestRunner.privateRun(TestRunner.java:648)
	at org.testng.TestRunner.run(TestRunner.java:505)
	at org.testng.SuiteRunner.runTest(SuiteRunner.java:455)
	at org.testng.SuiteRunner.runSequentially(SuiteRunner.java:450)
	at org.testng.SuiteRunner.privateRun(SuiteRunner.java:415)
	at org.testng.SuiteRunner.run(SuiteRunner.java:364)
	at org.testng.SuiteRunnerWorker.runSuite(SuiteRunnerWorker.java:52)
	at org.testng.SuiteRunnerWorker.run(SuiteRunnerWorker.java:84)
	at org.testng.TestNG.runSuitesSequentially(TestNG.java:1208)
	at org.testng.TestNG.runSuitesLocally(TestNG.java:1137)
	at org.testng.TestNG.runSuites(TestNG.java:1049)
	at org.testng.TestNG.run(TestNG.java:1017)
	at org.testng.remote.AbstractRemoteTestNG.run(AbstractRemoteTestNG.java:115)
	at org.testng.remote.RemoteTestNG.initAndRun(RemoteTestNG.java:251)
	at org.testng.remote.RemoteTestNG.main(RemoteTestNG.java:77)
</textarea>
					
				</td>
			</tr>
			<tr class='log' status='fail'>
				<td class='status fail' title='fail' alt='fail'><i class='material-icons'>cancel</i></td>
				<td class='timestamp'>4:36:22 PM</td>
				<td class='step-details'>
						Test Failed
					
				</td>
			</tr>
		</tbody>
	</table>
</div>
					</div>
				</li>
				<li class='test displayed active  pass' status='pass' bdd='false' test-id='552'>
					<div class='test-heading'>
						<span class='test-name'>Case33_37_WidgetBrick_1v6_Test_StaticLink.terms ( )</span>
						<span class='test-time'>Sep 23, 2019 04:36:22 PM</span>
						<span class='test-status right pass'>pass</span>
					</div>
					<div class='test-content hide'>
<div class='test-time-info'>
	<span class='label start-time'>Sep 23, 2019 04:36:22 PM</span>
	<span class='label end-time'>Sep 23, 2019 04:36:41 PM</span>
	<span class='label time-taken grey lighten-1 white-text'>0h 0m 18s+361ms</span>
</div>
<div class='test-attributes'>
	<div class='category-list'>
		<span class='category label'>testSuiteT3</span>
	</div>
</div>
<div class='test-steps'>
	<table class='bordered table-results'>
		<thead>
			<tr>
				<th>Status</th>
				<th>Timestamp</th>
				<th>Details</th>
			</tr>
		</thead>
		<tbody>
			<tr class='log' status='info'>
				<td class='status info' title='info' alt='info'><i class='material-icons'>info_outline</i></td>
				<td class='timestamp'>4:36:41 PM</td>
				<td class='step-details'>
						[Term] expected {https://www.paymentwall.com/en/terms} to equal to actual {https://www.paymentwall.com/en/terms}<br />
					
				</td>
			</tr>
			<tr class='log' status='pass'>
				<td class='status pass' title='pass' alt='pass'><i class='material-icons'>check_circle</i></td>
				<td class='timestamp'>4:36:41 PM</td>
				<td class='step-details'>
						Test passed
					
				</td>
			</tr>
		</tbody>
	</table>
</div>
					</div>
				</li>
				<li class='test displayed active  fail' status='fail' bdd='false' test-id='581'>
					<div class='test-heading'>
						<span class='test-name'>Case33_37_WidgetBrick_1v6_Test_StaticLink.tryAgain ( )</span>
						<span class='test-time'>Sep 23, 2019 04:36:41 PM</span>
						<span class='test-status right fail'>fail</span>
					</div>
					<div class='test-content hide'>
<div class='test-time-info'>
	<span class='label start-time'>Sep 23, 2019 04:36:41 PM</span>
	<span class='label end-time'>Sep 23, 2019 04:38:39 PM</span>
	<span class='label time-taken grey lighten-1 white-text'>0h 1m 58s+318ms</span>
</div>
<div class='test-attributes'>
	<div class='category-list'>
		<span class='category label'>testSuiteT3</span>
	</div>
</div>
<div class='test-steps'>
	<table class='bordered table-results'>
		<thead>
			<tr>
				<th>Status</th>
				<th>Timestamp</th>
				<th>Details</th>
			</tr>
		</thead>
		<tbody>
			<tr class='log' status='info'>
				<td class='status info' title='info' alt='info'><i class='material-icons'>info_outline</i></td>
				<td class='timestamp'>4:37:13 PM</td>
				<td class='step-details'>
						tryAgain
					<img class='r-img' onerror='this.style.display="none"' data-featherlight='screenShot\1569231432897tryAgain.png' src='screenShot\1569231432897tryAgain.png' data-src='screenShot\1569231432897tryAgain.png'>
				</td>
			</tr>
			<tr class='log' status='info'>
				<td class='status info' title='info' alt='info'><i class='material-icons'>info_outline</i></td>
				<td class='timestamp'>4:38:39 PM</td>
				<td class='step-details'>
						failedGetElement
					<img class='r-img' onerror='this.style.display="none"' data-featherlight='screenShot\1569231518354failedGetElement.png' src='screenShot\1569231518354failedGetElement.png' data-src='screenShot\1569231518354failedGetElement.png'>
				</td>
			</tr>
			<tr class='log' status='fail'>
				<td class='status fail' title='fail' alt='fail'><i class='material-icons'>cancel</i></td>
				<td class='timestamp'>4:38:39 PM</td>
				<td class='step-details'>
						<textarea disabled class="code-block">org.openqa.selenium.NoSuchElementException: Unable to find element with xpath == //*[contains(@class,'is-active')]//*[contains(@class,'js-brick-submit')]
For documentation on this error, please visit: https://www.seleniumhq.org/exceptions/no_such_element.html
Build info: version: '3.141.59', revision: 'e82be7d358', time: '2018-11-14T08:17:03'
System info: host: 'PW-HAN-063', ip: '192.168.10.136', os.name: 'Windows 10', os.arch: 'amd64', os.version: '10.0', java.version: '1.8.0_221'
Driver info: org.openqa.selenium.ie.InternetExplorerDriver
Capabilities {acceptInsecureCerts: false, browserName: internet explorer, browserVersion: 11, javascriptEnabled: true, pageLoadStrategy: normal, platform: WINDOWS, platformName: WINDOWS, proxy: Proxy(), se:ieOptions: {browserAttachTimeout: 0, elementScrollBehavior: 0, enablePersistentHover: true, ie.browserCommandLineSwitches: , ie.ensureCleanSession: false, ie.fileUploadDialogTimeout: 3000, ie.forceCreateProcessApi: false, ignoreProtectedModeSettings: false, ignoreZoomSetting: false, initialBrowserUrl: http://localhost:47979/, nativeEvents: true, requireWindowFocus: false}, setWindowRect: true, timeouts: {implicit: 0, pageLoad: 300000, script: 30000}}
Session ID: 8db30171-352a-47a3-9501-b19e671e49ec
*** Element info: {Using=xpath, value=//*[contains(@class,'is-active')]//*[contains(@class,'js-brick-submit')]}
	at sun.reflect.GeneratedConstructorAccessor14.newInstance(Unknown Source)
	at sun.reflect.DelegatingConstructorAccessorImpl.newInstance(DelegatingConstructorAccessorImpl.java:45)
	at java.lang.reflect.Constructor.newInstance(Constructor.java:423)
	at org.openqa.selenium.remote.http.W3CHttpResponseCodec.createException(W3CHttpResponseCodec.java:187)
	at org.openqa.selenium.remote.http.W3CHttpResponseCodec.decode(W3CHttpResponseCodec.java:122)
	at org.openqa.selenium.remote.http.W3CHttpResponseCodec.decode(W3CHttpResponseCodec.java:49)
	at org.openqa.selenium.remote.HttpCommandExecutor.execute(HttpCommandExecutor.java:158)
	at org.openqa.selenium.remote.service.DriverCommandExecutor.execute(DriverCommandExecutor.java:83)
	at org.openqa.selenium.remote.RemoteWebDriver.execute(RemoteWebDriver.java:552)
	at org.openqa.selenium.remote.RemoteWebDriver.findElement(RemoteWebDriver.java:323)
	at org.openqa.selenium.remote.RemoteWebDriver.findElementByXPath(RemoteWebDriver.java:428)
	at org.openqa.selenium.By$ByXPath.findElement(By.java:353)
	at org.openqa.selenium.remote.RemoteWebDriver.findElement(RemoteWebDriver.java:315)
	at automation.project3ds.Driver.getElement(Driver.java:240)
	at automation.project3ds.Driver.getElement(Driver.java:244)
	at automation.project3ds.WidgetIframecc.clickBuyButton(WidgetIframecc.java:219)
	at Case33_37_WidgetBrick_1v6_Test_StaticLink.tryAgain(Case33_37_WidgetBrick_1v6_Test_StaticLink.java:96)
	at sun.reflect.NativeMethodAccessorImpl.invoke0(Native Method)
	at sun.reflect.NativeMethodAccessorImpl.invoke(NativeMethodAccessorImpl.java:62)
	at sun.reflect.DelegatingMethodAccessorImpl.invoke(DelegatingMethodAccessorImpl.java:43)
	at java.lang.reflect.Method.invoke(Method.java:498)
	at org.testng.internal.MethodInvocationHelper.invokeMethod(MethodInvocationHelper.java:124)
	at org.testng.internal.Invoker.invokeMethod(Invoker.java:583)
	at org.testng.internal.Invoker.invokeTestMethod(Invoker.java:719)
	at org.testng.internal.Invoker.invokeTestMethods(Invoker.java:989)
	at org.testng.internal.TestMethodWorker.invokeTestMethods(TestMethodWorker.java:125)
	at org.testng.internal.TestMethodWorker.run(TestMethodWorker.java:109)
	at org.testng.TestRunner.privateRun(TestRunner.java:648)
	at org.testng.TestRunner.run(TestRunner.java:505)
	at org.testng.SuiteRunner.runTest(SuiteRunner.java:455)
	at org.testng.SuiteRunner.runSequentially(SuiteRunner.java:450)
	at org.testng.SuiteRunner.privateRun(SuiteRunner.java:415)
	at org.testng.SuiteRunner.run(SuiteRunner.java:364)
	at org.testng.SuiteRunnerWorker.runSuite(SuiteRunnerWorker.java:52)
	at org.testng.SuiteRunnerWorker.run(SuiteRunnerWorker.java:84)
	at org.testng.TestNG.runSuitesSequentially(TestNG.java:1208)
	at org.testng.TestNG.runSuitesLocally(TestNG.java:1137)
	at org.testng.TestNG.runSuites(TestNG.java:1049)
	at org.testng.TestNG.run(TestNG.java:1017)
	at org.testng.remote.AbstractRemoteTestNG.run(AbstractRemoteTestNG.java:115)
	at org.testng.remote.RemoteTestNG.initAndRun(RemoteTestNG.java:251)
	at org.testng.remote.RemoteTestNG.main(RemoteTestNG.java:77)
</textarea>
					
				</td>
			</tr>
			<tr class='log' status='fail'>
				<td class='status fail' title='fail' alt='fail'><i class='material-icons'>cancel</i></td>
				<td class='timestamp'>4:38:39 PM</td>
				<td class='step-details'>
						Test Failed
					
				</td>
			</tr>
		</tbody>
	</table>
</div>
					</div>
				</li>
				<li class='test displayed active  fail' status='fail' bdd='false' test-id='610'>
					<div class='test-heading'>
						<span class='test-name'>Case39_40_WidgetBrick_1v6_Test_3ds.failedOTP ( )</span>
						<span class='test-time'>Sep 23, 2019 04:38:54 PM</span>
						<span class='test-status right fail'>fail</span>
					</div>
					<div class='test-content hide'>
<div class='test-time-info'>
	<span class='label start-time'>Sep 23, 2019 04:38:54 PM</span>
	<span class='label end-time'>Sep 23, 2019 04:40:59 PM</span>
	<span class='label time-taken grey lighten-1 white-text'>0h 2m 4s+831ms</span>
</div>
<div class='test-attributes'>
	<div class='category-list'>
		<span class='category label'>testSuiteT3</span>
	</div>
</div>
<div class='test-steps'>
	<table class='bordered table-results'>
		<thead>
			<tr>
				<th>Status</th>
				<th>Timestamp</th>
				<th>Details</th>
			</tr>
		</thead>
		<tbody>
			<tr class='log' status='info'>
				<td class='status info' title='info' alt='info'><i class='material-icons'>info_outline</i></td>
				<td class='timestamp'>4:40:58 PM</td>
				<td class='step-details'>
						failedGetElement
					<img class='r-img' onerror='this.style.display="none"' data-featherlight='screenShot\1569231657755failedGetElement.png' src='screenShot\1569231657755failedGetElement.png' data-src='screenShot\1569231657755failedGetElement.png'>
				</td>
			</tr>
			<tr class='log' status='fail'>
				<td class='status fail' title='fail' alt='fail'><i class='material-icons'>cancel</i></td>
				<td class='timestamp'>4:40:59 PM</td>
				<td class='step-details'>
						<textarea disabled class="code-block">org.openqa.selenium.NoSuchElementException: Unable to find element with xpath == //input[@name='code']
For documentation on this error, please visit: https://www.seleniumhq.org/exceptions/no_such_element.html
Build info: version: '3.141.59', revision: 'e82be7d358', time: '2018-11-14T08:17:03'
System info: host: 'PW-HAN-063', ip: '192.168.10.136', os.name: 'Windows 10', os.arch: 'amd64', os.version: '10.0', java.version: '1.8.0_221'
Driver info: org.openqa.selenium.ie.InternetExplorerDriver
Capabilities {acceptInsecureCerts: false, browserName: internet explorer, browserVersion: 11, javascriptEnabled: true, pageLoadStrategy: normal, platform: WINDOWS, platformName: WINDOWS, proxy: Proxy(), se:ieOptions: {browserAttachTimeout: 0, elementScrollBehavior: 0, enablePersistentHover: true, ie.browserCommandLineSwitches: , ie.ensureCleanSession: false, ie.fileUploadDialogTimeout: 3000, ie.forceCreateProcessApi: false, ignoreProtectedModeSettings: false, ignoreZoomSetting: false, initialBrowserUrl: http://localhost:9436/, nativeEvents: true, requireWindowFocus: false}, setWindowRect: true, timeouts: {implicit: 0, pageLoad: 300000, script: 30000}}
Session ID: 9c7af418-396d-4b64-85f3-5f7c65a9f484
*** Element info: {Using=xpath, value=//input[@name='code']}
	at sun.reflect.GeneratedConstructorAccessor14.newInstance(Unknown Source)
	at sun.reflect.DelegatingConstructorAccessorImpl.newInstance(DelegatingConstructorAccessorImpl.java:45)
	at java.lang.reflect.Constructor.newInstance(Constructor.java:423)
	at org.openqa.selenium.remote.http.W3CHttpResponseCodec.createException(W3CHttpResponseCodec.java:187)
	at org.openqa.selenium.remote.http.W3CHttpResponseCodec.decode(W3CHttpResponseCodec.java:122)
	at org.openqa.selenium.remote.http.W3CHttpResponseCodec.decode(W3CHttpResponseCodec.java:49)
	at org.openqa.selenium.remote.HttpCommandExecutor.execute(HttpCommandExecutor.java:158)
	at org.openqa.selenium.remote.service.DriverCommandExecutor.execute(DriverCommandExecutor.java:83)
	at org.openqa.selenium.remote.RemoteWebDriver.execute(RemoteWebDriver.java:552)
	at org.openqa.selenium.remote.RemoteWebDriver.findElement(RemoteWebDriver.java:323)
	at org.openqa.selenium.remote.RemoteWebDriver.findElementByXPath(RemoteWebDriver.java:428)
	at org.openqa.selenium.By$ByXPath.findElement(By.java:353)
	at org.openqa.selenium.remote.RemoteWebDriver.findElement(RemoteWebDriver.java:315)
	at automation.project3ds.Driver.getElement(Driver.java:240)
	at automation.project3ds.Driver.getElement(Driver.java:244)
	at automation.project3ds.Widget3dsNoIframe.setPassword(Widget3dsNoIframe.java:54)
	at automation.project3ds.Widget3dsNoIframe.failed3ds(Widget3dsNoIframe.java:27)
	at Case39_40_WidgetBrick_1v6_Test_3ds.failedOTP(Case39_40_WidgetBrick_1v6_Test_3ds.java:101)
	at sun.reflect.NativeMethodAccessorImpl.invoke0(Native Method)
	at sun.reflect.NativeMethodAccessorImpl.invoke(NativeMethodAccessorImpl.java:62)
	at sun.reflect.DelegatingMethodAccessorImpl.invoke(DelegatingMethodAccessorImpl.java:43)
	at java.lang.reflect.Method.invoke(Method.java:498)
	at org.testng.internal.MethodInvocationHelper.invokeMethod(MethodInvocationHelper.java:124)
	at org.testng.internal.Invoker.invokeMethod(Invoker.java:583)
	at org.testng.internal.Invoker.invokeTestMethod(Invoker.java:719)
	at org.testng.internal.Invoker.invokeTestMethods(Invoker.java:989)
	at org.testng.internal.TestMethodWorker.invokeTestMethods(TestMethodWorker.java:125)
	at org.testng.internal.TestMethodWorker.run(TestMethodWorker.java:109)
	at org.testng.TestRunner.privateRun(TestRunner.java:648)
	at org.testng.TestRunner.run(TestRunner.java:505)
	at org.testng.SuiteRunner.runTest(SuiteRunner.java:455)
	at org.testng.SuiteRunner.runSequentially(SuiteRunner.java:450)
	at org.testng.SuiteRunner.privateRun(SuiteRunner.java:415)
	at org.testng.SuiteRunner.run(SuiteRunner.java:364)
	at org.testng.SuiteRunnerWorker.runSuite(SuiteRunnerWorker.java:52)
	at org.testng.SuiteRunnerWorker.run(SuiteRunnerWorker.java:84)
	at org.testng.TestNG.runSuitesSequentially(TestNG.java:1208)
	at org.testng.TestNG.runSuitesLocally(TestNG.java:1137)
	at org.testng.TestNG.runSuites(TestNG.java:1049)
	at org.testng.TestNG.run(TestNG.java:1017)
	at org.testng.remote.AbstractRemoteTestNG.run(AbstractRemoteTestNG.java:115)
	at org.testng.remote.RemoteTestNG.initAndRun(RemoteTestNG.java:251)
	at org.testng.remote.RemoteTestNG.main(RemoteTestNG.java:77)
</textarea>
					
				</td>
			</tr>
			<tr class='log' status='fail'>
				<td class='status fail' title='fail' alt='fail'><i class='material-icons'>cancel</i></td>
				<td class='timestamp'>4:40:59 PM</td>
				<td class='step-details'>
						Test Failed
					
				</td>
			</tr>
		</tbody>
	</table>
</div>
					</div>
				</li>
				<li class='test displayed active  pass' status='pass' bdd='false' test-id='639'>
					<div class='test-heading'>
						<span class='test-name'>Case39_40_WidgetBrick_1v6_Test_3ds.no3ds ( )</span>
						<span class='test-time'>Sep 23, 2019 04:40:59 PM</span>
						<span class='test-status right pass'>pass</span>
					</div>
					<div class='test-content hide'>
<div class='test-time-info'>
	<span class='label start-time'>Sep 23, 2019 04:40:59 PM</span>
	<span class='label end-time'>Sep 23, 2019 04:41:25 PM</span>
	<span class='label time-taken grey lighten-1 white-text'>0h 0m 25s+621ms</span>
</div>
<div class='test-attributes'>
	<div class='category-list'>
		<span class='category label'>testSuiteT3</span>
	</div>
</div>
<div class='test-steps'>
	<table class='bordered table-results'>
		<thead>
			<tr>
				<th>Status</th>
				<th>Timestamp</th>
				<th>Details</th>
			</tr>
		</thead>
		<tbody>
			<tr class='log' status='info'>
				<td class='status info' title='info' alt='info'><i class='material-icons'>info_outline</i></td>
				<td class='timestamp'>4:41:25 PM</td>
				<td class='step-details'>
						[IsSuccess] expected {true} to equal to actual {true}<br />
					
				</td>
			</tr>
			<tr class='log' status='pass'>
				<td class='status pass' title='pass' alt='pass'><i class='material-icons'>check_circle</i></td>
				<td class='timestamp'>4:41:25 PM</td>
				<td class='step-details'>
						Test passed
					
				</td>
			</tr>
		</tbody>
	</table>
</div>
					</div>
				</li>
				<li class='test displayed active  pass' status='pass' bdd='false' test-id='668'>
					<div class='test-heading'>
						<span class='test-name'>Case39_40_WidgetBrick_1v6_Test_3ds.optional3ds ( )</span>
						<span class='test-time'>Sep 23, 2019 04:41:25 PM</span>
						<span class='test-status right pass'>pass</span>
					</div>
					<div class='test-content hide'>
<div class='test-time-info'>
	<span class='label start-time'>Sep 23, 2019 04:41:25 PM</span>
	<span class='label end-time'>Sep 23, 2019 04:42:11 PM</span>
	<span class='label time-taken grey lighten-1 white-text'>0h 0m 46s+426ms</span>
</div>
<div class='test-attributes'>
	<div class='category-list'>
		<span class='category label'>testSuiteT3</span>
	</div>
</div>
<div class='test-steps'>
	<table class='bordered table-results'>
		<thead>
			<tr>
				<th>Status</th>
				<th>Timestamp</th>
				<th>Details</th>
			</tr>
		</thead>
		<tbody>
			<tr class='log' status='info'>
				<td class='status info' title='info' alt='info'><i class='material-icons'>info_outline</i></td>
				<td class='timestamp'>4:42:11 PM</td>
				<td class='step-details'>
						[IsSuccess] expected {true} to equal to actual {true}<br />
					
				</td>
			</tr>
			<tr class='log' status='pass'>
				<td class='status pass' title='pass' alt='pass'><i class='material-icons'>check_circle</i></td>
				<td class='timestamp'>4:42:11 PM</td>
				<td class='step-details'>
						Test passed
					
				</td>
			</tr>
		</tbody>
	</table>
</div>
					</div>
				</li>
				<li class='test displayed active  fail' status='fail' bdd='false' test-id='697'>
					<div class='test-heading'>
						<span class='test-name'>Case41_42_WidgetBrick_1v6_Test_Error.authorizationFailed ( )</span>
						<span class='test-time'>Sep 23, 2019 04:42:20 PM</span>
						<span class='test-status right fail'>fail</span>
					</div>
					<div class='test-content hide'>
<div class='test-time-info'>
	<span class='label start-time'>Sep 23, 2019 04:42:20 PM</span>
	<span class='label end-time'>Sep 23, 2019 04:44:14 PM</span>
	<span class='label time-taken grey lighten-1 white-text'>0h 1m 54s+264ms</span>
</div>
<div class='test-attributes'>
	<div class='category-list'>
		<span class='category label'>testSuiteT3</span>
	</div>
</div>
<div class='test-steps'>
	<table class='bordered table-results'>
		<thead>
			<tr>
				<th>Status</th>
				<th>Timestamp</th>
				<th>Details</th>
			</tr>
		</thead>
		<tbody>
			<tr class='log' status='info'>
				<td class='status info' title='info' alt='info'><i class='material-icons'>info_outline</i></td>
				<td class='timestamp'>4:44:14 PM</td>
				<td class='step-details'>
						failedGetElement
					<img class='r-img' onerror='this.style.display="none"' data-featherlight='screenShot\1569231853407failedGetElement.png' src='screenShot\1569231853407failedGetElement.png' data-src='screenShot\1569231853407failedGetElement.png'>
				</td>
			</tr>
			<tr class='log' status='fail'>
				<td class='status fail' title='fail' alt='fail'><i class='material-icons'>cancel</i></td>
				<td class='timestamp'>4:44:14 PM</td>
				<td class='step-details'>
						<textarea disabled class="code-block">org.openqa.selenium.NoSuchElementException: Unable to find element with xpath == //*[@class='brick-form-errors has-errors'][./following-sibling::*[./*[contains(@class,'brick-step-form') and contains(@class,'is-active')]]]
For documentation on this error, please visit: https://www.seleniumhq.org/exceptions/no_such_element.html
Build info: version: '3.141.59', revision: 'e82be7d358', time: '2018-11-14T08:17:03'
System info: host: 'PW-HAN-063', ip: '192.168.10.136', os.name: 'Windows 10', os.arch: 'amd64', os.version: '10.0', java.version: '1.8.0_221'
Driver info: org.openqa.selenium.ie.InternetExplorerDriver
Capabilities {acceptInsecureCerts: false, browserName: internet explorer, browserVersion: 11, javascriptEnabled: true, pageLoadStrategy: normal, platform: WINDOWS, platformName: WINDOWS, proxy: Proxy(), se:ieOptions: {browserAttachTimeout: 0, elementScrollBehavior: 0, enablePersistentHover: true, ie.browserCommandLineSwitches: , ie.ensureCleanSession: false, ie.fileUploadDialogTimeout: 3000, ie.forceCreateProcessApi: false, ignoreProtectedModeSettings: false, ignoreZoomSetting: false, initialBrowserUrl: http://localhost:10190/, nativeEvents: true, requireWindowFocus: false}, setWindowRect: true, timeouts: {implicit: 0, pageLoad: 300000, script: 30000}}
Session ID: ea0e0222-b410-4d88-b394-1a31fcacec1d
*** Element info: {Using=xpath, value=//*[@class='brick-form-errors has-errors'][./following-sibling::*[./*[contains(@class,'brick-step-form') and contains(@class,'is-active')]]]}
	at sun.reflect.GeneratedConstructorAccessor14.newInstance(Unknown Source)
	at sun.reflect.DelegatingConstructorAccessorImpl.newInstance(DelegatingConstructorAccessorImpl.java:45)
	at java.lang.reflect.Constructor.newInstance(Constructor.java:423)
	at org.openqa.selenium.remote.http.W3CHttpResponseCodec.createException(W3CHttpResponseCodec.java:187)
	at org.openqa.selenium.remote.http.W3CHttpResponseCodec.decode(W3CHttpResponseCodec.java:122)
	at org.openqa.selenium.remote.http.W3CHttpResponseCodec.decode(W3CHttpResponseCodec.java:49)
	at org.openqa.selenium.remote.HttpCommandExecutor.execute(HttpCommandExecutor.java:158)
	at org.openqa.selenium.remote.service.DriverCommandExecutor.execute(DriverCommandExecutor.java:83)
	at org.openqa.selenium.remote.RemoteWebDriver.execute(RemoteWebDriver.java:552)
	at org.openqa.selenium.remote.RemoteWebDriver.findElement(RemoteWebDriver.java:323)
	at org.openqa.selenium.remote.RemoteWebDriver.findElementByXPath(RemoteWebDriver.java:428)
	at org.openqa.selenium.By$ByXPath.findElement(By.java:353)
	at org.openqa.selenium.remote.RemoteWebDriver.findElement(RemoteWebDriver.java:315)
	at automation.project3ds.Driver.getElement(Driver.java:240)
	at automation.project3ds.Driver.getElement(Driver.java:244)
	at automation.project3ds.WidgetIframecc.getFormError(WidgetIframecc.java:98)
	at Case41_42_WidgetBrick_1v6_Test_Error.authorizationFailed(Case41_42_WidgetBrick_1v6_Test_Error.java:48)
	at sun.reflect.NativeMethodAccessorImpl.invoke0(Native Method)
	at sun.reflect.NativeMethodAccessorImpl.invoke(NativeMethodAccessorImpl.java:62)
	at sun.reflect.DelegatingMethodAccessorImpl.invoke(DelegatingMethodAccessorImpl.java:43)
	at java.lang.reflect.Method.invoke(Method.java:498)
	at org.testng.internal.MethodInvocationHelper.invokeMethod(MethodInvocationHelper.java:124)
	at org.testng.internal.Invoker.invokeMethod(Invoker.java:583)
	at org.testng.internal.Invoker.invokeTestMethod(Invoker.java:719)
	at org.testng.internal.Invoker.invokeTestMethods(Invoker.java:989)
	at org.testng.internal.TestMethodWorker.invokeTestMethods(TestMethodWorker.java:125)
	at org.testng.internal.TestMethodWorker.run(TestMethodWorker.java:109)
	at org.testng.TestRunner.privateRun(TestRunner.java:648)
	at org.testng.TestRunner.run(TestRunner.java:505)
	at org.testng.SuiteRunner.runTest(SuiteRunner.java:455)
	at org.testng.SuiteRunner.runSequentially(SuiteRunner.java:450)
	at org.testng.SuiteRunner.privateRun(SuiteRunner.java:415)
	at org.testng.SuiteRunner.run(SuiteRunner.java:364)
	at org.testng.SuiteRunnerWorker.runSuite(SuiteRunnerWorker.java:52)
	at org.testng.SuiteRunnerWorker.run(SuiteRunnerWorker.java:84)
	at org.testng.TestNG.runSuitesSequentially(TestNG.java:1208)
	at org.testng.TestNG.runSuitesLocally(TestNG.java:1137)
	at org.testng.TestNG.runSuites(TestNG.java:1049)
	at org.testng.TestNG.run(TestNG.java:1017)
	at org.testng.remote.AbstractRemoteTestNG.run(AbstractRemoteTestNG.java:115)
	at org.testng.remote.RemoteTestNG.initAndRun(RemoteTestNG.java:251)
	at org.testng.remote.RemoteTestNG.main(RemoteTestNG.java:77)
</textarea>
					
				</td>
			</tr>
			<tr class='log' status='fail'>
				<td class='status fail' title='fail' alt='fail'><i class='material-icons'>cancel</i></td>
				<td class='timestamp'>4:44:14 PM</td>
				<td class='step-details'>
						Test Failed
					
				</td>
			</tr>
		</tbody>
	</table>
</div>
					</div>
				</li>
				<li class='test displayed active  pass' status='pass' bdd='false' test-id='726'>
					<div class='test-heading'>
						<span class='test-name'>Case41_42_WidgetBrick_1v6_Test_Error.captureFailed ( )</span>
						<span class='test-time'>Sep 23, 2019 04:44:15 PM</span>
						<span class='test-status right pass'>pass</span>
					</div>
					<div class='test-content hide'>
<div class='test-time-info'>
	<span class='label start-time'>Sep 23, 2019 04:44:15 PM</span>
	<span class='label end-time'>Sep 23, 2019 04:44:46 PM</span>
	<span class='label time-taken grey lighten-1 white-text'>0h 0m 31s+243ms</span>
</div>
<div class='test-attributes'>
	<div class='category-list'>
		<span class='category label'>testSuiteT3</span>
	</div>
</div>
<div class='test-steps'>
	<table class='bordered table-results'>
		<thead>
			<tr>
				<th>Status</th>
				<th>Timestamp</th>
				<th>Details</th>
			</tr>
		</thead>
		<tbody>
			<tr class='log' status='info'>
				<td class='status info' title='info' alt='info'><i class='material-icons'>info_outline</i></td>
				<td class='timestamp'>4:44:46 PM</td>
				<td class='step-details'>
						isFormError
					<img class='r-img' onerror='this.style.display="none"' data-featherlight='screenShot\1569231885091isFormError.png' src='screenShot\1569231885091isFormError.png' data-src='screenShot\1569231885091isFormError.png'>
				</td>
			</tr>
			<tr class='log' status='info'>
				<td class='status info' title='info' alt='info'><i class='material-icons'>info_outline</i></td>
				<td class='timestamp'>4:44:46 PM</td>
				<td class='step-details'>
						[Text value] expected {We were unable to authorize your card.} to equal to actual {We were unable to authorize your card.}<br />
					
				</td>
			</tr>
			<tr class='log' status='pass'>
				<td class='status pass' title='pass' alt='pass'><i class='material-icons'>check_circle</i></td>
				<td class='timestamp'>4:44:46 PM</td>
				<td class='step-details'>
						Test passed
					
				</td>
			</tr>
		</tbody>
	</table>
</div>
					</div>
				</li>
			</ul>
		</div>
	</div>
	<!-- subview left -->
	<div class='subview-right left'>
		<div class='view-summary'>
			<div id='step-filters' class="right sr-filters">
				<a class="btn-floating waves-effect waves-light green" status="pass" alt="pass" title="pass"><i class="material-icons">check_circle</i></a>
				<a class="btn-floating waves-effect waves-light red" status="fail" alt="fail" title="fail"><i class="material-icons">cancel</i></a>
				<a class="btn-floating waves-effect waves-light red darken-4" status="fatal" alt="fatal" title="fatal"><i class="material-icons">cancel</i></a>
				<a class="btn-floating waves-effect waves-light pink text-lighten-1" status="error" alt="error" title="error"><i class="material-icons">error</i></a>
				<a class="btn-floating waves-effect waves-light orange" alt="warning" status="warning" title="warning"><i class="material-icons">warning</i></a>
				<a class="btn-floating waves-effect waves-light teal" status="skip" alt="skip" title="skip"><i class="material-icons">redo</i></a>
				<a class="btn-floating waves-effect waves-light grey" status="clear" alt="Clear filters" title="Clear filters"><i class="material-icons">clear</i></a>
			</div>
			<h5 class='test-name'></h5>
		</div>
	</div>
	<!-- subview right -->
</div>
<!-- test view --><div id='category-view' class='view hide'>
	<section id='controls'>
		<div class='controls grey lighten-4'>
			<!-- search -->
			<div class='chip transparent' alt='Search Tests' title='Search Tests'>
				<a href="#" class='search-div'>
				<i class='material-icons'>search</i> Search
				</a>
				<div class='input-field left hide'>
					<input id='search-tests' type='text' class='validate browser-default' placeholder='Search Tests...'>
				</div>
			</div>
			<!-- search -->
		</div>
	</section>
	<div class='subview-left left'>
		<div class='view-summary'>
			<ul id='category-collection' class='category-collection'>
				<li class='category displayed active'>
					<div class='category-heading'>
						<span class='category-name'>testSuiteT3</span>
						<span class='category-status right'>
						<span class='label pass'>19</span>
						<span class='label fail'>7</span>
						</span>
					</div>
					<div class='category-content hide'>
						<div class='category-status-counts'>
							<span status="pass" class='label green accent-4 white-text'>Passed: 19</span>
							<span status="fail" class='label red lighten-1 white-text'>Failed: 7</span>
							
						</div>
						<div class='category-tests'>
							<table class='bordered table-results'>
								<thead>
									<tr>
										<th>Timestamp</th>
										<th>TestName</th>
										<th>Status</th>
									</tr>
								</thead>
								<tbody>
									<tr>
										<td>Sep 23, 2019 04:25:48 PM</td>
										<td class='linked' test-id='1'>Case01_12_WidgetBrick_1v6_Test_EmptyTextbox.case01_06_emptyTextboxClick ( )</td>
										<td><span class='test-status fail'>fail</span></td>
									</tr>
									<tr>
										<td>Sep 23, 2019 04:26:30 PM</td>
										<td class='linked' test-id='30'>Case01_12_WidgetBrick_1v6_Test_EmptyTextbox.case07_12_emptyTextboxSubmit ( )</td>
										<td><span class='test-status pass'>pass</span></td>
									</tr>
									<tr>
										<td>Sep 23, 2019 04:27:11 PM</td>
										<td class='linked' test-id='59'>Case13_19_WidgetBrick_1v6_Test_ValidateCardNumber.amexCard ( )</td>
										<td><span class='test-status pass'>pass</span></td>
									</tr>
									<tr>
										<td>Sep 23, 2019 04:27:34 PM</td>
										<td class='linked' test-id='88'>Case13_19_WidgetBrick_1v6_Test_ValidateCardNumber.invalidValue ( )</td>
										<td><span class='test-status pass'>pass</span></td>
									</tr>
									<tr>
										<td>Sep 23, 2019 04:27:55 PM</td>
										<td class='linked' test-id='117'>Case13_19_WidgetBrick_1v6_Test_ValidateCardNumber.masterCard ( )</td>
										<td><span class='test-status pass'>pass</span></td>
									</tr>
									<tr>
										<td>Sep 23, 2019 04:28:15 PM</td>
										<td class='linked' test-id='146'>Case13_19_WidgetBrick_1v6_Test_ValidateCardNumber.supportedBrandButInvalidValue ( )</td>
										<td><span class='test-status pass'>pass</span></td>
									</tr>
									<tr>
										<td>Sep 23, 2019 04:28:31 PM</td>
										<td class='linked' test-id='175'>Case13_19_WidgetBrick_1v6_Test_ValidateCardNumber.unsupportedBrand ( )</td>
										<td><span class='test-status pass'>pass</span></td>
									</tr>
									<tr>
										<td>Sep 23, 2019 04:28:47 PM</td>
										<td class='linked' test-id='204'>Case13_19_WidgetBrick_1v6_Test_ValidateCardNumber.visaCard ( )</td>
										<td><span class='test-status pass'>pass</span></td>
									</tr>
									<tr>
										<td>Sep 23, 2019 04:29:14 PM</td>
										<td class='linked' test-id='233'>Case20_24_WidgetBrick_1v6_Test_ValidateExpirationDate.futureValueLong ( )</td>
										<td><span class='test-status pass'>pass</span></td>
									</tr>
									<tr>
										<td>Sep 23, 2019 04:29:35 PM</td>
										<td class='linked' test-id='262'>Case20_24_WidgetBrick_1v6_Test_ValidateExpirationDate.futureValueShort ( )</td>
										<td><span class='test-status pass'>pass</span></td>
									</tr>
									<tr>
										<td>Sep 23, 2019 04:29:50 PM</td>
										<td class='linked' test-id='291'>Case20_24_WidgetBrick_1v6_Test_ValidateExpirationDate.pastValue ( )</td>
										<td><span class='test-status pass'>pass</span></td>
									</tr>
									<tr>
										<td>Sep 23, 2019 04:30:06 PM</td>
										<td class='linked' test-id='320'>Case20_24_WidgetBrick_1v6_Test_ValidateExpirationDate.todayValue ( )</td>
										<td><span class='test-status pass'>pass</span></td>
									</tr>
									<tr>
										<td>Sep 23, 2019 04:30:33 PM</td>
										<td class='linked' test-id='349'>Case25_32_WidgetBrick_1v6_Test_ValidateOthers.emailWithOutAt ( )</td>
										<td><span class='test-status pass'>pass</span></td>
									</tr>
									<tr>
										<td>Sep 23, 2019 04:31:02 PM</td>
										<td class='linked' test-id='378'>Case25_32_WidgetBrick_1v6_Test_ValidateOthers.emailWithOutDot ( )</td>
										<td><span class='test-status pass'>pass</span></td>
									</tr>
									<tr>
										<td>Sep 23, 2019 04:31:28 PM</td>
										<td class='linked' test-id='407'>Case25_32_WidgetBrick_1v6_Test_ValidateOthers.firstNameAsNumber ( )</td>
										<td><span class='test-status pass'>pass</span></td>
									</tr>
									<tr>
										<td>Sep 23, 2019 04:31:57 PM</td>
										<td class='linked' test-id='436'>Case25_32_WidgetBrick_1v6_Test_ValidateOthers.lastNameAsNumber ( )</td>
										<td><span class='test-status pass'>pass</span></td>
									</tr>
									<tr>
										<td>Sep 23, 2019 04:32:24 PM</td>
										<td class='linked' test-id='465'>Case25_32_WidgetBrick_1v6_Test_ValidateOthers.nameAsNumber ( )</td>
										<td><span class='test-status fail'>fail</span></td>
									</tr>
									<tr>
										<td>Sep 23, 2019 04:33:04 PM</td>
										<td class='linked' test-id='494'>Case33_37_WidgetBrick_1v6_Test_StaticLink.privacyPolicy ( )</td>
										<td><span class='test-status fail'>fail</span></td>
									</tr>
									<tr>
										<td>Sep 23, 2019 04:34:42 PM</td>
										<td class='linked' test-id='523'>Case33_37_WidgetBrick_1v6_Test_StaticLink.storedCardSwitch ( )</td>
										<td><span class='test-status fail'>fail</span></td>
									</tr>
									<tr>
										<td>Sep 23, 2019 04:36:22 PM</td>
										<td class='linked' test-id='552'>Case33_37_WidgetBrick_1v6_Test_StaticLink.terms ( )</td>
										<td><span class='test-status pass'>pass</span></td>
									</tr>
									<tr>
										<td>Sep 23, 2019 04:36:41 PM</td>
										<td class='linked' test-id='581'>Case33_37_WidgetBrick_1v6_Test_StaticLink.tryAgain ( )</td>
										<td><span class='test-status fail'>fail</span></td>
									</tr>
									<tr>
										<td>Sep 23, 2019 04:38:54 PM</td>
										<td class='linked' test-id='610'>Case39_40_WidgetBrick_1v6_Test_3ds.failedOTP ( )</td>
										<td><span class='test-status fail'>fail</span></td>
									</tr>
									<tr>
										<td>Sep 23, 2019 04:40:59 PM</td>
										<td class='linked' test-id='639'>Case39_40_WidgetBrick_1v6_Test_3ds.no3ds ( )</td>
										<td><span class='test-status pass'>pass</span></td>
									</tr>
									<tr>
										<td>Sep 23, 2019 04:41:25 PM</td>
										<td class='linked' test-id='668'>Case39_40_WidgetBrick_1v6_Test_3ds.optional3ds ( )</td>
										<td><span class='test-status pass'>pass</span></td>
									</tr>
									<tr>
										<td>Sep 23, 2019 04:42:20 PM</td>
										<td class='linked' test-id='697'>Case41_42_WidgetBrick_1v6_Test_Error.authorizationFailed ( )</td>
										<td><span class='test-status fail'>fail</span></td>
									</tr>
									<tr>
										<td>Sep 23, 2019 04:44:15 PM</td>
										<td class='linked' test-id='726'>Case41_42_WidgetBrick_1v6_Test_Error.captureFailed ( )</td>
										<td><span class='test-status pass'>pass</span></td>
									</tr>
								</tbody>
							</table>
						</div>
					</div>
				</li>
			</ul>
		</div>
	</div>
	<div class='subview-right left'>
		<div class='view-summary'>
			<h5 class='category-name'></h5>
		</div>
	</div>
</div>
<!-- category view --><div id='exception-view' class='view hide'>
	<section id='controls'>
		<div class='controls grey lighten-4'>
			<!-- search -->
			<div class='chip transparent' alt='Search Tests' title='Search Tests'>
				<a href="#" class='search-div'>
				<i class='material-icons'>search</i> Search
				</a>
				<div class='input-field left hide'>
					<input id='search-tests' type='text' class='validate browser-default' placeholder='Search Tests...'>
				</div>
			</div>
			<!-- search -->
		</div>
	</section>
	<div class='subview-left left'>
		<div class='view-summary'>
			<ul id='exception-collection' class='exception-collection'>
				<li class='exception displayed active'>
					<div class='exception-heading'>
						<span class='exception-name'>java.lang.AssertionError</span>
						<span class='exception-count right'><span class='label red lighten-1 white-text'>2</span></span>
					</div>
					<div class='exception-content hide'>
						<div class='exception-tests'>
							<table class='bordered table-results'>
								<thead>
									<tr>
										<th>Timestamp</th>
										<th>TestName</th>
										<th>Status</th>
									</tr>
								</thead>
								<tbody>
									<tr>
										<td>Sep 23, 2019 04:25:48 PM</td>
										<td class='linked' test-id='1'>Case01_12_WidgetBrick_1v6_Test_EmptyTextbox.case01_06_emptyTextboxClick ( )</td>
										<td>
											<textarea disabled class="code-block">java.lang.AssertionError: The following asserts failed:
	[CVV/CVC/CID 000][ErrorTextValue] expected [Please enter CVV code] but found []
	at automation.project3ds.Assertion.end(Assertion.java:26)
	at Case01_12_WidgetBrick_1v6_Test_EmptyTextbox.case01_06_emptyTextboxClick(Case01_12_WidgetBrick_1v6_Test_EmptyTextbox.java:55)
	at sun.reflect.NativeMethodAccessorImpl.invoke0(Native Method)
	at sun.reflect.NativeMethodAccessorImpl.invoke(NativeMethodAccessorImpl.java:62)
	at sun.reflect.DelegatingMethodAccessorImpl.invoke(DelegatingMethodAccessorImpl.java:43)
	at java.lang.reflect.Method.invoke(Method.java:498)
	at org.testng.internal.MethodInvocationHelper.invokeMethod(MethodInvocationHelper.java:124)
	at org.testng.internal.Invoker.invokeMethod(Invoker.java:583)
	at org.testng.internal.Invoker.invokeTestMethod(Invoker.java:719)
	at org.testng.internal.Invoker.invokeTestMethods(Invoker.java:989)
	at org.testng.internal.TestMethodWorker.invokeTestMethods(TestMethodWorker.java:125)
	at org.testng.internal.TestMethodWorker.run(TestMethodWorker.java:109)
	at org.testng.TestRunner.privateRun(TestRunner.java:648)
	at org.testng.TestRunner.run(TestRunner.java:505)
	at org.testng.SuiteRunner.runTest(SuiteRunner.java:455)
	at org.testng.SuiteRunner.runSequentially(SuiteRunner.java:450)
	at org.testng.SuiteRunner.privateRun(SuiteRunner.java:415)
	at org.testng.SuiteRunner.run(SuiteRunner.java:364)
	at org.testng.SuiteRunnerWorker.runSuite(SuiteRunnerWorker.java:52)
	at org.testng.SuiteRunnerWorker.run(SuiteRunnerWorker.java:84)
	at org.testng.TestNG.runSuitesSequentially(TestNG.java:1208)
	at org.testng.TestNG.runSuitesLocally(TestNG.java:1137)
	at org.testng.TestNG.runSuites(TestNG.java:1049)
	at org.testng.TestNG.run(TestNG.java:1017)
	at org.testng.remote.AbstractRemoteTestNG.run(AbstractRemoteTestNG.java:115)
	at org.testng.remote.RemoteTestNG.initAndRun(RemoteTestNG.java:251)
	at org.testng.remote.RemoteTestNG.main(RemoteTestNG.java:77)
</textarea>
										</td>
									</tr>
									<tr>
										<td>Sep 23, 2019 04:32:24 PM</td>
										<td class='linked' test-id='465'>Case25_32_WidgetBrick_1v6_Test_ValidateOthers.nameAsNumber ( )</td>
										<td>
											<textarea disabled class="code-block">java.lang.AssertionError: The following asserts failed:
	[Text value] expected [Please check firstname/last name] but found [Please check first namePlease check last name]
	at automation.project3ds.Assertion.end(Assertion.java:26)
	at Case25_32_WidgetBrick_1v6_Test_ValidateOthers.nameAsNumber(Case25_32_WidgetBrick_1v6_Test_ValidateOthers.java:72)
	at sun.reflect.NativeMethodAccessorImpl.invoke0(Native Method)
	at sun.reflect.NativeMethodAccessorImpl.invoke(NativeMethodAccessorImpl.java:62)
	at sun.reflect.DelegatingMethodAccessorImpl.invoke(DelegatingMethodAccessorImpl.java:43)
	at java.lang.reflect.Method.invoke(Method.java:498)
	at org.testng.internal.MethodInvocationHelper.invokeMethod(MethodInvocationHelper.java:124)
	at org.testng.internal.Invoker.invokeMethod(Invoker.java:583)
	at org.testng.internal.Invoker.invokeTestMethod(Invoker.java:719)
	at org.testng.internal.Invoker.invokeTestMethods(Invoker.java:989)
	at org.testng.internal.TestMethodWorker.invokeTestMethods(TestMethodWorker.java:125)
	at org.testng.internal.TestMethodWorker.run(TestMethodWorker.java:109)
	at org.testng.TestRunner.privateRun(TestRunner.java:648)
	at org.testng.TestRunner.run(TestRunner.java:505)
	at org.testng.SuiteRunner.runTest(SuiteRunner.java:455)
	at org.testng.SuiteRunner.runSequentially(SuiteRunner.java:450)
	at org.testng.SuiteRunner.privateRun(SuiteRunner.java:415)
	at org.testng.SuiteRunner.run(SuiteRunner.java:364)
	at org.testng.SuiteRunnerWorker.runSuite(SuiteRunnerWorker.java:52)
	at org.testng.SuiteRunnerWorker.run(SuiteRunnerWorker.java:84)
	at org.testng.TestNG.runSuitesSequentially(TestNG.java:1208)
	at org.testng.TestNG.runSuitesLocally(TestNG.java:1137)
	at org.testng.TestNG.runSuites(TestNG.java:1049)
	at org.testng.TestNG.run(TestNG.java:1017)
	at org.testng.remote.AbstractRemoteTestNG.run(AbstractRemoteTestNG.java:115)
	at org.testng.remote.RemoteTestNG.initAndRun(RemoteTestNG.java:251)
	at org.testng.remote.RemoteTestNG.main(RemoteTestNG.java:77)
</textarea>
										</td>
									</tr>
								</tbody>
							</table>
						</div>
					</div>
				</li>
				<li class='exception displayed active'>
					<div class='exception-heading'>
						<span class='exception-name'>org.openqa.selenium.NoSuchElementException</span>
						<span class='exception-count right'><span class='label red lighten-1 white-text'>5</span></span>
					</div>
					<div class='exception-content hide'>
						<div class='exception-tests'>
							<table class='bordered table-results'>
								<thead>
									<tr>
										<th>Timestamp</th>
										<th>TestName</th>
										<th>Status</th>
									</tr>
								</thead>
								<tbody>
									<tr>
										<td>Sep 23, 2019 04:33:04 PM</td>
										<td class='linked' test-id='494'>Case33_37_WidgetBrick_1v6_Test_StaticLink.privacyPolicy ( )</td>
										<td>
											<textarea disabled class="code-block">org.openqa.selenium.NoSuchElementException: Unable to find element with xpath == //*[contains(@class,'footer_copy_and_privacy')]/a
For documentation on this error, please visit: https://www.seleniumhq.org/exceptions/no_such_element.html
Build info: version: '3.141.59', revision: 'e82be7d358', time: '2018-11-14T08:17:03'
System info: host: 'PW-HAN-063', ip: '192.168.10.136', os.name: 'Windows 10', os.arch: 'amd64', os.version: '10.0', java.version: '1.8.0_221'
Driver info: org.openqa.selenium.ie.InternetExplorerDriver
Capabilities {acceptInsecureCerts: false, browserName: internet explorer, browserVersion: 11, javascriptEnabled: true, pageLoadStrategy: normal, platform: WINDOWS, platformName: WINDOWS, proxy: Proxy(), se:ieOptions: {browserAttachTimeout: 0, elementScrollBehavior: 0, enablePersistentHover: true, ie.browserCommandLineSwitches: , ie.ensureCleanSession: false, ie.fileUploadDialogTimeout: 3000, ie.forceCreateProcessApi: false, ignoreProtectedModeSettings: false, ignoreZoomSetting: false, initialBrowserUrl: http://localhost:47979/, nativeEvents: true, requireWindowFocus: false}, setWindowRect: true, timeouts: {implicit: 0, pageLoad: 300000, script: 30000}}
Session ID: 8db30171-352a-47a3-9501-b19e671e49ec
*** Element info: {Using=xpath, value=//*[contains(@class,'footer_copy_and_privacy')]/a}
	at sun.reflect.GeneratedConstructorAccessor14.newInstance(Unknown Source)
	at sun.reflect.DelegatingConstructorAccessorImpl.newInstance(DelegatingConstructorAccessorImpl.java:45)
	at java.lang.reflect.Constructor.newInstance(Constructor.java:423)
	at org.openqa.selenium.remote.http.W3CHttpResponseCodec.createException(W3CHttpResponseCodec.java:187)
	at org.openqa.selenium.remote.http.W3CHttpResponseCodec.decode(W3CHttpResponseCodec.java:122)
	at org.openqa.selenium.remote.http.W3CHttpResponseCodec.decode(W3CHttpResponseCodec.java:49)
	at org.openqa.selenium.remote.HttpCommandExecutor.execute(HttpCommandExecutor.java:158)
	at org.openqa.selenium.remote.service.DriverCommandExecutor.execute(DriverCommandExecutor.java:83)
	at org.openqa.selenium.remote.RemoteWebDriver.execute(RemoteWebDriver.java:552)
	at org.openqa.selenium.remote.RemoteWebDriver.findElement(RemoteWebDriver.java:323)
	at org.openqa.selenium.remote.RemoteWebDriver.findElementByXPath(RemoteWebDriver.java:428)
	at org.openqa.selenium.By$ByXPath.findElement(By.java:353)
	at org.openqa.selenium.remote.RemoteWebDriver.findElement(RemoteWebDriver.java:315)
	at automation.project3ds.Driver.getElement(Driver.java:240)
	at automation.project3ds.Driver.getElement(Driver.java:244)
	at automation.project3ds.WidgetMainFrame.clickPrivacyPolicy(WidgetMainFrame.java:154)
	at Case33_37_WidgetBrick_1v6_Test_StaticLink.privacyPolicy(Case33_37_WidgetBrick_1v6_Test_StaticLink.java:46)
	at sun.reflect.NativeMethodAccessorImpl.invoke0(Native Method)
	at sun.reflect.NativeMethodAccessorImpl.invoke(NativeMethodAccessorImpl.java:62)
	at sun.reflect.DelegatingMethodAccessorImpl.invoke(DelegatingMethodAccessorImpl.java:43)
	at java.lang.reflect.Method.invoke(Method.java:498)
	at org.testng.internal.MethodInvocationHelper.invokeMethod(MethodInvocationHelper.java:124)
	at org.testng.internal.Invoker.invokeMethod(Invoker.java:583)
	at org.testng.internal.Invoker.invokeTestMethod(Invoker.java:719)
	at org.testng.internal.Invoker.invokeTestMethods(Invoker.java:989)
	at org.testng.internal.TestMethodWorker.invokeTestMethods(TestMethodWorker.java:125)
	at org.testng.internal.TestMethodWorker.run(TestMethodWorker.java:109)
	at org.testng.TestRunner.privateRun(TestRunner.java:648)
	at org.testng.TestRunner.run(TestRunner.java:505)
	at org.testng.SuiteRunner.runTest(SuiteRunner.java:455)
	at org.testng.SuiteRunner.runSequentially(SuiteRunner.java:450)
	at org.testng.SuiteRunner.privateRun(SuiteRunner.java:415)
	at org.testng.SuiteRunner.run(SuiteRunner.java:364)
	at org.testng.SuiteRunnerWorker.runSuite(SuiteRunnerWorker.java:52)
	at org.testng.SuiteRunnerWorker.run(SuiteRunnerWorker.java:84)
	at org.testng.TestNG.runSuitesSequentially(TestNG.java:1208)
	at org.testng.TestNG.runSuitesLocally(TestNG.java:1137)
	at org.testng.TestNG.runSuites(TestNG.java:1049)
	at org.testng.TestNG.run(TestNG.java:1017)
	at org.testng.remote.AbstractRemoteTestNG.run(AbstractRemoteTestNG.java:115)
	at org.testng.remote.RemoteTestNG.initAndRun(RemoteTestNG.java:251)
	at org.testng.remote.RemoteTestNG.main(RemoteTestNG.java:77)
</textarea>
										</td>
									</tr>
									<tr>
										<td>Sep 23, 2019 04:34:42 PM</td>
										<td class='linked' test-id='523'>Case33_37_WidgetBrick_1v6_Test_StaticLink.storedCardSwitch ( )</td>
										<td>
											<textarea disabled class="code-block">org.openqa.selenium.NoSuchElementException: Unable to find element with xpath == //*[contains(@class,'js-brick-step-form is-active')]//a[@data-phrase='back-to-stored-cards']
For documentation on this error, please visit: https://www.seleniumhq.org/exceptions/no_such_element.html
Build info: version: '3.141.59', revision: 'e82be7d358', time: '2018-11-14T08:17:03'
System info: host: 'PW-HAN-063', ip: '192.168.10.136', os.name: 'Windows 10', os.arch: 'amd64', os.version: '10.0', java.version: '1.8.0_221'
Driver info: org.openqa.selenium.ie.InternetExplorerDriver
Capabilities {acceptInsecureCerts: false, browserName: internet explorer, browserVersion: 11, javascriptEnabled: true, pageLoadStrategy: normal, platform: WINDOWS, platformName: WINDOWS, proxy: Proxy(), se:ieOptions: {browserAttachTimeout: 0, elementScrollBehavior: 0, enablePersistentHover: true, ie.browserCommandLineSwitches: , ie.ensureCleanSession: false, ie.fileUploadDialogTimeout: 3000, ie.forceCreateProcessApi: false, ignoreProtectedModeSettings: false, ignoreZoomSetting: false, initialBrowserUrl: http://localhost:47979/, nativeEvents: true, requireWindowFocus: false}, setWindowRect: true, timeouts: {implicit: 0, pageLoad: 300000, script: 30000}}
Session ID: 8db30171-352a-47a3-9501-b19e671e49ec
*** Element info: {Using=xpath, value=//*[contains(@class,'js-brick-step-form is-active')]//a[@data-phrase='back-to-stored-cards']}
	at sun.reflect.GeneratedConstructorAccessor14.newInstance(Unknown Source)
	at sun.reflect.DelegatingConstructorAccessorImpl.newInstance(DelegatingConstructorAccessorImpl.java:45)
	at java.lang.reflect.Constructor.newInstance(Constructor.java:423)
	at org.openqa.selenium.remote.http.W3CHttpResponseCodec.createException(W3CHttpResponseCodec.java:187)
	at org.openqa.selenium.remote.http.W3CHttpResponseCodec.decode(W3CHttpResponseCodec.java:122)
	at org.openqa.selenium.remote.http.W3CHttpResponseCodec.decode(W3CHttpResponseCodec.java:49)
	at org.openqa.selenium.remote.HttpCommandExecutor.execute(HttpCommandExecutor.java:158)
	at org.openqa.selenium.remote.service.DriverCommandExecutor.execute(DriverCommandExecutor.java:83)
	at org.openqa.selenium.remote.RemoteWebDriver.execute(RemoteWebDriver.java:552)
	at org.openqa.selenium.remote.RemoteWebDriver.findElement(RemoteWebDriver.java:323)
	at org.openqa.selenium.remote.RemoteWebDriver.findElementByXPath(RemoteWebDriver.java:428)
	at org.openqa.selenium.By$ByXPath.findElement(By.java:353)
	at org.openqa.selenium.remote.RemoteWebDriver.findElement(RemoteWebDriver.java:315)
	at automation.project3ds.Driver.getElement(Driver.java:240)
	at automation.project3ds.Driver.getElement(Driver.java:244)
	at automation.project3ds.WidgetIframecc.clickBackToStoredCard(WidgetIframecc.java:137)
	at Case33_37_WidgetBrick_1v6_Test_StaticLink.storedCardSwitch(Case33_37_WidgetBrick_1v6_Test_StaticLink.java:107)
	at sun.reflect.NativeMethodAccessorImpl.invoke0(Native Method)
	at sun.reflect.NativeMethodAccessorImpl.invoke(NativeMethodAccessorImpl.java:62)
	at sun.reflect.DelegatingMethodAccessorImpl.invoke(DelegatingMethodAccessorImpl.java:43)
	at java.lang.reflect.Method.invoke(Method.java:498)
	at org.testng.internal.MethodInvocationHelper.invokeMethod(MethodInvocationHelper.java:124)
	at org.testng.internal.Invoker.invokeMethod(Invoker.java:583)
	at org.testng.internal.Invoker.invokeTestMethod(Invoker.java:719)
	at org.testng.internal.Invoker.invokeTestMethods(Invoker.java:989)
	at org.testng.internal.TestMethodWorker.invokeTestMethods(TestMethodWorker.java:125)
	at org.testng.internal.TestMethodWorker.run(TestMethodWorker.java:109)
	at org.testng.TestRunner.privateRun(TestRunner.java:648)
	at org.testng.TestRunner.run(TestRunner.java:505)
	at org.testng.SuiteRunner.runTest(SuiteRunner.java:455)
	at org.testng.SuiteRunner.runSequentially(SuiteRunner.java:450)
	at org.testng.SuiteRunner.privateRun(SuiteRunner.java:415)
	at org.testng.SuiteRunner.run(SuiteRunner.java:364)
	at org.testng.SuiteRunnerWorker.runSuite(SuiteRunnerWorker.java:52)
	at org.testng.SuiteRunnerWorker.run(SuiteRunnerWorker.java:84)
	at org.testng.TestNG.runSuitesSequentially(TestNG.java:1208)
	at org.testng.TestNG.runSuitesLocally(TestNG.java:1137)
	at org.testng.TestNG.runSuites(TestNG.java:1049)
	at org.testng.TestNG.run(TestNG.java:1017)
	at org.testng.remote.AbstractRemoteTestNG.run(AbstractRemoteTestNG.java:115)
	at org.testng.remote.RemoteTestNG.initAndRun(RemoteTestNG.java:251)
	at org.testng.remote.RemoteTestNG.main(RemoteTestNG.java:77)
</textarea>
										</td>
									</tr>
									<tr>
										<td>Sep 23, 2019 04:36:41 PM</td>
										<td class='linked' test-id='581'>Case33_37_WidgetBrick_1v6_Test_StaticLink.tryAgain ( )</td>
										<td>
											<textarea disabled class="code-block">org.openqa.selenium.NoSuchElementException: Unable to find element with xpath == //*[contains(@class,'is-active')]//*[contains(@class,'js-brick-submit')]
For documentation on this error, please visit: https://www.seleniumhq.org/exceptions/no_such_element.html
Build info: version: '3.141.59', revision: 'e82be7d358', time: '2018-11-14T08:17:03'
System info: host: 'PW-HAN-063', ip: '192.168.10.136', os.name: 'Windows 10', os.arch: 'amd64', os.version: '10.0', java.version: '1.8.0_221'
Driver info: org.openqa.selenium.ie.InternetExplorerDriver
Capabilities {acceptInsecureCerts: false, browserName: internet explorer, browserVersion: 11, javascriptEnabled: true, pageLoadStrategy: normal, platform: WINDOWS, platformName: WINDOWS, proxy: Proxy(), se:ieOptions: {browserAttachTimeout: 0, elementScrollBehavior: 0, enablePersistentHover: true, ie.browserCommandLineSwitches: , ie.ensureCleanSession: false, ie.fileUploadDialogTimeout: 3000, ie.forceCreateProcessApi: false, ignoreProtectedModeSettings: false, ignoreZoomSetting: false, initialBrowserUrl: http://localhost:47979/, nativeEvents: true, requireWindowFocus: false}, setWindowRect: true, timeouts: {implicit: 0, pageLoad: 300000, script: 30000}}
Session ID: 8db30171-352a-47a3-9501-b19e671e49ec
*** Element info: {Using=xpath, value=//*[contains(@class,'is-active')]//*[contains(@class,'js-brick-submit')]}
	at sun.reflect.GeneratedConstructorAccessor14.newInstance(Unknown Source)
	at sun.reflect.DelegatingConstructorAccessorImpl.newInstance(DelegatingConstructorAccessorImpl.java:45)
	at java.lang.reflect.Constructor.newInstance(Constructor.java:423)
	at org.openqa.selenium.remote.http.W3CHttpResponseCodec.createException(W3CHttpResponseCodec.java:187)
	at org.openqa.selenium.remote.http.W3CHttpResponseCodec.decode(W3CHttpResponseCodec.java:122)
	at org.openqa.selenium.remote.http.W3CHttpResponseCodec.decode(W3CHttpResponseCodec.java:49)
	at org.openqa.selenium.remote.HttpCommandExecutor.execute(HttpCommandExecutor.java:158)
	at org.openqa.selenium.remote.service.DriverCommandExecutor.execute(DriverCommandExecutor.java:83)
	at org.openqa.selenium.remote.RemoteWebDriver.execute(RemoteWebDriver.java:552)
	at org.openqa.selenium.remote.RemoteWebDriver.findElement(RemoteWebDriver.java:323)
	at org.openqa.selenium.remote.RemoteWebDriver.findElementByXPath(RemoteWebDriver.java:428)
	at org.openqa.selenium.By$ByXPath.findElement(By.java:353)
	at org.openqa.selenium.remote.RemoteWebDriver.findElement(RemoteWebDriver.java:315)
	at automation.project3ds.Driver.getElement(Driver.java:240)
	at automation.project3ds.Driver.getElement(Driver.java:244)
	at automation.project3ds.WidgetIframecc.clickBuyButton(WidgetIframecc.java:219)
	at Case33_37_WidgetBrick_1v6_Test_StaticLink.tryAgain(Case33_37_WidgetBrick_1v6_Test_StaticLink.java:96)
	at sun.reflect.NativeMethodAccessorImpl.invoke0(Native Method)
	at sun.reflect.NativeMethodAccessorImpl.invoke(NativeMethodAccessorImpl.java:62)
	at sun.reflect.DelegatingMethodAccessorImpl.invoke(DelegatingMethodAccessorImpl.java:43)
	at java.lang.reflect.Method.invoke(Method.java:498)
	at org.testng.internal.MethodInvocationHelper.invokeMethod(MethodInvocationHelper.java:124)
	at org.testng.internal.Invoker.invokeMethod(Invoker.java:583)
	at org.testng.internal.Invoker.invokeTestMethod(Invoker.java:719)
	at org.testng.internal.Invoker.invokeTestMethods(Invoker.java:989)
	at org.testng.internal.TestMethodWorker.invokeTestMethods(TestMethodWorker.java:125)
	at org.testng.internal.TestMethodWorker.run(TestMethodWorker.java:109)
	at org.testng.TestRunner.privateRun(TestRunner.java:648)
	at org.testng.TestRunner.run(TestRunner.java:505)
	at org.testng.SuiteRunner.runTest(SuiteRunner.java:455)
	at org.testng.SuiteRunner.runSequentially(SuiteRunner.java:450)
	at org.testng.SuiteRunner.privateRun(SuiteRunner.java:415)
	at org.testng.SuiteRunner.run(SuiteRunner.java:364)
	at org.testng.SuiteRunnerWorker.runSuite(SuiteRunnerWorker.java:52)
	at org.testng.SuiteRunnerWorker.run(SuiteRunnerWorker.java:84)
	at org.testng.TestNG.runSuitesSequentially(TestNG.java:1208)
	at org.testng.TestNG.runSuitesLocally(TestNG.java:1137)
	at org.testng.TestNG.runSuites(TestNG.java:1049)
	at org.testng.TestNG.run(TestNG.java:1017)
	at org.testng.remote.AbstractRemoteTestNG.run(AbstractRemoteTestNG.java:115)
	at org.testng.remote.RemoteTestNG.initAndRun(RemoteTestNG.java:251)
	at org.testng.remote.RemoteTestNG.main(RemoteTestNG.java:77)
</textarea>
										</td>
									</tr>
									<tr>
										<td>Sep 23, 2019 04:38:54 PM</td>
										<td class='linked' test-id='610'>Case39_40_WidgetBrick_1v6_Test_3ds.failedOTP ( )</td>
										<td>
											<textarea disabled class="code-block">org.openqa.selenium.NoSuchElementException: Unable to find element with xpath == //input[@name='code']
For documentation on this error, please visit: https://www.seleniumhq.org/exceptions/no_such_element.html
Build info: version: '3.141.59', revision: 'e82be7d358', time: '2018-11-14T08:17:03'
System info: host: 'PW-HAN-063', ip: '192.168.10.136', os.name: 'Windows 10', os.arch: 'amd64', os.version: '10.0', java.version: '1.8.0_221'
Driver info: org.openqa.selenium.ie.InternetExplorerDriver
Capabilities {acceptInsecureCerts: false, browserName: internet explorer, browserVersion: 11, javascriptEnabled: true, pageLoadStrategy: normal, platform: WINDOWS, platformName: WINDOWS, proxy: Proxy(), se:ieOptions: {browserAttachTimeout: 0, elementScrollBehavior: 0, enablePersistentHover: true, ie.browserCommandLineSwitches: , ie.ensureCleanSession: false, ie.fileUploadDialogTimeout: 3000, ie.forceCreateProcessApi: false, ignoreProtectedModeSettings: false, ignoreZoomSetting: false, initialBrowserUrl: http://localhost:9436/, nativeEvents: true, requireWindowFocus: false}, setWindowRect: true, timeouts: {implicit: 0, pageLoad: 300000, script: 30000}}
Session ID: 9c7af418-396d-4b64-85f3-5f7c65a9f484
*** Element info: {Using=xpath, value=//input[@name='code']}
	at sun.reflect.GeneratedConstructorAccessor14.newInstance(Unknown Source)
	at sun.reflect.DelegatingConstructorAccessorImpl.newInstance(DelegatingConstructorAccessorImpl.java:45)
	at java.lang.reflect.Constructor.newInstance(Constructor.java:423)
	at org.openqa.selenium.remote.http.W3CHttpResponseCodec.createException(W3CHttpResponseCodec.java:187)
	at org.openqa.selenium.remote.http.W3CHttpResponseCodec.decode(W3CHttpResponseCodec.java:122)
	at org.openqa.selenium.remote.http.W3CHttpResponseCodec.decode(W3CHttpResponseCodec.java:49)
	at org.openqa.selenium.remote.HttpCommandExecutor.execute(HttpCommandExecutor.java:158)
	at org.openqa.selenium.remote.service.DriverCommandExecutor.execute(DriverCommandExecutor.java:83)
	at org.openqa.selenium.remote.RemoteWebDriver.execute(RemoteWebDriver.java:552)
	at org.openqa.selenium.remote.RemoteWebDriver.findElement(RemoteWebDriver.java:323)
	at org.openqa.selenium.remote.RemoteWebDriver.findElementByXPath(RemoteWebDriver.java:428)
	at org.openqa.selenium.By$ByXPath.findElement(By.java:353)
	at org.openqa.selenium.remote.RemoteWebDriver.findElement(RemoteWebDriver.java:315)
	at automation.project3ds.Driver.getElement(Driver.java:240)
	at automation.project3ds.Driver.getElement(Driver.java:244)
	at automation.project3ds.Widget3dsNoIframe.setPassword(Widget3dsNoIframe.java:54)
	at automation.project3ds.Widget3dsNoIframe.failed3ds(Widget3dsNoIframe.java:27)
	at Case39_40_WidgetBrick_1v6_Test_3ds.failedOTP(Case39_40_WidgetBrick_1v6_Test_3ds.java:101)
	at sun.reflect.NativeMethodAccessorImpl.invoke0(Native Method)
	at sun.reflect.NativeMethodAccessorImpl.invoke(NativeMethodAccessorImpl.java:62)
	at sun.reflect.DelegatingMethodAccessorImpl.invoke(DelegatingMethodAccessorImpl.java:43)
	at java.lang.reflect.Method.invoke(Method.java:498)
	at org.testng.internal.MethodInvocationHelper.invokeMethod(MethodInvocationHelper.java:124)
	at org.testng.internal.Invoker.invokeMethod(Invoker.java:583)
	at org.testng.internal.Invoker.invokeTestMethod(Invoker.java:719)
	at org.testng.internal.Invoker.invokeTestMethods(Invoker.java:989)
	at org.testng.internal.TestMethodWorker.invokeTestMethods(TestMethodWorker.java:125)
	at org.testng.internal.TestMethodWorker.run(TestMethodWorker.java:109)
	at org.testng.TestRunner.privateRun(TestRunner.java:648)
	at org.testng.TestRunner.run(TestRunner.java:505)
	at org.testng.SuiteRunner.runTest(SuiteRunner.java:455)
	at org.testng.SuiteRunner.runSequentially(SuiteRunner.java:450)
	at org.testng.SuiteRunner.privateRun(SuiteRunner.java:415)
	at org.testng.SuiteRunner.run(SuiteRunner.java:364)
	at org.testng.SuiteRunnerWorker.runSuite(SuiteRunnerWorker.java:52)
	at org.testng.SuiteRunnerWorker.run(SuiteRunnerWorker.java:84)
	at org.testng.TestNG.runSuitesSequentially(TestNG.java:1208)
	at org.testng.TestNG.runSuitesLocally(TestNG.java:1137)
	at org.testng.TestNG.runSuites(TestNG.java:1049)
	at org.testng.TestNG.run(TestNG.java:1017)
	at org.testng.remote.AbstractRemoteTestNG.run(AbstractRemoteTestNG.java:115)
	at org.testng.remote.RemoteTestNG.initAndRun(RemoteTestNG.java:251)
	at org.testng.remote.RemoteTestNG.main(RemoteTestNG.java:77)
</textarea>
										</td>
									</tr>
									<tr>
										<td>Sep 23, 2019 04:42:20 PM</td>
										<td class='linked' test-id='697'>Case41_42_WidgetBrick_1v6_Test_Error.authorizationFailed ( )</td>
										<td>
											<textarea disabled class="code-block">org.openqa.selenium.NoSuchElementException: Unable to find element with xpath == //*[@class='brick-form-errors has-errors'][./following-sibling::*[./*[contains(@class,'brick-step-form') and contains(@class,'is-active')]]]
For documentation on this error, please visit: https://www.seleniumhq.org/exceptions/no_such_element.html
Build info: version: '3.141.59', revision: 'e82be7d358', time: '2018-11-14T08:17:03'
System info: host: 'PW-HAN-063', ip: '192.168.10.136', os.name: 'Windows 10', os.arch: 'amd64', os.version: '10.0', java.version: '1.8.0_221'
Driver info: org.openqa.selenium.ie.InternetExplorerDriver
Capabilities {acceptInsecureCerts: false, browserName: internet explorer, browserVersion: 11, javascriptEnabled: true, pageLoadStrategy: normal, platform: WINDOWS, platformName: WINDOWS, proxy: Proxy(), se:ieOptions: {browserAttachTimeout: 0, elementScrollBehavior: 0, enablePersistentHover: true, ie.browserCommandLineSwitches: , ie.ensureCleanSession: false, ie.fileUploadDialogTimeout: 3000, ie.forceCreateProcessApi: false, ignoreProtectedModeSettings: false, ignoreZoomSetting: false, initialBrowserUrl: http://localhost:10190/, nativeEvents: true, requireWindowFocus: false}, setWindowRect: true, timeouts: {implicit: 0, pageLoad: 300000, script: 30000}}
Session ID: ea0e0222-b410-4d88-b394-1a31fcacec1d
*** Element info: {Using=xpath, value=//*[@class='brick-form-errors has-errors'][./following-sibling::*[./*[contains(@class,'brick-step-form') and contains(@class,'is-active')]]]}
	at sun.reflect.GeneratedConstructorAccessor14.newInstance(Unknown Source)
	at sun.reflect.DelegatingConstructorAccessorImpl.newInstance(DelegatingConstructorAccessorImpl.java:45)
	at java.lang.reflect.Constructor.newInstance(Constructor.java:423)
	at org.openqa.selenium.remote.http.W3CHttpResponseCodec.createException(W3CHttpResponseCodec.java:187)
	at org.openqa.selenium.remote.http.W3CHttpResponseCodec.decode(W3CHttpResponseCodec.java:122)
	at org.openqa.selenium.remote.http.W3CHttpResponseCodec.decode(W3CHttpResponseCodec.java:49)
	at org.openqa.selenium.remote.HttpCommandExecutor.execute(HttpCommandExecutor.java:158)
	at org.openqa.selenium.remote.service.DriverCommandExecutor.execute(DriverCommandExecutor.java:83)
	at org.openqa.selenium.remote.RemoteWebDriver.execute(RemoteWebDriver.java:552)
	at org.openqa.selenium.remote.RemoteWebDriver.findElement(RemoteWebDriver.java:323)
	at org.openqa.selenium.remote.RemoteWebDriver.findElementByXPath(RemoteWebDriver.java:428)
	at org.openqa.selenium.By$ByXPath.findElement(By.java:353)
	at org.openqa.selenium.remote.RemoteWebDriver.findElement(RemoteWebDriver.java:315)
	at automation.project3ds.Driver.getElement(Driver.java:240)
	at automation.project3ds.Driver.getElement(Driver.java:244)
	at automation.project3ds.WidgetIframecc.getFormError(WidgetIframecc.java:98)
	at Case41_42_WidgetBrick_1v6_Test_Error.authorizationFailed(Case41_42_WidgetBrick_1v6_Test_Error.java:48)
	at sun.reflect.NativeMethodAccessorImpl.invoke0(Native Method)
	at sun.reflect.NativeMethodAccessorImpl.invoke(NativeMethodAccessorImpl.java:62)
	at sun.reflect.DelegatingMethodAccessorImpl.invoke(DelegatingMethodAccessorImpl.java:43)
	at java.lang.reflect.Method.invoke(Method.java:498)
	at org.testng.internal.MethodInvocationHelper.invokeMethod(MethodInvocationHelper.java:124)
	at org.testng.internal.Invoker.invokeMethod(Invoker.java:583)
	at org.testng.internal.Invoker.invokeTestMethod(Invoker.java:719)
	at org.testng.internal.Invoker.invokeTestMethods(Invoker.java:989)
	at org.testng.internal.TestMethodWorker.invokeTestMethods(TestMethodWorker.java:125)
	at org.testng.internal.TestMethodWorker.run(TestMethodWorker.java:109)
	at org.testng.TestRunner.privateRun(TestRunner.java:648)
	at org.testng.TestRunner.run(TestRunner.java:505)
	at org.testng.SuiteRunner.runTest(SuiteRunner.java:455)
	at org.testng.SuiteRunner.runSequentially(SuiteRunner.java:450)
	at org.testng.SuiteRunner.privateRun(SuiteRunner.java:415)
	at org.testng.SuiteRunner.run(SuiteRunner.java:364)
	at org.testng.SuiteRunnerWorker.runSuite(SuiteRunnerWorker.java:52)
	at org.testng.SuiteRunnerWorker.run(SuiteRunnerWorker.java:84)
	at org.testng.TestNG.runSuitesSequentially(TestNG.java:1208)
	at org.testng.TestNG.runSuitesLocally(TestNG.java:1137)
	at org.testng.TestNG.runSuites(TestNG.java:1049)
	at org.testng.TestNG.run(TestNG.java:1017)
	at org.testng.remote.AbstractRemoteTestNG.run(AbstractRemoteTestNG.java:115)
	at org.testng.remote.RemoteTestNG.initAndRun(RemoteTestNG.java:251)
	at org.testng.remote.RemoteTestNG.main(RemoteTestNG.java:77)
</textarea>
										</td>
									</tr>
								</tbody>
							</table>
						</div>
					</div>
				</li>
			</ul>
		</div>
	</div>
	<div class='subview-right left'>
		<div class='view-summary'>
			<h5 class='exception-name'></h5>
		</div>
	</div>
</div>
<!-- exception view --><div id='dashboard-view' class='view hide'>
	<div class='card-panel transparent np-v'>
		<h5>Dashboard</h5>

		<div class='row'>
			<div class='col s2'>
				<div class='card-panel r'>
					Tests
					<div class='panel-lead'>26</div>
				</div>
			</div>
			<div class='col s2'>
				<div class='card-panel r'>
					Steps
					<div class='panel-lead'>0</div>
				</div>
			</div>
			<div class='col s2'>
				<div class='card-panel r'>
					Start
					<div class='panel-lead'>Sep 23, 2019 04:25:47 PM</div>
				</div>
			</div>
			<div class='col s2'>
				<div class='card-panel r'>
			 		End
			 		<div class='panel-lead'>Sep 23, 2019 04:44:47 PM</div>
				</div>
			</div>
			<div class='col s2'>
				<div class='card-panel r'>
					Time Taken
					<div class='panel-lead'>0h 18m 59s+375ms</div>
				</div>
			</div>
			<div class='col s6'>
				<div class='card-panel dashboard-categories'>
					<span class='right label cyan white-text'>Categories</span><p>&nbsp;</p>
					
					<table>
						<tr>
							<th>Name</th>
							<th>Passed</th>
							<th>Failed</th>
							<th>Others</th>
							<th>Passed %</th>
						</tr>
						<tr>
							<td>testSuiteT3</td>
							<td>19</td>
							<td>7</td>
							<td>0</td>
							<td>
									73.077%
							</td>
						</tr>
					</table>
				</div>
			</div>
		</div>
	</div>
</div>
<!-- dashboard view -->
<!-- testrunner-logs view -->		</div>
		<!-- container -->
		<script>
			var statusGroup = {
                parentCount: 26,
				passParent: 19,
				failParent: 7,
				fatalParent: 0,
				errorParent: 0,
				warningParent: 0,
				skipParent: 0,
				exceptionsParent: 7,
				childCount: 0,
				passChild: 0,
				failChild: 0,
				fatalChild: 0,
				errorChild: 0,
				warningChild: 0,
				skipChild: 0,
				infoChild: 0,
				debugChild: 0,
				exceptionsChild: 0,
				grandChildCount: 0,
				passGrandChild: 0,
				failGrandChild: 0,
				fatalGrandChild: 0,
				errorGrandChild: 0,
				warningGrandChild: 0,
				skipGrandChild: 0,
				infoGrandChild: 0,
				debugGrandChild: 0,
				exceptionsGrandChild: 0,
			};
		</script>
		<script>
			var timeline = {
			        "Case01_12_WidgetBrick_1v6_Test_EmptyTextbox.case01_06_emptyTextboxClick ( )":41.53,"Case01_12_WidgetBrick_1v6_Test_EmptyTextbox.case07_12_emptyTextboxSubmit ( )":25.322,"Case13_19_WidgetBrick_1v6_Test_ValidateCardNumber.amexCard ( )":22.851,"Case13_19_WidgetBrick_1v6_Test_ValidateCardNumber.invalidValue ( )":20.041,"Case13_19_WidgetBrick_1v6_Test_ValidateCardNumber.masterCard ( )":19.965,"Case13_19_WidgetBrick_1v6_Test_ValidateCardNumber.supportedBrandButInvalidValue ( )":15.686,"Case13_19_WidgetBrick_1v6_Test_ValidateCardNumber.unsupportedBrand ( )":15.608,"Case13_19_WidgetBrick_1v6_Test_ValidateCardNumber.visaCard ( )":17.67,"Case20_24_WidgetBrick_1v6_Test_ValidateExpirationDate.futureValueLong ( )":20.38,"Case20_24_WidgetBrick_1v6_Test_ValidateExpirationDate.futureValueShort ( )":14.535,"Case20_24_WidgetBrick_1v6_Test_ValidateExpirationDate.pastValue ( )":15.488,"Case20_24_WidgetBrick_1v6_Test_ValidateExpirationDate.todayValue ( )":17.445,"Case25_32_WidgetBrick_1v6_Test_ValidateOthers.emailWithOutAt ( )":29.097,"Case25_32_WidgetBrick_1v6_Test_ValidateOthers.emailWithOutDot ( )":25.779,"Case25_32_WidgetBrick_1v6_Test_ValidateOthers.firstNameAsNumber ( )":28.306,"Case25_32_WidgetBrick_1v6_Test_ValidateOthers.lastNameAsNumber ( )":27.119,"Case25_32_WidgetBrick_1v6_Test_ValidateOthers.nameAsNumber ( )":28.443,"Case33_37_WidgetBrick_1v6_Test_StaticLink.privacyPolicy ( )":98.033,"Case33_37_WidgetBrick_1v6_Test_StaticLink.storedCardSwitch ( )":100.137,"Case33_37_WidgetBrick_1v6_Test_StaticLink.terms ( )":18.361,"Case33_37_WidgetBrick_1v6_Test_StaticLink.tryAgain ( )":118.318,"Case39_40_WidgetBrick_1v6_Test_3ds.failedOTP ( )":124.831,"Case39_40_WidgetBrick_1v6_Test_3ds.no3ds ( )":25.621,"Case39_40_WidgetBrick_1v6_Test_3ds.optional3ds ( )":46.426,"Case41_42_WidgetBrick_1v6_Test_Error.authorizationFailed ( )":114.264,"Case41_42_WidgetBrick_1v6_Test_Error.captureFailed ( )":31.243
			};
		</script>
		<script src='https://cdn.rawgit.com/extent-framework/extent-github-cdn/b65cd69/v3html/js/extent.js' type='text/javascript'></script>
		<script type='text/javascript'>
		</script>
	</body>
</html>