<?xml version="1.0" encoding="UTF-8"?>
<!-- Generated by org.testng.reporters.JUnitXMLReporter -->
<testsuite hostname="PW-HAN-063" ignored="0" tests="46" failures="43" timestamp="06 Sep 2019 11:19:21 GMT" time="100.087" errors="0">
  <testcase name="getLogoFile" time="2.968" classname="Logo"/>
  <testcase name="getLogoFile" time="3.296" classname="Logo">
    <failure type="java.lang.AssertionError" message="The following asserts failed:
	[ImageNotReplaced] expected [] but found [dark2],
	[ImageNotReplaced] expected [] but found [dark3],
	[ImageNotReplaced] expected [] but found [dark],
	[ImageNotReplaced] expected [] but found [light3],
	[ImageNotReplaced] expected [] but found [light2]">
      <![CDATA[java.lang.AssertionError: The following asserts failed:
[ImageNotReplaced] expected [] but found [dark2],
[ImageNotReplaced] expected [] but found [dark3],
[ImageNotReplaced] expected [] but found [dark],
[ImageNotReplaced] expected [] but found [light3],
[ImageNotReplaced] expected [] but found [light2]
at automation.project3ds.Assertion.end(Assertion.java:26)
at Logo.getLogoFile(Logo.java:211)
at sun.reflect.NativeMethodAccessorImpl.invoke0(Native Method)
at sun.reflect.NativeMethodAccessorImpl.invoke(NativeMethodAccessorImpl.java:62)
at sun.reflect.DelegatingMethodAccessorImpl.invoke(DelegatingMethodAccessorImpl.java:43)
at java.lang.reflect.Method.invoke(Method.java:498)
at org.testng.internal.MethodInvocationHelper.invokeMethod(MethodInvocationHelper.java:124)
at org.testng.internal.Invoker.invokeMethod(Invoker.java:583)
at org.testng.internal.Invoker.invokeTestMethod(Invoker.java:719)
at org.testng.internal.Invoker.invokeTestMethods(Invoker.java:989)
at org.testng.internal.TestMethodWorker.invokeTestMethods(TestMethodWorker.java:125)
at org.testng.internal.TestMethodWorker.run(TestMethodWorker.java:109)
at org.testng.TestRunner.privateRun(TestRunner.java:648)
at org.testng.TestRunner.run(TestRunner.java:505)
at org.testng.SuiteRunner.runTest(SuiteRunner.java:455)
at org.testng.SuiteRunner.runSequentially(SuiteRunner.java:450)
at org.testng.SuiteRunner.privateRun(SuiteRunner.java:415)
at org.testng.SuiteRunner.run(SuiteRunner.java:364)
at org.testng.SuiteRunnerWorker.runSuite(SuiteRunnerWorker.java:52)
at org.testng.SuiteRunnerWorker.run(SuiteRunnerWorker.java:84)
at org.testng.TestNG.runSuitesSequentially(TestNG.java:1208)
at org.testng.TestNG.runSuitesLocally(TestNG.java:1137)
at org.testng.TestNG.runSuites(TestNG.java:1049)
at org.testng.TestNG.run(TestNG.java:1017)
at org.testng.remote.AbstractRemoteTestNG.run(AbstractRemoteTestNG.java:115)
at org.testng.remote.RemoteTestNG.initAndRun(RemoteTestNG.java:251)
at org.testng.remote.RemoteTestNG.main(RemoteTestNG.java:77)
]]>
    </failure>
  </testcase> <!-- getLogoFile -->
  <testcase name="getLogoFile" time="2.44" classname="Logo">
    <failure type="java.lang.AssertionError" message="The following asserts failed:
	[NotEnoughDesign][Missing type:  uni multi v5] expected [9] but found [6]">
      <![CDATA[java.lang.AssertionError: The following asserts failed:
[NotEnoughDesign][Missing type:  uni multi v5] expected [9] but found [6]
at automation.project3ds.Assertion.end(Assertion.java:26)
at Logo.getLogoFile(Logo.java:211)
at sun.reflect.NativeMethodAccessorImpl.invoke0(Native Method)
at sun.reflect.NativeMethodAccessorImpl.invoke(NativeMethodAccessorImpl.java:62)
at sun.reflect.DelegatingMethodAccessorImpl.invoke(DelegatingMethodAccessorImpl.java:43)
at java.lang.reflect.Method.invoke(Method.java:498)
at org.testng.internal.MethodInvocationHelper.invokeMethod(MethodInvocationHelper.java:124)
at org.testng.internal.Invoker.invokeMethod(Invoker.java:583)
at org.testng.internal.Invoker.invokeTestMethod(Invoker.java:719)
at org.testng.internal.Invoker.invokeTestMethods(Invoker.java:989)
at org.testng.internal.TestMethodWorker.invokeTestMethods(TestMethodWorker.java:125)
at org.testng.internal.TestMethodWorker.run(TestMethodWorker.java:109)
at org.testng.TestRunner.privateRun(TestRunner.java:648)
at org.testng.TestRunner.run(TestRunner.java:505)
at org.testng.SuiteRunner.runTest(SuiteRunner.java:455)
at org.testng.SuiteRunner.runSequentially(SuiteRunner.java:450)
at org.testng.SuiteRunner.privateRun(SuiteRunner.java:415)
at org.testng.SuiteRunner.run(SuiteRunner.java:364)
at org.testng.SuiteRunnerWorker.runSuite(SuiteRunnerWorker.java:52)
at org.testng.SuiteRunnerWorker.run(SuiteRunnerWorker.java:84)
at org.testng.TestNG.runSuitesSequentially(TestNG.java:1208)
at org.testng.TestNG.runSuitesLocally(TestNG.java:1137)
at org.testng.TestNG.runSuites(TestNG.java:1049)
at org.testng.TestNG.run(TestNG.java:1017)
at org.testng.remote.AbstractRemoteTestNG.run(AbstractRemoteTestNG.java:115)
at org.testng.remote.RemoteTestNG.initAndRun(RemoteTestNG.java:251)
at org.testng.remote.RemoteTestNG.main(RemoteTestNG.java:77)
]]>
    </failure>
  </testcase> <!-- getLogoFile -->
  <testcase name="getLogoFile" time="2.122" classname="Logo"/>
  <testcase name="getLogoFile" time="2.244" classname="Logo">
    <failure type="java.lang.AssertionError" message="The following asserts failed:
	[NotEnoughDesign][Missing type:  uni multi v5] expected [9] but found [6]">
      <![CDATA[java.lang.AssertionError: The following asserts failed:
[NotEnoughDesign][Missing type:  uni multi v5] expected [9] but found [6]
at automation.project3ds.Assertion.end(Assertion.java:26)
at Logo.getLogoFile(Logo.java:211)
at sun.reflect.NativeMethodAccessorImpl.invoke0(Native Method)
at sun.reflect.NativeMethodAccessorImpl.invoke(NativeMethodAccessorImpl.java:62)
at sun.reflect.DelegatingMethodAccessorImpl.invoke(DelegatingMethodAccessorImpl.java:43)
at java.lang.reflect.Method.invoke(Method.java:498)
at org.testng.internal.MethodInvocationHelper.invokeMethod(MethodInvocationHelper.java:124)
at org.testng.internal.Invoker.invokeMethod(Invoker.java:583)
at org.testng.internal.Invoker.invokeTestMethod(Invoker.java:719)
at org.testng.internal.Invoker.invokeTestMethods(Invoker.java:989)
at org.testng.internal.TestMethodWorker.invokeTestMethods(TestMethodWorker.java:125)
at org.testng.internal.TestMethodWorker.run(TestMethodWorker.java:109)
at org.testng.TestRunner.privateRun(TestRunner.java:648)
at org.testng.TestRunner.run(TestRunner.java:505)
at org.testng.SuiteRunner.runTest(SuiteRunner.java:455)
at org.testng.SuiteRunner.runSequentially(SuiteRunner.java:450)
at org.testng.SuiteRunner.privateRun(SuiteRunner.java:415)
at org.testng.SuiteRunner.run(SuiteRunner.java:364)
at org.testng.SuiteRunnerWorker.runSuite(SuiteRunnerWorker.java:52)
at org.testng.SuiteRunnerWorker.run(SuiteRunnerWorker.java:84)
at org.testng.TestNG.runSuitesSequentially(TestNG.java:1208)
at org.testng.TestNG.runSuitesLocally(TestNG.java:1137)
at org.testng.TestNG.runSuites(TestNG.java:1049)
at org.testng.TestNG.run(TestNG.java:1017)
at org.testng.remote.AbstractRemoteTestNG.run(AbstractRemoteTestNG.java:115)
at org.testng.remote.RemoteTestNG.initAndRun(RemoteTestNG.java:251)
at org.testng.remote.RemoteTestNG.main(RemoteTestNG.java:77)
]]>
    </failure>
  </testcase> <!-- getLogoFile -->
  <testcase name="getLogoFile" time="2.738" classname="Logo">
    <failure type="java.lang.AssertionError" message="The following asserts failed:
	[NamedWrong] expected [name] but found [ps-ebanx-d@2x],
	[NamedWrong] expected [name] but found [ps-ebanx-@2x],
	[ImageNotReplaced] expected [] but found [dark2],
	[ImageNotReplaced] expected [] but found [dark3],
	[ImageNotReplaced] expected [] but found [dark],
	[ImageNotReplaced] expected [] but found [light3],
	[ImageNotReplaced] expected [] but found [light2]">
      <![CDATA[java.lang.AssertionError: The following asserts failed:
[NamedWrong] expected [name] but found [ps-ebanx-d@2x],
[NamedWrong] expected [name] but found [ps-ebanx-@2x],
[ImageNotReplaced] expected [] but found [dark2],
[ImageNotReplaced] expected [] but found [dark3],
[ImageNotReplaced] expected [] but found [dark],
[ImageNotReplaced] expected [] but found [light3],
[ImageNotReplaced] expected [] but found [light2]
at automation.project3ds.Assertion.end(Assertion.java:26)
at Logo.getLogoFile(Logo.java:211)
at sun.reflect.NativeMethodAccessorImpl.invoke0(Native Method)
at sun.reflect.NativeMethodAccessorImpl.invoke(NativeMethodAccessorImpl.java:62)
at sun.reflect.DelegatingMethodAccessorImpl.invoke(DelegatingMethodAccessorImpl.java:43)
at java.lang.reflect.Method.invoke(Method.java:498)
at org.testng.internal.MethodInvocationHelper.invokeMethod(MethodInvocationHelper.java:124)
at org.testng.internal.Invoker.invokeMethod(Invoker.java:583)
at org.testng.internal.Invoker.invokeTestMethod(Invoker.java:719)
at org.testng.internal.Invoker.invokeTestMethods(Invoker.java:989)
at org.testng.internal.TestMethodWorker.invokeTestMethods(TestMethodWorker.java:125)
at org.testng.internal.TestMethodWorker.run(TestMethodWorker.java:109)
at org.testng.TestRunner.privateRun(TestRunner.java:648)
at org.testng.TestRunner.run(TestRunner.java:505)
at org.testng.SuiteRunner.runTest(SuiteRunner.java:455)
at org.testng.SuiteRunner.runSequentially(SuiteRunner.java:450)
at org.testng.SuiteRunner.privateRun(SuiteRunner.java:415)
at org.testng.SuiteRunner.run(SuiteRunner.java:364)
at org.testng.SuiteRunnerWorker.runSuite(SuiteRunnerWorker.java:52)
at org.testng.SuiteRunnerWorker.run(SuiteRunnerWorker.java:84)
at org.testng.TestNG.runSuitesSequentially(TestNG.java:1208)
at org.testng.TestNG.runSuitesLocally(TestNG.java:1137)
at org.testng.TestNG.runSuites(TestNG.java:1049)
at org.testng.TestNG.run(TestNG.java:1017)
at org.testng.remote.AbstractRemoteTestNG.run(AbstractRemoteTestNG.java:115)
at org.testng.remote.RemoteTestNG.initAndRun(RemoteTestNG.java:251)
at org.testng.remote.RemoteTestNG.main(RemoteTestNG.java:77)
]]>
    </failure>
  </testcase> <!-- getLogoFile -->
  <testcase name="getLogoFile" time="2.399" classname="Logo">
    <failure type="java.lang.AssertionError" message="The following asserts failed:
	[NotEnoughDesign][Missing type:  uni multi v5] expected [9] but found [6]">
      <![CDATA[java.lang.AssertionError: The following asserts failed:
[NotEnoughDesign][Missing type:  uni multi v5] expected [9] but found [6]
at automation.project3ds.Assertion.end(Assertion.java:26)
at Logo.getLogoFile(Logo.java:211)
at sun.reflect.NativeMethodAccessorImpl.invoke0(Native Method)
at sun.reflect.NativeMethodAccessorImpl.invoke(NativeMethodAccessorImpl.java:62)
at sun.reflect.DelegatingMethodAccessorImpl.invoke(DelegatingMethodAccessorImpl.java:43)
at java.lang.reflect.Method.invoke(Method.java:498)
at org.testng.internal.MethodInvocationHelper.invokeMethod(MethodInvocationHelper.java:124)
at org.testng.internal.Invoker.invokeMethod(Invoker.java:583)
at org.testng.internal.Invoker.invokeTestMethod(Invoker.java:719)
at org.testng.internal.Invoker.invokeTestMethods(Invoker.java:989)
at org.testng.internal.TestMethodWorker.invokeTestMethods(TestMethodWorker.java:125)
at org.testng.internal.TestMethodWorker.run(TestMethodWorker.java:109)
at org.testng.TestRunner.privateRun(TestRunner.java:648)
at org.testng.TestRunner.run(TestRunner.java:505)
at org.testng.SuiteRunner.runTest(SuiteRunner.java:455)
at org.testng.SuiteRunner.runSequentially(SuiteRunner.java:450)
at org.testng.SuiteRunner.privateRun(SuiteRunner.java:415)
at org.testng.SuiteRunner.run(SuiteRunner.java:364)
at org.testng.SuiteRunnerWorker.runSuite(SuiteRunnerWorker.java:52)
at org.testng.SuiteRunnerWorker.run(SuiteRunnerWorker.java:84)
at org.testng.TestNG.runSuitesSequentially(TestNG.java:1208)
at org.testng.TestNG.runSuitesLocally(TestNG.java:1137)
at org.testng.TestNG.runSuites(TestNG.java:1049)
at org.testng.TestNG.run(TestNG.java:1017)
at org.testng.remote.AbstractRemoteTestNG.run(AbstractRemoteTestNG.java:115)
at org.testng.remote.RemoteTestNG.initAndRun(RemoteTestNG.java:251)
at org.testng.remote.RemoteTestNG.main(RemoteTestNG.java:77)
]]>
    </failure>
  </testcase> <!-- getLogoFile -->
  <testcase name="getLogoFile" time="1.918" classname="Logo">
    <failure type="java.lang.AssertionError" message="The following asserts failed:
	[NotEnoughDesign][Missing type:  uni multi v5] expected [9] but found [6]">
      <![CDATA[java.lang.AssertionError: The following asserts failed:
[NotEnoughDesign][Missing type:  uni multi v5] expected [9] but found [6]
at automation.project3ds.Assertion.end(Assertion.java:26)
at Logo.getLogoFile(Logo.java:211)
at sun.reflect.NativeMethodAccessorImpl.invoke0(Native Method)
at sun.reflect.NativeMethodAccessorImpl.invoke(NativeMethodAccessorImpl.java:62)
at sun.reflect.DelegatingMethodAccessorImpl.invoke(DelegatingMethodAccessorImpl.java:43)
at java.lang.reflect.Method.invoke(Method.java:498)
at org.testng.internal.MethodInvocationHelper.invokeMethod(MethodInvocationHelper.java:124)
at org.testng.internal.Invoker.invokeMethod(Invoker.java:583)
at org.testng.internal.Invoker.invokeTestMethod(Invoker.java:719)
at org.testng.internal.Invoker.invokeTestMethods(Invoker.java:989)
at org.testng.internal.TestMethodWorker.invokeTestMethods(TestMethodWorker.java:125)
at org.testng.internal.TestMethodWorker.run(TestMethodWorker.java:109)
at org.testng.TestRunner.privateRun(TestRunner.java:648)
at org.testng.TestRunner.run(TestRunner.java:505)
at org.testng.SuiteRunner.runTest(SuiteRunner.java:455)
at org.testng.SuiteRunner.runSequentially(SuiteRunner.java:450)
at org.testng.SuiteRunner.privateRun(SuiteRunner.java:415)
at org.testng.SuiteRunner.run(SuiteRunner.java:364)
at org.testng.SuiteRunnerWorker.runSuite(SuiteRunnerWorker.java:52)
at org.testng.SuiteRunnerWorker.run(SuiteRunnerWorker.java:84)
at org.testng.TestNG.runSuitesSequentially(TestNG.java:1208)
at org.testng.TestNG.runSuitesLocally(TestNG.java:1137)
at org.testng.TestNG.runSuites(TestNG.java:1049)
at org.testng.TestNG.run(TestNG.java:1017)
at org.testng.remote.AbstractRemoteTestNG.run(AbstractRemoteTestNG.java:115)
at org.testng.remote.RemoteTestNG.initAndRun(RemoteTestNG.java:251)
at org.testng.remote.RemoteTestNG.main(RemoteTestNG.java:77)
]]>
    </failure>
  </testcase> <!-- getLogoFile -->
  <testcase name="getLogoFile" time="2.245" classname="Logo">
    <failure type="java.lang.AssertionError" message="The following asserts failed:
	[NotEnoughDesign][Missing type:  uni multi v5] expected [9] but found [6]">
      <![CDATA[java.lang.AssertionError: The following asserts failed:
[NotEnoughDesign][Missing type:  uni multi v5] expected [9] but found [6]
at automation.project3ds.Assertion.end(Assertion.java:26)
at Logo.getLogoFile(Logo.java:211)
at sun.reflect.NativeMethodAccessorImpl.invoke0(Native Method)
at sun.reflect.NativeMethodAccessorImpl.invoke(NativeMethodAccessorImpl.java:62)
at sun.reflect.DelegatingMethodAccessorImpl.invoke(DelegatingMethodAccessorImpl.java:43)
at java.lang.reflect.Method.invoke(Method.java:498)
at org.testng.internal.MethodInvocationHelper.invokeMethod(MethodInvocationHelper.java:124)
at org.testng.internal.Invoker.invokeMethod(Invoker.java:583)
at org.testng.internal.Invoker.invokeTestMethod(Invoker.java:719)
at org.testng.internal.Invoker.invokeTestMethods(Invoker.java:989)
at org.testng.internal.TestMethodWorker.invokeTestMethods(TestMethodWorker.java:125)
at org.testng.internal.TestMethodWorker.run(TestMethodWorker.java:109)
at org.testng.TestRunner.privateRun(TestRunner.java:648)
at org.testng.TestRunner.run(TestRunner.java:505)
at org.testng.SuiteRunner.runTest(SuiteRunner.java:455)
at org.testng.SuiteRunner.runSequentially(SuiteRunner.java:450)
at org.testng.SuiteRunner.privateRun(SuiteRunner.java:415)
at org.testng.SuiteRunner.run(SuiteRunner.java:364)
at org.testng.SuiteRunnerWorker.runSuite(SuiteRunnerWorker.java:52)
at org.testng.SuiteRunnerWorker.run(SuiteRunnerWorker.java:84)
at org.testng.TestNG.runSuitesSequentially(TestNG.java:1208)
at org.testng.TestNG.runSuitesLocally(TestNG.java:1137)
at org.testng.TestNG.runSuites(TestNG.java:1049)
at org.testng.TestNG.run(TestNG.java:1017)
at org.testng.remote.AbstractRemoteTestNG.run(AbstractRemoteTestNG.java:115)
at org.testng.remote.RemoteTestNG.initAndRun(RemoteTestNG.java:251)
at org.testng.remote.RemoteTestNG.main(RemoteTestNG.java:77)
]]>
    </failure>
  </testcase> <!-- getLogoFile -->
  <testcase name="getLogoFile" time="2.05" classname="Logo">
    <failure type="java.lang.AssertionError" message="The following asserts failed:
	[NamedWrong] expected [name] but found [ps-banrisul-d@2x],
	[NamedWrong] expected [name] but found [ps-banrisul-@2x],
	[NotEnoughDesign][Missing type:  uni multi v5] expected [9] but found [6]">
      <![CDATA[java.lang.AssertionError: The following asserts failed:
[NamedWrong] expected [name] but found [ps-banrisul-d@2x],
[NamedWrong] expected [name] but found [ps-banrisul-@2x],
[NotEnoughDesign][Missing type:  uni multi v5] expected [9] but found [6]
at automation.project3ds.Assertion.end(Assertion.java:26)
at Logo.getLogoFile(Logo.java:211)
at sun.reflect.NativeMethodAccessorImpl.invoke0(Native Method)
at sun.reflect.NativeMethodAccessorImpl.invoke(NativeMethodAccessorImpl.java:62)
at sun.reflect.DelegatingMethodAccessorImpl.invoke(DelegatingMethodAccessorImpl.java:43)
at java.lang.reflect.Method.invoke(Method.java:498)
at org.testng.internal.MethodInvocationHelper.invokeMethod(MethodInvocationHelper.java:124)
at org.testng.internal.Invoker.invokeMethod(Invoker.java:583)
at org.testng.internal.Invoker.invokeTestMethod(Invoker.java:719)
at org.testng.internal.Invoker.invokeTestMethods(Invoker.java:989)
at org.testng.internal.TestMethodWorker.invokeTestMethods(TestMethodWorker.java:125)
at org.testng.internal.TestMethodWorker.run(TestMethodWorker.java:109)
at org.testng.TestRunner.privateRun(TestRunner.java:648)
at org.testng.TestRunner.run(TestRunner.java:505)
at org.testng.SuiteRunner.runTest(SuiteRunner.java:455)
at org.testng.SuiteRunner.runSequentially(SuiteRunner.java:450)
at org.testng.SuiteRunner.privateRun(SuiteRunner.java:415)
at org.testng.SuiteRunner.run(SuiteRunner.java:364)
at org.testng.SuiteRunnerWorker.runSuite(SuiteRunnerWorker.java:52)
at org.testng.SuiteRunnerWorker.run(SuiteRunnerWorker.java:84)
at org.testng.TestNG.runSuitesSequentially(TestNG.java:1208)
at org.testng.TestNG.runSuitesLocally(TestNG.java:1137)
at org.testng.TestNG.runSuites(TestNG.java:1049)
at org.testng.TestNG.run(TestNG.java:1017)
at org.testng.remote.AbstractRemoteTestNG.run(AbstractRemoteTestNG.java:115)
at org.testng.remote.RemoteTestNG.initAndRun(RemoteTestNG.java:251)
at org.testng.remote.RemoteTestNG.main(RemoteTestNG.java:77)
]]>
    </failure>
  </testcase> <!-- getLogoFile -->
  <testcase name="getLogoFile" time="2.248" classname="Logo"/>
  <testcase name="getLogoFile" time="2.886" classname="Logo">
    <failure type="java.lang.AssertionError" message="The following asserts failed:
	[NotEnoughDesign][Missing type:  uni multi v5] expected [9] but found [6],
	[ImageNotReplaced] expected [] but found [dark2],
	[ImageNotReplaced] expected [] but found [dark3],
	[ImageNotReplaced] expected [] but found [dark],
	[ImageNotReplaced] expected [] but found [light3],
	[ImageNotReplaced] expected [] but found [light2]">
      <![CDATA[java.lang.AssertionError: The following asserts failed:
[NotEnoughDesign][Missing type:  uni multi v5] expected [9] but found [6],
[ImageNotReplaced] expected [] but found [dark2],
[ImageNotReplaced] expected [] but found [dark3],
[ImageNotReplaced] expected [] but found [dark],
[ImageNotReplaced] expected [] but found [light3],
[ImageNotReplaced] expected [] but found [light2]
at automation.project3ds.Assertion.end(Assertion.java:26)
at Logo.getLogoFile(Logo.java:211)
at sun.reflect.NativeMethodAccessorImpl.invoke0(Native Method)
at sun.reflect.NativeMethodAccessorImpl.invoke(NativeMethodAccessorImpl.java:62)
at sun.reflect.DelegatingMethodAccessorImpl.invoke(DelegatingMethodAccessorImpl.java:43)
at java.lang.reflect.Method.invoke(Method.java:498)
at org.testng.internal.MethodInvocationHelper.invokeMethod(MethodInvocationHelper.java:124)
at org.testng.internal.Invoker.invokeMethod(Invoker.java:583)
at org.testng.internal.Invoker.invokeTestMethod(Invoker.java:719)
at org.testng.internal.Invoker.invokeTestMethods(Invoker.java:989)
at org.testng.internal.TestMethodWorker.invokeTestMethods(TestMethodWorker.java:125)
at org.testng.internal.TestMethodWorker.run(TestMethodWorker.java:109)
at org.testng.TestRunner.privateRun(TestRunner.java:648)
at org.testng.TestRunner.run(TestRunner.java:505)
at org.testng.SuiteRunner.runTest(SuiteRunner.java:455)
at org.testng.SuiteRunner.runSequentially(SuiteRunner.java:450)
at org.testng.SuiteRunner.privateRun(SuiteRunner.java:415)
at org.testng.SuiteRunner.run(SuiteRunner.java:364)
at org.testng.SuiteRunnerWorker.runSuite(SuiteRunnerWorker.java:52)
at org.testng.SuiteRunnerWorker.run(SuiteRunnerWorker.java:84)
at org.testng.TestNG.runSuitesSequentially(TestNG.java:1208)
at org.testng.TestNG.runSuitesLocally(TestNG.java:1137)
at org.testng.TestNG.runSuites(TestNG.java:1049)
at org.testng.TestNG.run(TestNG.java:1017)
at org.testng.remote.AbstractRemoteTestNG.run(AbstractRemoteTestNG.java:115)
at org.testng.remote.RemoteTestNG.initAndRun(RemoteTestNG.java:251)
at org.testng.remote.RemoteTestNG.main(RemoteTestNG.java:77)
]]>
    </failure>
  </testcase> <!-- getLogoFile -->
  <testcase name="getLogoFile" time="3.439" classname="Logo">
    <failure type="java.lang.AssertionError" message="The following asserts failed:
	[NotEnoughDesign][Missing type:  uni multi v5] expected [9] but found [6],
	[ImageNotReplaced] expected [] but found [dark2],
	[ImageNotReplaced] expected [] but found [dark3],
	[ImageNotReplaced] expected [] but found [dark],
	[ImageNotReplaced] expected [] but found [light3],
	[ImageNotReplaced] expected [] but found [light2]">
      <![CDATA[java.lang.AssertionError: The following asserts failed:
[NotEnoughDesign][Missing type:  uni multi v5] expected [9] but found [6],
[ImageNotReplaced] expected [] but found [dark2],
[ImageNotReplaced] expected [] but found [dark3],
[ImageNotReplaced] expected [] but found [dark],
[ImageNotReplaced] expected [] but found [light3],
[ImageNotReplaced] expected [] but found [light2]
at automation.project3ds.Assertion.end(Assertion.java:26)
at Logo.getLogoFile(Logo.java:211)
at sun.reflect.NativeMethodAccessorImpl.invoke0(Native Method)
at sun.reflect.NativeMethodAccessorImpl.invoke(NativeMethodAccessorImpl.java:62)
at sun.reflect.DelegatingMethodAccessorImpl.invoke(DelegatingMethodAccessorImpl.java:43)
at java.lang.reflect.Method.invoke(Method.java:498)
at org.testng.internal.MethodInvocationHelper.invokeMethod(MethodInvocationHelper.java:124)
at org.testng.internal.Invoker.invokeMethod(Invoker.java:583)
at org.testng.internal.Invoker.invokeTestMethod(Invoker.java:719)
at org.testng.internal.Invoker.invokeTestMethods(Invoker.java:989)
at org.testng.internal.TestMethodWorker.invokeTestMethods(TestMethodWorker.java:125)
at org.testng.internal.TestMethodWorker.run(TestMethodWorker.java:109)
at org.testng.TestRunner.privateRun(TestRunner.java:648)
at org.testng.TestRunner.run(TestRunner.java:505)
at org.testng.SuiteRunner.runTest(SuiteRunner.java:455)
at org.testng.SuiteRunner.runSequentially(SuiteRunner.java:450)
at org.testng.SuiteRunner.privateRun(SuiteRunner.java:415)
at org.testng.SuiteRunner.run(SuiteRunner.java:364)
at org.testng.SuiteRunnerWorker.runSuite(SuiteRunnerWorker.java:52)
at org.testng.SuiteRunnerWorker.run(SuiteRunnerWorker.java:84)
at org.testng.TestNG.runSuitesSequentially(TestNG.java:1208)
at org.testng.TestNG.runSuitesLocally(TestNG.java:1137)
at org.testng.TestNG.runSuites(TestNG.java:1049)
at org.testng.TestNG.run(TestNG.java:1017)
at org.testng.remote.AbstractRemoteTestNG.run(AbstractRemoteTestNG.java:115)
at org.testng.remote.RemoteTestNG.initAndRun(RemoteTestNG.java:251)
at org.testng.remote.RemoteTestNG.main(RemoteTestNG.java:77)
]]>
    </failure>
  </testcase> <!-- getLogoFile -->
  <testcase name="getLogoFile" time="3.429" classname="Logo">
    <failure type="java.lang.AssertionError" message="The following asserts failed:
	[NotEnoughDesign][Missing type:  uni multi v5] expected [9] but found [6],
	[ImageNotReplaced] expected [] but found [dark2],
	[ImageNotReplaced] expected [] but found [dark3],
	[ImageNotReplaced] expected [] but found [dark],
	[ImageNotReplaced] expected [] but found [light3],
	[ImageNotReplaced] expected [] but found [light2]">
      <![CDATA[java.lang.AssertionError: The following asserts failed:
[NotEnoughDesign][Missing type:  uni multi v5] expected [9] but found [6],
[ImageNotReplaced] expected [] but found [dark2],
[ImageNotReplaced] expected [] but found [dark3],
[ImageNotReplaced] expected [] but found [dark],
[ImageNotReplaced] expected [] but found [light3],
[ImageNotReplaced] expected [] but found [light2]
at automation.project3ds.Assertion.end(Assertion.java:26)
at Logo.getLogoFile(Logo.java:211)
at sun.reflect.NativeMethodAccessorImpl.invoke0(Native Method)
at sun.reflect.NativeMethodAccessorImpl.invoke(NativeMethodAccessorImpl.java:62)
at sun.reflect.DelegatingMethodAccessorImpl.invoke(DelegatingMethodAccessorImpl.java:43)
at java.lang.reflect.Method.invoke(Method.java:498)
at org.testng.internal.MethodInvocationHelper.invokeMethod(MethodInvocationHelper.java:124)
at org.testng.internal.Invoker.invokeMethod(Invoker.java:583)
at org.testng.internal.Invoker.invokeTestMethod(Invoker.java:719)
at org.testng.internal.Invoker.invokeTestMethods(Invoker.java:989)
at org.testng.internal.TestMethodWorker.invokeTestMethods(TestMethodWorker.java:125)
at org.testng.internal.TestMethodWorker.run(TestMethodWorker.java:109)
at org.testng.TestRunner.privateRun(TestRunner.java:648)
at org.testng.TestRunner.run(TestRunner.java:505)
at org.testng.SuiteRunner.runTest(SuiteRunner.java:455)
at org.testng.SuiteRunner.runSequentially(SuiteRunner.java:450)
at org.testng.SuiteRunner.privateRun(SuiteRunner.java:415)
at org.testng.SuiteRunner.run(SuiteRunner.java:364)
at org.testng.SuiteRunnerWorker.runSuite(SuiteRunnerWorker.java:52)
at org.testng.SuiteRunnerWorker.run(SuiteRunnerWorker.java:84)
at org.testng.TestNG.runSuitesSequentially(TestNG.java:1208)
at org.testng.TestNG.runSuitesLocally(TestNG.java:1137)
at org.testng.TestNG.runSuites(TestNG.java:1049)
at org.testng.TestNG.run(TestNG.java:1017)
at org.testng.remote.AbstractRemoteTestNG.run(AbstractRemoteTestNG.java:115)
at org.testng.remote.RemoteTestNG.initAndRun(RemoteTestNG.java:251)
at org.testng.remote.RemoteTestNG.main(RemoteTestNG.java:77)
]]>
    </failure>
  </testcase> <!-- getLogoFile -->
  <testcase name="getLogoFile" time="3.314" classname="Logo">
    <failure type="java.lang.AssertionError" message="The following asserts failed:
	[NotEnoughDesign][Missing type:  uni multi v5] expected [9] but found [6],
	[ImageNotReplaced] expected [] but found [dark2],
	[ImageNotReplaced] expected [] but found [dark3],
	[ImageNotReplaced] expected [] but found [dark],
	[ImageNotReplaced] expected [] but found [light3],
	[ImageNotReplaced] expected [] but found [light2]">
      <![CDATA[java.lang.AssertionError: The following asserts failed:
[NotEnoughDesign][Missing type:  uni multi v5] expected [9] but found [6],
[ImageNotReplaced] expected [] but found [dark2],
[ImageNotReplaced] expected [] but found [dark3],
[ImageNotReplaced] expected [] but found [dark],
[ImageNotReplaced] expected [] but found [light3],
[ImageNotReplaced] expected [] but found [light2]
at automation.project3ds.Assertion.end(Assertion.java:26)
at Logo.getLogoFile(Logo.java:211)
at sun.reflect.NativeMethodAccessorImpl.invoke0(Native Method)
at sun.reflect.NativeMethodAccessorImpl.invoke(NativeMethodAccessorImpl.java:62)
at sun.reflect.DelegatingMethodAccessorImpl.invoke(DelegatingMethodAccessorImpl.java:43)
at java.lang.reflect.Method.invoke(Method.java:498)
at org.testng.internal.MethodInvocationHelper.invokeMethod(MethodInvocationHelper.java:124)
at org.testng.internal.Invoker.invokeMethod(Invoker.java:583)
at org.testng.internal.Invoker.invokeTestMethod(Invoker.java:719)
at org.testng.internal.Invoker.invokeTestMethods(Invoker.java:989)
at org.testng.internal.TestMethodWorker.invokeTestMethods(TestMethodWorker.java:125)
at org.testng.internal.TestMethodWorker.run(TestMethodWorker.java:109)
at org.testng.TestRunner.privateRun(TestRunner.java:648)
at org.testng.TestRunner.run(TestRunner.java:505)
at org.testng.SuiteRunner.runTest(SuiteRunner.java:455)
at org.testng.SuiteRunner.runSequentially(SuiteRunner.java:450)
at org.testng.SuiteRunner.privateRun(SuiteRunner.java:415)
at org.testng.SuiteRunner.run(SuiteRunner.java:364)
at org.testng.SuiteRunnerWorker.runSuite(SuiteRunnerWorker.java:52)
at org.testng.SuiteRunnerWorker.run(SuiteRunnerWorker.java:84)
at org.testng.TestNG.runSuitesSequentially(TestNG.java:1208)
at org.testng.TestNG.runSuitesLocally(TestNG.java:1137)
at org.testng.TestNG.runSuites(TestNG.java:1049)
at org.testng.TestNG.run(TestNG.java:1017)
at org.testng.remote.AbstractRemoteTestNG.run(AbstractRemoteTestNG.java:115)
at org.testng.remote.RemoteTestNG.initAndRun(RemoteTestNG.java:251)
at org.testng.remote.RemoteTestNG.main(RemoteTestNG.java:77)
]]>
    </failure>
  </testcase> <!-- getLogoFile -->
  <testcase name="getLogoFile" time="3.347" classname="Logo">
    <failure type="java.lang.AssertionError" message="The following asserts failed:
	[NotEnoughDesign][Missing type:  uni multi v5] expected [9] but found [6],
	[ImageNotReplaced] expected [] but found [dark2],
	[ImageNotReplaced] expected [] but found [dark3],
	[ImageNotReplaced] expected [] but found [dark],
	[ImageNotReplaced] expected [] but found [light3],
	[ImageNotReplaced] expected [] but found [light2]">
      <![CDATA[java.lang.AssertionError: The following asserts failed:
[NotEnoughDesign][Missing type:  uni multi v5] expected [9] but found [6],
[ImageNotReplaced] expected [] but found [dark2],
[ImageNotReplaced] expected [] but found [dark3],
[ImageNotReplaced] expected [] but found [dark],
[ImageNotReplaced] expected [] but found [light3],
[ImageNotReplaced] expected [] but found [light2]
at automation.project3ds.Assertion.end(Assertion.java:26)
at Logo.getLogoFile(Logo.java:211)
at sun.reflect.NativeMethodAccessorImpl.invoke0(Native Method)
at sun.reflect.NativeMethodAccessorImpl.invoke(NativeMethodAccessorImpl.java:62)
at sun.reflect.DelegatingMethodAccessorImpl.invoke(DelegatingMethodAccessorImpl.java:43)
at java.lang.reflect.Method.invoke(Method.java:498)
at org.testng.internal.MethodInvocationHelper.invokeMethod(MethodInvocationHelper.java:124)
at org.testng.internal.Invoker.invokeMethod(Invoker.java:583)
at org.testng.internal.Invoker.invokeTestMethod(Invoker.java:719)
at org.testng.internal.Invoker.invokeTestMethods(Invoker.java:989)
at org.testng.internal.TestMethodWorker.invokeTestMethods(TestMethodWorker.java:125)
at org.testng.internal.TestMethodWorker.run(TestMethodWorker.java:109)
at org.testng.TestRunner.privateRun(TestRunner.java:648)
at org.testng.TestRunner.run(TestRunner.java:505)
at org.testng.SuiteRunner.runTest(SuiteRunner.java:455)
at org.testng.SuiteRunner.runSequentially(SuiteRunner.java:450)
at org.testng.SuiteRunner.privateRun(SuiteRunner.java:415)
at org.testng.SuiteRunner.run(SuiteRunner.java:364)
at org.testng.SuiteRunnerWorker.runSuite(SuiteRunnerWorker.java:52)
at org.testng.SuiteRunnerWorker.run(SuiteRunnerWorker.java:84)
at org.testng.TestNG.runSuitesSequentially(TestNG.java:1208)
at org.testng.TestNG.runSuitesLocally(TestNG.java:1137)
at org.testng.TestNG.runSuites(TestNG.java:1049)
at org.testng.TestNG.run(TestNG.java:1017)
at org.testng.remote.AbstractRemoteTestNG.run(AbstractRemoteTestNG.java:115)
at org.testng.remote.RemoteTestNG.initAndRun(RemoteTestNG.java:251)
at org.testng.remote.RemoteTestNG.main(RemoteTestNG.java:77)
]]>
    </failure>
  </testcase> <!-- getLogoFile -->
  <testcase name="getLogoFile" time="3.24" classname="Logo">
    <failure type="java.lang.AssertionError" message="The following asserts failed:
	[NotEnoughDesign][Missing type:  uni multi v5] expected [9] but found [6],
	[ImageNotReplaced] expected [] but found [dark2],
	[ImageNotReplaced] expected [] but found [dark3],
	[ImageNotReplaced] expected [] but found [dark],
	[ImageNotReplaced] expected [] but found [light3],
	[ImageNotReplaced] expected [] but found [light2]">
      <![CDATA[java.lang.AssertionError: The following asserts failed:
[NotEnoughDesign][Missing type:  uni multi v5] expected [9] but found [6],
[ImageNotReplaced] expected [] but found [dark2],
[ImageNotReplaced] expected [] but found [dark3],
[ImageNotReplaced] expected [] but found [dark],
[ImageNotReplaced] expected [] but found [light3],
[ImageNotReplaced] expected [] but found [light2]
at automation.project3ds.Assertion.end(Assertion.java:26)
at Logo.getLogoFile(Logo.java:211)
at sun.reflect.GeneratedMethodAccessor2.invoke(Unknown Source)
at sun.reflect.DelegatingMethodAccessorImpl.invoke(DelegatingMethodAccessorImpl.java:43)
at java.lang.reflect.Method.invoke(Method.java:498)
at org.testng.internal.MethodInvocationHelper.invokeMethod(MethodInvocationHelper.java:124)
at org.testng.internal.Invoker.invokeMethod(Invoker.java:583)
at org.testng.internal.Invoker.invokeTestMethod(Invoker.java:719)
at org.testng.internal.Invoker.invokeTestMethods(Invoker.java:989)
at org.testng.internal.TestMethodWorker.invokeTestMethods(TestMethodWorker.java:125)
at org.testng.internal.TestMethodWorker.run(TestMethodWorker.java:109)
at org.testng.TestRunner.privateRun(TestRunner.java:648)
at org.testng.TestRunner.run(TestRunner.java:505)
at org.testng.SuiteRunner.runTest(SuiteRunner.java:455)
at org.testng.SuiteRunner.runSequentially(SuiteRunner.java:450)
at org.testng.SuiteRunner.privateRun(SuiteRunner.java:415)
at org.testng.SuiteRunner.run(SuiteRunner.java:364)
at org.testng.SuiteRunnerWorker.runSuite(SuiteRunnerWorker.java:52)
at org.testng.SuiteRunnerWorker.run(SuiteRunnerWorker.java:84)
at org.testng.TestNG.runSuitesSequentially(TestNG.java:1208)
at org.testng.TestNG.runSuitesLocally(TestNG.java:1137)
at org.testng.TestNG.runSuites(TestNG.java:1049)
at org.testng.TestNG.run(TestNG.java:1017)
at org.testng.remote.AbstractRemoteTestNG.run(AbstractRemoteTestNG.java:115)
at org.testng.remote.RemoteTestNG.initAndRun(RemoteTestNG.java:251)
at org.testng.remote.RemoteTestNG.main(RemoteTestNG.java:77)
]]>
    </failure>
  </testcase> <!-- getLogoFile -->
  <testcase name="getLogoFile" time="0.008" classname="Logo">
    <failure type="java.lang.AssertionError" message="The following asserts failed:
	[NotEnoughDesign][Missing type:  uni dark2 dark3 light dark light3 multi v5 light2] expected [9] but found [0]">
      <![CDATA[java.lang.AssertionError: The following asserts failed:
[NotEnoughDesign][Missing type:  uni dark2 dark3 light dark light3 multi v5 light2] expected [9] but found [0]
at automation.project3ds.Assertion.end(Assertion.java:26)
at Logo.getLogoFile(Logo.java:211)
at sun.reflect.GeneratedMethodAccessor2.invoke(Unknown Source)
at sun.reflect.DelegatingMethodAccessorImpl.invoke(DelegatingMethodAccessorImpl.java:43)
at java.lang.reflect.Method.invoke(Method.java:498)
at org.testng.internal.MethodInvocationHelper.invokeMethod(MethodInvocationHelper.java:124)
at org.testng.internal.Invoker.invokeMethod(Invoker.java:583)
at org.testng.internal.Invoker.invokeTestMethod(Invoker.java:719)
at org.testng.internal.Invoker.invokeTestMethods(Invoker.java:989)
at org.testng.internal.TestMethodWorker.invokeTestMethods(TestMethodWorker.java:125)
at org.testng.internal.TestMethodWorker.run(TestMethodWorker.java:109)
at org.testng.TestRunner.privateRun(TestRunner.java:648)
at org.testng.TestRunner.run(TestRunner.java:505)
at org.testng.SuiteRunner.runTest(SuiteRunner.java:455)
at org.testng.SuiteRunner.runSequentially(SuiteRunner.java:450)
at org.testng.SuiteRunner.privateRun(SuiteRunner.java:415)
at org.testng.SuiteRunner.run(SuiteRunner.java:364)
at org.testng.SuiteRunnerWorker.runSuite(SuiteRunnerWorker.java:52)
at org.testng.SuiteRunnerWorker.run(SuiteRunnerWorker.java:84)
at org.testng.TestNG.runSuitesSequentially(TestNG.java:1208)
at org.testng.TestNG.runSuitesLocally(TestNG.java:1137)
at org.testng.TestNG.runSuites(TestNG.java:1049)
at org.testng.TestNG.run(TestNG.java:1017)
at org.testng.remote.AbstractRemoteTestNG.run(AbstractRemoteTestNG.java:115)
at org.testng.remote.RemoteTestNG.initAndRun(RemoteTestNG.java:251)
at org.testng.remote.RemoteTestNG.main(RemoteTestNG.java:77)
]]>
    </failure>
  </testcase> <!-- getLogoFile -->
  <testcase name="getLogoFile" time="2.264" classname="Logo">
    <failure type="java.lang.AssertionError" message="The following asserts failed:
	[NotEnoughDesign][Missing type:  uni multi v5] expected [9] but found [6]">
      <![CDATA[java.lang.AssertionError: The following asserts failed:
[NotEnoughDesign][Missing type:  uni multi v5] expected [9] but found [6]
at automation.project3ds.Assertion.end(Assertion.java:26)
at Logo.getLogoFile(Logo.java:211)
at sun.reflect.GeneratedMethodAccessor2.invoke(Unknown Source)
at sun.reflect.DelegatingMethodAccessorImpl.invoke(DelegatingMethodAccessorImpl.java:43)
at java.lang.reflect.Method.invoke(Method.java:498)
at org.testng.internal.MethodInvocationHelper.invokeMethod(MethodInvocationHelper.java:124)
at org.testng.internal.Invoker.invokeMethod(Invoker.java:583)
at org.testng.internal.Invoker.invokeTestMethod(Invoker.java:719)
at org.testng.internal.Invoker.invokeTestMethods(Invoker.java:989)
at org.testng.internal.TestMethodWorker.invokeTestMethods(TestMethodWorker.java:125)
at org.testng.internal.TestMethodWorker.run(TestMethodWorker.java:109)
at org.testng.TestRunner.privateRun(TestRunner.java:648)
at org.testng.TestRunner.run(TestRunner.java:505)
at org.testng.SuiteRunner.runTest(SuiteRunner.java:455)
at org.testng.SuiteRunner.runSequentially(SuiteRunner.java:450)
at org.testng.SuiteRunner.privateRun(SuiteRunner.java:415)
at org.testng.SuiteRunner.run(SuiteRunner.java:364)
at org.testng.SuiteRunnerWorker.runSuite(SuiteRunnerWorker.java:52)
at org.testng.SuiteRunnerWorker.run(SuiteRunnerWorker.java:84)
at org.testng.TestNG.runSuitesSequentially(TestNG.java:1208)
at org.testng.TestNG.runSuitesLocally(TestNG.java:1137)
at org.testng.TestNG.runSuites(TestNG.java:1049)
at org.testng.TestNG.run(TestNG.java:1017)
at org.testng.remote.AbstractRemoteTestNG.run(AbstractRemoteTestNG.java:115)
at org.testng.remote.RemoteTestNG.initAndRun(RemoteTestNG.java:251)
at org.testng.remote.RemoteTestNG.main(RemoteTestNG.java:77)
]]>
    </failure>
  </testcase> <!-- getLogoFile -->
  <testcase name="getLogoFile" time="2.291" classname="Logo">
    <failure type="java.lang.AssertionError" message="The following asserts failed:
	[NotEnoughDesign][Missing type:  uni multi v5] expected [9] but found [6]">
      <![CDATA[java.lang.AssertionError: The following asserts failed:
[NotEnoughDesign][Missing type:  uni multi v5] expected [9] but found [6]
at automation.project3ds.Assertion.end(Assertion.java:26)
at Logo.getLogoFile(Logo.java:211)
at sun.reflect.GeneratedMethodAccessor2.invoke(Unknown Source)
at sun.reflect.DelegatingMethodAccessorImpl.invoke(DelegatingMethodAccessorImpl.java:43)
at java.lang.reflect.Method.invoke(Method.java:498)
at org.testng.internal.MethodInvocationHelper.invokeMethod(MethodInvocationHelper.java:124)
at org.testng.internal.Invoker.invokeMethod(Invoker.java:583)
at org.testng.internal.Invoker.invokeTestMethod(Invoker.java:719)
at org.testng.internal.Invoker.invokeTestMethods(Invoker.java:989)
at org.testng.internal.TestMethodWorker.invokeTestMethods(TestMethodWorker.java:125)
at org.testng.internal.TestMethodWorker.run(TestMethodWorker.java:109)
at org.testng.TestRunner.privateRun(TestRunner.java:648)
at org.testng.TestRunner.run(TestRunner.java:505)
at org.testng.SuiteRunner.runTest(SuiteRunner.java:455)
at org.testng.SuiteRunner.runSequentially(SuiteRunner.java:450)
at org.testng.SuiteRunner.privateRun(SuiteRunner.java:415)
at org.testng.SuiteRunner.run(SuiteRunner.java:364)
at org.testng.SuiteRunnerWorker.runSuite(SuiteRunnerWorker.java:52)
at org.testng.SuiteRunnerWorker.run(SuiteRunnerWorker.java:84)
at org.testng.TestNG.runSuitesSequentially(TestNG.java:1208)
at org.testng.TestNG.runSuitesLocally(TestNG.java:1137)
at org.testng.TestNG.runSuites(TestNG.java:1049)
at org.testng.TestNG.run(TestNG.java:1017)
at org.testng.remote.AbstractRemoteTestNG.run(AbstractRemoteTestNG.java:115)
at org.testng.remote.RemoteTestNG.initAndRun(RemoteTestNG.java:251)
at org.testng.remote.RemoteTestNG.main(RemoteTestNG.java:77)
]]>
    </failure>
  </testcase> <!-- getLogoFile -->
  <testcase name="getLogoFile" time="0.004" classname="Logo">
    <failure type="java.lang.AssertionError" message="The following asserts failed:
	[NamedWrong] expected [name] but found [culture voucher_original],
	[NotEnoughDesign][Missing type:  uni dark2 dark3 light dark light3 multi v5 light2] expected [9] but found [0]">
      <![CDATA[java.lang.AssertionError: The following asserts failed:
[NamedWrong] expected [name] but found [culture voucher_original],
[NotEnoughDesign][Missing type:  uni dark2 dark3 light dark light3 multi v5 light2] expected [9] but found [0]
at automation.project3ds.Assertion.end(Assertion.java:26)
at Logo.getLogoFile(Logo.java:211)
at sun.reflect.GeneratedMethodAccessor2.invoke(Unknown Source)
at sun.reflect.DelegatingMethodAccessorImpl.invoke(DelegatingMethodAccessorImpl.java:43)
at java.lang.reflect.Method.invoke(Method.java:498)
at org.testng.internal.MethodInvocationHelper.invokeMethod(MethodInvocationHelper.java:124)
at org.testng.internal.Invoker.invokeMethod(Invoker.java:583)
at org.testng.internal.Invoker.invokeTestMethod(Invoker.java:719)
at org.testng.internal.Invoker.invokeTestMethods(Invoker.java:989)
at org.testng.internal.TestMethodWorker.invokeTestMethods(TestMethodWorker.java:125)
at org.testng.internal.TestMethodWorker.run(TestMethodWorker.java:109)
at org.testng.TestRunner.privateRun(TestRunner.java:648)
at org.testng.TestRunner.run(TestRunner.java:505)
at org.testng.SuiteRunner.runTest(SuiteRunner.java:455)
at org.testng.SuiteRunner.runSequentially(SuiteRunner.java:450)
at org.testng.SuiteRunner.privateRun(SuiteRunner.java:415)
at org.testng.SuiteRunner.run(SuiteRunner.java:364)
at org.testng.SuiteRunnerWorker.runSuite(SuiteRunnerWorker.java:52)
at org.testng.SuiteRunnerWorker.run(SuiteRunnerWorker.java:84)
at org.testng.TestNG.runSuitesSequentially(TestNG.java:1208)
at org.testng.TestNG.runSuitesLocally(TestNG.java:1137)
at org.testng.TestNG.runSuites(TestNG.java:1049)
at org.testng.TestNG.run(TestNG.java:1017)
at org.testng.remote.AbstractRemoteTestNG.run(AbstractRemoteTestNG.java:115)
at org.testng.remote.RemoteTestNG.initAndRun(RemoteTestNG.java:251)
at org.testng.remote.RemoteTestNG.main(RemoteTestNG.java:77)
]]>
    </failure>
  </testcase> <!-- getLogoFile -->
  <testcase name="getLogoFile" time="2.781" classname="Logo">
    <failure type="java.lang.AssertionError" message="The following asserts failed:
	[NamedWrong] expected [name] but found [pm-psallthegate-merchantareav5],
	[NamedWrong] expected [name] but found [pm-ps-alltregate (noflag)],
	[ImageNotReplaced] expected [] but found [dark2],
	[ImageNotReplaced] expected [] but found [dark3],
	[ImageNotReplaced] expected [] but found [dark],
	[ImageNotReplaced] expected [] but found [light3],
	[ImageNotReplaced] expected [] but found [light2]">
      <![CDATA[java.lang.AssertionError: The following asserts failed:
[NamedWrong] expected [name] but found [pm-psallthegate-merchantareav5],
[NamedWrong] expected [name] but found [pm-ps-alltregate (noflag)],
[ImageNotReplaced] expected [] but found [dark2],
[ImageNotReplaced] expected [] but found [dark3],
[ImageNotReplaced] expected [] but found [dark],
[ImageNotReplaced] expected [] but found [light3],
[ImageNotReplaced] expected [] but found [light2]
at automation.project3ds.Assertion.end(Assertion.java:26)
at Logo.getLogoFile(Logo.java:211)
at sun.reflect.GeneratedMethodAccessor2.invoke(Unknown Source)
at sun.reflect.DelegatingMethodAccessorImpl.invoke(DelegatingMethodAccessorImpl.java:43)
at java.lang.reflect.Method.invoke(Method.java:498)
at org.testng.internal.MethodInvocationHelper.invokeMethod(MethodInvocationHelper.java:124)
at org.testng.internal.Invoker.invokeMethod(Invoker.java:583)
at org.testng.internal.Invoker.invokeTestMethod(Invoker.java:719)
at org.testng.internal.Invoker.invokeTestMethods(Invoker.java:989)
at org.testng.internal.TestMethodWorker.invokeTestMethods(TestMethodWorker.java:125)
at org.testng.internal.TestMethodWorker.run(TestMethodWorker.java:109)
at org.testng.TestRunner.privateRun(TestRunner.java:648)
at org.testng.TestRunner.run(TestRunner.java:505)
at org.testng.SuiteRunner.runTest(SuiteRunner.java:455)
at org.testng.SuiteRunner.runSequentially(SuiteRunner.java:450)
at org.testng.SuiteRunner.privateRun(SuiteRunner.java:415)
at org.testng.SuiteRunner.run(SuiteRunner.java:364)
at org.testng.SuiteRunnerWorker.runSuite(SuiteRunnerWorker.java:52)
at org.testng.SuiteRunnerWorker.run(SuiteRunnerWorker.java:84)
at org.testng.TestNG.runSuitesSequentially(TestNG.java:1208)
at org.testng.TestNG.runSuitesLocally(TestNG.java:1137)
at org.testng.TestNG.runSuites(TestNG.java:1049)
at org.testng.TestNG.run(TestNG.java:1017)
at org.testng.remote.AbstractRemoteTestNG.run(AbstractRemoteTestNG.java:115)
at org.testng.remote.RemoteTestNG.initAndRun(RemoteTestNG.java:251)
at org.testng.remote.RemoteTestNG.main(RemoteTestNG.java:77)
]]>
    </failure>
  </testcase> <!-- getLogoFile -->
  <testcase name="getLogoFile" time="3.36" classname="Logo">
    <failure type="java.lang.AssertionError" message="The following asserts failed:
	[NamedWrong] expected [name] but found [book voucher v5],
	[NamedWrong] expected [name] but found [book voucher v7],
	[NamedWrong] expected [name] but found [book voucher_original],
	[NotEnoughDesign][Missing type:  uni] expected [9] but found [8],
	[multi][Height] expected [43] but found [44],
	[ImageNotReplaced] expected [] but found [dark2],
	[ImageNotReplaced] expected [] but found [dark3],
	[ImageNotReplaced] expected [] but found [dark],
	[ImageNotReplaced] expected [] but found [light3],
	[ImageNotReplaced] expected [] but found [light2]">
      <![CDATA[java.lang.AssertionError: The following asserts failed:
[NamedWrong] expected [name] but found [book voucher v5],
[NamedWrong] expected [name] but found [book voucher v7],
[NamedWrong] expected [name] but found [book voucher_original],
[NotEnoughDesign][Missing type:  uni] expected [9] but found [8],
[multi][Height] expected [43] but found [44],
[ImageNotReplaced] expected [] but found [dark2],
[ImageNotReplaced] expected [] but found [dark3],
[ImageNotReplaced] expected [] but found [dark],
[ImageNotReplaced] expected [] but found [light3],
[ImageNotReplaced] expected [] but found [light2]
at automation.project3ds.Assertion.end(Assertion.java:26)
at Logo.getLogoFile(Logo.java:211)
at sun.reflect.GeneratedMethodAccessor2.invoke(Unknown Source)
at sun.reflect.DelegatingMethodAccessorImpl.invoke(DelegatingMethodAccessorImpl.java:43)
at java.lang.reflect.Method.invoke(Method.java:498)
at org.testng.internal.MethodInvocationHelper.invokeMethod(MethodInvocationHelper.java:124)
at org.testng.internal.Invoker.invokeMethod(Invoker.java:583)
at org.testng.internal.Invoker.invokeTestMethod(Invoker.java:719)
at org.testng.internal.Invoker.invokeTestMethods(Invoker.java:989)
at org.testng.internal.TestMethodWorker.invokeTestMethods(TestMethodWorker.java:125)
at org.testng.internal.TestMethodWorker.run(TestMethodWorker.java:109)
at org.testng.TestRunner.privateRun(TestRunner.java:648)
at org.testng.TestRunner.run(TestRunner.java:505)
at org.testng.SuiteRunner.runTest(SuiteRunner.java:455)
at org.testng.SuiteRunner.runSequentially(SuiteRunner.java:450)
at org.testng.SuiteRunner.privateRun(SuiteRunner.java:415)
at org.testng.SuiteRunner.run(SuiteRunner.java:364)
at org.testng.SuiteRunnerWorker.runSuite(SuiteRunnerWorker.java:52)
at org.testng.SuiteRunnerWorker.run(SuiteRunnerWorker.java:84)
at org.testng.TestNG.runSuitesSequentially(TestNG.java:1208)
at org.testng.TestNG.runSuitesLocally(TestNG.java:1137)
at org.testng.TestNG.runSuites(TestNG.java:1049)
at org.testng.TestNG.run(TestNG.java:1017)
at org.testng.remote.AbstractRemoteTestNG.run(AbstractRemoteTestNG.java:115)
at org.testng.remote.RemoteTestNG.initAndRun(RemoteTestNG.java:251)
at org.testng.remote.RemoteTestNG.main(RemoteTestNG.java:77)
]]>
    </failure>
  </testcase> <!-- getLogoFile -->
  <testcase name="getLogoFile" time="3.247" classname="Logo">
    <failure type="java.lang.AssertionError" message="The following asserts failed:
	[NotEnoughDesign][Missing type:  uni multi v5] expected [9] but found [6],
	[ImageNotReplaced] expected [] but found [dark2],
	[ImageNotReplaced] expected [] but found [dark3],
	[ImageNotReplaced] expected [] but found [dark],
	[ImageNotReplaced] expected [] but found [light3],
	[ImageNotReplaced] expected [] but found [light2]">
      <![CDATA[java.lang.AssertionError: The following asserts failed:
[NotEnoughDesign][Missing type:  uni multi v5] expected [9] but found [6],
[ImageNotReplaced] expected [] but found [dark2],
[ImageNotReplaced] expected [] but found [dark3],
[ImageNotReplaced] expected [] but found [dark],
[ImageNotReplaced] expected [] but found [light3],
[ImageNotReplaced] expected [] but found [light2]
at automation.project3ds.Assertion.end(Assertion.java:26)
at Logo.getLogoFile(Logo.java:211)
at sun.reflect.GeneratedMethodAccessor2.invoke(Unknown Source)
at sun.reflect.DelegatingMethodAccessorImpl.invoke(DelegatingMethodAccessorImpl.java:43)
at java.lang.reflect.Method.invoke(Method.java:498)
at org.testng.internal.MethodInvocationHelper.invokeMethod(MethodInvocationHelper.java:124)
at org.testng.internal.Invoker.invokeMethod(Invoker.java:583)
at org.testng.internal.Invoker.invokeTestMethod(Invoker.java:719)
at org.testng.internal.Invoker.invokeTestMethods(Invoker.java:989)
at org.testng.internal.TestMethodWorker.invokeTestMethods(TestMethodWorker.java:125)
at org.testng.internal.TestMethodWorker.run(TestMethodWorker.java:109)
at org.testng.TestRunner.privateRun(TestRunner.java:648)
at org.testng.TestRunner.run(TestRunner.java:505)
at org.testng.SuiteRunner.runTest(SuiteRunner.java:455)
at org.testng.SuiteRunner.runSequentially(SuiteRunner.java:450)
at org.testng.SuiteRunner.privateRun(SuiteRunner.java:415)
at org.testng.SuiteRunner.run(SuiteRunner.java:364)
at org.testng.SuiteRunnerWorker.runSuite(SuiteRunnerWorker.java:52)
at org.testng.SuiteRunnerWorker.run(SuiteRunnerWorker.java:84)
at org.testng.TestNG.runSuitesSequentially(TestNG.java:1208)
at org.testng.TestNG.runSuitesLocally(TestNG.java:1137)
at org.testng.TestNG.runSuites(TestNG.java:1049)
at org.testng.TestNG.run(TestNG.java:1017)
at org.testng.remote.AbstractRemoteTestNG.run(AbstractRemoteTestNG.java:115)
at org.testng.remote.RemoteTestNG.initAndRun(RemoteTestNG.java:251)
at org.testng.remote.RemoteTestNG.main(RemoteTestNG.java:77)
]]>
    </failure>
  </testcase> <!-- getLogoFile -->
  <testcase name="getLogoFile" time="3.697" classname="Logo">
    <failure type="java.lang.AssertionError" message="The following asserts failed:
	[NotEnoughDesign][Missing type:  uni multi v5] expected [9] but found [6],
	[ImageNotReplaced] expected [] but found [dark2],
	[ImageNotReplaced] expected [] but found [dark3],
	[ImageNotReplaced] expected [] but found [dark],
	[ImageNotReplaced] expected [] but found [light3],
	[ImageNotReplaced] expected [] but found [light2]">
      <![CDATA[java.lang.AssertionError: The following asserts failed:
[NotEnoughDesign][Missing type:  uni multi v5] expected [9] but found [6],
[ImageNotReplaced] expected [] but found [dark2],
[ImageNotReplaced] expected [] but found [dark3],
[ImageNotReplaced] expected [] but found [dark],
[ImageNotReplaced] expected [] but found [light3],
[ImageNotReplaced] expected [] but found [light2]
at automation.project3ds.Assertion.end(Assertion.java:26)
at Logo.getLogoFile(Logo.java:211)
at sun.reflect.GeneratedMethodAccessor2.invoke(Unknown Source)
at sun.reflect.DelegatingMethodAccessorImpl.invoke(DelegatingMethodAccessorImpl.java:43)
at java.lang.reflect.Method.invoke(Method.java:498)
at org.testng.internal.MethodInvocationHelper.invokeMethod(MethodInvocationHelper.java:124)
at org.testng.internal.Invoker.invokeMethod(Invoker.java:583)
at org.testng.internal.Invoker.invokeTestMethod(Invoker.java:719)
at org.testng.internal.Invoker.invokeTestMethods(Invoker.java:989)
at org.testng.internal.TestMethodWorker.invokeTestMethods(TestMethodWorker.java:125)
at org.testng.internal.TestMethodWorker.run(TestMethodWorker.java:109)
at org.testng.TestRunner.privateRun(TestRunner.java:648)
at org.testng.TestRunner.run(TestRunner.java:505)
at org.testng.SuiteRunner.runTest(SuiteRunner.java:455)
at org.testng.SuiteRunner.runSequentially(SuiteRunner.java:450)
at org.testng.SuiteRunner.privateRun(SuiteRunner.java:415)
at org.testng.SuiteRunner.run(SuiteRunner.java:364)
at org.testng.SuiteRunnerWorker.runSuite(SuiteRunnerWorker.java:52)
at org.testng.SuiteRunnerWorker.run(SuiteRunnerWorker.java:84)
at org.testng.TestNG.runSuitesSequentially(TestNG.java:1208)
at org.testng.TestNG.runSuitesLocally(TestNG.java:1137)
at org.testng.TestNG.runSuites(TestNG.java:1049)
at org.testng.TestNG.run(TestNG.java:1017)
at org.testng.remote.AbstractRemoteTestNG.run(AbstractRemoteTestNG.java:115)
at org.testng.remote.RemoteTestNG.initAndRun(RemoteTestNG.java:251)
at org.testng.remote.RemoteTestNG.main(RemoteTestNG.java:77)
]]>
    </failure>
  </testcase> <!-- getLogoFile -->
  <testcase name="getLogoFile" time="0.01" classname="Logo">
    <failure type="java.lang.AssertionError" message="The following asserts failed:
	[NamedWrong] expected [name] but found [_ps-culture-land-@2x],
	[NamedWrong] expected [name] but found [ps-culture-land-d@3x],
	[NamedWrong] expected [name] but found [ps-culture-land],
	[NamedWrong] expected [name] but found [ps-culture-land-@3x],
	[NamedWrong] expected [name] but found [ps-culture-land-d],
	[NamedWrong] expected [name] but found [_ps-culture-land-d@2x],
	[NotEnoughDesign][Missing type:  uni dark2 dark3 light dark light3 multi v5 light2] expected [9] but found [0]">
      <![CDATA[java.lang.AssertionError: The following asserts failed:
[NamedWrong] expected [name] but found [_ps-culture-land-@2x],
[NamedWrong] expected [name] but found [ps-culture-land-d@3x],
[NamedWrong] expected [name] but found [ps-culture-land],
[NamedWrong] expected [name] but found [ps-culture-land-@3x],
[NamedWrong] expected [name] but found [ps-culture-land-d],
[NamedWrong] expected [name] but found [_ps-culture-land-d@2x],
[NotEnoughDesign][Missing type:  uni dark2 dark3 light dark light3 multi v5 light2] expected [9] but found [0]
at automation.project3ds.Assertion.end(Assertion.java:26)
at Logo.getLogoFile(Logo.java:211)
at sun.reflect.GeneratedMethodAccessor2.invoke(Unknown Source)
at sun.reflect.DelegatingMethodAccessorImpl.invoke(DelegatingMethodAccessorImpl.java:43)
at java.lang.reflect.Method.invoke(Method.java:498)
at org.testng.internal.MethodInvocationHelper.invokeMethod(MethodInvocationHelper.java:124)
at org.testng.internal.Invoker.invokeMethod(Invoker.java:583)
at org.testng.internal.Invoker.invokeTestMethod(Invoker.java:719)
at org.testng.internal.Invoker.invokeTestMethods(Invoker.java:989)
at org.testng.internal.TestMethodWorker.invokeTestMethods(TestMethodWorker.java:125)
at org.testng.internal.TestMethodWorker.run(TestMethodWorker.java:109)
at org.testng.TestRunner.privateRun(TestRunner.java:648)
at org.testng.TestRunner.run(TestRunner.java:505)
at org.testng.SuiteRunner.runTest(SuiteRunner.java:455)
at org.testng.SuiteRunner.runSequentially(SuiteRunner.java:450)
at org.testng.SuiteRunner.privateRun(SuiteRunner.java:415)
at org.testng.SuiteRunner.run(SuiteRunner.java:364)
at org.testng.SuiteRunnerWorker.runSuite(SuiteRunnerWorker.java:52)
at org.testng.SuiteRunnerWorker.run(SuiteRunnerWorker.java:84)
at org.testng.TestNG.runSuitesSequentially(TestNG.java:1208)
at org.testng.TestNG.runSuitesLocally(TestNG.java:1137)
at org.testng.TestNG.runSuites(TestNG.java:1049)
at org.testng.TestNG.run(TestNG.java:1017)
at org.testng.remote.AbstractRemoteTestNG.run(AbstractRemoteTestNG.java:115)
at org.testng.remote.RemoteTestNG.initAndRun(RemoteTestNG.java:251)
at org.testng.remote.RemoteTestNG.main(RemoteTestNG.java:77)
]]>
    </failure>
  </testcase> <!-- getLogoFile -->
  <testcase name="getLogoFile" time="0.012" classname="Logo">
    <failure type="java.lang.AssertionError" message="The following asserts failed:
	[NotEnoughDesign][Missing type:  uni dark2 dark3 light dark light3 multi v5 light2] expected [9] but found [0]">
      <![CDATA[java.lang.AssertionError: The following asserts failed:
[NotEnoughDesign][Missing type:  uni dark2 dark3 light dark light3 multi v5 light2] expected [9] but found [0]
at automation.project3ds.Assertion.end(Assertion.java:26)
at Logo.getLogoFile(Logo.java:211)
at sun.reflect.GeneratedMethodAccessor2.invoke(Unknown Source)
at sun.reflect.DelegatingMethodAccessorImpl.invoke(DelegatingMethodAccessorImpl.java:43)
at java.lang.reflect.Method.invoke(Method.java:498)
at org.testng.internal.MethodInvocationHelper.invokeMethod(MethodInvocationHelper.java:124)
at org.testng.internal.Invoker.invokeMethod(Invoker.java:583)
at org.testng.internal.Invoker.invokeTestMethod(Invoker.java:719)
at org.testng.internal.Invoker.invokeTestMethods(Invoker.java:989)
at org.testng.internal.TestMethodWorker.invokeTestMethods(TestMethodWorker.java:125)
at org.testng.internal.TestMethodWorker.run(TestMethodWorker.java:109)
at org.testng.TestRunner.privateRun(TestRunner.java:648)
at org.testng.TestRunner.run(TestRunner.java:505)
at org.testng.SuiteRunner.runTest(SuiteRunner.java:455)
at org.testng.SuiteRunner.runSequentially(SuiteRunner.java:450)
at org.testng.SuiteRunner.privateRun(SuiteRunner.java:415)
at org.testng.SuiteRunner.run(SuiteRunner.java:364)
at org.testng.SuiteRunnerWorker.runSuite(SuiteRunnerWorker.java:52)
at org.testng.SuiteRunnerWorker.run(SuiteRunnerWorker.java:84)
at org.testng.TestNG.runSuitesSequentially(TestNG.java:1208)
at org.testng.TestNG.runSuitesLocally(TestNG.java:1137)
at org.testng.TestNG.runSuites(TestNG.java:1049)
at org.testng.TestNG.run(TestNG.java:1017)
at org.testng.remote.AbstractRemoteTestNG.run(AbstractRemoteTestNG.java:115)
at org.testng.remote.RemoteTestNG.initAndRun(RemoteTestNG.java:251)
at org.testng.remote.RemoteTestNG.main(RemoteTestNG.java:77)
]]>
    </failure>
  </testcase> <!-- getLogoFile -->
  <testcase name="getLogoFile" time="3.272" classname="Logo">
    <failure type="java.lang.AssertionError" message="The following asserts failed:
	[NotEnoughDesign][Missing type:  uni multi v5] expected [9] but found [6],
	[ImageNotReplaced] expected [] but found [dark2],
	[ImageNotReplaced] expected [] but found [dark3],
	[ImageNotReplaced] expected [] but found [dark],
	[ImageNotReplaced] expected [] but found [light3],
	[ImageNotReplaced] expected [] but found [light2]">
      <![CDATA[java.lang.AssertionError: The following asserts failed:
[NotEnoughDesign][Missing type:  uni multi v5] expected [9] but found [6],
[ImageNotReplaced] expected [] but found [dark2],
[ImageNotReplaced] expected [] but found [dark3],
[ImageNotReplaced] expected [] but found [dark],
[ImageNotReplaced] expected [] but found [light3],
[ImageNotReplaced] expected [] but found [light2]
at automation.project3ds.Assertion.end(Assertion.java:26)
at Logo.getLogoFile(Logo.java:211)
at sun.reflect.GeneratedMethodAccessor2.invoke(Unknown Source)
at sun.reflect.DelegatingMethodAccessorImpl.invoke(DelegatingMethodAccessorImpl.java:43)
at java.lang.reflect.Method.invoke(Method.java:498)
at org.testng.internal.MethodInvocationHelper.invokeMethod(MethodInvocationHelper.java:124)
at org.testng.internal.Invoker.invokeMethod(Invoker.java:583)
at org.testng.internal.Invoker.invokeTestMethod(Invoker.java:719)
at org.testng.internal.Invoker.invokeTestMethods(Invoker.java:989)
at org.testng.internal.TestMethodWorker.invokeTestMethods(TestMethodWorker.java:125)
at org.testng.internal.TestMethodWorker.run(TestMethodWorker.java:109)
at org.testng.TestRunner.privateRun(TestRunner.java:648)
at org.testng.TestRunner.run(TestRunner.java:505)
at org.testng.SuiteRunner.runTest(SuiteRunner.java:455)
at org.testng.SuiteRunner.runSequentially(SuiteRunner.java:450)
at org.testng.SuiteRunner.privateRun(SuiteRunner.java:415)
at org.testng.SuiteRunner.run(SuiteRunner.java:364)
at org.testng.SuiteRunnerWorker.runSuite(SuiteRunnerWorker.java:52)
at org.testng.SuiteRunnerWorker.run(SuiteRunnerWorker.java:84)
at org.testng.TestNG.runSuitesSequentially(TestNG.java:1208)
at org.testng.TestNG.runSuitesLocally(TestNG.java:1137)
at org.testng.TestNG.runSuites(TestNG.java:1049)
at org.testng.TestNG.run(TestNG.java:1017)
at org.testng.remote.AbstractRemoteTestNG.run(AbstractRemoteTestNG.java:115)
at org.testng.remote.RemoteTestNG.initAndRun(RemoteTestNG.java:251)
at org.testng.remote.RemoteTestNG.main(RemoteTestNG.java:77)
]]>
    </failure>
  </testcase> <!-- getLogoFile -->
  <testcase name="getLogoFile" time="3.287" classname="Logo">
    <failure type="java.lang.AssertionError" message="The following asserts failed:
	[NotEnoughDesign][Missing type:  uni multi v5] expected [9] but found [6],
	[ImageNotReplaced] expected [] but found [dark2],
	[ImageNotReplaced] expected [] but found [dark3],
	[ImageNotReplaced] expected [] but found [dark],
	[ImageNotReplaced] expected [] but found [light3],
	[ImageNotReplaced] expected [] but found [light2]">
      <![CDATA[java.lang.AssertionError: The following asserts failed:
[NotEnoughDesign][Missing type:  uni multi v5] expected [9] but found [6],
[ImageNotReplaced] expected [] but found [dark2],
[ImageNotReplaced] expected [] but found [dark3],
[ImageNotReplaced] expected [] but found [dark],
[ImageNotReplaced] expected [] but found [light3],
[ImageNotReplaced] expected [] but found [light2]
at automation.project3ds.Assertion.end(Assertion.java:26)
at Logo.getLogoFile(Logo.java:211)
at sun.reflect.GeneratedMethodAccessor2.invoke(Unknown Source)
at sun.reflect.DelegatingMethodAccessorImpl.invoke(DelegatingMethodAccessorImpl.java:43)
at java.lang.reflect.Method.invoke(Method.java:498)
at org.testng.internal.MethodInvocationHelper.invokeMethod(MethodInvocationHelper.java:124)
at org.testng.internal.Invoker.invokeMethod(Invoker.java:583)
at org.testng.internal.Invoker.invokeTestMethod(Invoker.java:719)
at org.testng.internal.Invoker.invokeTestMethods(Invoker.java:989)
at org.testng.internal.TestMethodWorker.invokeTestMethods(TestMethodWorker.java:125)
at org.testng.internal.TestMethodWorker.run(TestMethodWorker.java:109)
at org.testng.TestRunner.privateRun(TestRunner.java:648)
at org.testng.TestRunner.run(TestRunner.java:505)
at org.testng.SuiteRunner.runTest(SuiteRunner.java:455)
at org.testng.SuiteRunner.runSequentially(SuiteRunner.java:450)
at org.testng.SuiteRunner.privateRun(SuiteRunner.java:415)
at org.testng.SuiteRunner.run(SuiteRunner.java:364)
at org.testng.SuiteRunnerWorker.runSuite(SuiteRunnerWorker.java:52)
at org.testng.SuiteRunnerWorker.run(SuiteRunnerWorker.java:84)
at org.testng.TestNG.runSuitesSequentially(TestNG.java:1208)
at org.testng.TestNG.runSuitesLocally(TestNG.java:1137)
at org.testng.TestNG.runSuites(TestNG.java:1049)
at org.testng.TestNG.run(TestNG.java:1017)
at org.testng.remote.AbstractRemoteTestNG.run(AbstractRemoteTestNG.java:115)
at org.testng.remote.RemoteTestNG.initAndRun(RemoteTestNG.java:251)
at org.testng.remote.RemoteTestNG.main(RemoteTestNG.java:77)
]]>
    </failure>
  </testcase> <!-- getLogoFile -->
  <testcase name="getLogoFile" time="3.266" classname="Logo">
    <failure type="java.lang.AssertionError" message="The following asserts failed:
	[NotEnoughDesign][Missing type:  uni multi v5] expected [9] but found [6],
	[ImageNotReplaced] expected [] but found [dark2],
	[ImageNotReplaced] expected [] but found [dark3],
	[ImageNotReplaced] expected [] but found [dark],
	[ImageNotReplaced] expected [] but found [light3],
	[ImageNotReplaced] expected [] but found [light2]">
      <![CDATA[java.lang.AssertionError: The following asserts failed:
[NotEnoughDesign][Missing type:  uni multi v5] expected [9] but found [6],
[ImageNotReplaced] expected [] but found [dark2],
[ImageNotReplaced] expected [] but found [dark3],
[ImageNotReplaced] expected [] but found [dark],
[ImageNotReplaced] expected [] but found [light3],
[ImageNotReplaced] expected [] but found [light2]
at automation.project3ds.Assertion.end(Assertion.java:26)
at Logo.getLogoFile(Logo.java:211)
at sun.reflect.GeneratedMethodAccessor2.invoke(Unknown Source)
at sun.reflect.DelegatingMethodAccessorImpl.invoke(DelegatingMethodAccessorImpl.java:43)
at java.lang.reflect.Method.invoke(Method.java:498)
at org.testng.internal.MethodInvocationHelper.invokeMethod(MethodInvocationHelper.java:124)
at org.testng.internal.Invoker.invokeMethod(Invoker.java:583)
at org.testng.internal.Invoker.invokeTestMethod(Invoker.java:719)
at org.testng.internal.Invoker.invokeTestMethods(Invoker.java:989)
at org.testng.internal.TestMethodWorker.invokeTestMethods(TestMethodWorker.java:125)
at org.testng.internal.TestMethodWorker.run(TestMethodWorker.java:109)
at org.testng.TestRunner.privateRun(TestRunner.java:648)
at org.testng.TestRunner.run(TestRunner.java:505)
at org.testng.SuiteRunner.runTest(SuiteRunner.java:455)
at org.testng.SuiteRunner.runSequentially(SuiteRunner.java:450)
at org.testng.SuiteRunner.privateRun(SuiteRunner.java:415)
at org.testng.SuiteRunner.run(SuiteRunner.java:364)
at org.testng.SuiteRunnerWorker.runSuite(SuiteRunnerWorker.java:52)
at org.testng.SuiteRunnerWorker.run(SuiteRunnerWorker.java:84)
at org.testng.TestNG.runSuitesSequentially(TestNG.java:1208)
at org.testng.TestNG.runSuitesLocally(TestNG.java:1137)
at org.testng.TestNG.runSuites(TestNG.java:1049)
at org.testng.TestNG.run(TestNG.java:1017)
at org.testng.remote.AbstractRemoteTestNG.run(AbstractRemoteTestNG.java:115)
at org.testng.remote.RemoteTestNG.initAndRun(RemoteTestNG.java:251)
at org.testng.remote.RemoteTestNG.main(RemoteTestNG.java:77)
]]>
    </failure>
  </testcase> <!-- getLogoFile -->
  <testcase name="getLogoFile" time="3.299" classname="Logo">
    <failure type="java.lang.AssertionError" message="The following asserts failed:
	[NotEnoughDesign][Missing type:  uni multi v5] expected [9] but found [6],
	[ImageNotReplaced] expected [] but found [dark2],
	[ImageNotReplaced] expected [] but found [dark3],
	[ImageNotReplaced] expected [] but found [dark],
	[ImageNotReplaced] expected [] but found [light3],
	[ImageNotReplaced] expected [] but found [light2]">
      <![CDATA[java.lang.AssertionError: The following asserts failed:
[NotEnoughDesign][Missing type:  uni multi v5] expected [9] but found [6],
[ImageNotReplaced] expected [] but found [dark2],
[ImageNotReplaced] expected [] but found [dark3],
[ImageNotReplaced] expected [] but found [dark],
[ImageNotReplaced] expected [] but found [light3],
[ImageNotReplaced] expected [] but found [light2]
at automation.project3ds.Assertion.end(Assertion.java:26)
at Logo.getLogoFile(Logo.java:211)
at sun.reflect.GeneratedMethodAccessor2.invoke(Unknown Source)
at sun.reflect.DelegatingMethodAccessorImpl.invoke(DelegatingMethodAccessorImpl.java:43)
at java.lang.reflect.Method.invoke(Method.java:498)
at org.testng.internal.MethodInvocationHelper.invokeMethod(MethodInvocationHelper.java:124)
at org.testng.internal.Invoker.invokeMethod(Invoker.java:583)
at org.testng.internal.Invoker.invokeTestMethod(Invoker.java:719)
at org.testng.internal.Invoker.invokeTestMethods(Invoker.java:989)
at org.testng.internal.TestMethodWorker.invokeTestMethods(TestMethodWorker.java:125)
at org.testng.internal.TestMethodWorker.run(TestMethodWorker.java:109)
at org.testng.TestRunner.privateRun(TestRunner.java:648)
at org.testng.TestRunner.run(TestRunner.java:505)
at org.testng.SuiteRunner.runTest(SuiteRunner.java:455)
at org.testng.SuiteRunner.runSequentially(SuiteRunner.java:450)
at org.testng.SuiteRunner.privateRun(SuiteRunner.java:415)
at org.testng.SuiteRunner.run(SuiteRunner.java:364)
at org.testng.SuiteRunnerWorker.runSuite(SuiteRunnerWorker.java:52)
at org.testng.SuiteRunnerWorker.run(SuiteRunnerWorker.java:84)
at org.testng.TestNG.runSuitesSequentially(TestNG.java:1208)
at org.testng.TestNG.runSuitesLocally(TestNG.java:1137)
at org.testng.TestNG.runSuites(TestNG.java:1049)
at org.testng.TestNG.run(TestNG.java:1017)
at org.testng.remote.AbstractRemoteTestNG.run(AbstractRemoteTestNG.java:115)
at org.testng.remote.RemoteTestNG.initAndRun(RemoteTestNG.java:251)
at org.testng.remote.RemoteTestNG.main(RemoteTestNG.java:77)
]]>
    </failure>
  </testcase> <!-- getLogoFile -->
  <testcase name="getLogoFile" time="3.273" classname="Logo">
    <failure type="java.lang.AssertionError" message="The following asserts failed:
	[NotEnoughDesign][Missing type:  uni multi v5] expected [9] but found [6],
	[ImageNotReplaced] expected [] but found [dark2],
	[ImageNotReplaced] expected [] but found [dark3],
	[ImageNotReplaced] expected [] but found [dark],
	[ImageNotReplaced] expected [] but found [light3],
	[ImageNotReplaced] expected [] but found [light2]">
      <![CDATA[java.lang.AssertionError: The following asserts failed:
[NotEnoughDesign][Missing type:  uni multi v5] expected [9] but found [6],
[ImageNotReplaced] expected [] but found [dark2],
[ImageNotReplaced] expected [] but found [dark3],
[ImageNotReplaced] expected [] but found [dark],
[ImageNotReplaced] expected [] but found [light3],
[ImageNotReplaced] expected [] but found [light2]
at automation.project3ds.Assertion.end(Assertion.java:26)
at Logo.getLogoFile(Logo.java:211)
at sun.reflect.GeneratedMethodAccessor2.invoke(Unknown Source)
at sun.reflect.DelegatingMethodAccessorImpl.invoke(DelegatingMethodAccessorImpl.java:43)
at java.lang.reflect.Method.invoke(Method.java:498)
at org.testng.internal.MethodInvocationHelper.invokeMethod(MethodInvocationHelper.java:124)
at org.testng.internal.Invoker.invokeMethod(Invoker.java:583)
at org.testng.internal.Invoker.invokeTestMethod(Invoker.java:719)
at org.testng.internal.Invoker.invokeTestMethods(Invoker.java:989)
at org.testng.internal.TestMethodWorker.invokeTestMethods(TestMethodWorker.java:125)
at org.testng.internal.TestMethodWorker.run(TestMethodWorker.java:109)
at org.testng.TestRunner.privateRun(TestRunner.java:648)
at org.testng.TestRunner.run(TestRunner.java:505)
at org.testng.SuiteRunner.runTest(SuiteRunner.java:455)
at org.testng.SuiteRunner.runSequentially(SuiteRunner.java:450)
at org.testng.SuiteRunner.privateRun(SuiteRunner.java:415)
at org.testng.SuiteRunner.run(SuiteRunner.java:364)
at org.testng.SuiteRunnerWorker.runSuite(SuiteRunnerWorker.java:52)
at org.testng.SuiteRunnerWorker.run(SuiteRunnerWorker.java:84)
at org.testng.TestNG.runSuitesSequentially(TestNG.java:1208)
at org.testng.TestNG.runSuitesLocally(TestNG.java:1137)
at org.testng.TestNG.runSuites(TestNG.java:1049)
at org.testng.TestNG.run(TestNG.java:1017)
at org.testng.remote.AbstractRemoteTestNG.run(AbstractRemoteTestNG.java:115)
at org.testng.remote.RemoteTestNG.initAndRun(RemoteTestNG.java:251)
at org.testng.remote.RemoteTestNG.main(RemoteTestNG.java:77)
]]>
    </failure>
  </testcase> <!-- getLogoFile -->
  <testcase name="getLogoFile" time="3.18" classname="Logo">
    <failure type="java.lang.AssertionError" message="The following asserts failed:
	[NotEnoughDesign][Missing type:  uni multi v5] expected [9] but found [6],
	[ImageNotReplaced] expected [] but found [dark2],
	[ImageNotReplaced] expected [] but found [dark3],
	[ImageNotReplaced] expected [] but found [dark],
	[ImageNotReplaced] expected [] but found [light3],
	[ImageNotReplaced] expected [] but found [light2]">
      <![CDATA[java.lang.AssertionError: The following asserts failed:
[NotEnoughDesign][Missing type:  uni multi v5] expected [9] but found [6],
[ImageNotReplaced] expected [] but found [dark2],
[ImageNotReplaced] expected [] but found [dark3],
[ImageNotReplaced] expected [] but found [dark],
[ImageNotReplaced] expected [] but found [light3],
[ImageNotReplaced] expected [] but found [light2]
at automation.project3ds.Assertion.end(Assertion.java:26)
at Logo.getLogoFile(Logo.java:211)
at sun.reflect.GeneratedMethodAccessor2.invoke(Unknown Source)
at sun.reflect.DelegatingMethodAccessorImpl.invoke(DelegatingMethodAccessorImpl.java:43)
at java.lang.reflect.Method.invoke(Method.java:498)
at org.testng.internal.MethodInvocationHelper.invokeMethod(MethodInvocationHelper.java:124)
at org.testng.internal.Invoker.invokeMethod(Invoker.java:583)
at org.testng.internal.Invoker.invokeTestMethod(Invoker.java:719)
at org.testng.internal.Invoker.invokeTestMethods(Invoker.java:989)
at org.testng.internal.TestMethodWorker.invokeTestMethods(TestMethodWorker.java:125)
at org.testng.internal.TestMethodWorker.run(TestMethodWorker.java:109)
at org.testng.TestRunner.privateRun(TestRunner.java:648)
at org.testng.TestRunner.run(TestRunner.java:505)
at org.testng.SuiteRunner.runTest(SuiteRunner.java:455)
at org.testng.SuiteRunner.runSequentially(SuiteRunner.java:450)
at org.testng.SuiteRunner.privateRun(SuiteRunner.java:415)
at org.testng.SuiteRunner.run(SuiteRunner.java:364)
at org.testng.SuiteRunnerWorker.runSuite(SuiteRunnerWorker.java:52)
at org.testng.SuiteRunnerWorker.run(SuiteRunnerWorker.java:84)
at org.testng.TestNG.runSuitesSequentially(TestNG.java:1208)
at org.testng.TestNG.runSuitesLocally(TestNG.java:1137)
at org.testng.TestNG.runSuites(TestNG.java:1049)
at org.testng.TestNG.run(TestNG.java:1017)
at org.testng.remote.AbstractRemoteTestNG.run(AbstractRemoteTestNG.java:115)
at org.testng.remote.RemoteTestNG.initAndRun(RemoteTestNG.java:251)
at org.testng.remote.RemoteTestNG.main(RemoteTestNG.java:77)
]]>
    </failure>
  </testcase> <!-- getLogoFile -->
  <testcase name="getLogoFile" time="3.311" classname="Logo">
    <failure type="java.lang.AssertionError" message="The following asserts failed:
	[ImageNotReplaced] expected [] but found [dark2],
	[ImageNotReplaced] expected [] but found [dark3],
	[ImageNotReplaced] expected [] but found [dark],
	[ImageNotReplaced] expected [] but found [light3],
	[ImageNotReplaced] expected [] but found [light2]">
      <![CDATA[java.lang.AssertionError: The following asserts failed:
[ImageNotReplaced] expected [] but found [dark2],
[ImageNotReplaced] expected [] but found [dark3],
[ImageNotReplaced] expected [] but found [dark],
[ImageNotReplaced] expected [] but found [light3],
[ImageNotReplaced] expected [] but found [light2]
at automation.project3ds.Assertion.end(Assertion.java:26)
at Logo.getLogoFile(Logo.java:211)
at sun.reflect.GeneratedMethodAccessor2.invoke(Unknown Source)
at sun.reflect.DelegatingMethodAccessorImpl.invoke(DelegatingMethodAccessorImpl.java:43)
at java.lang.reflect.Method.invoke(Method.java:498)
at org.testng.internal.MethodInvocationHelper.invokeMethod(MethodInvocationHelper.java:124)
at org.testng.internal.Invoker.invokeMethod(Invoker.java:583)
at org.testng.internal.Invoker.invokeTestMethod(Invoker.java:719)
at org.testng.internal.Invoker.invokeTestMethods(Invoker.java:989)
at org.testng.internal.TestMethodWorker.invokeTestMethods(TestMethodWorker.java:125)
at org.testng.internal.TestMethodWorker.run(TestMethodWorker.java:109)
at org.testng.TestRunner.privateRun(TestRunner.java:648)
at org.testng.TestRunner.run(TestRunner.java:505)
at org.testng.SuiteRunner.runTest(SuiteRunner.java:455)
at org.testng.SuiteRunner.runSequentially(SuiteRunner.java:450)
at org.testng.SuiteRunner.privateRun(SuiteRunner.java:415)
at org.testng.SuiteRunner.run(SuiteRunner.java:364)
at org.testng.SuiteRunnerWorker.runSuite(SuiteRunnerWorker.java:52)
at org.testng.SuiteRunnerWorker.run(SuiteRunnerWorker.java:84)
at org.testng.TestNG.runSuitesSequentially(TestNG.java:1208)
at org.testng.TestNG.runSuitesLocally(TestNG.java:1137)
at org.testng.TestNG.runSuites(TestNG.java:1049)
at org.testng.TestNG.run(TestNG.java:1017)
at org.testng.remote.AbstractRemoteTestNG.run(AbstractRemoteTestNG.java:115)
at org.testng.remote.RemoteTestNG.initAndRun(RemoteTestNG.java:251)
at org.testng.remote.RemoteTestNG.main(RemoteTestNG.java:77)
]]>
    </failure>
  </testcase> <!-- getLogoFile -->
  <testcase name="getLogoFile" time="3.198" classname="Logo">
    <failure type="java.lang.AssertionError" message="The following asserts failed:
	[NotEnoughDesign][Missing type:  uni multi v5] expected [9] but found [6],
	[ImageNotReplaced] expected [] but found [dark2],
	[ImageNotReplaced] expected [] but found [dark3],
	[ImageNotReplaced] expected [] but found [dark],
	[ImageNotReplaced] expected [] but found [light3],
	[ImageNotReplaced] expected [] but found [light2]">
      <![CDATA[java.lang.AssertionError: The following asserts failed:
[NotEnoughDesign][Missing type:  uni multi v5] expected [9] but found [6],
[ImageNotReplaced] expected [] but found [dark2],
[ImageNotReplaced] expected [] but found [dark3],
[ImageNotReplaced] expected [] but found [dark],
[ImageNotReplaced] expected [] but found [light3],
[ImageNotReplaced] expected [] but found [light2]
at automation.project3ds.Assertion.end(Assertion.java:26)
at Logo.getLogoFile(Logo.java:211)
at sun.reflect.GeneratedMethodAccessor2.invoke(Unknown Source)
at sun.reflect.DelegatingMethodAccessorImpl.invoke(DelegatingMethodAccessorImpl.java:43)
at java.lang.reflect.Method.invoke(Method.java:498)
at org.testng.internal.MethodInvocationHelper.invokeMethod(MethodInvocationHelper.java:124)
at org.testng.internal.Invoker.invokeMethod(Invoker.java:583)
at org.testng.internal.Invoker.invokeTestMethod(Invoker.java:719)
at org.testng.internal.Invoker.invokeTestMethods(Invoker.java:989)
at org.testng.internal.TestMethodWorker.invokeTestMethods(TestMethodWorker.java:125)
at org.testng.internal.TestMethodWorker.run(TestMethodWorker.java:109)
at org.testng.TestRunner.privateRun(TestRunner.java:648)
at org.testng.TestRunner.run(TestRunner.java:505)
at org.testng.SuiteRunner.runTest(SuiteRunner.java:455)
at org.testng.SuiteRunner.runSequentially(SuiteRunner.java:450)
at org.testng.SuiteRunner.privateRun(SuiteRunner.java:415)
at org.testng.SuiteRunner.run(SuiteRunner.java:364)
at org.testng.SuiteRunnerWorker.runSuite(SuiteRunnerWorker.java:52)
at org.testng.SuiteRunnerWorker.run(SuiteRunnerWorker.java:84)
at org.testng.TestNG.runSuitesSequentially(TestNG.java:1208)
at org.testng.TestNG.runSuitesLocally(TestNG.java:1137)
at org.testng.TestNG.runSuites(TestNG.java:1049)
at org.testng.TestNG.run(TestNG.java:1017)
at org.testng.remote.AbstractRemoteTestNG.run(AbstractRemoteTestNG.java:115)
at org.testng.remote.RemoteTestNG.initAndRun(RemoteTestNG.java:251)
at org.testng.remote.RemoteTestNG.main(RemoteTestNG.java:77)
]]>
    </failure>
  </testcase> <!-- getLogoFile -->
  <testcase name="getLogoFile" time="3.262" classname="Logo">
    <failure type="java.lang.AssertionError" message="The following asserts failed:
	[NotEnoughDesign][Missing type:  uni multi v5] expected [9] but found [6],
	[ImageNotReplaced] expected [] but found [dark2],
	[ImageNotReplaced] expected [] but found [dark3],
	[ImageNotReplaced] expected [] but found [dark],
	[ImageNotReplaced] expected [] but found [light3],
	[ImageNotReplaced] expected [] but found [light2]">
      <![CDATA[java.lang.AssertionError: The following asserts failed:
[NotEnoughDesign][Missing type:  uni multi v5] expected [9] but found [6],
[ImageNotReplaced] expected [] but found [dark2],
[ImageNotReplaced] expected [] but found [dark3],
[ImageNotReplaced] expected [] but found [dark],
[ImageNotReplaced] expected [] but found [light3],
[ImageNotReplaced] expected [] but found [light2]
at automation.project3ds.Assertion.end(Assertion.java:26)
at Logo.getLogoFile(Logo.java:211)
at sun.reflect.GeneratedMethodAccessor2.invoke(Unknown Source)
at sun.reflect.DelegatingMethodAccessorImpl.invoke(DelegatingMethodAccessorImpl.java:43)
at java.lang.reflect.Method.invoke(Method.java:498)
at org.testng.internal.MethodInvocationHelper.invokeMethod(MethodInvocationHelper.java:124)
at org.testng.internal.Invoker.invokeMethod(Invoker.java:583)
at org.testng.internal.Invoker.invokeTestMethod(Invoker.java:719)
at org.testng.internal.Invoker.invokeTestMethods(Invoker.java:989)
at org.testng.internal.TestMethodWorker.invokeTestMethods(TestMethodWorker.java:125)
at org.testng.internal.TestMethodWorker.run(TestMethodWorker.java:109)
at org.testng.TestRunner.privateRun(TestRunner.java:648)
at org.testng.TestRunner.run(TestRunner.java:505)
at org.testng.SuiteRunner.runTest(SuiteRunner.java:455)
at org.testng.SuiteRunner.runSequentially(SuiteRunner.java:450)
at org.testng.SuiteRunner.privateRun(SuiteRunner.java:415)
at org.testng.SuiteRunner.run(SuiteRunner.java:364)
at org.testng.SuiteRunnerWorker.runSuite(SuiteRunnerWorker.java:52)
at org.testng.SuiteRunnerWorker.run(SuiteRunnerWorker.java:84)
at org.testng.TestNG.runSuitesSequentially(TestNG.java:1208)
at org.testng.TestNG.runSuitesLocally(TestNG.java:1137)
at org.testng.TestNG.runSuites(TestNG.java:1049)
at org.testng.TestNG.run(TestNG.java:1017)
at org.testng.remote.AbstractRemoteTestNG.run(AbstractRemoteTestNG.java:115)
at org.testng.remote.RemoteTestNG.initAndRun(RemoteTestNG.java:251)
at org.testng.remote.RemoteTestNG.main(RemoteTestNG.java:77)
]]>
    </failure>
  </testcase> <!-- getLogoFile -->
  <testcase name="getLogoFile" time="3.267" classname="Logo">
    <failure type="java.lang.AssertionError" message="The following asserts failed:
	[NotEnoughDesign][Missing type:  uni multi v5] expected [9] but found [6],
	[ImageNotReplaced] expected [] but found [dark2],
	[ImageNotReplaced] expected [] but found [dark3],
	[ImageNotReplaced] expected [] but found [dark],
	[ImageNotReplaced] expected [] but found [light3],
	[ImageNotReplaced] expected [] but found [light2]">
      <![CDATA[java.lang.AssertionError: The following asserts failed:
[NotEnoughDesign][Missing type:  uni multi v5] expected [9] but found [6],
[ImageNotReplaced] expected [] but found [dark2],
[ImageNotReplaced] expected [] but found [dark3],
[ImageNotReplaced] expected [] but found [dark],
[ImageNotReplaced] expected [] but found [light3],
[ImageNotReplaced] expected [] but found [light2]
at automation.project3ds.Assertion.end(Assertion.java:26)
at Logo.getLogoFile(Logo.java:211)
at sun.reflect.GeneratedMethodAccessor2.invoke(Unknown Source)
at sun.reflect.DelegatingMethodAccessorImpl.invoke(DelegatingMethodAccessorImpl.java:43)
at java.lang.reflect.Method.invoke(Method.java:498)
at org.testng.internal.MethodInvocationHelper.invokeMethod(MethodInvocationHelper.java:124)
at org.testng.internal.Invoker.invokeMethod(Invoker.java:583)
at org.testng.internal.Invoker.invokeTestMethod(Invoker.java:719)
at org.testng.internal.Invoker.invokeTestMethods(Invoker.java:989)
at org.testng.internal.TestMethodWorker.invokeTestMethods(TestMethodWorker.java:125)
at org.testng.internal.TestMethodWorker.run(TestMethodWorker.java:109)
at org.testng.TestRunner.privateRun(TestRunner.java:648)
at org.testng.TestRunner.run(TestRunner.java:505)
at org.testng.SuiteRunner.runTest(SuiteRunner.java:455)
at org.testng.SuiteRunner.runSequentially(SuiteRunner.java:450)
at org.testng.SuiteRunner.privateRun(SuiteRunner.java:415)
at org.testng.SuiteRunner.run(SuiteRunner.java:364)
at org.testng.SuiteRunnerWorker.runSuite(SuiteRunnerWorker.java:52)
at org.testng.SuiteRunnerWorker.run(SuiteRunnerWorker.java:84)
at org.testng.TestNG.runSuitesSequentially(TestNG.java:1208)
at org.testng.TestNG.runSuitesLocally(TestNG.java:1137)
at org.testng.TestNG.runSuites(TestNG.java:1049)
at org.testng.TestNG.run(TestNG.java:1017)
at org.testng.remote.AbstractRemoteTestNG.run(AbstractRemoteTestNG.java:115)
at org.testng.remote.RemoteTestNG.initAndRun(RemoteTestNG.java:251)
at org.testng.remote.RemoteTestNG.main(RemoteTestNG.java:77)
]]>
    </failure>
  </testcase> <!-- getLogoFile -->
  <testcase name="getLogoFile" time="2.386" classname="Logo">
    <failure type="java.lang.AssertionError" message="The following asserts failed:
	[NamedWrong] expected [name] but found [ps-canada-post-d],
	[NamedWrong] expected [name] but found [ps-canada-post],
	[NamedWrong] expected [name] but found [pm-ps-canada-big],
	[NotEnoughDesign][Missing type:  uni light dark] expected [9] but found [6],
	[ImageNotReplaced] expected [] but found [dark2],
	[ImageNotReplaced] expected [] but found [dark3],
	[ImageNotReplaced] expected [] but found [light3],
	[ImageNotReplaced] expected [] but found [light2]">
      <![CDATA[java.lang.AssertionError: The following asserts failed:
[NamedWrong] expected [name] but found [ps-canada-post-d],
[NamedWrong] expected [name] but found [ps-canada-post],
[NamedWrong] expected [name] but found [pm-ps-canada-big],
[NotEnoughDesign][Missing type:  uni light dark] expected [9] but found [6],
[ImageNotReplaced] expected [] but found [dark2],
[ImageNotReplaced] expected [] but found [dark3],
[ImageNotReplaced] expected [] but found [light3],
[ImageNotReplaced] expected [] but found [light2]
at automation.project3ds.Assertion.end(Assertion.java:26)
at Logo.getLogoFile(Logo.java:211)
at sun.reflect.GeneratedMethodAccessor2.invoke(Unknown Source)
at sun.reflect.DelegatingMethodAccessorImpl.invoke(DelegatingMethodAccessorImpl.java:43)
at java.lang.reflect.Method.invoke(Method.java:498)
at org.testng.internal.MethodInvocationHelper.invokeMethod(MethodInvocationHelper.java:124)
at org.testng.internal.Invoker.invokeMethod(Invoker.java:583)
at org.testng.internal.Invoker.invokeTestMethod(Invoker.java:719)
at org.testng.internal.Invoker.invokeTestMethods(Invoker.java:989)
at org.testng.internal.TestMethodWorker.invokeTestMethods(TestMethodWorker.java:125)
at org.testng.internal.TestMethodWorker.run(TestMethodWorker.java:109)
at org.testng.TestRunner.privateRun(TestRunner.java:648)
at org.testng.TestRunner.run(TestRunner.java:505)
at org.testng.SuiteRunner.runTest(SuiteRunner.java:455)
at org.testng.SuiteRunner.runSequentially(SuiteRunner.java:450)
at org.testng.SuiteRunner.privateRun(SuiteRunner.java:415)
at org.testng.SuiteRunner.run(SuiteRunner.java:364)
at org.testng.SuiteRunnerWorker.runSuite(SuiteRunnerWorker.java:52)
at org.testng.SuiteRunnerWorker.run(SuiteRunnerWorker.java:84)
at org.testng.TestNG.runSuitesSequentially(TestNG.java:1208)
at org.testng.TestNG.runSuitesLocally(TestNG.java:1137)
at org.testng.TestNG.runSuites(TestNG.java:1049)
at org.testng.TestNG.run(TestNG.java:1017)
at org.testng.remote.AbstractRemoteTestNG.run(AbstractRemoteTestNG.java:115)
at org.testng.remote.RemoteTestNG.initAndRun(RemoteTestNG.java:251)
at org.testng.remote.RemoteTestNG.main(RemoteTestNG.java:77)
]]>
    </failure>
  </testcase> <!-- getLogoFile -->
  <testcase name="getLogoFile" time="0.01" classname="Logo">
    <failure type="java.lang.AssertionError" message="The following asserts failed:
	[NotEnoughDesign][Missing type:  uni dark2 dark3 light dark light3 multi v5 light2] expected [9] but found [0]">
      <![CDATA[java.lang.AssertionError: The following asserts failed:
[NotEnoughDesign][Missing type:  uni dark2 dark3 light dark light3 multi v5 light2] expected [9] but found [0]
at automation.project3ds.Assertion.end(Assertion.java:26)
at Logo.getLogoFile(Logo.java:211)
at sun.reflect.GeneratedMethodAccessor2.invoke(Unknown Source)
at sun.reflect.DelegatingMethodAccessorImpl.invoke(DelegatingMethodAccessorImpl.java:43)
at java.lang.reflect.Method.invoke(Method.java:498)
at org.testng.internal.MethodInvocationHelper.invokeMethod(MethodInvocationHelper.java:124)
at org.testng.internal.Invoker.invokeMethod(Invoker.java:583)
at org.testng.internal.Invoker.invokeTestMethod(Invoker.java:719)
at org.testng.internal.Invoker.invokeTestMethods(Invoker.java:989)
at org.testng.internal.TestMethodWorker.invokeTestMethods(TestMethodWorker.java:125)
at org.testng.internal.TestMethodWorker.run(TestMethodWorker.java:109)
at org.testng.TestRunner.privateRun(TestRunner.java:648)
at org.testng.TestRunner.run(TestRunner.java:505)
at org.testng.SuiteRunner.runTest(SuiteRunner.java:455)
at org.testng.SuiteRunner.runSequentially(SuiteRunner.java:450)
at org.testng.SuiteRunner.privateRun(SuiteRunner.java:415)
at org.testng.SuiteRunner.run(SuiteRunner.java:364)
at org.testng.SuiteRunnerWorker.runSuite(SuiteRunnerWorker.java:52)
at org.testng.SuiteRunnerWorker.run(SuiteRunnerWorker.java:84)
at org.testng.TestNG.runSuitesSequentially(TestNG.java:1208)
at org.testng.TestNG.runSuitesLocally(TestNG.java:1137)
at org.testng.TestNG.runSuites(TestNG.java:1049)
at org.testng.TestNG.run(TestNG.java:1017)
at org.testng.remote.AbstractRemoteTestNG.run(AbstractRemoteTestNG.java:115)
at org.testng.remote.RemoteTestNG.initAndRun(RemoteTestNG.java:251)
at org.testng.remote.RemoteTestNG.main(RemoteTestNG.java:77)
]]>
    </failure>
  </testcase> <!-- getLogoFile -->
  <testcase name="getLogoFile" time="0.01" classname="Logo">
    <failure type="java.lang.AssertionError" message="The following asserts failed:
	[NotEnoughDesign][Missing type:  uni dark2 dark3 light dark light3 multi v5 light2] expected [9] but found [0]">
      <![CDATA[java.lang.AssertionError: The following asserts failed:
[NotEnoughDesign][Missing type:  uni dark2 dark3 light dark light3 multi v5 light2] expected [9] but found [0]
at automation.project3ds.Assertion.end(Assertion.java:26)
at Logo.getLogoFile(Logo.java:211)
at sun.reflect.GeneratedMethodAccessor2.invoke(Unknown Source)
at sun.reflect.DelegatingMethodAccessorImpl.invoke(DelegatingMethodAccessorImpl.java:43)
at java.lang.reflect.Method.invoke(Method.java:498)
at org.testng.internal.MethodInvocationHelper.invokeMethod(MethodInvocationHelper.java:124)
at org.testng.internal.Invoker.invokeMethod(Invoker.java:583)
at org.testng.internal.Invoker.invokeTestMethod(Invoker.java:719)
at org.testng.internal.Invoker.invokeTestMethods(Invoker.java:989)
at org.testng.internal.TestMethodWorker.invokeTestMethods(TestMethodWorker.java:125)
at org.testng.internal.TestMethodWorker.run(TestMethodWorker.java:109)
at org.testng.TestRunner.privateRun(TestRunner.java:648)
at org.testng.TestRunner.run(TestRunner.java:505)
at org.testng.SuiteRunner.runTest(SuiteRunner.java:455)
at org.testng.SuiteRunner.runSequentially(SuiteRunner.java:450)
at org.testng.SuiteRunner.privateRun(SuiteRunner.java:415)
at org.testng.SuiteRunner.run(SuiteRunner.java:364)
at org.testng.SuiteRunnerWorker.runSuite(SuiteRunnerWorker.java:52)
at org.testng.SuiteRunnerWorker.run(SuiteRunnerWorker.java:84)
at org.testng.TestNG.runSuitesSequentially(TestNG.java:1208)
at org.testng.TestNG.runSuitesLocally(TestNG.java:1137)
at org.testng.TestNG.runSuites(TestNG.java:1049)
at org.testng.TestNG.run(TestNG.java:1017)
at org.testng.remote.AbstractRemoteTestNG.run(AbstractRemoteTestNG.java:115)
at org.testng.remote.RemoteTestNG.initAndRun(RemoteTestNG.java:251)
at org.testng.remote.RemoteTestNG.main(RemoteTestNG.java:77)
]]>
    </failure>
  </testcase> <!-- getLogoFile -->
  <testcase name="getLogoFile" time="0.022" classname="Logo">
    <failure type="java.lang.AssertionError" message="The following asserts failed:
	[NamedWrong] expected [name] but found [_ps-amex-@2x],
	[NamedWrong] expected [name] but found [ps-amex-d],
	[NamedWrong] expected [name] but found [pm-psamex-merchantareav5],
	[NamedWrong] expected [name] but found [ps-amex-d@3x],
	[NamedWrong] expected [name] but found [pm-ps-amex],
	[NamedWrong] expected [name] but found [ps-amex],
	[NamedWrong] expected [name] but found [_ps-amex-d@2x],
	[NamedWrong] expected [name] but found [pm-psamex-big],
	[NamedWrong] expected [name] but found [ps-amex-@3x],
	[NotEnoughDesign][Missing type:  uni dark2 dark3 light dark light3 multi light2] expected [9] but found [1]">
      <![CDATA[java.lang.AssertionError: The following asserts failed:
[NamedWrong] expected [name] but found [_ps-amex-@2x],
[NamedWrong] expected [name] but found [ps-amex-d],
[NamedWrong] expected [name] but found [pm-psamex-merchantareav5],
[NamedWrong] expected [name] but found [ps-amex-d@3x],
[NamedWrong] expected [name] but found [pm-ps-amex],
[NamedWrong] expected [name] but found [ps-amex],
[NamedWrong] expected [name] but found [_ps-amex-d@2x],
[NamedWrong] expected [name] but found [pm-psamex-big],
[NamedWrong] expected [name] but found [ps-amex-@3x],
[NotEnoughDesign][Missing type:  uni dark2 dark3 light dark light3 multi light2] expected [9] but found [1]
at automation.project3ds.Assertion.end(Assertion.java:26)
at Logo.getLogoFile(Logo.java:211)
at sun.reflect.GeneratedMethodAccessor2.invoke(Unknown Source)
at sun.reflect.DelegatingMethodAccessorImpl.invoke(DelegatingMethodAccessorImpl.java:43)
at java.lang.reflect.Method.invoke(Method.java:498)
at org.testng.internal.MethodInvocationHelper.invokeMethod(MethodInvocationHelper.java:124)
at org.testng.internal.Invoker.invokeMethod(Invoker.java:583)
at org.testng.internal.Invoker.invokeTestMethod(Invoker.java:719)
at org.testng.internal.Invoker.invokeTestMethods(Invoker.java:989)
at org.testng.internal.TestMethodWorker.invokeTestMethods(TestMethodWorker.java:125)
at org.testng.internal.TestMethodWorker.run(TestMethodWorker.java:109)
at org.testng.TestRunner.privateRun(TestRunner.java:648)
at org.testng.TestRunner.run(TestRunner.java:505)
at org.testng.SuiteRunner.runTest(SuiteRunner.java:455)
at org.testng.SuiteRunner.runSequentially(SuiteRunner.java:450)
at org.testng.SuiteRunner.privateRun(SuiteRunner.java:415)
at org.testng.SuiteRunner.run(SuiteRunner.java:364)
at org.testng.SuiteRunnerWorker.runSuite(SuiteRunnerWorker.java:52)
at org.testng.SuiteRunnerWorker.run(SuiteRunnerWorker.java:84)
at org.testng.TestNG.runSuitesSequentially(TestNG.java:1208)
at org.testng.TestNG.runSuitesLocally(TestNG.java:1137)
at org.testng.TestNG.runSuites(TestNG.java:1049)
at org.testng.TestNG.run(TestNG.java:1017)
at org.testng.remote.AbstractRemoteTestNG.run(AbstractRemoteTestNG.java:115)
at org.testng.remote.RemoteTestNG.initAndRun(RemoteTestNG.java:251)
at org.testng.remote.RemoteTestNG.main(RemoteTestNG.java:77)
]]>
    </failure>
  </testcase> <!-- getLogoFile -->
  <testcase name="getLogoFile" time="0.007" classname="Logo">
    <failure type="java.lang.AssertionError" message="The following asserts failed:
	[NotEnoughDesign][Missing type:  uni dark2 dark3 light dark light3 multi v5 light2] expected [9] but found [0]">
      <![CDATA[java.lang.AssertionError: The following asserts failed:
[NotEnoughDesign][Missing type:  uni dark2 dark3 light dark light3 multi v5 light2] expected [9] but found [0]
at automation.project3ds.Assertion.end(Assertion.java:26)
at Logo.getLogoFile(Logo.java:211)
at sun.reflect.GeneratedMethodAccessor2.invoke(Unknown Source)
at sun.reflect.DelegatingMethodAccessorImpl.invoke(DelegatingMethodAccessorImpl.java:43)
at java.lang.reflect.Method.invoke(Method.java:498)
at org.testng.internal.MethodInvocationHelper.invokeMethod(MethodInvocationHelper.java:124)
at org.testng.internal.Invoker.invokeMethod(Invoker.java:583)
at org.testng.internal.Invoker.invokeTestMethod(Invoker.java:719)
at org.testng.internal.Invoker.invokeTestMethods(Invoker.java:989)
at org.testng.internal.TestMethodWorker.invokeTestMethods(TestMethodWorker.java:125)
at org.testng.internal.TestMethodWorker.run(TestMethodWorker.java:109)
at org.testng.TestRunner.privateRun(TestRunner.java:648)
at org.testng.TestRunner.run(TestRunner.java:505)
at org.testng.SuiteRunner.runTest(SuiteRunner.java:455)
at org.testng.SuiteRunner.runSequentially(SuiteRunner.java:450)
at org.testng.SuiteRunner.privateRun(SuiteRunner.java:415)
at org.testng.SuiteRunner.run(SuiteRunner.java:364)
at org.testng.SuiteRunnerWorker.runSuite(SuiteRunnerWorker.java:52)
at org.testng.SuiteRunnerWorker.run(SuiteRunnerWorker.java:84)
at org.testng.TestNG.runSuitesSequentially(TestNG.java:1208)
at org.testng.TestNG.runSuitesLocally(TestNG.java:1137)
at org.testng.TestNG.runSuites(TestNG.java:1049)
at org.testng.TestNG.run(TestNG.java:1017)
at org.testng.remote.AbstractRemoteTestNG.run(AbstractRemoteTestNG.java:115)
at org.testng.remote.RemoteTestNG.initAndRun(RemoteTestNG.java:251)
at org.testng.remote.RemoteTestNG.main(RemoteTestNG.java:77)
]]>
    </failure>
  </testcase> <!-- getLogoFile -->
  <testcase name="getLogoFile" time="0.002" classname="Logo">
    <failure type="java.lang.AssertionError" message="The following asserts failed:
	[NotEnoughDesign][Missing type:  uni dark2 dark3 light dark light3 multi v5 light2] expected [9] but found [0]">
      <![CDATA[java.lang.AssertionError: The following asserts failed:
[NotEnoughDesign][Missing type:  uni dark2 dark3 light dark light3 multi v5 light2] expected [9] but found [0]
at automation.project3ds.Assertion.end(Assertion.java:26)
at Logo.getLogoFile(Logo.java:211)
at sun.reflect.GeneratedMethodAccessor2.invoke(Unknown Source)
at sun.reflect.DelegatingMethodAccessorImpl.invoke(DelegatingMethodAccessorImpl.java:43)
at java.lang.reflect.Method.invoke(Method.java:498)
at org.testng.internal.MethodInvocationHelper.invokeMethod(MethodInvocationHelper.java:124)
at org.testng.internal.Invoker.invokeMethod(Invoker.java:583)
at org.testng.internal.Invoker.invokeTestMethod(Invoker.java:719)
at org.testng.internal.Invoker.invokeTestMethods(Invoker.java:989)
at org.testng.internal.TestMethodWorker.invokeTestMethods(TestMethodWorker.java:125)
at org.testng.internal.TestMethodWorker.run(TestMethodWorker.java:109)
at org.testng.TestRunner.privateRun(TestRunner.java:648)
at org.testng.TestRunner.run(TestRunner.java:505)
at org.testng.SuiteRunner.runTest(SuiteRunner.java:455)
at org.testng.SuiteRunner.runSequentially(SuiteRunner.java:450)
at org.testng.SuiteRunner.privateRun(SuiteRunner.java:415)
at org.testng.SuiteRunner.run(SuiteRunner.java:364)
at org.testng.SuiteRunnerWorker.runSuite(SuiteRunnerWorker.java:52)
at org.testng.SuiteRunnerWorker.run(SuiteRunnerWorker.java:84)
at org.testng.TestNG.runSuitesSequentially(TestNG.java:1208)
at org.testng.TestNG.runSuitesLocally(TestNG.java:1137)
at org.testng.TestNG.runSuites(TestNG.java:1049)
at org.testng.TestNG.run(TestNG.java:1017)
at org.testng.remote.AbstractRemoteTestNG.run(AbstractRemoteTestNG.java:115)
at org.testng.remote.RemoteTestNG.initAndRun(RemoteTestNG.java:251)
at org.testng.remote.RemoteTestNG.main(RemoteTestNG.java:77)
]]>
    </failure>
  </testcase> <!-- getLogoFile -->
  <testcase name="getLogoFile" time="0.004" classname="Logo">
    <failure type="java.lang.AssertionError" message="The following asserts failed:
	[NotEnoughDesign][Missing type:  uni dark2 dark3 light dark light3 multi v5 light2] expected [9] but found [0]">
      <![CDATA[java.lang.AssertionError: The following asserts failed:
[NotEnoughDesign][Missing type:  uni dark2 dark3 light dark light3 multi v5 light2] expected [9] but found [0]
at automation.project3ds.Assertion.end(Assertion.java:26)
at Logo.getLogoFile(Logo.java:211)
at sun.reflect.GeneratedMethodAccessor2.invoke(Unknown Source)
at sun.reflect.DelegatingMethodAccessorImpl.invoke(DelegatingMethodAccessorImpl.java:43)
at java.lang.reflect.Method.invoke(Method.java:498)
at org.testng.internal.MethodInvocationHelper.invokeMethod(MethodInvocationHelper.java:124)
at org.testng.internal.Invoker.invokeMethod(Invoker.java:583)
at org.testng.internal.Invoker.invokeTestMethod(Invoker.java:719)
at org.testng.internal.Invoker.invokeTestMethods(Invoker.java:989)
at org.testng.internal.TestMethodWorker.invokeTestMethods(TestMethodWorker.java:125)
at org.testng.internal.TestMethodWorker.run(TestMethodWorker.java:109)
at org.testng.TestRunner.privateRun(TestRunner.java:648)
at org.testng.TestRunner.run(TestRunner.java:505)
at org.testng.SuiteRunner.runTest(SuiteRunner.java:455)
at org.testng.SuiteRunner.runSequentially(SuiteRunner.java:450)
at org.testng.SuiteRunner.privateRun(SuiteRunner.java:415)
at org.testng.SuiteRunner.run(SuiteRunner.java:364)
at org.testng.SuiteRunnerWorker.runSuite(SuiteRunnerWorker.java:52)
at org.testng.SuiteRunnerWorker.run(SuiteRunnerWorker.java:84)
at org.testng.TestNG.runSuitesSequentially(TestNG.java:1208)
at org.testng.TestNG.runSuitesLocally(TestNG.java:1137)
at org.testng.TestNG.runSuites(TestNG.java:1049)
at org.testng.TestNG.run(TestNG.java:1017)
at org.testng.remote.AbstractRemoteTestNG.run(AbstractRemoteTestNG.java:115)
at org.testng.remote.RemoteTestNG.initAndRun(RemoteTestNG.java:251)
at org.testng.remote.RemoteTestNG.main(RemoteTestNG.java:77)
]]>
    </failure>
  </testcase> <!-- getLogoFile -->
  <testcase name="getLogoFile" time="0.003" classname="Logo">
    <failure type="java.lang.AssertionError" message="The following asserts failed:
	[NotEnoughDesign][Missing type:  uni dark2 dark3 light dark light3 multi v5 light2] expected [9] but found [0]">
      <![CDATA[java.lang.AssertionError: The following asserts failed:
[NotEnoughDesign][Missing type:  uni dark2 dark3 light dark light3 multi v5 light2] expected [9] but found [0]
at automation.project3ds.Assertion.end(Assertion.java:26)
at Logo.getLogoFile(Logo.java:211)
at sun.reflect.GeneratedMethodAccessor2.invoke(Unknown Source)
at sun.reflect.DelegatingMethodAccessorImpl.invoke(DelegatingMethodAccessorImpl.java:43)
at java.lang.reflect.Method.invoke(Method.java:498)
at org.testng.internal.MethodInvocationHelper.invokeMethod(MethodInvocationHelper.java:124)
at org.testng.internal.Invoker.invokeMethod(Invoker.java:583)
at org.testng.internal.Invoker.invokeTestMethod(Invoker.java:719)
at org.testng.internal.Invoker.invokeTestMethods(Invoker.java:989)
at org.testng.internal.TestMethodWorker.invokeTestMethods(TestMethodWorker.java:125)
at org.testng.internal.TestMethodWorker.run(TestMethodWorker.java:109)
at org.testng.TestRunner.privateRun(TestRunner.java:648)
at org.testng.TestRunner.run(TestRunner.java:505)
at org.testng.SuiteRunner.runTest(SuiteRunner.java:455)
at org.testng.SuiteRunner.runSequentially(SuiteRunner.java:450)
at org.testng.SuiteRunner.privateRun(SuiteRunner.java:415)
at org.testng.SuiteRunner.run(SuiteRunner.java:364)
at org.testng.SuiteRunnerWorker.runSuite(SuiteRunnerWorker.java:52)
at org.testng.SuiteRunnerWorker.run(SuiteRunnerWorker.java:84)
at org.testng.TestNG.runSuitesSequentially(TestNG.java:1208)
at org.testng.TestNG.runSuitesLocally(TestNG.java:1137)
at org.testng.TestNG.runSuites(TestNG.java:1049)
at org.testng.TestNG.run(TestNG.java:1017)
at org.testng.remote.AbstractRemoteTestNG.run(AbstractRemoteTestNG.java:115)
at org.testng.remote.RemoteTestNG.initAndRun(RemoteTestNG.java:251)
at org.testng.remote.RemoteTestNG.main(RemoteTestNG.java:77)
]]>
    </failure>
  </testcase> <!-- getLogoFile -->
  <testcase name="getLogoFile" time="0.002" classname="Logo">
    <failure type="java.lang.AssertionError" message="The following asserts failed:
	[NotEnoughDesign][Missing type:  uni dark2 dark3 light dark light3 multi v5 light2] expected [9] but found [0]">
      <![CDATA[java.lang.AssertionError: The following asserts failed:
[NotEnoughDesign][Missing type:  uni dark2 dark3 light dark light3 multi v5 light2] expected [9] but found [0]
at automation.project3ds.Assertion.end(Assertion.java:26)
at Logo.getLogoFile(Logo.java:211)
at sun.reflect.GeneratedMethodAccessor2.invoke(Unknown Source)
at sun.reflect.DelegatingMethodAccessorImpl.invoke(DelegatingMethodAccessorImpl.java:43)
at java.lang.reflect.Method.invoke(Method.java:498)
at org.testng.internal.MethodInvocationHelper.invokeMethod(MethodInvocationHelper.java:124)
at org.testng.internal.Invoker.invokeMethod(Invoker.java:583)
at org.testng.internal.Invoker.invokeTestMethod(Invoker.java:719)
at org.testng.internal.Invoker.invokeTestMethods(Invoker.java:989)
at org.testng.internal.TestMethodWorker.invokeTestMethods(TestMethodWorker.java:125)
at org.testng.internal.TestMethodWorker.run(TestMethodWorker.java:109)
at org.testng.TestRunner.privateRun(TestRunner.java:648)
at org.testng.TestRunner.run(TestRunner.java:505)
at org.testng.SuiteRunner.runTest(SuiteRunner.java:455)
at org.testng.SuiteRunner.runSequentially(SuiteRunner.java:450)
at org.testng.SuiteRunner.privateRun(SuiteRunner.java:415)
at org.testng.SuiteRunner.run(SuiteRunner.java:364)
at org.testng.SuiteRunnerWorker.runSuite(SuiteRunnerWorker.java:52)
at org.testng.SuiteRunnerWorker.run(SuiteRunnerWorker.java:84)
at org.testng.TestNG.runSuitesSequentially(TestNG.java:1208)
at org.testng.TestNG.runSuitesLocally(TestNG.java:1137)
at org.testng.TestNG.runSuites(TestNG.java:1049)
at org.testng.TestNG.run(TestNG.java:1017)
at org.testng.remote.AbstractRemoteTestNG.run(AbstractRemoteTestNG.java:115)
at org.testng.remote.RemoteTestNG.initAndRun(RemoteTestNG.java:251)
at org.testng.remote.RemoteTestNG.main(RemoteTestNG.java:77)
]]>
    </failure>
  </testcase> <!-- getLogoFile -->
</testsuite>
