<?xml version="1.0" encoding="UTF-8"?>
<!-- Generated by org.testng.reporters.JUnitXMLReporter -->
<testsuite hostname="DESKTOP-V097D2E" ignored="0" name="test1108" tests="36" failures="10" timestamp="11 Jul 2019 10:48:48 GMT" time="1132.262" errors="0">
  <testcase name="execute" time="31.682" classname="automation.project3ds.CreditCardTest"/>
  <testcase name="execute" time="24.786" classname="automation.project3ds.CreditCardTest"/>
  <testcase name="execute" time="70.558" classname="automation.project3ds.CreditCardTest">
    <failure type="org.openqa.selenium.NoSuchElementException" message="Unable to locate element: #brick\-card\-number
For documentation on this error, please visit: https://www.seleniumhq.org/exceptions/no_such_element.html
Build info: version: &amp;apos;3.141.59&amp;apos;, revision: &amp;apos;e82be7d358&amp;apos;, time: &amp;apos;2018-11-14T08:17:03&amp;apos;
System info: host: &amp;apos;DESKTOP-V097D2E&amp;apos;, ip: &amp;apos;192.168.10.136&amp;apos;, os.name: &amp;apos;Windows 10&amp;apos;, os.arch: &amp;apos;amd64&amp;apos;, os.version: &amp;apos;10.0&amp;apos;, java.version: &amp;apos;1.8.0_181&amp;apos;
Driver info: org.openqa.selenium.firefox.FirefoxDriver
Capabilities {acceptInsecureCerts: true, browserName: firefox, browserVersion: 67.0.4, javascriptEnabled: true, moz:accessibilityChecks: false, moz:buildID: 20190619235627, moz:geckodriverVersion: 0.22.0, moz:headless: false, moz:processID: 18884, moz:profile: C:\Users\chase\AppData\Loca..., moz:shutdownTimeout: 60000, moz:useNonSpecCompliantPointerOrigin: false, moz:webdriverClick: true, pageLoadStrategy: normal, platform: WINDOWS, platformName: WINDOWS, platformVersion: 10.0, rotatable: false, setWindowRect: true, strictFileInteractability: false, timeouts: {implicit: 0, pageLoad: 300000, script: 30000}, unhandledPromptBehavior: dismiss and notify}
Session ID: 03bf1c2b-886d-41a8-8fc2-79e5f537ca25
*** Element info: {Using=id, value=brick-card-number}">
      <![CDATA[org.openqa.selenium.NoSuchElementException: Unable to locate element: #brick\-card\-number
For documentation on this error, please visit: https://www.seleniumhq.org/exceptions/no_such_element.html
Build info: version: '3.141.59', revision: 'e82be7d358', time: '2018-11-14T08:17:03'
System info: host: 'DESKTOP-V097D2E', ip: '192.168.10.136', os.name: 'Windows 10', os.arch: 'amd64', os.version: '10.0', java.version: '1.8.0_181'
Driver info: org.openqa.selenium.firefox.FirefoxDriver
Capabilities {acceptInsecureCerts: true, browserName: firefox, browserVersion: 67.0.4, javascriptEnabled: true, moz:accessibilityChecks: false, moz:buildID: 20190619235627, moz:geckodriverVersion: 0.22.0, moz:headless: false, moz:processID: 18884, moz:profile: C:\Users\chase\AppData\Loca..., moz:shutdownTimeout: 60000, moz:useNonSpecCompliantPointerOrigin: false, moz:webdriverClick: true, pageLoadStrategy: normal, platform: WINDOWS, platformName: WINDOWS, platformVersion: 10.0, rotatable: false, setWindowRect: true, strictFileInteractability: false, timeouts: {implicit: 0, pageLoad: 300000, script: 30000}, unhandledPromptBehavior: dismiss and notify}
Session ID: 03bf1c2b-886d-41a8-8fc2-79e5f537ca25
*** Element info: {Using=id, value=brick-card-number}
at org.openqa.selenium.remote.http.W3CHttpResponseCodec.createException(W3CHttpResponseCodec.java:187)
at org.openqa.selenium.remote.http.W3CHttpResponseCodec.decode(W3CHttpResponseCodec.java:122)
at org.openqa.selenium.remote.http.W3CHttpResponseCodec.decode(W3CHttpResponseCodec.java:49)
at org.openqa.selenium.remote.HttpCommandExecutor.execute(HttpCommandExecutor.java:158)
at org.openqa.selenium.remote.service.DriverCommandExecutor.execute(DriverCommandExecutor.java:83)
at org.openqa.selenium.remote.RemoteWebDriver.execute(RemoteWebDriver.java:552)
at org.openqa.selenium.remote.RemoteWebDriver.findElement(RemoteWebDriver.java:323)
at org.openqa.selenium.remote.RemoteWebDriver.findElementById(RemoteWebDriver.java:372)
at org.openqa.selenium.By$ById.findElement(By.java:188)
at org.openqa.selenium.remote.RemoteWebDriver.findElement(RemoteWebDriver.java:315)
at automation.project3ds.Driver.lambda$1(Driver.java:120)
at com.sun.proxy.$Proxy10.findElement(Unknown Source)
at automation.project3ds.Driver.findElement(Driver.java:248)
at automation.project3ds.Driver.findElement(Driver.java:1)
at automation.project3ds.Driver.getElement(Driver.java:262)
at automation.project3ds.PageHome1108$MainIframe$Iframecc.setCardNumber(PageHome1108.java:79)
at automation.project3ds.PageHome1108$MainIframe$Iframecc.access$0(PageHome1108.java:78)
at automation.project3ds.PageHome1108.returnRefID(PageHome1108.java:202)
at automation.project3ds.CreditCardTest.execute(CreditCardTest.java:163)
... Removed 31 stack frames]]>
    </failure>
  </testcase> <!-- execute -->
  <testcase name="execute" time="26.196" classname="automation.project3ds.CreditCardTest"/>
  <testcase name="execute" time="26.371" classname="automation.project3ds.CreditCardTest"/>
  <testcase name="execute" time="70.385" classname="automation.project3ds.CreditCardTest">
    <failure type="org.openqa.selenium.NoSuchElementException" message="Unable to locate element: #brick\-card\-number
For documentation on this error, please visit: https://www.seleniumhq.org/exceptions/no_such_element.html
Build info: version: &amp;apos;3.141.59&amp;apos;, revision: &amp;apos;e82be7d358&amp;apos;, time: &amp;apos;2018-11-14T08:17:03&amp;apos;
System info: host: &amp;apos;DESKTOP-V097D2E&amp;apos;, ip: &amp;apos;192.168.10.136&amp;apos;, os.name: &amp;apos;Windows 10&amp;apos;, os.arch: &amp;apos;amd64&amp;apos;, os.version: &amp;apos;10.0&amp;apos;, java.version: &amp;apos;1.8.0_181&amp;apos;
Driver info: org.openqa.selenium.firefox.FirefoxDriver
Capabilities {acceptInsecureCerts: true, browserName: firefox, browserVersion: 67.0.4, javascriptEnabled: true, moz:accessibilityChecks: false, moz:buildID: 20190619235627, moz:geckodriverVersion: 0.22.0, moz:headless: false, moz:processID: 18884, moz:profile: C:\Users\chase\AppData\Loca..., moz:shutdownTimeout: 60000, moz:useNonSpecCompliantPointerOrigin: false, moz:webdriverClick: true, pageLoadStrategy: normal, platform: WINDOWS, platformName: WINDOWS, platformVersion: 10.0, rotatable: false, setWindowRect: true, strictFileInteractability: false, timeouts: {implicit: 0, pageLoad: 300000, script: 30000}, unhandledPromptBehavior: dismiss and notify}
Session ID: 03bf1c2b-886d-41a8-8fc2-79e5f537ca25
*** Element info: {Using=id, value=brick-card-number}">
      <![CDATA[org.openqa.selenium.NoSuchElementException: Unable to locate element: #brick\-card\-number
For documentation on this error, please visit: https://www.seleniumhq.org/exceptions/no_such_element.html
Build info: version: '3.141.59', revision: 'e82be7d358', time: '2018-11-14T08:17:03'
System info: host: 'DESKTOP-V097D2E', ip: '192.168.10.136', os.name: 'Windows 10', os.arch: 'amd64', os.version: '10.0', java.version: '1.8.0_181'
Driver info: org.openqa.selenium.firefox.FirefoxDriver
Capabilities {acceptInsecureCerts: true, browserName: firefox, browserVersion: 67.0.4, javascriptEnabled: true, moz:accessibilityChecks: false, moz:buildID: 20190619235627, moz:geckodriverVersion: 0.22.0, moz:headless: false, moz:processID: 18884, moz:profile: C:\Users\chase\AppData\Loca..., moz:shutdownTimeout: 60000, moz:useNonSpecCompliantPointerOrigin: false, moz:webdriverClick: true, pageLoadStrategy: normal, platform: WINDOWS, platformName: WINDOWS, platformVersion: 10.0, rotatable: false, setWindowRect: true, strictFileInteractability: false, timeouts: {implicit: 0, pageLoad: 300000, script: 30000}, unhandledPromptBehavior: dismiss and notify}
Session ID: 03bf1c2b-886d-41a8-8fc2-79e5f537ca25
*** Element info: {Using=id, value=brick-card-number}
at org.openqa.selenium.remote.http.W3CHttpResponseCodec.createException(W3CHttpResponseCodec.java:187)
at org.openqa.selenium.remote.http.W3CHttpResponseCodec.decode(W3CHttpResponseCodec.java:122)
at org.openqa.selenium.remote.http.W3CHttpResponseCodec.decode(W3CHttpResponseCodec.java:49)
at org.openqa.selenium.remote.HttpCommandExecutor.execute(HttpCommandExecutor.java:158)
at org.openqa.selenium.remote.service.DriverCommandExecutor.execute(DriverCommandExecutor.java:83)
at org.openqa.selenium.remote.RemoteWebDriver.execute(RemoteWebDriver.java:552)
at org.openqa.selenium.remote.RemoteWebDriver.findElement(RemoteWebDriver.java:323)
at org.openqa.selenium.remote.RemoteWebDriver.findElementById(RemoteWebDriver.java:372)
at org.openqa.selenium.By$ById.findElement(By.java:188)
at org.openqa.selenium.remote.RemoteWebDriver.findElement(RemoteWebDriver.java:315)
at automation.project3ds.Driver.lambda$1(Driver.java:120)
at com.sun.proxy.$Proxy10.findElement(Unknown Source)
at automation.project3ds.Driver.findElement(Driver.java:248)
at automation.project3ds.Driver.findElement(Driver.java:1)
at automation.project3ds.Driver.getElement(Driver.java:262)
at automation.project3ds.PageHome1108$MainIframe$Iframecc.setCardNumber(PageHome1108.java:79)
at automation.project3ds.PageHome1108$MainIframe$Iframecc.access$0(PageHome1108.java:78)
at automation.project3ds.PageHome1108.returnRefID(PageHome1108.java:202)
at automation.project3ds.CreditCardTest.execute(CreditCardTest.java:163)
... Removed 31 stack frames]]>
    </failure>
  </testcase> <!-- execute -->
  <testcase name="execute" time="26.151" classname="automation.project3ds.CreditCardTest">
    <failure type="java.lang.AssertionError" message="The following asserts failed:
	[Enrolled] expected [] but found [U]">
      <![CDATA[java.lang.AssertionError: The following asserts failed:
[Enrolled] expected [] but found [U]
at automation.project3ds.MySoftAssertAll.assertAll(MySoftAssertAll.java:60)
at automation.project3ds.CreditCardTest.execute(CreditCardTest.java:309)
... Removed 25 stack frames]]>
    </failure>
  </testcase> <!-- execute -->
  <testcase name="execute" time="35.734" classname="automation.project3ds.CreditCardTest">
    <failure type="java.lang.AssertionError" message="The following asserts failed:
	[Enrolled] expected [] but found [U],
	[EciFlag] expected [] but found [07]">
      <![CDATA[java.lang.AssertionError: The following asserts failed:
[Enrolled] expected [] but found [U],
[EciFlag] expected [] but found [07]
at automation.project3ds.MySoftAssertAll.assertAll(MySoftAssertAll.java:60)
at automation.project3ds.CreditCardTest.execute(CreditCardTest.java:309)
... Removed 25 stack frames]]>
    </failure>
  </testcase> <!-- execute -->
  <testcase name="execute" time="26.349" classname="automation.project3ds.CreditCardTest"/>
  <testcase name="execute" time="29.664" classname="automation.project3ds.CreditCardTest"/>
  <testcase name="execute" time="27.681" classname="automation.project3ds.CreditCardTest"/>
  <testcase name="execute" time="27.72" classname="automation.project3ds.CreditCardTest"/>
  <testcase name="execute" time="27.247" classname="automation.project3ds.CreditCardTest"/>
  <testcase name="execute" time="27.505" classname="automation.project3ds.CreditCardTest"/>
  <testcase name="execute" time="26.492" classname="automation.project3ds.CreditCardTest"/>
  <testcase name="execute" time="28.764" classname="automation.project3ds.CreditCardTest"/>
  <testcase name="execute" time="26.987" classname="automation.project3ds.CreditCardTest"/>
  <testcase name="execute" time="26.056" classname="automation.project3ds.CreditCardTest">
    <failure type="java.lang.AssertionError" message="The following asserts failed:
	[PAResStatus] expected [I] but found [U]">
      <![CDATA[java.lang.AssertionError: The following asserts failed:
[PAResStatus] expected [I] but found [U]
at automation.project3ds.MySoftAssertAll.assertAll(MySoftAssertAll.java:60)
at automation.project3ds.CreditCardTest.execute(CreditCardTest.java:309)
... Removed 25 stack frames]]>
    </failure>
  </testcase> <!-- execute -->
  <testcase name="execute" time="32.794" classname="automation.project3ds.CreditCardTest"/>
  <testcase name="execute" time="31.999" classname="automation.project3ds.CreditCardTest"/>
  <testcase name="execute" time="28.836" classname="automation.project3ds.CreditCardTest"/>
  <testcase name="execute" time="29.323" classname="automation.project3ds.CreditCardTest"/>
  <testcase name="execute" time="24.521" classname="automation.project3ds.CreditCardTest"/>
  <testcase name="execute" time="29.408" classname="automation.project3ds.CreditCardTest">
    <failure type="java.lang.AssertionError" message="The following asserts failed:
	[EciFlag] expected [01] but found [00]">
      <![CDATA[java.lang.AssertionError: The following asserts failed:
[EciFlag] expected [01] but found [00]
at automation.project3ds.MySoftAssertAll.assertAll(MySoftAssertAll.java:60)
at automation.project3ds.CreditCardTest.execute(CreditCardTest.java:309)
... Removed 25 stack frames]]>
    </failure>
  </testcase> <!-- execute -->
  <testcase name="execute" time="30.066" classname="automation.project3ds.CreditCardTest">
    <failure type="java.lang.AssertionError" message="The following asserts failed:
	[Enrolled] expected [] but found [U]">
      <![CDATA[java.lang.AssertionError: The following asserts failed:
[Enrolled] expected [] but found [U]
at automation.project3ds.MySoftAssertAll.assertAll(MySoftAssertAll.java:60)
at automation.project3ds.CreditCardTest.execute(CreditCardTest.java:309)
... Removed 25 stack frames]]>
    </failure>
  </testcase> <!-- execute -->
  <testcase name="execute" time="38.264" classname="automation.project3ds.CreditCardTest">
    <failure type="java.lang.AssertionError" message="The following asserts failed:
	[Enrolled] expected [] but found [U],
	[EciFlag] expected [] but found [00]">
      <![CDATA[java.lang.AssertionError: The following asserts failed:
[Enrolled] expected [] but found [U],
[EciFlag] expected [] but found [00]
at automation.project3ds.MySoftAssertAll.assertAll(MySoftAssertAll.java:60)
at automation.project3ds.CreditCardTest.execute(CreditCardTest.java:309)
... Removed 25 stack frames]]>
    </failure>
  </testcase> <!-- execute -->
  <testcase name="execute" time="28.272" classname="automation.project3ds.CreditCardTest"/>
  <testcase name="execute" time="27.843" classname="automation.project3ds.CreditCardTest"/>
  <testcase name="execute" time="27.162" classname="automation.project3ds.CreditCardTest"/>
  <testcase name="execute" time="26.967" classname="automation.project3ds.CreditCardTest"/>
  <testcase name="execute" time="27.491" classname="automation.project3ds.CreditCardTest">
    <failure type="java.lang.AssertionError" message="The following asserts failed:
	[EciFlag2] expected [00] but found []">
      <![CDATA[java.lang.AssertionError: The following asserts failed:
[EciFlag2] expected [00] but found []
at automation.project3ds.MySoftAssertAll.assertAll(MySoftAssertAll.java:60)
at automation.project3ds.CreditCardTest.execute(CreditCardTest.java:309)
... Removed 25 stack frames]]>
    </failure>
  </testcase> <!-- execute -->
  <testcase name="execute" time="27.924" classname="automation.project3ds.CreditCardTest"/>
  <testcase name="execute" time="30.597" classname="automation.project3ds.CreditCardTest"/>
  <testcase name="execute" time="28.868" classname="automation.project3ds.CreditCardTest"/>
  <testcase name="execute" time="31.44" classname="automation.project3ds.CreditCardTest"/>
  <testcase name="execute" time="29.429" classname="automation.project3ds.CreditCardTest">
    <failure type="java.lang.AssertionError" message="The following asserts failed:
	[PAResStatus] expected [I] but found [U]">
      <![CDATA[java.lang.AssertionError: The following asserts failed:
[PAResStatus] expected [I] but found [U]
at automation.project3ds.MySoftAssertAll.assertAll(MySoftAssertAll.java:60)
at automation.project3ds.CreditCardTest.execute(CreditCardTest.java:309)
... Removed 25 stack frames]]>
    </failure>
  </testcase> <!-- execute -->
</testsuite> <!-- test1108 -->
