<?xml version="1.0" encoding="UTF-8"?>
<!-- Generated by org.testng.reporters.JUnitXMLReporter -->
<testsuite hostname="PW-HAN-063" ignored="0" tests="5" failures="1" timestamp="23 Sep 2019 08:38:16 GMT" time="170.002" errors="0">
  <testcase name="emailWithOutAt" time="38.626" classname="Case25_32_WidgetBrick_1v6_Test_ValidateOthers"/>
  <testcase name="emailWithOutDot" time="27.743" classname="Case25_32_WidgetBrick_1v6_Test_ValidateOthers"/>
  <testcase name="firstNameAsNumber" time="29.34" classname="Case25_32_WidgetBrick_1v6_Test_ValidateOthers"/>
  <testcase name="lastNameAsNumber" time="27.842" classname="Case25_32_WidgetBrick_1v6_Test_ValidateOthers"/>
  <testcase name="nameAsNumber" time="27.445" classname="Case25_32_WidgetBrick_1v6_Test_ValidateOthers">
    <failure type="java.lang.AssertionError" message="The following asserts failed:
	[Text value] expected [Please check firstname/last name] but found [Please check first namePlease check last name]">
      <![CDATA[java.lang.AssertionError: The following asserts failed:
[Text value] expected [Please check firstname/last name] but found [Please check first namePlease check last name]
at automation.project3ds.Assertion.end(Assertion.java:26)
at Case25_32_WidgetBrick_1v6_Test_ValidateOthers.nameAsNumber(Case25_32_WidgetBrick_1v6_Test_ValidateOthers.java:72)
... Removed 25 stack frames]]>
    </failure>
  </testcase> <!-- nameAsNumber -->
</testsuite>
