<?xml version="1.0" encoding="UTF-8"?>
<!-- Generated by org.testng.reporters.JUnitXMLReporter -->
<testsuite hostname="DESKTOP-V097D2E" ignored="0" name="BrickWidget_ON2_Test" tests="18" failures="5" timestamp="08 Aug 2019 12:12:13 GMT" time="668.737" errors="0">
  <testcase name="execute" time="44.523" classname="automation.project3ds.BrickWidget_ON2_Test"/>
  <testcase name="execute" time="37.333" classname="automation.project3ds.BrickWidget_ON2_Test"/>
  <testcase name="execute" time="41.386" classname="automation.project3ds.BrickWidget_ON2_Test"/>
  <testcase name="execute" time="35.935" classname="automation.project3ds.BrickWidget_ON2_Test"/>
  <testcase name="execute" time="31.083" classname="automation.project3ds.BrickWidget_ON2_Test"/>
  <testcase name="execute" time="37.03" classname="automation.project3ds.BrickWidget_ON2_Test">
    <failure type="java.lang.AssertionError" message="The following asserts failed:
	[EciFlag] expected [01] but found [00]">
      <![CDATA[java.lang.AssertionError: The following asserts failed:
[EciFlag] expected [01] but found [00]
at automation.project3ds.MySoftAssertAll.assertAll(MySoftAssertAll.java:57)
at automation.project3ds.Action.assertResult(Action.java:150)
at automation.project3ds.BrickWidget_ON2_Test.execute(BrickWidget_ON2_Test.java:71)
... Removed 25 stack frames]]>
    </failure>
  </testcase> <!-- execute -->
  <testcase name="execute" time="29.973" classname="automation.project3ds.BrickWidget_ON2_Test">
    <failure type="java.lang.AssertionError" message="The following asserts failed:
	[Enrolled] expected [] but found [U]">
      <![CDATA[java.lang.AssertionError: The following asserts failed:
[Enrolled] expected [] but found [U]
at automation.project3ds.MySoftAssertAll.assertAll(MySoftAssertAll.java:57)
at automation.project3ds.Action.assertResult(Action.java:150)
at automation.project3ds.BrickWidget_ON2_Test.execute(BrickWidget_ON2_Test.java:71)
... Removed 25 stack frames]]>
    </failure>
  </testcase> <!-- execute -->
  <testcase name="execute" time="51.295" classname="automation.project3ds.BrickWidget_ON2_Test">
    <failure type="java.lang.AssertionError" message="The following asserts failed:
	[Enrolled] expected [] but found [U],
	[EciFlag] expected [] but found [00]">
      <![CDATA[java.lang.AssertionError: The following asserts failed:
[Enrolled] expected [] but found [U],
[EciFlag] expected [] but found [00]
at automation.project3ds.MySoftAssertAll.assertAll(MySoftAssertAll.java:57)
at automation.project3ds.Action.assertResult(Action.java:150)
at automation.project3ds.BrickWidget_ON2_Test.execute(BrickWidget_ON2_Test.java:71)
... Removed 25 stack frames]]>
    </failure>
  </testcase> <!-- execute -->
  <testcase name="execute" time="34.406" classname="automation.project3ds.BrickWidget_ON2_Test"/>
  <testcase name="execute" time="33.977" classname="automation.project3ds.BrickWidget_ON2_Test"/>
  <testcase name="execute" time="32.644" classname="automation.project3ds.BrickWidget_ON2_Test"/>
  <testcase name="execute" time="34.359" classname="automation.project3ds.BrickWidget_ON2_Test"/>
  <testcase name="execute" time="35.506" classname="automation.project3ds.BrickWidget_ON2_Test">
    <failure type="java.lang.AssertionError" message="The following asserts failed:
	[EciFlag2] expected [00] but found []">
      <![CDATA[java.lang.AssertionError: The following asserts failed:
[EciFlag2] expected [00] but found []
at automation.project3ds.MySoftAssertAll.assertAll(MySoftAssertAll.java:57)
at automation.project3ds.Action.assertResult(Action.java:150)
at automation.project3ds.BrickWidget_ON2_Test.execute(BrickWidget_ON2_Test.java:71)
... Removed 25 stack frames]]>
    </failure>
  </testcase> <!-- execute -->
  <testcase name="execute" time="30.337" classname="automation.project3ds.BrickWidget_ON2_Test"/>
  <testcase name="execute" time="37.398" classname="automation.project3ds.BrickWidget_ON2_Test"/>
  <testcase name="execute" time="32.891" classname="automation.project3ds.BrickWidget_ON2_Test"/>
  <testcase name="execute" time="32.436" classname="automation.project3ds.BrickWidget_ON2_Test"/>
  <testcase name="execute" time="34.85" classname="automation.project3ds.BrickWidget_ON2_Test">
    <failure type="java.lang.AssertionError" message="The following asserts failed:
	[PAResStatus] expected [I] but found [U]">
      <![CDATA[java.lang.AssertionError: The following asserts failed:
[PAResStatus] expected [I] but found [U]
at automation.project3ds.MySoftAssertAll.assertAll(MySoftAssertAll.java:57)
at automation.project3ds.Action.assertResult(Action.java:150)
at automation.project3ds.BrickWidget_ON2_Test.execute(BrickWidget_ON2_Test.java:71)
... Removed 24 stack frames]]>
    </failure>
  </testcase> <!-- execute -->
</testsuite> <!-- BrickWidget_ON2_Test -->
