<!DOCTYPE html PUBLIC "-//W3C//DTD XHTML 1.1//EN" "http://www.w3.org/TR/xhtml11/DTD/xhtml11.dtd">
<html xmlns="http://www.w3.org/1999/xhtml">
<head>
<meta http-equiv="content-type" content="text/html; charset=UTF-8"/>
<title>TestNG Report</title>
<style type="text/css">table {margin-bottom:10px;border-collapse:collapse;empty-cells:show}th,td {border:1px solid #009;padding:.25em .5em}th {vertical-align:bottom}td {vertical-align:top}table a {font-weight:bold}.stripe td {background-color: #E6EBF9}.num {text-align:right}.passedodd td {background-color: #3F3}.passedeven td {background-color: #0A0}.skippedodd td {background-color: #DDD}.skippedeven td {background-color: #CCC}.failedodd td,.attn {background-color: #F33}.failedeven td,.stripe .attn {background-color: #D00}.stacktrace {white-space:pre;font-family:monospace}.totop {font-size:85%;text-align:center;border-bottom:2px solid #000}.invisible {display:none}</style>
</head>
<body>
<table>
<tr><th>Test</th><th># Passed</th><th># Skipped</th><th># Failed</th><th>Time (ms)</th><th>Included Groups</th><th>Excluded Groups</th></tr>
<tr><th colspan="7">credit_card_test</th></tr>
<tr><td><a href="#t0">test1108</a></td><td class="num">28</td><td class="num">0</td><td class="num attn">8</td><td class="num">1,142,941</td><td></td><td></td></tr>
</table>
<table id='summary'><thead><tr><th>Class</th><th>Method</th><th>Start</th><th>Time (ms)</th></tr></thead><tbody><tr><th colspan="4">credit_card_test</th></tr></tbody><tbody id="t0"><tr><th colspan="4">test1108 &#8212; failed</th></tr><tr class="failedeven"><td rowspan="8">automation.project3ds.FillCreditCardTest1108</td><td><a href="#m0">execute</a></td><td rowspan="8">1562046119308</td><td rowspan="8">37026</td></tr><tr class="failedeven"><td><a href="#m1">execute</a></td></tr><tr class="failedeven"><td><a href="#m2">execute</a></td></tr><tr class="failedeven"><td><a href="#m3">execute</a></td></tr><tr class="failedeven"><td><a href="#m4">execute</a></td></tr><tr class="failedeven"><td><a href="#m5">execute</a></td></tr><tr class="failedeven"><td><a href="#m6">execute</a></td></tr><tr class="failedeven"><td><a href="#m7">execute</a></td></tr><tr><th colspan="4">test1108 &#8212; passed</th></tr><tr class="passedeven"><td rowspan="28">automation.project3ds.FillCreditCardTest1108</td><td><a href="#m8">execute</a></td><td rowspan="28">1562046067098</td><td rowspan="28">26404</td></tr><tr class="passedeven"><td><a href="#m9">execute</a></td></tr><tr class="passedeven"><td><a href="#m10">execute</a></td></tr><tr class="passedeven"><td><a href="#m11">execute</a></td></tr><tr class="passedeven"><td><a href="#m12">execute</a></td></tr><tr class="passedeven"><td><a href="#m13">execute</a></td></tr><tr class="passedeven"><td><a href="#m14">execute</a></td></tr><tr class="passedeven"><td><a href="#m15">execute</a></td></tr><tr class="passedeven"><td><a href="#m16">execute</a></td></tr><tr class="passedeven"><td><a href="#m17">execute</a></td></tr><tr class="passedeven"><td><a href="#m18">execute</a></td></tr><tr class="passedeven"><td><a href="#m19">execute</a></td></tr><tr class="passedeven"><td><a href="#m20">execute</a></td></tr><tr class="passedeven"><td><a href="#m21">execute</a></td></tr><tr class="passedeven"><td><a href="#m22">execute</a></td></tr><tr class="passedeven"><td><a href="#m23">execute</a></td></tr><tr class="passedeven"><td><a href="#m24">execute</a></td></tr><tr class="passedeven"><td><a href="#m25">execute</a></td></tr><tr class="passedeven"><td><a href="#m26">execute</a></td></tr><tr class="passedeven"><td><a href="#m27">execute</a></td></tr><tr class="passedeven"><td><a href="#m28">execute</a></td></tr><tr class="passedeven"><td><a href="#m29">execute</a></td></tr><tr class="passedeven"><td><a href="#m30">execute</a></td></tr><tr class="passedeven"><td><a href="#m31">execute</a></td></tr><tr class="passedeven"><td><a href="#m32">execute</a></td></tr><tr class="passedeven"><td><a href="#m33">execute</a></td></tr><tr class="passedeven"><td><a href="#m34">execute</a></td></tr><tr class="passedeven"><td><a href="#m35">execute</a></td></tr></tbody>
</table>
<h2>test1108</h2><h3 id="m0">automation.project3ds.FillCreditCardTest1108#execute</h3><table class="result"><tr class="param"><th>Parameter #1</th><th>Parameter #2</th></tr><tr class="param stripe"><td>4000000000001075</td><td>{Cavv=blank, cardholderVerificationMethod=CVV2, expected_results_authentication=NA, Enrolled=blank, EciFlag=blank, WhiteListStatus=null, ErrorDesc=value, WhiteListStatusSource=null, ErrorNo=value, Payload=blank, PAN=4000000000001075, SignitureVerification=blank, ACSUrl=blank, PAResStatus=blank, testName=Test Visa 8: Timeout on cmpi_lookup Transaction}</td></tr><tr><th colspan="2">Exception</th></tr><tr><td colspan="2"><div class="stacktrace">java.lang.AssertionError: The following asserts failed:
	[Enrolled] expected [] but found [U],
	[EciFlag] expected [] but found [07]
	at automation.project3ds.MySoftAssertAll.assertAll(MySoftAssertAll.java:80)
	at automation.project3ds.FillCreditCardTest1108.execute(FillCreditCardTest1108.java:294)
... Removed 25 stack frames</div></td></tr></table><p class="totop"><a href="#summary">back to summary</a></p>
<h3 id="m1">automation.project3ds.FillCreditCardTest1108#execute</h3><table class="result"><tr class="param"><th>Parameter #1</th><th>Parameter #2</th></tr><tr class="param stripe"><td>5200000000001054</td><td>{Cavv=blank, cardholderVerificationMethod=CVV2, expected_results_authentication=NA, Enrolled=U, EciFlag=01, WhiteListStatus=null, ErrorDesc=blank, WhiteListStatusSource=null, ErrorNo=0, Payload=blank, PAN=5200000000001054, SignitureVerification=blank, ACSUrl=blank, PAResStatus=blank, testName=Test Mastercard 6: Authentication Not Available on Lookup}</td></tr><tr><th colspan="2">Exception</th></tr><tr><td colspan="2"><div class="stacktrace">java.lang.AssertionError: The following asserts failed:
	[EciFlag] expected [01] but found [00]
	at automation.project3ds.MySoftAssertAll.assertAll(MySoftAssertAll.java:80)
	at automation.project3ds.FillCreditCardTest1108.execute(FillCreditCardTest1108.java:294)
... Removed 24 stack frames</div></td></tr></table><p class="totop"><a href="#summary">back to summary</a></p>
<h3 id="m2">automation.project3ds.FillCreditCardTest1108#execute</h3><table class="result"><tr class="param"><th>Parameter #1</th><th>Parameter #2</th></tr><tr class="param stripe"><td>5200000000002029</td><td>{Cavv=value, cardholderVerificationMethod=value, expected_results_authentication=NA, Enrolled=Y, EciFlag=value, WhiteListStatus=null, ErrorDesc=blank, WhiteListStatusSource=null, ErrorNo=0, Payload=blank, PAN=5200000000002029, SignitureVerification=Y, ACSUrl=blank, PAResStatus=I, testName=Test Mastercard 18: Support TransStatus I}</td></tr><tr><th colspan="2">Exception</th></tr><tr><td colspan="2"><div class="stacktrace">java.lang.AssertionError: The following asserts failed:
	[PAResStatus] expected [I] but found [U]
	at automation.project3ds.MySoftAssertAll.assertAll(MySoftAssertAll.java:80)
	at automation.project3ds.FillCreditCardTest1108.execute(FillCreditCardTest1108.java:294)
... Removed 24 stack frames</div></td></tr></table><p class="totop"><a href="#summary">back to summary</a></p>
<h3 id="m3">automation.project3ds.FillCreditCardTest1108#execute</h3><table class="result"><tr class="param"><th>Parameter #1</th><th>Parameter #2</th></tr><tr class="param stripe"><td>5200000000001120</td><td>{Cavv=blank, cardholderVerificationMethod=NO_REQUEST, expected_results_authentication=value, EciFlag2=00, Cavv2=blank, ErrorDesc2=value, Enrolled=Y, EciFlag=value, WhiteListStatus=null, ErrorDesc=blank, PAResStatus2=blank, WhiteListStatusSource=null, ErrorNo=0, ErrorNo2=value, SignitureVerification2=blank, Payload=value, PAN=5200000000001120, SignitureVerification=Y, ACSUrl=value, PAResStatus=C, testName=Test Mastercard 13: Error on Authentication}</td></tr><tr><th colspan="2">Exception</th></tr><tr><td colspan="2"><div class="stacktrace">java.lang.AssertionError: The following asserts failed:
	[EciFlag2] expected [00] but found []
	at automation.project3ds.MySoftAssertAll.assertAll(MySoftAssertAll.java:80)
	at automation.project3ds.FillCreditCardTest1108.execute(FillCreditCardTest1108.java:294)
... Removed 24 stack frames</div></td></tr></table><p class="totop"><a href="#summary">back to summary</a></p>
<h3 id="m4">automation.project3ds.FillCreditCardTest1108#execute</h3><table class="result"><tr class="param"><th>Parameter #1</th><th>Parameter #2</th></tr><tr class="param stripe"><td>4000000000002024</td><td>{Cavv=value, cardholderVerificationMethod=value, expected_results_authentication=NA, Enrolled=Y, EciFlag=value, WhiteListStatus=null, ErrorDesc=blank, WhiteListStatusSource=null, ErrorNo=0, Payload=blank, PAN=4000000000002024, SignitureVerification=Y, ACSUrl=blank, PAResStatus=I, testName=Test Visa 18: Support TransStatus I}</td></tr><tr><th colspan="2">Exception</th></tr><tr><td colspan="2"><div class="stacktrace">java.lang.AssertionError: The following asserts failed:
	[PAResStatus] expected [I] but found [U]
	at automation.project3ds.MySoftAssertAll.assertAll(MySoftAssertAll.java:80)
	at automation.project3ds.FillCreditCardTest1108.execute(FillCreditCardTest1108.java:294)
... Removed 24 stack frames</div></td></tr></table><p class="totop"><a href="#summary">back to summary</a></p>
<h3 id="m5">automation.project3ds.FillCreditCardTest1108#execute</h3><table class="result"><tr class="param"><th>Parameter #1</th><th>Parameter #2</th></tr><tr class="param stripe"><td>4000000000001067</td><td>{Cavv=blank, cardholderVerificationMethod=CVV2, expected_results_authentication=NA, Enrolled=blank, EciFlag=07, WhiteListStatus=null, ErrorDesc=value, WhiteListStatusSource=null, ErrorNo=value, Payload=blank, PAN=4000000000001067, SignitureVerification=blank, ACSUrl=blank, PAResStatus=blank, testName=Test Visa 7: Error on Lookup}</td></tr><tr><th colspan="2">Exception</th></tr><tr><td colspan="2"><div class="stacktrace">java.lang.AssertionError: The following asserts failed:
	[Enrolled] expected [] but found [U]
	at automation.project3ds.MySoftAssertAll.assertAll(MySoftAssertAll.java:80)
	at automation.project3ds.FillCreditCardTest1108.execute(FillCreditCardTest1108.java:294)
... Removed 25 stack frames</div></td></tr></table><p class="totop"><a href="#summary">back to summary</a></p>
<h3 id="m6">automation.project3ds.FillCreditCardTest1108#execute</h3><table class="result"><tr class="param"><th>Parameter #1</th><th>Parameter #2</th></tr><tr class="param stripe"><td>5200000000001062</td><td>{Cavv=blank, cardholderVerificationMethod=CVV2, expected_results_authentication=NA, Enrolled=blank, EciFlag=00, WhiteListStatus=null, ErrorDesc=value, WhiteListStatusSource=null, ErrorNo=value, Payload=blank, PAN=5200000000001062, SignitureVerification=blank, ACSUrl=blank, PAResStatus=blank, testName=Test Mastercard 7: Error on Lookup}</td></tr><tr><th colspan="2">Exception</th></tr><tr><td colspan="2"><div class="stacktrace">java.lang.AssertionError: The following asserts failed:
	[Enrolled] expected [] but found [U]
	at automation.project3ds.MySoftAssertAll.assertAll(MySoftAssertAll.java:80)
	at automation.project3ds.FillCreditCardTest1108.execute(FillCreditCardTest1108.java:294)
... Removed 24 stack frames</div></td></tr></table><p class="totop"><a href="#summary">back to summary</a></p>
<h3 id="m7">automation.project3ds.FillCreditCardTest1108#execute</h3><table class="result"><tr class="param"><th>Parameter #1</th><th>Parameter #2</th></tr><tr class="param stripe"><td>5200000000001070</td><td>{Cavv=blank, cardholderVerificationMethod=CVV2, expected_results_authentication=NA, Enrolled=blank, EciFlag=blank, WhiteListStatus=null, ErrorDesc=value, WhiteListStatusSource=null, ErrorNo=value, Payload=blank, PAN=5200000000001070, SignitureVerification=blank, ACSUrl=blank, PAResStatus=blank, testName=Test Mastercard 8: Timeout on cmpi_lookup Transaction}</td></tr><tr><th colspan="2">Exception</th></tr><tr><td colspan="2"><div class="stacktrace">java.lang.AssertionError: The following asserts failed:
	[Enrolled] expected [] but found [U],
	[EciFlag] expected [] but found [00]
	at automation.project3ds.MySoftAssertAll.assertAll(MySoftAssertAll.java:80)
	at automation.project3ds.FillCreditCardTest1108.execute(FillCreditCardTest1108.java:294)
... Removed 24 stack frames</div></td></tr></table><p class="totop"><a href="#summary">back to summary</a></p>
<h3 id="m8">automation.project3ds.FillCreditCardTest1108#execute</h3><table class="result"><tr class="param"><th>Parameter #1</th><th>Parameter #2</th></tr><tr class="param stripe"><td>4000000000001059</td><td>{Cavv=blank, cardholderVerificationMethod=CVV2, expected_results_authentication=NA, Enrolled=U, EciFlag=07, WhiteListStatus=null, ErrorDesc=blank, WhiteListStatusSource=null, ErrorNo=0, Payload=blank, PAN=4000000000001059, SignitureVerification=blank, ACSUrl=blank, PAResStatus=blank, testName=Test Visa 6: Authentication Not Available on Lookup}</td></tr></table><p class="totop"><a href="#summary">back to summary</a></p>
<h3 id="m9">automation.project3ds.FillCreditCardTest1108#execute</h3><table class="result"><tr class="param"><th>Parameter #1</th><th>Parameter #2</th></tr><tr class="param stripe"><td>5200000000002003</td><td>{Cavv=blank, cardholderVerificationMethod=value, expected_results_authentication=value, EciFlag2=value, Cavv2=value, ErrorDesc2=Success, Enrolled=Y, EciFlag=value, WhiteListStatus=null, ErrorDesc=blank, PAResStatus2=Y, WhiteListStatusSource=null, ErrorNo=0, ErrorNo2=0, SignitureVerification2=Y, Payload=value, PAN=5200000000002003, SignitureVerification=Y, ACSUrl=value, PAResStatus=C, testName=Test Mastercard 16: Prompt for Whitelist}</td></tr></table><p class="totop"><a href="#summary">back to summary</a></p>
<h3 id="m10">automation.project3ds.FillCreditCardTest1108#execute</h3><table class="result"><tr class="param"><th>Parameter #1</th><th>Parameter #2</th></tr><tr class="param stripe"><td>4000000000001042</td><td>{Cavv=blank, cardholderVerificationMethod=NO_REQUEST, expected_results_authentication=NA, Enrolled=Y, EciFlag=07, WhiteListStatus=null, ErrorDesc=blank, WhiteListStatusSource=null, ErrorNo=0, Payload=blank, PAN=4000000000001042, SignitureVerification=Y, ACSUrl=blank, PAResStatus=R, testName=Test Visa 5: Rejected Frictionless Authentication by the Issuer}</td></tr></table><p class="totop"><a href="#summary">back to summary</a></p>
<h3 id="m11">automation.project3ds.FillCreditCardTest1108#execute</h3><table class="result"><tr class="param"><th>Parameter #1</th><th>Parameter #2</th></tr><tr class="param stripe"><td>4000000000002016</td><td>{Cavv=value, cardholderVerificationMethod=value, expected_results_authentication=NA, Enrolled=Y, EciFlag=value, WhiteListStatus=Y, ErrorDesc=blank, WhiteListStatusSource=value, ErrorNo=0, Payload=blank, PAN=4000000000002016, SignitureVerification=Y, ACSUrl=blank, PAResStatus=Y, testName=Test Visa 17: Pre-Whitelisted}</td></tr></table><p class="totop"><a href="#summary">back to summary</a></p>
<h3 id="m12">automation.project3ds.FillCreditCardTest1108#execute</h3><table class="result"><tr class="param"><th>Parameter #1</th><th>Parameter #2</th></tr><tr class="param stripe"><td>4000000000001018</td><td>{Cavv=blank, cardholderVerificationMethod=NO_REQUEST, expected_results_authentication=NA, Enrolled=Y, EciFlag=07, WhiteListStatus=null, ErrorDesc=blank, WhiteListStatusSource=null, ErrorNo=0, Payload=blank, PAN=4000000000001018, SignitureVerification=Y, ACSUrl=blank, PAResStatus=N, testName=Test Visa 2: Failed Frictionless Authentication}</td></tr></table><p class="totop"><a href="#summary">back to summary</a></p>
<h3 id="m13">automation.project3ds.FillCreditCardTest1108#execute</h3><table class="result"><tr class="param"><th>Parameter #1</th><th>Parameter #2</th></tr><tr class="param stripe"><td>5200000000002011</td><td>{Cavv=value, cardholderVerificationMethod=value, expected_results_authentication=NA, Enrolled=Y, EciFlag=value, WhiteListStatus=Y, ErrorDesc=blank, WhiteListStatusSource=value, ErrorNo=0, Payload=blank, PAN=5200000000002011, SignitureVerification=Y, ACSUrl=blank, PAResStatus=Y, testName=Test Mastercard 17: Pre-Whitelisted}</td></tr></table><p class="totop"><a href="#summary">back to summary</a></p>
<h3 id="m14">automation.project3ds.FillCreditCardTest1108#execute</h3><table class="result"><tr class="param"><th>Parameter #1</th><th>Parameter #2</th></tr><tr class="param stripe"><td>5200000000001146</td><td>{Cavv=value, cardholderVerificationMethod=value, expected_results_authentication=NA, Enrolled=Y, EciFlag=value, WhiteListStatus=null, ErrorDesc=blank, WhiteListStatusSource=null, ErrorNo=0, Payload=blank, PAN=5200000000001146, SignitureVerification=Y, ACSUrl=blank, PAResStatus=Y, testName=Test Mastercard 15: Require MethodURL}</td></tr></table><p class="totop"><a href="#summary">back to summary</a></p>
<h3 id="m15">automation.project3ds.FillCreditCardTest1108#execute</h3><table class="result"><tr class="param"><th>Parameter #1</th><th>Parameter #2</th></tr><tr class="param stripe"><td>4000000000001117</td><td>{Cavv=blank, cardholderVerificationMethod=CVV2, expected_results_authentication=value, EciFlag2=07, Cavv2=blank, ErrorDesc2=Success, Enrolled=Y, EciFlag=value, WhiteListStatus=null, ErrorDesc=blank, PAResStatus2=U, WhiteListStatusSource=null, ErrorNo=0, ErrorNo2=0, SignitureVerification2=Y, Payload=value, PAN=4000000000001117, SignitureVerification=Y, ACSUrl=value, PAResStatus=C, testName=Test Visa 12: Step Up Authentication is Unavailable}</td></tr></table><p class="totop"><a href="#summary">back to summary</a></p>
<h3 id="m16">automation.project3ds.FillCreditCardTest1108#execute</h3><table class="result"><tr class="param"><th>Parameter #1</th><th>Parameter #2</th></tr><tr class="param stripe"><td>4000000000001091</td><td>{Cavv=blank, cardholderVerificationMethod=THREEDS, expected_results_authentication=value, EciFlag2=05, Cavv2=value, ErrorDesc2=Success, Enrolled=Y, EciFlag=value, WhiteListStatus=null, ErrorDesc=blank, PAResStatus2=Y, WhiteListStatusSource=null, ErrorNo=0, ErrorNo2=0, SignitureVerification2=Y, Payload=value, PAN=4000000000001091, SignitureVerification=Y, ACSUrl=value, PAResStatus=C, testName=Test Visa 10: Successful Step Up Authentication}</td></tr></table><p class="totop"><a href="#summary">back to summary</a></p>
<h3 id="m17">automation.project3ds.FillCreditCardTest1108#execute</h3><table class="result"><tr class="param"><th>Parameter #1</th><th>Parameter #2</th></tr><tr class="param stripe"><td>5200000000001112</td><td>{Cavv=blank, cardholderVerificationMethod=YES_REQUEST, expected_results_authentication=value, EciFlag2=00, Cavv2=blank, ErrorDesc2=Success, Enrolled=Y, EciFlag=00, WhiteListStatus=null, ErrorDesc=blank, PAResStatus2=U, WhiteListStatusSource=null, ErrorNo=0, ErrorNo2=0, SignitureVerification2=Y, Payload=value, PAN=5200000000001112, SignitureVerification=Y, ACSUrl=value, PAResStatus=C, testName=Test Mastercard 12: Step Up Authentication is Unavailable}</td></tr></table><p class="totop"><a href="#summary">back to summary</a></p>
<h3 id="m18">automation.project3ds.FillCreditCardTest1108#execute</h3><table class="result"><tr class="param"><th>Parameter #1</th><th>Parameter #2</th></tr><tr class="param stripe"><td>4000000000001133</td><td>{Cavv=blank, cardholderVerificationMethod=CVV2, expected_results_authentication=value, EciFlag2=value, Cavv2=blank, ErrorDesc2=Success, Enrolled=Y, EciFlag=value, WhiteListStatus=null, ErrorDesc=blank, PAResStatus2=B, WhiteListStatusSource=null, ErrorNo=0, ErrorNo2=0, SignitureVerification2=Y, Payload=value, PAN=4000000000001133, SignitureVerification=Y, ACSUrl=value, PAResStatus=C, testName=Test Visa 14: Step Up Authentication with Merchant Bypass}</td></tr></table><p class="totop"><a href="#summary">back to summary</a></p>
<h3 id="m19">automation.project3ds.FillCreditCardTest1108#execute</h3><table class="result"><tr class="param"><th>Parameter #1</th><th>Parameter #2</th></tr><tr class="param stripe"><td>4000000000001026</td><td>{Cavv=value, cardholderVerificationMethod=THREEDS_ATTEMPT, expected_results_authentication=NA, Enrolled=Y, EciFlag=06, WhiteListStatus=null, ErrorDesc=blank, WhiteListStatusSource=null, ErrorNo=0, Payload=blank, PAN=4000000000001026, SignitureVerification=Y, ACSUrl=blank, PAResStatus=A, testName=Test Visa 3: Attempts Frictionless Authentication}</td></tr></table><p class="totop"><a href="#summary">back to summary</a></p>
<h3 id="m20">automation.project3ds.FillCreditCardTest1108#execute</h3><table class="result"><tr class="param"><th>Parameter #1</th><th>Parameter #2</th></tr><tr class="param stripe"><td>5200000000001005</td><td>{Cavv=value, cardholderVerificationMethod=THREEDS, expected_results_authentication=NA, Enrolled=Y, EciFlag=02, WhiteListStatus=null, ErrorDesc=blank, WhiteListStatusSource=null, ErrorNo=0, Payload=blank, PAN=5200000000001005, SignitureVerification=Y, ACSUrl=blank, PAResStatus=Y, testName=Test Mastercard 1: Successful Frictionless Authentication}</td></tr></table><p class="totop"><a href="#summary">back to summary</a></p>
<h3 id="m21">automation.project3ds.FillCreditCardTest1108#execute</h3><table class="result"><tr class="param"><th>Parameter #1</th><th>Parameter #2</th></tr><tr class="param stripe"><td>5200000000001047</td><td>{Cavv=blank, cardholderVerificationMethod=NO_REQUEST, expected_results_authentication=NA, Enrolled=Y, EciFlag=00, WhiteListStatus=null, ErrorDesc=blank, WhiteListStatusSource=null, ErrorNo=0, Payload=blank, PAN=5200000000001047, SignitureVerification=Y, ACSUrl=blank, PAResStatus=R, testName=Test Mastercard 5: Rejected Frictionless Authentication by the Issuer}</td></tr></table><p class="totop"><a href="#summary">back to summary</a></p>
<h3 id="m22">automation.project3ds.FillCreditCardTest1108#execute</h3><table class="result"><tr class="param"><th>Parameter #1</th><th>Parameter #2</th></tr><tr class="param stripe"><td>5200000000001039</td><td>{Cavv=blank, cardholderVerificationMethod=CVV2, expected_results_authentication=NA, Enrolled=Y, EciFlag=00, WhiteListStatus=null, ErrorDesc=blank, WhiteListStatusSource=null, ErrorNo=0, Payload=blank, PAN=5200000000001039, SignitureVerification=Y, ACSUrl=blank, PAResStatus=U, testName=Test Mastercard 4: Unavailable Frictionless Authentication from the Issuer}</td></tr></table><p class="totop"><a href="#summary">back to summary</a></p>
<h3 id="m23">automation.project3ds.FillCreditCardTest1108#execute</h3><table class="result"><tr class="param"><th>Parameter #1</th><th>Parameter #2</th></tr><tr class="param stripe"><td>4000000000002008</td><td>{Cavv=blank, cardholderVerificationMethod=value, expected_results_authentication=value, EciFlag2=value, Cavv2=value, ErrorDesc2=Success, Enrolled=Y, EciFlag=value, WhiteListStatus=null, ErrorDesc=blank, PAResStatus2=Y, WhiteListStatusSource=null, ErrorNo=0, ErrorNo2=0, SignitureVerification2=Y, Payload=value, PAN=4000000000002008, SignitureVerification=Y, ACSUrl=value, PAResStatus=C, testName=Test Visa 16: Prompt for Whitelist}</td></tr></table><p class="totop"><a href="#summary">back to summary</a></p>
<h3 id="m24">automation.project3ds.FillCreditCardTest1108#execute</h3><table class="result"><tr class="param"><th>Parameter #1</th><th>Parameter #2</th></tr><tr class="param stripe"><td>5200000000001021</td><td>{Cavv=value, cardholderVerificationMethod=THREEDS_ATTEMPT, expected_results_authentication=NA, Enrolled=Y, EciFlag=01, WhiteListStatus=null, ErrorDesc=blank, WhiteListStatusSource=null, ErrorNo=0, Payload=blank, PAN=5200000000001021, SignitureVerification=Y, ACSUrl=blank, PAResStatus=A, testName=Test Mastercard 3: Attempts Frictionless Authentication}</td></tr></table><p class="totop"><a href="#summary">back to summary</a></p>
<h3 id="m25">automation.project3ds.FillCreditCardTest1108#execute</h3><table class="result"><tr class="param"><th>Parameter #1</th><th>Parameter #2</th></tr><tr class="param stripe"><td>4000000000001034</td><td>{Cavv=blank, cardholderVerificationMethod=CVV2, expected_results_authentication=NA, Enrolled=Y, EciFlag=07, WhiteListStatus=null, ErrorDesc=blank, WhiteListStatusSource=null, ErrorNo=0, Payload=blank, PAN=4000000000001034, SignitureVerification=Y, ACSUrl=blank, PAResStatus=U, testName=Test Visa 4: Unavailable Frictionless Authentication from the Issuer}</td></tr></table><p class="totop"><a href="#summary">back to summary</a></p>
<h3 id="m26">automation.project3ds.FillCreditCardTest1108#execute</h3><table class="result"><tr class="param"><th>Parameter #1</th><th>Parameter #2</th></tr><tr class="param stripe"><td>4000000000001083</td><td>{Cavv=blank, cardholderVerificationMethod=CVV2, expected_results_authentication=NA, Enrolled=B, EciFlag=07, WhiteListStatus=null, ErrorDesc=blank, WhiteListStatusSource=null, ErrorNo=0, Payload=blank, PAN=4000000000001083, SignitureVerification=blank, ACSUrl=blank, PAResStatus=blank, testName=Test Visa 9: Bypassed Authentication}</td></tr></table><p class="totop"><a href="#summary">back to summary</a></p>
<h3 id="m27">automation.project3ds.FillCreditCardTest1108#execute</h3><table class="result"><tr class="param"><th>Parameter #1</th><th>Parameter #2</th></tr><tr class="param stripe"><td>5200000000001104</td><td>{Cavv=blank, cardholderVerificationMethod=NO_REQUEST, expected_results_authentication=value, EciFlag2=00, Cavv2=blank, ErrorDesc2=Success, Enrolled=Y, EciFlag=00, WhiteListStatus=null, ErrorDesc=blank, PAResStatus2=N, WhiteListStatusSource=null, ErrorNo=0, ErrorNo2=0, SignitureVerification2=Y, Payload=value, PAN=5200000000001104, SignitureVerification=Y, ACSUrl=value, PAResStatus=C, testName=Test Mastercard 11: Failed Step Up Authentication}</td></tr></table><p class="totop"><a href="#summary">back to summary</a></p>
<h3 id="m28">automation.project3ds.FillCreditCardTest1108#execute</h3><table class="result"><tr class="param"><th>Parameter #1</th><th>Parameter #2</th></tr><tr class="param stripe"><td>4000000000001125</td><td>{Cavv=blank, cardholderVerificationMethod=NO_REQUEST, expected_results_authentication=value, EciFlag2=blank, Cavv2=blank, ErrorDesc2=value, Enrolled=Y, EciFlag=value, WhiteListStatus=null, ErrorDesc=blank, PAResStatus2=blank, WhiteListStatusSource=null, ErrorNo=0, ErrorNo2=value, SignitureVerification2=blank, Payload=value, PAN=4000000000001125, SignitureVerification=Y, ACSUrl=value, PAResStatus=C, testName=Test Visa 13: Error on Authentication}</td></tr></table><p class="totop"><a href="#summary">back to summary</a></p>
<h3 id="m29">automation.project3ds.FillCreditCardTest1108#execute</h3><table class="result"><tr class="param"><th>Parameter #1</th><th>Parameter #2</th></tr><tr class="param stripe"><td>4000000000001109</td><td>{Cavv=blank, cardholderVerificationMethod=NO_REQUEST, expected_results_authentication=value, EciFlag2=07, Cavv2=blank, ErrorDesc2=Success, Enrolled=Y, EciFlag=value, WhiteListStatus=null, ErrorDesc=blank, PAResStatus2=N, WhiteListStatusSource=null, ErrorNo=0, ErrorNo2=0, SignitureVerification2=Y, Payload=value, PAN=4000000000001109, SignitureVerification=Y, ACSUrl=value, PAResStatus=C, testName=Test Visa 11: Failed Step Up Authentication}</td></tr></table><p class="totop"><a href="#summary">back to summary</a></p>
<h3 id="m30">automation.project3ds.FillCreditCardTest1108#execute</h3><table class="result"><tr class="param"><th>Parameter #1</th><th>Parameter #2</th></tr><tr class="param stripe"><td>4000000000001000</td><td>{Cavv=value, cardholderVerificationMethod=THREEDS, expected_results_authentication=NA, Enrolled=Y, EciFlag=05, WhiteListStatus=null, ErrorDesc=blank, WhiteListStatusSource=null, ErrorNo=0, Payload=blank, PAN=4000000000001000, SignitureVerification=Y, ACSUrl=blank, PAResStatus=Y, testName=Test Visa 1: Successful Frictionless Authentication}</td></tr></table><p class="totop"><a href="#summary">back to summary</a></p>
<h3 id="m31">automation.project3ds.FillCreditCardTest1108#execute</h3><table class="result"><tr class="param"><th>Parameter #1</th><th>Parameter #2</th></tr><tr class="param stripe"><td>5200000000001096</td><td>{Cavv=blank, cardholderVerificationMethod=THREEDS, expected_results_authentication=value, EciFlag2=02, Cavv2=value, ErrorDesc2=Success, Enrolled=Y, EciFlag=value, WhiteListStatus=null, ErrorDesc=blank, PAResStatus2=Y, WhiteListStatusSource=null, ErrorNo=0, ErrorNo2=0, SignitureVerification2=Y, Payload=value, PAN=5200000000001096, SignitureVerification=Y, ACSUrl=value, PAResStatus=C, testName=Test Mastercard 10: Successful Step Up Authentication}</td></tr></table><p class="totop"><a href="#summary">back to summary</a></p>
<h3 id="m32">automation.project3ds.FillCreditCardTest1108#execute</h3><table class="result"><tr class="param"><th>Parameter #1</th><th>Parameter #2</th></tr><tr class="param stripe"><td>4000000000001141</td><td>{Cavv=value, cardholderVerificationMethod=value, expected_results_authentication=NA, Enrolled=Y, EciFlag=value, WhiteListStatus=null, ErrorDesc=blank, WhiteListStatusSource=null, ErrorNo=0, Payload=blank, PAN=4000000000001141, SignitureVerification=Y, ACSUrl=blank, PAResStatus=Y, testName=Test Visa 15: Require MethodURL}</td></tr></table><p class="totop"><a href="#summary">back to summary</a></p>
<h3 id="m33">automation.project3ds.FillCreditCardTest1108#execute</h3><table class="result"><tr class="param"><th>Parameter #1</th><th>Parameter #2</th></tr><tr class="param stripe"><td>5200000000001013</td><td>{Cavv=blank, cardholderVerificationMethod=NO_REQUEST, expected_results_authentication=NA, Enrolled=Y, EciFlag=00, WhiteListStatus=null, ErrorDesc=blank, WhiteListStatusSource=null, ErrorNo=0, Payload=blank, PAN=5200000000001013, SignitureVerification=Y, ACSUrl=blank, PAResStatus=N, testName=Test Mastercard 2: Failed Frictionless Authentication}</td></tr></table><p class="totop"><a href="#summary">back to summary</a></p>
<h3 id="m34">automation.project3ds.FillCreditCardTest1108#execute</h3><table class="result"><tr class="param"><th>Parameter #1</th><th>Parameter #2</th></tr><tr class="param stripe"><td>5200000000001088</td><td>{Cavv=blank, cardholderVerificationMethod=CVV2, expected_results_authentication=NA, Enrolled=B, EciFlag=00, WhiteListStatus=null, ErrorDesc=blank, WhiteListStatusSource=null, ErrorNo=0, Payload=blank, PAN=5200000000001088, SignitureVerification=blank, ACSUrl=blank, PAResStatus=blank, testName=Test Mastercard 9: Bypassed Authentication}</td></tr></table><p class="totop"><a href="#summary">back to summary</a></p>
<h3 id="m35">automation.project3ds.FillCreditCardTest1108#execute</h3><table class="result"><tr class="param"><th>Parameter #1</th><th>Parameter #2</th></tr><tr class="param stripe"><td>5200000000001138</td><td>{Cavv=blank, cardholderVerificationMethod=CVV2, expected_results_authentication=value, EciFlag2=value, Cavv2=blank, ErrorDesc2=Success, Enrolled=Y, EciFlag=value, WhiteListStatus=null, ErrorDesc=blank, PAResStatus2=B, WhiteListStatusSource=null, ErrorNo=0, ErrorNo2=0, SignitureVerification2=Y, Payload=value, PAN=5200000000001138, SignitureVerification=Y, ACSUrl=value, PAResStatus=C, testName=Test Mastercard 14: Step Up Authentication with Merchant Bypass}</td></tr></table><p class="totop"><a href="#summary">back to summary</a></p>
</body>
</html>
