<?xml version="1.0" encoding="UTF-8"?>
<testng-results skipped="0" failed="8" ignored="0" total="36" passed="28">
  <reporter-output>
  </reporter-output>
  <suite name="credit_card_test" duration-ms="1142941" started-at="2019-07-02T05:38:38Z" finished-at="2019-07-02T05:57:41Z">
    <groups>
    </groups>
    <test name="test1108" duration-ms="1142941" started-at="2019-07-02T05:38:38Z" finished-at="2019-07-02T05:57:41Z">
      <class name="automation.project3ds.FillCreditCardTest1108">
        <test-method status="PASS" signature="setUp()[pri:0, instance:automation.project3ds.FillCreditCardTest1108@5f341870]" test-instance-name="5200000000002029" name="setUp" is-config="true" duration-ms="15205" started-at="2019-07-02T05:38:38Z" finished-at="2019-07-02T05:38:53Z">
          <reporter-output>
          </reporter-output>
        </test-method> <!-- setUp -->
        <test-method status="PASS" signature="BeforeMethod([Ljava.lang.Object;)[pri:0, instance:automation.project3ds.FillCreditCardTest1108@5f341870]" test-instance-name="5200000000002029" name="BeforeMethod" is-config="true" duration-ms="1" started-at="2019-07-02T05:38:53Z" finished-at="2019-07-02T05:38:53Z">
          <params>
            <param index="0">
              <value>
                <![CDATA[[Ljava.lang.Object;@1c24ca3b]]>
              </value>
            </param>
          </params>
          <reporter-output>
          </reporter-output>
        </test-method> <!-- BeforeMethod -->
        <test-method status="PASS" signature="execute(java.lang.String, java.util.Map)[pri:0, instance:automation.project3ds.FillCreditCardTest1108@5f341870]" test-instance-name="5200000000002029" name="execute" duration-ms="30003" started-at="2019-07-02T05:38:53Z" data-provider="data" finished-at="2019-07-02T05:39:23Z">
          <params>
            <param index="0">
              <value>
                <![CDATA[4000000000001000]]>
              </value>
            </param>
            <param index="1">
              <value>
                <![CDATA[{Cavv=value, cardholderVerificationMethod=THREEDS, expected_results_authentication=NA, Enrolled=Y, EciFlag=05, WhiteListStatus=null, ErrorDesc=blank, WhiteListStatusSource=null, ErrorNo=0, Payload=blank, PAN=4000000000001000, SignitureVerification=Y, ACSUrl=blank, PAResStatus=Y, testName=Test Visa 1: Successful Frictionless Authentication}]]>
              </value>
            </param>
          </params>
          <reporter-output>
          </reporter-output>
        </test-method> <!-- execute -->
        <test-method status="PASS" signature="BeforeMethod([Ljava.lang.Object;)[pri:0, instance:automation.project3ds.FillCreditCardTest1108@5f341870]" test-instance-name="5200000000002029" name="BeforeMethod" is-config="true" duration-ms="1" started-at="2019-07-02T05:39:23Z" finished-at="2019-07-02T05:39:23Z">
          <params>
            <param index="0">
              <value>
                <![CDATA[[Ljava.lang.Object;@7fa0e13a]]>
              </value>
            </param>
          </params>
          <reporter-output>
          </reporter-output>
        </test-method> <!-- BeforeMethod -->
        <test-method status="PASS" signature="execute(java.lang.String, java.util.Map)[pri:0, instance:automation.project3ds.FillCreditCardTest1108@5f341870]" test-instance-name="5200000000002029" name="execute" duration-ms="25823" started-at="2019-07-02T05:39:23Z" data-provider="data" finished-at="2019-07-02T05:39:49Z">
          <params>
            <param index="0">
              <value>
                <![CDATA[4000000000001018]]>
              </value>
            </param>
            <param index="1">
              <value>
                <![CDATA[{Cavv=blank, cardholderVerificationMethod=NO_REQUEST, expected_results_authentication=NA, Enrolled=Y, EciFlag=07, WhiteListStatus=null, ErrorDesc=blank, WhiteListStatusSource=null, ErrorNo=0, Payload=blank, PAN=4000000000001018, SignitureVerification=Y, ACSUrl=blank, PAResStatus=N, testName=Test Visa 2: Failed Frictionless Authentication}]]>
              </value>
            </param>
          </params>
          <reporter-output>
          </reporter-output>
        </test-method> <!-- execute -->
        <test-method status="PASS" signature="BeforeMethod([Ljava.lang.Object;)[pri:0, instance:automation.project3ds.FillCreditCardTest1108@5f341870]" test-instance-name="5200000000002029" name="BeforeMethod" is-config="true" duration-ms="1" started-at="2019-07-02T05:39:49Z" finished-at="2019-07-02T05:39:49Z">
          <params>
            <param index="0">
              <value>
                <![CDATA[[Ljava.lang.Object;@21e660a2]]>
              </value>
            </param>
          </params>
          <reporter-output>
          </reporter-output>
        </test-method> <!-- BeforeMethod -->
        <test-method status="PASS" signature="execute(java.lang.String, java.util.Map)[pri:0, instance:automation.project3ds.FillCreditCardTest1108@5f341870]" test-instance-name="5200000000002029" name="execute" duration-ms="24731" started-at="2019-07-02T05:39:49Z" data-provider="data" finished-at="2019-07-02T05:40:14Z">
          <params>
            <param index="0">
              <value>
                <![CDATA[4000000000001026]]>
              </value>
            </param>
            <param index="1">
              <value>
                <![CDATA[{Cavv=value, cardholderVerificationMethod=THREEDS_ATTEMPT, expected_results_authentication=NA, Enrolled=Y, EciFlag=06, WhiteListStatus=null, ErrorDesc=blank, WhiteListStatusSource=null, ErrorNo=0, Payload=blank, PAN=4000000000001026, SignitureVerification=Y, ACSUrl=blank, PAResStatus=A, testName=Test Visa 3: Attempts Frictionless Authentication}]]>
              </value>
            </param>
          </params>
          <reporter-output>
          </reporter-output>
        </test-method> <!-- execute -->
        <test-method status="PASS" signature="BeforeMethod([Ljava.lang.Object;)[pri:0, instance:automation.project3ds.FillCreditCardTest1108@5f341870]" test-instance-name="5200000000002029" name="BeforeMethod" is-config="true" duration-ms="1" started-at="2019-07-02T05:40:14Z" finished-at="2019-07-02T05:40:14Z">
          <params>
            <param index="0">
              <value>
                <![CDATA[[Ljava.lang.Object;@7e14cc79]]>
              </value>
            </param>
          </params>
          <reporter-output>
          </reporter-output>
        </test-method> <!-- BeforeMethod -->
        <test-method status="PASS" signature="execute(java.lang.String, java.util.Map)[pri:0, instance:automation.project3ds.FillCreditCardTest1108@5f341870]" test-instance-name="5200000000002029" name="execute" duration-ms="26335" started-at="2019-07-02T05:40:14Z" data-provider="data" finished-at="2019-07-02T05:40:40Z">
          <params>
            <param index="0">
              <value>
                <![CDATA[4000000000001034]]>
              </value>
            </param>
            <param index="1">
              <value>
                <![CDATA[{Cavv=blank, cardholderVerificationMethod=CVV2, expected_results_authentication=NA, Enrolled=Y, EciFlag=07, WhiteListStatus=null, ErrorDesc=blank, WhiteListStatusSource=null, ErrorNo=0, Payload=blank, PAN=4000000000001034, SignitureVerification=Y, ACSUrl=blank, PAResStatus=U, testName=Test Visa 4: Unavailable Frictionless Authentication from the Issuer}]]>
              </value>
            </param>
          </params>
          <reporter-output>
          </reporter-output>
        </test-method> <!-- execute -->
        <test-method status="PASS" signature="execute(java.lang.String, java.util.Map)[pri:0, instance:automation.project3ds.FillCreditCardTest1108@5f341870]" test-instance-name="5200000000002029" name="execute" duration-ms="26347" started-at="2019-07-02T05:40:40Z" data-provider="data" finished-at="2019-07-02T05:41:07Z">
          <params>
            <param index="0">
              <value>
                <![CDATA[4000000000001042]]>
              </value>
            </param>
            <param index="1">
              <value>
                <![CDATA[{Cavv=blank, cardholderVerificationMethod=NO_REQUEST, expected_results_authentication=NA, Enrolled=Y, EciFlag=07, WhiteListStatus=null, ErrorDesc=blank, WhiteListStatusSource=null, ErrorNo=0, Payload=blank, PAN=4000000000001042, SignitureVerification=Y, ACSUrl=blank, PAResStatus=R, testName=Test Visa 5: Rejected Frictionless Authentication by the Issuer}]]>
              </value>
            </param>
          </params>
          <reporter-output>
          </reporter-output>
        </test-method> <!-- execute -->
        <test-method status="PASS" signature="BeforeMethod([Ljava.lang.Object;)[pri:0, instance:automation.project3ds.FillCreditCardTest1108@5f341870]" test-instance-name="5200000000002029" name="BeforeMethod" is-config="true" duration-ms="0" started-at="2019-07-02T05:40:40Z" finished-at="2019-07-02T05:40:40Z">
          <params>
            <param index="0">
              <value>
                <![CDATA[[Ljava.lang.Object;@44dba492]]>
              </value>
            </param>
          </params>
          <reporter-output>
          </reporter-output>
        </test-method> <!-- BeforeMethod -->
        <test-method status="PASS" signature="BeforeMethod([Ljava.lang.Object;)[pri:0, instance:automation.project3ds.FillCreditCardTest1108@5f341870]" test-instance-name="5200000000002029" name="BeforeMethod" is-config="true" duration-ms="1" started-at="2019-07-02T05:41:07Z" finished-at="2019-07-02T05:41:07Z">
          <params>
            <param index="0">
              <value>
                <![CDATA[[Ljava.lang.Object;@3c0a2402]]>
              </value>
            </param>
          </params>
          <reporter-output>
          </reporter-output>
        </test-method> <!-- BeforeMethod -->
        <test-method status="PASS" signature="execute(java.lang.String, java.util.Map)[pri:0, instance:automation.project3ds.FillCreditCardTest1108@5f341870]" test-instance-name="5200000000002029" name="execute" duration-ms="26404" started-at="2019-07-02T05:41:07Z" data-provider="data" finished-at="2019-07-02T05:41:33Z">
          <params>
            <param index="0">
              <value>
                <![CDATA[4000000000001059]]>
              </value>
            </param>
            <param index="1">
              <value>
                <![CDATA[{Cavv=blank, cardholderVerificationMethod=CVV2, expected_results_authentication=NA, Enrolled=U, EciFlag=07, WhiteListStatus=null, ErrorDesc=blank, WhiteListStatusSource=null, ErrorNo=0, Payload=blank, PAN=4000000000001059, SignitureVerification=blank, ACSUrl=blank, PAResStatus=blank, testName=Test Visa 6: Authentication Not Available on Lookup}]]>
              </value>
            </param>
          </params>
          <reporter-output>
          </reporter-output>
        </test-method> <!-- execute -->
        <test-method status="PASS" signature="BeforeMethod([Ljava.lang.Object;)[pri:0, instance:automation.project3ds.FillCreditCardTest1108@5f341870]" test-instance-name="5200000000002029" name="BeforeMethod" is-config="true" duration-ms="1" started-at="2019-07-02T05:41:33Z" finished-at="2019-07-02T05:41:33Z">
          <params>
            <param index="0">
              <value>
                <![CDATA[[Ljava.lang.Object;@2e7ba051]]>
              </value>
            </param>
          </params>
          <reporter-output>
          </reporter-output>
        </test-method> <!-- BeforeMethod -->
        <test-method status="FAIL" signature="execute(java.lang.String, java.util.Map)[pri:0, instance:automation.project3ds.FillCreditCardTest1108@5f341870]" test-instance-name="5200000000002029" name="execute" duration-ms="25797" started-at="2019-07-02T05:41:33Z" data-provider="data" finished-at="2019-07-02T05:41:59Z">
          <params>
            <param index="0">
              <value>
                <![CDATA[4000000000001067]]>
              </value>
            </param>
            <param index="1">
              <value>
                <![CDATA[{Cavv=blank, cardholderVerificationMethod=CVV2, expected_results_authentication=NA, Enrolled=blank, EciFlag=07, WhiteListStatus=null, ErrorDesc=value, WhiteListStatusSource=null, ErrorNo=value, Payload=blank, PAN=4000000000001067, SignitureVerification=blank, ACSUrl=blank, PAResStatus=blank, testName=Test Visa 7: Error on Lookup}]]>
              </value>
            </param>
          </params>
          <exception class="java.lang.AssertionError">
            <message>
              <![CDATA[The following asserts failed:
[Enrolled] expected [] but found [U]]]>
            </message>
            <full-stacktrace>
              <![CDATA[java.lang.AssertionError: The following asserts failed:
[Enrolled] expected [] but found [U]
at automation.project3ds.MySoftAssertAll.assertAll(MySoftAssertAll.java:80)
at automation.project3ds.FillCreditCardTest1108.execute(FillCreditCardTest1108.java:294)
at sun.reflect.NativeMethodAccessorImpl.invoke0(Native Method)
at sun.reflect.NativeMethodAccessorImpl.invoke(NativeMethodAccessorImpl.java:62)
at sun.reflect.DelegatingMethodAccessorImpl.invoke(DelegatingMethodAccessorImpl.java:43)
at java.lang.reflect.Method.invoke(Method.java:498)
at org.testng.internal.MethodInvocationHelper.invokeMethod(MethodInvocationHelper.java:124)
at org.testng.internal.Invoker.invokeMethod(Invoker.java:583)
at org.testng.internal.Invoker.invokeTestMethod(Invoker.java:719)
at org.testng.internal.Invoker.invokeTestMethods(Invoker.java:989)
at org.testng.internal.TestMethodWorker.invokeTestMethods(TestMethodWorker.java:125)
at org.testng.internal.TestMethodWorker.run(TestMethodWorker.java:109)
at org.testng.TestRunner.privateRun(TestRunner.java:648)
at org.testng.TestRunner.run(TestRunner.java:505)
at org.testng.SuiteRunner.runTest(SuiteRunner.java:455)
at org.testng.SuiteRunner.runSequentially(SuiteRunner.java:450)
at org.testng.SuiteRunner.privateRun(SuiteRunner.java:415)
at org.testng.SuiteRunner.run(SuiteRunner.java:364)
at org.testng.SuiteRunnerWorker.runSuite(SuiteRunnerWorker.java:52)
at org.testng.SuiteRunnerWorker.run(SuiteRunnerWorker.java:84)
at org.testng.TestNG.runSuitesSequentially(TestNG.java:1208)
at org.testng.TestNG.runSuitesLocally(TestNG.java:1137)
at org.testng.TestNG.runSuites(TestNG.java:1049)
at org.testng.TestNG.run(TestNG.java:1017)
at org.testng.remote.AbstractRemoteTestNG.run(AbstractRemoteTestNG.java:115)
at org.testng.remote.RemoteTestNG.initAndRun(RemoteTestNG.java:251)
at org.testng.remote.RemoteTestNG.main(RemoteTestNG.java:77)
]]>
            </full-stacktrace>
          </exception> <!-- java.lang.AssertionError -->
          <reporter-output>
          </reporter-output>
        </test-method> <!-- execute -->
        <test-method status="PASS" signature="BeforeMethod([Ljava.lang.Object;)[pri:0, instance:automation.project3ds.FillCreditCardTest1108@5f341870]" test-instance-name="5200000000002029" name="BeforeMethod" is-config="true" duration-ms="0" started-at="2019-07-02T05:41:59Z" finished-at="2019-07-02T05:41:59Z">
          <params>
            <param index="0">
              <value>
                <![CDATA[[Ljava.lang.Object;@76d4d6e3]]>
              </value>
            </param>
          </params>
          <reporter-output>
          </reporter-output>
        </test-method> <!-- BeforeMethod -->
        <test-method status="FAIL" signature="execute(java.lang.String, java.util.Map)[pri:0, instance:automation.project3ds.FillCreditCardTest1108@5f341870]" test-instance-name="5200000000002029" name="execute" duration-ms="37026" started-at="2019-07-02T05:41:59Z" data-provider="data" finished-at="2019-07-02T05:42:36Z">
          <params>
            <param index="0">
              <value>
                <![CDATA[4000000000001075]]>
              </value>
            </param>
            <param index="1">
              <value>
                <![CDATA[{Cavv=blank, cardholderVerificationMethod=CVV2, expected_results_authentication=NA, Enrolled=blank, EciFlag=blank, WhiteListStatus=null, ErrorDesc=value, WhiteListStatusSource=null, ErrorNo=value, Payload=blank, PAN=4000000000001075, SignitureVerification=blank, ACSUrl=blank, PAResStatus=blank, testName=Test Visa 8: Timeout on cmpi_lookup Transaction}]]>
              </value>
            </param>
          </params>
          <exception class="java.lang.AssertionError">
            <message>
              <![CDATA[The following asserts failed:
[Enrolled] expected [] but found [U],
[EciFlag] expected [] but found [07]]]>
            </message>
            <full-stacktrace>
              <![CDATA[java.lang.AssertionError: The following asserts failed:
[Enrolled] expected [] but found [U],
[EciFlag] expected [] but found [07]
at automation.project3ds.MySoftAssertAll.assertAll(MySoftAssertAll.java:80)
at automation.project3ds.FillCreditCardTest1108.execute(FillCreditCardTest1108.java:294)
at sun.reflect.NativeMethodAccessorImpl.invoke0(Native Method)
at sun.reflect.NativeMethodAccessorImpl.invoke(NativeMethodAccessorImpl.java:62)
at sun.reflect.DelegatingMethodAccessorImpl.invoke(DelegatingMethodAccessorImpl.java:43)
at java.lang.reflect.Method.invoke(Method.java:498)
at org.testng.internal.MethodInvocationHelper.invokeMethod(MethodInvocationHelper.java:124)
at org.testng.internal.Invoker.invokeMethod(Invoker.java:583)
at org.testng.internal.Invoker.invokeTestMethod(Invoker.java:719)
at org.testng.internal.Invoker.invokeTestMethods(Invoker.java:989)
at org.testng.internal.TestMethodWorker.invokeTestMethods(TestMethodWorker.java:125)
at org.testng.internal.TestMethodWorker.run(TestMethodWorker.java:109)
at org.testng.TestRunner.privateRun(TestRunner.java:648)
at org.testng.TestRunner.run(TestRunner.java:505)
at org.testng.SuiteRunner.runTest(SuiteRunner.java:455)
at org.testng.SuiteRunner.runSequentially(SuiteRunner.java:450)
at org.testng.SuiteRunner.privateRun(SuiteRunner.java:415)
at org.testng.SuiteRunner.run(SuiteRunner.java:364)
at org.testng.SuiteRunnerWorker.runSuite(SuiteRunnerWorker.java:52)
at org.testng.SuiteRunnerWorker.run(SuiteRunnerWorker.java:84)
at org.testng.TestNG.runSuitesSequentially(TestNG.java:1208)
at org.testng.TestNG.runSuitesLocally(TestNG.java:1137)
at org.testng.TestNG.runSuites(TestNG.java:1049)
at org.testng.TestNG.run(TestNG.java:1017)
at org.testng.remote.AbstractRemoteTestNG.run(AbstractRemoteTestNG.java:115)
at org.testng.remote.RemoteTestNG.initAndRun(RemoteTestNG.java:251)
at org.testng.remote.RemoteTestNG.main(RemoteTestNG.java:77)
]]>
            </full-stacktrace>
          </exception> <!-- java.lang.AssertionError -->
          <reporter-output>
          </reporter-output>
        </test-method> <!-- execute -->
        <test-method status="PASS" signature="BeforeMethod([Ljava.lang.Object;)[pri:0, instance:automation.project3ds.FillCreditCardTest1108@5f341870]" test-instance-name="5200000000002029" name="BeforeMethod" is-config="true" duration-ms="1" started-at="2019-07-02T05:42:36Z" finished-at="2019-07-02T05:42:36Z">
          <params>
            <param index="0">
              <value>
                <![CDATA[[Ljava.lang.Object;@6f32039f]]>
              </value>
            </param>
          </params>
          <reporter-output>
          </reporter-output>
        </test-method> <!-- BeforeMethod -->
        <test-method status="PASS" signature="execute(java.lang.String, java.util.Map)[pri:0, instance:automation.project3ds.FillCreditCardTest1108@5f341870]" test-instance-name="5200000000002029" name="execute" duration-ms="26227" started-at="2019-07-02T05:42:36Z" data-provider="data" finished-at="2019-07-02T05:43:02Z">
          <params>
            <param index="0">
              <value>
                <![CDATA[4000000000001083]]>
              </value>
            </param>
            <param index="1">
              <value>
                <![CDATA[{Cavv=blank, cardholderVerificationMethod=CVV2, expected_results_authentication=NA, Enrolled=B, EciFlag=07, WhiteListStatus=null, ErrorDesc=blank, WhiteListStatusSource=null, ErrorNo=0, Payload=blank, PAN=4000000000001083, SignitureVerification=blank, ACSUrl=blank, PAResStatus=blank, testName=Test Visa 9: Bypassed Authentication}]]>
              </value>
            </param>
          </params>
          <reporter-output>
          </reporter-output>
        </test-method> <!-- execute -->
        <test-method status="PASS" signature="BeforeMethod([Ljava.lang.Object;)[pri:0, instance:automation.project3ds.FillCreditCardTest1108@5f341870]" test-instance-name="5200000000002029" name="BeforeMethod" is-config="true" duration-ms="0" started-at="2019-07-02T05:43:02Z" finished-at="2019-07-02T05:43:02Z">
          <params>
            <param index="0">
              <value>
                <![CDATA[[Ljava.lang.Object;@2f5004f]]>
              </value>
            </param>
          </params>
          <reporter-output>
          </reporter-output>
        </test-method> <!-- BeforeMethod -->
        <test-method status="PASS" signature="execute(java.lang.String, java.util.Map)[pri:0, instance:automation.project3ds.FillCreditCardTest1108@5f341870]" test-instance-name="5200000000002029" name="execute" duration-ms="28629" started-at="2019-07-02T05:43:02Z" data-provider="data" finished-at="2019-07-02T05:43:31Z">
          <params>
            <param index="0">
              <value>
                <![CDATA[4000000000001091]]>
              </value>
            </param>
            <param index="1">
              <value>
                <![CDATA[{Cavv=blank, cardholderVerificationMethod=THREEDS, expected_results_authentication=value, EciFlag2=05, Cavv2=value, ErrorDesc2=Success, Enrolled=Y, EciFlag=value, WhiteListStatus=null, ErrorDesc=blank, PAResStatus2=Y, WhiteListStatusSource=null, ErrorNo=0, ErrorNo2=0, SignitureVerification2=Y, Payload=value, PAN=4000000000001091, SignitureVerification=Y, ACSUrl=value, PAResStatus=C, testName=Test Visa 10: Successful Step Up Authentication}]]>
              </value>
            </param>
          </params>
          <reporter-output>
          </reporter-output>
        </test-method> <!-- execute -->
        <test-method status="PASS" signature="execute(java.lang.String, java.util.Map)[pri:0, instance:automation.project3ds.FillCreditCardTest1108@5f341870]" test-instance-name="5200000000002029" name="execute" duration-ms="27948" started-at="2019-07-02T05:43:31Z" data-provider="data" finished-at="2019-07-02T05:43:59Z">
          <params>
            <param index="0">
              <value>
                <![CDATA[4000000000001109]]>
              </value>
            </param>
            <param index="1">
              <value>
                <![CDATA[{Cavv=blank, cardholderVerificationMethod=NO_REQUEST, expected_results_authentication=value, EciFlag2=07, Cavv2=blank, ErrorDesc2=Success, Enrolled=Y, EciFlag=value, WhiteListStatus=null, ErrorDesc=blank, PAResStatus2=N, WhiteListStatusSource=null, ErrorNo=0, ErrorNo2=0, SignitureVerification2=Y, Payload=value, PAN=4000000000001109, SignitureVerification=Y, ACSUrl=value, PAResStatus=C, testName=Test Visa 11: Failed Step Up Authentication}]]>
              </value>
            </param>
          </params>
          <reporter-output>
          </reporter-output>
        </test-method> <!-- execute -->
        <test-method status="PASS" signature="BeforeMethod([Ljava.lang.Object;)[pri:0, instance:automation.project3ds.FillCreditCardTest1108@5f341870]" test-instance-name="5200000000002029" name="BeforeMethod" is-config="true" duration-ms="0" started-at="2019-07-02T05:43:31Z" finished-at="2019-07-02T05:43:31Z">
          <params>
            <param index="0">
              <value>
                <![CDATA[[Ljava.lang.Object;@717f5168]]>
              </value>
            </param>
          </params>
          <reporter-output>
          </reporter-output>
        </test-method> <!-- BeforeMethod -->
        <test-method status="PASS" signature="BeforeMethod([Ljava.lang.Object;)[pri:0, instance:automation.project3ds.FillCreditCardTest1108@5f341870]" test-instance-name="5200000000002029" name="BeforeMethod" is-config="true" duration-ms="0" started-at="2019-07-02T05:43:59Z" finished-at="2019-07-02T05:43:59Z">
          <params>
            <param index="0">
              <value>
                <![CDATA[[Ljava.lang.Object;@214ce26a]]>
              </value>
            </param>
          </params>
          <reporter-output>
          </reporter-output>
        </test-method> <!-- BeforeMethod -->
        <test-method status="PASS" signature="execute(java.lang.String, java.util.Map)[pri:0, instance:automation.project3ds.FillCreditCardTest1108@5f341870]" test-instance-name="5200000000002029" name="execute" duration-ms="27450" started-at="2019-07-02T05:43:59Z" data-provider="data" finished-at="2019-07-02T05:44:26Z">
          <params>
            <param index="0">
              <value>
                <![CDATA[4000000000001117]]>
              </value>
            </param>
            <param index="1">
              <value>
                <![CDATA[{Cavv=blank, cardholderVerificationMethod=CVV2, expected_results_authentication=value, EciFlag2=07, Cavv2=blank, ErrorDesc2=Success, Enrolled=Y, EciFlag=value, WhiteListStatus=null, ErrorDesc=blank, PAResStatus2=U, WhiteListStatusSource=null, ErrorNo=0, ErrorNo2=0, SignitureVerification2=Y, Payload=value, PAN=4000000000001117, SignitureVerification=Y, ACSUrl=value, PAResStatus=C, testName=Test Visa 12: Step Up Authentication is Unavailable}]]>
              </value>
            </param>
          </params>
          <reporter-output>
          </reporter-output>
        </test-method> <!-- execute -->
        <test-method status="PASS" signature="execute(java.lang.String, java.util.Map)[pri:0, instance:automation.project3ds.FillCreditCardTest1108@5f341870]" test-instance-name="5200000000002029" name="execute" duration-ms="28224" started-at="2019-07-02T05:44:26Z" data-provider="data" finished-at="2019-07-02T05:44:54Z">
          <params>
            <param index="0">
              <value>
                <![CDATA[4000000000001125]]>
              </value>
            </param>
            <param index="1">
              <value>
                <![CDATA[{Cavv=blank, cardholderVerificationMethod=NO_REQUEST, expected_results_authentication=value, EciFlag2=blank, Cavv2=blank, ErrorDesc2=value, Enrolled=Y, EciFlag=value, WhiteListStatus=null, ErrorDesc=blank, PAResStatus2=blank, WhiteListStatusSource=null, ErrorNo=0, ErrorNo2=value, SignitureVerification2=blank, Payload=value, PAN=4000000000001125, SignitureVerification=Y, ACSUrl=value, PAResStatus=C, testName=Test Visa 13: Error on Authentication}]]>
              </value>
            </param>
          </params>
          <reporter-output>
          </reporter-output>
        </test-method> <!-- execute -->
        <test-method status="PASS" signature="BeforeMethod([Ljava.lang.Object;)[pri:0, instance:automation.project3ds.FillCreditCardTest1108@5f341870]" test-instance-name="5200000000002029" name="BeforeMethod" is-config="true" duration-ms="0" started-at="2019-07-02T05:44:26Z" finished-at="2019-07-02T05:44:26Z">
          <params>
            <param index="0">
              <value>
                <![CDATA[[Ljava.lang.Object;@5e1d2327]]>
              </value>
            </param>
          </params>
          <reporter-output>
          </reporter-output>
        </test-method> <!-- BeforeMethod -->
        <test-method status="PASS" signature="BeforeMethod([Ljava.lang.Object;)[pri:0, instance:automation.project3ds.FillCreditCardTest1108@5f341870]" test-instance-name="5200000000002029" name="BeforeMethod" is-config="true" duration-ms="1" started-at="2019-07-02T05:44:54Z" finished-at="2019-07-02T05:44:54Z">
          <params>
            <param index="0">
              <value>
                <![CDATA[[Ljava.lang.Object;@7440b7d3]]>
              </value>
            </param>
          </params>
          <reporter-output>
          </reporter-output>
        </test-method> <!-- BeforeMethod -->
        <test-method status="PASS" signature="execute(java.lang.String, java.util.Map)[pri:0, instance:automation.project3ds.FillCreditCardTest1108@5f341870]" test-instance-name="5200000000002029" name="execute" duration-ms="29543" started-at="2019-07-02T05:44:54Z" data-provider="data" finished-at="2019-07-02T05:45:24Z">
          <params>
            <param index="0">
              <value>
                <![CDATA[4000000000001133]]>
              </value>
            </param>
            <param index="1">
              <value>
                <![CDATA[{Cavv=blank, cardholderVerificationMethod=CVV2, expected_results_authentication=value, EciFlag2=value, Cavv2=blank, ErrorDesc2=Success, Enrolled=Y, EciFlag=value, WhiteListStatus=null, ErrorDesc=blank, PAResStatus2=B, WhiteListStatusSource=null, ErrorNo=0, ErrorNo2=0, SignitureVerification2=Y, Payload=value, PAN=4000000000001133, SignitureVerification=Y, ACSUrl=value, PAResStatus=C, testName=Test Visa 14: Step Up Authentication with Merchant Bypass}]]>
              </value>
            </param>
          </params>
          <reporter-output>
          </reporter-output>
        </test-method> <!-- execute -->
        <test-method status="PASS" signature="BeforeMethod([Ljava.lang.Object;)[pri:0, instance:automation.project3ds.FillCreditCardTest1108@5f341870]" test-instance-name="5200000000002029" name="BeforeMethod" is-config="true" duration-ms="1" started-at="2019-07-02T05:45:24Z" finished-at="2019-07-02T05:45:24Z">
          <params>
            <param index="0">
              <value>
                <![CDATA[[Ljava.lang.Object;@7fbf5c22]]>
              </value>
            </param>
          </params>
          <reporter-output>
          </reporter-output>
        </test-method> <!-- BeforeMethod -->
        <test-method status="PASS" signature="execute(java.lang.String, java.util.Map)[pri:0, instance:automation.project3ds.FillCreditCardTest1108@5f341870]" test-instance-name="5200000000002029" name="execute" duration-ms="26780" started-at="2019-07-02T05:45:24Z" data-provider="data" finished-at="2019-07-02T05:45:51Z">
          <params>
            <param index="0">
              <value>
                <![CDATA[4000000000001141]]>
              </value>
            </param>
            <param index="1">
              <value>
                <![CDATA[{Cavv=value, cardholderVerificationMethod=value, expected_results_authentication=NA, Enrolled=Y, EciFlag=value, WhiteListStatus=null, ErrorDesc=blank, WhiteListStatusSource=null, ErrorNo=0, Payload=blank, PAN=4000000000001141, SignitureVerification=Y, ACSUrl=blank, PAResStatus=Y, testName=Test Visa 15: Require MethodURL}]]>
              </value>
            </param>
          </params>
          <reporter-output>
          </reporter-output>
        </test-method> <!-- execute -->
        <test-method status="PASS" signature="BeforeMethod([Ljava.lang.Object;)[pri:0, instance:automation.project3ds.FillCreditCardTest1108@5f341870]" test-instance-name="5200000000002029" name="BeforeMethod" is-config="true" duration-ms="3" started-at="2019-07-02T05:45:51Z" finished-at="2019-07-02T05:45:51Z">
          <params>
            <param index="0">
              <value>
                <![CDATA[[Ljava.lang.Object;@3926be0d]]>
              </value>
            </param>
          </params>
          <reporter-output>
          </reporter-output>
        </test-method> <!-- BeforeMethod -->
        <test-method status="PASS" signature="execute(java.lang.String, java.util.Map)[pri:0, instance:automation.project3ds.FillCreditCardTest1108@5f341870]" test-instance-name="5200000000002029" name="execute" duration-ms="27817" started-at="2019-07-02T05:45:51Z" data-provider="data" finished-at="2019-07-02T05:46:18Z">
          <params>
            <param index="0">
              <value>
                <![CDATA[4000000000002008]]>
              </value>
            </param>
            <param index="1">
              <value>
                <![CDATA[{Cavv=blank, cardholderVerificationMethod=value, expected_results_authentication=value, EciFlag2=value, Cavv2=value, ErrorDesc2=Success, Enrolled=Y, EciFlag=value, WhiteListStatus=null, ErrorDesc=blank, PAResStatus2=Y, WhiteListStatusSource=null, ErrorNo=0, ErrorNo2=0, SignitureVerification2=Y, Payload=value, PAN=4000000000002008, SignitureVerification=Y, ACSUrl=value, PAResStatus=C, testName=Test Visa 16: Prompt for Whitelist}]]>
              </value>
            </param>
          </params>
          <reporter-output>
          </reporter-output>
        </test-method> <!-- execute -->
        <test-method status="PASS" signature="BeforeMethod([Ljava.lang.Object;)[pri:0, instance:automation.project3ds.FillCreditCardTest1108@5f341870]" test-instance-name="5200000000002029" name="BeforeMethod" is-config="true" duration-ms="5" started-at="2019-07-02T05:46:18Z" finished-at="2019-07-02T05:46:18Z">
          <params>
            <param index="0">
              <value>
                <![CDATA[[Ljava.lang.Object;@e15b615]]>
              </value>
            </param>
          </params>
          <reporter-output>
          </reporter-output>
        </test-method> <!-- BeforeMethod -->
        <test-method status="PASS" signature="execute(java.lang.String, java.util.Map)[pri:0, instance:automation.project3ds.FillCreditCardTest1108@5f341870]" test-instance-name="5200000000002029" name="execute" duration-ms="26756" started-at="2019-07-02T05:46:18Z" data-provider="data" finished-at="2019-07-02T05:46:45Z">
          <params>
            <param index="0">
              <value>
                <![CDATA[4000000000002016]]>
              </value>
            </param>
            <param index="1">
              <value>
                <![CDATA[{Cavv=value, cardholderVerificationMethod=value, expected_results_authentication=NA, Enrolled=Y, EciFlag=value, WhiteListStatus=Y, ErrorDesc=blank, WhiteListStatusSource=value, ErrorNo=0, Payload=blank, PAN=4000000000002016, SignitureVerification=Y, ACSUrl=blank, PAResStatus=Y, testName=Test Visa 17: Pre-Whitelisted}]]>
              </value>
            </param>
          </params>
          <reporter-output>
          </reporter-output>
        </test-method> <!-- execute -->
        <test-method status="PASS" signature="BeforeMethod([Ljava.lang.Object;)[pri:0, instance:automation.project3ds.FillCreditCardTest1108@5f341870]" test-instance-name="5200000000002029" name="BeforeMethod" is-config="true" duration-ms="0" started-at="2019-07-02T05:46:45Z" finished-at="2019-07-02T05:46:45Z">
          <params>
            <param index="0">
              <value>
                <![CDATA[[Ljava.lang.Object;@7f9a762b]]>
              </value>
            </param>
          </params>
          <reporter-output>
          </reporter-output>
        </test-method> <!-- BeforeMethod -->
        <test-method status="FAIL" signature="execute(java.lang.String, java.util.Map)[pri:0, instance:automation.project3ds.FillCreditCardTest1108@5f341870]" test-instance-name="5200000000002029" name="execute" duration-ms="25581" started-at="2019-07-02T05:46:45Z" data-provider="data" finished-at="2019-07-02T05:47:11Z">
          <params>
            <param index="0">
              <value>
                <![CDATA[4000000000002024]]>
              </value>
            </param>
            <param index="1">
              <value>
                <![CDATA[{Cavv=value, cardholderVerificationMethod=value, expected_results_authentication=NA, Enrolled=Y, EciFlag=value, WhiteListStatus=null, ErrorDesc=blank, WhiteListStatusSource=null, ErrorNo=0, Payload=blank, PAN=4000000000002024, SignitureVerification=Y, ACSUrl=blank, PAResStatus=I, testName=Test Visa 18: Support TransStatus I}]]>
              </value>
            </param>
          </params>
          <exception class="java.lang.AssertionError">
            <message>
              <![CDATA[The following asserts failed:
[PAResStatus] expected [I] but found [U]]]>
            </message>
            <full-stacktrace>
              <![CDATA[java.lang.AssertionError: The following asserts failed:
[PAResStatus] expected [I] but found [U]
at automation.project3ds.MySoftAssertAll.assertAll(MySoftAssertAll.java:80)
at automation.project3ds.FillCreditCardTest1108.execute(FillCreditCardTest1108.java:294)
at sun.reflect.GeneratedMethodAccessor23.invoke(Unknown Source)
at sun.reflect.DelegatingMethodAccessorImpl.invoke(DelegatingMethodAccessorImpl.java:43)
at java.lang.reflect.Method.invoke(Method.java:498)
at org.testng.internal.MethodInvocationHelper.invokeMethod(MethodInvocationHelper.java:124)
at org.testng.internal.Invoker.invokeMethod(Invoker.java:583)
at org.testng.internal.Invoker.invokeTestMethod(Invoker.java:719)
at org.testng.internal.Invoker.invokeTestMethods(Invoker.java:989)
at org.testng.internal.TestMethodWorker.invokeTestMethods(TestMethodWorker.java:125)
at org.testng.internal.TestMethodWorker.run(TestMethodWorker.java:109)
at org.testng.TestRunner.privateRun(TestRunner.java:648)
at org.testng.TestRunner.run(TestRunner.java:505)
at org.testng.SuiteRunner.runTest(SuiteRunner.java:455)
at org.testng.SuiteRunner.runSequentially(SuiteRunner.java:450)
at org.testng.SuiteRunner.privateRun(SuiteRunner.java:415)
at org.testng.SuiteRunner.run(SuiteRunner.java:364)
at org.testng.SuiteRunnerWorker.runSuite(SuiteRunnerWorker.java:52)
at org.testng.SuiteRunnerWorker.run(SuiteRunnerWorker.java:84)
at org.testng.TestNG.runSuitesSequentially(TestNG.java:1208)
at org.testng.TestNG.runSuitesLocally(TestNG.java:1137)
at org.testng.TestNG.runSuites(TestNG.java:1049)
at org.testng.TestNG.run(TestNG.java:1017)
at org.testng.remote.AbstractRemoteTestNG.run(AbstractRemoteTestNG.java:115)
at org.testng.remote.RemoteTestNG.initAndRun(RemoteTestNG.java:251)
at org.testng.remote.RemoteTestNG.main(RemoteTestNG.java:77)
]]>
            </full-stacktrace>
          </exception> <!-- java.lang.AssertionError -->
          <reporter-output>
          </reporter-output>
        </test-method> <!-- execute -->
        <test-method status="PASS" signature="BeforeMethod([Ljava.lang.Object;)[pri:0, instance:automation.project3ds.FillCreditCardTest1108@5f341870]" test-instance-name="5200000000002029" name="BeforeMethod" is-config="true" duration-ms="1" started-at="2019-07-02T05:47:11Z" finished-at="2019-07-02T05:47:11Z">
          <params>
            <param index="0">
              <value>
                <![CDATA[[Ljava.lang.Object;@7a417bb6]]>
              </value>
            </param>
          </params>
          <reporter-output>
          </reporter-output>
        </test-method> <!-- BeforeMethod -->
        <test-method status="PASS" signature="execute(java.lang.String, java.util.Map)[pri:0, instance:automation.project3ds.FillCreditCardTest1108@5f341870]" test-instance-name="5200000000002029" name="execute" duration-ms="40034" started-at="2019-07-02T05:47:11Z" data-provider="data" finished-at="2019-07-02T05:47:51Z">
          <params>
            <param index="0">
              <value>
                <![CDATA[5200000000001005]]>
              </value>
            </param>
            <param index="1">
              <value>
                <![CDATA[{Cavv=value, cardholderVerificationMethod=THREEDS, expected_results_authentication=NA, Enrolled=Y, EciFlag=02, WhiteListStatus=null, ErrorDesc=blank, WhiteListStatusSource=null, ErrorNo=0, Payload=blank, PAN=5200000000001005, SignitureVerification=Y, ACSUrl=blank, PAResStatus=Y, testName=Test Mastercard 1: Successful Frictionless Authentication}]]>
              </value>
            </param>
          </params>
          <reporter-output>
          </reporter-output>
        </test-method> <!-- execute -->
        <test-method status="PASS" signature="BeforeMethod([Ljava.lang.Object;)[pri:0, instance:automation.project3ds.FillCreditCardTest1108@5f341870]" test-instance-name="5200000000002029" name="BeforeMethod" is-config="true" duration-ms="1" started-at="2019-07-02T05:47:51Z" finished-at="2019-07-02T05:47:51Z">
          <params>
            <param index="0">
              <value>
                <![CDATA[[Ljava.lang.Object;@761b7425]]>
              </value>
            </param>
          </params>
          <reporter-output>
          </reporter-output>
        </test-method> <!-- BeforeMethod -->
        <test-method status="PASS" signature="execute(java.lang.String, java.util.Map)[pri:0, instance:automation.project3ds.FillCreditCardTest1108@5f341870]" test-instance-name="5200000000002029" name="execute" duration-ms="24474" started-at="2019-07-02T05:47:51Z" data-provider="data" finished-at="2019-07-02T05:48:15Z">
          <params>
            <param index="0">
              <value>
                <![CDATA[5200000000001013]]>
              </value>
            </param>
            <param index="1">
              <value>
                <![CDATA[{Cavv=blank, cardholderVerificationMethod=NO_REQUEST, expected_results_authentication=NA, Enrolled=Y, EciFlag=00, WhiteListStatus=null, ErrorDesc=blank, WhiteListStatusSource=null, ErrorNo=0, Payload=blank, PAN=5200000000001013, SignitureVerification=Y, ACSUrl=blank, PAResStatus=N, testName=Test Mastercard 2: Failed Frictionless Authentication}]]>
              </value>
            </param>
          </params>
          <reporter-output>
          </reporter-output>
        </test-method> <!-- execute -->
        <test-method status="PASS" signature="execute(java.lang.String, java.util.Map)[pri:0, instance:automation.project3ds.FillCreditCardTest1108@5f341870]" test-instance-name="5200000000002029" name="execute" duration-ms="36963" started-at="2019-07-02T05:48:15Z" data-provider="data" finished-at="2019-07-02T05:48:52Z">
          <params>
            <param index="0">
              <value>
                <![CDATA[5200000000001021]]>
              </value>
            </param>
            <param index="1">
              <value>
                <![CDATA[{Cavv=value, cardholderVerificationMethod=THREEDS_ATTEMPT, expected_results_authentication=NA, Enrolled=Y, EciFlag=01, WhiteListStatus=null, ErrorDesc=blank, WhiteListStatusSource=null, ErrorNo=0, Payload=blank, PAN=5200000000001021, SignitureVerification=Y, ACSUrl=blank, PAResStatus=A, testName=Test Mastercard 3: Attempts Frictionless Authentication}]]>
              </value>
            </param>
          </params>
          <reporter-output>
          </reporter-output>
        </test-method> <!-- execute -->
        <test-method status="PASS" signature="BeforeMethod([Ljava.lang.Object;)[pri:0, instance:automation.project3ds.FillCreditCardTest1108@5f341870]" test-instance-name="5200000000002029" name="BeforeMethod" is-config="true" duration-ms="0" started-at="2019-07-02T05:48:15Z" finished-at="2019-07-02T05:48:15Z">
          <params>
            <param index="0">
              <value>
                <![CDATA[[Ljava.lang.Object;@559dd1ed]]>
              </value>
            </param>
          </params>
          <reporter-output>
          </reporter-output>
        </test-method> <!-- BeforeMethod -->
        <test-method status="PASS" signature="execute(java.lang.String, java.util.Map)[pri:0, instance:automation.project3ds.FillCreditCardTest1108@5f341870]" test-instance-name="5200000000002029" name="execute" duration-ms="37368" started-at="2019-07-02T05:48:52Z" data-provider="data" finished-at="2019-07-02T05:49:30Z">
          <params>
            <param index="0">
              <value>
                <![CDATA[5200000000001039]]>
              </value>
            </param>
            <param index="1">
              <value>
                <![CDATA[{Cavv=blank, cardholderVerificationMethod=CVV2, expected_results_authentication=NA, Enrolled=Y, EciFlag=00, WhiteListStatus=null, ErrorDesc=blank, WhiteListStatusSource=null, ErrorNo=0, Payload=blank, PAN=5200000000001039, SignitureVerification=Y, ACSUrl=blank, PAResStatus=U, testName=Test Mastercard 4: Unavailable Frictionless Authentication from the Issuer}]]>
              </value>
            </param>
          </params>
          <reporter-output>
          </reporter-output>
        </test-method> <!-- execute -->
        <test-method status="PASS" signature="BeforeMethod([Ljava.lang.Object;)[pri:0, instance:automation.project3ds.FillCreditCardTest1108@5f341870]" test-instance-name="5200000000002029" name="BeforeMethod" is-config="true" duration-ms="0" started-at="2019-07-02T05:48:52Z" finished-at="2019-07-02T05:48:52Z">
          <params>
            <param index="0">
              <value>
                <![CDATA[[Ljava.lang.Object;@799ace5b]]>
              </value>
            </param>
          </params>
          <reporter-output>
          </reporter-output>
        </test-method> <!-- BeforeMethod -->
        <test-method status="PASS" signature="BeforeMethod([Ljava.lang.Object;)[pri:0, instance:automation.project3ds.FillCreditCardTest1108@5f341870]" test-instance-name="5200000000002029" name="BeforeMethod" is-config="true" duration-ms="1" started-at="2019-07-02T05:49:30Z" finished-at="2019-07-02T05:49:30Z">
          <params>
            <param index="0">
              <value>
                <![CDATA[[Ljava.lang.Object;@8778615]]>
              </value>
            </param>
          </params>
          <reporter-output>
          </reporter-output>
        </test-method> <!-- BeforeMethod -->
        <test-method status="PASS" signature="execute(java.lang.String, java.util.Map)[pri:0, instance:automation.project3ds.FillCreditCardTest1108@5f341870]" test-instance-name="5200000000002029" name="execute" duration-ms="25474" started-at="2019-07-02T05:49:30Z" data-provider="data" finished-at="2019-07-02T05:49:55Z">
          <params>
            <param index="0">
              <value>
                <![CDATA[5200000000001047]]>
              </value>
            </param>
            <param index="1">
              <value>
                <![CDATA[{Cavv=blank, cardholderVerificationMethod=NO_REQUEST, expected_results_authentication=NA, Enrolled=Y, EciFlag=00, WhiteListStatus=null, ErrorDesc=blank, WhiteListStatusSource=null, ErrorNo=0, Payload=blank, PAN=5200000000001047, SignitureVerification=Y, ACSUrl=blank, PAResStatus=R, testName=Test Mastercard 5: Rejected Frictionless Authentication by the Issuer}]]>
              </value>
            </param>
          </params>
          <reporter-output>
          </reporter-output>
        </test-method> <!-- execute -->
        <test-method status="FAIL" signature="execute(java.lang.String, java.util.Map)[pri:0, instance:automation.project3ds.FillCreditCardTest1108@5f341870]" test-instance-name="5200000000002029" name="execute" duration-ms="38235" started-at="2019-07-02T05:49:55Z" data-provider="data" finished-at="2019-07-02T05:50:33Z">
          <params>
            <param index="0">
              <value>
                <![CDATA[5200000000001054]]>
              </value>
            </param>
            <param index="1">
              <value>
                <![CDATA[{Cavv=blank, cardholderVerificationMethod=CVV2, expected_results_authentication=NA, Enrolled=U, EciFlag=01, WhiteListStatus=null, ErrorDesc=blank, WhiteListStatusSource=null, ErrorNo=0, Payload=blank, PAN=5200000000001054, SignitureVerification=blank, ACSUrl=blank, PAResStatus=blank, testName=Test Mastercard 6: Authentication Not Available on Lookup}]]>
              </value>
            </param>
          </params>
          <exception class="java.lang.AssertionError">
            <message>
              <![CDATA[The following asserts failed:
[EciFlag] expected [01] but found [00]]]>
            </message>
            <full-stacktrace>
              <![CDATA[java.lang.AssertionError: The following asserts failed:
[EciFlag] expected [01] but found [00]
at automation.project3ds.MySoftAssertAll.assertAll(MySoftAssertAll.java:80)
at automation.project3ds.FillCreditCardTest1108.execute(FillCreditCardTest1108.java:294)
at sun.reflect.GeneratedMethodAccessor23.invoke(Unknown Source)
at sun.reflect.DelegatingMethodAccessorImpl.invoke(DelegatingMethodAccessorImpl.java:43)
at java.lang.reflect.Method.invoke(Method.java:498)
at org.testng.internal.MethodInvocationHelper.invokeMethod(MethodInvocationHelper.java:124)
at org.testng.internal.Invoker.invokeMethod(Invoker.java:583)
at org.testng.internal.Invoker.invokeTestMethod(Invoker.java:719)
at org.testng.internal.Invoker.invokeTestMethods(Invoker.java:989)
at org.testng.internal.TestMethodWorker.invokeTestMethods(TestMethodWorker.java:125)
at org.testng.internal.TestMethodWorker.run(TestMethodWorker.java:109)
at org.testng.TestRunner.privateRun(TestRunner.java:648)
at org.testng.TestRunner.run(TestRunner.java:505)
at org.testng.SuiteRunner.runTest(SuiteRunner.java:455)
at org.testng.SuiteRunner.runSequentially(SuiteRunner.java:450)
at org.testng.SuiteRunner.privateRun(SuiteRunner.java:415)
at org.testng.SuiteRunner.run(SuiteRunner.java:364)
at org.testng.SuiteRunnerWorker.runSuite(SuiteRunnerWorker.java:52)
at org.testng.SuiteRunnerWorker.run(SuiteRunnerWorker.java:84)
at org.testng.TestNG.runSuitesSequentially(TestNG.java:1208)
at org.testng.TestNG.runSuitesLocally(TestNG.java:1137)
at org.testng.TestNG.runSuites(TestNG.java:1049)
at org.testng.TestNG.run(TestNG.java:1017)
at org.testng.remote.AbstractRemoteTestNG.run(AbstractRemoteTestNG.java:115)
at org.testng.remote.RemoteTestNG.initAndRun(RemoteTestNG.java:251)
at org.testng.remote.RemoteTestNG.main(RemoteTestNG.java:77)
]]>
            </full-stacktrace>
          </exception> <!-- java.lang.AssertionError -->
          <reporter-output>
          </reporter-output>
        </test-method> <!-- execute -->
        <test-method status="PASS" signature="BeforeMethod([Ljava.lang.Object;)[pri:0, instance:automation.project3ds.FillCreditCardTest1108@5f341870]" test-instance-name="5200000000002029" name="BeforeMethod" is-config="true" duration-ms="0" started-at="2019-07-02T05:49:55Z" finished-at="2019-07-02T05:49:55Z">
          <params>
            <param index="0">
              <value>
                <![CDATA[[Ljava.lang.Object;@25e07162]]>
              </value>
            </param>
          </params>
          <reporter-output>
          </reporter-output>
        </test-method> <!-- BeforeMethod -->
        <test-method status="PASS" signature="BeforeMethod([Ljava.lang.Object;)[pri:0, instance:automation.project3ds.FillCreditCardTest1108@5f341870]" test-instance-name="5200000000002029" name="BeforeMethod" is-config="true" duration-ms="1" started-at="2019-07-02T05:50:33Z" finished-at="2019-07-02T05:50:33Z">
          <params>
            <param index="0">
              <value>
                <![CDATA[[Ljava.lang.Object;@1ec9ce8a]]>
              </value>
            </param>
          </params>
          <reporter-output>
          </reporter-output>
        </test-method> <!-- BeforeMethod -->
        <test-method status="FAIL" signature="execute(java.lang.String, java.util.Map)[pri:0, instance:automation.project3ds.FillCreditCardTest1108@5f341870]" test-instance-name="5200000000002029" name="execute" duration-ms="39986" started-at="2019-07-02T05:50:33Z" data-provider="data" finished-at="2019-07-02T05:51:13Z">
          <params>
            <param index="0">
              <value>
                <![CDATA[5200000000001062]]>
              </value>
            </param>
            <param index="1">
              <value>
                <![CDATA[{Cavv=blank, cardholderVerificationMethod=CVV2, expected_results_authentication=NA, Enrolled=blank, EciFlag=00, WhiteListStatus=null, ErrorDesc=value, WhiteListStatusSource=null, ErrorNo=value, Payload=blank, PAN=5200000000001062, SignitureVerification=blank, ACSUrl=blank, PAResStatus=blank, testName=Test Mastercard 7: Error on Lookup}]]>
              </value>
            </param>
          </params>
          <exception class="java.lang.AssertionError">
            <message>
              <![CDATA[The following asserts failed:
[Enrolled] expected [] but found [U]]]>
            </message>
            <full-stacktrace>
              <![CDATA[java.lang.AssertionError: The following asserts failed:
[Enrolled] expected [] but found [U]
at automation.project3ds.MySoftAssertAll.assertAll(MySoftAssertAll.java:80)
at automation.project3ds.FillCreditCardTest1108.execute(FillCreditCardTest1108.java:294)
at sun.reflect.GeneratedMethodAccessor23.invoke(Unknown Source)
at sun.reflect.DelegatingMethodAccessorImpl.invoke(DelegatingMethodAccessorImpl.java:43)
at java.lang.reflect.Method.invoke(Method.java:498)
at org.testng.internal.MethodInvocationHelper.invokeMethod(MethodInvocationHelper.java:124)
at org.testng.internal.Invoker.invokeMethod(Invoker.java:583)
at org.testng.internal.Invoker.invokeTestMethod(Invoker.java:719)
at org.testng.internal.Invoker.invokeTestMethods(Invoker.java:989)
at org.testng.internal.TestMethodWorker.invokeTestMethods(TestMethodWorker.java:125)
at org.testng.internal.TestMethodWorker.run(TestMethodWorker.java:109)
at org.testng.TestRunner.privateRun(TestRunner.java:648)
at org.testng.TestRunner.run(TestRunner.java:505)
at org.testng.SuiteRunner.runTest(SuiteRunner.java:455)
at org.testng.SuiteRunner.runSequentially(SuiteRunner.java:450)
at org.testng.SuiteRunner.privateRun(SuiteRunner.java:415)
at org.testng.SuiteRunner.run(SuiteRunner.java:364)
at org.testng.SuiteRunnerWorker.runSuite(SuiteRunnerWorker.java:52)
at org.testng.SuiteRunnerWorker.run(SuiteRunnerWorker.java:84)
at org.testng.TestNG.runSuitesSequentially(TestNG.java:1208)
at org.testng.TestNG.runSuitesLocally(TestNG.java:1137)
at org.testng.TestNG.runSuites(TestNG.java:1049)
at org.testng.TestNG.run(TestNG.java:1017)
at org.testng.remote.AbstractRemoteTestNG.run(AbstractRemoteTestNG.java:115)
at org.testng.remote.RemoteTestNG.initAndRun(RemoteTestNG.java:251)
at org.testng.remote.RemoteTestNG.main(RemoteTestNG.java:77)
]]>
            </full-stacktrace>
          </exception> <!-- java.lang.AssertionError -->
          <reporter-output>
          </reporter-output>
        </test-method> <!-- execute -->
        <test-method status="PASS" signature="BeforeMethod([Ljava.lang.Object;)[pri:0, instance:automation.project3ds.FillCreditCardTest1108@5f341870]" test-instance-name="5200000000002029" name="BeforeMethod" is-config="true" duration-ms="1" started-at="2019-07-02T05:51:13Z" finished-at="2019-07-02T05:51:13Z">
          <params>
            <param index="0">
              <value>
                <![CDATA[[Ljava.lang.Object;@310e231e]]>
              </value>
            </param>
          </params>
          <reporter-output>
          </reporter-output>
        </test-method> <!-- BeforeMethod -->
        <test-method status="FAIL" signature="execute(java.lang.String, java.util.Map)[pri:0, instance:automation.project3ds.FillCreditCardTest1108@5f341870]" test-instance-name="5200000000002029" name="execute" duration-ms="48351" started-at="2019-07-02T05:51:13Z" data-provider="data" finished-at="2019-07-02T05:52:02Z">
          <params>
            <param index="0">
              <value>
                <![CDATA[5200000000001070]]>
              </value>
            </param>
            <param index="1">
              <value>
                <![CDATA[{Cavv=blank, cardholderVerificationMethod=CVV2, expected_results_authentication=NA, Enrolled=blank, EciFlag=blank, WhiteListStatus=null, ErrorDesc=value, WhiteListStatusSource=null, ErrorNo=value, Payload=blank, PAN=5200000000001070, SignitureVerification=blank, ACSUrl=blank, PAResStatus=blank, testName=Test Mastercard 8: Timeout on cmpi_lookup Transaction}]]>
              </value>
            </param>
          </params>
          <exception class="java.lang.AssertionError">
            <message>
              <![CDATA[The following asserts failed:
[Enrolled] expected [] but found [U],
[EciFlag] expected [] but found [00]]]>
            </message>
            <full-stacktrace>
              <![CDATA[java.lang.AssertionError: The following asserts failed:
[Enrolled] expected [] but found [U],
[EciFlag] expected [] but found [00]
at automation.project3ds.MySoftAssertAll.assertAll(MySoftAssertAll.java:80)
at automation.project3ds.FillCreditCardTest1108.execute(FillCreditCardTest1108.java:294)
at sun.reflect.GeneratedMethodAccessor23.invoke(Unknown Source)
at sun.reflect.DelegatingMethodAccessorImpl.invoke(DelegatingMethodAccessorImpl.java:43)
at java.lang.reflect.Method.invoke(Method.java:498)
at org.testng.internal.MethodInvocationHelper.invokeMethod(MethodInvocationHelper.java:124)
at org.testng.internal.Invoker.invokeMethod(Invoker.java:583)
at org.testng.internal.Invoker.invokeTestMethod(Invoker.java:719)
at org.testng.internal.Invoker.invokeTestMethods(Invoker.java:989)
at org.testng.internal.TestMethodWorker.invokeTestMethods(TestMethodWorker.java:125)
at org.testng.internal.TestMethodWorker.run(TestMethodWorker.java:109)
at org.testng.TestRunner.privateRun(TestRunner.java:648)
at org.testng.TestRunner.run(TestRunner.java:505)
at org.testng.SuiteRunner.runTest(SuiteRunner.java:455)
at org.testng.SuiteRunner.runSequentially(SuiteRunner.java:450)
at org.testng.SuiteRunner.privateRun(SuiteRunner.java:415)
at org.testng.SuiteRunner.run(SuiteRunner.java:364)
at org.testng.SuiteRunnerWorker.runSuite(SuiteRunnerWorker.java:52)
at org.testng.SuiteRunnerWorker.run(SuiteRunnerWorker.java:84)
at org.testng.TestNG.runSuitesSequentially(TestNG.java:1208)
at org.testng.TestNG.runSuitesLocally(TestNG.java:1137)
at org.testng.TestNG.runSuites(TestNG.java:1049)
at org.testng.TestNG.run(TestNG.java:1017)
at org.testng.remote.AbstractRemoteTestNG.run(AbstractRemoteTestNG.java:115)
at org.testng.remote.RemoteTestNG.initAndRun(RemoteTestNG.java:251)
at org.testng.remote.RemoteTestNG.main(RemoteTestNG.java:77)
]]>
            </full-stacktrace>
          </exception> <!-- java.lang.AssertionError -->
          <reporter-output>
          </reporter-output>
        </test-method> <!-- execute -->
        <test-method status="PASS" signature="execute(java.lang.String, java.util.Map)[pri:0, instance:automation.project3ds.FillCreditCardTest1108@5f341870]" test-instance-name="5200000000002029" name="execute" duration-ms="35891" started-at="2019-07-02T05:52:02Z" data-provider="data" finished-at="2019-07-02T05:52:38Z">
          <params>
            <param index="0">
              <value>
                <![CDATA[5200000000001088]]>
              </value>
            </param>
            <param index="1">
              <value>
                <![CDATA[{Cavv=blank, cardholderVerificationMethod=CVV2, expected_results_authentication=NA, Enrolled=B, EciFlag=00, WhiteListStatus=null, ErrorDesc=blank, WhiteListStatusSource=null, ErrorNo=0, Payload=blank, PAN=5200000000001088, SignitureVerification=blank, ACSUrl=blank, PAResStatus=blank, testName=Test Mastercard 9: Bypassed Authentication}]]>
              </value>
            </param>
          </params>
          <reporter-output>
          </reporter-output>
        </test-method> <!-- execute -->
        <test-method status="PASS" signature="BeforeMethod([Ljava.lang.Object;)[pri:0, instance:automation.project3ds.FillCreditCardTest1108@5f341870]" test-instance-name="5200000000002029" name="BeforeMethod" is-config="true" duration-ms="0" started-at="2019-07-02T05:52:02Z" finished-at="2019-07-02T05:52:02Z">
          <params>
            <param index="0">
              <value>
                <![CDATA[[Ljava.lang.Object;@57d5c04]]>
              </value>
            </param>
          </params>
          <reporter-output>
          </reporter-output>
        </test-method> <!-- BeforeMethod -->
        <test-method status="PASS" signature="BeforeMethod([Ljava.lang.Object;)[pri:0, instance:automation.project3ds.FillCreditCardTest1108@5f341870]" test-instance-name="5200000000002029" name="BeforeMethod" is-config="true" duration-ms="0" started-at="2019-07-02T05:52:38Z" finished-at="2019-07-02T05:52:38Z">
          <params>
            <param index="0">
              <value>
                <![CDATA[[Ljava.lang.Object;@23b046a8]]>
              </value>
            </param>
          </params>
          <reporter-output>
          </reporter-output>
        </test-method> <!-- BeforeMethod -->
        <test-method status="PASS" signature="execute(java.lang.String, java.util.Map)[pri:0, instance:automation.project3ds.FillCreditCardTest1108@5f341870]" test-instance-name="5200000000002029" name="execute" duration-ms="28034" started-at="2019-07-02T05:52:38Z" data-provider="data" finished-at="2019-07-02T05:53:06Z">
          <params>
            <param index="0">
              <value>
                <![CDATA[5200000000001096]]>
              </value>
            </param>
            <param index="1">
              <value>
                <![CDATA[{Cavv=blank, cardholderVerificationMethod=THREEDS, expected_results_authentication=value, EciFlag2=02, Cavv2=value, ErrorDesc2=Success, Enrolled=Y, EciFlag=value, WhiteListStatus=null, ErrorDesc=blank, PAResStatus2=Y, WhiteListStatusSource=null, ErrorNo=0, ErrorNo2=0, SignitureVerification2=Y, Payload=value, PAN=5200000000001096, SignitureVerification=Y, ACSUrl=value, PAResStatus=C, testName=Test Mastercard 10: Successful Step Up Authentication}]]>
              </value>
            </param>
          </params>
          <reporter-output>
          </reporter-output>
        </test-method> <!-- execute -->
        <test-method status="PASS" signature="BeforeMethod([Ljava.lang.Object;)[pri:0, instance:automation.project3ds.FillCreditCardTest1108@5f341870]" test-instance-name="5200000000002029" name="BeforeMethod" is-config="true" duration-ms="1" started-at="2019-07-02T05:53:06Z" finished-at="2019-07-02T05:53:06Z">
          <params>
            <param index="0">
              <value>
                <![CDATA[[Ljava.lang.Object;@73dd61ca]]>
              </value>
            </param>
          </params>
          <reporter-output>
          </reporter-output>
        </test-method> <!-- BeforeMethod -->
        <test-method status="PASS" signature="execute(java.lang.String, java.util.Map)[pri:0, instance:automation.project3ds.FillCreditCardTest1108@5f341870]" test-instance-name="5200000000002029" name="execute" duration-ms="32583" started-at="2019-07-02T05:53:06Z" data-provider="data" finished-at="2019-07-02T05:53:38Z">
          <params>
            <param index="0">
              <value>
                <![CDATA[5200000000001104]]>
              </value>
            </param>
            <param index="1">
              <value>
                <![CDATA[{Cavv=blank, cardholderVerificationMethod=NO_REQUEST, expected_results_authentication=value, EciFlag2=00, Cavv2=blank, ErrorDesc2=Success, Enrolled=Y, EciFlag=00, WhiteListStatus=null, ErrorDesc=blank, PAResStatus2=N, WhiteListStatusSource=null, ErrorNo=0, ErrorNo2=0, SignitureVerification2=Y, Payload=value, PAN=5200000000001104, SignitureVerification=Y, ACSUrl=value, PAResStatus=C, testName=Test Mastercard 11: Failed Step Up Authentication}]]>
              </value>
            </param>
          </params>
          <reporter-output>
          </reporter-output>
        </test-method> <!-- execute -->
        <test-method status="PASS" signature="execute(java.lang.String, java.util.Map)[pri:0, instance:automation.project3ds.FillCreditCardTest1108@5f341870]" test-instance-name="5200000000002029" name="execute" duration-ms="27548" started-at="2019-07-02T05:53:38Z" data-provider="data" finished-at="2019-07-02T05:54:06Z">
          <params>
            <param index="0">
              <value>
                <![CDATA[5200000000001112]]>
              </value>
            </param>
            <param index="1">
              <value>
                <![CDATA[{Cavv=blank, cardholderVerificationMethod=YES_REQUEST, expected_results_authentication=value, EciFlag2=00, Cavv2=blank, ErrorDesc2=Success, Enrolled=Y, EciFlag=00, WhiteListStatus=null, ErrorDesc=blank, PAResStatus2=U, WhiteListStatusSource=null, ErrorNo=0, ErrorNo2=0, SignitureVerification2=Y, Payload=value, PAN=5200000000001112, SignitureVerification=Y, ACSUrl=value, PAResStatus=C, testName=Test Mastercard 12: Step Up Authentication is Unavailable}]]>
              </value>
            </param>
          </params>
          <reporter-output>
          </reporter-output>
        </test-method> <!-- execute -->
        <test-method status="PASS" signature="BeforeMethod([Ljava.lang.Object;)[pri:0, instance:automation.project3ds.FillCreditCardTest1108@5f341870]" test-instance-name="5200000000002029" name="BeforeMethod" is-config="true" duration-ms="0" started-at="2019-07-02T05:53:38Z" finished-at="2019-07-02T05:53:38Z">
          <params>
            <param index="0">
              <value>
                <![CDATA[[Ljava.lang.Object;@330bba7c]]>
              </value>
            </param>
          </params>
          <reporter-output>
          </reporter-output>
        </test-method> <!-- BeforeMethod -->
        <test-method status="PASS" signature="BeforeMethod([Ljava.lang.Object;)[pri:0, instance:automation.project3ds.FillCreditCardTest1108@5f341870]" test-instance-name="5200000000002029" name="BeforeMethod" is-config="true" duration-ms="1" started-at="2019-07-02T05:54:06Z" finished-at="2019-07-02T05:54:06Z">
          <params>
            <param index="0">
              <value>
                <![CDATA[[Ljava.lang.Object;@5cf95d65]]>
              </value>
            </param>
          </params>
          <reporter-output>
          </reporter-output>
        </test-method> <!-- BeforeMethod -->
        <test-method status="FAIL" signature="execute(java.lang.String, java.util.Map)[pri:0, instance:automation.project3ds.FillCreditCardTest1108@5f341870]" test-instance-name="5200000000002029" name="execute" duration-ms="32602" started-at="2019-07-02T05:54:06Z" data-provider="data" finished-at="2019-07-02T05:54:38Z">
          <params>
            <param index="0">
              <value>
                <![CDATA[5200000000001120]]>
              </value>
            </param>
            <param index="1">
              <value>
                <![CDATA[{Cavv=blank, cardholderVerificationMethod=NO_REQUEST, expected_results_authentication=value, EciFlag2=00, Cavv2=blank, ErrorDesc2=value, Enrolled=Y, EciFlag=value, WhiteListStatus=null, ErrorDesc=blank, PAResStatus2=blank, WhiteListStatusSource=null, ErrorNo=0, ErrorNo2=value, SignitureVerification2=blank, Payload=value, PAN=5200000000001120, SignitureVerification=Y, ACSUrl=value, PAResStatus=C, testName=Test Mastercard 13: Error on Authentication}]]>
              </value>
            </param>
          </params>
          <exception class="java.lang.AssertionError">
            <message>
              <![CDATA[The following asserts failed:
[EciFlag2] expected [00] but found []]]>
            </message>
            <full-stacktrace>
              <![CDATA[java.lang.AssertionError: The following asserts failed:
[EciFlag2] expected [00] but found []
at automation.project3ds.MySoftAssertAll.assertAll(MySoftAssertAll.java:80)
at automation.project3ds.FillCreditCardTest1108.execute(FillCreditCardTest1108.java:294)
at sun.reflect.GeneratedMethodAccessor23.invoke(Unknown Source)
at sun.reflect.DelegatingMethodAccessorImpl.invoke(DelegatingMethodAccessorImpl.java:43)
at java.lang.reflect.Method.invoke(Method.java:498)
at org.testng.internal.MethodInvocationHelper.invokeMethod(MethodInvocationHelper.java:124)
at org.testng.internal.Invoker.invokeMethod(Invoker.java:583)
at org.testng.internal.Invoker.invokeTestMethod(Invoker.java:719)
at org.testng.internal.Invoker.invokeTestMethods(Invoker.java:989)
at org.testng.internal.TestMethodWorker.invokeTestMethods(TestMethodWorker.java:125)
at org.testng.internal.TestMethodWorker.run(TestMethodWorker.java:109)
at org.testng.TestRunner.privateRun(TestRunner.java:648)
at org.testng.TestRunner.run(TestRunner.java:505)
at org.testng.SuiteRunner.runTest(SuiteRunner.java:455)
at org.testng.SuiteRunner.runSequentially(SuiteRunner.java:450)
at org.testng.SuiteRunner.privateRun(SuiteRunner.java:415)
at org.testng.SuiteRunner.run(SuiteRunner.java:364)
at org.testng.SuiteRunnerWorker.runSuite(SuiteRunnerWorker.java:52)
at org.testng.SuiteRunnerWorker.run(SuiteRunnerWorker.java:84)
at org.testng.TestNG.runSuitesSequentially(TestNG.java:1208)
at org.testng.TestNG.runSuitesLocally(TestNG.java:1137)
at org.testng.TestNG.runSuites(TestNG.java:1049)
at org.testng.TestNG.run(TestNG.java:1017)
at org.testng.remote.AbstractRemoteTestNG.run(AbstractRemoteTestNG.java:115)
at org.testng.remote.RemoteTestNG.initAndRun(RemoteTestNG.java:251)
at org.testng.remote.RemoteTestNG.main(RemoteTestNG.java:77)
]]>
            </full-stacktrace>
          </exception> <!-- java.lang.AssertionError -->
          <reporter-output>
          </reporter-output>
        </test-method> <!-- execute -->
        <test-method status="PASS" signature="BeforeMethod([Ljava.lang.Object;)[pri:0, instance:automation.project3ds.FillCreditCardTest1108@5f341870]" test-instance-name="5200000000002029" name="BeforeMethod" is-config="true" duration-ms="1" started-at="2019-07-02T05:54:38Z" finished-at="2019-07-02T05:54:38Z">
          <params>
            <param index="0">
              <value>
                <![CDATA[[Ljava.lang.Object;@7dddd554]]>
              </value>
            </param>
          </params>
          <reporter-output>
          </reporter-output>
        </test-method> <!-- BeforeMethod -->
        <test-method status="PASS" signature="execute(java.lang.String, java.util.Map)[pri:0, instance:automation.project3ds.FillCreditCardTest1108@5f341870]" test-instance-name="5200000000002029" name="execute" duration-ms="28494" started-at="2019-07-02T05:54:38Z" data-provider="data" finished-at="2019-07-02T05:55:07Z">
          <params>
            <param index="0">
              <value>
                <![CDATA[5200000000001138]]>
              </value>
            </param>
            <param index="1">
              <value>
                <![CDATA[{Cavv=blank, cardholderVerificationMethod=CVV2, expected_results_authentication=value, EciFlag2=value, Cavv2=blank, ErrorDesc2=Success, Enrolled=Y, EciFlag=value, WhiteListStatus=null, ErrorDesc=blank, PAResStatus2=B, WhiteListStatusSource=null, ErrorNo=0, ErrorNo2=0, SignitureVerification2=Y, Payload=value, PAN=5200000000001138, SignitureVerification=Y, ACSUrl=value, PAResStatus=C, testName=Test Mastercard 14: Step Up Authentication with Merchant Bypass}]]>
              </value>
            </param>
          </params>
          <reporter-output>
          </reporter-output>
        </test-method> <!-- execute -->
        <test-method status="PASS" signature="BeforeMethod([Ljava.lang.Object;)[pri:0, instance:automation.project3ds.FillCreditCardTest1108@5f341870]" test-instance-name="5200000000002029" name="BeforeMethod" is-config="true" duration-ms="1" started-at="2019-07-02T05:55:07Z" finished-at="2019-07-02T05:55:07Z">
          <params>
            <param index="0">
              <value>
                <![CDATA[[Ljava.lang.Object;@65162814]]>
              </value>
            </param>
          </params>
          <reporter-output>
          </reporter-output>
        </test-method> <!-- BeforeMethod -->
        <test-method status="PASS" signature="execute(java.lang.String, java.util.Map)[pri:0, instance:automation.project3ds.FillCreditCardTest1108@5f341870]" test-instance-name="5200000000002029" name="execute" duration-ms="42304" started-at="2019-07-02T05:55:07Z" data-provider="data" finished-at="2019-07-02T05:55:49Z">
          <params>
            <param index="0">
              <value>
                <![CDATA[5200000000001146]]>
              </value>
            </param>
            <param index="1">
              <value>
                <![CDATA[{Cavv=value, cardholderVerificationMethod=value, expected_results_authentication=NA, Enrolled=Y, EciFlag=value, WhiteListStatus=null, ErrorDesc=blank, WhiteListStatusSource=null, ErrorNo=0, Payload=blank, PAN=5200000000001146, SignitureVerification=Y, ACSUrl=blank, PAResStatus=Y, testName=Test Mastercard 15: Require MethodURL}]]>
              </value>
            </param>
          </params>
          <reporter-output>
          </reporter-output>
        </test-method> <!-- execute -->
        <test-method status="PASS" signature="BeforeMethod([Ljava.lang.Object;)[pri:0, instance:automation.project3ds.FillCreditCardTest1108@5f341870]" test-instance-name="5200000000002029" name="BeforeMethod" is-config="true" duration-ms="1" started-at="2019-07-02T05:55:49Z" finished-at="2019-07-02T05:55:49Z">
          <params>
            <param index="0">
              <value>
                <![CDATA[[Ljava.lang.Object;@ba0b690]]>
              </value>
            </param>
          </params>
          <reporter-output>
          </reporter-output>
        </test-method> <!-- BeforeMethod -->
        <test-method status="PASS" signature="execute(java.lang.String, java.util.Map)[pri:0, instance:automation.project3ds.FillCreditCardTest1108@5f341870]" test-instance-name="5200000000002029" name="execute" duration-ms="28299" started-at="2019-07-02T05:55:49Z" data-provider="data" finished-at="2019-07-02T05:56:18Z">
          <params>
            <param index="0">
              <value>
                <![CDATA[5200000000002003]]>
              </value>
            </param>
            <param index="1">
              <value>
                <![CDATA[{Cavv=blank, cardholderVerificationMethod=value, expected_results_authentication=value, EciFlag2=value, Cavv2=value, ErrorDesc2=Success, Enrolled=Y, EciFlag=value, WhiteListStatus=null, ErrorDesc=blank, PAResStatus2=Y, WhiteListStatusSource=null, ErrorNo=0, ErrorNo2=0, SignitureVerification2=Y, Payload=value, PAN=5200000000002003, SignitureVerification=Y, ACSUrl=value, PAResStatus=C, testName=Test Mastercard 16: Prompt for Whitelist}]]>
              </value>
            </param>
          </params>
          <reporter-output>
          </reporter-output>
        </test-method> <!-- execute -->
        <test-method status="PASS" signature="execute(java.lang.String, java.util.Map)[pri:0, instance:automation.project3ds.FillCreditCardTest1108@5f341870]" test-instance-name="5200000000002029" name="execute" duration-ms="44648" started-at="2019-07-02T05:56:18Z" data-provider="data" finished-at="2019-07-02T05:57:02Z">
          <params>
            <param index="0">
              <value>
                <![CDATA[5200000000002011]]>
              </value>
            </param>
            <param index="1">
              <value>
                <![CDATA[{Cavv=value, cardholderVerificationMethod=value, expected_results_authentication=NA, Enrolled=Y, EciFlag=value, WhiteListStatus=Y, ErrorDesc=blank, WhiteListStatusSource=value, ErrorNo=0, Payload=blank, PAN=5200000000002011, SignitureVerification=Y, ACSUrl=blank, PAResStatus=Y, testName=Test Mastercard 17: Pre-Whitelisted}]]>
              </value>
            </param>
          </params>
          <reporter-output>
          </reporter-output>
        </test-method> <!-- execute -->
        <test-method status="PASS" signature="BeforeMethod([Ljava.lang.Object;)[pri:0, instance:automation.project3ds.FillCreditCardTest1108@5f341870]" test-instance-name="5200000000002029" name="BeforeMethod" is-config="true" duration-ms="0" started-at="2019-07-02T05:56:18Z" finished-at="2019-07-02T05:56:18Z">
          <params>
            <param index="0">
              <value>
                <![CDATA[[Ljava.lang.Object;@1d24c0f4]]>
              </value>
            </param>
          </params>
          <reporter-output>
          </reporter-output>
        </test-method> <!-- BeforeMethod -->
        <test-method status="PASS" signature="BeforeMethod([Ljava.lang.Object;)[pri:0, instance:automation.project3ds.FillCreditCardTest1108@5f341870]" test-instance-name="5200000000002029" name="BeforeMethod" is-config="true" duration-ms="1" started-at="2019-07-02T05:57:02Z" finished-at="2019-07-02T05:57:02Z">
          <params>
            <param index="0">
              <value>
                <![CDATA[[Ljava.lang.Object;@e40c171]]>
              </value>
            </param>
          </params>
          <reporter-output>
          </reporter-output>
        </test-method> <!-- BeforeMethod -->
        <test-method status="FAIL" signature="execute(java.lang.String, java.util.Map)[pri:0, instance:automation.project3ds.FillCreditCardTest1108@5f341870]" test-instance-name="5200000000002029" name="execute" duration-ms="38843" started-at="2019-07-02T05:57:02Z" data-provider="data" finished-at="2019-07-02T05:57:41Z">
          <params>
            <param index="0">
              <value>
                <![CDATA[5200000000002029]]>
              </value>
            </param>
            <param index="1">
              <value>
                <![CDATA[{Cavv=value, cardholderVerificationMethod=value, expected_results_authentication=NA, Enrolled=Y, EciFlag=value, WhiteListStatus=null, ErrorDesc=blank, WhiteListStatusSource=null, ErrorNo=0, Payload=blank, PAN=5200000000002029, SignitureVerification=Y, ACSUrl=blank, PAResStatus=I, testName=Test Mastercard 18: Support TransStatus I}]]>
              </value>
            </param>
          </params>
          <exception class="java.lang.AssertionError">
            <message>
              <![CDATA[The following asserts failed:
[PAResStatus] expected [I] but found [U]]]>
            </message>
            <full-stacktrace>
              <![CDATA[java.lang.AssertionError: The following asserts failed:
[PAResStatus] expected [I] but found [U]
at automation.project3ds.MySoftAssertAll.assertAll(MySoftAssertAll.java:80)
at automation.project3ds.FillCreditCardTest1108.execute(FillCreditCardTest1108.java:294)
at sun.reflect.GeneratedMethodAccessor23.invoke(Unknown Source)
at sun.reflect.DelegatingMethodAccessorImpl.invoke(DelegatingMethodAccessorImpl.java:43)
at java.lang.reflect.Method.invoke(Method.java:498)
at org.testng.internal.MethodInvocationHelper.invokeMethod(MethodInvocationHelper.java:124)
at org.testng.internal.Invoker.invokeMethod(Invoker.java:583)
at org.testng.internal.Invoker.invokeTestMethod(Invoker.java:719)
at org.testng.internal.Invoker.invokeTestMethods(Invoker.java:989)
at org.testng.internal.TestMethodWorker.invokeTestMethods(TestMethodWorker.java:125)
at org.testng.internal.TestMethodWorker.run(TestMethodWorker.java:109)
at org.testng.TestRunner.privateRun(TestRunner.java:648)
at org.testng.TestRunner.run(TestRunner.java:505)
at org.testng.SuiteRunner.runTest(SuiteRunner.java:455)
at org.testng.SuiteRunner.runSequentially(SuiteRunner.java:450)
at org.testng.SuiteRunner.privateRun(SuiteRunner.java:415)
at org.testng.SuiteRunner.run(SuiteRunner.java:364)
at org.testng.SuiteRunnerWorker.runSuite(SuiteRunnerWorker.java:52)
at org.testng.SuiteRunnerWorker.run(SuiteRunnerWorker.java:84)
at org.testng.TestNG.runSuitesSequentially(TestNG.java:1208)
at org.testng.TestNG.runSuitesLocally(TestNG.java:1137)
at org.testng.TestNG.runSuites(TestNG.java:1049)
at org.testng.TestNG.run(TestNG.java:1017)
at org.testng.remote.AbstractRemoteTestNG.run(AbstractRemoteTestNG.java:115)
at org.testng.remote.RemoteTestNG.initAndRun(RemoteTestNG.java:251)
at org.testng.remote.RemoteTestNG.main(RemoteTestNG.java:77)
]]>
            </full-stacktrace>
          </exception> <!-- java.lang.AssertionError -->
          <reporter-output>
          </reporter-output>
        </test-method> <!-- execute -->
      </class> <!-- automation.project3ds.FillCreditCardTest1108 -->
    </test> <!-- test1108 -->
  </suite> <!-- credit_card_test -->
</testng-results>
