

<!DOCTYPE html>
<html>
<head>
	<meta charset='utf-8' /> 
	<meta name='description' content='' />
	<meta name='robots' content='noodp, noydir' />
	<meta name='viewport' content='width=device-width, initial-scale=1' />
	<meta id="timeStampFormat" name="timeStampFormat" content='MMM d, yyyy hh:mm:ss a'/>
	
	<link href='https://fonts.googleapis.com/css?family=Source+Sans+Pro:400,600' rel='stylesheet' type='text/css' />
	<link href="https://fonts.googleapis.com/icon?family=Material+Icons" rel="stylesheet" />
	<link href='https://cdn.rawgit.com/extent-framework/extent-github-cdn/b65cd69/v3html/css/extent.css' type='text/css' rel='stylesheet' />
	
	<title>ExtentReports</title>

	<style type='text/css'>
		/* json-tree */
		.jstBracket,.jstComma,.jstValue{white-space:pre-wrap}.jstValue{font-size:10px;font-weight:400;font-family:"Lucida Console",Monaco,monospace}.jstProperty{color:#666;word-wrap:break-word}.jstBool{color:#2525CC}.jstNum{color:#D036D0}.jstNull{color:gray}.jstStr{color:#2DB669}.jstFold:after{content:' -';cursor:pointer}.jstExpand{white-space:normal}.jstExpand:after{content:' +';cursor:pointer}.jstFolded{white-space:normal!important}.jstHiddenBlock{display:none}
			.r-img { width: 30%; }
	</style>
	
	<script type="text/javascript">
		/*! json-tree - v0.2.2 - 2017-09-25, MIT LICENSE */
		var JSONTree=function(){var n={"&":"&amp;","<":"&lt;",">":"&gt;",'"':"&quot;","'":"&#x27;","/":"&#x2F;"},t=0,r=0;this.create=function(n,t){return r+=1,N(u(n,0,!1),{class:"jstValue"})};var e=function(t){return t.replace(/[&<>'"]/g,function(t){return n[t]})},s=function(){return r+"_"+t++},u=function(n,t,r){if(null===n)return f(r?t:0);switch(typeof n){case"boolean":return l(n,r?t:0);case"number":return i(n,r?t:0);case"string":return o(n,r?t:0);default:return n instanceof Array?a(n,t,r):c(n,t,r)}},c=function(n,t,r){var e=s(),u=Object.keys(n).map(function(r){return j(r,n[r],t+1,!0)}).join(m()),c=[g("{",r?t:0,e),N(u,{id:e}),p("}",t)].join("\n");return N(c,{})},a=function(n,t,r){var e=s(),c=n.map(function(n){return u(n,t+1,!0)}).join(m());return[g("[",r?t:0,e),N(c,{id:e}),p("]",t)].join("\n")},o=function(n,t){var r=e(JSON.stringify(n));return N(v(r,t),{class:"jstStr"})},i=function(n,t){return N(v(n,t),{class:"jstNum"})},l=function(n,t){return N(v(n,t),{class:"jstBool"})},f=function(n){return N(v("null",n),{class:"jstNull"})},j=function(n,t,r){var s=v(e(JSON.stringify(n))+": ",r),c=N(u(t,r,!1),{});return N(s+c,{class:"jstProperty"})},m=function(){return N(",\n",{class:"jstComma"})},N=function(n,t){return d("span",t,n)},d=function(n,t,r){return"<"+n+Object.keys(t).map(function(n){return" "+n+'="'+t[n]+'"'}).join("")+">"+r+"</"+n+">"},g=function(n,t,r){return N(v(n,t),{class:"jstBracket"})+N("",{class:"jstFold",onclick:"JSONTree.toggle('"+r+"')"})};this.toggle=function(n){var t=document.getElementById(n),r=t.parentNode,e=t.previousElementSibling;""===t.className?(t.className="jstHiddenBlock",r.className="jstFolded",e.className="jstExpand"):(t.className="",r.className="",e.className="jstFold")};var p=function(n,t){return N(v(n,t),{})},v=function(n,t){return Array(2*t+1).join(" ")+n};return this}();
	</script>
</head>
	<body class='extent dark default hide-overflow '>
		<div id='theme-selector' alt='Click to toggle theme. To enable by default, use theme configuration.' title='Click to toggle theme. To enable by default, use theme configuration.'>
			<span><i class='material-icons'>desktop_windows</i></span>
		</div>
<nav>
	<div class="nav-wrapper">
		<a href="#!" class="brand-logo black"><img src="https://cdn.rawgit.com/extent-framework/extent-github-cdn/d74480e/commons/img/logo.png"></a>
		<!-- slideout menu -->
		<ul id='slide-out' class='side-nav fixed hide-on-med-and-down'>
			<li class='waves-effect active'><a href='#!' view='test-view' onclick="configureView(0);chartsView('test');"><i class='material-icons'>dashboard</i></a></li>
						<li class='waves-effect'><a href='#!' view='category-view' onclick="configureView(1)"><i class='material-icons'>label_outline</i></a></li>
			<li class='waves-effect'><a href='#!' view='exception-view' onclick="configureView(2)"><i class='material-icons'>bug_report</i></a></li>
			<li class='waves-effect'><a href='#!' onclick="configureView(-1);chartsView('dashboard');" view='dashboard-view'><i class='material-icons'>track_changes</i></a></li>
		</ul>
		<!-- report name -->
		<span class='report-name'>ExtentReports</span>
		<!-- report headline -->
		<span class='report-headline'></span>
		<!-- nav-right -->
		<ul id='nav-mobile' class='right hide-on-med-and-down nav-right'>
			<a href='#!'>
			<span class='label blue darken-3 suite-start-time'>Sep 17, 2019 07:30:36 PM</span>
			</a>
		</ul>
	</div>
</nav>		<!-- container -->
		<div class='container'>
<div id='test-view' class='view'>
	<section id='controls'>
		<div class='controls grey lighten-4'>
			<!-- test toggle -->
			<div class='chip transparent'>
				<a class='dropdown-button tests-toggle' data-activates='tests-toggle' data-constrainwidth='true' data-beloworigin='true' data-hover='true' href='#'>
				<i class='material-icons'>warning</i> Status
				</a>
				<ul id='tests-toggle' class='dropdown-content'>
										<li status='pass'><a href='#!'>Pass <i class='material-icons green-text'>check_circle</i></a></li>
					<li status='fail'><a href='#!'>Fail <i class='material-icons red-text'>cancel</i></a></li>
					<li class='divider'></li>
					<li status='clear' clear='true'><a href='#!'>Clear Filters <i class='material-icons'>clear</i></a></li>
				</ul>
			</div>
			<!-- test toggle -->
			<!-- category toggle -->
			<div class='chip transparent'>
				<a class='dropdown-button category-toggle' data-activates='category-toggle' data-constrainwidth='false' data-beloworigin='true' data-hover='true' href='#'>
				<i class='material-icons'>local_offer</i> Category
				</a>
				<ul id='category-toggle' class='dropdown-content'>
					<li><a href='#'>BrickToFP_OFF1</a></li>
					<li class='divider'></li>
					<li class='clear'><a href='#!' clear='true'>Clear Filters</a></li>
				</ul>
			</div>
			<!-- category toggle -->
			<!-- clear filters -->
			<div class='chip transparent hide'>
				<a class='' id='clear-filters' alt='Clear Filters' title='Clear Filters'>
				<i class='material-icons'>close</i> Clear
				</a>
			</div>
			<!-- clear filters -->
			<!-- enable dashboard -->
			<div id='toggle-test-view-charts' class='chip transparent'>
				<a class='pink-text' id='enable-dashboard' alt='Enable Dashboard' title='Enable Dashboard'>
				<i class='material-icons'>track_changes</i> Dashboard
				</a>
			</div>
			<!-- enable dashboard -->
			<!-- search -->
			<div class='chip transparent' alt='Search Tests' title='Search Tests'>
				<a href="#" class='search-div'>
				<i class='material-icons'>search</i> Search
				</a>
				<div class='input-field left hide'>
					<input id='search-tests' type='text' class='validate browser-default' placeholder='Search Tests...'>
				</div>
			</div>
			<!-- search -->
		</div>
	</section>
<div id='test-view-charts' class='subview-full'>
    <div id='charts-row' class='row nm-v nm-h'>
        <div class='col s12 m12 l12 np-h'>
            <div class='card-panel nm-v'>
                <div class='left panel-name'>Tests</div>
                <div class='chart-box' style="max-height:94px;">
                    <canvas id='parent-analysis' width='90' height='70'></canvas>
                </div>
                <div class='block text-small'>
                    <span class='tooltipped' data-position='top' data-tooltip='71.429%'><span class='strong'>5</span> test(s) passed</span>
                </div>
                <div class='block text-small'>
                    <span class='strong tooltipped' data-position='top' data-tooltip='28.571%'>2</span> test(s) failed, <span class='strong tooltipped' data-position='top' data-tooltip='0%'>0</span> others
                </div>
            </div>
        </div>
    </div>
    <div id="timeline-chart" class="row nm-v nm-h">
        <div class="col s12 m12 l12 np-h">
            <div class="card-panel">
                <div class='left panel-name'>Timeline (seconds)</div>
                <div class="chart-box" style="width:98%;max-height:145px;">
                    <canvas id="timeline" height="120"></canvas>
                </div>
            </div>
        </div>
    </div>
</div>	<div class='subview-left left'>
		<div class='view-summary'>
			<ul id='test-collection' class='test-collection'>
				<li class='test displayed active  fail' status='fail' bdd='false' test-id='1'>
					<div class='test-heading'>
						<span class='test-name'>BrickHTML_Card1_OFF_Test.execute (4000000000000044 )</span>
						<span class='test-time'>Sep 17, 2019 07:30:37 PM</span>
						<span class='test-status right fail'>fail</span>
					</div>
					<div class='test-content hide'>
<div class='test-time-info'>
	<span class='label start-time'>Sep 17, 2019 07:30:37 PM</span>
	<span class='label end-time'>Sep 17, 2019 07:31:34 PM</span>
	<span class='label time-taken grey lighten-1 white-text'>0h 0m 57s+238ms</span>
</div>
<div class='test-attributes'>
	<div class='category-list'>
		<span class='category label'>BrickToFP_OFF1</span>
	</div>
</div>
<div class='test-steps'>
	<table class='bordered table-results'>
		<thead>
			<tr>
				<th>Status</th>
				<th>Timestamp</th>
				<th>Details</th>
			</tr>
		</thead>
		<tbody>
			<tr class='log' status='info'>
				<td class='status info' title='info' alt='info'><i class='material-icons'>info_outline</i></td>
				<td class='timestamp'>7:30:37 PM</td>
				<td class='step-details'>
						Params: {other=, COLUMN_32=, cardholderVerificationMethod=, merchant_action=The cmpi_lookup transaction will simulate a timeout scenario and require 20 seconds to complete the transaction processing with the other 3-D Secure systems. Merchant integration should handle timeout processing after 10-12 seconds and proceed with the authorization message., finalPAResStatus=, Enrolled=blank, not continue=, EciFlag=value, finalEci=, ErrorDesc=value, ErrorNo=value, ErrorNo2=, Enable=1, finallCavv=, show process=, finalSignatureVerification=, testName=Test Case 5: Timeout, SignatureVerification2=, expected_results_lookup=cmpi_lookup response
Enrolled = <blank>
ACSUrl = <blank>
Payload = <blank>
ErrorNo = Refer to the 3DS Error Codes and Descriptions Guide
ErrorDesc = Refer to the 3DS Error Codes and Descriptions Guide, finalEnrolled=, expected_results_authentication=NA, EciFlag2=, cavv and eci=, clickID=, Cavv2=, ErrorDesc2=, Scenario=Timeout encountered while processing the cmpi_lookup transaction., Xid=, PAResStatus2=, caseID=case5, Payload=blank, PAN=4000000000000044, ACSUrl=blank}
					
				</td>
			</tr>
			<tr class='log' status='info'>
				<td class='status info' title='info' alt='info'><i class='material-icons'>info_outline</i></td>
				<td class='timestamp'>7:30:37 PM</td>
				<td class='step-details'>
						CardNumber: 4000000000000044
					
				</td>
			</tr>
			<tr class='log' status='info'>
				<td class='status info' title='info' alt='info'><i class='material-icons'>info_outline</i></td>
				<td class='timestamp'>7:31:19 PM</td>
				<td class='step-details'>
						cl_id : 65572396
					
				</td>
			</tr>
			<tr class='log' status='info'>
				<td class='status info' title='info' alt='info'><i class='material-icons'>info_outline</i></td>
				<td class='timestamp'>7:31:22 PM</td>
				<td class='step-details'>
						f_id : 14853
					
				</td>
			</tr>
			<tr class='log' status='info'>
				<td class='status info' title='info' alt='info'><i class='material-icons'>info_outline</i></td>
				<td class='timestamp'>7:31:26 PM</td>
				<td class='step-details'>
						4000000000000044 : 65572396 : 14853 : 41307
					
				</td>
			</tr>
			<tr class='log' status='info'>
				<td class='status info' title='info' alt='info'><i class='material-icons'>info_outline</i></td>
				<td class='timestamp'>7:31:31 PM</td>
				<td class='step-details'>
						lookup_response: <pre><xmp><?xml version="1.0" encoding="UTF-8"?><CardinalMPI>
     <AuthenticationPath>NOREDIRECT</AuthenticationPath>
     <CardBin>400000</CardBin>
     <ThreeDSVersion>1.0.2</ThreeDSVersion>
     <ErrorDesc/>
     <ACSUrl/>
     <ErrorNo>0</ErrorNo>
     <Payload/>
     <EciFlag>07</EciFlag>
     <Enrolled>U</Enrolled>
     <TransactionId>zUUF2x9gZAg7rh23C0p0</TransactionId>
     <OrderId>8000451301749899</OrderId>
     <CardBrand>VISA</CardBrand>
</CardinalMPI>
</xmp></pre>
					
				</td>
			</tr>
			<tr class='log' status='info'>
				<td class='status info' title='info' alt='info'><i class='material-icons'>info_outline</i></td>
				<td class='timestamp'>7:31:34 PM</td>
				<td class='step-details'>
						[expected_results_authentication] expected {NA} to equal to actual {NA}<br />[Version] expected {1} to equal to actual {1}<br />[Enrolled] expected {} to equal to actual {U}<br />[EciFlag] expected {null} to not equal to actual {07}<br />[ACSUrl] expected {} to equal to actual {}<br />[Payload] expected {} to equal to actual {}<br />[ErrorNo] expected {null} to not equal to actual {0}<br />[ErrorDesc] expected {null} to not equal to actual {}<br />
					
				</td>
			</tr>
			<tr class='log' status='fail'>
				<td class='status fail' title='fail' alt='fail'><i class='material-icons'>cancel</i></td>
				<td class='timestamp'>7:31:34 PM</td>
				<td class='step-details'>
						<textarea disabled class="code-block">java.lang.AssertionError: The following asserts failed:
	[Enrolled] expected [] but found [U]
	at automation.project3ds.MySoftAssertAll.assertAll(MySoftAssertAll.java:57)
	at automation.project3ds.Action.assertResultV1(Action.java:268)
	at automation.project3ds.Action.assertResultV1(Action.java:156)
	at automation.project3ds.oldTest.BrickHTML_Card1_OFF_Test.execute(BrickHTML_Card1_OFF_Test.java:97)
	at sun.reflect.NativeMethodAccessorImpl.invoke0(Native Method)
	at sun.reflect.NativeMethodAccessorImpl.invoke(NativeMethodAccessorImpl.java:62)
	at sun.reflect.DelegatingMethodAccessorImpl.invoke(DelegatingMethodAccessorImpl.java:43)
	at java.lang.reflect.Method.invoke(Method.java:498)
	at org.testng.internal.MethodInvocationHelper.invokeMethod(MethodInvocationHelper.java:124)
	at org.testng.internal.Invoker.invokeMethod(Invoker.java:583)
	at org.testng.internal.Invoker.invokeTestMethod(Invoker.java:719)
	at org.testng.internal.Invoker.invokeTestMethods(Invoker.java:989)
	at org.testng.internal.TestMethodWorker.invokeTestMethods(TestMethodWorker.java:125)
	at org.testng.internal.TestMethodWorker.run(TestMethodWorker.java:109)
	at org.testng.TestRunner.privateRun(TestRunner.java:648)
	at org.testng.TestRunner.run(TestRunner.java:505)
	at org.testng.SuiteRunner.runTest(SuiteRunner.java:455)
	at org.testng.SuiteRunner.runSequentially(SuiteRunner.java:450)
	at org.testng.SuiteRunner.privateRun(SuiteRunner.java:415)
	at org.testng.SuiteRunner.run(SuiteRunner.java:364)
	at org.testng.SuiteRunnerWorker.runSuite(SuiteRunnerWorker.java:52)
	at org.testng.SuiteRunnerWorker.run(SuiteRunnerWorker.java:84)
	at org.testng.TestNG.runSuitesSequentially(TestNG.java:1208)
	at org.testng.TestNG.runSuitesLocally(TestNG.java:1137)
	at org.testng.TestNG.runSuites(TestNG.java:1049)
	at org.testng.TestNG.run(TestNG.java:1017)
	at org.testng.remote.AbstractRemoteTestNG.run(AbstractRemoteTestNG.java:115)
	at org.testng.remote.RemoteTestNG.initAndRun(RemoteTestNG.java:251)
	at org.testng.remote.RemoteTestNG.main(RemoteTestNG.java:77)
</textarea>
					
				</td>
			</tr>
			<tr class='log' status='fail'>
				<td class='status fail' title='fail' alt='fail'><i class='material-icons'>cancel</i></td>
				<td class='timestamp'>7:31:34 PM</td>
				<td class='step-details'>
						Test Failed
					
				</td>
			</tr>
		</tbody>
	</table>
</div>
					</div>
				</li>
				<li class='test displayed active  pass' status='pass' bdd='false' test-id='26'>
					<div class='test-heading'>
						<span class='test-name'>BrickHTML_Card1_OFF_Test.execute (4000000000000051 )</span>
						<span class='test-time'>Sep 17, 2019 07:31:35 PM</span>
						<span class='test-status right pass'>pass</span>
					</div>
					<div class='test-content hide'>
<div class='test-time-info'>
	<span class='label start-time'>Sep 17, 2019 07:31:35 PM</span>
	<span class='label end-time'>Sep 17, 2019 07:31:56 PM</span>
	<span class='label time-taken grey lighten-1 white-text'>0h 0m 21s+189ms</span>
</div>
<div class='test-attributes'>
	<div class='category-list'>
		<span class='category label'>BrickToFP_OFF1</span>
	</div>
</div>
<div class='test-steps'>
	<table class='bordered table-results'>
		<thead>
			<tr>
				<th>Status</th>
				<th>Timestamp</th>
				<th>Details</th>
			</tr>
		</thead>
		<tbody>
			<tr class='log' status='info'>
				<td class='status info' title='info' alt='info'><i class='material-icons'>info_outline</i></td>
				<td class='timestamp'>7:31:35 PM</td>
				<td class='step-details'>
						Params: {other=, COLUMN_32=, cardholderVerificationMethod=, merchant_action=Merchant should submit the authorization with an ECI of 06., finalPAResStatus=, Enrolled=N, not continue=, EciFlag=06, finalEci=, ErrorDesc=blank, ErrorNo=0, ErrorNo2=, Enable=1, finallCavv=, show process=, finalSignatureVerification=, testName=Test Case 6: Not Enrolled, SignatureVerification2=, expected_results_lookup=cmpi_lookup response
Enrolled = N
ACSUrl = <blank>
Payload = <blank>
ErrorNo = 0
ErrorDesc = <blank>
EciFlag = 06, finalEnrolled=, expected_results_authentication=NA, EciFlag2=, cavv and eci=, clickID=, Cavv2=, ErrorDesc2=, Scenario=Cardholder not enrolled. Issuing Bank not participating., Xid=, PAResStatus2=, caseID=case6, Payload=blank, PAN=4000000000000051, ACSUrl=blank}
					
				</td>
			</tr>
			<tr class='log' status='info'>
				<td class='status info' title='info' alt='info'><i class='material-icons'>info_outline</i></td>
				<td class='timestamp'>7:31:35 PM</td>
				<td class='step-details'>
						CardNumber: 4000000000000051
					
				</td>
			</tr>
			<tr class='log' status='info'>
				<td class='status info' title='info' alt='info'><i class='material-icons'>info_outline</i></td>
				<td class='timestamp'>7:31:46 PM</td>
				<td class='step-details'>
						cl_id : 65572397
					
				</td>
			</tr>
			<tr class='log' status='info'>
				<td class='status info' title='info' alt='info'><i class='material-icons'>info_outline</i></td>
				<td class='timestamp'>7:31:49 PM</td>
				<td class='step-details'>
						f_id : 14854
					
				</td>
			</tr>
			<tr class='log' status='info'>
				<td class='status info' title='info' alt='info'><i class='material-icons'>info_outline</i></td>
				<td class='timestamp'>7:31:51 PM</td>
				<td class='step-details'>
						4000000000000051 : 65572397 : 14854 : 41308
					
				</td>
			</tr>
			<tr class='log' status='info'>
				<td class='status info' title='info' alt='info'><i class='material-icons'>info_outline</i></td>
				<td class='timestamp'>7:31:54 PM</td>
				<td class='step-details'>
						lookup_response: <pre><xmp><?xml version="1.0" encoding="UTF-8"?><CardinalMPI>
     <AuthenticationPath>NOREDIRECT</AuthenticationPath>
     <CardBin>400000</CardBin>
     <ThreeDSVersion>1.0.2</ThreeDSVersion>
     <ErrorDesc/>
     <ACSUrl/>
     <ErrorNo>0</ErrorNo>
     <Payload/>
     <EciFlag>06</EciFlag>
     <Enrolled>N</Enrolled>
     <TransactionId>NiFnysoJknMg8GaxEu70</TransactionId>
     <OrderId>8000201945231196</OrderId>
     <CardBrand>VISA</CardBrand>
</CardinalMPI>
</xmp></pre>
					
				</td>
			</tr>
			<tr class='log' status='info'>
				<td class='status info' title='info' alt='info'><i class='material-icons'>info_outline</i></td>
				<td class='timestamp'>7:31:56 PM</td>
				<td class='step-details'>
						[expected_results_authentication] expected {NA} to equal to actual {NA}<br />[Version] expected {1} to equal to actual {1}<br />[Enrolled] expected {N} to equal to actual {N}<br />[EciFlag] expected {06} to equal to actual {06}<br />[ACSUrl] expected {} to equal to actual {}<br />[Payload] expected {} to equal to actual {}<br />[ErrorNo] expected {0} to equal to actual {0}<br />[ErrorDesc] expected {} to equal to actual {}<br />
					
				</td>
			</tr>
			<tr class='log' status='pass'>
				<td class='status pass' title='pass' alt='pass'><i class='material-icons'>check_circle</i></td>
				<td class='timestamp'>7:31:56 PM</td>
				<td class='step-details'>
						Test passed
					
				</td>
			</tr>
		</tbody>
	</table>
</div>
					</div>
				</li>
				<li class='test displayed active  pass' status='pass' bdd='false' test-id='51'>
					<div class='test-heading'>
						<span class='test-name'>BrickHTML_Card1_OFF_Test.execute (4000000000000069 )</span>
						<span class='test-time'>Sep 17, 2019 07:31:56 PM</span>
						<span class='test-status right pass'>pass</span>
					</div>
					<div class='test-content hide'>
<div class='test-time-info'>
	<span class='label start-time'>Sep 17, 2019 07:31:56 PM</span>
	<span class='label end-time'>Sep 17, 2019 07:32:24 PM</span>
	<span class='label time-taken grey lighten-1 white-text'>0h 0m 27s+223ms</span>
</div>
<div class='test-attributes'>
	<div class='category-list'>
		<span class='category label'>BrickToFP_OFF1</span>
	</div>
</div>
<div class='test-steps'>
	<table class='bordered table-results'>
		<thead>
			<tr>
				<th>Status</th>
				<th>Timestamp</th>
				<th>Details</th>
			</tr>
		</thead>
		<tbody>
			<tr class='log' status='info'>
				<td class='status info' title='info' alt='info'><i class='material-icons'>info_outline</i></td>
				<td class='timestamp'>7:31:56 PM</td>
				<td class='step-details'>
						Params: {other=, COLUMN_32=, cardholderVerificationMethod=, merchant_action=Merchant should proceed with the authorization message., finalPAResStatus=, Enrolled=U, not continue=, EciFlag=07, finalEci=, ErrorDesc=blank, ErrorNo=0, ErrorNo2=, Enable=1, finallCavv=, show process=, finalSignatureVerification=, testName=Test Case 7: Unavailable, SignatureVerification2=, expected_results_lookup=cmpi_lookup response
Enrolled = U
ACSUrl = <blank>
Payload = <blank>
ErrorNo = 0
ErrorDesc = <blank>
EciFlag = 07, finalEnrolled=, expected_results_authentication=NA, EciFlag2=, cavv and eci=, clickID=, Cavv2=, ErrorDesc2=, Scenario=Authentication unavailable (lookup message response)., Xid=, PAResStatus2=, caseID=case7, Payload=blank, PAN=4000000000000069, ACSUrl=blank}
					
				</td>
			</tr>
			<tr class='log' status='info'>
				<td class='status info' title='info' alt='info'><i class='material-icons'>info_outline</i></td>
				<td class='timestamp'>7:31:56 PM</td>
				<td class='step-details'>
						CardNumber: 4000000000000069
					
				</td>
			</tr>
			<tr class='log' status='info'>
				<td class='status info' title='info' alt='info'><i class='material-icons'>info_outline</i></td>
				<td class='timestamp'>7:32:14 PM</td>
				<td class='step-details'>
						cl_id : 65572398
					
				</td>
			</tr>
			<tr class='log' status='info'>
				<td class='status info' title='info' alt='info'><i class='material-icons'>info_outline</i></td>
				<td class='timestamp'>7:32:16 PM</td>
				<td class='step-details'>
						f_id : 14855
					
				</td>
			</tr>
			<tr class='log' status='info'>
				<td class='status info' title='info' alt='info'><i class='material-icons'>info_outline</i></td>
				<td class='timestamp'>7:32:19 PM</td>
				<td class='step-details'>
						4000000000000069 : 65572398 : 14855 : 41309
					
				</td>
			</tr>
			<tr class='log' status='info'>
				<td class='status info' title='info' alt='info'><i class='material-icons'>info_outline</i></td>
				<td class='timestamp'>7:32:21 PM</td>
				<td class='step-details'>
						lookup_response: <pre><xmp><?xml version="1.0" encoding="UTF-8"?><CardinalMPI>
     <AuthenticationPath>NOREDIRECT</AuthenticationPath>
     <CardBin>400000</CardBin>
     <ThreeDSVersion>1.0.2</ThreeDSVersion>
     <ErrorDesc/>
     <ACSUrl/>
     <ErrorNo>0</ErrorNo>
     <Payload/>
     <EciFlag>07</EciFlag>
     <Enrolled>U</Enrolled>
     <TransactionId>ScPJ9jezLaPYm0ZLMR30</TransactionId>
     <OrderId>8000891325047897</OrderId>
     <CardBrand>VISA</CardBrand>
</CardinalMPI>
</xmp></pre>
					
				</td>
			</tr>
			<tr class='log' status='info'>
				<td class='status info' title='info' alt='info'><i class='material-icons'>info_outline</i></td>
				<td class='timestamp'>7:32:24 PM</td>
				<td class='step-details'>
						[expected_results_authentication] expected {NA} to equal to actual {NA}<br />[Version] expected {1} to equal to actual {1}<br />[Enrolled] expected {U} to equal to actual {U}<br />[EciFlag] expected {07} to equal to actual {07}<br />[ACSUrl] expected {} to equal to actual {}<br />[Payload] expected {} to equal to actual {}<br />[ErrorNo] expected {0} to equal to actual {0}<br />[ErrorDesc] expected {} to equal to actual {}<br />
					
				</td>
			</tr>
			<tr class='log' status='pass'>
				<td class='status pass' title='pass' alt='pass'><i class='material-icons'>check_circle</i></td>
				<td class='timestamp'>7:32:24 PM</td>
				<td class='step-details'>
						Test passed
					
				</td>
			</tr>
		</tbody>
	</table>
</div>
					</div>
				</li>
				<li class='test displayed active  pass' status='pass' bdd='false' test-id='76'>
					<div class='test-heading'>
						<span class='test-name'>BrickHTML_Card1_OFF_Test.execute (4000000000000077 )</span>
						<span class='test-time'>Sep 17, 2019 07:32:24 PM</span>
						<span class='test-status right pass'>pass</span>
					</div>
					<div class='test-content hide'>
<div class='test-time-info'>
	<span class='label start-time'>Sep 17, 2019 07:32:24 PM</span>
	<span class='label end-time'>Sep 17, 2019 07:32:50 PM</span>
	<span class='label time-taken grey lighten-1 white-text'>0h 0m 26s+245ms</span>
</div>
<div class='test-attributes'>
	<div class='category-list'>
		<span class='category label'>BrickToFP_OFF1</span>
	</div>
</div>
<div class='test-steps'>
	<table class='bordered table-results'>
		<thead>
			<tr>
				<th>Status</th>
				<th>Timestamp</th>
				<th>Details</th>
			</tr>
		</thead>
		<tbody>
			<tr class='log' status='info'>
				<td class='status info' title='info' alt='info'><i class='material-icons'>info_outline</i></td>
				<td class='timestamp'>7:32:24 PM</td>
				<td class='step-details'>
						Params: {other=, COLUMN_32=, cardholderVerificationMethod=, merchant_action=Merchant should continue with the authorization and contact technical support to investigate and resolve the issue., finalPAResStatus=, Enrolled=U, not continue=, EciFlag=07, finalEci=, ErrorDesc=value, ErrorNo=value, ErrorNo2=, Enable=1, finallCavv=, show process=, finalSignatureVerification=, testName=Test Case 8: Merchant Not Active, SignatureVerification2=, expected_results_lookup=cmpi_lookup response
Enrolled = U
ACSUrl = <blank>
Payload = <blank>
ErrorNo = Refer to the 3DS Error Codes and Descriptions Guide
ErrorDesc = Refer to the 3DS Error Codes and Descriptions Guide
EciFlag = 07, finalEnrolled=, expected_results_authentication=NA, EciFlag2=, cavv and eci=, clickID=, Cavv2=, ErrorDesc2=, Scenario=Merchant not able to execute transactions., Xid=, PAResStatus2=, caseID=case8, Payload=blank, PAN=4000000000000077, ACSUrl=blank}
					
				</td>
			</tr>
			<tr class='log' status='info'>
				<td class='status info' title='info' alt='info'><i class='material-icons'>info_outline</i></td>
				<td class='timestamp'>7:32:24 PM</td>
				<td class='step-details'>
						CardNumber: 4000000000000077
					
				</td>
			</tr>
			<tr class='log' status='info'>
				<td class='status info' title='info' alt='info'><i class='material-icons'>info_outline</i></td>
				<td class='timestamp'>7:32:41 PM</td>
				<td class='step-details'>
						cl_id : 65572399
					
				</td>
			</tr>
			<tr class='log' status='info'>
				<td class='status info' title='info' alt='info'><i class='material-icons'>info_outline</i></td>
				<td class='timestamp'>7:32:43 PM</td>
				<td class='step-details'>
						f_id : 14856
					
				</td>
			</tr>
			<tr class='log' status='info'>
				<td class='status info' title='info' alt='info'><i class='material-icons'>info_outline</i></td>
				<td class='timestamp'>7:32:45 PM</td>
				<td class='step-details'>
						4000000000000077 : 65572399 : 14856 : 41310
					
				</td>
			</tr>
			<tr class='log' status='info'>
				<td class='status info' title='info' alt='info'><i class='material-icons'>info_outline</i></td>
				<td class='timestamp'>7:32:48 PM</td>
				<td class='step-details'>
						lookup_response: <pre><xmp><?xml version="1.0" encoding="UTF-8"?><CardinalMPI>
     <AuthenticationPath>NOREDIRECT</AuthenticationPath>
     <CardBin>400000</CardBin>
     <ThreeDSVersion>1.0.2</ThreeDSVersion>
     <ErrorDesc>Error Processing Message Request</ErrorDesc>
     <ACSUrl/>
     <ErrorNo>1001</ErrorNo>
     <Payload/>
     <EciFlag>07</EciFlag>
     <Enrolled>U</Enrolled>
     <TransactionId>7mTmkIYpecM2LqsSvDN0</TransactionId>
     <OrderId>8000180617214807</OrderId>
     <CardBrand>VISA</CardBrand>
</CardinalMPI>
</xmp></pre>
					
				</td>
			</tr>
			<tr class='log' status='info'>
				<td class='status info' title='info' alt='info'><i class='material-icons'>info_outline</i></td>
				<td class='timestamp'>7:32:50 PM</td>
				<td class='step-details'>
						[expected_results_authentication] expected {NA} to equal to actual {NA}<br />[Version] expected {1} to equal to actual {1}<br />[Enrolled] expected {U} to equal to actual {U}<br />[EciFlag] expected {07} to equal to actual {07}<br />[ACSUrl] expected {} to equal to actual {}<br />[Payload] expected {} to equal to actual {}<br />[ErrorNo] expected {null} to not equal to actual {1001}<br />[ErrorDesc] expected {null} to not equal to actual {Error Processing Message Request}<br />
					
				</td>
			</tr>
			<tr class='log' status='pass'>
				<td class='status pass' title='pass' alt='pass'><i class='material-icons'>check_circle</i></td>
				<td class='timestamp'>7:32:50 PM</td>
				<td class='step-details'>
						Test passed
					
				</td>
			</tr>
		</tbody>
	</table>
</div>
					</div>
				</li>
				<li class='test displayed active  pass' status='pass' bdd='false' test-id='101'>
					<div class='test-heading'>
						<span class='test-name'>BrickHTML_Card1_OFF_Test.execute (4000000000000085 )</span>
						<span class='test-time'>Sep 17, 2019 07:32:51 PM</span>
						<span class='test-status right pass'>pass</span>
					</div>
					<div class='test-content hide'>
<div class='test-time-info'>
	<span class='label start-time'>Sep 17, 2019 07:32:51 PM</span>
	<span class='label end-time'>Sep 17, 2019 07:33:12 PM</span>
	<span class='label time-taken grey lighten-1 white-text'>0h 0m 21s+63ms</span>
</div>
<div class='test-attributes'>
	<div class='category-list'>
		<span class='category label'>BrickToFP_OFF1</span>
	</div>
</div>
<div class='test-steps'>
	<table class='bordered table-results'>
		<thead>
			<tr>
				<th>Status</th>
				<th>Timestamp</th>
				<th>Details</th>
			</tr>
		</thead>
		<tbody>
			<tr class='log' status='info'>
				<td class='status info' title='info' alt='info'><i class='material-icons'>info_outline</i></td>
				<td class='timestamp'>7:32:51 PM</td>
				<td class='step-details'>
						Params: {other=, COLUMN_32=, cardholderVerificationMethod=, merchant_action=Merchant should continue with the authorization and contact technical support to investigate and resolve the issue., finalPAResStatus=, Enrolled=U, not continue=, EciFlag=07, finalEci=, ErrorDesc=value, ErrorNo=value, ErrorNo2=, Enable=1, finallCavv=, show process=, finalSignatureVerification=, testName=Test Case 9: cmpi_lookup error, SignatureVerification2=, expected_results_lookup=cmpi_lookup response
Enrolled = U
ACSUrl = <blank>
Payload = <blank>
ErrorNo = Refer to the 3DS Error Codes and Descriptions Guide
ErrorDesc = Refer to the 3DS Error Codes and Descriptions Guide
EciFlag = 07, finalEnrolled=, expected_results_authentication=NA, EciFlag2=, cavv and eci=, clickID=, Cavv2=, ErrorDesc2=, Scenario=Error response to cmpi_lookup message., Xid=, PAResStatus2=, caseID=case9, Payload=blank, PAN=4000000000000085, ACSUrl=blank}
					
				</td>
			</tr>
			<tr class='log' status='info'>
				<td class='status info' title='info' alt='info'><i class='material-icons'>info_outline</i></td>
				<td class='timestamp'>7:32:51 PM</td>
				<td class='step-details'>
						CardNumber: 4000000000000085
					
				</td>
			</tr>
			<tr class='log' status='info'>
				<td class='status info' title='info' alt='info'><i class='material-icons'>info_outline</i></td>
				<td class='timestamp'>7:33:02 PM</td>
				<td class='step-details'>
						cl_id : 65572400
					
				</td>
			</tr>
			<tr class='log' status='info'>
				<td class='status info' title='info' alt='info'><i class='material-icons'>info_outline</i></td>
				<td class='timestamp'>7:33:05 PM</td>
				<td class='step-details'>
						f_id : 14857
					
				</td>
			</tr>
			<tr class='log' status='info'>
				<td class='status info' title='info' alt='info'><i class='material-icons'>info_outline</i></td>
				<td class='timestamp'>7:33:07 PM</td>
				<td class='step-details'>
						4000000000000085 : 65572400 : 14857 : 41311
					
				</td>
			</tr>
			<tr class='log' status='info'>
				<td class='status info' title='info' alt='info'><i class='material-icons'>info_outline</i></td>
				<td class='timestamp'>7:33:09 PM</td>
				<td class='step-details'>
						lookup_response: <pre><xmp><?xml version="1.0" encoding="UTF-8"?><CardinalMPI>
     <AuthenticationPath>NOREDIRECT</AuthenticationPath>
     <CardBin>400000</CardBin>
     <ThreeDSVersion>1.0.2</ThreeDSVersion>
     <ErrorDesc>Error Processing Message Request</ErrorDesc>
     <ACSUrl/>
     <ErrorNo>1001</ErrorNo>
     <Payload/>
     <EciFlag>07</EciFlag>
     <Enrolled>U</Enrolled>
     <TransactionId>YGigklY0jhZnIwc620K0</TransactionId>
     <OrderId>8000999556105399</OrderId>
     <CardBrand>VISA</CardBrand>
</CardinalMPI>
</xmp></pre>
					
				</td>
			</tr>
			<tr class='log' status='info'>
				<td class='status info' title='info' alt='info'><i class='material-icons'>info_outline</i></td>
				<td class='timestamp'>7:33:12 PM</td>
				<td class='step-details'>
						[expected_results_authentication] expected {NA} to equal to actual {NA}<br />[Version] expected {1} to equal to actual {1}<br />[Enrolled] expected {U} to equal to actual {U}<br />[EciFlag] expected {07} to equal to actual {07}<br />[ACSUrl] expected {} to equal to actual {}<br />[Payload] expected {} to equal to actual {}<br />[ErrorNo] expected {null} to not equal to actual {1001}<br />[ErrorDesc] expected {null} to not equal to actual {Error Processing Message Request}<br />
					
				</td>
			</tr>
			<tr class='log' status='pass'>
				<td class='status pass' title='pass' alt='pass'><i class='material-icons'>check_circle</i></td>
				<td class='timestamp'>7:33:12 PM</td>
				<td class='step-details'>
						Test passed
					
				</td>
			</tr>
		</tbody>
	</table>
</div>
					</div>
				</li>
				<li class='test displayed active  pass' status='pass' bdd='false' test-id='126'>
					<div class='test-heading'>
						<span class='test-name'>BrickHTML_Card1_OFF_Test.execute (4000990000000004 )</span>
						<span class='test-time'>Sep 17, 2019 07:33:12 PM</span>
						<span class='test-status right pass'>pass</span>
					</div>
					<div class='test-content hide'>
<div class='test-time-info'>
	<span class='label start-time'>Sep 17, 2019 07:33:12 PM</span>
	<span class='label end-time'>Sep 17, 2019 07:33:33 PM</span>
	<span class='label time-taken grey lighten-1 white-text'>0h 0m 20s+722ms</span>
</div>
<div class='test-attributes'>
	<div class='category-list'>
		<span class='category label'>BrickToFP_OFF1</span>
	</div>
</div>
<div class='test-steps'>
	<table class='bordered table-results'>
		<thead>
			<tr>
				<th>Status</th>
				<th>Timestamp</th>
				<th>Details</th>
			</tr>
		</thead>
		<tbody>
			<tr class='log' status='info'>
				<td class='status info' title='info' alt='info'><i class='material-icons'>info_outline</i></td>
				<td class='timestamp'>7:33:12 PM</td>
				<td class='step-details'>
						Params: {other=, COLUMN_32=, cardholderVerificationMethod=, merchant_action=Merchant should proceed with authorization message., finalPAResStatus=, Enrolled=B, not continue=, EciFlag=07, finalEci=, ErrorDesc=blank, ErrorNo=0, ErrorNo2=, Enable=1, finallCavv=, show process=, finalSignatureVerification=, testName=Test Case 12: Bypassed Authentication, SignatureVerification2=, expected_results_lookup=cmpi_lookup response
Enrolled = B
ACSUrl = <blank>
Payload = <blank>
ErrorNo = 0
ErrorDesc = <blank>
EciFlag = 07, finalEnrolled=, expected_results_authentication=NA, EciFlag2=, cavv and eci=, clickID=, Cavv2=, ErrorDesc2=, Scenario=Bypass used to simulate a scenario where merchant has elected to bypass the consumer authentication flow via Cardinal Rules Engine configuration., Xid=, PAResStatus2=, caseID=case12, Payload=blank, PAN=4000990000000004, ACSUrl=blank}
					
				</td>
			</tr>
			<tr class='log' status='info'>
				<td class='status info' title='info' alt='info'><i class='material-icons'>info_outline</i></td>
				<td class='timestamp'>7:33:12 PM</td>
				<td class='step-details'>
						CardNumber: 4000990000000004
					
				</td>
			</tr>
			<tr class='log' status='info'>
				<td class='status info' title='info' alt='info'><i class='material-icons'>info_outline</i></td>
				<td class='timestamp'>7:33:23 PM</td>
				<td class='step-details'>
						cl_id : 65572401
					
				</td>
			</tr>
			<tr class='log' status='info'>
				<td class='status info' title='info' alt='info'><i class='material-icons'>info_outline</i></td>
				<td class='timestamp'>7:33:25 PM</td>
				<td class='step-details'>
						f_id : 14858
					
				</td>
			</tr>
			<tr class='log' status='info'>
				<td class='status info' title='info' alt='info'><i class='material-icons'>info_outline</i></td>
				<td class='timestamp'>7:33:28 PM</td>
				<td class='step-details'>
						4000990000000004 : 65572401 : 14858 : 41312
					
				</td>
			</tr>
			<tr class='log' status='info'>
				<td class='status info' title='info' alt='info'><i class='material-icons'>info_outline</i></td>
				<td class='timestamp'>7:33:30 PM</td>
				<td class='step-details'>
						lookup_response: <pre><xmp><?xml version="1.0" encoding="UTF-8"?><CardinalMPI>
     <AuthenticationPath>NOREDIRECT</AuthenticationPath>
     <CardBin>400099</CardBin>
     <ThreeDSVersion>1.0.2</ThreeDSVersion>
     <ErrorDesc/>
     <ACSUrl/>
     <ErrorNo>0</ErrorNo>
     <Payload/>
     <EciFlag>07</EciFlag>
     <Enrolled>B</Enrolled>
     <TransactionId>do8e4RriZ0LUhYE7wtN0</TransactionId>
     <OrderId>8000126683280917</OrderId>
     <CardBrand>VISA</CardBrand>
</CardinalMPI>
</xmp></pre>
					
				</td>
			</tr>
			<tr class='log' status='info'>
				<td class='status info' title='info' alt='info'><i class='material-icons'>info_outline</i></td>
				<td class='timestamp'>7:33:33 PM</td>
				<td class='step-details'>
						[expected_results_authentication] expected {NA} to equal to actual {NA}<br />[Version] expected {1} to equal to actual {1}<br />[Enrolled] expected {B} to equal to actual {B}<br />[EciFlag] expected {07} to equal to actual {07}<br />[ACSUrl] expected {} to equal to actual {}<br />[Payload] expected {} to equal to actual {}<br />[ErrorNo] expected {0} to equal to actual {0}<br />[ErrorDesc] expected {} to equal to actual {}<br />
					
				</td>
			</tr>
			<tr class='log' status='pass'>
				<td class='status pass' title='pass' alt='pass'><i class='material-icons'>check_circle</i></td>
				<td class='timestamp'>7:33:33 PM</td>
				<td class='step-details'>
						Test passed
					
				</td>
			</tr>
		</tbody>
	</table>
</div>
					</div>
				</li>
				<li class='test displayed active  fail' status='fail' bdd='false' test-id='151'>
					<div class='test-heading'>
						<span class='test-name'>BrickHTML_Card1_OFF_Test.execute (5200000000000049 )</span>
						<span class='test-time'>Sep 17, 2019 07:33:33 PM</span>
						<span class='test-status right fail'>fail</span>
					</div>
					<div class='test-content hide'>
<div class='test-time-info'>
	<span class='label start-time'>Sep 17, 2019 07:33:33 PM</span>
	<span class='label end-time'>Sep 17, 2019 07:34:33 PM</span>
	<span class='label time-taken grey lighten-1 white-text'>0h 1m 0s+135ms</span>
</div>
<div class='test-attributes'>
	<div class='category-list'>
		<span class='category label'>BrickToFP_OFF1</span>
	</div>
</div>
<div class='test-steps'>
	<table class='bordered table-results'>
		<thead>
			<tr>
				<th>Status</th>
				<th>Timestamp</th>
				<th>Details</th>
			</tr>
		</thead>
		<tbody>
			<tr class='log' status='info'>
				<td class='status info' title='info' alt='info'><i class='material-icons'>info_outline</i></td>
				<td class='timestamp'>7:33:33 PM</td>
				<td class='step-details'>
						Params: {other=, COLUMN_32=, cardholderVerificationMethod=, merchant_action=The cmpi_lookup transaction will simulate a timeout scenario and require 20 seconds to complete the transaction processing with the other 3-D Secure systems. Merchant integration should handle timeout processing after 10-12 seconds and proceed with the authorization message., finalPAResStatus=, Enrolled=blank, not continue=, EciFlag=value, finalEci=, ErrorDesc=value, ErrorNo=value, ErrorNo2=, Enable=1, finallCavv=, show process=, finalSignatureVerification=, testName=Test Case 6: Timeout, SignatureVerification2=, expected_results_lookup=cmpi_lookup response
Enrolled = <blank>
ACSUrl = <blank>
Payload = <blank>
ErrorNo = Refer to the 3DS Error Codes and Descriptions Guide
ErrorDesc = Refer to the 3DS Error Codes and Descriptions Guide, finalEnrolled=, expected_results_authentication=NA, EciFlag2=, cavv and eci=, clickID=, Cavv2=, ErrorDesc2=, Scenario=Timeout encountered while processing the cmpi_lookup transaction., Xid=, PAResStatus2=, caseID=case17, Payload=blank, PAN=5200000000000049, ACSUrl=blank}
					
				</td>
			</tr>
			<tr class='log' status='info'>
				<td class='status info' title='info' alt='info'><i class='material-icons'>info_outline</i></td>
				<td class='timestamp'>7:33:33 PM</td>
				<td class='step-details'>
						CardNumber: 5200000000000049
					
				</td>
			</tr>
			<tr class='log' status='info'>
				<td class='status info' title='info' alt='info'><i class='material-icons'>info_outline</i></td>
				<td class='timestamp'>7:34:24 PM</td>
				<td class='step-details'>
						cl_id : 65572402
					
				</td>
			</tr>
			<tr class='log' status='info'>
				<td class='status info' title='info' alt='info'><i class='material-icons'>info_outline</i></td>
				<td class='timestamp'>7:34:26 PM</td>
				<td class='step-details'>
						f_id : 14859
					
				</td>
			</tr>
			<tr class='log' status='info'>
				<td class='status info' title='info' alt='info'><i class='material-icons'>info_outline</i></td>
				<td class='timestamp'>7:34:28 PM</td>
				<td class='step-details'>
						5200000000000049 : 65572402 : 14859 : 41313
					
				</td>
			</tr>
			<tr class='log' status='info'>
				<td class='status info' title='info' alt='info'><i class='material-icons'>info_outline</i></td>
				<td class='timestamp'>7:34:31 PM</td>
				<td class='step-details'>
						lookup_response: <pre><xmp><?xml version="1.0" encoding="UTF-8"?><CardinalMPI>
     <AuthenticationPath>RIBA</AuthenticationPath>
     <CardBin>520000</CardBin>
     <ThreeDSVersion>1.0.2</ThreeDSVersion>
     <ErrorDesc/>
     <ACSUrl/>
     <ErrorNo>0</ErrorNo>
     <Payload/>
     <EciFlag>00</EciFlag>
     <Enrolled>U</Enrolled>
     <TransactionId>cm71sgA9KWAj2PG7UMd0</TransactionId>
     <UCAFIndicator>0</UCAFIndicator>
     <OrderId>8010557682519921</OrderId>
     <CardBrand>MASTERCARD</CardBrand>
</CardinalMPI>
</xmp></pre>
					
				</td>
			</tr>
			<tr class='log' status='info'>
				<td class='status info' title='info' alt='info'><i class='material-icons'>info_outline</i></td>
				<td class='timestamp'>7:34:33 PM</td>
				<td class='step-details'>
						[expected_results_authentication] expected {NA} to equal to actual {NA}<br />[Version] expected {1} to equal to actual {1}<br />[Enrolled] expected {} to equal to actual {U}<br />[EciFlag] expected {null} to not equal to actual {00}<br />[ACSUrl] expected {} to equal to actual {}<br />[Payload] expected {} to equal to actual {}<br />[ErrorNo] expected {null} to not equal to actual {0}<br />[ErrorDesc] expected {null} to not equal to actual {}<br />
					
				</td>
			</tr>
			<tr class='log' status='fail'>
				<td class='status fail' title='fail' alt='fail'><i class='material-icons'>cancel</i></td>
				<td class='timestamp'>7:34:33 PM</td>
				<td class='step-details'>
						<textarea disabled class="code-block">java.lang.AssertionError: The following asserts failed:
	[Enrolled] expected [] but found [U]
	at automation.project3ds.MySoftAssertAll.assertAll(MySoftAssertAll.java:57)
	at automation.project3ds.Action.assertResultV1(Action.java:268)
	at automation.project3ds.Action.assertResultV1(Action.java:156)
	at automation.project3ds.oldTest.BrickHTML_Card1_OFF_Test.execute(BrickHTML_Card1_OFF_Test.java:97)
	at sun.reflect.NativeMethodAccessorImpl.invoke0(Native Method)
	at sun.reflect.NativeMethodAccessorImpl.invoke(NativeMethodAccessorImpl.java:62)
	at sun.reflect.DelegatingMethodAccessorImpl.invoke(DelegatingMethodAccessorImpl.java:43)
	at java.lang.reflect.Method.invoke(Method.java:498)
	at org.testng.internal.MethodInvocationHelper.invokeMethod(MethodInvocationHelper.java:124)
	at org.testng.internal.Invoker.invokeMethod(Invoker.java:583)
	at org.testng.internal.Invoker.invokeTestMethod(Invoker.java:719)
	at org.testng.internal.Invoker.invokeTestMethods(Invoker.java:989)
	at org.testng.internal.TestMethodWorker.invokeTestMethods(TestMethodWorker.java:125)
	at org.testng.internal.TestMethodWorker.run(TestMethodWorker.java:109)
	at org.testng.TestRunner.privateRun(TestRunner.java:648)
	at org.testng.TestRunner.run(TestRunner.java:505)
	at org.testng.SuiteRunner.runTest(SuiteRunner.java:455)
	at org.testng.SuiteRunner.runSequentially(SuiteRunner.java:450)
	at org.testng.SuiteRunner.privateRun(SuiteRunner.java:415)
	at org.testng.SuiteRunner.run(SuiteRunner.java:364)
	at org.testng.SuiteRunnerWorker.runSuite(SuiteRunnerWorker.java:52)
	at org.testng.SuiteRunnerWorker.run(SuiteRunnerWorker.java:84)
	at org.testng.TestNG.runSuitesSequentially(TestNG.java:1208)
	at org.testng.TestNG.runSuitesLocally(TestNG.java:1137)
	at org.testng.TestNG.runSuites(TestNG.java:1049)
	at org.testng.TestNG.run(TestNG.java:1017)
	at org.testng.remote.AbstractRemoteTestNG.run(AbstractRemoteTestNG.java:115)
	at org.testng.remote.RemoteTestNG.initAndRun(RemoteTestNG.java:251)
	at org.testng.remote.RemoteTestNG.main(RemoteTestNG.java:77)
</textarea>
					
				</td>
			</tr>
			<tr class='log' status='fail'>
				<td class='status fail' title='fail' alt='fail'><i class='material-icons'>cancel</i></td>
				<td class='timestamp'>7:34:33 PM</td>
				<td class='step-details'>
						Test Failed
					
				</td>
			</tr>
		</tbody>
	</table>
</div>
					</div>
				</li>
			</ul>
		</div>
	</div>
	<!-- subview left -->
	<div class='subview-right left'>
		<div class='view-summary'>
			<div id='step-filters' class="right sr-filters">
				<a class="btn-floating waves-effect waves-light green" status="pass" alt="pass" title="pass"><i class="material-icons">check_circle</i></a>
				<a class="btn-floating waves-effect waves-light red" status="fail" alt="fail" title="fail"><i class="material-icons">cancel</i></a>
				<a class="btn-floating waves-effect waves-light red darken-4" status="fatal" alt="fatal" title="fatal"><i class="material-icons">cancel</i></a>
				<a class="btn-floating waves-effect waves-light pink text-lighten-1" status="error" alt="error" title="error"><i class="material-icons">error</i></a>
				<a class="btn-floating waves-effect waves-light orange" alt="warning" status="warning" title="warning"><i class="material-icons">warning</i></a>
				<a class="btn-floating waves-effect waves-light teal" status="skip" alt="skip" title="skip"><i class="material-icons">redo</i></a>
				<a class="btn-floating waves-effect waves-light grey" status="clear" alt="Clear filters" title="Clear filters"><i class="material-icons">clear</i></a>
			</div>
			<h5 class='test-name'></h5>
		</div>
	</div>
	<!-- subview right -->
</div>
<!-- test view --><div id='category-view' class='view hide'>
	<section id='controls'>
		<div class='controls grey lighten-4'>
			<!-- search -->
			<div class='chip transparent' alt='Search Tests' title='Search Tests'>
				<a href="#" class='search-div'>
				<i class='material-icons'>search</i> Search
				</a>
				<div class='input-field left hide'>
					<input id='search-tests' type='text' class='validate browser-default' placeholder='Search Tests...'>
				</div>
			</div>
			<!-- search -->
		</div>
	</section>
	<div class='subview-left left'>
		<div class='view-summary'>
			<ul id='category-collection' class='category-collection'>
				<li class='category displayed active'>
					<div class='category-heading'>
						<span class='category-name'>BrickToFP_OFF1</span>
						<span class='category-status right'>
						<span class='label pass'>5</span>
						<span class='label fail'>2</span>
						</span>
					</div>
					<div class='category-content hide'>
						<div class='category-status-counts'>
							<span status="pass" class='label green accent-4 white-text'>Passed: 5</span>
							<span status="fail" class='label red lighten-1 white-text'>Failed: 2</span>
							
						</div>
						<div class='category-tests'>
							<table class='bordered table-results'>
								<thead>
									<tr>
										<th>Timestamp</th>
										<th>TestName</th>
										<th>Status</th>
									</tr>
								</thead>
								<tbody>
									<tr>
										<td>Sep 17, 2019 07:30:37 PM</td>
										<td class='linked' test-id='1'>BrickHTML_Card1_OFF_Test.execute (4000000000000044 )</td>
										<td><span class='test-status fail'>fail</span></td>
									</tr>
									<tr>
										<td>Sep 17, 2019 07:31:35 PM</td>
										<td class='linked' test-id='26'>BrickHTML_Card1_OFF_Test.execute (4000000000000051 )</td>
										<td><span class='test-status pass'>pass</span></td>
									</tr>
									<tr>
										<td>Sep 17, 2019 07:31:56 PM</td>
										<td class='linked' test-id='51'>BrickHTML_Card1_OFF_Test.execute (4000000000000069 )</td>
										<td><span class='test-status pass'>pass</span></td>
									</tr>
									<tr>
										<td>Sep 17, 2019 07:32:24 PM</td>
										<td class='linked' test-id='76'>BrickHTML_Card1_OFF_Test.execute (4000000000000077 )</td>
										<td><span class='test-status pass'>pass</span></td>
									</tr>
									<tr>
										<td>Sep 17, 2019 07:32:51 PM</td>
										<td class='linked' test-id='101'>BrickHTML_Card1_OFF_Test.execute (4000000000000085 )</td>
										<td><span class='test-status pass'>pass</span></td>
									</tr>
									<tr>
										<td>Sep 17, 2019 07:33:12 PM</td>
										<td class='linked' test-id='126'>BrickHTML_Card1_OFF_Test.execute (4000990000000004 )</td>
										<td><span class='test-status pass'>pass</span></td>
									</tr>
									<tr>
										<td>Sep 17, 2019 07:33:33 PM</td>
										<td class='linked' test-id='151'>BrickHTML_Card1_OFF_Test.execute (5200000000000049 )</td>
										<td><span class='test-status fail'>fail</span></td>
									</tr>
								</tbody>
							</table>
						</div>
					</div>
				</li>
			</ul>
		</div>
	</div>
	<div class='subview-right left'>
		<div class='view-summary'>
			<h5 class='category-name'></h5>
		</div>
	</div>
</div>
<!-- category view --><div id='exception-view' class='view hide'>
	<section id='controls'>
		<div class='controls grey lighten-4'>
			<!-- search -->
			<div class='chip transparent' alt='Search Tests' title='Search Tests'>
				<a href="#" class='search-div'>
				<i class='material-icons'>search</i> Search
				</a>
				<div class='input-field left hide'>
					<input id='search-tests' type='text' class='validate browser-default' placeholder='Search Tests...'>
				</div>
			</div>
			<!-- search -->
		</div>
	</section>
	<div class='subview-left left'>
		<div class='view-summary'>
			<ul id='exception-collection' class='exception-collection'>
				<li class='exception displayed active'>
					<div class='exception-heading'>
						<span class='exception-name'>java.lang.AssertionError</span>
						<span class='exception-count right'><span class='label red lighten-1 white-text'>2</span></span>
					</div>
					<div class='exception-content hide'>
						<div class='exception-tests'>
							<table class='bordered table-results'>
								<thead>
									<tr>
										<th>Timestamp</th>
										<th>TestName</th>
										<th>Status</th>
									</tr>
								</thead>
								<tbody>
									<tr>
										<td>Sep 17, 2019 07:30:37 PM</td>
										<td class='linked' test-id='1'>BrickHTML_Card1_OFF_Test.execute (4000000000000044 )</td>
										<td>
											<textarea disabled class="code-block">java.lang.AssertionError: The following asserts failed:
	[Enrolled] expected [] but found [U]
	at automation.project3ds.MySoftAssertAll.assertAll(MySoftAssertAll.java:57)
	at automation.project3ds.Action.assertResultV1(Action.java:268)
	at automation.project3ds.Action.assertResultV1(Action.java:156)
	at automation.project3ds.oldTest.BrickHTML_Card1_OFF_Test.execute(BrickHTML_Card1_OFF_Test.java:97)
	at sun.reflect.NativeMethodAccessorImpl.invoke0(Native Method)
	at sun.reflect.NativeMethodAccessorImpl.invoke(NativeMethodAccessorImpl.java:62)
	at sun.reflect.DelegatingMethodAccessorImpl.invoke(DelegatingMethodAccessorImpl.java:43)
	at java.lang.reflect.Method.invoke(Method.java:498)
	at org.testng.internal.MethodInvocationHelper.invokeMethod(MethodInvocationHelper.java:124)
	at org.testng.internal.Invoker.invokeMethod(Invoker.java:583)
	at org.testng.internal.Invoker.invokeTestMethod(Invoker.java:719)
	at org.testng.internal.Invoker.invokeTestMethods(Invoker.java:989)
	at org.testng.internal.TestMethodWorker.invokeTestMethods(TestMethodWorker.java:125)
	at org.testng.internal.TestMethodWorker.run(TestMethodWorker.java:109)
	at org.testng.TestRunner.privateRun(TestRunner.java:648)
	at org.testng.TestRunner.run(TestRunner.java:505)
	at org.testng.SuiteRunner.runTest(SuiteRunner.java:455)
	at org.testng.SuiteRunner.runSequentially(SuiteRunner.java:450)
	at org.testng.SuiteRunner.privateRun(SuiteRunner.java:415)
	at org.testng.SuiteRunner.run(SuiteRunner.java:364)
	at org.testng.SuiteRunnerWorker.runSuite(SuiteRunnerWorker.java:52)
	at org.testng.SuiteRunnerWorker.run(SuiteRunnerWorker.java:84)
	at org.testng.TestNG.runSuitesSequentially(TestNG.java:1208)
	at org.testng.TestNG.runSuitesLocally(TestNG.java:1137)
	at org.testng.TestNG.runSuites(TestNG.java:1049)
	at org.testng.TestNG.run(TestNG.java:1017)
	at org.testng.remote.AbstractRemoteTestNG.run(AbstractRemoteTestNG.java:115)
	at org.testng.remote.RemoteTestNG.initAndRun(RemoteTestNG.java:251)
	at org.testng.remote.RemoteTestNG.main(RemoteTestNG.java:77)
</textarea>
										</td>
									</tr>
									<tr>
										<td>Sep 17, 2019 07:33:33 PM</td>
										<td class='linked' test-id='151'>BrickHTML_Card1_OFF_Test.execute (5200000000000049 )</td>
										<td>
											<textarea disabled class="code-block">java.lang.AssertionError: The following asserts failed:
	[Enrolled] expected [] but found [U]
	at automation.project3ds.MySoftAssertAll.assertAll(MySoftAssertAll.java:57)
	at automation.project3ds.Action.assertResultV1(Action.java:268)
	at automation.project3ds.Action.assertResultV1(Action.java:156)
	at automation.project3ds.oldTest.BrickHTML_Card1_OFF_Test.execute(BrickHTML_Card1_OFF_Test.java:97)
	at sun.reflect.NativeMethodAccessorImpl.invoke0(Native Method)
	at sun.reflect.NativeMethodAccessorImpl.invoke(NativeMethodAccessorImpl.java:62)
	at sun.reflect.DelegatingMethodAccessorImpl.invoke(DelegatingMethodAccessorImpl.java:43)
	at java.lang.reflect.Method.invoke(Method.java:498)
	at org.testng.internal.MethodInvocationHelper.invokeMethod(MethodInvocationHelper.java:124)
	at org.testng.internal.Invoker.invokeMethod(Invoker.java:583)
	at org.testng.internal.Invoker.invokeTestMethod(Invoker.java:719)
	at org.testng.internal.Invoker.invokeTestMethods(Invoker.java:989)
	at org.testng.internal.TestMethodWorker.invokeTestMethods(TestMethodWorker.java:125)
	at org.testng.internal.TestMethodWorker.run(TestMethodWorker.java:109)
	at org.testng.TestRunner.privateRun(TestRunner.java:648)
	at org.testng.TestRunner.run(TestRunner.java:505)
	at org.testng.SuiteRunner.runTest(SuiteRunner.java:455)
	at org.testng.SuiteRunner.runSequentially(SuiteRunner.java:450)
	at org.testng.SuiteRunner.privateRun(SuiteRunner.java:415)
	at org.testng.SuiteRunner.run(SuiteRunner.java:364)
	at org.testng.SuiteRunnerWorker.runSuite(SuiteRunnerWorker.java:52)
	at org.testng.SuiteRunnerWorker.run(SuiteRunnerWorker.java:84)
	at org.testng.TestNG.runSuitesSequentially(TestNG.java:1208)
	at org.testng.TestNG.runSuitesLocally(TestNG.java:1137)
	at org.testng.TestNG.runSuites(TestNG.java:1049)
	at org.testng.TestNG.run(TestNG.java:1017)
	at org.testng.remote.AbstractRemoteTestNG.run(AbstractRemoteTestNG.java:115)
	at org.testng.remote.RemoteTestNG.initAndRun(RemoteTestNG.java:251)
	at org.testng.remote.RemoteTestNG.main(RemoteTestNG.java:77)
</textarea>
										</td>
									</tr>
								</tbody>
							</table>
						</div>
					</div>
				</li>
			</ul>
		</div>
	</div>
	<div class='subview-right left'>
		<div class='view-summary'>
			<h5 class='exception-name'></h5>
		</div>
	</div>
</div>
<!-- exception view --><div id='dashboard-view' class='view hide'>
	<div class='card-panel transparent np-v'>
		<h5>Dashboard</h5>

		<div class='row'>
			<div class='col s2'>
				<div class='card-panel r'>
					Tests
					<div class='panel-lead'>7</div>
				</div>
			</div>
			<div class='col s2'>
				<div class='card-panel r'>
					Steps
					<div class='panel-lead'>0</div>
				</div>
			</div>
			<div class='col s2'>
				<div class='card-panel r'>
					Start
					<div class='panel-lead'>Sep 17, 2019 07:30:36 PM</div>
				</div>
			</div>
			<div class='col s2'>
				<div class='card-panel r'>
			 		End
			 		<div class='panel-lead'>Sep 17, 2019 07:34:34 PM</div>
				</div>
			</div>
			<div class='col s2'>
				<div class='card-panel r'>
					Time Taken
					<div class='panel-lead'>0h 3m 57s+903ms</div>
				</div>
			</div>
			<div class='col s6'>
				<div class='card-panel dashboard-categories'>
					<span class='right label cyan white-text'>Categories</span><p>&nbsp;</p>
					
					<table>
						<tr>
							<th>Name</th>
							<th>Passed</th>
							<th>Failed</th>
							<th>Others</th>
							<th>Passed %</th>
						</tr>
						<tr>
							<td>BrickToFP_OFF1</td>
							<td>5</td>
							<td>2</td>
							<td>0</td>
							<td>
									71.429%
							</td>
						</tr>
					</table>
				</div>
			</div>
		</div>
	</div>
</div>
<!-- dashboard view -->
<!-- testrunner-logs view -->		</div>
		<!-- container -->
		<script>
			var statusGroup = {
                parentCount: 7,
				passParent: 5,
				failParent: 2,
				fatalParent: 0,
				errorParent: 0,
				warningParent: 0,
				skipParent: 0,
				exceptionsParent: 2,
				childCount: 0,
				passChild: 0,
				failChild: 0,
				fatalChild: 0,
				errorChild: 0,
				warningChild: 0,
				skipChild: 0,
				infoChild: 0,
				debugChild: 0,
				exceptionsChild: 0,
				grandChildCount: 0,
				passGrandChild: 0,
				failGrandChild: 0,
				fatalGrandChild: 0,
				errorGrandChild: 0,
				warningGrandChild: 0,
				skipGrandChild: 0,
				infoGrandChild: 0,
				debugGrandChild: 0,
				exceptionsGrandChild: 0,
			};
		</script>
		<script>
			var timeline = {
			        "BrickHTML_Card1_OFF_Test.execute (4000000000000044 )":57.238,"BrickHTML_Card1_OFF_Test.execute (4000000000000051 )":21.189,"BrickHTML_Card1_OFF_Test.execute (4000000000000069 )":27.223,"BrickHTML_Card1_OFF_Test.execute (4000000000000077 )":26.245,"BrickHTML_Card1_OFF_Test.execute (4000000000000085 )":21.063,"BrickHTML_Card1_OFF_Test.execute (4000990000000004 )":20.722,"BrickHTML_Card1_OFF_Test.execute (5200000000000049 )":60.135
			};
		</script>
		<script src='https://cdn.rawgit.com/extent-framework/extent-github-cdn/b65cd69/v3html/js/extent.js' type='text/javascript'></script>
		<script type='text/javascript'>
		</script>
	</body>
</html>