<?xml version="1.0" encoding="UTF-8"?>
<!-- Generated by org.testng.reporters.JUnitXMLReporter -->
<testsuite hostname="PW-HAN-063" ignored="0" tests="2" failures="1" timestamp="23 Sep 2019 05:32:13 GMT" time="53.553" errors="0">
  <testcase name="emptyTextboxClick" time="23.016" classname="WidgetBrick_1v6_Test_EmptyTextbox">
    <failure type="java.lang.AssertionError" message="The following asserts failed:
	[Card number][ErrorTextValue] expected [Please enter your card number] but found [],
	[Expiration dateMM/YY][ErrorTextValue] expected [Please enter an expiry date] but found [],
	[CVV/CVC/CID000][ErrorTextValue] expected [Please enter CVV code] but found []">
      <![CDATA[java.lang.AssertionError: The following asserts failed:
[Card number][ErrorTextValue] expected [Please enter your card number] but found [],
[Expiration dateMM/YY][ErrorTextValue] expected [Please enter an expiry date] but found [],
[CVV/CVC/CID000][ErrorTextValue] expected [Please enter CVV code] but found []
at automation.project3ds.Assertion.end(Assertion.java:26)
at WidgetBrick_1v6_Test_EmptyTextbox.emptyTextboxClick(WidgetBrick_1v6_Test_EmptyTextbox.java:55)
... Removed 25 stack frames]]>
    </failure>
  </testcase> <!-- emptyTextboxClick -->
  <testcase name="emptyTextboxSubmit" time="11.838" classname="WidgetBrick_1v6_Test_EmptyTextbox"/>
</testsuite>
