

<!DOCTYPE html>
<html>
<head>
	<meta charset='utf-8' /> 
	<meta name='description' content='' />
	<meta name='robots' content='noodp, noydir' />
	<meta name='viewport' content='width=device-width, initial-scale=1' />
	<meta id="timeStampFormat" name="timeStampFormat" content='MMM d, yyyy hh:mm:ss a'/>
	
	<link href='https://fonts.googleapis.com/css?family=Source+Sans+Pro:400,600' rel='stylesheet' type='text/css' />
	<link href="https://fonts.googleapis.com/icon?family=Material+Icons" rel="stylesheet" />
	<link href='https://cdn.rawgit.com/extent-framework/extent-github-cdn/b65cd69/v3html/css/extent.css' type='text/css' rel='stylesheet' />
	
	<title>ExtentReports</title>

	<style type='text/css'>
		/* json-tree */
		.jstBracket,.jstComma,.jstValue{white-space:pre-wrap}.jstValue{font-size:10px;font-weight:400;font-family:"Lucida Console",Monaco,monospace}.jstProperty{color:#666;word-wrap:break-word}.jstBool{color:#2525CC}.jstNum{color:#D036D0}.jstNull{color:gray}.jstStr{color:#2DB669}.jstFold:after{content:' -';cursor:pointer}.jstExpand{white-space:normal}.jstExpand:after{content:' +';cursor:pointer}.jstFolded{white-space:normal!important}.jstHiddenBlock{display:none}
			.r-img { width: 30%; }
	</style>
	
	<script type="text/javascript">
		/*! json-tree - v0.2.2 - 2017-09-25, MIT LICENSE */
		var JSONTree=function(){var n={"&":"&amp;","<":"&lt;",">":"&gt;",'"':"&quot;","'":"&#x27;","/":"&#x2F;"},t=0,r=0;this.create=function(n,t){return r+=1,N(u(n,0,!1),{class:"jstValue"})};var e=function(t){return t.replace(/[&<>'"]/g,function(t){return n[t]})},s=function(){return r+"_"+t++},u=function(n,t,r){if(null===n)return f(r?t:0);switch(typeof n){case"boolean":return l(n,r?t:0);case"number":return i(n,r?t:0);case"string":return o(n,r?t:0);default:return n instanceof Array?a(n,t,r):c(n,t,r)}},c=function(n,t,r){var e=s(),u=Object.keys(n).map(function(r){return j(r,n[r],t+1,!0)}).join(m()),c=[g("{",r?t:0,e),N(u,{id:e}),p("}",t)].join("\n");return N(c,{})},a=function(n,t,r){var e=s(),c=n.map(function(n){return u(n,t+1,!0)}).join(m());return[g("[",r?t:0,e),N(c,{id:e}),p("]",t)].join("\n")},o=function(n,t){var r=e(JSON.stringify(n));return N(v(r,t),{class:"jstStr"})},i=function(n,t){return N(v(n,t),{class:"jstNum"})},l=function(n,t){return N(v(n,t),{class:"jstBool"})},f=function(n){return N(v("null",n),{class:"jstNull"})},j=function(n,t,r){var s=v(e(JSON.stringify(n))+": ",r),c=N(u(t,r,!1),{});return N(s+c,{class:"jstProperty"})},m=function(){return N(",\n",{class:"jstComma"})},N=function(n,t){return d("span",t,n)},d=function(n,t,r){return"<"+n+Object.keys(t).map(function(n){return" "+n+'="'+t[n]+'"'}).join("")+">"+r+"</"+n+">"},g=function(n,t,r){return N(v(n,t),{class:"jstBracket"})+N("",{class:"jstFold",onclick:"JSONTree.toggle('"+r+"')"})};this.toggle=function(n){var t=document.getElementById(n),r=t.parentNode,e=t.previousElementSibling;""===t.className?(t.className="jstHiddenBlock",r.className="jstFolded",e.className="jstExpand"):(t.className="",r.className="",e.className="jstFold")};var p=function(n,t){return N(v(n,t),{})},v=function(n,t){return Array(2*t+1).join(" ")+n};return this}();
	</script>
</head>
	<body class='extent dark default hide-overflow '>
		<div id='theme-selector' alt='Click to toggle theme. To enable by default, use theme configuration.' title='Click to toggle theme. To enable by default, use theme configuration.'>
			<span><i class='material-icons'>desktop_windows</i></span>
		</div>
<nav>
	<div class="nav-wrapper">
		<a href="#!" class="brand-logo black"><img src="https://cdn.rawgit.com/extent-framework/extent-github-cdn/d74480e/commons/img/logo.png"></a>
		<!-- slideout menu -->
		<ul id='slide-out' class='side-nav fixed hide-on-med-and-down'>
			<li class='waves-effect active'><a href='#!' view='test-view' onclick="configureView(0);chartsView('test');"><i class='material-icons'>dashboard</i></a></li>
						<li class='waves-effect'><a href='#!' view='category-view' onclick="configureView(1)"><i class='material-icons'>label_outline</i></a></li>
			<li class='waves-effect'><a href='#!' view='exception-view' onclick="configureView(2)"><i class='material-icons'>bug_report</i></a></li>
			<li class='waves-effect'><a href='#!' onclick="configureView(-1);chartsView('dashboard');" view='dashboard-view'><i class='material-icons'>track_changes</i></a></li>
		</ul>
		<!-- report name -->
		<span class='report-name'>ExtentReports</span>
		<!-- report headline -->
		<span class='report-headline'></span>
		<!-- nav-right -->
		<ul id='nav-mobile' class='right hide-on-med-and-down nav-right'>
			<a href='#!'>
			<span class='label blue darken-3 suite-start-time'>Sep 25, 2019 07:29:00 PM</span>
			</a>
		</ul>
	</div>
</nav>		<!-- container -->
		<div class='container'>
<div id='test-view' class='view'>
	<section id='controls'>
		<div class='controls grey lighten-4'>
			<!-- test toggle -->
			<div class='chip transparent'>
				<a class='dropdown-button tests-toggle' data-activates='tests-toggle' data-constrainwidth='true' data-beloworigin='true' data-hover='true' href='#'>
				<i class='material-icons'>warning</i> Status
				</a>
				<ul id='tests-toggle' class='dropdown-content'>
										<li status='pass'><a href='#!'>Pass <i class='material-icons green-text'>check_circle</i></a></li>
					<li status='fail'><a href='#!'>Fail <i class='material-icons red-text'>cancel</i></a></li>
					<li class='divider'></li>
					<li status='clear' clear='true'><a href='#!'>Clear Filters <i class='material-icons'>clear</i></a></li>
				</ul>
			</div>
			<!-- test toggle -->
			<!-- category toggle -->
			<div class='chip transparent'>
				<a class='dropdown-button category-toggle' data-activates='category-toggle' data-constrainwidth='false' data-beloworigin='true' data-hover='true' href='#'>
				<i class='material-icons'>local_offer</i> Category
				</a>
				<ul id='category-toggle' class='dropdown-content'>
					<li><a href='#'>BrickWidget_ON1_Test</a></li>
					<li class='divider'></li>
					<li class='clear'><a href='#!' clear='true'>Clear Filters</a></li>
				</ul>
			</div>
			<!-- category toggle -->
			<!-- clear filters -->
			<div class='chip transparent hide'>
				<a class='' id='clear-filters' alt='Clear Filters' title='Clear Filters'>
				<i class='material-icons'>close</i> Clear
				</a>
			</div>
			<!-- clear filters -->
			<!-- enable dashboard -->
			<div id='toggle-test-view-charts' class='chip transparent'>
				<a class='pink-text' id='enable-dashboard' alt='Enable Dashboard' title='Enable Dashboard'>
				<i class='material-icons'>track_changes</i> Dashboard
				</a>
			</div>
			<!-- enable dashboard -->
			<!-- search -->
			<div class='chip transparent' alt='Search Tests' title='Search Tests'>
				<a href="#" class='search-div'>
				<i class='material-icons'>search</i> Search
				</a>
				<div class='input-field left hide'>
					<input id='search-tests' type='text' class='validate browser-default' placeholder='Search Tests...'>
				</div>
			</div>
			<!-- search -->
		</div>
	</section>
<div id='test-view-charts' class='subview-full'>
    <div id='charts-row' class='row nm-v nm-h'>
        <div class='col s12 m12 l12 np-h'>
            <div class='card-panel nm-v'>
                <div class='left panel-name'>Tests</div>
                <div class='chart-box' style="max-height:94px;">
                    <canvas id='parent-analysis' width='90' height='70'></canvas>
                </div>
                <div class='block text-small'>
                    <span class='tooltipped' data-position='top' data-tooltip='33.333%'><span class='strong'>1</span> test(s) passed</span>
                </div>
                <div class='block text-small'>
                    <span class='strong tooltipped' data-position='top' data-tooltip='66.667%'>2</span> test(s) failed, <span class='strong tooltipped' data-position='top' data-tooltip='0%'>0</span> others
                </div>
            </div>
        </div>
    </div>
    <div id="timeline-chart" class="row nm-v nm-h">
        <div class="col s12 m12 l12 np-h">
            <div class="card-panel">
                <div class='left panel-name'>Timeline (seconds)</div>
                <div class="chart-box" style="width:98%;max-height:145px;">
                    <canvas id="timeline" height="120"></canvas>
                </div>
            </div>
        </div>
    </div>
</div>	<div class='subview-left left'>
		<div class='view-summary'>
			<ul id='test-collection' class='test-collection'>
				<li class='test displayed active  fail' status='fail' bdd='false' test-id='1'>
					<div class='test-heading'>
						<span class='test-name'>BrickWidget_ON1_Test.execute (5200000000000007 )</span>
						<span class='test-time'>Sep 25, 2019 07:29:00 PM</span>
						<span class='test-status right fail'>fail</span>
					</div>
					<div class='test-content hide'>
<div class='test-time-info'>
	<span class='label start-time'>Sep 25, 2019 07:29:00 PM</span>
	<span class='label end-time'>Sep 25, 2019 07:29:35 PM</span>
	<span class='label time-taken grey lighten-1 white-text'>0h 0m 34s+497ms</span>
</div>
<div class='test-attributes'>
	<div class='category-list'>
		<span class='category label'>BrickWidget_ON1_Test</span>
	</div>
</div>
<div class='test-steps'>
	<table class='bordered table-results'>
		<thead>
			<tr>
				<th>Status</th>
				<th>Timestamp</th>
				<th>Details</th>
			</tr>
		</thead>
		<tbody>
			<tr class='log' status='info'>
				<td class='status info' title='info' alt='info'><i class='material-icons'>info_outline</i></td>
				<td class='timestamp'>7:29:00 PM</td>
				<td class='step-details'>
						Params: {other=, COLUMN_32=, cardholderVerificationMethod=, merchant_action=Merchant should append the Cavv and EciFlag values to the authorization message., finalPAResStatus=, Enrolled=Y, not continue=, EciFlag=value, finalEci=, ErrorDesc=blank, ErrorNo=0, ErrorNo2=0, Enable=1, finallCavv=, show process=, finalSignatureVerification=, testName=Test Case 1: Successful Authentication, SignatureVerification2=Y, expected_results_lookup=cmpi_lookup response
Enrolled = Y
ACSUrl = <Url>
Payload = <value>
ErrorNo = 0
ErrorDesc = <blank>, finalEnrolled=, expected_results_authentication=cmpi_authenticate response
PAResStatus = Y
SignatureVerification = Y
EciFlag = 02
Xid = <Xid Value>
Cavv = <Cavv Value>
ErrorNo = 0
ErrorDesc = <blank>, EciFlag2=02, cavv and eci=, clickID=, Cavv2=value, ErrorDesc2=blank, Scenario=Cardholder enrolled, successful authentication, successful signature verification., Xid=value, PAResStatus2=Y, caseID=case13, Payload=value, PAN=5200000000000007, ACSUrl=value}
					
				</td>
			</tr>
			<tr class='log' status='info'>
				<td class='status info' title='info' alt='info'><i class='material-icons'>info_outline</i></td>
				<td class='timestamp'>7:29:00 PM</td>
				<td class='step-details'>
						CardNumber: 5200000000000007
					
				</td>
			</tr>
			<tr class='log' status='info'>
				<td class='status info' title='info' alt='info'><i class='material-icons'>info_outline</i></td>
				<td class='timestamp'>7:29:13 PM</td>
				<td class='step-details'>
						brick version
					<img class='r-img' onerror='this.style.display="none"' data-featherlight='screenShot\1569414553433brick version.png' src='screenShot\1569414553433brick version.png' data-src='screenShot\1569414553433brick version.png'>
				</td>
			</tr>
			<tr class='log' status='info'>
				<td class='status info' title='info' alt='info'><i class='material-icons'>info_outline</i></td>
				<td class='timestamp'>7:29:19 PM</td>
				<td class='step-details'>
						refID: 65573767
					
				</td>
			</tr>
			<tr class='log' status='fail'>
				<td class='status fail' title='fail' alt='fail'><i class='material-icons'>cancel</i></td>
				<td class='timestamp'>7:29:35 PM</td>
				<td class='step-details'>
						<textarea disabled class="code-block">org.openqa.selenium.NoSuchFrameException: no such frame: element is not a frame
  (Session info: chrome=76.0.3809.132)
  (Driver info: chromedriver=2.42.591088 (7b2b2dca23cca0862f674758c9a3933e685c27d5),platform=Windows NT 10.0.18362 x86_64) (WARNING: The server did not provide any stacktrace information)
Command duration or timeout: 0 milliseconds
Build info: version: '3.141.59', revision: 'e82be7d358', time: '2018-11-14T08:17:03'
System info: host: 'PW-HAN-063', ip: '192.168.10.136', os.name: 'Windows 10', os.arch: 'amd64', os.version: '10.0', java.version: '1.8.0_221'
Driver info: org.openqa.selenium.chrome.ChromeDriver
Capabilities {acceptInsecureCerts: false, acceptSslCerts: false, applicationCacheEnabled: false, browserConnectionEnabled: false, browserName: chrome, chrome: {chromedriverVersion: 2.42.591088 (7b2b2dca23cca0..., userDataDir: C:\Users\chase\AppData\Loca...}, cssSelectorsEnabled: true, databaseEnabled: false, goog:chromeOptions: {debuggerAddress: localhost:49793}, handlesAlerts: true, hasTouchScreen: false, javascriptEnabled: true, locationContextEnabled: true, mobileEmulationEnabled: false, nativeEvents: true, networkConnectionEnabled: false, pageLoadStrategy: normal, platform: XP, platformName: XP, rotatable: false, setWindowRect: true, takesHeapSnapshot: true, takesScreenshot: true, unexpectedAlertBehaviour: , unhandledPromptBehavior: , version: 76.0.3809.132, webStorageEnabled: true}
Session ID: 7352741cb93c3e4bfbc56f926add6474
	at sun.reflect.NativeConstructorAccessorImpl.newInstance0(Native Method)
	at sun.reflect.NativeConstructorAccessorImpl.newInstance(NativeConstructorAccessorImpl.java:62)
	at sun.reflect.DelegatingConstructorAccessorImpl.newInstance(DelegatingConstructorAccessorImpl.java:45)
	at java.lang.reflect.Constructor.newInstance(Constructor.java:423)
	at org.openqa.selenium.remote.ErrorHandler.createThrowable(ErrorHandler.java:214)
	at org.openqa.selenium.remote.ErrorHandler.throwIfResponseFailed(ErrorHandler.java:166)
	at org.openqa.selenium.remote.http.JsonHttpResponseCodec.reconstructValue(JsonHttpResponseCodec.java:40)
	at org.openqa.selenium.remote.http.AbstractHttpResponseCodec.decode(AbstractHttpResponseCodec.java:80)
	at org.openqa.selenium.remote.http.AbstractHttpResponseCodec.decode(AbstractHttpResponseCodec.java:44)
	at org.openqa.selenium.remote.HttpCommandExecutor.execute(HttpCommandExecutor.java:158)
	at org.openqa.selenium.remote.service.DriverCommandExecutor.execute(DriverCommandExecutor.java:83)
	at org.openqa.selenium.remote.RemoteWebDriver.execute(RemoteWebDriver.java:552)
	at org.openqa.selenium.remote.RemoteWebDriver$RemoteTargetLocator.frame(RemoteWebDriver.java:892)
	at automation.project3ds.BrickWidgetHome$MainIframe$Iframecc$PurchaseIframe.getAuthWindow(BrickWidgetHome.java:265)
	at automation.project3ds.BrickWidgetHome.returnRefID(BrickWidgetHome.java:339)
	at automation.project3ds.oldTest.BrickWidget_ON1_Test.execute(BrickWidget_ON1_Test.java:66)
	at sun.reflect.NativeMethodAccessorImpl.invoke0(Native Method)
	at sun.reflect.NativeMethodAccessorImpl.invoke(NativeMethodAccessorImpl.java:62)
	at sun.reflect.DelegatingMethodAccessorImpl.invoke(DelegatingMethodAccessorImpl.java:43)
	at java.lang.reflect.Method.invoke(Method.java:498)
	at org.testng.internal.MethodInvocationHelper.invokeMethod(MethodInvocationHelper.java:124)
	at org.testng.internal.Invoker.invokeMethod(Invoker.java:583)
	at org.testng.internal.Invoker.invokeTestMethod(Invoker.java:719)
	at org.testng.internal.Invoker.invokeTestMethods(Invoker.java:989)
	at org.testng.internal.TestMethodWorker.invokeTestMethods(TestMethodWorker.java:125)
	at org.testng.internal.TestMethodWorker.run(TestMethodWorker.java:109)
	at org.testng.TestRunner.privateRun(TestRunner.java:648)
	at org.testng.TestRunner.run(TestRunner.java:505)
	at org.testng.SuiteRunner.runTest(SuiteRunner.java:455)
	at org.testng.SuiteRunner.runSequentially(SuiteRunner.java:450)
	at org.testng.SuiteRunner.privateRun(SuiteRunner.java:415)
	at org.testng.SuiteRunner.run(SuiteRunner.java:364)
	at org.testng.SuiteRunnerWorker.runSuite(SuiteRunnerWorker.java:52)
	at org.testng.SuiteRunnerWorker.run(SuiteRunnerWorker.java:84)
	at org.testng.TestNG.runSuitesSequentially(TestNG.java:1208)
	at org.testng.TestNG.runSuitesLocally(TestNG.java:1137)
	at org.testng.TestNG.runSuites(TestNG.java:1049)
	at org.testng.TestNG.run(TestNG.java:1017)
	at org.testng.remote.AbstractRemoteTestNG.run(AbstractRemoteTestNG.java:115)
	at org.testng.remote.RemoteTestNG.initAndRun(RemoteTestNG.java:251)
	at org.testng.remote.RemoteTestNG.main(RemoteTestNG.java:77)
</textarea>
					
				</td>
			</tr>
			<tr class='log' status='fail'>
				<td class='status fail' title='fail' alt='fail'><i class='material-icons'>cancel</i></td>
				<td class='timestamp'>7:29:35 PM</td>
				<td class='step-details'>
						Test Failed
					
				</td>
			</tr>
		</tbody>
	</table>
</div>
					</div>
				</li>
				<li class='test displayed active  fail' status='fail' bdd='false' test-id='31'>
					<div class='test-heading'>
						<span class='test-name'>BrickWidget_ON1_Test.execute (5200000000000015 )</span>
						<span class='test-time'>Sep 25, 2019 07:29:37 PM</span>
						<span class='test-status right fail'>fail</span>
					</div>
					<div class='test-content hide'>
<div class='test-time-info'>
	<span class='label start-time'>Sep 25, 2019 07:29:37 PM</span>
	<span class='label end-time'>Sep 25, 2019 07:30:18 PM</span>
	<span class='label time-taken grey lighten-1 white-text'>0h 0m 40s+295ms</span>
</div>
<div class='test-attributes'>
	<div class='category-list'>
		<span class='category label'>BrickWidget_ON1_Test</span>
	</div>
</div>
<div class='test-steps'>
	<table class='bordered table-results'>
		<thead>
			<tr>
				<th>Status</th>
				<th>Timestamp</th>
				<th>Details</th>
			</tr>
		</thead>
		<tbody>
			<tr class='log' status='info'>
				<td class='status info' title='info' alt='info'><i class='material-icons'>info_outline</i></td>
				<td class='timestamp'>7:29:37 PM</td>
				<td class='step-details'>
						Params: {other=, COLUMN_32=, cardholderVerificationMethod=, merchant_action=Merchant should NOT continue authorization, due to the failed signature verification. Merchant should prompt for another form of payment or attempt to authenticate the consumer., finalPAResStatus=, Enrolled=Y, not continue=, EciFlag=value, finalEci=, ErrorDesc=blank, ErrorNo=0, ErrorNo2=0, Enable=1, finallCavv=, show process=, finalSignatureVerification=, testName=Test Case 2: Failed Signature, SignatureVerification2=N, expected_results_lookup=cmpi_lookup response
Enrolled = Y
ACSUrl = <Url>
Payload = <value>
ErrorNo = 0
ErrorDesc = <blank>, finalEnrolled=, expected_results_authentication=cmpi_authenticate response
PAResStatus = Y
SignatureVerification = N
EciFlag = 02
Xid = <Xid Value>
Cavv = <Cavv Value>
ErrorNo = 0
ErrorDesc = <blank>, EciFlag2=02, cavv and eci=, clickID=, Cavv2=value, ErrorDesc2=blank, Scenario=Cardholder enrolled, successful authentication, unsuccessful signature verification., Xid=value, PAResStatus2=Y, caseID=case14, Payload=value, PAN=5200000000000015, ACSUrl=value}
					
				</td>
			</tr>
			<tr class='log' status='info'>
				<td class='status info' title='info' alt='info'><i class='material-icons'>info_outline</i></td>
				<td class='timestamp'>7:29:37 PM</td>
				<td class='step-details'>
						CardNumber: 5200000000000015
					
				</td>
			</tr>
			<tr class='log' status='info'>
				<td class='status info' title='info' alt='info'><i class='material-icons'>info_outline</i></td>
				<td class='timestamp'>7:29:50 PM</td>
				<td class='step-details'>
						brick version
					<img class='r-img' onerror='this.style.display="none"' data-featherlight='screenShot\1569414588579brick version.png' src='screenShot\1569414588579brick version.png' data-src='screenShot\1569414588579brick version.png'>
				</td>
			</tr>
			<tr class='log' status='info'>
				<td class='status info' title='info' alt='info'><i class='material-icons'>info_outline</i></td>
				<td class='timestamp'>7:29:55 PM</td>
				<td class='step-details'>
						refID: 65573768
					
				</td>
			</tr>
			<tr class='log' status='info'>
				<td class='status info' title='info' alt='info'><i class='material-icons'>info_outline</i></td>
				<td class='timestamp'>7:30:05 PM</td>
				<td class='step-details'>
						3ds
					<img class='r-img' onerror='this.style.display="none"' data-featherlight='screenShot\15694146047823ds.png' src='screenShot\15694146047823ds.png' data-src='screenShot\15694146047823ds.png'>
				</td>
			</tr>
			<tr class='log' status='info'>
				<td class='status info' title='info' alt='info'><i class='material-icons'>info_outline</i></td>
				<td class='timestamp'>7:30:11 PM</td>
				<td class='step-details'>
						t_id: 41812
					
				</td>
			</tr>
			<tr class='log' status='info'>
				<td class='status info' title='info' alt='info'><i class='material-icons'>info_outline</i></td>
				<td class='timestamp'>7:30:15 PM</td>
				<td class='step-details'>
						lookup_response: <pre><xmp><?xml version="1.0" encoding="UTF-8"?><CardinalMPI>
     <RawACSUrl>https://merchantacsstag.cardinalcommerce.com/MerchantACSWeb/pareq.jsp?vaa=b&amp;gold=AAAAAAAAAAAAAAAAAAAAAAAAAAAAAAAAAAAAAAAAAAAAAAAAAAAAAAAAAAAAAAAAAAAAAAAAAAAAAAAAAAAAAAAAAAAAAAAAAAAAAAAAAAAAAAAAAAAAAAAAAAAAAAAAAAAAAAAAAAAAAAAAAAAAAAAAAAAAAAAAAAAAAAAAAAAAAAAAAAAAAAAAAAAAAAAAAAAAAAAAAAAAAAAAAAAAAAAAAAAAAAAAAAAAAAAAAAAAAAAAAAAAAAAAAAAAAAAAAAAAAAAAAAAAAAAAAAAAAAAAAAAAAAAAAAAAAAAAAAAAAAAAAAAAAAAAAAAAAAAAAAAAAAAAAAAAAAAAAAAAAAAAAAAAAAAAAAAAAAAAAAAAAAAAAAAAAAAAAAAAAAAAAAAAAAAAAAAAAAAAAAAAAAAAAAAAAAAAAAAAAAAAAAAAAAAAAAAAAAAAAAAAAAAAAAAAAAAAAAAAAAAAAAAAAAAAAAAAAAAAAAAAAAAAAAAAAAAAAAAAAAAAAAAAAAAAAAAAAAAAAAAAAAAAAAAAAAAAAAAAAAAAAAAAAAAAAAAAAAAAAAAAAAAAAAAAAAAAAAAAAAAAAAAAAAAAAAAAAAAAAAAAAAAAAAAAAAAAAAAAAAAAAAAAAAAAAAAAAAAAAAAAAAAAAAAAAAAAAAAAAAAAAAAAAAAAAAAAAAAAAAAAAAAAAAAAAAAAAAAAAAAAAAAAAAAAAAAAAAAAAAAAAAAAAAAAAAAAAAAAAAAAAAAAAAAAAAAAAAAAAAAAAAAAAAAAAAAAAAAAAAAAAAAAAAAAAAAAAAAAAAAAAAAAAAAAAAAAAAAAAAAAAAAAAAAAAAAAAAAAAAAAAAAAAAAAAAAAAAAAAAAAAAAAAAAAAAAAAAAAAAAAAAAAAAAAAAAAAAAAAAAAAAAAAAAAAAAAAAAAAAAAAAAAAAAAAAAAAAAAAAAAAAAAAAAAAAAAAAAAAAAAAAAAAAAAAAAAAAAAAAAAAAAAAAAAAAAAAAAAAAAAAAAAAAAAAAAAAAAAAAAAAAAAAAAAAAAAAAAAAAAAAAAAAAAAAAAAAAAAAAAAAAAAAAAAAAAAAAAAAAAAAAAAAAAAAAAAAAAAAAAAAAAAAAAAAAAAAAAAAAAAAAAAAAAAAAAAAAAAAAAAAAAAAAAAAAAAAAAAAAAAAAAAAAAAAAAAAAAAAAAAAAAAAAAAAAAAAAAAAAAAAAAAAAAAAAAAAAAAAAAAAAAAAAAAAAAAAAAAAAAAAAAAAAAAAAAAAAAAAAAAAAAAAAAAAAAAAAAAAAAAAAAAAAAAAAAAAAAAAAAAAAAAAAAAAAAAAAAAAAAAAAAAAAAAAAAAAAAAAAAAAAAAAAAAAAAAAAAAAAAAAAAAAAAAAAAAAAAAAAAAAAAAAAAAAAAAAAAAAAAAAAAAAAAAAAAAAAAAAAAAAAAAAAAAAAAAAAAAAAAAAAAAAAAAAAAAAAAAAAAAAAAAAAAAAAAAAAAAAAAAAAAAAAAAAAAAAAAA</RawACSUrl>
     <AuthenticationPath>ENROLLED</AuthenticationPath>
     <CardBin>520000</CardBin>
     <ThreeDSVersion>1.0.2</ThreeDSVersion>
     <ErrorDesc/>
     <ACSUrl>https://0eafstag.cardinalcommerce.com/EAFService/jsp/v1/redirect</ACSUrl>
     <ErrorNo>0</ErrorNo>
     <Payload>P.22836c6eb460f2d2fb6fea5969b659a2502f2f17cfe95071e22f89eba434c0fa4f82577976044e4cc6beb4d79ab1ec4017d770c64bb1e8b7c652d021db524ba8876751a01747bcce9db0c9e9977c0d19</Payload>
     <EciFlag>00</EciFlag>
     <Enrolled>Y</Enrolled>
     <TransactionId>a238KInNidrRhiO49pJ0</TransactionId>
     <UCAFIndicator>0</UCAFIndicator>
     <OrderId>8010660896150853</OrderId>
     <CardBrand>MASTERCARD</CardBrand>
</CardinalMPI>
</xmp></pre>
					
				</td>
			</tr>
			<tr class='log' status='fail'>
				<td class='status fail' title='fail' alt='fail'><i class='material-icons'>cancel</i></td>
				<td class='timestamp'>7:30:18 PM</td>
				<td class='step-details'>
						<textarea disabled class="code-block">javax.xml.transform.TransformerException: org.xml.sax.SAXParseException; lineNumber: 1; columnNumber: 1; Content is not allowed in prolog.
	at com.sun.org.apache.xalan.internal.xsltc.trax.TransformerImpl.transform(TransformerImpl.java:740)
	at com.sun.org.apache.xalan.internal.xsltc.trax.TransformerImpl.transform(TransformerImpl.java:343)
	at automation.project3ds.PrettyPrint.formatXML(PrettyPrint.java:28)
	at automation.project3ds.Z2.getAuthResponseV1(Z2.java:113)
	at automation.project3ds.Z2.getAuthResponseV1(Z2.java:98)
	at automation.project3ds.Action.assertResultV1(Action.java:155)
	at automation.project3ds.oldTest.BrickWidget_ON1_Test.execute(BrickWidget_ON1_Test.java:70)
	at sun.reflect.NativeMethodAccessorImpl.invoke0(Native Method)
	at sun.reflect.NativeMethodAccessorImpl.invoke(NativeMethodAccessorImpl.java:62)
	at sun.reflect.DelegatingMethodAccessorImpl.invoke(DelegatingMethodAccessorImpl.java:43)
	at java.lang.reflect.Method.invoke(Method.java:498)
	at org.testng.internal.MethodInvocationHelper.invokeMethod(MethodInvocationHelper.java:124)
	at org.testng.internal.Invoker.invokeMethod(Invoker.java:583)
	at org.testng.internal.Invoker.invokeTestMethod(Invoker.java:719)
	at org.testng.internal.Invoker.invokeTestMethods(Invoker.java:989)
	at org.testng.internal.TestMethodWorker.invokeTestMethods(TestMethodWorker.java:125)
	at org.testng.internal.TestMethodWorker.run(TestMethodWorker.java:109)
	at org.testng.TestRunner.privateRun(TestRunner.java:648)
	at org.testng.TestRunner.run(TestRunner.java:505)
	at org.testng.SuiteRunner.runTest(SuiteRunner.java:455)
	at org.testng.SuiteRunner.runSequentially(SuiteRunner.java:450)
	at org.testng.SuiteRunner.privateRun(SuiteRunner.java:415)
	at org.testng.SuiteRunner.run(SuiteRunner.java:364)
	at org.testng.SuiteRunnerWorker.runSuite(SuiteRunnerWorker.java:52)
	at org.testng.SuiteRunnerWorker.run(SuiteRunnerWorker.java:84)
	at org.testng.TestNG.runSuitesSequentially(TestNG.java:1208)
	at org.testng.TestNG.runSuitesLocally(TestNG.java:1137)
	at org.testng.TestNG.runSuites(TestNG.java:1049)
	at org.testng.TestNG.run(TestNG.java:1017)
	at org.testng.remote.AbstractRemoteTestNG.run(AbstractRemoteTestNG.java:115)
	at org.testng.remote.RemoteTestNG.initAndRun(RemoteTestNG.java:251)
	at org.testng.remote.RemoteTestNG.main(RemoteTestNG.java:77)
Caused by: org.xml.sax.SAXParseException; lineNumber: 1; columnNumber: 1; Content is not allowed in prolog.
	at com.sun.org.apache.xerces.internal.parsers.AbstractSAXParser.parse(AbstractSAXParser.java:1239)
	at com.sun.org.apache.xerces.internal.jaxp.SAXParserImpl$JAXPSAXParser.parse(SAXParserImpl.java:643)
	at com.sun.org.apache.xalan.internal.xsltc.trax.TransformerImpl.transformIdentity(TransformerImpl.java:632)
	at com.sun.org.apache.xalan.internal.xsltc.trax.TransformerImpl.transform(TransformerImpl.java:728)
	... 31 more
---------
org.xml.sax.SAXParseException; lineNumber: 1; columnNumber: 1; Content is not allowed in prolog.
	at com.sun.org.apache.xerces.internal.parsers.AbstractSAXParser.parse(AbstractSAXParser.java:1239)
	at com.sun.org.apache.xerces.internal.jaxp.SAXParserImpl$JAXPSAXParser.parse(SAXParserImpl.java:643)
	at com.sun.org.apache.xalan.internal.xsltc.trax.TransformerImpl.transformIdentity(TransformerImpl.java:632)
	at com.sun.org.apache.xalan.internal.xsltc.trax.TransformerImpl.transform(TransformerImpl.java:728)
	at com.sun.org.apache.xalan.internal.xsltc.trax.TransformerImpl.transform(TransformerImpl.java:343)
	at automation.project3ds.PrettyPrint.formatXML(PrettyPrint.java:28)
	at automation.project3ds.Z2.getAuthResponseV1(Z2.java:113)
	at automation.project3ds.Z2.getAuthResponseV1(Z2.java:98)
	at automation.project3ds.Action.assertResultV1(Action.java:155)
	at automation.project3ds.oldTest.BrickWidget_ON1_Test.execute(BrickWidget_ON1_Test.java:70)
	at sun.reflect.NativeMethodAccessorImpl.invoke0(Native Method)
	at sun.reflect.NativeMethodAccessorImpl.invoke(NativeMethodAccessorImpl.java:62)
	at sun.reflect.DelegatingMethodAccessorImpl.invoke(DelegatingMethodAccessorImpl.java:43)
	at java.lang.reflect.Method.invoke(Method.java:498)
	at org.testng.internal.MethodInvocationHelper.invokeMethod(MethodInvocationHelper.java:124)
	at org.testng.internal.Invoker.invokeMethod(Invoker.java:583)
	at org.testng.internal.Invoker.invokeTestMethod(Invoker.java:719)
	at org.testng.internal.Invoker.invokeTestMethods(Invoker.java:989)
	at org.testng.internal.TestMethodWorker.invokeTestMethods(TestMethodWorker.java:125)
	at org.testng.internal.TestMethodWorker.run(TestMethodWorker.java:109)
	at org.testng.TestRunner.privateRun(TestRunner.java:648)
	at org.testng.TestRunner.run(TestRunner.java:505)
	at org.testng.SuiteRunner.runTest(SuiteRunner.java:455)
	at org.testng.SuiteRunner.runSequentially(SuiteRunner.java:450)
	at org.testng.SuiteRunner.privateRun(SuiteRunner.java:415)
	at org.testng.SuiteRunner.run(SuiteRunner.java:364)
	at org.testng.SuiteRunnerWorker.runSuite(SuiteRunnerWorker.java:52)
	at org.testng.SuiteRunnerWorker.run(SuiteRunnerWorker.java:84)
	at org.testng.TestNG.runSuitesSequentially(TestNG.java:1208)
	at org.testng.TestNG.runSuitesLocally(TestNG.java:1137)
	at org.testng.TestNG.runSuites(TestNG.java:1049)
	at org.testng.TestNG.run(TestNG.java:1017)
	at org.testng.remote.AbstractRemoteTestNG.run(AbstractRemoteTestNG.java:115)
	at org.testng.remote.RemoteTestNG.initAndRun(RemoteTestNG.java:251)
	at org.testng.remote.RemoteTestNG.main(RemoteTestNG.java:77)
</textarea>
					
				</td>
			</tr>
			<tr class='log' status='fail'>
				<td class='status fail' title='fail' alt='fail'><i class='material-icons'>cancel</i></td>
				<td class='timestamp'>7:30:18 PM</td>
				<td class='step-details'>
						Test Failed
					
				</td>
			</tr>
		</tbody>
	</table>
</div>
					</div>
				</li>
				<li class='test displayed active  pass' status='pass' bdd='false' test-id='61'>
					<div class='test-heading'>
						<span class='test-name'>BrickWidget_ON1_Test.execute (5200000000000023 )</span>
						<span class='test-time'>Sep 25, 2019 07:30:18 PM</span>
						<span class='test-status right pass'>pass</span>
					</div>
					<div class='test-content hide'>
<div class='test-time-info'>
	<span class='label start-time'>Sep 25, 2019 07:30:18 PM</span>
	<span class='label end-time'>Sep 25, 2019 07:31:06 PM</span>
	<span class='label time-taken grey lighten-1 white-text'>0h 0m 47s+999ms</span>
</div>
<div class='test-attributes'>
	<div class='category-list'>
		<span class='category label'>BrickWidget_ON1_Test</span>
	</div>
</div>
<div class='test-steps'>
	<table class='bordered table-results'>
		<thead>
			<tr>
				<th>Status</th>
				<th>Timestamp</th>
				<th>Details</th>
			</tr>
		</thead>
		<tbody>
			<tr class='log' status='info'>
				<td class='status info' title='info' alt='info'><i class='material-icons'>info_outline</i></td>
				<td class='timestamp'>7:30:18 PM</td>
				<td class='step-details'>
						Params: {other=, COLUMN_32=, cardholderVerificationMethod=, merchant_action=Merchant should not continue with authorization. Merchant should prompt for another form of payment and is not permitted to submit this transaction for authorization., finalPAResStatus=, Enrolled=Y, not continue=, EciFlag=value, finalEci=, ErrorDesc=blank, ErrorNo=0, ErrorNo2=0, Enable=1, finallCavv=, show process=, finalSignatureVerification=, testName=Test Case 3: Failed Authentication, SignatureVerification2=Y, expected_results_lookup=cmpi_lookup response
Enrolled = Y
ACSUrl = <Url>
Payload = <value>
ErrorNo = 0
ErrorDesc = <blank>, finalEnrolled=, expected_results_authentication=cmpi_authenticate response
PAResStatus = N
SignatureVerification = Y
EciFlag = 00
Xid = <Xid Value>
Cavv = <blank>
ErrorNo = 0
ErrorDesc = <blank>, EciFlag2=00, cavv and eci=, clickID=, Cavv2=blank, ErrorDesc2=blank, Scenario=Cardholder enrolled, unsuccessful authentication, successful signature verification., Xid=value, PAResStatus2=N, caseID=case15, Payload=value, PAN=5200000000000023, ACSUrl=value}
					
				</td>
			</tr>
			<tr class='log' status='info'>
				<td class='status info' title='info' alt='info'><i class='material-icons'>info_outline</i></td>
				<td class='timestamp'>7:30:18 PM</td>
				<td class='step-details'>
						CardNumber: 5200000000000023
					
				</td>
			</tr>
			<tr class='log' status='info'>
				<td class='status info' title='info' alt='info'><i class='material-icons'>info_outline</i></td>
				<td class='timestamp'>7:30:30 PM</td>
				<td class='step-details'>
						brick version
					<img class='r-img' onerror='this.style.display="none"' data-featherlight='screenShot\1569414629864brick version.png' src='screenShot\1569414629864brick version.png' data-src='screenShot\1569414629864brick version.png'>
				</td>
			</tr>
			<tr class='log' status='info'>
				<td class='status info' title='info' alt='info'><i class='material-icons'>info_outline</i></td>
				<td class='timestamp'>7:30:36 PM</td>
				<td class='step-details'>
						refID: 65573770
					
				</td>
			</tr>
			<tr class='log' status='info'>
				<td class='status info' title='info' alt='info'><i class='material-icons'>info_outline</i></td>
				<td class='timestamp'>7:30:52 PM</td>
				<td class='step-details'>
						3ds
					<img class='r-img' onerror='this.style.display="none"' data-featherlight='screenShot\15694146525923ds.png' src='screenShot\15694146525923ds.png' data-src='screenShot\15694146525923ds.png'>
				</td>
			</tr>
			<tr class='log' status='info'>
				<td class='status info' title='info' alt='info'><i class='material-icons'>info_outline</i></td>
				<td class='timestamp'>7:31:00 PM</td>
				<td class='step-details'>
						3ds
					<img class='r-img' onerror='this.style.display="none"' data-featherlight='screenShot\15694146603563ds.png' src='screenShot\15694146603563ds.png' data-src='screenShot\15694146603563ds.png'>
				</td>
			</tr>
			<tr class='log' status='info'>
				<td class='status info' title='info' alt='info'><i class='material-icons'>info_outline</i></td>
				<td class='timestamp'>7:31:02 PM</td>
				<td class='step-details'>
						t_id: 41813
					
				</td>
			</tr>
			<tr class='log' status='info'>
				<td class='status info' title='info' alt='info'><i class='material-icons'>info_outline</i></td>
				<td class='timestamp'>7:31:04 PM</td>
				<td class='step-details'>
						lookup_response: <pre><xmp><?xml version="1.0" encoding="UTF-8"?><CardinalMPI>
     <RawACSUrl>https://merchantacsstag.cardinalcommerce.com/MerchantACSWeb/pareq.jsp?vaa=b&amp;gold=AAAAAAAAAAAAAAAAAAAAAAAAAAAAAAAAAAAAAAAAAAAAAAAAAAAAAAAAAAAAAAAAAAAAAAAAAAAAAAAAAAAAAAAAAAAAAAAAAAAAAAAAAAAAAAAAAAAAAAAAAAAAAAAAAAAAAAAAAAAAAAAAAAAAAAAAAAAAAAAAAAAAAAAAAAAAAAAAAAAAAAAAAAAAAAAAAAAAAAAAAAAAAAAAAAAAAAAAAAAAAAAAAAAAAAAAAAAAAAAAAAAAAAAAAAAAAAAAAAAAAAAAAAAAAAAAAAAAAAAAAAAAAAAAAAAAAAAAAAAAAAAAAAAAAAAAAAAAAAAAAAAAAAAAAAAAAAAAAAAAAAAAAAAAAAAAAAAAAAAAAAAAAAAAAAAAAAAAAAAAAAAAAAAAAAAAAAAAAAAAAAAAAAAAAAAAAAAAAAAAAAAAAAAAAAAAAAAAAAAAAAAAAAAAAAAAAAAAAAAAAAAAAAAAAAAAAAAAAAAAAAAAAAAAAAAAAAAAAAAAAAAAAAAAAAAAAAAAAAAAAAAAAAAAAAAAAAAAAAAAAAAAAAAAAAAAAAAAAAAAAAAAAAAAAAAAAAAAAAAAAAAAAAAAAAAAAAAAAAAAAAAAAAAAAAAAAAAAAAAAAAAAAAAAAAAAAAAAAAAAAAAAAAAAAAAAAAAAAAAAAAAAAAAAAAAAAAAAAAAAAAAAAAAAAAAAAAAAAAAAAAAAAAAAAAAAAAAAAAAAAAAAAAAAAAAAAAAAAAAAAAAAAAAAAAAAAAAAAAAAAAAAAAAAAAAAAAAAAAAAAAAAAAAAAAAAAAAAAAAAAAAAAAAAAAAAAAAAAAAAAAAAAAAAAAAAAAAAAAAAAAAAAAAAAAAAAAAAAAAAAAAAAAAAAAAAAAAAAAAAAAAAAAAAAAAAAAAAAAAAAAAAAAAAAAAAAAAAAAAAAAAAAAAAAAAAAAAAAAAAAAAAAAAAAAAAAAAAAAAAAAAAAAAAAAAAAAAAAAAAAAAAAAAAAAAAAAAAAAAAAAAAAAAAAAAAAAAAAAAAAAAAAAAAAAAAAAAAAAAAAAAAAAAAAAAAAAAAAAAAAAAAAAAAAAAAAAAAAAAAAAAAAAAAAAAAAAAAAAAAAAAAAAAAAAAAAAAAAAAAAAAAAAAAAAAAAAAAAAAAAAAAAAAAAAAAAAAAAAAAAAAAAAAAAAAAAAAAAAAAAAAAAAAAAAAAAAAAAAAAAAAAAAAAAAAAAAAAAAAAAAAAAAAAAAAAAAAAAAAAAAAAAAAAAAAAAAAAAAAAAAAAAAAAAAAAAAAAAAAAAAAAAAAAAAAAAAAAAAAAAAAAAAAAAAAAAAAAAAAAAAAAAAAAAAAAAAAAAAAAAAAAAAAAAAAAAAAAAAAAAAAAAAAAAAAAAAAAAAAAAAAAAAAAAAAAAAAAAAAAAAAAAAAAAAAAAAAAAAAAAAAAAAAAAAAAAAAAAAAAAAAAAAAAAAAAAAAAAAAAAAAAAAAAAAAAAAAAAAAAAAAAAAAAAAAAAAAAAAAA</RawACSUrl>
     <AuthenticationPath>RIBA</AuthenticationPath>
     <CardBin>520000</CardBin>
     <ThreeDSVersion>1.0.2</ThreeDSVersion>
     <ErrorDesc/>
     <ACSUrl>https://0eafstag.cardinalcommerce.com/EAFService/jsp/v1/redirect</ACSUrl>
     <ErrorNo>0</ErrorNo>
     <Payload>P.b4ccb873fdab34d07254f8f9e71760c76f94a10a0cb4741516b582f4967e989c908043ef03427f6ccf6c0696a39b08427691a411421188087678b155ecbb2bd61fe379ef168317ffecae18fe857e50d3</Payload>
     <EciFlag>00</EciFlag>
     <Enrolled>Y</Enrolled>
     <TransactionId>gw5syX1OhwNPX87S5bh0</TransactionId>
     <UCAFIndicator>0</UCAFIndicator>
     <OrderId>8010942942239231</OrderId>
     <CardBrand>MASTERCARD</CardBrand>
</CardinalMPI>
</xmp></pre>
					
				</td>
			</tr>
			<tr class='log' status='info'>
				<td class='status info' title='info' alt='info'><i class='material-icons'>info_outline</i></td>
				<td class='timestamp'>7:31:06 PM</td>
				<td class='step-details'>
						lookup_response: <pre><xmp><?xml version="1.0" encoding="UTF-8"?><CardinalMPI>
     <UCAFIndicator>0</UCAFIndicator>
     <Xid>Z3c1c3lYMU9od05QWDg3UzViaDA=</Xid>
     <PAResStatus>N</PAResStatus>
     <EciFlag>00</EciFlag>
     <TransactionId>gw5syX1OhwNPX87S5bh0</TransactionId>
     <ThreeDSVersion>1.0.2</ThreeDSVersion>
     <SignatureVerification>Y</SignatureVerification>
     <CardBin>520000</CardBin>
     <ErrorDesc/>
     <ErrorNo>0</ErrorNo>
     <CardBrand>MASTERCARD</CardBrand>
     <Cavv/>
</CardinalMPI>
</xmp></pre>
					
				</td>
			</tr>
			<tr class='log' status='info'>
				<td class='status info' title='info' alt='info'><i class='material-icons'>info_outline</i></td>
				<td class='timestamp'>7:31:06 PM</td>
				<td class='step-details'>
						[PAResStatus2] expected {N} to equal to actual {N}<br />[SignitureVerification2] expected {Y} to equal to actual {Y}<br />[Cavv2] expected {} to equal to actual {}<br />[EciFlag2] expected {00} to equal to actual {00}<br />[ErrorNo2] expected {0} to equal to actual {0}<br />[ErrorDesc2] expected {} to equal to actual {}<br />[Xid] expected {null} to not equal to actual {Z3c1c3lYMU9od05QWDg3UzViaDA=}<br />[Version] expected {1} to equal to actual {1}<br />[Enrolled] expected {Y} to equal to actual {Y}<br />[EciFlag] expected {null} to not equal to actual {00}<br />[ACSUrl] expected {null} to not equal to actual {https://0eafstag.cardinalcommerce.com/EAFService/jsp/v1/redirect}<br />[Payload] expected {null} to not equal to actual {P.b4ccb873fdab34d07254f8f9e71760c76f94a10a0cb4741516b582f4967e989c908043ef03427f6ccf6c0696a39b08427691a411421188087678b155ecbb2bd61fe379ef168317ffecae18fe857e50d3}<br />[ErrorNo] expected {0} to equal to actual {0}<br />[ErrorDesc] expected {} to equal to actual {}<br />
					
				</td>
			</tr>
			<tr class='log' status='pass'>
				<td class='status pass' title='pass' alt='pass'><i class='material-icons'>check_circle</i></td>
				<td class='timestamp'>7:31:06 PM</td>
				<td class='step-details'>
						Test passed
					
				</td>
			</tr>
		</tbody>
	</table>
</div>
					</div>
				</li>
			</ul>
		</div>
	</div>
	<!-- subview left -->
	<div class='subview-right left'>
		<div class='view-summary'>
			<div id='step-filters' class="right sr-filters">
				<a class="btn-floating waves-effect waves-light green" status="pass" alt="pass" title="pass"><i class="material-icons">check_circle</i></a>
				<a class="btn-floating waves-effect waves-light red" status="fail" alt="fail" title="fail"><i class="material-icons">cancel</i></a>
				<a class="btn-floating waves-effect waves-light red darken-4" status="fatal" alt="fatal" title="fatal"><i class="material-icons">cancel</i></a>
				<a class="btn-floating waves-effect waves-light pink text-lighten-1" status="error" alt="error" title="error"><i class="material-icons">error</i></a>
				<a class="btn-floating waves-effect waves-light orange" alt="warning" status="warning" title="warning"><i class="material-icons">warning</i></a>
				<a class="btn-floating waves-effect waves-light teal" status="skip" alt="skip" title="skip"><i class="material-icons">redo</i></a>
				<a class="btn-floating waves-effect waves-light grey" status="clear" alt="Clear filters" title="Clear filters"><i class="material-icons">clear</i></a>
			</div>
			<h5 class='test-name'></h5>
		</div>
	</div>
	<!-- subview right -->
</div>
<!-- test view --><div id='category-view' class='view hide'>
	<section id='controls'>
		<div class='controls grey lighten-4'>
			<!-- search -->
			<div class='chip transparent' alt='Search Tests' title='Search Tests'>
				<a href="#" class='search-div'>
				<i class='material-icons'>search</i> Search
				</a>
				<div class='input-field left hide'>
					<input id='search-tests' type='text' class='validate browser-default' placeholder='Search Tests...'>
				</div>
			</div>
			<!-- search -->
		</div>
	</section>
	<div class='subview-left left'>
		<div class='view-summary'>
			<ul id='category-collection' class='category-collection'>
				<li class='category displayed active'>
					<div class='category-heading'>
						<span class='category-name'>BrickWidget_ON1_Test</span>
						<span class='category-status right'>
						<span class='label pass'>1</span>
						<span class='label fail'>2</span>
						</span>
					</div>
					<div class='category-content hide'>
						<div class='category-status-counts'>
							<span status="pass" class='label green accent-4 white-text'>Passed: 1</span>
							<span status="fail" class='label red lighten-1 white-text'>Failed: 2</span>
							
						</div>
						<div class='category-tests'>
							<table class='bordered table-results'>
								<thead>
									<tr>
										<th>Timestamp</th>
										<th>TestName</th>
										<th>Status</th>
									</tr>
								</thead>
								<tbody>
									<tr>
										<td>Sep 25, 2019 07:29:00 PM</td>
										<td class='linked' test-id='1'>BrickWidget_ON1_Test.execute (5200000000000007 )</td>
										<td><span class='test-status fail'>fail</span></td>
									</tr>
									<tr>
										<td>Sep 25, 2019 07:29:37 PM</td>
										<td class='linked' test-id='31'>BrickWidget_ON1_Test.execute (5200000000000015 )</td>
										<td><span class='test-status fail'>fail</span></td>
									</tr>
									<tr>
										<td>Sep 25, 2019 07:30:18 PM</td>
										<td class='linked' test-id='61'>BrickWidget_ON1_Test.execute (5200000000000023 )</td>
										<td><span class='test-status pass'>pass</span></td>
									</tr>
								</tbody>
							</table>
						</div>
					</div>
				</li>
			</ul>
		</div>
	</div>
	<div class='subview-right left'>
		<div class='view-summary'>
			<h5 class='category-name'></h5>
		</div>
	</div>
</div>
<!-- category view --><div id='exception-view' class='view hide'>
	<section id='controls'>
		<div class='controls grey lighten-4'>
			<!-- search -->
			<div class='chip transparent' alt='Search Tests' title='Search Tests'>
				<a href="#" class='search-div'>
				<i class='material-icons'>search</i> Search
				</a>
				<div class='input-field left hide'>
					<input id='search-tests' type='text' class='validate browser-default' placeholder='Search Tests...'>
				</div>
			</div>
			<!-- search -->
		</div>
	</section>
	<div class='subview-left left'>
		<div class='view-summary'>
			<ul id='exception-collection' class='exception-collection'>
				<li class='exception displayed active'>
					<div class='exception-heading'>
						<span class='exception-name'>org.openqa.selenium.NoSuchFrameException</span>
						<span class='exception-count right'><span class='label red lighten-1 white-text'>1</span></span>
					</div>
					<div class='exception-content hide'>
						<div class='exception-tests'>
							<table class='bordered table-results'>
								<thead>
									<tr>
										<th>Timestamp</th>
										<th>TestName</th>
										<th>Status</th>
									</tr>
								</thead>
								<tbody>
									<tr>
										<td>Sep 25, 2019 07:29:00 PM</td>
										<td class='linked' test-id='1'>BrickWidget_ON1_Test.execute (5200000000000007 )</td>
										<td>
											<textarea disabled class="code-block">org.openqa.selenium.NoSuchFrameException: no such frame: element is not a frame
  (Session info: chrome=76.0.3809.132)
  (Driver info: chromedriver=2.42.591088 (7b2b2dca23cca0862f674758c9a3933e685c27d5),platform=Windows NT 10.0.18362 x86_64) (WARNING: The server did not provide any stacktrace information)
Command duration or timeout: 0 milliseconds
Build info: version: '3.141.59', revision: 'e82be7d358', time: '2018-11-14T08:17:03'
System info: host: 'PW-HAN-063', ip: '192.168.10.136', os.name: 'Windows 10', os.arch: 'amd64', os.version: '10.0', java.version: '1.8.0_221'
Driver info: org.openqa.selenium.chrome.ChromeDriver
Capabilities {acceptInsecureCerts: false, acceptSslCerts: false, applicationCacheEnabled: false, browserConnectionEnabled: false, browserName: chrome, chrome: {chromedriverVersion: 2.42.591088 (7b2b2dca23cca0..., userDataDir: C:\Users\chase\AppData\Loca...}, cssSelectorsEnabled: true, databaseEnabled: false, goog:chromeOptions: {debuggerAddress: localhost:49793}, handlesAlerts: true, hasTouchScreen: false, javascriptEnabled: true, locationContextEnabled: true, mobileEmulationEnabled: false, nativeEvents: true, networkConnectionEnabled: false, pageLoadStrategy: normal, platform: XP, platformName: XP, rotatable: false, setWindowRect: true, takesHeapSnapshot: true, takesScreenshot: true, unexpectedAlertBehaviour: , unhandledPromptBehavior: , version: 76.0.3809.132, webStorageEnabled: true}
Session ID: 7352741cb93c3e4bfbc56f926add6474
	at sun.reflect.NativeConstructorAccessorImpl.newInstance0(Native Method)
	at sun.reflect.NativeConstructorAccessorImpl.newInstance(NativeConstructorAccessorImpl.java:62)
	at sun.reflect.DelegatingConstructorAccessorImpl.newInstance(DelegatingConstructorAccessorImpl.java:45)
	at java.lang.reflect.Constructor.newInstance(Constructor.java:423)
	at org.openqa.selenium.remote.ErrorHandler.createThrowable(ErrorHandler.java:214)
	at org.openqa.selenium.remote.ErrorHandler.throwIfResponseFailed(ErrorHandler.java:166)
	at org.openqa.selenium.remote.http.JsonHttpResponseCodec.reconstructValue(JsonHttpResponseCodec.java:40)
	at org.openqa.selenium.remote.http.AbstractHttpResponseCodec.decode(AbstractHttpResponseCodec.java:80)
	at org.openqa.selenium.remote.http.AbstractHttpResponseCodec.decode(AbstractHttpResponseCodec.java:44)
	at org.openqa.selenium.remote.HttpCommandExecutor.execute(HttpCommandExecutor.java:158)
	at org.openqa.selenium.remote.service.DriverCommandExecutor.execute(DriverCommandExecutor.java:83)
	at org.openqa.selenium.remote.RemoteWebDriver.execute(RemoteWebDriver.java:552)
	at org.openqa.selenium.remote.RemoteWebDriver$RemoteTargetLocator.frame(RemoteWebDriver.java:892)
	at automation.project3ds.BrickWidgetHome$MainIframe$Iframecc$PurchaseIframe.getAuthWindow(BrickWidgetHome.java:265)
	at automation.project3ds.BrickWidgetHome.returnRefID(BrickWidgetHome.java:339)
	at automation.project3ds.oldTest.BrickWidget_ON1_Test.execute(BrickWidget_ON1_Test.java:66)
	at sun.reflect.NativeMethodAccessorImpl.invoke0(Native Method)
	at sun.reflect.NativeMethodAccessorImpl.invoke(NativeMethodAccessorImpl.java:62)
	at sun.reflect.DelegatingMethodAccessorImpl.invoke(DelegatingMethodAccessorImpl.java:43)
	at java.lang.reflect.Method.invoke(Method.java:498)
	at org.testng.internal.MethodInvocationHelper.invokeMethod(MethodInvocationHelper.java:124)
	at org.testng.internal.Invoker.invokeMethod(Invoker.java:583)
	at org.testng.internal.Invoker.invokeTestMethod(Invoker.java:719)
	at org.testng.internal.Invoker.invokeTestMethods(Invoker.java:989)
	at org.testng.internal.TestMethodWorker.invokeTestMethods(TestMethodWorker.java:125)
	at org.testng.internal.TestMethodWorker.run(TestMethodWorker.java:109)
	at org.testng.TestRunner.privateRun(TestRunner.java:648)
	at org.testng.TestRunner.run(TestRunner.java:505)
	at org.testng.SuiteRunner.runTest(SuiteRunner.java:455)
	at org.testng.SuiteRunner.runSequentially(SuiteRunner.java:450)
	at org.testng.SuiteRunner.privateRun(SuiteRunner.java:415)
	at org.testng.SuiteRunner.run(SuiteRunner.java:364)
	at org.testng.SuiteRunnerWorker.runSuite(SuiteRunnerWorker.java:52)
	at org.testng.SuiteRunnerWorker.run(SuiteRunnerWorker.java:84)
	at org.testng.TestNG.runSuitesSequentially(TestNG.java:1208)
	at org.testng.TestNG.runSuitesLocally(TestNG.java:1137)
	at org.testng.TestNG.runSuites(TestNG.java:1049)
	at org.testng.TestNG.run(TestNG.java:1017)
	at org.testng.remote.AbstractRemoteTestNG.run(AbstractRemoteTestNG.java:115)
	at org.testng.remote.RemoteTestNG.initAndRun(RemoteTestNG.java:251)
	at org.testng.remote.RemoteTestNG.main(RemoteTestNG.java:77)
</textarea>
										</td>
									</tr>
								</tbody>
							</table>
						</div>
					</div>
				</li>
				<li class='exception displayed active'>
					<div class='exception-heading'>
						<span class='exception-name'>javax.xml.transform.TransformerException</span>
						<span class='exception-count right'><span class='label red lighten-1 white-text'>1</span></span>
					</div>
					<div class='exception-content hide'>
						<div class='exception-tests'>
							<table class='bordered table-results'>
								<thead>
									<tr>
										<th>Timestamp</th>
										<th>TestName</th>
										<th>Status</th>
									</tr>
								</thead>
								<tbody>
									<tr>
										<td>Sep 25, 2019 07:29:37 PM</td>
										<td class='linked' test-id='31'>BrickWidget_ON1_Test.execute (5200000000000015 )</td>
										<td>
											<textarea disabled class="code-block">javax.xml.transform.TransformerException: org.xml.sax.SAXParseException; lineNumber: 1; columnNumber: 1; Content is not allowed in prolog.
	at com.sun.org.apache.xalan.internal.xsltc.trax.TransformerImpl.transform(TransformerImpl.java:740)
	at com.sun.org.apache.xalan.internal.xsltc.trax.TransformerImpl.transform(TransformerImpl.java:343)
	at automation.project3ds.PrettyPrint.formatXML(PrettyPrint.java:28)
	at automation.project3ds.Z2.getAuthResponseV1(Z2.java:113)
	at automation.project3ds.Z2.getAuthResponseV1(Z2.java:98)
	at automation.project3ds.Action.assertResultV1(Action.java:155)
	at automation.project3ds.oldTest.BrickWidget_ON1_Test.execute(BrickWidget_ON1_Test.java:70)
	at sun.reflect.NativeMethodAccessorImpl.invoke0(Native Method)
	at sun.reflect.NativeMethodAccessorImpl.invoke(NativeMethodAccessorImpl.java:62)
	at sun.reflect.DelegatingMethodAccessorImpl.invoke(DelegatingMethodAccessorImpl.java:43)
	at java.lang.reflect.Method.invoke(Method.java:498)
	at org.testng.internal.MethodInvocationHelper.invokeMethod(MethodInvocationHelper.java:124)
	at org.testng.internal.Invoker.invokeMethod(Invoker.java:583)
	at org.testng.internal.Invoker.invokeTestMethod(Invoker.java:719)
	at org.testng.internal.Invoker.invokeTestMethods(Invoker.java:989)
	at org.testng.internal.TestMethodWorker.invokeTestMethods(TestMethodWorker.java:125)
	at org.testng.internal.TestMethodWorker.run(TestMethodWorker.java:109)
	at org.testng.TestRunner.privateRun(TestRunner.java:648)
	at org.testng.TestRunner.run(TestRunner.java:505)
	at org.testng.SuiteRunner.runTest(SuiteRunner.java:455)
	at org.testng.SuiteRunner.runSequentially(SuiteRunner.java:450)
	at org.testng.SuiteRunner.privateRun(SuiteRunner.java:415)
	at org.testng.SuiteRunner.run(SuiteRunner.java:364)
	at org.testng.SuiteRunnerWorker.runSuite(SuiteRunnerWorker.java:52)
	at org.testng.SuiteRunnerWorker.run(SuiteRunnerWorker.java:84)
	at org.testng.TestNG.runSuitesSequentially(TestNG.java:1208)
	at org.testng.TestNG.runSuitesLocally(TestNG.java:1137)
	at org.testng.TestNG.runSuites(TestNG.java:1049)
	at org.testng.TestNG.run(TestNG.java:1017)
	at org.testng.remote.AbstractRemoteTestNG.run(AbstractRemoteTestNG.java:115)
	at org.testng.remote.RemoteTestNG.initAndRun(RemoteTestNG.java:251)
	at org.testng.remote.RemoteTestNG.main(RemoteTestNG.java:77)
Caused by: org.xml.sax.SAXParseException; lineNumber: 1; columnNumber: 1; Content is not allowed in prolog.
	at com.sun.org.apache.xerces.internal.parsers.AbstractSAXParser.parse(AbstractSAXParser.java:1239)
	at com.sun.org.apache.xerces.internal.jaxp.SAXParserImpl$JAXPSAXParser.parse(SAXParserImpl.java:643)
	at com.sun.org.apache.xalan.internal.xsltc.trax.TransformerImpl.transformIdentity(TransformerImpl.java:632)
	at com.sun.org.apache.xalan.internal.xsltc.trax.TransformerImpl.transform(TransformerImpl.java:728)
	... 31 more
---------
org.xml.sax.SAXParseException; lineNumber: 1; columnNumber: 1; Content is not allowed in prolog.
	at com.sun.org.apache.xerces.internal.parsers.AbstractSAXParser.parse(AbstractSAXParser.java:1239)
	at com.sun.org.apache.xerces.internal.jaxp.SAXParserImpl$JAXPSAXParser.parse(SAXParserImpl.java:643)
	at com.sun.org.apache.xalan.internal.xsltc.trax.TransformerImpl.transformIdentity(TransformerImpl.java:632)
	at com.sun.org.apache.xalan.internal.xsltc.trax.TransformerImpl.transform(TransformerImpl.java:728)
	at com.sun.org.apache.xalan.internal.xsltc.trax.TransformerImpl.transform(TransformerImpl.java:343)
	at automation.project3ds.PrettyPrint.formatXML(PrettyPrint.java:28)
	at automation.project3ds.Z2.getAuthResponseV1(Z2.java:113)
	at automation.project3ds.Z2.getAuthResponseV1(Z2.java:98)
	at automation.project3ds.Action.assertResultV1(Action.java:155)
	at automation.project3ds.oldTest.BrickWidget_ON1_Test.execute(BrickWidget_ON1_Test.java:70)
	at sun.reflect.NativeMethodAccessorImpl.invoke0(Native Method)
	at sun.reflect.NativeMethodAccessorImpl.invoke(NativeMethodAccessorImpl.java:62)
	at sun.reflect.DelegatingMethodAccessorImpl.invoke(DelegatingMethodAccessorImpl.java:43)
	at java.lang.reflect.Method.invoke(Method.java:498)
	at org.testng.internal.MethodInvocationHelper.invokeMethod(MethodInvocationHelper.java:124)
	at org.testng.internal.Invoker.invokeMethod(Invoker.java:583)
	at org.testng.internal.Invoker.invokeTestMethod(Invoker.java:719)
	at org.testng.internal.Invoker.invokeTestMethods(Invoker.java:989)
	at org.testng.internal.TestMethodWorker.invokeTestMethods(TestMethodWorker.java:125)
	at org.testng.internal.TestMethodWorker.run(TestMethodWorker.java:109)
	at org.testng.TestRunner.privateRun(TestRunner.java:648)
	at org.testng.TestRunner.run(TestRunner.java:505)
	at org.testng.SuiteRunner.runTest(SuiteRunner.java:455)
	at org.testng.SuiteRunner.runSequentially(SuiteRunner.java:450)
	at org.testng.SuiteRunner.privateRun(SuiteRunner.java:415)
	at org.testng.SuiteRunner.run(SuiteRunner.java:364)
	at org.testng.SuiteRunnerWorker.runSuite(SuiteRunnerWorker.java:52)
	at org.testng.SuiteRunnerWorker.run(SuiteRunnerWorker.java:84)
	at org.testng.TestNG.runSuitesSequentially(TestNG.java:1208)
	at org.testng.TestNG.runSuitesLocally(TestNG.java:1137)
	at org.testng.TestNG.runSuites(TestNG.java:1049)
	at org.testng.TestNG.run(TestNG.java:1017)
	at org.testng.remote.AbstractRemoteTestNG.run(AbstractRemoteTestNG.java:115)
	at org.testng.remote.RemoteTestNG.initAndRun(RemoteTestNG.java:251)
	at org.testng.remote.RemoteTestNG.main(RemoteTestNG.java:77)
</textarea>
										</td>
									</tr>
								</tbody>
							</table>
						</div>
					</div>
				</li>
			</ul>
		</div>
	</div>
	<div class='subview-right left'>
		<div class='view-summary'>
			<h5 class='exception-name'></h5>
		</div>
	</div>
</div>
<!-- exception view --><div id='dashboard-view' class='view hide'>
	<div class='card-panel transparent np-v'>
		<h5>Dashboard</h5>

		<div class='row'>
			<div class='col s2'>
				<div class='card-panel r'>
					Tests
					<div class='panel-lead'>3</div>
				</div>
			</div>
			<div class='col s2'>
				<div class='card-panel r'>
					Steps
					<div class='panel-lead'>0</div>
				</div>
			</div>
			<div class='col s2'>
				<div class='card-panel r'>
					Start
					<div class='panel-lead'>Sep 25, 2019 07:29:00 PM</div>
				</div>
			</div>
			<div class='col s2'>
				<div class='card-panel r'>
			 		End
			 		<div class='panel-lead'>Sep 25, 2019 07:31:06 PM</div>
				</div>
			</div>
			<div class='col s2'>
				<div class='card-panel r'>
					Time Taken
					<div class='panel-lead'>0h 2m 6s+513ms</div>
				</div>
			</div>
			<div class='col s6'>
				<div class='card-panel dashboard-categories'>
					<span class='right label cyan white-text'>Categories</span><p>&nbsp;</p>
					
					<table>
						<tr>
							<th>Name</th>
							<th>Passed</th>
							<th>Failed</th>
							<th>Others</th>
							<th>Passed %</th>
						</tr>
						<tr>
							<td>BrickWidget_ON1_Test</td>
							<td>1</td>
							<td>2</td>
							<td>0</td>
							<td>
									33.333%
							</td>
						</tr>
					</table>
				</div>
			</div>
		</div>
	</div>
</div>
<!-- dashboard view -->
<!-- testrunner-logs view -->		</div>
		<!-- container -->
		<script>
			var statusGroup = {
                parentCount: 3,
				passParent: 1,
				failParent: 2,
				fatalParent: 0,
				errorParent: 0,
				warningParent: 0,
				skipParent: 0,
				exceptionsParent: 2,
				childCount: 0,
				passChild: 0,
				failChild: 0,
				fatalChild: 0,
				errorChild: 0,
				warningChild: 0,
				skipChild: 0,
				infoChild: 0,
				debugChild: 0,
				exceptionsChild: 0,
				grandChildCount: 0,
				passGrandChild: 0,
				failGrandChild: 0,
				fatalGrandChild: 0,
				errorGrandChild: 0,
				warningGrandChild: 0,
				skipGrandChild: 0,
				infoGrandChild: 0,
				debugGrandChild: 0,
				exceptionsGrandChild: 0,
			};
		</script>
		<script>
			var timeline = {
			        "BrickWidget_ON1_Test.execute (5200000000000007 )":34.497,"BrickWidget_ON1_Test.execute (5200000000000015 )":40.295,"BrickWidget_ON1_Test.execute (5200000000000023 )":47.999
			};
		</script>
		<script src='https://cdn.rawgit.com/extent-framework/extent-github-cdn/b65cd69/v3html/js/extent.js' type='text/javascript'></script>
		<script type='text/javascript'>
		</script>
	</body>
</html>