<?xml version="1.0" encoding="UTF-8"?>
<!-- Generated by org.testng.reporters.JUnitXMLReporter -->
<testsuite hostname="DESKTOP-V097D2E" ignored="0" name="test1107" tests="2" failures="2" timestamp="09 Jul 2019 12:06:50 GMT" time="0.013" errors="0">
  <testcase name="meo" time="0.002" classname="automation.project3ds.Aa">
    <failure type="java.lang.AssertionError" message="The following asserts failed:
	[MESSAGE] expected [gau] but found [meo]">
      <![CDATA[java.lang.AssertionError: The following asserts failed:
[MESSAGE] expected [gau] but found [meo]
at automation.project3ds.MySoftAssertAll.assertAll(MySoftAssertAll.java:78)
at automation.project3ds.Aa.meo(Aa.java:24)
... Removed 26 stack frames]]>
    </failure>
  </testcase> <!-- meo -->
  <testcase name="meo" time="0.002" classname="automation.project3ds.Aa">
    <failure type="java.lang.AssertionError" message="The following asserts failed:
	[MESSAGE] expected [gau] but found [meo]">
      <![CDATA[java.lang.AssertionError: The following asserts failed:
[MESSAGE] expected [gau] but found [meo]
at automation.project3ds.MySoftAssertAll.assertAll(MySoftAssertAll.java:78)
at automation.project3ds.Aa.meo(Aa.java:24)
... Removed 26 stack frames]]>
    </failure>
  </testcase> <!-- meo -->
</testsuite> <!-- test1107 -->
