<?xml version="1.0" encoding="UTF-8"?>
<!-- Generated by org.testng.reporters.JUnitXMLReporter -->
<testsuite hostname="PW-HAN-063" ignored="0" name="threedsON" tests="2" failures="1" timestamp="29 Oct 2019 05:41:41 GMT" time="63.043" errors="0">
  <testcase name="@BeforeClass setUp" time="62.991" classname="threedsON.PS_ccbrazilhipercard_Test_3dsON">
    <failure type="org.openqa.selenium.NoSuchElementException" message="no such element: Unable to locate element: {&amp;quot;method&amp;quot;:&amp;quot;xpath&amp;quot;,&amp;quot;selector&amp;quot;:&amp;quot;//tr[./td[text()=&amp;apos;3ds_v2&amp;apos;]]//a[contains(@class,&amp;apos;activate action_link&amp;apos;)][not(contains(@style,&amp;apos;none&amp;apos;))]&amp;quot;}
  (Session info: chrome=78.0.3904.70)
  (Driver info: chromedriver=2.42.591088 (7b2b2dca23cca0862f674758c9a3933e685c27d5),platform=Windows NT 10.0.18362 x86_64) (WARNING: The server did not provide any stacktrace information)
Command duration or timeout: 0 milliseconds
For documentation on this error, please visit: https://www.seleniumhq.org/exceptions/no_such_element.html
Build info: version: &amp;apos;3.141.59&amp;apos;, revision: &amp;apos;e82be7d358&amp;apos;, time: &amp;apos;2018-11-14T08:17:03&amp;apos;
System info: host: &amp;apos;PW-HAN-063&amp;apos;, ip: &amp;apos;192.168.10.136&amp;apos;, os.name: &amp;apos;Windows 10&amp;apos;, os.arch: &amp;apos;amd64&amp;apos;, os.version: &amp;apos;10.0&amp;apos;, java.version: &amp;apos;1.8.0_221&amp;apos;
Driver info: org.openqa.selenium.chrome.ChromeDriver
Capabilities {acceptInsecureCerts: false, acceptSslCerts: false, applicationCacheEnabled: false, browserConnectionEnabled: false, browserName: chrome, chrome: {chromedriverVersion: 2.42.591088 (7b2b2dca23cca0..., userDataDir: C:\Users\chase\AppData\Loca...}, cssSelectorsEnabled: true, databaseEnabled: false, goog:chromeOptions: {debuggerAddress: localhost:52325}, handlesAlerts: true, hasTouchScreen: false, javascriptEnabled: true, locationContextEnabled: true, mobileEmulationEnabled: false, nativeEvents: true, networkConnectionEnabled: false, pageLoadStrategy: normal, platform: XP, platformName: XP, rotatable: false, setWindowRect: true, takesHeapSnapshot: true, takesScreenshot: true, unexpectedAlertBehaviour: , unhandledPromptBehavior: , version: 78.0.3904.70, webStorageEnabled: true}
Session ID: d336fb012f7da8da914f0ac1efeb93e1
*** Element info: {Using=xpath, value=//tr[./td[text()=&amp;apos;3ds_v2&amp;apos;]]//a[contains(@class,&amp;apos;activate action_link&amp;apos;)][not(contains(@style,&amp;apos;none&amp;apos;))]}">
      <![CDATA[org.openqa.selenium.NoSuchElementException: no such element: Unable to locate element: {"method":"xpath","selector":"//tr[./td[text()='3ds_v2']]//a[contains(@class,'activate action_link')][not(contains(@style,'none'))]"}
  (Session info: chrome=78.0.3904.70)
  (Driver info: chromedriver=2.42.591088 (7b2b2dca23cca0862f674758c9a3933e685c27d5),platform=Windows NT 10.0.18362 x86_64) (WARNING: The server did not provide any stacktrace information)
Command duration or timeout: 0 milliseconds
For documentation on this error, please visit: https://www.seleniumhq.org/exceptions/no_such_element.html
Build info: version: '3.141.59', revision: 'e82be7d358', time: '2018-11-14T08:17:03'
System info: host: 'PW-HAN-063', ip: '192.168.10.136', os.name: 'Windows 10', os.arch: 'amd64', os.version: '10.0', java.version: '1.8.0_221'
Driver info: org.openqa.selenium.chrome.ChromeDriver
Capabilities {acceptInsecureCerts: false, acceptSslCerts: false, applicationCacheEnabled: false, browserConnectionEnabled: false, browserName: chrome, chrome: {chromedriverVersion: 2.42.591088 (7b2b2dca23cca0..., userDataDir: C:\Users\chase\AppData\Loca...}, cssSelectorsEnabled: true, databaseEnabled: false, goog:chromeOptions: {debuggerAddress: localhost:52325}, handlesAlerts: true, hasTouchScreen: false, javascriptEnabled: true, locationContextEnabled: true, mobileEmulationEnabled: false, nativeEvents: true, networkConnectionEnabled: false, pageLoadStrategy: normal, platform: XP, platformName: XP, rotatable: false, setWindowRect: true, takesHeapSnapshot: true, takesScreenshot: true, unexpectedAlertBehaviour: , unhandledPromptBehavior: , version: 78.0.3904.70, webStorageEnabled: true}
Session ID: d336fb012f7da8da914f0ac1efeb93e1
*** Element info: {Using=xpath, value=//tr[./td[text()='3ds_v2']]//a[contains(@class,'activate action_link')][not(contains(@style,'none'))]}
at org.openqa.selenium.remote.ErrorHandler.createThrowable(ErrorHandler.java:214)
at org.openqa.selenium.remote.ErrorHandler.throwIfResponseFailed(ErrorHandler.java:166)
at org.openqa.selenium.remote.http.JsonHttpResponseCodec.reconstructValue(JsonHttpResponseCodec.java:40)
at org.openqa.selenium.remote.http.AbstractHttpResponseCodec.decode(AbstractHttpResponseCodec.java:80)
at org.openqa.selenium.remote.http.AbstractHttpResponseCodec.decode(AbstractHttpResponseCodec.java:44)
at org.openqa.selenium.remote.HttpCommandExecutor.execute(HttpCommandExecutor.java:158)
at org.openqa.selenium.remote.service.DriverCommandExecutor.execute(DriverCommandExecutor.java:83)
at org.openqa.selenium.remote.RemoteWebDriver.execute(RemoteWebDriver.java:552)
at org.openqa.selenium.remote.RemoteWebDriver.findElement(RemoteWebDriver.java:323)
at org.openqa.selenium.remote.RemoteWebDriver.findElementByXPath(RemoteWebDriver.java:428)
at org.openqa.selenium.By$ByXPath.findElement(By.java:353)
at org.openqa.selenium.remote.RemoteWebDriver.findElement(RemoteWebDriver.java:315)
at automation.project3ds.Driver.getElement(Driver.java:265)
at automation.project3ds.Driver.getElement(Driver.java:269)
at automation.project3ds.CodeFeature.activeButton(CodeFeature.java:32)
at automation.project3ds.CodeFeature.getStatus(CodeFeature.java:37)
at automation.project3ds.CodeFeature.setStatus(CodeFeature.java:49)
at automation.project3ds.CodeFeature.setCF(CodeFeature.java:22)
at automation.project3ds.CodeFeature.setCodeFeature(CodeFeature.java:13)
at threedsON.PS_ccbrazilhipercard_Test_3dsON.setUp(PS_ccbrazilhipercard_Test_3dsON.java:37)
... Removed 29 stack frames]]>
    </failure>
  </testcase> <!-- @BeforeClass setUp -->
  <testcase name="@AfterClass tearDown" time="0.0" classname="automation.project3ds.BaseTest">
    <skipped/>
  </testcase> <!-- @AfterClass tearDown -->
  <testcase name="execute" time="0.0" classname="threedsON.PS_ccbrazilhipercard_Test_3dsON">
    <skipped/>
  </testcase> <!-- execute -->
  <testcase name="execute" time="0.017" classname="threedsON.PS_ccbrazilhipercard_Test_3dsON">
    <failure type="java.lang.NullPointerException">
      <![CDATA[java.lang.NullPointerException
at automation.project3ds.ExtentListener.onTestSkipped(ExtentListener.java:116)
... Removed 23 stack frames]]>
    </failure>
  </testcase> <!-- execute -->
</testsuite> <!-- threedsON -->
