 <body>    <table>      <tr><center><b>Custom TestNG Report 2019/07/01 11:14:58</b></center></tr>      <thead>        <tr>          <th>Test Name</th>          <th># Total Method</th>          <th># Passed</th>          <th># Skipped</th>          <th># Failed</th>          <th>Browser</th>          <th>Start Time</th>          <th>End Time</th>          <th>Execute Time (mm:hh:ss:ms)</th>          <th>Included Groups</th>          <th>Excluded Groups</th>        </tr>       </thead>        <tr><td>systemTest</td><td>18</td><td bgcolor=#a3ffba>12</td><td bgcolor=#ffffd9>0</td><td bgcolor=#ff9c9c>6</td><td>Chrome</td><td>2019/07/01 11:06:02</td><td>2019/07/01 11:14:57</td><td>0:8:535:535721</td><td></td><td></td></tr>    </table>    <table id="summary">      <tr bgcolor=gray><td>TEST CLASS NAME</td><td>TEST METHOD</td><td>START</td><td>EXCECUTE</td><td>CARD NUMBER</td><td>[REFID]</td><td>[cardholderVerificationMethod3]</td><td>[expected_results_authentication]</td><td>[Enrolled]</td><td>[PAResStatus]</td><td>[SignitureVerification]</td><td>[Cavv]</td><td>[EciFlag]</td><td>[ACSUrl]</td><td>[Payload]</td><td>[ErrorNo]</td><td>[ErrorDesc]</td><td>[WhiteListStatusSource]</td><td>[WhiteListStatus]</td><td>EXCEPTION LOG</td></tr>       <tr bgcolor=#ff9c9c><td colspan=20><center><b>systemTest - Failed </b></center></td></tr><tr bgcolor=#ff9c9c><td>automation.project3ds.FillCreditCardTest</td><td>execute</td><td>2019/07/01 11:07:47</td><td>0:0:27:27118</td><td>4000000000001034</td><td>65561770 (null)</td><td bgcolor=#9cfff0>CVV2 (THREEDS)</td><td>NA (NA)</td><td>Y (Y)</td><td>U (U)</td><td>Y (Y)</td><td> ()</td><td>07 (07)</td><td> ()</td><td> ()</td><td>0 (0)</td><td> ()</td><td>null (null)</td><td>null (null)</td><td>java.lang.AssertionError: The following asserts failed:
	[cardholderVerificationMethod3] expected [THREEDS] but found [CVV2]
	at automation.project3ds.MySoftAssertAll.assertAll(MySoftAssertAll.java:80)
	at automation.project3ds.FillCreditCardTest.execute(FillCreditCardTest.java:253)
	at sun.reflect.NativeMethodAccessorImpl.invoke0(Native Method)
	at sun.reflect.NativeMethodAccessorImpl.invoke(NativeMethodAccessorImpl.java:62)
	at sun.reflect.DelegatingMethodAccessorImpl.invoke(DelegatingMet</td></tr><tr bgcolor=#ff9c9c><td>automation.project3ds.FillCreditCardTest</td><td>execute</td><td>2019/07/01 11:09:33</td><td>0:0:34:34233</td><td>4000000000001075</td><td>65561774 (null)</td><td>CVV2 (CVV2)</td><td>NA (NA)</td><td bgcolor=#9cfff0>U ()</td><td> ()</td><td> ()</td><td> ()</td><td bgcolor=#9cfff0>07 ()</td><td> ()</td><td> ()</td><td>0 (null)</td><td> (null)</td><td>null (null)</td><td>null (null)</td><td>java.lang.AssertionError: The following asserts failed:
	[Enrolled] expected [] but found [U],
	[EciFlag] expected [] but found [07]
	at automation.project3ds.MySoftAssertAll.assertAll(MySoftAssertAll.java:80)
	at automation.project3ds.FillCreditCardTest.execute(FillCreditCardTest.java:253)
	at sun.reflect.NativeMethodAccessorImpl.invoke0(Native Method)
	at sun.reflect.NativeMethodAccessorImpl.invoke(NativeMethodAccessorImpl.java:62)
	at sun.reflect.DelegatingMethodAccessorImpl.invoke(Deleg</td></tr><tr bgcolor=#ff9c9c><td>automation.project3ds.FillCreditCardTest</td><td>execute</td><td>2019/07/01 11:14:32</td><td>0:0:25:25012</td><td>4000000000002024</td><td>65561784 (null)</td><td bgcolor=#9cfff0>CVV2 (THREEDS)</td><td>NA (NA)</td><td>Y (Y)</td><td bgcolor=#9cfff0>U (I)</td><td>Y (Y)</td><td> (null)</td><td>07 (null)</td><td> ()</td><td> ()</td><td>0 (0)</td><td> ()</td><td>null (null)</td><td>null (null)</td><td>java.lang.AssertionError: The following asserts failed:
	[cardholderVerificationMethod3] expected [THREEDS] but found [CVV2],
	[PAResStatus] expected [I] but found [U]
	at automation.project3ds.MySoftAssertAll.assertAll(MySoftAssertAll.java:80)
	at automation.project3ds.FillCreditCardTest.execute(FillCreditCardTest.java:253)
	at sun.reflect.GeneratedMethodAccessor22.invoke(Unknown Source)
	at sun.reflect.DelegatingMethodAccessorImpl.invoke(DelegatingMethodAccessorImpl.java:43)
	at java.lang</td></tr><tr bgcolor=#ff9c9c><td>automation.project3ds.FillCreditCardTest</td><td>execute</td><td>2019/07/01 11:12:09</td><td>0:0:28:28964</td><td>4000000000001125</td><td>65561779 (null)</td><td bgcolor=#9cfff0>null (null)</td><td> ()</td><td> ()</td><td> ()</td><td> ()</td><td>1050 (null)</td><td>Error Processing PARes (null)</td><td>Y (Y)</td><td>C (C)</td><td>Y (Y)</td><td> ()</td><td>07 (null)</td><td>https://0merchantacsstag.cardinalcommerce.com/MerchantACSWeb/creq.jsp (null)</td><td>eyJtZXNzYWdlVHlwZSI6IkNSZXEiLCJtZXNzYWdlVmVyc2lvbiI6IjIuMi4wIiwidGhyZWVEU1NlcnZlclRyYW5zSUQiOiJjYTM0OTBiMy1hOGRhLTQ2ZWQtOGFmYS03ODk1ODRjYTY5NzgiLCJhY3NUcmFuc0lEIjoiODY5YWVjMDUtM2ZkMi00YjYxLWI4NjMtYTYxYWZmMTQxZTdlIiwiY2hhbGxlbmdlV2luZG93U2l6ZSI6IjAyIn0 (null)</td><td>0 (0)</td><td> ()</td><td>null (null)</td><td>null (null)</td><td>java.lang.AssertionError: The following asserts failed:
	[cardholderVerificationMethod] expected object to not be null
	at automation.project3ds.MySoftAssertAll.assertAll(MySoftAssertAll.java:80)
	at automation.project3ds.FillCreditCardTest.execute(FillCreditCardTest.java:253)
	at sun.reflect.NativeMethodAccessorImpl.invoke0(Native Method)
	at sun.reflect.NativeMethodAccessorImpl.invoke(NativeMethodAccessorImpl.java:62)
	at sun.reflect.DelegatingMethodAccessorImpl.invoke(DelegatingMethodAcc</td></tr><tr bgcolor=#ff9c9c><td>automation.project3ds.FillCreditCardTest</td><td>execute</td><td>2019/07/01 11:12:38</td><td>0:0:30:30424</td><td>4000000000001133</td><td>65561780 (null)</td><td bgcolor=#9cfff0>null (request is existed)</td><td>B (B)</td><td>Y (Y)</td><td> ()</td><td>07 (null)</td><td>0 (0)</td><td>Success (Success)</td><td>Y (Y)</td><td>C (C)</td><td>Y (Y)</td><td> ()</td><td>07 (null)</td><td>https://0merchantacsstag.cardinalcommerce.com/MerchantACSWeb/creq.jsp (null)</td><td>eyJtZXNzYWdlVHlwZSI6IkNSZXEiLCJtZXNzYWdlVmVyc2lvbiI6IjIuMi4wIiwidGhyZWVEU1NlcnZlclRyYW5zSUQiOiJkNmJjOTc4Yi05YzMyLTQyYWMtOWE0Ni02MWMwOTY0NjIxZmMiLCJhY3NUcmFuc0lEIjoiOGY5NTVjZjktZTkyZi00ODgyLTk4N2MtNWY1MmQxODJlMWE0IiwiY2hhbGxlbmdlV2luZG93U2l6ZSI6IjAyIn0 (null)</td><td>0 (0)</td><td> ()</td><td>null (null)</td><td>null (null)</td><td>java.lang.AssertionError: The following asserts failed:
	[requestAuth] expected [request is existed] but found [null]
	at automation.project3ds.MySoftAssertAll.assertAll(MySoftAssertAll.java:80)
	at automation.project3ds.FillCreditCardTest.execute(FillCreditCardTest.java:253)
	at sun.reflect.NativeMethodAccessorImpl.invoke0(Native Method)
	at sun.reflect.NativeMethodAccessorImpl.invoke(NativeMethodAccessorImpl.java:62)
	at sun.reflect.DelegatingMethodAccessorImpl.invoke(DelegatingMethodAcce</td></tr><tr bgcolor=#ff9c9c><td>automation.project3ds.FillCreditCardTest</td><td>execute</td><td>2019/07/01 11:09:06</td><td>0:0:27:27216</td><td>4000000000001067</td><td>65561773 (null)</td><td>CVV2 (CVV2)</td><td>NA (NA)</td><td bgcolor=#9cfff0>U ()</td><td> ()</td><td> ()</td><td> ()</td><td>07 (07)</td><td> ()</td><td> ()</td><td>1001 (null)</td><td>Error Processing Message Request (null)</td><td>null (null)</td><td>null (null)</td><td>java.lang.AssertionError: The following asserts failed:
	[Enrolled] expected [] but found [U]
	at automation.project3ds.MySoftAssertAll.assertAll(MySoftAssertAll.java:80)
	at automation.project3ds.FillCreditCardTest.execute(FillCreditCardTest.java:253)
	at sun.reflect.NativeMethodAccessorImpl.invoke0(Native Method)
	at sun.reflect.NativeMethodAccessorImpl.invoke(NativeMethodAccessorImpl.java:62)
	at sun.reflect.DelegatingMethodAccessorImpl.invoke(DelegatingMethodAccessorImpl.java:43)
	at j</td></tr><tr bgcolor=#a3ffba><td colspan=20><center><b>systemTest - Passed </b></center></td></tr><tr bgcolor=#a3ffba><td>automation.project3ds.FillCreditCardTest</td><td>execute</td><td>2019/07/01 11:11:38</td><td>0:0:30:30267</td><td>4000000000001117</td><td>65561778 (null)</td><td>U (U)</td><td>Y (Y)</td><td> ()</td><td>07 (07)</td><td>0 (0)</td><td>Success (Success)</td><td>Y (Y)</td><td>C (C)</td><td>Y (Y)</td><td> ()</td><td>07 (null)</td><td>https://0merchantacsstag.cardinalcommerce.com/MerchantACSWeb/creq.jsp (null)</td><td>eyJtZXNzYWdlVHlwZSI6IkNSZXEiLCJtZXNzYWdlVmVyc2lvbiI6IjIuMi4wIiwidGhyZWVEU1NlcnZlclRyYW5zSUQiOiI4NmI1MTczMC1hYmFjLTQ3ZTItYTFhYS01ZGQxZjgyYTE0ZTMiLCJhY3NUcmFuc0lEIjoiYTRmODJmMTUtOGM0OC00ZTRiLWIzNzAtYjc5ZGFmOTQyZDE1IiwiY2hhbGxlbmdlV2luZG93U2l6ZSI6IjAyIn0 (null)</td><td>0 (0)</td><td> ()</td><td>null (null)</td><td>null (null)</td><td></td></tr><tr bgcolor=#a3ffba><td>automation.project3ds.FillCreditCardTest</td><td>execute</td><td>2019/07/01 11:08:14</td><td>0:0:26:26409</td><td>4000000000001042</td><td>65561771 (null)</td><td>null (null)</td><td>NA (NA)</td><td>Y (Y)</td><td>R (R)</td><td>Y (Y)</td><td> ()</td><td>07 (07)</td><td> ()</td><td> ()</td><td>0 (0)</td><td> ()</td><td>null (null)</td><td>null (null)</td><td></td></tr><tr bgcolor=#a3ffba><td>automation.project3ds.FillCreditCardTest</td><td>execute</td><td>2019/07/01 11:08:40</td><td>0:0:25:25905</td><td>4000000000001059</td><td>65561772 (null)</td><td>CVV2 (CVV2)</td><td>NA (NA)</td><td>U (U)</td><td> ()</td><td> ()</td><td> ()</td><td>07 (07)</td><td> ()</td><td> ()</td><td>0 (0)</td><td> ()</td><td>null (null)</td><td>null (null)</td><td></td></tr><tr bgcolor=#a3ffba><td>automation.project3ds.FillCreditCardTest</td><td>execute</td><td>2019/07/01 11:11:06</td><td>0:0:32:32408</td><td>4000000000001109</td><td>65561777 (null)</td><td>null (null)</td><td>N (N)</td><td>Y (Y)</td><td> ()</td><td>07 (07)</td><td>0 (0)</td><td>Success (Success)</td><td>Y (Y)</td><td>C (C)</td><td>Y (Y)</td><td> ()</td><td>07 (null)</td><td>https://0merchantacsstag.cardinalcommerce.com/MerchantACSWeb/creq.jsp (null)</td><td>eyJtZXNzYWdlVHlwZSI6IkNSZXEiLCJtZXNzYWdlVmVyc2lvbiI6IjIuMi4wIiwidGhyZWVEU1NlcnZlclRyYW5zSUQiOiJmOWYwYmZjMi02NjNhLTQxMDItOWQ4Zi0xY2YwZTIzN2EwZWUiLCJhY3NUcmFuc0lEIjoiZTJlYjRlODItYjVkYS00ZjhjLWJlMjctYzA3YTg1MTYwYWE2IiwiY2hhbGxlbmdlV2luZG93U2l6ZSI6IjAyIn0 (null)</td><td>0 (0)</td><td> ()</td><td>null (null)</td><td>null (null)</td><td></td></tr><tr bgcolor=#a3ffba><td>automation.project3ds.FillCreditCardTest</td><td>execute</td><td>2019/07/01 11:10:32</td><td>0:0:34:34158</td><td>4000000000001091</td><td>65561776 (null)</td><td>THREEDS (THREEDS)</td><td>Y (Y)</td><td>Y (Y)</td><td>MTIzNDU2Nzg5MDEyMzQ1Njc4OTA= (null)</td><td>05 (05)</td><td>0 (0)</td><td>Success (Success)</td><td>Y (Y)</td><td>C (C)</td><td>Y (Y)</td><td> ()</td><td>07 (null)</td><td>https://0merchantacsstag.cardinalcommerce.com/MerchantACSWeb/creq.jsp (null)</td><td>eyJtZXNzYWdlVHlwZSI6IkNSZXEiLCJtZXNzYWdlVmVyc2lvbiI6IjIuMi4wIiwidGhyZWVEU1NlcnZlclRyYW5zSUQiOiJmMzI4YzZhMC1mMWU0LTRmZGEtOWE0OS0wODMzMDdkMGM1ZWYiLCJhY3NUcmFuc0lEIjoiYmRiMTJmMWYtN2RlZi00MzE5LTk5YzItZDVmNDJhZmYwMmY2IiwiY2hhbGxlbmdlV2luZG93U2l6ZSI6IjAyIn0 (null)</td><td>0 (0)</td><td> ()</td><td>null (null)</td><td>null (null)</td><td></td></tr><tr bgcolor=#a3ffba><td>automation.project3ds.FillCreditCardTest</td><td>execute</td><td>2019/07/01 11:07:16</td><td>0:0:30:30597</td><td>4000000000001026</td><td>65561769 (null)</td><td>THREEDS_ATTEMPT (THREEDS_ATTEMPT)</td><td>NA (NA)</td><td>Y (Y)</td><td>A (A)</td><td>Y (Y)</td><td>Y2FyZGluYWxjb21tZXJjZWF1dGg= (null)</td><td>06 (06)</td><td> ()</td><td> ()</td><td>0 (0)</td><td> ()</td><td>null (null)</td><td>null (null)</td><td></td></tr><tr bgcolor=#a3ffba><td>automation.project3ds.FillCreditCardTest</td><td>execute</td><td>2019/07/01 11:13:08</td><td>0:0:24:24504</td><td>4000000000001141</td><td>65561781 (null)</td><td>THREEDS (THREEDS)</td><td>NA (NA)</td><td>Y (Y)</td><td>Y (Y)</td><td>Y (Y)</td><td>Y2FyZGluYWxjb21tZXJjZWF1dGg= (null)</td><td>05 (null)</td><td> ()</td><td> ()</td><td>0 (0)</td><td> ()</td><td>null (null)</td><td>null (null)</td><td></td></tr><tr bgcolor=#a3ffba><td>automation.project3ds.FillCreditCardTest</td><td>execute</td><td>2019/07/01 11:13:33</td><td>0:0:30:30986</td><td>4000000000002008</td><td>65561782 (null)</td><td>THREEDS (THREEDS)</td><td>Y (Y)</td><td>Y (Y)</td><td>MTIzNDU2Nzg5MDEyMzQ1Njc4OTA= (null)</td><td>05 (null)</td><td>0 (0)</td><td>Success (Success)</td><td>Y (Y)</td><td>C (C)</td><td>Y (Y)</td><td> ()</td><td>07 (null)</td><td>https://0merchantacsstag.cardinalcommerce.com/MerchantACSWeb/creq.jsp (null)</td><td>eyJtZXNzYWdlVHlwZSI6IkNSZXEiLCJtZXNzYWdlVmVyc2lvbiI6IjIuMi4wIiwidGhyZWVEU1NlcnZlclRyYW5zSUQiOiIzZmY5YjcxMy0yMDZlLTQxOTAtYTA5Ny1lZTE1YTdhNzQ2NjIiLCJhY3NUcmFuc0lEIjoiYjI2NjZiMWUtMTUyZi00YTUzLWIxYjQtZDFlODkwNzc5MWEyIiwiY2hhbGxlbmdlV2luZG93U2l6ZSI6IjAyIn0 (null)</td><td>0 (0)</td><td> ()</td><td>null (null)</td><td>null (null)</td><td></td></tr><tr bgcolor=#a3ffba><td>automation.project3ds.FillCreditCardTest</td><td>execute</td><td>2019/07/01 11:14:04</td><td>0:0:28:28745</td><td>4000000000002016</td><td>65561783 (null)</td><td>THREEDS (THREEDS)</td><td>NA (NA)</td><td>Y (Y)</td><td>Y (Y)</td><td>Y (Y)</td><td>Y2FyZGluYWxjb21tZXJjZWF1dGg= (null)</td><td>05 (null)</td><td> ()</td><td> ()</td><td>0 (0)</td><td> ()</td><td>03 (null)</td><td>Y (Y)</td><td></td></tr><tr bgcolor=#a3ffba><td>automation.project3ds.FillCreditCardTest</td><td>execute</td><td>2019/07/01 11:10:07</td><td>0:0:24:24492</td><td>4000000000001083</td><td>65561775 (null)</td><td>CVV2 (CVV2)</td><td>NA (NA)</td><td>B (B)</td><td> ()</td><td> ()</td><td> ()</td><td>07 (07)</td><td> ()</td><td> ()</td><td>0 (0)</td><td> ()</td><td>null (null)</td><td>null (null)</td><td></td></tr><tr bgcolor=#a3ffba><td>automation.project3ds.FillCreditCardTest</td><td>execute</td><td>2019/07/01 11:06:18</td><td>0:0:32:32600</td><td>4000000000001000</td><td>65561767 (null)</td><td>THREEDS (THREEDS)</td><td>NA (NA)</td><td>Y (Y)</td><td>Y (Y)</td><td>Y (Y)</td><td>Y2FyZGluYWxjb21tZXJjZWF1dGg= (null)</td><td>05 (05)</td><td> ()</td><td> ()</td><td>0 (0)</td><td> ()</td><td>null (null)</td><td>null (null)</td><td></td></tr><tr bgcolor=#a3ffba><td>automation.project3ds.FillCreditCardTest</td><td>execute</td><td>2019/07/01 11:06:51</td><td>0:0:25:25128</td><td>4000000000001018</td><td>65561768 (null)</td><td>null (null)</td><td>NA (NA)</td><td>Y (Y)</td><td>N (N)</td><td>Y (Y)</td><td> ()</td><td>07 (07)</td><td> ()</td><td> ()</td><td>0 (0)</td><td> ()</td><td>null (null)</td><td>null (null)</td><td></td></tr>    </table>  </body>