<!DOCTYPE html PUBLIC "-//W3C//DTD XHTML 1.1//EN" "http://www.w3.org/TR/xhtml11/DTD/xhtml11.dtd">
<html xmlns="http://www.w3.org/1999/xhtml">
<head>
<meta http-equiv="content-type" content="text/html; charset=UTF-8"/>
<title>TestNG Report</title>
<style type="text/css">table {margin-bottom:10px;border-collapse:collapse;empty-cells:show}th,td {border:1px solid #009;padding:.25em .5em}th {vertical-align:bottom}td {vertical-align:top}table a {font-weight:bold}.stripe td {background-color: #E6EBF9}.num {text-align:right}.passedodd td {background-color: #3F3}.passedeven td {background-color: #0A0}.skippedodd td {background-color: #DDD}.skippedeven td {background-color: #CCC}.failedodd td,.attn {background-color: #F33}.failedeven td,.stripe .attn {background-color: #D00}.stacktrace {white-space:pre;font-family:monospace}.totop {font-size:85%;text-align:center;border-bottom:2px solid #000}.invisible {display:none}</style>
</head>
<body>
<table>
<tr><th>Test</th><th># Passed</th><th># Skipped</th><th># Failed</th><th>Time (ms)</th><th>Included Groups</th><th>Excluded Groups</th></tr>
<tr><th colspan="7">testSuiteT3</th></tr>
<tr><td><a href="#t0">testSuiteT3</a></td><td class="num">19</td><td class="num">0</td><td class="num attn">7</td><td class="num">1,155,903</td><td></td><td></td></tr>
</table>
<table id='summary'><thead><tr><th>Class</th><th>Method</th><th>Start</th><th>Time (ms)</th></tr></thead><tbody><tr><th colspan="4">testSuiteT3</th></tr></tbody><tbody id="t0"><tr><th colspan="4">testSuiteT3 &#8212; failed</th></tr><tr class="failedeven"><td rowspan="1">Case01_12_WidgetBrick_1v6_Test_EmptyTextbox</td><td><a href="#m0">case01_06_emptyTextboxClick</a></td><td rowspan="1">1569230747951</td><td rowspan="1">41683</td></tr><tr class="failedodd"><td rowspan="1">Case25_32_WidgetBrick_1v6_Test_ValidateOthers</td><td><a href="#m1">nameAsNumber</a></td><td rowspan="1">1569231144825</td><td rowspan="1">28442</td></tr><tr class="failedeven"><td rowspan="3">Case33_37_WidgetBrick_1v6_Test_StaticLink</td><td><a href="#m2">privacyPolicy</a></td><td rowspan="1">1569231184174</td><td rowspan="1">98025</td></tr><tr class="failedeven"><td><a href="#m3">storedCardSwitch</a></td><td rowspan="1">1569231282457</td><td rowspan="1">100134</td></tr><tr class="failedeven"><td><a href="#m4">tryAgain</a></td><td rowspan="1">1569231401494</td><td rowspan="1">118312</td></tr><tr class="failedodd"><td rowspan="1">Case39_40_WidgetBrick_1v6_Test_3ds</td><td><a href="#m5">failedOTP</a></td><td rowspan="1">1569231534423</td><td rowspan="1">124826</td></tr><tr class="failedeven"><td rowspan="1">Case41_42_WidgetBrick_1v6_Test_Error</td><td><a href="#m6">authorizationFailed</a></td><td rowspan="1">1569231740625</td><td rowspan="1">114262</td></tr><tr><th colspan="4">testSuiteT3 &#8212; passed</th></tr><tr class="passedeven"><td rowspan="1">Case01_12_WidgetBrick_1v6_Test_EmptyTextbox</td><td><a href="#m7">case07_12_emptyTextboxSubmit</a></td><td rowspan="1">1569230790389</td><td rowspan="1">25322</td></tr><tr class="passedodd"><td rowspan="6">Case13_19_WidgetBrick_1v6_Test_ValidateCardNumber</td><td><a href="#m8">amexCard</a></td><td rowspan="1">1569230831651</td><td rowspan="1">22851</td></tr><tr class="passedodd"><td><a href="#m9">invalidValue</a></td><td rowspan="1">1569230854834</td><td rowspan="1">20041</td></tr><tr class="passedodd"><td><a href="#m10">masterCard</a></td><td rowspan="1">1569230875163</td><td rowspan="1">19965</td></tr><tr class="passedodd"><td><a href="#m11">supportedBrandButInvalidValue</a></td><td rowspan="1">1569230895414</td><td rowspan="1">15685</td></tr><tr class="passedodd"><td><a href="#m12">unsupportedBrand</a></td><td rowspan="1">1569230911352</td><td rowspan="1">15608</td></tr><tr class="passedodd"><td><a href="#m13">visaCard</a></td><td rowspan="1">1569230927210</td><td rowspan="1">17671</td></tr><tr class="passedeven"><td rowspan="4">Case20_24_WidgetBrick_1v6_Test_ValidateExpirationDate</td><td><a href="#m14">futureValueLong</a></td><td rowspan="1">1569230954959</td><td rowspan="1">20380</td></tr><tr class="passedeven"><td><a href="#m15">futureValueShort</a></td><td rowspan="1">1569230975566</td><td rowspan="1">14536</td></tr><tr class="passedeven"><td><a href="#m16">pastValue</a></td><td rowspan="1">1569230990325</td><td rowspan="1">15488</td></tr><tr class="passedeven"><td><a href="#m17">todayValue</a></td><td rowspan="1">1569231006045</td><td rowspan="1">17445</td></tr><tr class="passedodd"><td rowspan="4">Case25_32_WidgetBrick_1v6_Test_ValidateOthers</td><td><a href="#m18">emailWithOutAt</a></td><td rowspan="1">1569231033633</td><td rowspan="1">29097</td></tr><tr class="passedodd"><td><a href="#m19">emailWithOutDot</a></td><td rowspan="1">1569231062953</td><td rowspan="1">25778</td></tr><tr class="passedodd"><td><a href="#m20">firstNameAsNumber</a></td><td rowspan="1">1569231088979</td><td rowspan="1">28307</td></tr><tr class="passedodd"><td><a href="#m21">lastNameAsNumber</a></td><td rowspan="1">1569231117500</td><td rowspan="1">27119</td></tr><tr class="passedeven"><td rowspan="1">Case33_37_WidgetBrick_1v6_Test_StaticLink</td><td><a href="#m22">terms</a></td><td rowspan="1">1569231382830</td><td rowspan="1">18362</td></tr><tr class="passedodd"><td rowspan="2">Case39_40_WidgetBrick_1v6_Test_3ds</td><td><a href="#m23">no3ds</a></td><td rowspan="1">1569231659495</td><td rowspan="1">25620</td></tr><tr class="passedodd"><td><a href="#m24">optional3ds</a></td><td rowspan="1">1569231685331</td><td rowspan="1">46425</td></tr><tr class="passedeven"><td rowspan="1">Case41_42_WidgetBrick_1v6_Test_Error</td><td><a href="#m25">captureFailed</a></td><td rowspan="1">1569231855123</td><td rowspan="1">31244</td></tr></tbody>
</table>
<h2>testSuiteT3</h2><h3 id="m0">Case01_12_WidgetBrick_1v6_Test_EmptyTextbox#case01_06_emptyTextboxClick</h3><table class="result"><tr><th>Exception</th></tr><tr><td><div class="stacktrace">java.lang.AssertionError: The following asserts failed:
	[CVV/CVC/CID 000][ErrorTextValue] expected [Please enter CVV code] but found []
	at automation.project3ds.Assertion.end(Assertion.java:26)
	at Case01_12_WidgetBrick_1v6_Test_EmptyTextbox.case01_06_emptyTextboxClick(Case01_12_WidgetBrick_1v6_Test_EmptyTextbox.java:55)
... Removed 25 stack frames</div></td></tr></table><p class="totop"><a href="#summary">back to summary</a></p>
<h3 id="m1">Case25_32_WidgetBrick_1v6_Test_ValidateOthers#nameAsNumber</h3><table class="result"><tr><th>Exception</th></tr><tr><td><div class="stacktrace">java.lang.AssertionError: The following asserts failed:
	[Text value] expected [Please check firstname/last name] but found [Please check first namePlease check last name]
	at automation.project3ds.Assertion.end(Assertion.java:26)
	at Case25_32_WidgetBrick_1v6_Test_ValidateOthers.nameAsNumber(Case25_32_WidgetBrick_1v6_Test_ValidateOthers.java:72)
... Removed 25 stack frames</div></td></tr></table><p class="totop"><a href="#summary">back to summary</a></p>
<h3 id="m2">Case33_37_WidgetBrick_1v6_Test_StaticLink#privacyPolicy</h3><table class="result"><tr><th>Exception</th></tr><tr><td><div class="stacktrace">org.openqa.selenium.NoSuchElementException: Unable to find element with xpath == //*[contains(@class,&apos;footer_copy_and_privacy&apos;)]/a
For documentation on this error, please visit: https://www.seleniumhq.org/exceptions/no_such_element.html
Build info: version: &apos;3.141.59&apos;, revision: &apos;e82be7d358&apos;, time: &apos;2018-11-14T08:17:03&apos;
System info: host: &apos;PW-HAN-063&apos;, ip: &apos;192.168.10.136&apos;, os.name: &apos;Windows 10&apos;, os.arch: &apos;amd64&apos;, os.version: &apos;10.0&apos;, java.version: &apos;1.8.0_221&apos;
Driver info: org.openqa.selenium.ie.InternetExplorerDriver
Capabilities {acceptInsecureCerts: false, browserName: internet explorer, browserVersion: 11, javascriptEnabled: true, pageLoadStrategy: normal, platform: WINDOWS, platformName: WINDOWS, proxy: Proxy(), se:ieOptions: {browserAttachTimeout: 0, elementScrollBehavior: 0, enablePersistentHover: true, ie.browserCommandLineSwitches: , ie.ensureCleanSession: false, ie.fileUploadDialogTimeout: 3000, ie.forceCreateProcessApi: false, ignoreProtectedModeSettings: false, ignoreZoomSetting: false, initialBrowserUrl: http://localhost:47979/, nativeEvents: true, requireWindowFocus: false}, setWindowRect: true, timeouts: {implicit: 0, pageLoad: 300000, script: 30000}}
Session ID: 8db30171-352a-47a3-9501-b19e671e49ec
*** Element info: {Using=xpath, value=//*[contains(@class,&apos;footer_copy_and_privacy&apos;)]/a}
	at org.openqa.selenium.remote.http.W3CHttpResponseCodec.createException(W3CHttpResponseCodec.java:187)
	at org.openqa.selenium.remote.http.W3CHttpResponseCodec.decode(W3CHttpResponseCodec.java:122)
	at org.openqa.selenium.remote.http.W3CHttpResponseCodec.decode(W3CHttpResponseCodec.java:49)
	at org.openqa.selenium.remote.HttpCommandExecutor.execute(HttpCommandExecutor.java:158)
	at org.openqa.selenium.remote.service.DriverCommandExecutor.execute(DriverCommandExecutor.java:83)
	at org.openqa.selenium.remote.RemoteWebDriver.execute(RemoteWebDriver.java:552)
	at org.openqa.selenium.remote.RemoteWebDriver.findElement(RemoteWebDriver.java:323)
	at org.openqa.selenium.remote.RemoteWebDriver.findElementByXPath(RemoteWebDriver.java:428)
	at org.openqa.selenium.By$ByXPath.findElement(By.java:353)
	at org.openqa.selenium.remote.RemoteWebDriver.findElement(RemoteWebDriver.java:315)
	at automation.project3ds.Driver.getElement(Driver.java:240)
	at automation.project3ds.Driver.getElement(Driver.java:244)
	at automation.project3ds.WidgetMainFrame.clickPrivacyPolicy(WidgetMainFrame.java:154)
	at Case33_37_WidgetBrick_1v6_Test_StaticLink.privacyPolicy(Case33_37_WidgetBrick_1v6_Test_StaticLink.java:46)
... Removed 28 stack frames</div></td></tr></table><p class="totop"><a href="#summary">back to summary</a></p>
<h3 id="m3">Case33_37_WidgetBrick_1v6_Test_StaticLink#storedCardSwitch</h3><table class="result"><tr><th>Exception</th></tr><tr><td><div class="stacktrace">org.openqa.selenium.NoSuchElementException: Unable to find element with xpath == //*[contains(@class,&apos;js-brick-step-form is-active&apos;)]//a[@data-phrase=&apos;back-to-stored-cards&apos;]
For documentation on this error, please visit: https://www.seleniumhq.org/exceptions/no_such_element.html
Build info: version: &apos;3.141.59&apos;, revision: &apos;e82be7d358&apos;, time: &apos;2018-11-14T08:17:03&apos;
System info: host: &apos;PW-HAN-063&apos;, ip: &apos;192.168.10.136&apos;, os.name: &apos;Windows 10&apos;, os.arch: &apos;amd64&apos;, os.version: &apos;10.0&apos;, java.version: &apos;1.8.0_221&apos;
Driver info: org.openqa.selenium.ie.InternetExplorerDriver
Capabilities {acceptInsecureCerts: false, browserName: internet explorer, browserVersion: 11, javascriptEnabled: true, pageLoadStrategy: normal, platform: WINDOWS, platformName: WINDOWS, proxy: Proxy(), se:ieOptions: {browserAttachTimeout: 0, elementScrollBehavior: 0, enablePersistentHover: true, ie.browserCommandLineSwitches: , ie.ensureCleanSession: false, ie.fileUploadDialogTimeout: 3000, ie.forceCreateProcessApi: false, ignoreProtectedModeSettings: false, ignoreZoomSetting: false, initialBrowserUrl: http://localhost:47979/, nativeEvents: true, requireWindowFocus: false}, setWindowRect: true, timeouts: {implicit: 0, pageLoad: 300000, script: 30000}}
Session ID: 8db30171-352a-47a3-9501-b19e671e49ec
*** Element info: {Using=xpath, value=//*[contains(@class,&apos;js-brick-step-form is-active&apos;)]//a[@data-phrase=&apos;back-to-stored-cards&apos;]}
	at org.openqa.selenium.remote.http.W3CHttpResponseCodec.createException(W3CHttpResponseCodec.java:187)
	at org.openqa.selenium.remote.http.W3CHttpResponseCodec.decode(W3CHttpResponseCodec.java:122)
	at org.openqa.selenium.remote.http.W3CHttpResponseCodec.decode(W3CHttpResponseCodec.java:49)
	at org.openqa.selenium.remote.HttpCommandExecutor.execute(HttpCommandExecutor.java:158)
	at org.openqa.selenium.remote.service.DriverCommandExecutor.execute(DriverCommandExecutor.java:83)
	at org.openqa.selenium.remote.RemoteWebDriver.execute(RemoteWebDriver.java:552)
	at org.openqa.selenium.remote.RemoteWebDriver.findElement(RemoteWebDriver.java:323)
	at org.openqa.selenium.remote.RemoteWebDriver.findElementByXPath(RemoteWebDriver.java:428)
	at org.openqa.selenium.By$ByXPath.findElement(By.java:353)
	at org.openqa.selenium.remote.RemoteWebDriver.findElement(RemoteWebDriver.java:315)
	at automation.project3ds.Driver.getElement(Driver.java:240)
	at automation.project3ds.Driver.getElement(Driver.java:244)
	at automation.project3ds.WidgetIframecc.clickBackToStoredCard(WidgetIframecc.java:137)
	at Case33_37_WidgetBrick_1v6_Test_StaticLink.storedCardSwitch(Case33_37_WidgetBrick_1v6_Test_StaticLink.java:107)
... Removed 28 stack frames</div></td></tr></table><p class="totop"><a href="#summary">back to summary</a></p>
<h3 id="m4">Case33_37_WidgetBrick_1v6_Test_StaticLink#tryAgain</h3><table class="result"><tr><th>Exception</th></tr><tr><td><div class="stacktrace">org.openqa.selenium.NoSuchElementException: Unable to find element with xpath == //*[contains(@class,&apos;is-active&apos;)]//*[contains(@class,&apos;js-brick-submit&apos;)]
For documentation on this error, please visit: https://www.seleniumhq.org/exceptions/no_such_element.html
Build info: version: &apos;3.141.59&apos;, revision: &apos;e82be7d358&apos;, time: &apos;2018-11-14T08:17:03&apos;
System info: host: &apos;PW-HAN-063&apos;, ip: &apos;192.168.10.136&apos;, os.name: &apos;Windows 10&apos;, os.arch: &apos;amd64&apos;, os.version: &apos;10.0&apos;, java.version: &apos;1.8.0_221&apos;
Driver info: org.openqa.selenium.ie.InternetExplorerDriver
Capabilities {acceptInsecureCerts: false, browserName: internet explorer, browserVersion: 11, javascriptEnabled: true, pageLoadStrategy: normal, platform: WINDOWS, platformName: WINDOWS, proxy: Proxy(), se:ieOptions: {browserAttachTimeout: 0, elementScrollBehavior: 0, enablePersistentHover: true, ie.browserCommandLineSwitches: , ie.ensureCleanSession: false, ie.fileUploadDialogTimeout: 3000, ie.forceCreateProcessApi: false, ignoreProtectedModeSettings: false, ignoreZoomSetting: false, initialBrowserUrl: http://localhost:47979/, nativeEvents: true, requireWindowFocus: false}, setWindowRect: true, timeouts: {implicit: 0, pageLoad: 300000, script: 30000}}
Session ID: 8db30171-352a-47a3-9501-b19e671e49ec
*** Element info: {Using=xpath, value=//*[contains(@class,&apos;is-active&apos;)]//*[contains(@class,&apos;js-brick-submit&apos;)]}
	at org.openqa.selenium.remote.http.W3CHttpResponseCodec.createException(W3CHttpResponseCodec.java:187)
	at org.openqa.selenium.remote.http.W3CHttpResponseCodec.decode(W3CHttpResponseCodec.java:122)
	at org.openqa.selenium.remote.http.W3CHttpResponseCodec.decode(W3CHttpResponseCodec.java:49)
	at org.openqa.selenium.remote.HttpCommandExecutor.execute(HttpCommandExecutor.java:158)
	at org.openqa.selenium.remote.service.DriverCommandExecutor.execute(DriverCommandExecutor.java:83)
	at org.openqa.selenium.remote.RemoteWebDriver.execute(RemoteWebDriver.java:552)
	at org.openqa.selenium.remote.RemoteWebDriver.findElement(RemoteWebDriver.java:323)
	at org.openqa.selenium.remote.RemoteWebDriver.findElementByXPath(RemoteWebDriver.java:428)
	at org.openqa.selenium.By$ByXPath.findElement(By.java:353)
	at org.openqa.selenium.remote.RemoteWebDriver.findElement(RemoteWebDriver.java:315)
	at automation.project3ds.Driver.getElement(Driver.java:240)
	at automation.project3ds.Driver.getElement(Driver.java:244)
	at automation.project3ds.WidgetIframecc.clickBuyButton(WidgetIframecc.java:219)
	at Case33_37_WidgetBrick_1v6_Test_StaticLink.tryAgain(Case33_37_WidgetBrick_1v6_Test_StaticLink.java:96)
... Removed 28 stack frames</div></td></tr></table><p class="totop"><a href="#summary">back to summary</a></p>
<h3 id="m5">Case39_40_WidgetBrick_1v6_Test_3ds#failedOTP</h3><table class="result"><tr><th>Exception</th></tr><tr><td><div class="stacktrace">org.openqa.selenium.NoSuchElementException: Unable to find element with xpath == //input[@name=&apos;code&apos;]
For documentation on this error, please visit: https://www.seleniumhq.org/exceptions/no_such_element.html
Build info: version: &apos;3.141.59&apos;, revision: &apos;e82be7d358&apos;, time: &apos;2018-11-14T08:17:03&apos;
System info: host: &apos;PW-HAN-063&apos;, ip: &apos;192.168.10.136&apos;, os.name: &apos;Windows 10&apos;, os.arch: &apos;amd64&apos;, os.version: &apos;10.0&apos;, java.version: &apos;1.8.0_221&apos;
Driver info: org.openqa.selenium.ie.InternetExplorerDriver
Capabilities {acceptInsecureCerts: false, browserName: internet explorer, browserVersion: 11, javascriptEnabled: true, pageLoadStrategy: normal, platform: WINDOWS, platformName: WINDOWS, proxy: Proxy(), se:ieOptions: {browserAttachTimeout: 0, elementScrollBehavior: 0, enablePersistentHover: true, ie.browserCommandLineSwitches: , ie.ensureCleanSession: false, ie.fileUploadDialogTimeout: 3000, ie.forceCreateProcessApi: false, ignoreProtectedModeSettings: false, ignoreZoomSetting: false, initialBrowserUrl: http://localhost:9436/, nativeEvents: true, requireWindowFocus: false}, setWindowRect: true, timeouts: {implicit: 0, pageLoad: 300000, script: 30000}}
Session ID: 9c7af418-396d-4b64-85f3-5f7c65a9f484
*** Element info: {Using=xpath, value=//input[@name=&apos;code&apos;]}
	at org.openqa.selenium.remote.http.W3CHttpResponseCodec.createException(W3CHttpResponseCodec.java:187)
	at org.openqa.selenium.remote.http.W3CHttpResponseCodec.decode(W3CHttpResponseCodec.java:122)
	at org.openqa.selenium.remote.http.W3CHttpResponseCodec.decode(W3CHttpResponseCodec.java:49)
	at org.openqa.selenium.remote.HttpCommandExecutor.execute(HttpCommandExecutor.java:158)
	at org.openqa.selenium.remote.service.DriverCommandExecutor.execute(DriverCommandExecutor.java:83)
	at org.openqa.selenium.remote.RemoteWebDriver.execute(RemoteWebDriver.java:552)
	at org.openqa.selenium.remote.RemoteWebDriver.findElement(RemoteWebDriver.java:323)
	at org.openqa.selenium.remote.RemoteWebDriver.findElementByXPath(RemoteWebDriver.java:428)
	at org.openqa.selenium.By$ByXPath.findElement(By.java:353)
	at org.openqa.selenium.remote.RemoteWebDriver.findElement(RemoteWebDriver.java:315)
	at automation.project3ds.Driver.getElement(Driver.java:240)
	at automation.project3ds.Driver.getElement(Driver.java:244)
	at automation.project3ds.Widget3dsNoIframe.setPassword(Widget3dsNoIframe.java:54)
	at automation.project3ds.Widget3dsNoIframe.failed3ds(Widget3dsNoIframe.java:27)
	at Case39_40_WidgetBrick_1v6_Test_3ds.failedOTP(Case39_40_WidgetBrick_1v6_Test_3ds.java:101)
... Removed 28 stack frames</div></td></tr></table><p class="totop"><a href="#summary">back to summary</a></p>
<h3 id="m6">Case41_42_WidgetBrick_1v6_Test_Error#authorizationFailed</h3><table class="result"><tr><th>Exception</th></tr><tr><td><div class="stacktrace">org.openqa.selenium.NoSuchElementException: Unable to find element with xpath == //*[@class=&apos;brick-form-errors has-errors&apos;][./following-sibling::*[./*[contains(@class,&apos;brick-step-form&apos;) and contains(@class,&apos;is-active&apos;)]]]
For documentation on this error, please visit: https://www.seleniumhq.org/exceptions/no_such_element.html
Build info: version: &apos;3.141.59&apos;, revision: &apos;e82be7d358&apos;, time: &apos;2018-11-14T08:17:03&apos;
System info: host: &apos;PW-HAN-063&apos;, ip: &apos;192.168.10.136&apos;, os.name: &apos;Windows 10&apos;, os.arch: &apos;amd64&apos;, os.version: &apos;10.0&apos;, java.version: &apos;1.8.0_221&apos;
Driver info: org.openqa.selenium.ie.InternetExplorerDriver
Capabilities {acceptInsecureCerts: false, browserName: internet explorer, browserVersion: 11, javascriptEnabled: true, pageLoadStrategy: normal, platform: WINDOWS, platformName: WINDOWS, proxy: Proxy(), se:ieOptions: {browserAttachTimeout: 0, elementScrollBehavior: 0, enablePersistentHover: true, ie.browserCommandLineSwitches: , ie.ensureCleanSession: false, ie.fileUploadDialogTimeout: 3000, ie.forceCreateProcessApi: false, ignoreProtectedModeSettings: false, ignoreZoomSetting: false, initialBrowserUrl: http://localhost:10190/, nativeEvents: true, requireWindowFocus: false}, setWindowRect: true, timeouts: {implicit: 0, pageLoad: 300000, script: 30000}}
Session ID: ea0e0222-b410-4d88-b394-1a31fcacec1d
*** Element info: {Using=xpath, value=//*[@class=&apos;brick-form-errors has-errors&apos;][./following-sibling::*[./*[contains(@class,&apos;brick-step-form&apos;) and contains(@class,&apos;is-active&apos;)]]]}
	at org.openqa.selenium.remote.http.W3CHttpResponseCodec.createException(W3CHttpResponseCodec.java:187)
	at org.openqa.selenium.remote.http.W3CHttpResponseCodec.decode(W3CHttpResponseCodec.java:122)
	at org.openqa.selenium.remote.http.W3CHttpResponseCodec.decode(W3CHttpResponseCodec.java:49)
	at org.openqa.selenium.remote.HttpCommandExecutor.execute(HttpCommandExecutor.java:158)
	at org.openqa.selenium.remote.service.DriverCommandExecutor.execute(DriverCommandExecutor.java:83)
	at org.openqa.selenium.remote.RemoteWebDriver.execute(RemoteWebDriver.java:552)
	at org.openqa.selenium.remote.RemoteWebDriver.findElement(RemoteWebDriver.java:323)
	at org.openqa.selenium.remote.RemoteWebDriver.findElementByXPath(RemoteWebDriver.java:428)
	at org.openqa.selenium.By$ByXPath.findElement(By.java:353)
	at org.openqa.selenium.remote.RemoteWebDriver.findElement(RemoteWebDriver.java:315)
	at automation.project3ds.Driver.getElement(Driver.java:240)
	at automation.project3ds.Driver.getElement(Driver.java:244)
	at automation.project3ds.WidgetIframecc.getFormError(WidgetIframecc.java:98)
	at Case41_42_WidgetBrick_1v6_Test_Error.authorizationFailed(Case41_42_WidgetBrick_1v6_Test_Error.java:48)
... Removed 28 stack frames</div></td></tr></table><p class="totop"><a href="#summary">back to summary</a></p>
<h3 id="m7">Case01_12_WidgetBrick_1v6_Test_EmptyTextbox#case07_12_emptyTextboxSubmit</h3><table class="result"><tr><th class="invisible"/></tr></table><p class="totop"><a href="#summary">back to summary</a></p>
<h3 id="m8">Case13_19_WidgetBrick_1v6_Test_ValidateCardNumber#amexCard</h3><table class="result"><tr><th class="invisible"/></tr></table><p class="totop"><a href="#summary">back to summary</a></p>
<h3 id="m9">Case13_19_WidgetBrick_1v6_Test_ValidateCardNumber#invalidValue</h3><table class="result"><tr><th class="invisible"/></tr></table><p class="totop"><a href="#summary">back to summary</a></p>
<h3 id="m10">Case13_19_WidgetBrick_1v6_Test_ValidateCardNumber#masterCard</h3><table class="result"><tr><th class="invisible"/></tr></table><p class="totop"><a href="#summary">back to summary</a></p>
<h3 id="m11">Case13_19_WidgetBrick_1v6_Test_ValidateCardNumber#supportedBrandButInvalidValue</h3><table class="result"><tr><th class="invisible"/></tr></table><p class="totop"><a href="#summary">back to summary</a></p>
<h3 id="m12">Case13_19_WidgetBrick_1v6_Test_ValidateCardNumber#unsupportedBrand</h3><table class="result"><tr><th class="invisible"/></tr></table><p class="totop"><a href="#summary">back to summary</a></p>
<h3 id="m13">Case13_19_WidgetBrick_1v6_Test_ValidateCardNumber#visaCard</h3><table class="result"><tr><th class="invisible"/></tr></table><p class="totop"><a href="#summary">back to summary</a></p>
<h3 id="m14">Case20_24_WidgetBrick_1v6_Test_ValidateExpirationDate#futureValueLong</h3><table class="result"><tr><th class="invisible"/></tr></table><p class="totop"><a href="#summary">back to summary</a></p>
<h3 id="m15">Case20_24_WidgetBrick_1v6_Test_ValidateExpirationDate#futureValueShort</h3><table class="result"><tr><th class="invisible"/></tr></table><p class="totop"><a href="#summary">back to summary</a></p>
<h3 id="m16">Case20_24_WidgetBrick_1v6_Test_ValidateExpirationDate#pastValue</h3><table class="result"><tr><th class="invisible"/></tr></table><p class="totop"><a href="#summary">back to summary</a></p>
<h3 id="m17">Case20_24_WidgetBrick_1v6_Test_ValidateExpirationDate#todayValue</h3><table class="result"><tr><th class="invisible"/></tr></table><p class="totop"><a href="#summary">back to summary</a></p>
<h3 id="m18">Case25_32_WidgetBrick_1v6_Test_ValidateOthers#emailWithOutAt</h3><table class="result"><tr><th class="invisible"/></tr></table><p class="totop"><a href="#summary">back to summary</a></p>
<h3 id="m19">Case25_32_WidgetBrick_1v6_Test_ValidateOthers#emailWithOutDot</h3><table class="result"><tr><th class="invisible"/></tr></table><p class="totop"><a href="#summary">back to summary</a></p>
<h3 id="m20">Case25_32_WidgetBrick_1v6_Test_ValidateOthers#firstNameAsNumber</h3><table class="result"><tr><th class="invisible"/></tr></table><p class="totop"><a href="#summary">back to summary</a></p>
<h3 id="m21">Case25_32_WidgetBrick_1v6_Test_ValidateOthers#lastNameAsNumber</h3><table class="result"><tr><th class="invisible"/></tr></table><p class="totop"><a href="#summary">back to summary</a></p>
<h3 id="m22">Case33_37_WidgetBrick_1v6_Test_StaticLink#terms</h3><table class="result"><tr><th class="invisible"/></tr></table><p class="totop"><a href="#summary">back to summary</a></p>
<h3 id="m23">Case39_40_WidgetBrick_1v6_Test_3ds#no3ds</h3><table class="result"><tr><th class="invisible"/></tr></table><p class="totop"><a href="#summary">back to summary</a></p>
<h3 id="m24">Case39_40_WidgetBrick_1v6_Test_3ds#optional3ds</h3><table class="result"><tr><th class="invisible"/></tr></table><p class="totop"><a href="#summary">back to summary</a></p>
<h3 id="m25">Case41_42_WidgetBrick_1v6_Test_Error#captureFailed</h3><table class="result"><tr><th class="invisible"/></tr></table><p class="totop"><a href="#summary">back to summary</a></p>
</body>
</html>
