<?xml version="1.0" encoding="UTF-8"?>
<!-- Generated by org.testng.reporters.JUnitReportReporter -->
<testsuite skipped="0" hostname="DESKTOP-V097D2E" name="WidgetBrick_1v6_Test_EmptyTextbox" tests="2" failures="1" timestamp="21 Aug 2019 07:56:41 GMT" time="22.910" errors="1">
  <testcase name="emptyTextboxClick" time="12.797" classname="WidgetBrick_1v6_Test_EmptyTextbox">
    <error type="org.openqa.selenium.NoSuchElementException" message="Unable to locate element: ./following-sibling::*[contains(@class,&#039;brick-errors&#039;)]/*[text()]
For documentation on this error, please visit: https://www.seleniumhq.org/exceptions/no_such_element.html
Build info: version: &#039;3.141.59&#039;, revision: &#039;e82be7d358&#039;, time: &#039;2018-11-14T08:17:03&#039;
System info: host: &#039;DESKTOP-V097D2E&#039;, ip: &#039;192.168.10.136&#039;, os.name: &#039;Windows 10&#039;, os.arch: &#039;amd64&#039;, os.version: &#039;10.0&#039;, java.version: &#039;1.8.0_181&#039;
Driver info: org.openqa.selenium.firefox.FirefoxDriver
Capabilities {acceptInsecureCerts: true, browserName: firefox, browserVersion: 67.0.4, javascriptEnabled: true, moz:accessibilityChecks: false, moz:buildID: 20190619235627, moz:geckodriverVersion: 0.22.0, moz:headless: false, moz:processID: 15372, moz:profile: C:\Users\chase\AppData\Loca..., moz:shutdownTimeout: 60000, moz:useNonSpecCompliantPointerOrigin: false, moz:webdriverClick: true, pageLoadStrategy: normal, platform: WINDOWS, platformName: WINDOWS, platformVersion: 10.0, rotatable: false, setWindowRect: true, strictFileInteractability: false, timeouts: {implicit: 0, pageLoad: 300000, script: 30000}, unhandledPromptBehavior: dismiss and notify}
Session ID: e54a19d3-64b3-4806-aee7-e9d8d1862572
*** Element info: {Using=xpath, value=./following-sibling::*[contains(@class,&#039;brick-errors&#039;)]/*[text()]}">
      <![CDATA[org.openqa.selenium.NoSuchElementException: Unable to locate element: ./following-sibling::*[contains(@class,'brick-errors')]/*[text()]
For documentation on this error, please visit: https://www.seleniumhq.org/exceptions/no_such_element.html
Build info: version: '3.141.59', revision: 'e82be7d358', time: '2018-11-14T08:17:03'
System info: host: 'DESKTOP-V097D2E', ip: '192.168.10.136', os.name: 'Windows 10', os.arch: 'amd64', os.version: '10.0', java.version: '1.8.0_181'
Driver info: org.openqa.selenium.firefox.FirefoxDriver
Capabilities {acceptInsecureCerts: true, browserName: firefox, browserVersion: 67.0.4, javascriptEnabled: true, moz:accessibilityChecks: false, moz:buildID: 20190619235627, moz:geckodriverVersion: 0.22.0, moz:headless: false, moz:processID: 15372, moz:profile: C:\Users\chase\AppData\Loca..., moz:shutdownTimeout: 60000, moz:useNonSpecCompliantPointerOrigin: false, moz:webdriverClick: true, pageLoadStrategy: normal, platform: WINDOWS, platformName: WINDOWS, platformVersion: 10.0, rotatable: false, setWindowRect: true, strictFileInteractability: false, timeouts: {implicit: 0, pageLoad: 300000, script: 30000}, unhandledPromptBehavior: dismiss and notify}
Session ID: e54a19d3-64b3-4806-aee7-e9d8d1862572
*** Element info: {Using=xpath, value=./following-sibling::*[contains(@class,'brick-errors')]/*[text()]}
at sun.reflect.NativeConstructorAccessorImpl.newInstance0(Native Method)
at sun.reflect.NativeConstructorAccessorImpl.newInstance(NativeConstructorAccessorImpl.java:62)
at sun.reflect.DelegatingConstructorAccessorImpl.newInstance(DelegatingConstructorAccessorImpl.java:45)
at java.lang.reflect.Constructor.newInstance(Constructor.java:423)
at org.openqa.selenium.remote.http.W3CHttpResponseCodec.createException(W3CHttpResponseCodec.java:187)
at org.openqa.selenium.remote.http.W3CHttpResponseCodec.decode(W3CHttpResponseCodec.java:122)
at org.openqa.selenium.remote.http.W3CHttpResponseCodec.decode(W3CHttpResponseCodec.java:49)
at org.openqa.selenium.remote.HttpCommandExecutor.execute(HttpCommandExecutor.java:158)
at org.openqa.selenium.remote.service.DriverCommandExecutor.execute(DriverCommandExecutor.java:83)
at org.openqa.selenium.remote.RemoteWebDriver.execute(RemoteWebDriver.java:552)
at org.openqa.selenium.remote.RemoteWebElement.execute(RemoteWebElement.java:285)
at org.openqa.selenium.remote.RemoteWebElement.findElement(RemoteWebElement.java:185)
at org.openqa.selenium.remote.RemoteWebElement.findElementByXPath(RemoteWebElement.java:261)
at org.openqa.selenium.By$ByXPath.findElement(By.java:353)
at org.openqa.selenium.remote.RemoteWebElement.findElement(RemoteWebElement.java:181)
at automation.project3ds.Element.getElement(Element.java:77)
at automation.project3ds.Element.getElement(Element.java:95)
at automation.project3ds.Assertion.isInvalid(Assertion.java:42)
at WidgetBrick_1v6_Test_EmptyTextbox.assertEmptyTextbox(WidgetBrick_1v6_Test_EmptyTextbox.java:102)
at WidgetBrick_1v6_Test_EmptyTextbox.emptyTextboxClick(WidgetBrick_1v6_Test_EmptyTextbox.java:52)
at sun.reflect.NativeMethodAccessorImpl.invoke0(Native Method)
at sun.reflect.NativeMethodAccessorImpl.invoke(NativeMethodAccessorImpl.java:62)
at sun.reflect.DelegatingMethodAccessorImpl.invoke(DelegatingMethodAccessorImpl.java:43)
at java.lang.reflect.Method.invoke(Method.java:498)
at org.testng.internal.MethodInvocationHelper.invokeMethod(MethodInvocationHelper.java:124)
at org.testng.internal.Invoker.invokeMethod(Invoker.java:583)
at org.testng.internal.Invoker.invokeTestMethod(Invoker.java:719)
at org.testng.internal.Invoker.invokeTestMethods(Invoker.java:989)
at org.testng.internal.TestMethodWorker.invokeTestMethods(TestMethodWorker.java:125)
at org.testng.internal.TestMethodWorker.run(TestMethodWorker.java:109)
at org.testng.TestRunner.privateRun(TestRunner.java:648)
at org.testng.TestRunner.run(TestRunner.java:505)
at org.testng.SuiteRunner.runTest(SuiteRunner.java:455)
at org.testng.SuiteRunner.runSequentially(SuiteRunner.java:450)
at org.testng.SuiteRunner.privateRun(SuiteRunner.java:415)
at org.testng.SuiteRunner.run(SuiteRunner.java:364)
at org.testng.SuiteRunnerWorker.runSuite(SuiteRunnerWorker.java:52)
at org.testng.SuiteRunnerWorker.run(SuiteRunnerWorker.java:84)
at org.testng.TestNG.runSuitesSequentially(TestNG.java:1208)
at org.testng.TestNG.runSuitesLocally(TestNG.java:1137)
at org.testng.TestNG.runSuites(TestNG.java:1049)
at org.testng.TestNG.run(TestNG.java:1017)
at org.testng.remote.AbstractRemoteTestNG.run(AbstractRemoteTestNG.java:115)
at org.testng.remote.RemoteTestNG.initAndRun(RemoteTestNG.java:251)
at org.testng.remote.RemoteTestNG.main(RemoteTestNG.java:77)
]]>
    </error>
  </testcase> <!-- emptyTextboxClick -->
  <testcase name="emptyTextboxSubmit" time="10.113" classname="WidgetBrick_1v6_Test_EmptyTextbox">
    <failure type="java.lang.AssertionError" message="The following asserts failed:
	[Name on card] expected [rgba(255, 39, 39, 1)] but found [rgb(255, 39, 39)],
	[Name on card] expected [rgba(255, 246, 246, 1)] but found [rgb(255, 246, 246)],
	[Name on card] expected [rgba(255, 39, 39, 1)] but found [rgb(255, 39, 39)],
	[Name on card] expected [rgba(255, 39, 39, 1)] but found [rgb(255, 39, 39)],
	[Name on card] expected [rgba(255, 246, 246, 1)] but found [rgb(255, 246, 246)],
	[Name on card] expected [rgba(255, 39, 39, 1)] but found [rgb(255, 39, 39)],
	[Card number] expected [rgba(255, 39, 39, 1)] but found [rgb(255, 39, 39)],
	[Card number] expected [rgba(255, 246, 246, 1)] but found [rgb(255, 246, 246)],
	[Card number] expected [rgba(255, 39, 39, 1)] but found [rgb(255, 39, 39)],
	[Expiration date
MM/YY] expected [rgba(255, 39, 39, 1)] but found [rgb(255, 39, 39)],
	[Expiration date
MM/YY] expected [rgba(255, 246, 246, 1)] but found [rgb(255, 246, 246)],
	[Expiration date
MM/YY] expected [rgba(255, 39, 39, 1)] but found [rgb(255, 39, 39)],
	[CVV/CVC/CID
000] expected [rgba(255, 39, 39, 1)] but found [rgb(255, 39, 39)],
	[CVV/CVC/CID
000] expected [rgba(255, 246, 246, 1)] but found [rgb(255, 246, 246)],
	[CVV/CVC/CID
000] expected [rgba(255, 39, 39, 1)] but found [rgb(255, 39, 39)],
	[ZIP / Postal code] expected [rgba(255, 39, 39, 1)] but found [rgb(255, 39, 39)],
	[ZIP / Postal code] expected [rgba(255, 246, 246, 1)] but found [rgb(255, 246, 246)],
	[ZIP / Postal code] expected [rgba(255, 39, 39, 1)] but found [rgb(255, 39, 39)],
	[Email] expected [rgba(255, 39, 39, 1)] but found [rgb(255, 39, 39)],
	[Email] expected [rgba(255, 246, 246, 1)] but found [rgb(255, 246, 246)],
	[Email] expected [rgba(255, 39, 39, 1)] but found [rgb(255, 39, 39)]">
      <![CDATA[java.lang.AssertionError: The following asserts failed:
[Name on card] expected [rgba(255, 39, 39, 1)] but found [rgb(255, 39, 39)],
[Name on card] expected [rgba(255, 246, 246, 1)] but found [rgb(255, 246, 246)],
[Name on card] expected [rgba(255, 39, 39, 1)] but found [rgb(255, 39, 39)],
[Name on card] expected [rgba(255, 39, 39, 1)] but found [rgb(255, 39, 39)],
[Name on card] expected [rgba(255, 246, 246, 1)] but found [rgb(255, 246, 246)],
[Name on card] expected [rgba(255, 39, 39, 1)] but found [rgb(255, 39, 39)],
[Card number] expected [rgba(255, 39, 39, 1)] but found [rgb(255, 39, 39)],
[Card number] expected [rgba(255, 246, 246, 1)] but found [rgb(255, 246, 246)],
[Card number] expected [rgba(255, 39, 39, 1)] but found [rgb(255, 39, 39)],
[Expiration date
MM/YY] expected [rgba(255, 39, 39, 1)] but found [rgb(255, 39, 39)],
[Expiration date
MM/YY] expected [rgba(255, 246, 246, 1)] but found [rgb(255, 246, 246)],
[Expiration date
MM/YY] expected [rgba(255, 39, 39, 1)] but found [rgb(255, 39, 39)],
[CVV/CVC/CID
000] expected [rgba(255, 39, 39, 1)] but found [rgb(255, 39, 39)],
[CVV/CVC/CID
000] expected [rgba(255, 246, 246, 1)] but found [rgb(255, 246, 246)],
[CVV/CVC/CID
000] expected [rgba(255, 39, 39, 1)] but found [rgb(255, 39, 39)],
[ZIP / Postal code] expected [rgba(255, 39, 39, 1)] but found [rgb(255, 39, 39)],
[ZIP / Postal code] expected [rgba(255, 246, 246, 1)] but found [rgb(255, 246, 246)],
[ZIP / Postal code] expected [rgba(255, 39, 39, 1)] but found [rgb(255, 39, 39)],
[Email] expected [rgba(255, 39, 39, 1)] but found [rgb(255, 39, 39)],
[Email] expected [rgba(255, 246, 246, 1)] but found [rgb(255, 246, 246)],
[Email] expected [rgba(255, 39, 39, 1)] but found [rgb(255, 39, 39)]
at automation.project3ds.Assertion.end(Assertion.java:20)
at WidgetBrick_1v6_Test_EmptyTextbox.emptyTextboxSubmit(WidgetBrick_1v6_Test_EmptyTextbox.java:69)
at sun.reflect.NativeMethodAccessorImpl.invoke0(Native Method)
at sun.reflect.NativeMethodAccessorImpl.invoke(NativeMethodAccessorImpl.java:62)
at sun.reflect.DelegatingMethodAccessorImpl.invoke(DelegatingMethodAccessorImpl.java:43)
at java.lang.reflect.Method.invoke(Method.java:498)
at org.testng.internal.MethodInvocationHelper.invokeMethod(MethodInvocationHelper.java:124)
at org.testng.internal.Invoker.invokeMethod(Invoker.java:583)
at org.testng.internal.Invoker.invokeTestMethod(Invoker.java:719)
at org.testng.internal.Invoker.invokeTestMethods(Invoker.java:989)
at org.testng.internal.TestMethodWorker.invokeTestMethods(TestMethodWorker.java:125)
at org.testng.internal.TestMethodWorker.run(TestMethodWorker.java:109)
at org.testng.TestRunner.privateRun(TestRunner.java:648)
at org.testng.TestRunner.run(TestRunner.java:505)
at org.testng.SuiteRunner.runTest(SuiteRunner.java:455)
at org.testng.SuiteRunner.runSequentially(SuiteRunner.java:450)
at org.testng.SuiteRunner.privateRun(SuiteRunner.java:415)
at org.testng.SuiteRunner.run(SuiteRunner.java:364)
at org.testng.SuiteRunnerWorker.runSuite(SuiteRunnerWorker.java:52)
at org.testng.SuiteRunnerWorker.run(SuiteRunnerWorker.java:84)
at org.testng.TestNG.runSuitesSequentially(TestNG.java:1208)
at org.testng.TestNG.runSuitesLocally(TestNG.java:1137)
at org.testng.TestNG.runSuites(TestNG.java:1049)
at org.testng.TestNG.run(TestNG.java:1017)
at org.testng.remote.AbstractRemoteTestNG.run(AbstractRemoteTestNG.java:115)
at org.testng.remote.RemoteTestNG.initAndRun(RemoteTestNG.java:251)
at org.testng.remote.RemoteTestNG.main(RemoteTestNG.java:77)
]]>
    </failure>
  </testcase> <!-- emptyTextboxSubmit -->
</testsuite> <!-- WidgetBrick_1v6_Test_EmptyTextbox -->
