<?xml version="1.0" encoding="UTF-8"?>
<!-- Generated by org.testng.reporters.JUnitReportReporter -->
<testsuite skipped="0" hostname="DESKTOP-V097D2E" name="WidgetBrick_1v6_Test_ValidateCardNumber" tests="2" failures="1" timestamp="21 Aug 2019 07:39:49 GMT" time="45.878" errors="0">
  <testcase name="visaCard" time="23.071" classname="WidgetBrick_1v6_Test_ValidateCardNumber"/>
  <testcase name="unsupportedBrand" time="22.807" classname="WidgetBrick_1v6_Test_ValidateCardNumber">
    <failure type="java.lang.AssertionError" message="The following asserts failed:
	[Card number] expected [rgb(102, 199, 0) #66c700] but found [#ff2727],
	[Card number] expected [rgba(255, 255, 255, 1)] but found [rgba(255, 246, 246, 1)],
	[Card number] expected [rgba(51, 51, 51, 0.5)] but found [rgba(255, 39, 39, 1)]">
      <![CDATA[java.lang.AssertionError: The following asserts failed:
[Card number] expected [rgb(102, 199, 0) #66c700] but found [#ff2727],
[Card number] expected [rgba(255, 255, 255, 1)] but found [rgba(255, 246, 246, 1)],
[Card number] expected [rgba(51, 51, 51, 0.5)] but found [rgba(255, 39, 39, 1)]
at automation.project3ds.Assertion.end(Assertion.java:20)
at WidgetBrick_1v6_Test_ValidateCardNumber.unsupportedBrand(WidgetBrick_1v6_Test_ValidateCardNumber.java:65)
at sun.reflect.NativeMethodAccessorImpl.invoke0(Native Method)
at sun.reflect.NativeMethodAccessorImpl.invoke(NativeMethodAccessorImpl.java:62)
at sun.reflect.DelegatingMethodAccessorImpl.invoke(DelegatingMethodAccessorImpl.java:43)
at java.lang.reflect.Method.invoke(Method.java:498)
at org.testng.internal.MethodInvocationHelper.invokeMethod(MethodInvocationHelper.java:124)
at org.testng.internal.Invoker.invokeMethod(Invoker.java:583)
at org.testng.internal.Invoker.invokeTestMethod(Invoker.java:719)
at org.testng.internal.Invoker.invokeTestMethods(Invoker.java:989)
at org.testng.internal.TestMethodWorker.invokeTestMethods(TestMethodWorker.java:125)
at org.testng.internal.TestMethodWorker.run(TestMethodWorker.java:109)
at org.testng.TestRunner.privateRun(TestRunner.java:648)
at org.testng.TestRunner.run(TestRunner.java:505)
at org.testng.SuiteRunner.runTest(SuiteRunner.java:455)
at org.testng.SuiteRunner.runSequentially(SuiteRunner.java:450)
at org.testng.SuiteRunner.privateRun(SuiteRunner.java:415)
at org.testng.SuiteRunner.run(SuiteRunner.java:364)
at org.testng.SuiteRunnerWorker.runSuite(SuiteRunnerWorker.java:52)
at org.testng.SuiteRunnerWorker.run(SuiteRunnerWorker.java:84)
at org.testng.TestNG.runSuitesSequentially(TestNG.java:1208)
at org.testng.TestNG.runSuitesLocally(TestNG.java:1137)
at org.testng.TestNG.runSuites(TestNG.java:1049)
at org.testng.TestNG.run(TestNG.java:1017)
at org.testng.remote.AbstractRemoteTestNG.run(AbstractRemoteTestNG.java:115)
at org.testng.remote.RemoteTestNG.initAndRun(RemoteTestNG.java:251)
at org.testng.remote.RemoteTestNG.main(RemoteTestNG.java:77)
]]>
    </failure>
  </testcase> <!-- unsupportedBrand -->
</testsuite> <!-- WidgetBrick_1v6_Test_ValidateCardNumber -->
