<?xml version="1.0" encoding="UTF-8"?>
<!-- Generated by org.testng.reporters.JUnitReportReporter -->
<testsuite skipped="0" hostname="DESKTOP-V097D2E" name="automation.project3ds.BrickURL_card01_version02_Test" tests="12" failures="1" timestamp="06 Aug 2019 09:26:04 GMT" time="378.429" errors="0">
  <testcase name="execute" time="36.897" classname="automation.project3ds.BrickURL_card01_version02_Test"/>
  <testcase name="execute" time="56.136" classname="automation.project3ds.BrickURL_card01_version02_Test"/>
  <testcase name="execute" time="18.978" classname="automation.project3ds.BrickURL_card01_version02_Test"/>
  <testcase name="execute" time="22.726" classname="automation.project3ds.BrickURL_card01_version02_Test"/>
  <testcase name="execute" time="21.290" classname="automation.project3ds.BrickURL_card01_version02_Test"/>
  <testcase name="execute" time="21.318" classname="automation.project3ds.BrickURL_card01_version02_Test"/>
  <testcase name="execute" time="34.278" classname="automation.project3ds.BrickURL_card01_version02_Test">
    <failure type="java.lang.AssertionError" message="The following asserts failed:
	[Enrolled] expected [] but found [U]">
      <![CDATA[java.lang.AssertionError: The following asserts failed:
[Enrolled] expected [] but found [U]
at automation.project3ds.MySoftAssertAll.assertAll(MySoftAssertAll.java:57)
at automation.project3ds.Action.assertResultV1(Action.java:258)
at automation.project3ds.BrickURL_card01_version02_Test.execute(BrickURL_card01_version02_Test.java:91)
at sun.reflect.NativeMethodAccessorImpl.invoke0(Native Method)
at sun.reflect.NativeMethodAccessorImpl.invoke(NativeMethodAccessorImpl.java:62)
at sun.reflect.DelegatingMethodAccessorImpl.invoke(DelegatingMethodAccessorImpl.java:43)
at java.lang.reflect.Method.invoke(Method.java:498)
at org.testng.internal.MethodInvocationHelper.invokeMethod(MethodInvocationHelper.java:124)
at org.testng.internal.Invoker.invokeMethod(Invoker.java:583)
at org.testng.internal.Invoker.invokeTestMethod(Invoker.java:719)
at org.testng.internal.Invoker.invokeTestMethods(Invoker.java:989)
at org.testng.internal.TestMethodWorker.invokeTestMethods(TestMethodWorker.java:125)
at org.testng.internal.TestMethodWorker.run(TestMethodWorker.java:109)
at org.testng.TestRunner.privateRun(TestRunner.java:648)
at org.testng.TestRunner.run(TestRunner.java:505)
at org.testng.SuiteRunner.runTest(SuiteRunner.java:455)
at org.testng.SuiteRunner.runSequentially(SuiteRunner.java:450)
at org.testng.SuiteRunner.privateRun(SuiteRunner.java:415)
at org.testng.SuiteRunner.run(SuiteRunner.java:364)
at org.testng.SuiteRunnerWorker.runSuite(SuiteRunnerWorker.java:52)
at org.testng.SuiteRunnerWorker.run(SuiteRunnerWorker.java:84)
at org.testng.TestNG.runSuitesSequentially(TestNG.java:1208)
at org.testng.TestNG.runSuitesLocally(TestNG.java:1137)
at org.testng.TestNG.runSuites(TestNG.java:1049)
at org.testng.TestNG.run(TestNG.java:1017)
at org.testng.remote.AbstractRemoteTestNG.run(AbstractRemoteTestNG.java:115)
at org.testng.remote.RemoteTestNG.initAndRun(RemoteTestNG.java:251)
at org.testng.remote.RemoteTestNG.main(RemoteTestNG.java:77)
]]>
    </failure>
  </testcase> <!-- execute -->
  <testcase name="execute" time="24.202" classname="automation.project3ds.BrickURL_card01_version02_Test"/>
  <testcase name="execute" time="26.226" classname="automation.project3ds.BrickURL_card01_version02_Test"/>
  <testcase name="execute" time="55.389" classname="automation.project3ds.BrickURL_card01_version02_Test"/>
  <testcase name="execute" time="32.293" classname="automation.project3ds.BrickURL_card01_version02_Test"/>
  <testcase name="execute" time="28.696" classname="automation.project3ds.BrickURL_card01_version02_Test"/>
</testsuite> <!-- automation.project3ds.BrickURL_card01_version02_Test -->
