

<!DOCTYPE html>
<html>
<head>
	<meta charset='utf-8' /> 
	<meta name='description' content='' />
	<meta name='robots' content='noodp, noydir' />
	<meta name='viewport' content='width=device-width, initial-scale=1' />
	<meta id="timeStampFormat" name="timeStampFormat" content='MMM d, yyyy hh:mm:ss a'/>
	
	<link href='https://fonts.googleapis.com/css?family=Source+Sans+Pro:400,600' rel='stylesheet' type='text/css' />
	<link href="https://fonts.googleapis.com/icon?family=Material+Icons" rel="stylesheet" />
	<link href='https://cdn.rawgit.com/extent-framework/extent-github-cdn/b65cd69/v3html/css/extent.css' type='text/css' rel='stylesheet' />
	
	<title>ExtentReports</title>

	<style type='text/css'>
		/* json-tree */
		.jstBracket,.jstComma,.jstValue{white-space:pre-wrap}.jstValue{font-size:10px;font-weight:400;font-family:"Lucida Console",Monaco,monospace}.jstProperty{color:#666;word-wrap:break-word}.jstBool{color:#2525CC}.jstNum{color:#D036D0}.jstNull{color:gray}.jstStr{color:#2DB669}.jstFold:after{content:' -';cursor:pointer}.jstExpand{white-space:normal}.jstExpand:after{content:' +';cursor:pointer}.jstFolded{white-space:normal!important}.jstHiddenBlock{display:none}
			.r-img { width: 30%; }
	</style>
	
	<script type="text/javascript">
		/*! json-tree - v0.2.2 - 2017-09-25, MIT LICENSE */
		var JSONTree=function(){var n={"&":"&amp;","<":"&lt;",">":"&gt;",'"':"&quot;","'":"&#x27;","/":"&#x2F;"},t=0,r=0;this.create=function(n,t){return r+=1,N(u(n,0,!1),{class:"jstValue"})};var e=function(t){return t.replace(/[&<>'"]/g,function(t){return n[t]})},s=function(){return r+"_"+t++},u=function(n,t,r){if(null===n)return f(r?t:0);switch(typeof n){case"boolean":return l(n,r?t:0);case"number":return i(n,r?t:0);case"string":return o(n,r?t:0);default:return n instanceof Array?a(n,t,r):c(n,t,r)}},c=function(n,t,r){var e=s(),u=Object.keys(n).map(function(r){return j(r,n[r],t+1,!0)}).join(m()),c=[g("{",r?t:0,e),N(u,{id:e}),p("}",t)].join("\n");return N(c,{})},a=function(n,t,r){var e=s(),c=n.map(function(n){return u(n,t+1,!0)}).join(m());return[g("[",r?t:0,e),N(c,{id:e}),p("]",t)].join("\n")},o=function(n,t){var r=e(JSON.stringify(n));return N(v(r,t),{class:"jstStr"})},i=function(n,t){return N(v(n,t),{class:"jstNum"})},l=function(n,t){return N(v(n,t),{class:"jstBool"})},f=function(n){return N(v("null",n),{class:"jstNull"})},j=function(n,t,r){var s=v(e(JSON.stringify(n))+": ",r),c=N(u(t,r,!1),{});return N(s+c,{class:"jstProperty"})},m=function(){return N(",\n",{class:"jstComma"})},N=function(n,t){return d("span",t,n)},d=function(n,t,r){return"<"+n+Object.keys(t).map(function(n){return" "+n+'="'+t[n]+'"'}).join("")+">"+r+"</"+n+">"},g=function(n,t,r){return N(v(n,t),{class:"jstBracket"})+N("",{class:"jstFold",onclick:"JSONTree.toggle('"+r+"')"})};this.toggle=function(n){var t=document.getElementById(n),r=t.parentNode,e=t.previousElementSibling;""===t.className?(t.className="jstHiddenBlock",r.className="jstFolded",e.className="jstExpand"):(t.className="",r.className="",e.className="jstFold")};var p=function(n,t){return N(v(n,t),{})},v=function(n,t){return Array(2*t+1).join(" ")+n};return this}();
	</script>
</head>
	<body class='extent dark default hide-overflow '>
		<div id='theme-selector' alt='Click to toggle theme. To enable by default, use theme configuration.' title='Click to toggle theme. To enable by default, use theme configuration.'>
			<span><i class='material-icons'>desktop_windows</i></span>
		</div>
<nav>
	<div class="nav-wrapper">
		<a href="#!" class="brand-logo black"><img src="https://cdn.rawgit.com/extent-framework/extent-github-cdn/d74480e/commons/img/logo.png"></a>
		<!-- slideout menu -->
		<ul id='slide-out' class='side-nav fixed hide-on-med-and-down'>
			<li class='waves-effect active'><a href='#!' view='test-view' onclick="configureView(0);chartsView('test');"><i class='material-icons'>dashboard</i></a></li>
						<li class='waves-effect'><a href='#!' view='category-view' onclick="configureView(1)"><i class='material-icons'>label_outline</i></a></li>
			<li class='waves-effect'><a href='#!' view='exception-view' onclick="configureView(2)"><i class='material-icons'>bug_report</i></a></li>
			<li class='waves-effect'><a href='#!' onclick="configureView(-1);chartsView('dashboard');" view='dashboard-view'><i class='material-icons'>track_changes</i></a></li>
		</ul>
		<!-- report name -->
		<span class='report-name'>ExtentReports</span>
		<!-- report headline -->
		<span class='report-headline'></span>
		<!-- nav-right -->
		<ul id='nav-mobile' class='right hide-on-med-and-down nav-right'>
			<a href='#!'>
			<span class='label blue darken-3 suite-start-time'>Sep 18, 2019 03:05:13 PM</span>
			</a>
		</ul>
	</div>
</nav>		<!-- container -->
		<div class='container'>
<div id='test-view' class='view'>
	<section id='controls'>
		<div class='controls grey lighten-4'>
			<!-- test toggle -->
			<div class='chip transparent'>
				<a class='dropdown-button tests-toggle' data-activates='tests-toggle' data-constrainwidth='true' data-beloworigin='true' data-hover='true' href='#'>
				<i class='material-icons'>warning</i> Status
				</a>
				<ul id='tests-toggle' class='dropdown-content'>
										<li status='pass'><a href='#!'>Pass <i class='material-icons green-text'>check_circle</i></a></li>
					<li status='fail'><a href='#!'>Fail <i class='material-icons red-text'>cancel</i></a></li>
					<li class='divider'></li>
					<li status='clear' clear='true'><a href='#!'>Clear Filters <i class='material-icons'>clear</i></a></li>
				</ul>
			</div>
			<!-- test toggle -->
			<!-- category toggle -->
			<div class='chip transparent'>
				<a class='dropdown-button category-toggle' data-activates='category-toggle' data-constrainwidth='false' data-beloworigin='true' data-hover='true' href='#'>
				<i class='material-icons'>local_offer</i> Category
				</a>
				<ul id='category-toggle' class='dropdown-content'>
					<li><a href='#'>BrickWidget_ON2_Test</a></li>
					<li class='divider'></li>
					<li class='clear'><a href='#!' clear='true'>Clear Filters</a></li>
				</ul>
			</div>
			<!-- category toggle -->
			<!-- clear filters -->
			<div class='chip transparent hide'>
				<a class='' id='clear-filters' alt='Clear Filters' title='Clear Filters'>
				<i class='material-icons'>close</i> Clear
				</a>
			</div>
			<!-- clear filters -->
			<!-- enable dashboard -->
			<div id='toggle-test-view-charts' class='chip transparent'>
				<a class='pink-text' id='enable-dashboard' alt='Enable Dashboard' title='Enable Dashboard'>
				<i class='material-icons'>track_changes</i> Dashboard
				</a>
			</div>
			<!-- enable dashboard -->
			<!-- search -->
			<div class='chip transparent' alt='Search Tests' title='Search Tests'>
				<a href="#" class='search-div'>
				<i class='material-icons'>search</i> Search
				</a>
				<div class='input-field left hide'>
					<input id='search-tests' type='text' class='validate browser-default' placeholder='Search Tests...'>
				</div>
			</div>
			<!-- search -->
		</div>
	</section>
<div id='test-view-charts' class='subview-full'>
    <div id='charts-row' class='row nm-v nm-h'>
        <div class='col s12 m12 l12 np-h'>
            <div class='card-panel nm-v'>
                <div class='left panel-name'>Tests</div>
                <div class='chart-box' style="max-height:94px;">
                    <canvas id='parent-analysis' width='90' height='70'></canvas>
                </div>
                <div class='block text-small'>
                    <span class='tooltipped' data-position='top' data-tooltip='42.857%'><span class='strong'>3</span> test(s) passed</span>
                </div>
                <div class='block text-small'>
                    <span class='strong tooltipped' data-position='top' data-tooltip='57.143%'>4</span> test(s) failed, <span class='strong tooltipped' data-position='top' data-tooltip='0%'>0</span> others
                </div>
            </div>
        </div>
    </div>
    <div id="timeline-chart" class="row nm-v nm-h">
        <div class="col s12 m12 l12 np-h">
            <div class="card-panel">
                <div class='left panel-name'>Timeline (seconds)</div>
                <div class="chart-box" style="width:98%;max-height:145px;">
                    <canvas id="timeline" height="120"></canvas>
                </div>
            </div>
        </div>
    </div>
</div>	<div class='subview-left left'>
		<div class='view-summary'>
			<ul id='test-collection' class='test-collection'>
				<li class='test displayed active  fail' status='fail' bdd='false' test-id='1'>
					<div class='test-heading'>
						<span class='test-name'>BrickWidget_ON2_Test.execute (4000000000001000 )</span>
						<span class='test-time'>Sep 18, 2019 03:05:13 PM</span>
						<span class='test-status right fail'>fail</span>
					</div>
					<div class='test-content hide'>
<div class='test-time-info'>
	<span class='label start-time'>Sep 18, 2019 03:05:13 PM</span>
	<span class='label end-time'>Sep 18, 2019 03:06:15 PM</span>
	<span class='label time-taken grey lighten-1 white-text'>0h 1m 2s+160ms</span>
</div>
<div class='test-attributes'>
	<div class='category-list'>
		<span class='category label'>BrickWidget_ON2_Test</span>
	</div>
</div>
<div class='test-steps'>
	<table class='bordered table-results'>
		<thead>
			<tr>
				<th>Status</th>
				<th>Timestamp</th>
				<th>Details</th>
			</tr>
		</thead>
		<tbody>
			<tr class='log' status='info'>
				<td class='status info' title='info' alt='info'><i class='material-icons'>info_outline</i></td>
				<td class='timestamp'>3:05:13 PM</td>
				<td class='step-details'>
						Params: {Cavv=value, cardholderVerificationMethod=THREEDS, expected_results_authentication=NA, Enrolled=Y, EciFlag=05, WhiteListStatus=null, ErrorDesc=blank, WhiteListStatusSource=null, ErrorNo=0, Payload=blank, PAN=4000000000001000, SignitureVerification=Y, ACSUrl=blank, PAResStatus=Y, testName=Test Visa 1: Successful Frictionless Authentication}
					
				</td>
			</tr>
			<tr class='log' status='info'>
				<td class='status info' title='info' alt='info'><i class='material-icons'>info_outline</i></td>
				<td class='timestamp'>3:05:13 PM</td>
				<td class='step-details'>
						CardNumber: 4000000000001000
					
				</td>
			</tr>
			<tr class='log' status='info'>
				<td class='status info' title='info' alt='info'><i class='material-icons'>info_outline</i></td>
				<td class='timestamp'>3:05:49 PM</td>
				<td class='step-details'>
						refID: 65572665
					
				</td>
			</tr>
			<tr class='log' status='info'>
				<td class='status info' title='info' alt='info'><i class='material-icons'>info_outline</i></td>
				<td class='timestamp'>3:06:07 PM</td>
				<td class='step-details'>
						t_id: 41492
					
				</td>
			</tr>
			<tr class='log' status='info'>
				<td class='status info' title='info' alt='info'><i class='material-icons'>info_outline</i></td>
				<td class='timestamp'>3:06:11 PM</td>
				<td class='step-details'>
						lookup_response: <pre><xmp><?xml version="1.0" encoding="UTF-8"?><CardinalMPI>
     <AuthenticationPath>NOREDIRECT</AuthenticationPath>
     <CardBin>400000</CardBin>
     <ThreeDSVersion>1.0.2</ThreeDSVersion>
     <ErrorDesc/>
     <ACSUrl/>
     <ErrorNo>0</ErrorNo>
     <Payload/>
     <EciFlag>07</EciFlag>
     <Enrolled>U</Enrolled>
     <TransactionId>Y7w6ZPMkfHH840wYVC20</TransactionId>
     <OrderId>8000806658649887</OrderId>
     <CardBrand>VISA</CardBrand>
</CardinalMPI>
</xmp></pre>
					
				</td>
			</tr>
			<tr class='log' status='info'>
				<td class='status info' title='info' alt='info'><i class='material-icons'>info_outline</i></td>
				<td class='timestamp'>3:06:15 PM</td>
				<td class='step-details'>
						auth_quest:<br /><pre>{
  "method" : "AUTH",
  "request" : {
    "type" : "AUTH",
    "merchant" : {
      "merchantId" : "63103550",
      "name" : "Embarcadero"
    },
    "merchantRef" : "d65572665",
    "transactionId" : "d65572665-41492",
    "operationId" : "d65572665-41492-5d81e566d0869",
    "plainCardData" : {
      "cardNumber" : "400000******1000",
      "expiry" : "2201",
      "cvv2" : "***"
    },
    "amount" : {
      "isoAmount" : 78,
      "currency" : "EUR"
    },
    "ecomReqData" : {
      "allow3dsDowngrade" : true,
      "cardholderVerificationMethod" : "CVV2",
      "cardReadingMethod" : "ECOM"
    },
    "transactionTimestamp" : "2019-09-18T10:05:59",
    "retrievalRefNumber" : "000000041492"
  },
  "headers" : {
    "Content-Type" : "application/json",
    "Authorization" : "Bearer eyJ*****KI5TYIHSvw"
  }
}</pre>
					
				</td>
			</tr>
			<tr class='log' status='info'>
				<td class='status info' title='info' alt='info'><i class='material-icons'>info_outline</i></td>
				<td class='timestamp'>3:06:15 PM</td>
				<td class='step-details'>
						[expected_results_authentication] expected {NA} to equal to actual {NA}<br />[Enrolled] expected {Y} to equal to actual {U}<br />[PAResStatus] expected {Y} to equal to actual {null}<br />[SignitureVerification] expected {Y} to equal to actual {null}<br />[Cavv] expected {null} to not equal to actual {null}<br />[EciFlag] expected {05} to equal to actual {07}<br />[ACSUrl] expected {} to equal to actual {}<br />[Payload] expected {} to equal to actual {}<br />[ErrorNo] expected {0} to equal to actual {0}<br />[ErrorDesc] expected {} to equal to actual {}<br />[WhiteListStatusSource] expected {null} to equal to actual {null}<br />[WhiteListStatus] expected {null} to equal to actual {null}<br />[cardholderVerificationMethod3] expected {THREEDS} to equal to actual {CVV2}<br />[cavv] expected {null} to not equal to actual {null}<br />[version] expected {V2} to equal to actual {null}<br />[directoryServerTransactionId] expected {null} to not equal to actual {null}<br />
					
				</td>
			</tr>
			<tr class='log' status='fail'>
				<td class='status fail' title='fail' alt='fail'><i class='material-icons'>cancel</i></td>
				<td class='timestamp'>3:06:15 PM</td>
				<td class='step-details'>
						<textarea disabled class="code-block">java.lang.AssertionError: The following asserts failed:
	[Enrolled] expected [Y] but found [U],
	[PAResStatus] expected [Y] but found [null],
	[SignitureVerification] expected [Y] but found [null],
	[Cavv] expected object to not be null,
	[EciFlag] expected [05] but found [07],
	[cardholderVerificationMethod3] expected [THREEDS] but found [CVV2],
	[cavv] expected object to not be null,
	[version] expected [V2] but found [null],
	[directoryServerTransactionId] expected object to not be null
	at automation.project3ds.MySoftAssertAll.assertAll(MySoftAssertAll.java:57)
	at automation.project3ds.Action.assertResult(Action.java:150)
	at automation.project3ds.oldTest.BrickWidget_ON2_Test.execute(BrickWidget_ON2_Test.java:66)
	at sun.reflect.NativeMethodAccessorImpl.invoke0(Native Method)
	at sun.reflect.NativeMethodAccessorImpl.invoke(NativeMethodAccessorImpl.java:62)
	at sun.reflect.DelegatingMethodAccessorImpl.invoke(DelegatingMethodAccessorImpl.java:43)
	at java.lang.reflect.Method.invoke(Method.java:498)
	at org.testng.internal.MethodInvocationHelper.invokeMethod(MethodInvocationHelper.java:124)
	at org.testng.internal.Invoker.invokeMethod(Invoker.java:583)
	at org.testng.internal.Invoker.invokeTestMethod(Invoker.java:719)
	at org.testng.internal.Invoker.invokeTestMethods(Invoker.java:989)
	at org.testng.internal.TestMethodWorker.invokeTestMethods(TestMethodWorker.java:125)
	at org.testng.internal.TestMethodWorker.run(TestMethodWorker.java:109)
	at org.testng.TestRunner.privateRun(TestRunner.java:648)
	at org.testng.TestRunner.run(TestRunner.java:505)
	at org.testng.SuiteRunner.runTest(SuiteRunner.java:455)
	at org.testng.SuiteRunner.runSequentially(SuiteRunner.java:450)
	at org.testng.SuiteRunner.privateRun(SuiteRunner.java:415)
	at org.testng.SuiteRunner.run(SuiteRunner.java:364)
	at org.testng.SuiteRunnerWorker.runSuite(SuiteRunnerWorker.java:52)
	at org.testng.SuiteRunnerWorker.run(SuiteRunnerWorker.java:84)
	at org.testng.TestNG.runSuitesSequentially(TestNG.java:1208)
	at org.testng.TestNG.runSuitesLocally(TestNG.java:1137)
	at org.testng.TestNG.runSuites(TestNG.java:1049)
	at org.testng.TestNG.run(TestNG.java:1017)
	at org.testng.remote.AbstractRemoteTestNG.run(AbstractRemoteTestNG.java:115)
	at org.testng.remote.RemoteTestNG.initAndRun(RemoteTestNG.java:251)
	at org.testng.remote.RemoteTestNG.main(RemoteTestNG.java:77)
</textarea>
					
				</td>
			</tr>
			<tr class='log' status='fail'>
				<td class='status fail' title='fail' alt='fail'><i class='material-icons'>cancel</i></td>
				<td class='timestamp'>3:06:15 PM</td>
				<td class='step-details'>
						Test Failed
					
				</td>
			</tr>
		</tbody>
	</table>
</div>
					</div>
				</li>
				<li class='test displayed active  fail' status='fail' bdd='false' test-id='27'>
					<div class='test-heading'>
						<span class='test-name'>BrickWidget_ON2_Test.execute (4000000000001018 )</span>
						<span class='test-time'>Sep 18, 2019 03:06:16 PM</span>
						<span class='test-status right fail'>fail</span>
					</div>
					<div class='test-content hide'>
<div class='test-time-info'>
	<span class='label start-time'>Sep 18, 2019 03:06:16 PM</span>
	<span class='label end-time'>Sep 18, 2019 03:06:41 PM</span>
	<span class='label time-taken grey lighten-1 white-text'>0h 0m 25s+44ms</span>
</div>
<div class='test-attributes'>
	<div class='category-list'>
		<span class='category label'>BrickWidget_ON2_Test</span>
	</div>
</div>
<div class='test-steps'>
	<table class='bordered table-results'>
		<thead>
			<tr>
				<th>Status</th>
				<th>Timestamp</th>
				<th>Details</th>
			</tr>
		</thead>
		<tbody>
			<tr class='log' status='info'>
				<td class='status info' title='info' alt='info'><i class='material-icons'>info_outline</i></td>
				<td class='timestamp'>3:06:16 PM</td>
				<td class='step-details'>
						Params: {Cavv=blank, cardholderVerificationMethod=NO_REQUEST, expected_results_authentication=NA, Enrolled=Y, EciFlag=07, WhiteListStatus=null, ErrorDesc=blank, WhiteListStatusSource=null, ErrorNo=0, Payload=blank, PAN=4000000000001018, SignitureVerification=Y, ACSUrl=blank, PAResStatus=N, testName=Test Visa 2: Failed Frictionless Authentication}
					
				</td>
			</tr>
			<tr class='log' status='info'>
				<td class='status info' title='info' alt='info'><i class='material-icons'>info_outline</i></td>
				<td class='timestamp'>3:06:16 PM</td>
				<td class='step-details'>
						CardNumber: 4000000000001018
					
				</td>
			</tr>
			<tr class='log' status='info'>
				<td class='status info' title='info' alt='info'><i class='material-icons'>info_outline</i></td>
				<td class='timestamp'>3:06:29 PM</td>
				<td class='step-details'>
						refID: 65572666
					
				</td>
			</tr>
			<tr class='log' status='info'>
				<td class='status info' title='info' alt='info'><i class='material-icons'>info_outline</i></td>
				<td class='timestamp'>3:06:35 PM</td>
				<td class='step-details'>
						t_id: 41493
					
				</td>
			</tr>
			<tr class='log' status='info'>
				<td class='status info' title='info' alt='info'><i class='material-icons'>info_outline</i></td>
				<td class='timestamp'>3:06:37 PM</td>
				<td class='step-details'>
						lookup_response: <pre><xmp><?xml version="1.0" encoding="UTF-8"?><CardinalMPI>
     <AuthenticationPath>NOREDIRECT</AuthenticationPath>
     <CardBin>400000</CardBin>
     <ThreeDSVersion>1.0.2</ThreeDSVersion>
     <ErrorDesc/>
     <ACSUrl/>
     <ErrorNo>0</ErrorNo>
     <Payload/>
     <EciFlag>07</EciFlag>
     <Enrolled>U</Enrolled>
     <TransactionId>ue2Dtf8HaDB0Qp6yI0K0</TransactionId>
     <OrderId>8000293408496788</OrderId>
     <CardBrand>VISA</CardBrand>
</CardinalMPI>
</xmp></pre>
					
				</td>
			</tr>
			<tr class='log' status='info'>
				<td class='status info' title='info' alt='info'><i class='material-icons'>info_outline</i></td>
				<td class='timestamp'>3:06:41 PM</td>
				<td class='step-details'>
						auth_quest:<br /><pre>{
  "method" : "AUTH",
  "request" : {
    "type" : "AUTH",
    "merchant" : {
      "merchantId" : "63103550",
      "name" : "Embarcadero"
    },
    "merchantRef" : "d65572666",
    "transactionId" : "d65572666-41493",
    "operationId" : "d65572666-41493-5d81e58d30e3d",
    "plainCardData" : {
      "cardNumber" : "400000******1018",
      "expiry" : "2201",
      "cvv2" : "***"
    },
    "amount" : {
      "isoAmount" : 78,
      "currency" : "EUR"
    },
    "ecomReqData" : {
      "allow3dsDowngrade" : true,
      "cardholderVerificationMethod" : "CVV2",
      "cardReadingMethod" : "ECOM"
    },
    "transactionTimestamp" : "2019-09-18T10:06:37",
    "retrievalRefNumber" : "000000041493"
  },
  "headers" : {
    "Content-Type" : "application/json",
    "Authorization" : "Bearer eyJ*****KI5TYIHSvw"
  }
}</pre>
					
				</td>
			</tr>
			<tr class='log' status='info'>
				<td class='status info' title='info' alt='info'><i class='material-icons'>info_outline</i></td>
				<td class='timestamp'>3:06:41 PM</td>
				<td class='step-details'>
						[expected_results_authentication] expected {NA} to equal to actual {NA}<br />[Enrolled] expected {Y} to equal to actual {U}<br />[PAResStatus] expected {N} to equal to actual {null}<br />[SignitureVerification] expected {Y} to equal to actual {null}<br />[Cavv] expected {} to equal to actual {null}<br />[EciFlag] expected {07} to equal to actual {07}<br />[ACSUrl] expected {} to equal to actual {}<br />[Payload] expected {} to equal to actual {}<br />[ErrorNo] expected {0} to equal to actual {0}<br />[ErrorDesc] expected {} to equal to actual {}<br />[WhiteListStatusSource] expected {null} to equal to actual {null}<br />[WhiteListStatus] expected {null} to equal to actual {null}<br />[cardholderVerificationMethod] expected {null} to equal to actual {automation.project3ds.Z2$RequestAuth@768f2398}<br />
					
				</td>
			</tr>
			<tr class='log' status='fail'>
				<td class='status fail' title='fail' alt='fail'><i class='material-icons'>cancel</i></td>
				<td class='timestamp'>3:06:41 PM</td>
				<td class='step-details'>
						<textarea disabled class="code-block">java.lang.AssertionError: The following asserts failed:
	[Enrolled] expected [Y] but found [U],
	[PAResStatus] expected [N] but found [null],
	[SignitureVerification] expected [Y] but found [null],
	[Cavv] expected [] but found [null],
	[cardholderVerificationMethod] expected [null] but found [automation.project3ds.Z2$RequestAuth@768f2398]
	at automation.project3ds.MySoftAssertAll.assertAll(MySoftAssertAll.java:57)
	at automation.project3ds.Action.assertResult(Action.java:150)
	at automation.project3ds.oldTest.BrickWidget_ON2_Test.execute(BrickWidget_ON2_Test.java:66)
	at sun.reflect.NativeMethodAccessorImpl.invoke0(Native Method)
	at sun.reflect.NativeMethodAccessorImpl.invoke(NativeMethodAccessorImpl.java:62)
	at sun.reflect.DelegatingMethodAccessorImpl.invoke(DelegatingMethodAccessorImpl.java:43)
	at java.lang.reflect.Method.invoke(Method.java:498)
	at org.testng.internal.MethodInvocationHelper.invokeMethod(MethodInvocationHelper.java:124)
	at org.testng.internal.Invoker.invokeMethod(Invoker.java:583)
	at org.testng.internal.Invoker.invokeTestMethod(Invoker.java:719)
	at org.testng.internal.Invoker.invokeTestMethods(Invoker.java:989)
	at org.testng.internal.TestMethodWorker.invokeTestMethods(TestMethodWorker.java:125)
	at org.testng.internal.TestMethodWorker.run(TestMethodWorker.java:109)
	at org.testng.TestRunner.privateRun(TestRunner.java:648)
	at org.testng.TestRunner.run(TestRunner.java:505)
	at org.testng.SuiteRunner.runTest(SuiteRunner.java:455)
	at org.testng.SuiteRunner.runSequentially(SuiteRunner.java:450)
	at org.testng.SuiteRunner.privateRun(SuiteRunner.java:415)
	at org.testng.SuiteRunner.run(SuiteRunner.java:364)
	at org.testng.SuiteRunnerWorker.runSuite(SuiteRunnerWorker.java:52)
	at org.testng.SuiteRunnerWorker.run(SuiteRunnerWorker.java:84)
	at org.testng.TestNG.runSuitesSequentially(TestNG.java:1208)
	at org.testng.TestNG.runSuitesLocally(TestNG.java:1137)
	at org.testng.TestNG.runSuites(TestNG.java:1049)
	at org.testng.TestNG.run(TestNG.java:1017)
	at org.testng.remote.AbstractRemoteTestNG.run(AbstractRemoteTestNG.java:115)
	at org.testng.remote.RemoteTestNG.initAndRun(RemoteTestNG.java:251)
	at org.testng.remote.RemoteTestNG.main(RemoteTestNG.java:77)
</textarea>
					
				</td>
			</tr>
			<tr class='log' status='fail'>
				<td class='status fail' title='fail' alt='fail'><i class='material-icons'>cancel</i></td>
				<td class='timestamp'>3:06:41 PM</td>
				<td class='step-details'>
						Test Failed
					
				</td>
			</tr>
		</tbody>
	</table>
</div>
					</div>
				</li>
				<li class='test displayed active  fail' status='fail' bdd='false' test-id='53'>
					<div class='test-heading'>
						<span class='test-name'>BrickWidget_ON2_Test.execute (4000000000001026 )</span>
						<span class='test-time'>Sep 18, 2019 03:06:42 PM</span>
						<span class='test-status right fail'>fail</span>
					</div>
					<div class='test-content hide'>
<div class='test-time-info'>
	<span class='label start-time'>Sep 18, 2019 03:06:42 PM</span>
	<span class='label end-time'>Sep 18, 2019 03:07:08 PM</span>
	<span class='label time-taken grey lighten-1 white-text'>0h 0m 26s+169ms</span>
</div>
<div class='test-attributes'>
	<div class='category-list'>
		<span class='category label'>BrickWidget_ON2_Test</span>
	</div>
</div>
<div class='test-steps'>
	<table class='bordered table-results'>
		<thead>
			<tr>
				<th>Status</th>
				<th>Timestamp</th>
				<th>Details</th>
			</tr>
		</thead>
		<tbody>
			<tr class='log' status='info'>
				<td class='status info' title='info' alt='info'><i class='material-icons'>info_outline</i></td>
				<td class='timestamp'>3:06:42 PM</td>
				<td class='step-details'>
						Params: {Cavv=value, cardholderVerificationMethod=THREEDS_ATTEMPT, expected_results_authentication=NA, Enrolled=Y, EciFlag=06, WhiteListStatus=null, ErrorDesc=blank, WhiteListStatusSource=null, ErrorNo=0, Payload=blank, PAN=4000000000001026, SignitureVerification=Y, ACSUrl=blank, PAResStatus=A, testName=Test Visa 3: Attempts Frictionless Authentication}
					
				</td>
			</tr>
			<tr class='log' status='info'>
				<td class='status info' title='info' alt='info'><i class='material-icons'>info_outline</i></td>
				<td class='timestamp'>3:06:42 PM</td>
				<td class='step-details'>
						CardNumber: 4000000000001026
					
				</td>
			</tr>
			<tr class='log' status='info'>
				<td class='status info' title='info' alt='info'><i class='material-icons'>info_outline</i></td>
				<td class='timestamp'>3:06:55 PM</td>
				<td class='step-details'>
						refID: 65572667
					
				</td>
			</tr>
			<tr class='log' status='info'>
				<td class='status info' title='info' alt='info'><i class='material-icons'>info_outline</i></td>
				<td class='timestamp'>3:07:02 PM</td>
				<td class='step-details'>
						t_id: 41494
					
				</td>
			</tr>
			<tr class='log' status='info'>
				<td class='status info' title='info' alt='info'><i class='material-icons'>info_outline</i></td>
				<td class='timestamp'>3:07:04 PM</td>
				<td class='step-details'>
						lookup_response: <pre><xmp><?xml version="1.0" encoding="UTF-8"?><CardinalMPI>
     <AuthenticationPath>NOREDIRECT</AuthenticationPath>
     <CardBin>400000</CardBin>
     <ThreeDSVersion>1.0.2</ThreeDSVersion>
     <ErrorDesc/>
     <ACSUrl/>
     <ErrorNo>0</ErrorNo>
     <Payload/>
     <EciFlag>07</EciFlag>
     <Enrolled>U</Enrolled>
     <TransactionId>tJjwcoLUeRKoH2mBxxQ0</TransactionId>
     <OrderId>8000138198856800</OrderId>
     <CardBrand>VISA</CardBrand>
</CardinalMPI>
</xmp></pre>
					
				</td>
			</tr>
			<tr class='log' status='info'>
				<td class='status info' title='info' alt='info'><i class='material-icons'>info_outline</i></td>
				<td class='timestamp'>3:07:08 PM</td>
				<td class='step-details'>
						auth_quest:<br /><pre>{
  "method" : "AUTH",
  "request" : {
    "type" : "AUTH",
    "merchant" : {
      "merchantId" : "63103550",
      "name" : "Embarcadero"
    },
    "merchantRef" : "d65572667",
    "transactionId" : "d65572667-41494",
    "operationId" : "d65572667-41494-5d81e5a74f241",
    "plainCardData" : {
      "cardNumber" : "400000******1026",
      "expiry" : "2201",
      "cvv2" : "***"
    },
    "amount" : {
      "isoAmount" : 78,
      "currency" : "EUR"
    },
    "ecomReqData" : {
      "allow3dsDowngrade" : true,
      "cardholderVerificationMethod" : "CVV2",
      "cardReadingMethod" : "ECOM"
    },
    "transactionTimestamp" : "2019-09-18T10:07:03",
    "retrievalRefNumber" : "000000041494"
  },
  "headers" : {
    "Content-Type" : "application/json",
    "Authorization" : "Bearer eyJ*****KI5TYIHSvw"
  }
}</pre>
					
				</td>
			</tr>
			<tr class='log' status='info'>
				<td class='status info' title='info' alt='info'><i class='material-icons'>info_outline</i></td>
				<td class='timestamp'>3:07:08 PM</td>
				<td class='step-details'>
						[expected_results_authentication] expected {NA} to equal to actual {NA}<br />[Enrolled] expected {Y} to equal to actual {U}<br />[PAResStatus] expected {A} to equal to actual {null}<br />[SignitureVerification] expected {Y} to equal to actual {null}<br />[Cavv] expected {null} to not equal to actual {null}<br />[EciFlag] expected {06} to equal to actual {07}<br />[ACSUrl] expected {} to equal to actual {}<br />[Payload] expected {} to equal to actual {}<br />[ErrorNo] expected {0} to equal to actual {0}<br />[ErrorDesc] expected {} to equal to actual {}<br />[WhiteListStatusSource] expected {null} to equal to actual {null}<br />[WhiteListStatus] expected {null} to equal to actual {null}<br />[cardholderVerificationMethod3] expected {THREEDS_ATTEMPT} to equal to actual {CVV2}<br />[cavv] expected {null} to not equal to actual {null}<br />[version] expected {V2} to equal to actual {null}<br />[directoryServerTransactionId] expected {null} to not equal to actual {null}<br />
					
				</td>
			</tr>
			<tr class='log' status='fail'>
				<td class='status fail' title='fail' alt='fail'><i class='material-icons'>cancel</i></td>
				<td class='timestamp'>3:07:08 PM</td>
				<td class='step-details'>
						<textarea disabled class="code-block">java.lang.AssertionError: The following asserts failed:
	[Enrolled] expected [Y] but found [U],
	[PAResStatus] expected [A] but found [null],
	[SignitureVerification] expected [Y] but found [null],
	[Cavv] expected object to not be null,
	[EciFlag] expected [06] but found [07],
	[cardholderVerificationMethod3] expected [THREEDS_ATTEMPT] but found [CVV2],
	[cavv] expected object to not be null,
	[version] expected [V2] but found [null],
	[directoryServerTransactionId] expected object to not be null
	at automation.project3ds.MySoftAssertAll.assertAll(MySoftAssertAll.java:57)
	at automation.project3ds.Action.assertResult(Action.java:150)
	at automation.project3ds.oldTest.BrickWidget_ON2_Test.execute(BrickWidget_ON2_Test.java:66)
	at sun.reflect.NativeMethodAccessorImpl.invoke0(Native Method)
	at sun.reflect.NativeMethodAccessorImpl.invoke(NativeMethodAccessorImpl.java:62)
	at sun.reflect.DelegatingMethodAccessorImpl.invoke(DelegatingMethodAccessorImpl.java:43)
	at java.lang.reflect.Method.invoke(Method.java:498)
	at org.testng.internal.MethodInvocationHelper.invokeMethod(MethodInvocationHelper.java:124)
	at org.testng.internal.Invoker.invokeMethod(Invoker.java:583)
	at org.testng.internal.Invoker.invokeTestMethod(Invoker.java:719)
	at org.testng.internal.Invoker.invokeTestMethods(Invoker.java:989)
	at org.testng.internal.TestMethodWorker.invokeTestMethods(TestMethodWorker.java:125)
	at org.testng.internal.TestMethodWorker.run(TestMethodWorker.java:109)
	at org.testng.TestRunner.privateRun(TestRunner.java:648)
	at org.testng.TestRunner.run(TestRunner.java:505)
	at org.testng.SuiteRunner.runTest(SuiteRunner.java:455)
	at org.testng.SuiteRunner.runSequentially(SuiteRunner.java:450)
	at org.testng.SuiteRunner.privateRun(SuiteRunner.java:415)
	at org.testng.SuiteRunner.run(SuiteRunner.java:364)
	at org.testng.SuiteRunnerWorker.runSuite(SuiteRunnerWorker.java:52)
	at org.testng.SuiteRunnerWorker.run(SuiteRunnerWorker.java:84)
	at org.testng.TestNG.runSuitesSequentially(TestNG.java:1208)
	at org.testng.TestNG.runSuitesLocally(TestNG.java:1137)
	at org.testng.TestNG.runSuites(TestNG.java:1049)
	at org.testng.TestNG.run(TestNG.java:1017)
	at org.testng.remote.AbstractRemoteTestNG.run(AbstractRemoteTestNG.java:115)
	at org.testng.remote.RemoteTestNG.initAndRun(RemoteTestNG.java:251)
	at org.testng.remote.RemoteTestNG.main(RemoteTestNG.java:77)
</textarea>
					
				</td>
			</tr>
			<tr class='log' status='fail'>
				<td class='status fail' title='fail' alt='fail'><i class='material-icons'>cancel</i></td>
				<td class='timestamp'>3:07:08 PM</td>
				<td class='step-details'>
						Test Failed
					
				</td>
			</tr>
		</tbody>
	</table>
</div>
					</div>
				</li>
				<li class='test displayed active  pass' status='pass' bdd='false' test-id='79'>
					<div class='test-heading'>
						<span class='test-name'>BrickWidget_ON2_Test.execute (4000000000001034 )</span>
						<span class='test-time'>Sep 18, 2019 03:07:08 PM</span>
						<span class='test-status right pass'>pass</span>
					</div>
					<div class='test-content hide'>
<div class='test-time-info'>
	<span class='label start-time'>Sep 18, 2019 03:07:08 PM</span>
	<span class='label end-time'>Sep 18, 2019 03:07:37 PM</span>
	<span class='label time-taken grey lighten-1 white-text'>0h 0m 28s+582ms</span>
</div>
<div class='test-attributes'>
	<div class='category-list'>
		<span class='category label'>BrickWidget_ON2_Test</span>
	</div>
</div>
<div class='test-steps'>
	<table class='bordered table-results'>
		<thead>
			<tr>
				<th>Status</th>
				<th>Timestamp</th>
				<th>Details</th>
			</tr>
		</thead>
		<tbody>
			<tr class='log' status='info'>
				<td class='status info' title='info' alt='info'><i class='material-icons'>info_outline</i></td>
				<td class='timestamp'>3:07:08 PM</td>
				<td class='step-details'>
						Params: {Cavv=blank, cardholderVerificationMethod=CVV2, expected_results_authentication=NA, Enrolled=Y, EciFlag=07, WhiteListStatus=null, ErrorDesc=blank, WhiteListStatusSource=null, ErrorNo=0, Payload=blank, PAN=4000000000001034, SignitureVerification=Y, ACSUrl=blank, PAResStatus=U, testName=Test Visa 4: Unavailable Frictionless Authentication from the Issuer}
					
				</td>
			</tr>
			<tr class='log' status='info'>
				<td class='status info' title='info' alt='info'><i class='material-icons'>info_outline</i></td>
				<td class='timestamp'>3:07:08 PM</td>
				<td class='step-details'>
						CardNumber: 4000000000001034
					
				</td>
			</tr>
			<tr class='log' status='info'>
				<td class='status info' title='info' alt='info'><i class='material-icons'>info_outline</i></td>
				<td class='timestamp'>3:07:22 PM</td>
				<td class='step-details'>
						refID: 65572668
					
				</td>
			</tr>
			<tr class='log' status='info'>
				<td class='status info' title='info' alt='info'><i class='material-icons'>info_outline</i></td>
				<td class='timestamp'>3:07:31 PM</td>
				<td class='step-details'>
						t_id: 41495
					
				</td>
			</tr>
			<tr class='log' status='info'>
				<td class='status info' title='info' alt='info'><i class='material-icons'>info_outline</i></td>
				<td class='timestamp'>3:07:33 PM</td>
				<td class='step-details'>
						lookup_response: <pre><xmp><?xml version="1.0" encoding="UTF-8"?><CardinalMPI>
     <ErrorNo>0</ErrorNo>
     <TransactionId>wMzZB5VFadIQ8TEjgXA0</TransactionId>
     <Payload/>
     <ErrorDesc/>
     <Cavv/>
     <PAResStatus>U</PAResStatus>
     <Enrolled>Y</Enrolled>
     <ACSTransactionId>926a78ca-ddf8-4c95-8d00-5c891e74bba4</ACSTransactionId>
     <EciFlag>07</EciFlag>
     <ACSUrl/>
     <ThreeDSServerTransactionId>02a40a57-8620-4d56-b506-7b7aa79b03f0</ThreeDSServerTransactionId>
     <CardBin>400000</CardBin>
     <CardBrand>VISA</CardBrand>
     <StatusReason>01</StatusReason>
     <DSTransactionId>f4bd3ace-db1f-4f9c-8b5b-c0c2ce756630</DSTransactionId>
     <ThreeDSVersion>2.2.0</ThreeDSVersion>
     <OrderId>8000700237143258</OrderId>
     <ChallengeRequired/>
     <SignatureVerification>Y</SignatureVerification>
</CardinalMPI>
</xmp></pre>
					
				</td>
			</tr>
			<tr class='log' status='info'>
				<td class='status info' title='info' alt='info'><i class='material-icons'>info_outline</i></td>
				<td class='timestamp'>3:07:37 PM</td>
				<td class='step-details'>
						auth_quest:<br /><pre>{
  "method" : "AUTH",
  "request" : {
    "type" : "AUTH",
    "merchant" : {
      "merchantId" : "63103550",
      "name" : "Embarcadero"
    },
    "merchantRef" : "d65572668",
    "transactionId" : "d65572668-41495",
    "operationId" : "d65572668-41495-5d81e5c458089",
    "plainCardData" : {
      "cardNumber" : "400000******1034",
      "expiry" : "2201",
      "cvv2" : "***"
    },
    "amount" : {
      "isoAmount" : 78,
      "currency" : "EUR"
    },
    "ecomReqData" : {
      "allow3dsDowngrade" : true,
      "cardholderVerificationMethod" : "CVV2",
      "cardReadingMethod" : "ECOM"
    },
    "transactionTimestamp" : "2019-09-18T10:07:32",
    "retrievalRefNumber" : "000000041495"
  },
  "headers" : {
    "Content-Type" : "application/json",
    "Authorization" : "Bearer eyJ*****KI5TYIHSvw"
  }
}</pre>
					
				</td>
			</tr>
			<tr class='log' status='info'>
				<td class='status info' title='info' alt='info'><i class='material-icons'>info_outline</i></td>
				<td class='timestamp'>3:07:37 PM</td>
				<td class='step-details'>
						[expected_results_authentication] expected {NA} to equal to actual {NA}<br />[Enrolled] expected {Y} to equal to actual {Y}<br />[PAResStatus] expected {U} to equal to actual {U}<br />[SignitureVerification] expected {Y} to equal to actual {Y}<br />[Cavv] expected {} to equal to actual {}<br />[EciFlag] expected {07} to equal to actual {07}<br />[ACSUrl] expected {} to equal to actual {}<br />[Payload] expected {} to equal to actual {}<br />[ErrorNo] expected {0} to equal to actual {0}<br />[ErrorDesc] expected {} to equal to actual {}<br />[WhiteListStatusSource] expected {null} to equal to actual {null}<br />[WhiteListStatus] expected {null} to equal to actual {null}<br />[cardholderVerificationMethod3] expected {CVV2} to equal to actual {CVV2}<br />
					
				</td>
			</tr>
			<tr class='log' status='pass'>
				<td class='status pass' title='pass' alt='pass'><i class='material-icons'>check_circle</i></td>
				<td class='timestamp'>3:07:37 PM</td>
				<td class='step-details'>
						Test passed
					
				</td>
			</tr>
		</tbody>
	</table>
</div>
					</div>
				</li>
				<li class='test displayed active  pass' status='pass' bdd='false' test-id='105'>
					<div class='test-heading'>
						<span class='test-name'>BrickWidget_ON2_Test.execute (4000000000001042 )</span>
						<span class='test-time'>Sep 18, 2019 03:07:37 PM</span>
						<span class='test-status right pass'>pass</span>
					</div>
					<div class='test-content hide'>
<div class='test-time-info'>
	<span class='label start-time'>Sep 18, 2019 03:07:37 PM</span>
	<span class='label end-time'>Sep 18, 2019 03:08:05 PM</span>
	<span class='label time-taken grey lighten-1 white-text'>0h 0m 28s+151ms</span>
</div>
<div class='test-attributes'>
	<div class='category-list'>
		<span class='category label'>BrickWidget_ON2_Test</span>
	</div>
</div>
<div class='test-steps'>
	<table class='bordered table-results'>
		<thead>
			<tr>
				<th>Status</th>
				<th>Timestamp</th>
				<th>Details</th>
			</tr>
		</thead>
		<tbody>
			<tr class='log' status='info'>
				<td class='status info' title='info' alt='info'><i class='material-icons'>info_outline</i></td>
				<td class='timestamp'>3:07:37 PM</td>
				<td class='step-details'>
						Params: {Cavv=blank, cardholderVerificationMethod=NO_REQUEST, expected_results_authentication=NA, Enrolled=Y, EciFlag=07, WhiteListStatus=null, ErrorDesc=blank, WhiteListStatusSource=null, ErrorNo=0, Payload=blank, PAN=4000000000001042, SignitureVerification=Y, ACSUrl=blank, PAResStatus=R, testName=Test Visa 5: Rejected Frictionless Authentication by the Issuer}
					
				</td>
			</tr>
			<tr class='log' status='info'>
				<td class='status info' title='info' alt='info'><i class='material-icons'>info_outline</i></td>
				<td class='timestamp'>3:07:37 PM</td>
				<td class='step-details'>
						CardNumber: 4000000000001042
					
				</td>
			</tr>
			<tr class='log' status='info'>
				<td class='status info' title='info' alt='info'><i class='material-icons'>info_outline</i></td>
				<td class='timestamp'>3:07:50 PM</td>
				<td class='step-details'>
						refID: 65572669
					
				</td>
			</tr>
			<tr class='log' status='info'>
				<td class='status info' title='info' alt='info'><i class='material-icons'>info_outline</i></td>
				<td class='timestamp'>3:07:59 PM</td>
				<td class='step-details'>
						t_id: 41496
					
				</td>
			</tr>
			<tr class='log' status='info'>
				<td class='status info' title='info' alt='info'><i class='material-icons'>info_outline</i></td>
				<td class='timestamp'>3:08:01 PM</td>
				<td class='step-details'>
						lookup_response: <pre><xmp><?xml version="1.0" encoding="UTF-8"?><CardinalMPI>
     <ErrorNo>0</ErrorNo>
     <TransactionId>IRCYMKlk3gvi5NwvWuN0</TransactionId>
     <Payload/>
     <ErrorDesc/>
     <Cavv/>
     <PAResStatus>R</PAResStatus>
     <Enrolled>Y</Enrolled>
     <ACSTransactionId>2b54d105-53c8-4ed3-9432-db78f578300d</ACSTransactionId>
     <EciFlag>07</EciFlag>
     <ACSUrl/>
     <ThreeDSServerTransactionId>1f3de5e8-31f7-4e81-9f9a-3bda6b8e2760</ThreeDSServerTransactionId>
     <CardBin>400000</CardBin>
     <CardBrand>VISA</CardBrand>
     <StatusReason>01</StatusReason>
     <DSTransactionId>50d8f4e7-6464-43c7-903f-30c2503ae5fe</DSTransactionId>
     <ThreeDSVersion>2.2.0</ThreeDSVersion>
     <OrderId>8000387630405417</OrderId>
     <ChallengeRequired/>
     <SignatureVerification>Y</SignatureVerification>
</CardinalMPI>
</xmp></pre>
					
				</td>
			</tr>
			<tr class='log' status='info'>
				<td class='status info' title='info' alt='info'><i class='material-icons'>info_outline</i></td>
				<td class='timestamp'>3:08:05 PM</td>
				<td class='step-details'>
						[expected_results_authentication] expected {NA} to equal to actual {NA}<br />[Enrolled] expected {Y} to equal to actual {Y}<br />[PAResStatus] expected {R} to equal to actual {R}<br />[SignitureVerification] expected {Y} to equal to actual {Y}<br />[Cavv] expected {} to equal to actual {}<br />[EciFlag] expected {07} to equal to actual {07}<br />[ACSUrl] expected {} to equal to actual {}<br />[Payload] expected {} to equal to actual {}<br />[ErrorNo] expected {0} to equal to actual {0}<br />[ErrorDesc] expected {} to equal to actual {}<br />[WhiteListStatusSource] expected {null} to equal to actual {null}<br />[WhiteListStatus] expected {null} to equal to actual {null}<br />[cardholderVerificationMethod] expected {null} to equal to actual {null}<br />
					
				</td>
			</tr>
			<tr class='log' status='pass'>
				<td class='status pass' title='pass' alt='pass'><i class='material-icons'>check_circle</i></td>
				<td class='timestamp'>3:08:05 PM</td>
				<td class='step-details'>
						Test passed
					
				</td>
			</tr>
		</tbody>
	</table>
</div>
					</div>
				</li>
				<li class='test displayed active  pass' status='pass' bdd='false' test-id='131'>
					<div class='test-heading'>
						<span class='test-name'>BrickWidget_ON2_Test.execute (4000000000001059 )</span>
						<span class='test-time'>Sep 18, 2019 03:08:06 PM</span>
						<span class='test-status right pass'>pass</span>
					</div>
					<div class='test-content hide'>
<div class='test-time-info'>
	<span class='label start-time'>Sep 18, 2019 03:08:06 PM</span>
	<span class='label end-time'>Sep 18, 2019 03:08:33 PM</span>
	<span class='label time-taken grey lighten-1 white-text'>0h 0m 27s+846ms</span>
</div>
<div class='test-attributes'>
	<div class='category-list'>
		<span class='category label'>BrickWidget_ON2_Test</span>
	</div>
</div>
<div class='test-steps'>
	<table class='bordered table-results'>
		<thead>
			<tr>
				<th>Status</th>
				<th>Timestamp</th>
				<th>Details</th>
			</tr>
		</thead>
		<tbody>
			<tr class='log' status='info'>
				<td class='status info' title='info' alt='info'><i class='material-icons'>info_outline</i></td>
				<td class='timestamp'>3:08:06 PM</td>
				<td class='step-details'>
						Params: {Cavv=blank, cardholderVerificationMethod=CVV2, expected_results_authentication=NA, Enrolled=U, EciFlag=07, WhiteListStatus=null, ErrorDesc=blank, WhiteListStatusSource=null, ErrorNo=0, Payload=blank, PAN=4000000000001059, SignitureVerification=blank, ACSUrl=blank, PAResStatus=blank, testName=Test Visa 6: Authentication Not Available on Lookup}
					
				</td>
			</tr>
			<tr class='log' status='info'>
				<td class='status info' title='info' alt='info'><i class='material-icons'>info_outline</i></td>
				<td class='timestamp'>3:08:06 PM</td>
				<td class='step-details'>
						CardNumber: 4000000000001059
					
				</td>
			</tr>
			<tr class='log' status='info'>
				<td class='status info' title='info' alt='info'><i class='material-icons'>info_outline</i></td>
				<td class='timestamp'>3:08:18 PM</td>
				<td class='step-details'>
						refID: 65572670
					
				</td>
			</tr>
			<tr class='log' status='info'>
				<td class='status info' title='info' alt='info'><i class='material-icons'>info_outline</i></td>
				<td class='timestamp'>3:08:28 PM</td>
				<td class='step-details'>
						t_id: 41497
					
				</td>
			</tr>
			<tr class='log' status='info'>
				<td class='status info' title='info' alt='info'><i class='material-icons'>info_outline</i></td>
				<td class='timestamp'>3:08:30 PM</td>
				<td class='step-details'>
						lookup_response: <pre><xmp><?xml version="1.0" encoding="UTF-8"?><CardinalMPI>
     <ErrorNo>0</ErrorNo>
     <TransactionId>1f2jWvtfWmxF8xPZK1T0</TransactionId>
     <Payload/>
     <ErrorDesc/>
     <Cavv/>
     <PAResStatus/>
     <Enrolled>U</Enrolled>
     <EciFlag>07</EciFlag>
     <ACSUrl/>
     <ThreeDSServerTransactionId>6271b774-f4f8-4e26-beb6-4d15bd09c7f2</ThreeDSServerTransactionId>
     <CardBin>400000</CardBin>
     <ReasonDesc>Invalid Formatted Message Invalid Formatted Message</ReasonDesc>
     <CardBrand>VISA</CardBrand>
     <ThreeDSVersion>2.2.0</ThreeDSVersion>
     <ReasonCode>101</ReasonCode>
     <OrderId>8000992985129353</OrderId>
     <ChallengeRequired/>
     <SignatureVerification/>
</CardinalMPI>
</xmp></pre>
					
				</td>
			</tr>
			<tr class='log' status='info'>
				<td class='status info' title='info' alt='info'><i class='material-icons'>info_outline</i></td>
				<td class='timestamp'>3:08:33 PM</td>
				<td class='step-details'>
						auth_quest:<br /><pre>{
  "method" : "AUTH",
  "request" : {
    "type" : "AUTH",
    "merchant" : {
      "merchantId" : "63103550",
      "name" : "Embarcadero"
    },
    "merchantRef" : "d65572670",
    "transactionId" : "d65572670-41497",
    "operationId" : "d65572670-41497-5d81e5fd541f7",
    "plainCardData" : {
      "cardNumber" : "400000******1059",
      "expiry" : "2201",
      "cvv2" : "***"
    },
    "amount" : {
      "isoAmount" : 78,
      "currency" : "EUR"
    },
    "ecomReqData" : {
      "allow3dsDowngrade" : true,
      "cardholderVerificationMethod" : "CVV2",
      "cardReadingMethod" : "ECOM"
    },
    "transactionTimestamp" : "2019-09-18T10:08:29",
    "retrievalRefNumber" : "000000041497"
  },
  "headers" : {
    "Content-Type" : "application/json",
    "Authorization" : "Bearer eyJ*****KI5TYIHSvw"
  }
}</pre>
					
				</td>
			</tr>
			<tr class='log' status='info'>
				<td class='status info' title='info' alt='info'><i class='material-icons'>info_outline</i></td>
				<td class='timestamp'>3:08:33 PM</td>
				<td class='step-details'>
						[expected_results_authentication] expected {NA} to equal to actual {NA}<br />[Enrolled] expected {U} to equal to actual {U}<br />[PAResStatus] expected {} to equal to actual {}<br />[SignitureVerification] expected {} to equal to actual {}<br />[Cavv] expected {} to equal to actual {}<br />[EciFlag] expected {07} to equal to actual {07}<br />[ACSUrl] expected {} to equal to actual {}<br />[Payload] expected {} to equal to actual {}<br />[ErrorNo] expected {0} to equal to actual {0}<br />[ErrorDesc] expected {} to equal to actual {}<br />[WhiteListStatusSource] expected {null} to equal to actual {null}<br />[WhiteListStatus] expected {null} to equal to actual {null}<br />[cardholderVerificationMethod3] expected {CVV2} to equal to actual {CVV2}<br />
					
				</td>
			</tr>
			<tr class='log' status='pass'>
				<td class='status pass' title='pass' alt='pass'><i class='material-icons'>check_circle</i></td>
				<td class='timestamp'>3:08:33 PM</td>
				<td class='step-details'>
						Test passed
					
				</td>
			</tr>
		</tbody>
	</table>
</div>
					</div>
				</li>
				<li class='test displayed active  fail' status='fail' bdd='false' test-id='157'>
					<div class='test-heading'>
						<span class='test-name'>BrickWidget_ON2_Test.execute (4000000000001067 )</span>
						<span class='test-time'>Sep 18, 2019 03:08:34 PM</span>
						<span class='test-status right fail'>fail</span>
					</div>
					<div class='test-content hide'>
<div class='test-time-info'>
	<span class='label start-time'>Sep 18, 2019 03:08:34 PM</span>
	<span class='label end-time'>Sep 18, 2019 03:09:01 PM</span>
	<span class='label time-taken grey lighten-1 white-text'>0h 0m 27s+147ms</span>
</div>
<div class='test-attributes'>
	<div class='category-list'>
		<span class='category label'>BrickWidget_ON2_Test</span>
	</div>
</div>
<div class='test-steps'>
	<table class='bordered table-results'>
		<thead>
			<tr>
				<th>Status</th>
				<th>Timestamp</th>
				<th>Details</th>
			</tr>
		</thead>
		<tbody>
			<tr class='log' status='info'>
				<td class='status info' title='info' alt='info'><i class='material-icons'>info_outline</i></td>
				<td class='timestamp'>3:08:34 PM</td>
				<td class='step-details'>
						Params: {Cavv=blank, cardholderVerificationMethod=CVV2, expected_results_authentication=NA, Enrolled=blank, EciFlag=07, WhiteListStatus=null, ErrorDesc=value, WhiteListStatusSource=null, ErrorNo=value, Payload=blank, PAN=4000000000001067, SignitureVerification=blank, ACSUrl=blank, PAResStatus=blank, testName=Test Visa 7: Error on Lookup}
					
				</td>
			</tr>
			<tr class='log' status='info'>
				<td class='status info' title='info' alt='info'><i class='material-icons'>info_outline</i></td>
				<td class='timestamp'>3:08:34 PM</td>
				<td class='step-details'>
						CardNumber: 4000000000001067
					
				</td>
			</tr>
			<tr class='log' status='info'>
				<td class='status info' title='info' alt='info'><i class='material-icons'>info_outline</i></td>
				<td class='timestamp'>3:08:47 PM</td>
				<td class='step-details'>
						refID: 65572671
					
				</td>
			</tr>
			<tr class='log' status='info'>
				<td class='status info' title='info' alt='info'><i class='material-icons'>info_outline</i></td>
				<td class='timestamp'>3:08:55 PM</td>
				<td class='step-details'>
						t_id: 41498
					
				</td>
			</tr>
			<tr class='log' status='info'>
				<td class='status info' title='info' alt='info'><i class='material-icons'>info_outline</i></td>
				<td class='timestamp'>3:08:57 PM</td>
				<td class='step-details'>
						lookup_response: <pre><xmp><?xml version="1.0" encoding="UTF-8"?><CardinalMPI>
     <ErrorNo>1001</ErrorNo>
     <TransactionId>iDbtjOHMOZfS7aLnRal0</TransactionId>
     <Payload/>
     <ErrorDesc>Error Processing Message Request</ErrorDesc>
     <Cavv/>
     <PAResStatus/>
     <Enrolled>U</Enrolled>
     <EciFlag>07</EciFlag>
     <ACSUrl/>
     <ThreeDSServerTransactionId>655e08dd-f61d-4c2f-a59f-1b3a63bc88e8</ThreeDSServerTransactionId>
     <CardBin>400000</CardBin>
     <ReasonDesc>Error Processing Message Request</ReasonDesc>
     <CardBrand>VISA</CardBrand>
     <ThreeDSVersion>2.2.0</ThreeDSVersion>
     <ReasonCode>1001</ReasonCode>
     <OrderId>8000786483590458</OrderId>
     <ChallengeRequired/>
     <SignatureVerification/>
</CardinalMPI>
</xmp></pre>
					
				</td>
			</tr>
			<tr class='log' status='info'>
				<td class='status info' title='info' alt='info'><i class='material-icons'>info_outline</i></td>
				<td class='timestamp'>3:09:01 PM</td>
				<td class='step-details'>
						auth_quest:<br /><pre>{
  "method" : "AUTH",
  "request" : {
    "type" : "AUTH",
    "merchant" : {
      "merchantId" : "63103550",
      "name" : "Embarcadero"
    },
    "merchantRef" : "d65572671",
    "transactionId" : "d65572671-41498",
    "operationId" : "d65572671-41498-5d81e61965c7b",
    "plainCardData" : {
      "cardNumber" : "400000******1067",
      "expiry" : "2201",
      "cvv2" : "***"
    },
    "amount" : {
      "isoAmount" : 78,
      "currency" : "EUR"
    },
    "ecomReqData" : {
      "allow3dsDowngrade" : true,
      "cardholderVerificationMethod" : "CVV2",
      "cardReadingMethod" : "ECOM"
    },
    "transactionTimestamp" : "2019-09-18T10:08:57",
    "retrievalRefNumber" : "000000041498"
  },
  "headers" : {
    "Content-Type" : "application/json",
    "Authorization" : "Bearer eyJ*****KI5TYIHSvw"
  }
}</pre>
					
				</td>
			</tr>
			<tr class='log' status='info'>
				<td class='status info' title='info' alt='info'><i class='material-icons'>info_outline</i></td>
				<td class='timestamp'>3:09:01 PM</td>
				<td class='step-details'>
						[expected_results_authentication] expected {NA} to equal to actual {NA}<br />[Enrolled] expected {} to equal to actual {U}<br />[PAResStatus] expected {} to equal to actual {}<br />[SignitureVerification] expected {} to equal to actual {}<br />[Cavv] expected {} to equal to actual {}<br />[EciFlag] expected {07} to equal to actual {07}<br />[ACSUrl] expected {} to equal to actual {}<br />[Payload] expected {} to equal to actual {}<br />[ErrorNo] expected {null} to not equal to actual {1001}<br />[ErrorDesc] expected {null} to not equal to actual {Error Processing Message Request}<br />[WhiteListStatusSource] expected {null} to equal to actual {null}<br />[WhiteListStatus] expected {null} to equal to actual {null}<br />[cardholderVerificationMethod3] expected {CVV2} to equal to actual {CVV2}<br />
					
				</td>
			</tr>
			<tr class='log' status='fail'>
				<td class='status fail' title='fail' alt='fail'><i class='material-icons'>cancel</i></td>
				<td class='timestamp'>3:09:01 PM</td>
				<td class='step-details'>
						<textarea disabled class="code-block">java.lang.AssertionError: The following asserts failed:
	[Enrolled] expected [] but found [U]
	at automation.project3ds.MySoftAssertAll.assertAll(MySoftAssertAll.java:57)
	at automation.project3ds.Action.assertResult(Action.java:150)
	at automation.project3ds.oldTest.BrickWidget_ON2_Test.execute(BrickWidget_ON2_Test.java:66)
	at sun.reflect.NativeMethodAccessorImpl.invoke0(Native Method)
	at sun.reflect.NativeMethodAccessorImpl.invoke(NativeMethodAccessorImpl.java:62)
	at sun.reflect.DelegatingMethodAccessorImpl.invoke(DelegatingMethodAccessorImpl.java:43)
	at java.lang.reflect.Method.invoke(Method.java:498)
	at org.testng.internal.MethodInvocationHelper.invokeMethod(MethodInvocationHelper.java:124)
	at org.testng.internal.Invoker.invokeMethod(Invoker.java:583)
	at org.testng.internal.Invoker.invokeTestMethod(Invoker.java:719)
	at org.testng.internal.Invoker.invokeTestMethods(Invoker.java:989)
	at org.testng.internal.TestMethodWorker.invokeTestMethods(TestMethodWorker.java:125)
	at org.testng.internal.TestMethodWorker.run(TestMethodWorker.java:109)
	at org.testng.TestRunner.privateRun(TestRunner.java:648)
	at org.testng.TestRunner.run(TestRunner.java:505)
	at org.testng.SuiteRunner.runTest(SuiteRunner.java:455)
	at org.testng.SuiteRunner.runSequentially(SuiteRunner.java:450)
	at org.testng.SuiteRunner.privateRun(SuiteRunner.java:415)
	at org.testng.SuiteRunner.run(SuiteRunner.java:364)
	at org.testng.SuiteRunnerWorker.runSuite(SuiteRunnerWorker.java:52)
	at org.testng.SuiteRunnerWorker.run(SuiteRunnerWorker.java:84)
	at org.testng.TestNG.runSuitesSequentially(TestNG.java:1208)
	at org.testng.TestNG.runSuitesLocally(TestNG.java:1137)
	at org.testng.TestNG.runSuites(TestNG.java:1049)
	at org.testng.TestNG.run(TestNG.java:1017)
	at org.testng.remote.AbstractRemoteTestNG.run(AbstractRemoteTestNG.java:115)
	at org.testng.remote.RemoteTestNG.initAndRun(RemoteTestNG.java:251)
	at org.testng.remote.RemoteTestNG.main(RemoteTestNG.java:77)
</textarea>
					
				</td>
			</tr>
			<tr class='log' status='fail'>
				<td class='status fail' title='fail' alt='fail'><i class='material-icons'>cancel</i></td>
				<td class='timestamp'>3:09:01 PM</td>
				<td class='step-details'>
						Test Failed
					
				</td>
			</tr>
		</tbody>
	</table>
</div>
					</div>
				</li>
			</ul>
		</div>
	</div>
	<!-- subview left -->
	<div class='subview-right left'>
		<div class='view-summary'>
			<div id='step-filters' class="right sr-filters">
				<a class="btn-floating waves-effect waves-light green" status="pass" alt="pass" title="pass"><i class="material-icons">check_circle</i></a>
				<a class="btn-floating waves-effect waves-light red" status="fail" alt="fail" title="fail"><i class="material-icons">cancel</i></a>
				<a class="btn-floating waves-effect waves-light red darken-4" status="fatal" alt="fatal" title="fatal"><i class="material-icons">cancel</i></a>
				<a class="btn-floating waves-effect waves-light pink text-lighten-1" status="error" alt="error" title="error"><i class="material-icons">error</i></a>
				<a class="btn-floating waves-effect waves-light orange" alt="warning" status="warning" title="warning"><i class="material-icons">warning</i></a>
				<a class="btn-floating waves-effect waves-light teal" status="skip" alt="skip" title="skip"><i class="material-icons">redo</i></a>
				<a class="btn-floating waves-effect waves-light grey" status="clear" alt="Clear filters" title="Clear filters"><i class="material-icons">clear</i></a>
			</div>
			<h5 class='test-name'></h5>
		</div>
	</div>
	<!-- subview right -->
</div>
<!-- test view --><div id='category-view' class='view hide'>
	<section id='controls'>
		<div class='controls grey lighten-4'>
			<!-- search -->
			<div class='chip transparent' alt='Search Tests' title='Search Tests'>
				<a href="#" class='search-div'>
				<i class='material-icons'>search</i> Search
				</a>
				<div class='input-field left hide'>
					<input id='search-tests' type='text' class='validate browser-default' placeholder='Search Tests...'>
				</div>
			</div>
			<!-- search -->
		</div>
	</section>
	<div class='subview-left left'>
		<div class='view-summary'>
			<ul id='category-collection' class='category-collection'>
				<li class='category displayed active'>
					<div class='category-heading'>
						<span class='category-name'>BrickWidget_ON2_Test</span>
						<span class='category-status right'>
						<span class='label pass'>3</span>
						<span class='label fail'>4</span>
						</span>
					</div>
					<div class='category-content hide'>
						<div class='category-status-counts'>
							<span status="pass" class='label green accent-4 white-text'>Passed: 3</span>
							<span status="fail" class='label red lighten-1 white-text'>Failed: 4</span>
							
						</div>
						<div class='category-tests'>
							<table class='bordered table-results'>
								<thead>
									<tr>
										<th>Timestamp</th>
										<th>TestName</th>
										<th>Status</th>
									</tr>
								</thead>
								<tbody>
									<tr>
										<td>Sep 18, 2019 03:05:13 PM</td>
										<td class='linked' test-id='1'>BrickWidget_ON2_Test.execute (4000000000001000 )</td>
										<td><span class='test-status fail'>fail</span></td>
									</tr>
									<tr>
										<td>Sep 18, 2019 03:06:16 PM</td>
										<td class='linked' test-id='27'>BrickWidget_ON2_Test.execute (4000000000001018 )</td>
										<td><span class='test-status fail'>fail</span></td>
									</tr>
									<tr>
										<td>Sep 18, 2019 03:06:42 PM</td>
										<td class='linked' test-id='53'>BrickWidget_ON2_Test.execute (4000000000001026 )</td>
										<td><span class='test-status fail'>fail</span></td>
									</tr>
									<tr>
										<td>Sep 18, 2019 03:07:08 PM</td>
										<td class='linked' test-id='79'>BrickWidget_ON2_Test.execute (4000000000001034 )</td>
										<td><span class='test-status pass'>pass</span></td>
									</tr>
									<tr>
										<td>Sep 18, 2019 03:07:37 PM</td>
										<td class='linked' test-id='105'>BrickWidget_ON2_Test.execute (4000000000001042 )</td>
										<td><span class='test-status pass'>pass</span></td>
									</tr>
									<tr>
										<td>Sep 18, 2019 03:08:06 PM</td>
										<td class='linked' test-id='131'>BrickWidget_ON2_Test.execute (4000000000001059 )</td>
										<td><span class='test-status pass'>pass</span></td>
									</tr>
									<tr>
										<td>Sep 18, 2019 03:08:34 PM</td>
										<td class='linked' test-id='157'>BrickWidget_ON2_Test.execute (4000000000001067 )</td>
										<td><span class='test-status fail'>fail</span></td>
									</tr>
								</tbody>
							</table>
						</div>
					</div>
				</li>
			</ul>
		</div>
	</div>
	<div class='subview-right left'>
		<div class='view-summary'>
			<h5 class='category-name'></h5>
		</div>
	</div>
</div>
<!-- category view --><div id='exception-view' class='view hide'>
	<section id='controls'>
		<div class='controls grey lighten-4'>
			<!-- search -->
			<div class='chip transparent' alt='Search Tests' title='Search Tests'>
				<a href="#" class='search-div'>
				<i class='material-icons'>search</i> Search
				</a>
				<div class='input-field left hide'>
					<input id='search-tests' type='text' class='validate browser-default' placeholder='Search Tests...'>
				</div>
			</div>
			<!-- search -->
		</div>
	</section>
	<div class='subview-left left'>
		<div class='view-summary'>
			<ul id='exception-collection' class='exception-collection'>
				<li class='exception displayed active'>
					<div class='exception-heading'>
						<span class='exception-name'>java.lang.AssertionError</span>
						<span class='exception-count right'><span class='label red lighten-1 white-text'>4</span></span>
					</div>
					<div class='exception-content hide'>
						<div class='exception-tests'>
							<table class='bordered table-results'>
								<thead>
									<tr>
										<th>Timestamp</th>
										<th>TestName</th>
										<th>Status</th>
									</tr>
								</thead>
								<tbody>
									<tr>
										<td>Sep 18, 2019 03:05:13 PM</td>
										<td class='linked' test-id='1'>BrickWidget_ON2_Test.execute (4000000000001000 )</td>
										<td>
											<textarea disabled class="code-block">java.lang.AssertionError: The following asserts failed:
	[Enrolled] expected [Y] but found [U],
	[PAResStatus] expected [Y] but found [null],
	[SignitureVerification] expected [Y] but found [null],
	[Cavv] expected object to not be null,
	[EciFlag] expected [05] but found [07],
	[cardholderVerificationMethod3] expected [THREEDS] but found [CVV2],
	[cavv] expected object to not be null,
	[version] expected [V2] but found [null],
	[directoryServerTransactionId] expected object to not be null
	at automation.project3ds.MySoftAssertAll.assertAll(MySoftAssertAll.java:57)
	at automation.project3ds.Action.assertResult(Action.java:150)
	at automation.project3ds.oldTest.BrickWidget_ON2_Test.execute(BrickWidget_ON2_Test.java:66)
	at sun.reflect.NativeMethodAccessorImpl.invoke0(Native Method)
	at sun.reflect.NativeMethodAccessorImpl.invoke(NativeMethodAccessorImpl.java:62)
	at sun.reflect.DelegatingMethodAccessorImpl.invoke(DelegatingMethodAccessorImpl.java:43)
	at java.lang.reflect.Method.invoke(Method.java:498)
	at org.testng.internal.MethodInvocationHelper.invokeMethod(MethodInvocationHelper.java:124)
	at org.testng.internal.Invoker.invokeMethod(Invoker.java:583)
	at org.testng.internal.Invoker.invokeTestMethod(Invoker.java:719)
	at org.testng.internal.Invoker.invokeTestMethods(Invoker.java:989)
	at org.testng.internal.TestMethodWorker.invokeTestMethods(TestMethodWorker.java:125)
	at org.testng.internal.TestMethodWorker.run(TestMethodWorker.java:109)
	at org.testng.TestRunner.privateRun(TestRunner.java:648)
	at org.testng.TestRunner.run(TestRunner.java:505)
	at org.testng.SuiteRunner.runTest(SuiteRunner.java:455)
	at org.testng.SuiteRunner.runSequentially(SuiteRunner.java:450)
	at org.testng.SuiteRunner.privateRun(SuiteRunner.java:415)
	at org.testng.SuiteRunner.run(SuiteRunner.java:364)
	at org.testng.SuiteRunnerWorker.runSuite(SuiteRunnerWorker.java:52)
	at org.testng.SuiteRunnerWorker.run(SuiteRunnerWorker.java:84)
	at org.testng.TestNG.runSuitesSequentially(TestNG.java:1208)
	at org.testng.TestNG.runSuitesLocally(TestNG.java:1137)
	at org.testng.TestNG.runSuites(TestNG.java:1049)
	at org.testng.TestNG.run(TestNG.java:1017)
	at org.testng.remote.AbstractRemoteTestNG.run(AbstractRemoteTestNG.java:115)
	at org.testng.remote.RemoteTestNG.initAndRun(RemoteTestNG.java:251)
	at org.testng.remote.RemoteTestNG.main(RemoteTestNG.java:77)
</textarea>
										</td>
									</tr>
									<tr>
										<td>Sep 18, 2019 03:06:16 PM</td>
										<td class='linked' test-id='27'>BrickWidget_ON2_Test.execute (4000000000001018 )</td>
										<td>
											<textarea disabled class="code-block">java.lang.AssertionError: The following asserts failed:
	[Enrolled] expected [Y] but found [U],
	[PAResStatus] expected [N] but found [null],
	[SignitureVerification] expected [Y] but found [null],
	[Cavv] expected [] but found [null],
	[cardholderVerificationMethod] expected [null] but found [automation.project3ds.Z2$RequestAuth@768f2398]
	at automation.project3ds.MySoftAssertAll.assertAll(MySoftAssertAll.java:57)
	at automation.project3ds.Action.assertResult(Action.java:150)
	at automation.project3ds.oldTest.BrickWidget_ON2_Test.execute(BrickWidget_ON2_Test.java:66)
	at sun.reflect.NativeMethodAccessorImpl.invoke0(Native Method)
	at sun.reflect.NativeMethodAccessorImpl.invoke(NativeMethodAccessorImpl.java:62)
	at sun.reflect.DelegatingMethodAccessorImpl.invoke(DelegatingMethodAccessorImpl.java:43)
	at java.lang.reflect.Method.invoke(Method.java:498)
	at org.testng.internal.MethodInvocationHelper.invokeMethod(MethodInvocationHelper.java:124)
	at org.testng.internal.Invoker.invokeMethod(Invoker.java:583)
	at org.testng.internal.Invoker.invokeTestMethod(Invoker.java:719)
	at org.testng.internal.Invoker.invokeTestMethods(Invoker.java:989)
	at org.testng.internal.TestMethodWorker.invokeTestMethods(TestMethodWorker.java:125)
	at org.testng.internal.TestMethodWorker.run(TestMethodWorker.java:109)
	at org.testng.TestRunner.privateRun(TestRunner.java:648)
	at org.testng.TestRunner.run(TestRunner.java:505)
	at org.testng.SuiteRunner.runTest(SuiteRunner.java:455)
	at org.testng.SuiteRunner.runSequentially(SuiteRunner.java:450)
	at org.testng.SuiteRunner.privateRun(SuiteRunner.java:415)
	at org.testng.SuiteRunner.run(SuiteRunner.java:364)
	at org.testng.SuiteRunnerWorker.runSuite(SuiteRunnerWorker.java:52)
	at org.testng.SuiteRunnerWorker.run(SuiteRunnerWorker.java:84)
	at org.testng.TestNG.runSuitesSequentially(TestNG.java:1208)
	at org.testng.TestNG.runSuitesLocally(TestNG.java:1137)
	at org.testng.TestNG.runSuites(TestNG.java:1049)
	at org.testng.TestNG.run(TestNG.java:1017)
	at org.testng.remote.AbstractRemoteTestNG.run(AbstractRemoteTestNG.java:115)
	at org.testng.remote.RemoteTestNG.initAndRun(RemoteTestNG.java:251)
	at org.testng.remote.RemoteTestNG.main(RemoteTestNG.java:77)
</textarea>
										</td>
									</tr>
									<tr>
										<td>Sep 18, 2019 03:06:42 PM</td>
										<td class='linked' test-id='53'>BrickWidget_ON2_Test.execute (4000000000001026 )</td>
										<td>
											<textarea disabled class="code-block">java.lang.AssertionError: The following asserts failed:
	[Enrolled] expected [Y] but found [U],
	[PAResStatus] expected [A] but found [null],
	[SignitureVerification] expected [Y] but found [null],
	[Cavv] expected object to not be null,
	[EciFlag] expected [06] but found [07],
	[cardholderVerificationMethod3] expected [THREEDS_ATTEMPT] but found [CVV2],
	[cavv] expected object to not be null,
	[version] expected [V2] but found [null],
	[directoryServerTransactionId] expected object to not be null
	at automation.project3ds.MySoftAssertAll.assertAll(MySoftAssertAll.java:57)
	at automation.project3ds.Action.assertResult(Action.java:150)
	at automation.project3ds.oldTest.BrickWidget_ON2_Test.execute(BrickWidget_ON2_Test.java:66)
	at sun.reflect.NativeMethodAccessorImpl.invoke0(Native Method)
	at sun.reflect.NativeMethodAccessorImpl.invoke(NativeMethodAccessorImpl.java:62)
	at sun.reflect.DelegatingMethodAccessorImpl.invoke(DelegatingMethodAccessorImpl.java:43)
	at java.lang.reflect.Method.invoke(Method.java:498)
	at org.testng.internal.MethodInvocationHelper.invokeMethod(MethodInvocationHelper.java:124)
	at org.testng.internal.Invoker.invokeMethod(Invoker.java:583)
	at org.testng.internal.Invoker.invokeTestMethod(Invoker.java:719)
	at org.testng.internal.Invoker.invokeTestMethods(Invoker.java:989)
	at org.testng.internal.TestMethodWorker.invokeTestMethods(TestMethodWorker.java:125)
	at org.testng.internal.TestMethodWorker.run(TestMethodWorker.java:109)
	at org.testng.TestRunner.privateRun(TestRunner.java:648)
	at org.testng.TestRunner.run(TestRunner.java:505)
	at org.testng.SuiteRunner.runTest(SuiteRunner.java:455)
	at org.testng.SuiteRunner.runSequentially(SuiteRunner.java:450)
	at org.testng.SuiteRunner.privateRun(SuiteRunner.java:415)
	at org.testng.SuiteRunner.run(SuiteRunner.java:364)
	at org.testng.SuiteRunnerWorker.runSuite(SuiteRunnerWorker.java:52)
	at org.testng.SuiteRunnerWorker.run(SuiteRunnerWorker.java:84)
	at org.testng.TestNG.runSuitesSequentially(TestNG.java:1208)
	at org.testng.TestNG.runSuitesLocally(TestNG.java:1137)
	at org.testng.TestNG.runSuites(TestNG.java:1049)
	at org.testng.TestNG.run(TestNG.java:1017)
	at org.testng.remote.AbstractRemoteTestNG.run(AbstractRemoteTestNG.java:115)
	at org.testng.remote.RemoteTestNG.initAndRun(RemoteTestNG.java:251)
	at org.testng.remote.RemoteTestNG.main(RemoteTestNG.java:77)
</textarea>
										</td>
									</tr>
									<tr>
										<td>Sep 18, 2019 03:08:34 PM</td>
										<td class='linked' test-id='157'>BrickWidget_ON2_Test.execute (4000000000001067 )</td>
										<td>
											<textarea disabled class="code-block">java.lang.AssertionError: The following asserts failed:
	[Enrolled] expected [] but found [U]
	at automation.project3ds.MySoftAssertAll.assertAll(MySoftAssertAll.java:57)
	at automation.project3ds.Action.assertResult(Action.java:150)
	at automation.project3ds.oldTest.BrickWidget_ON2_Test.execute(BrickWidget_ON2_Test.java:66)
	at sun.reflect.NativeMethodAccessorImpl.invoke0(Native Method)
	at sun.reflect.NativeMethodAccessorImpl.invoke(NativeMethodAccessorImpl.java:62)
	at sun.reflect.DelegatingMethodAccessorImpl.invoke(DelegatingMethodAccessorImpl.java:43)
	at java.lang.reflect.Method.invoke(Method.java:498)
	at org.testng.internal.MethodInvocationHelper.invokeMethod(MethodInvocationHelper.java:124)
	at org.testng.internal.Invoker.invokeMethod(Invoker.java:583)
	at org.testng.internal.Invoker.invokeTestMethod(Invoker.java:719)
	at org.testng.internal.Invoker.invokeTestMethods(Invoker.java:989)
	at org.testng.internal.TestMethodWorker.invokeTestMethods(TestMethodWorker.java:125)
	at org.testng.internal.TestMethodWorker.run(TestMethodWorker.java:109)
	at org.testng.TestRunner.privateRun(TestRunner.java:648)
	at org.testng.TestRunner.run(TestRunner.java:505)
	at org.testng.SuiteRunner.runTest(SuiteRunner.java:455)
	at org.testng.SuiteRunner.runSequentially(SuiteRunner.java:450)
	at org.testng.SuiteRunner.privateRun(SuiteRunner.java:415)
	at org.testng.SuiteRunner.run(SuiteRunner.java:364)
	at org.testng.SuiteRunnerWorker.runSuite(SuiteRunnerWorker.java:52)
	at org.testng.SuiteRunnerWorker.run(SuiteRunnerWorker.java:84)
	at org.testng.TestNG.runSuitesSequentially(TestNG.java:1208)
	at org.testng.TestNG.runSuitesLocally(TestNG.java:1137)
	at org.testng.TestNG.runSuites(TestNG.java:1049)
	at org.testng.TestNG.run(TestNG.java:1017)
	at org.testng.remote.AbstractRemoteTestNG.run(AbstractRemoteTestNG.java:115)
	at org.testng.remote.RemoteTestNG.initAndRun(RemoteTestNG.java:251)
	at org.testng.remote.RemoteTestNG.main(RemoteTestNG.java:77)
</textarea>
										</td>
									</tr>
								</tbody>
							</table>
						</div>
					</div>
				</li>
			</ul>
		</div>
	</div>
	<div class='subview-right left'>
		<div class='view-summary'>
			<h5 class='exception-name'></h5>
		</div>
	</div>
</div>
<!-- exception view --><div id='dashboard-view' class='view hide'>
	<div class='card-panel transparent np-v'>
		<h5>Dashboard</h5>

		<div class='row'>
			<div class='col s2'>
				<div class='card-panel r'>
					Tests
					<div class='panel-lead'>7</div>
				</div>
			</div>
			<div class='col s2'>
				<div class='card-panel r'>
					Steps
					<div class='panel-lead'>0</div>
				</div>
			</div>
			<div class='col s2'>
				<div class='card-panel r'>
					Start
					<div class='panel-lead'>Sep 18, 2019 03:05:13 PM</div>
				</div>
			</div>
			<div class='col s2'>
				<div class='card-panel r'>
			 		End
			 		<div class='panel-lead'>Sep 18, 2019 03:09:01 PM</div>
				</div>
			</div>
			<div class='col s2'>
				<div class='card-panel r'>
					Time Taken
					<div class='panel-lead'>0h 3m 48s+391ms</div>
				</div>
			</div>
			<div class='col s6'>
				<div class='card-panel dashboard-categories'>
					<span class='right label cyan white-text'>Categories</span><p>&nbsp;</p>
					
					<table>
						<tr>
							<th>Name</th>
							<th>Passed</th>
							<th>Failed</th>
							<th>Others</th>
							<th>Passed %</th>
						</tr>
						<tr>
							<td>BrickWidget_ON2_Test</td>
							<td>3</td>
							<td>4</td>
							<td>0</td>
							<td>
									42.857%
							</td>
						</tr>
					</table>
				</div>
			</div>
		</div>
	</div>
</div>
<!-- dashboard view -->
<!-- testrunner-logs view -->		</div>
		<!-- container -->
		<script>
			var statusGroup = {
                parentCount: 7,
				passParent: 3,
				failParent: 4,
				fatalParent: 0,
				errorParent: 0,
				warningParent: 0,
				skipParent: 0,
				exceptionsParent: 4,
				childCount: 0,
				passChild: 0,
				failChild: 0,
				fatalChild: 0,
				errorChild: 0,
				warningChild: 0,
				skipChild: 0,
				infoChild: 0,
				debugChild: 0,
				exceptionsChild: 0,
				grandChildCount: 0,
				passGrandChild: 0,
				failGrandChild: 0,
				fatalGrandChild: 0,
				errorGrandChild: 0,
				warningGrandChild: 0,
				skipGrandChild: 0,
				infoGrandChild: 0,
				debugGrandChild: 0,
				exceptionsGrandChild: 0,
			};
		</script>
		<script>
			var timeline = {
			        "BrickWidget_ON2_Test.execute (4000000000001000 )":62.16,"BrickWidget_ON2_Test.execute (4000000000001018 )":25.044,"BrickWidget_ON2_Test.execute (4000000000001026 )":26.169,"BrickWidget_ON2_Test.execute (4000000000001034 )":28.582,"BrickWidget_ON2_Test.execute (4000000000001042 )":28.151,"BrickWidget_ON2_Test.execute (4000000000001059 )":27.846,"BrickWidget_ON2_Test.execute (4000000000001067 )":27.147
			};
		</script>
		<script src='https://cdn.rawgit.com/extent-framework/extent-github-cdn/b65cd69/v3html/js/extent.js' type='text/javascript'></script>
		<script type='text/javascript'>
		</script>
	</body>
</html>