<html>
<head>
<title>TestNG:  Logo</title>
<link href="../testng.css" rel="stylesheet" type="text/css" />
<link href="../my-testng.css" rel="stylesheet" type="text/css" />

<style type="text/css">
.log { display: none;} 
.stack-trace { display: none;} 
</style>
<script type="text/javascript">
<!--
function flip(e) {
  current = e.style.display;
  if (current == 'block') {
    e.style.display = 'none';
    return 0;
  }
  else {
    e.style.display = 'block';
    return 1;
  }
}

function toggleBox(szDivId, elem, msg1, msg2)
{
  var res = -1;  if (document.getElementById) {
    res = flip(document.getElementById(szDivId));
  }
  else if (document.all) {
    // this is the way old msie versions work
    res = flip(document.all[szDivId]);
  }
  if(elem) {
    if(res == 0) elem.innerHTML = msg1; else elem.innerHTML = msg2;
  }

}

function toggleAllBoxes() {
  if (document.getElementsByTagName) {
    d = document.getElementsByTagName('div');
    for (i = 0; i < d.length; i++) {
      if (d[i].className == 'log') {
        flip(d[i]);
      }
    }
  }
}

// -->
</script>

</head>
<body>
<h2 align='center'>Logo</h2><table border='1' align="center">
<tr>
<td>Tests passed/Failed/Skipped:</td><td>4/42/0</td>
</tr><tr>
<td>Started on:</td><td>Fri Sep 06 19:01:22 ICT 2019</td>
</tr>
<tr><td>Total time:</td><td>114 seconds (114240 ms)</td>
</tr><tr>
<td>Included groups:</td><td></td>
</tr><tr>
<td>Excluded groups:</td><td></td>
</tr>
</table><p/>
<small><i>(Hover the method name to see the test class name)</i></small><p/>
<table width='100%' border='1' class='invocation-failed'>
<tr><td colspan='4' align='center'><b>FAILED TESTS</b></td></tr>
<tr><td><b>Test method</b></td>
<td width="30%"><b>Exception</b></td>
<td width="10%"><b>Time (seconds)</b></td>
<td><b>Instance</b></td>
</tr>
<tr>
<td title='Logo.getLogoFile()'><b>getLogoFile</b><br>Test class: Logo<br>Parameters: pse, {psname=Payvalida/PSE, folder=PSE, shortcode=pse, called_name=pse}</td>
<td><div><pre>java.lang.AssertionError: The following asserts failed:
	[ImageNotReplaced] expected [] but found [dark2],
	[ImageNotReplaced] expected [] but found [dark3],
	[ImageNotReplaced] expected [] but found [dark],
	[ImageNotReplaced] expected [] but found [light3],
	[ImageNotReplaced] expected [] but found [light2]
	at automation.project3ds.Assertion.end(Assertion.java:26)
	at Logo.getLogoFile(Logo.java:225)
... Removed 25 stack frames</pre></div><a href='#' onClick='toggleBox("stack-trace1365767549", this, "Click to show all stack frames", "Click to hide stack frames")'>Click to show all stack frames</a>
<div class='stack-trace' id='stack-trace1365767549'><pre>java.lang.AssertionError: The following asserts failed:
	[ImageNotReplaced] expected [] but found [dark2],
	[ImageNotReplaced] expected [] but found [dark3],
	[ImageNotReplaced] expected [] but found [dark],
	[ImageNotReplaced] expected [] but found [light3],
	[ImageNotReplaced] expected [] but found [light2]
	at automation.project3ds.Assertion.end(Assertion.java:26)
	at Logo.getLogoFile(Logo.java:225)
	at sun.reflect.NativeMethodAccessorImpl.invoke0(Native Method)
	at sun.reflect.NativeMethodAccessorImpl.invoke(NativeMethodAccessorImpl.java:62)
	at sun.reflect.DelegatingMethodAccessorImpl.invoke(DelegatingMethodAccessorImpl.java:43)
	at java.lang.reflect.Method.invoke(Method.java:498)
	at org.testng.internal.MethodInvocationHelper.invokeMethod(MethodInvocationHelper.java:124)
	at org.testng.internal.Invoker.invokeMethod(Invoker.java:583)
	at org.testng.internal.Invoker.invokeTestMethod(Invoker.java:719)
	at org.testng.internal.Invoker.invokeTestMethods(Invoker.java:989)
	at org.testng.internal.TestMethodWorker.invokeTestMethods(TestMethodWorker.java:125)
	at org.testng.internal.TestMethodWorker.run(TestMethodWorker.java:109)
	at org.testng.TestRunner.privateRun(TestRunner.java:648)
	at org.testng.TestRunner.run(TestRunner.java:505)
	at org.testng.SuiteRunner.runTest(SuiteRunner.java:455)
	at org.testng.SuiteRunner.runSequentially(SuiteRunner.java:450)
	at org.testng.SuiteRunner.privateRun(SuiteRunner.java:415)
	at org.testng.SuiteRunner.run(SuiteRunner.java:364)
	at org.testng.SuiteRunnerWorker.runSuite(SuiteRunnerWorker.java:52)
	at org.testng.SuiteRunnerWorker.run(SuiteRunnerWorker.java:84)
	at org.testng.TestNG.runSuitesSequentially(TestNG.java:1208)
	at org.testng.TestNG.runSuitesLocally(TestNG.java:1137)
	at org.testng.TestNG.runSuites(TestNG.java:1049)
	at org.testng.TestNG.run(TestNG.java:1017)
	at org.testng.remote.AbstractRemoteTestNG.run(AbstractRemoteTestNG.java:115)
	at org.testng.remote.RemoteTestNG.initAndRun(RemoteTestNG.java:251)
	at org.testng.remote.RemoteTestNG.main(RemoteTestNG.java:77)
</pre></div></td>
<td>3</td>
<td>Logo@57baeedf</td></tr>
<tr>
<td title='Logo.getLogoFile()'><b>getLogoFile</b><br>Test class: Logo<br>Parameters: boletobancario, {psname=Ebanx, folder=Boleto, shortcode=boletobancario, called_name=boleto}</td>
<td><div><pre>java.lang.AssertionError: The following asserts failed:
	[NotEnoughDesign] expected [isMissing] but found [uni],
	[NotEnoughDesign] expected [isMissing] but found [multi],
	[NotEnoughDesign] expected [isMissing] but found [v5]
	at automation.project3ds.Assertion.end(Assertion.java:26)
	at Logo.getLogoFile(Logo.java:225)
... Removed 25 stack frames</pre></div><a href='#' onClick='toggleBox("stack-trace1204296383", this, "Click to show all stack frames", "Click to hide stack frames")'>Click to show all stack frames</a>
<div class='stack-trace' id='stack-trace1204296383'><pre>java.lang.AssertionError: The following asserts failed:
	[NotEnoughDesign] expected [isMissing] but found [uni],
	[NotEnoughDesign] expected [isMissing] but found [multi],
	[NotEnoughDesign] expected [isMissing] but found [v5]
	at automation.project3ds.Assertion.end(Assertion.java:26)
	at Logo.getLogoFile(Logo.java:225)
	at sun.reflect.NativeMethodAccessorImpl.invoke0(Native Method)
	at sun.reflect.NativeMethodAccessorImpl.invoke(NativeMethodAccessorImpl.java:62)
	at sun.reflect.DelegatingMethodAccessorImpl.invoke(DelegatingMethodAccessorImpl.java:43)
	at java.lang.reflect.Method.invoke(Method.java:498)
	at org.testng.internal.MethodInvocationHelper.invokeMethod(MethodInvocationHelper.java:124)
	at org.testng.internal.Invoker.invokeMethod(Invoker.java:583)
	at org.testng.internal.Invoker.invokeTestMethod(Invoker.java:719)
	at org.testng.internal.Invoker.invokeTestMethods(Invoker.java:989)
	at org.testng.internal.TestMethodWorker.invokeTestMethods(TestMethodWorker.java:125)
	at org.testng.internal.TestMethodWorker.run(TestMethodWorker.java:109)
	at org.testng.TestRunner.privateRun(TestRunner.java:648)
	at org.testng.TestRunner.run(TestRunner.java:505)
	at org.testng.SuiteRunner.runTest(SuiteRunner.java:455)
	at org.testng.SuiteRunner.runSequentially(SuiteRunner.java:450)
	at org.testng.SuiteRunner.privateRun(SuiteRunner.java:415)
	at org.testng.SuiteRunner.run(SuiteRunner.java:364)
	at org.testng.SuiteRunnerWorker.runSuite(SuiteRunnerWorker.java:52)
	at org.testng.SuiteRunnerWorker.run(SuiteRunnerWorker.java:84)
	at org.testng.TestNG.runSuitesSequentially(TestNG.java:1208)
	at org.testng.TestNG.runSuitesLocally(TestNG.java:1137)
	at org.testng.TestNG.runSuites(TestNG.java:1049)
	at org.testng.TestNG.run(TestNG.java:1017)
	at org.testng.remote.AbstractRemoteTestNG.run(AbstractRemoteTestNG.java:115)
	at org.testng.remote.RemoteTestNG.initAndRun(RemoteTestNG.java:251)
	at org.testng.remote.RemoteTestNG.main(RemoteTestNG.java:77)
</pre></div></td>
<td>2</td>
<td>Logo@57baeedf</td></tr>
<tr>
<td title='Logo.getLogoFile()'><b>getLogoFile</b><br>Test class: Logo<br>Parameters: oxxo, {psname=Astropay/OXXO, folder=OXXO, shortcode=oxxo, called_name=oxxo}</td>
<td><div><pre>java.lang.AssertionError: The following asserts failed:
	[NotEnoughDesign] expected [isMissing] but found [uni],
	[NotEnoughDesign] expected [isMissing] but found [multi],
	[NotEnoughDesign] expected [isMissing] but found [v5]
	at automation.project3ds.Assertion.end(Assertion.java:26)
	at Logo.getLogoFile(Logo.java:225)
... Removed 25 stack frames</pre></div><a href='#' onClick='toggleBox("stack-trace258112787", this, "Click to show all stack frames", "Click to hide stack frames")'>Click to show all stack frames</a>
<div class='stack-trace' id='stack-trace258112787'><pre>java.lang.AssertionError: The following asserts failed:
	[NotEnoughDesign] expected [isMissing] but found [uni],
	[NotEnoughDesign] expected [isMissing] but found [multi],
	[NotEnoughDesign] expected [isMissing] but found [v5]
	at automation.project3ds.Assertion.end(Assertion.java:26)
	at Logo.getLogoFile(Logo.java:225)
	at sun.reflect.NativeMethodAccessorImpl.invoke0(Native Method)
	at sun.reflect.NativeMethodAccessorImpl.invoke(NativeMethodAccessorImpl.java:62)
	at sun.reflect.DelegatingMethodAccessorImpl.invoke(DelegatingMethodAccessorImpl.java:43)
	at java.lang.reflect.Method.invoke(Method.java:498)
	at org.testng.internal.MethodInvocationHelper.invokeMethod(MethodInvocationHelper.java:124)
	at org.testng.internal.Invoker.invokeMethod(Invoker.java:583)
	at org.testng.internal.Invoker.invokeTestMethod(Invoker.java:719)
	at org.testng.internal.Invoker.invokeTestMethods(Invoker.java:989)
	at org.testng.internal.TestMethodWorker.invokeTestMethods(TestMethodWorker.java:125)
	at org.testng.internal.TestMethodWorker.run(TestMethodWorker.java:109)
	at org.testng.TestRunner.privateRun(TestRunner.java:648)
	at org.testng.TestRunner.run(TestRunner.java:505)
	at org.testng.SuiteRunner.runTest(SuiteRunner.java:455)
	at org.testng.SuiteRunner.runSequentially(SuiteRunner.java:450)
	at org.testng.SuiteRunner.privateRun(SuiteRunner.java:415)
	at org.testng.SuiteRunner.run(SuiteRunner.java:364)
	at org.testng.SuiteRunnerWorker.runSuite(SuiteRunnerWorker.java:52)
	at org.testng.SuiteRunnerWorker.run(SuiteRunnerWorker.java:84)
	at org.testng.TestNG.runSuitesSequentially(TestNG.java:1208)
	at org.testng.TestNG.runSuitesLocally(TestNG.java:1137)
	at org.testng.TestNG.runSuites(TestNG.java:1049)
	at org.testng.TestNG.run(TestNG.java:1017)
	at org.testng.remote.AbstractRemoteTestNG.run(AbstractRemoteTestNG.java:115)
	at org.testng.remote.RemoteTestNG.initAndRun(RemoteTestNG.java:251)
	at org.testng.remote.RemoteTestNG.main(RemoteTestNG.java:77)
</pre></div></td>
<td>2</td>
<td>Logo@57baeedf</td></tr>
<tr>
<td title='Logo.getLogoFile()'><b>getLogoFile</b><br>Test class: Logo<br>Parameters: ccbrazil, {psname=Ebanx CC, folder=Ebanx\\Ebanx (Visa,Mastercard only), shortcode=ccbrazil, called_name=ebanx}</td>
<td><div><pre>java.lang.AssertionError: The following asserts failed:
	[NamedWrong] expected [name] but found [ps-ebanx-d@2x],
	[NamedWrong] expected [name] but found [ps-ebanx-@2x],
	[ImageNotReplaced] expected [] but found [dark2],
	[ImageNotReplaced] expected [] but found [dark3],
	[ImageNotReplaced] expected [] but found [dark],
	[ImageNotReplaced] expected [] but found [light3],
	[ImageNotReplaced] expected [] but found [light2]
	at automation.project3ds.Assertion.end(Assertion.java:26)
	at Logo.getLogoFile(Logo.java:225)
... Removed 25 stack frames</pre></div><a href='#' onClick='toggleBox("stack-trace1221027335", this, "Click to show all stack frames", "Click to hide stack frames")'>Click to show all stack frames</a>
<div class='stack-trace' id='stack-trace1221027335'><pre>java.lang.AssertionError: The following asserts failed:
	[NamedWrong] expected [name] but found [ps-ebanx-d@2x],
	[NamedWrong] expected [name] but found [ps-ebanx-@2x],
	[ImageNotReplaced] expected [] but found [dark2],
	[ImageNotReplaced] expected [] but found [dark3],
	[ImageNotReplaced] expected [] but found [dark],
	[ImageNotReplaced] expected [] but found [light3],
	[ImageNotReplaced] expected [] but found [light2]
	at automation.project3ds.Assertion.end(Assertion.java:26)
	at Logo.getLogoFile(Logo.java:225)
	at sun.reflect.NativeMethodAccessorImpl.invoke0(Native Method)
	at sun.reflect.NativeMethodAccessorImpl.invoke(NativeMethodAccessorImpl.java:62)
	at sun.reflect.DelegatingMethodAccessorImpl.invoke(DelegatingMethodAccessorImpl.java:43)
	at java.lang.reflect.Method.invoke(Method.java:498)
	at org.testng.internal.MethodInvocationHelper.invokeMethod(MethodInvocationHelper.java:124)
	at org.testng.internal.Invoker.invokeMethod(Invoker.java:583)
	at org.testng.internal.Invoker.invokeTestMethod(Invoker.java:719)
	at org.testng.internal.Invoker.invokeTestMethods(Invoker.java:989)
	at org.testng.internal.TestMethodWorker.invokeTestMethods(TestMethodWorker.java:125)
	at org.testng.internal.TestMethodWorker.run(TestMethodWorker.java:109)
	at org.testng.TestRunner.privateRun(TestRunner.java:648)
	at org.testng.TestRunner.run(TestRunner.java:505)
	at org.testng.SuiteRunner.runTest(SuiteRunner.java:455)
	at org.testng.SuiteRunner.runSequentially(SuiteRunner.java:450)
	at org.testng.SuiteRunner.privateRun(SuiteRunner.java:415)
	at org.testng.SuiteRunner.run(SuiteRunner.java:364)
	at org.testng.SuiteRunnerWorker.runSuite(SuiteRunnerWorker.java:52)
	at org.testng.SuiteRunnerWorker.run(SuiteRunnerWorker.java:84)
	at org.testng.TestNG.runSuitesSequentially(TestNG.java:1208)
	at org.testng.TestNG.runSuitesLocally(TestNG.java:1137)
	at org.testng.TestNG.runSuites(TestNG.java:1049)
	at org.testng.TestNG.run(TestNG.java:1017)
	at org.testng.remote.AbstractRemoteTestNG.run(AbstractRemoteTestNG.java:115)
	at org.testng.remote.RemoteTestNG.initAndRun(RemoteTestNG.java:251)
	at org.testng.remote.RemoteTestNG.main(RemoteTestNG.java:77)
</pre></div></td>
<td>3</td>
<td>Logo@57baeedf</td></tr>
<tr>
<td title='Logo.getLogoFile()'><b>getLogoFile</b><br>Test class: Logo<br>Parameters: ccbrazilhipercard, {psname=Ebanx CC Hipercard, folder=Hiperbank, shortcode=ccbrazilhipercard, called_name=hipercard}</td>
<td><div><pre>java.lang.AssertionError: The following asserts failed:
	[NotEnoughDesign] expected [isMissing] but found [uni],
	[NotEnoughDesign] expected [isMissing] but found [multi],
	[NotEnoughDesign] expected [isMissing] but found [v5]
	at automation.project3ds.Assertion.end(Assertion.java:26)
	at Logo.getLogoFile(Logo.java:225)
... Removed 25 stack frames</pre></div><a href='#' onClick='toggleBox("stack-trace388104475", this, "Click to show all stack frames", "Click to hide stack frames")'>Click to show all stack frames</a>
<div class='stack-trace' id='stack-trace388104475'><pre>java.lang.AssertionError: The following asserts failed:
	[NotEnoughDesign] expected [isMissing] but found [uni],
	[NotEnoughDesign] expected [isMissing] but found [multi],
	[NotEnoughDesign] expected [isMissing] but found [v5]
	at automation.project3ds.Assertion.end(Assertion.java:26)
	at Logo.getLogoFile(Logo.java:225)
	at sun.reflect.NativeMethodAccessorImpl.invoke0(Native Method)
	at sun.reflect.NativeMethodAccessorImpl.invoke(NativeMethodAccessorImpl.java:62)
	at sun.reflect.DelegatingMethodAccessorImpl.invoke(DelegatingMethodAccessorImpl.java:43)
	at java.lang.reflect.Method.invoke(Method.java:498)
	at org.testng.internal.MethodInvocationHelper.invokeMethod(MethodInvocationHelper.java:124)
	at org.testng.internal.Invoker.invokeMethod(Invoker.java:583)
	at org.testng.internal.Invoker.invokeTestMethod(Invoker.java:719)
	at org.testng.internal.Invoker.invokeTestMethods(Invoker.java:989)
	at org.testng.internal.TestMethodWorker.invokeTestMethods(TestMethodWorker.java:125)
	at org.testng.internal.TestMethodWorker.run(TestMethodWorker.java:109)
	at org.testng.TestRunner.privateRun(TestRunner.java:648)
	at org.testng.TestRunner.run(TestRunner.java:505)
	at org.testng.SuiteRunner.runTest(SuiteRunner.java:455)
	at org.testng.SuiteRunner.runSequentially(SuiteRunner.java:450)
	at org.testng.SuiteRunner.privateRun(SuiteRunner.java:415)
	at org.testng.SuiteRunner.run(SuiteRunner.java:364)
	at org.testng.SuiteRunnerWorker.runSuite(SuiteRunnerWorker.java:52)
	at org.testng.SuiteRunnerWorker.run(SuiteRunnerWorker.java:84)
	at org.testng.TestNG.runSuitesSequentially(TestNG.java:1208)
	at org.testng.TestNG.runSuitesLocally(TestNG.java:1137)
	at org.testng.TestNG.runSuites(TestNG.java:1049)
	at org.testng.TestNG.run(TestNG.java:1017)
	at org.testng.remote.AbstractRemoteTestNG.run(AbstractRemoteTestNG.java:115)
	at org.testng.remote.RemoteTestNG.initAndRun(RemoteTestNG.java:251)
	at org.testng.remote.RemoteTestNG.main(RemoteTestNG.java:77)
</pre></div></td>
<td>2</td>
<td>Logo@57baeedf</td></tr>
<tr>
<td title='Logo.getLogoFile()'><b>getLogoFile</b><br>Test class: Logo<br>Parameters: itaubrazil, {psname=Ebanx/Banco Itau, folder=Itau, shortcode=itaubrazil, called_name=itau}</td>
<td><div><pre>java.lang.AssertionError: The following asserts failed:
	[NotEnoughDesign] expected [isMissing] but found [uni],
	[NotEnoughDesign] expected [isMissing] but found [multi],
	[NotEnoughDesign] expected [isMissing] but found [v5]
	at automation.project3ds.Assertion.end(Assertion.java:26)
	at Logo.getLogoFile(Logo.java:225)
... Removed 25 stack frames</pre></div><a href='#' onClick='toggleBox("stack-trace691098155", this, "Click to show all stack frames", "Click to hide stack frames")'>Click to show all stack frames</a>
<div class='stack-trace' id='stack-trace691098155'><pre>java.lang.AssertionError: The following asserts failed:
	[NotEnoughDesign] expected [isMissing] but found [uni],
	[NotEnoughDesign] expected [isMissing] but found [multi],
	[NotEnoughDesign] expected [isMissing] but found [v5]
	at automation.project3ds.Assertion.end(Assertion.java:26)
	at Logo.getLogoFile(Logo.java:225)
	at sun.reflect.NativeMethodAccessorImpl.invoke0(Native Method)
	at sun.reflect.NativeMethodAccessorImpl.invoke(NativeMethodAccessorImpl.java:62)
	at sun.reflect.DelegatingMethodAccessorImpl.invoke(DelegatingMethodAccessorImpl.java:43)
	at java.lang.reflect.Method.invoke(Method.java:498)
	at org.testng.internal.MethodInvocationHelper.invokeMethod(MethodInvocationHelper.java:124)
	at org.testng.internal.Invoker.invokeMethod(Invoker.java:583)
	at org.testng.internal.Invoker.invokeTestMethod(Invoker.java:719)
	at org.testng.internal.Invoker.invokeTestMethods(Invoker.java:989)
	at org.testng.internal.TestMethodWorker.invokeTestMethods(TestMethodWorker.java:125)
	at org.testng.internal.TestMethodWorker.run(TestMethodWorker.java:109)
	at org.testng.TestRunner.privateRun(TestRunner.java:648)
	at org.testng.TestRunner.run(TestRunner.java:505)
	at org.testng.SuiteRunner.runTest(SuiteRunner.java:455)
	at org.testng.SuiteRunner.runSequentially(SuiteRunner.java:450)
	at org.testng.SuiteRunner.privateRun(SuiteRunner.java:415)
	at org.testng.SuiteRunner.run(SuiteRunner.java:364)
	at org.testng.SuiteRunnerWorker.runSuite(SuiteRunnerWorker.java:52)
	at org.testng.SuiteRunnerWorker.run(SuiteRunnerWorker.java:84)
	at org.testng.TestNG.runSuitesSequentially(TestNG.java:1208)
	at org.testng.TestNG.runSuitesLocally(TestNG.java:1137)
	at org.testng.TestNG.runSuites(TestNG.java:1049)
	at org.testng.TestNG.run(TestNG.java:1017)
	at org.testng.remote.AbstractRemoteTestNG.run(AbstractRemoteTestNG.java:115)
	at org.testng.remote.RemoteTestNG.initAndRun(RemoteTestNG.java:251)
	at org.testng.remote.RemoteTestNG.main(RemoteTestNG.java:77)
</pre></div></td>
<td>1</td>
<td>Logo@57baeedf</td></tr>
<tr>
<td title='Logo.getLogoFile()'><b>getLogoFile</b><br>Test class: Logo<br>Parameters: bancobrazil, {psname=Ebanx/Banco do Brazil, folder=Banco do Brazil, shortcode=bancobrazil, called_name=bancodobrazil}</td>
<td><div><pre>java.lang.AssertionError: The following asserts failed:
	[NotEnoughDesign] expected [isMissing] but found [uni],
	[NotEnoughDesign] expected [isMissing] but found [multi],
	[NotEnoughDesign] expected [isMissing] but found [v5]
	at automation.project3ds.Assertion.end(Assertion.java:26)
	at Logo.getLogoFile(Logo.java:225)
... Removed 25 stack frames</pre></div><a href='#' onClick='toggleBox("stack-trace2106165633", this, "Click to show all stack frames", "Click to hide stack frames")'>Click to show all stack frames</a>
<div class='stack-trace' id='stack-trace2106165633'><pre>java.lang.AssertionError: The following asserts failed:
	[NotEnoughDesign] expected [isMissing] but found [uni],
	[NotEnoughDesign] expected [isMissing] but found [multi],
	[NotEnoughDesign] expected [isMissing] but found [v5]
	at automation.project3ds.Assertion.end(Assertion.java:26)
	at Logo.getLogoFile(Logo.java:225)
	at sun.reflect.NativeMethodAccessorImpl.invoke0(Native Method)
	at sun.reflect.NativeMethodAccessorImpl.invoke(NativeMethodAccessorImpl.java:62)
	at sun.reflect.DelegatingMethodAccessorImpl.invoke(DelegatingMethodAccessorImpl.java:43)
	at java.lang.reflect.Method.invoke(Method.java:498)
	at org.testng.internal.MethodInvocationHelper.invokeMethod(MethodInvocationHelper.java:124)
	at org.testng.internal.Invoker.invokeMethod(Invoker.java:583)
	at org.testng.internal.Invoker.invokeTestMethod(Invoker.java:719)
	at org.testng.internal.Invoker.invokeTestMethods(Invoker.java:989)
	at org.testng.internal.TestMethodWorker.invokeTestMethods(TestMethodWorker.java:125)
	at org.testng.internal.TestMethodWorker.run(TestMethodWorker.java:109)
	at org.testng.TestRunner.privateRun(TestRunner.java:648)
	at org.testng.TestRunner.run(TestRunner.java:505)
	at org.testng.SuiteRunner.runTest(SuiteRunner.java:455)
	at org.testng.SuiteRunner.runSequentially(SuiteRunner.java:450)
	at org.testng.SuiteRunner.privateRun(SuiteRunner.java:415)
	at org.testng.SuiteRunner.run(SuiteRunner.java:364)
	at org.testng.SuiteRunnerWorker.runSuite(SuiteRunnerWorker.java:52)
	at org.testng.SuiteRunnerWorker.run(SuiteRunnerWorker.java:84)
	at org.testng.TestNG.runSuitesSequentially(TestNG.java:1208)
	at org.testng.TestNG.runSuitesLocally(TestNG.java:1137)
	at org.testng.TestNG.runSuites(TestNG.java:1049)
	at org.testng.TestNG.run(TestNG.java:1017)
	at org.testng.remote.AbstractRemoteTestNG.run(AbstractRemoteTestNG.java:115)
	at org.testng.remote.RemoteTestNG.initAndRun(RemoteTestNG.java:251)
	at org.testng.remote.RemoteTestNG.main(RemoteTestNG.java:77)
</pre></div></td>
<td>1</td>
<td>Logo@57baeedf</td></tr>
<tr>
<td title='Logo.getLogoFile()'><b>getLogoFile</b><br>Test class: Logo<br>Parameters: banrisulbrazil, {psname=Ebanx/Banco Banrisul, folder=Banrisul, shortcode=banrisulbrazil, called_name=banrisul}</td>
<td><div><pre>java.lang.AssertionError: The following asserts failed:
	[NamedWrong] expected [name] but found [ps-banrisul-d@2x],
	[NamedWrong] expected [name] but found [ps-banrisul-@2x],
	[NotEnoughDesign] expected [isMissing] but found [uni],
	[NotEnoughDesign] expected [isMissing] but found [multi],
	[NotEnoughDesign] expected [isMissing] but found [v5]
	at automation.project3ds.Assertion.end(Assertion.java:26)
	at Logo.getLogoFile(Logo.java:225)
... Removed 25 stack frames</pre></div><a href='#' onClick='toggleBox("stack-trace68857875", this, "Click to show all stack frames", "Click to hide stack frames")'>Click to show all stack frames</a>
<div class='stack-trace' id='stack-trace68857875'><pre>java.lang.AssertionError: The following asserts failed:
	[NamedWrong] expected [name] but found [ps-banrisul-d@2x],
	[NamedWrong] expected [name] but found [ps-banrisul-@2x],
	[NotEnoughDesign] expected [isMissing] but found [uni],
	[NotEnoughDesign] expected [isMissing] but found [multi],
	[NotEnoughDesign] expected [isMissing] but found [v5]
	at automation.project3ds.Assertion.end(Assertion.java:26)
	at Logo.getLogoFile(Logo.java:225)
	at sun.reflect.NativeMethodAccessorImpl.invoke0(Native Method)
	at sun.reflect.NativeMethodAccessorImpl.invoke(NativeMethodAccessorImpl.java:62)
	at sun.reflect.DelegatingMethodAccessorImpl.invoke(DelegatingMethodAccessorImpl.java:43)
	at java.lang.reflect.Method.invoke(Method.java:498)
	at org.testng.internal.MethodInvocationHelper.invokeMethod(MethodInvocationHelper.java:124)
	at org.testng.internal.Invoker.invokeMethod(Invoker.java:583)
	at org.testng.internal.Invoker.invokeTestMethod(Invoker.java:719)
	at org.testng.internal.Invoker.invokeTestMethods(Invoker.java:989)
	at org.testng.internal.TestMethodWorker.invokeTestMethods(TestMethodWorker.java:125)
	at org.testng.internal.TestMethodWorker.run(TestMethodWorker.java:109)
	at org.testng.TestRunner.privateRun(TestRunner.java:648)
	at org.testng.TestRunner.run(TestRunner.java:505)
	at org.testng.SuiteRunner.runTest(SuiteRunner.java:455)
	at org.testng.SuiteRunner.runSequentially(SuiteRunner.java:450)
	at org.testng.SuiteRunner.privateRun(SuiteRunner.java:415)
	at org.testng.SuiteRunner.run(SuiteRunner.java:364)
	at org.testng.SuiteRunnerWorker.runSuite(SuiteRunnerWorker.java:52)
	at org.testng.SuiteRunnerWorker.run(SuiteRunnerWorker.java:84)
	at org.testng.TestNG.runSuitesSequentially(TestNG.java:1208)
	at org.testng.TestNG.runSuitesLocally(TestNG.java:1137)
	at org.testng.TestNG.runSuites(TestNG.java:1049)
	at org.testng.TestNG.run(TestNG.java:1017)
	at org.testng.remote.AbstractRemoteTestNG.run(AbstractRemoteTestNG.java:115)
	at org.testng.remote.RemoteTestNG.initAndRun(RemoteTestNG.java:251)
	at org.testng.remote.RemoteTestNG.main(RemoteTestNG.java:77)
</pre></div></td>
<td>2</td>
<td>Logo@57baeedf</td></tr>
<tr>
<td title='Logo.getLogoFile()'><b>getLogoFile</b><br>Test class: Logo<br>Parameters: dotpaymt, {psname=Dotpay/mTransfer, folder=mBank, shortcode=dotpaymt, called_name=mbank}</td>
<td><div><pre>java.lang.AssertionError: The following asserts failed:
	[NotEnoughDesign] expected [isMissing] but found [uni],
	[ImageNotReplaced] expected [] but found [dark2],
	[ImageNotReplaced] expected [] but found [dark3],
	[ImageNotReplaced] expected [] but found [dark],
	[ImageNotReplaced] expected [] but found [light3],
	[NotEnoughDesign] expected [isMissing] but found [multi],
	[NotEnoughDesign] expected [isMissing] but found [v5],
	[ImageNotReplaced] expected [] but found [light2]
	at automation.project3ds.Assertion.end(Assertion.java:26)
	at Logo.getLogoFile(Logo.java:225)
... Removed 25 stack frames</pre></div><a href='#' onClick='toggleBox("stack-trace746115872", this, "Click to show all stack frames", "Click to hide stack frames")'>Click to show all stack frames</a>
<div class='stack-trace' id='stack-trace746115872'><pre>java.lang.AssertionError: The following asserts failed:
	[NotEnoughDesign] expected [isMissing] but found [uni],
	[ImageNotReplaced] expected [] but found [dark2],
	[ImageNotReplaced] expected [] but found [dark3],
	[ImageNotReplaced] expected [] but found [dark],
	[ImageNotReplaced] expected [] but found [light3],
	[NotEnoughDesign] expected [isMissing] but found [multi],
	[NotEnoughDesign] expected [isMissing] but found [v5],
	[ImageNotReplaced] expected [] but found [light2]
	at automation.project3ds.Assertion.end(Assertion.java:26)
	at Logo.getLogoFile(Logo.java:225)
	at sun.reflect.NativeMethodAccessorImpl.invoke0(Native Method)
	at sun.reflect.NativeMethodAccessorImpl.invoke(NativeMethodAccessorImpl.java:62)
	at sun.reflect.DelegatingMethodAccessorImpl.invoke(DelegatingMethodAccessorImpl.java:43)
	at java.lang.reflect.Method.invoke(Method.java:498)
	at org.testng.internal.MethodInvocationHelper.invokeMethod(MethodInvocationHelper.java:124)
	at org.testng.internal.Invoker.invokeMethod(Invoker.java:583)
	at org.testng.internal.Invoker.invokeTestMethod(Invoker.java:719)
	at org.testng.internal.Invoker.invokeTestMethods(Invoker.java:989)
	at org.testng.internal.TestMethodWorker.invokeTestMethods(TestMethodWorker.java:125)
	at org.testng.internal.TestMethodWorker.run(TestMethodWorker.java:109)
	at org.testng.TestRunner.privateRun(TestRunner.java:648)
	at org.testng.TestRunner.run(TestRunner.java:505)
	at org.testng.SuiteRunner.runTest(SuiteRunner.java:455)
	at org.testng.SuiteRunner.runSequentially(SuiteRunner.java:450)
	at org.testng.SuiteRunner.privateRun(SuiteRunner.java:415)
	at org.testng.SuiteRunner.run(SuiteRunner.java:364)
	at org.testng.SuiteRunnerWorker.runSuite(SuiteRunnerWorker.java:52)
	at org.testng.SuiteRunnerWorker.run(SuiteRunnerWorker.java:84)
	at org.testng.TestNG.runSuitesSequentially(TestNG.java:1208)
	at org.testng.TestNG.runSuitesLocally(TestNG.java:1137)
	at org.testng.TestNG.runSuites(TestNG.java:1049)
	at org.testng.TestNG.run(TestNG.java:1017)
	at org.testng.remote.AbstractRemoteTestNG.run(AbstractRemoteTestNG.java:115)
	at org.testng.remote.RemoteTestNG.initAndRun(RemoteTestNG.java:251)
	at org.testng.remote.RemoteTestNG.main(RemoteTestNG.java:77)
</pre></div></td>
<td>3</td>
<td>Logo@57baeedf</td></tr>
<tr>
<td title='Logo.getLogoFile()'><b>getLogoFile</b><br>Test class: Logo<br>Parameters: dotpaybzwbk, {psname=Dotpay/Bank Zachodni WBK, folder=WBK, shortcode=dotpaybzwbk, called_name=wbk}</td>
<td><div><pre>java.lang.AssertionError: The following asserts failed:
	[NotEnoughDesign] expected [isMissing] but found [uni],
	[ImageNotReplaced] expected [] but found [dark2],
	[ImageNotReplaced] expected [] but found [dark3],
	[ImageNotReplaced] expected [] but found [dark],
	[ImageNotReplaced] expected [] but found [light3],
	[NotEnoughDesign] expected [isMissing] but found [multi],
	[NotEnoughDesign] expected [isMissing] but found [v5],
	[ImageNotReplaced] expected [] but found [light2]
	at automation.project3ds.Assertion.end(Assertion.java:26)
	at Logo.getLogoFile(Logo.java:225)
... Removed 25 stack frames</pre></div><a href='#' onClick='toggleBox("stack-trace1619356001", this, "Click to show all stack frames", "Click to hide stack frames")'>Click to show all stack frames</a>
<div class='stack-trace' id='stack-trace1619356001'><pre>java.lang.AssertionError: The following asserts failed:
	[NotEnoughDesign] expected [isMissing] but found [uni],
	[ImageNotReplaced] expected [] but found [dark2],
	[ImageNotReplaced] expected [] but found [dark3],
	[ImageNotReplaced] expected [] but found [dark],
	[ImageNotReplaced] expected [] but found [light3],
	[NotEnoughDesign] expected [isMissing] but found [multi],
	[NotEnoughDesign] expected [isMissing] but found [v5],
	[ImageNotReplaced] expected [] but found [light2]
	at automation.project3ds.Assertion.end(Assertion.java:26)
	at Logo.getLogoFile(Logo.java:225)
	at sun.reflect.NativeMethodAccessorImpl.invoke0(Native Method)
	at sun.reflect.NativeMethodAccessorImpl.invoke(NativeMethodAccessorImpl.java:62)
	at sun.reflect.DelegatingMethodAccessorImpl.invoke(DelegatingMethodAccessorImpl.java:43)
	at java.lang.reflect.Method.invoke(Method.java:498)
	at org.testng.internal.MethodInvocationHelper.invokeMethod(MethodInvocationHelper.java:124)
	at org.testng.internal.Invoker.invokeMethod(Invoker.java:583)
	at org.testng.internal.Invoker.invokeTestMethod(Invoker.java:719)
	at org.testng.internal.Invoker.invokeTestMethods(Invoker.java:989)
	at org.testng.internal.TestMethodWorker.invokeTestMethods(TestMethodWorker.java:125)
	at org.testng.internal.TestMethodWorker.run(TestMethodWorker.java:109)
	at org.testng.TestRunner.privateRun(TestRunner.java:648)
	at org.testng.TestRunner.run(TestRunner.java:505)
	at org.testng.SuiteRunner.runTest(SuiteRunner.java:455)
	at org.testng.SuiteRunner.runSequentially(SuiteRunner.java:450)
	at org.testng.SuiteRunner.privateRun(SuiteRunner.java:415)
	at org.testng.SuiteRunner.run(SuiteRunner.java:364)
	at org.testng.SuiteRunnerWorker.runSuite(SuiteRunnerWorker.java:52)
	at org.testng.SuiteRunnerWorker.run(SuiteRunnerWorker.java:84)
	at org.testng.TestNG.runSuitesSequentially(TestNG.java:1208)
	at org.testng.TestNG.runSuitesLocally(TestNG.java:1137)
	at org.testng.TestNG.runSuites(TestNG.java:1049)
	at org.testng.TestNG.run(TestNG.java:1017)
	at org.testng.remote.AbstractRemoteTestNG.run(AbstractRemoteTestNG.java:115)
	at org.testng.remote.RemoteTestNG.initAndRun(RemoteTestNG.java:251)
	at org.testng.remote.RemoteTestNG.main(RemoteTestNG.java:77)
</pre></div></td>
<td>3</td>
<td>Logo@57baeedf</td></tr>
<tr>
<td title='Logo.getLogoFile()'><b>getLogoFile</b><br>Test class: Logo<br>Parameters: dotpayingb, {psname=Dotpay/ING Bank Slaski, folder=ING, shortcode=dotpayingb, called_name=ing}</td>
<td><div><pre>java.lang.AssertionError: The following asserts failed:
	[NotEnoughDesign] expected [isMissing] but found [uni],
	[ImageNotReplaced] expected [] but found [dark2],
	[ImageNotReplaced] expected [] but found [dark3],
	[ImageNotReplaced] expected [] but found [dark],
	[ImageNotReplaced] expected [] but found [light3],
	[NotEnoughDesign] expected [isMissing] but found [multi],
	[NotEnoughDesign] expected [isMissing] but found [v5],
	[ImageNotReplaced] expected [] but found [light2]
	at automation.project3ds.Assertion.end(Assertion.java:26)
	at Logo.getLogoFile(Logo.java:225)
... Removed 25 stack frames</pre></div><a href='#' onClick='toggleBox("stack-trace586358252", this, "Click to show all stack frames", "Click to hide stack frames")'>Click to show all stack frames</a>
<div class='stack-trace' id='stack-trace586358252'><pre>java.lang.AssertionError: The following asserts failed:
	[NotEnoughDesign] expected [isMissing] but found [uni],
	[ImageNotReplaced] expected [] but found [dark2],
	[ImageNotReplaced] expected [] but found [dark3],
	[ImageNotReplaced] expected [] but found [dark],
	[ImageNotReplaced] expected [] but found [light3],
	[NotEnoughDesign] expected [isMissing] but found [multi],
	[NotEnoughDesign] expected [isMissing] but found [v5],
	[ImageNotReplaced] expected [] but found [light2]
	at automation.project3ds.Assertion.end(Assertion.java:26)
	at Logo.getLogoFile(Logo.java:225)
	at sun.reflect.NativeMethodAccessorImpl.invoke0(Native Method)
	at sun.reflect.NativeMethodAccessorImpl.invoke(NativeMethodAccessorImpl.java:62)
	at sun.reflect.DelegatingMethodAccessorImpl.invoke(DelegatingMethodAccessorImpl.java:43)
	at java.lang.reflect.Method.invoke(Method.java:498)
	at org.testng.internal.MethodInvocationHelper.invokeMethod(MethodInvocationHelper.java:124)
	at org.testng.internal.Invoker.invokeMethod(Invoker.java:583)
	at org.testng.internal.Invoker.invokeTestMethod(Invoker.java:719)
	at org.testng.internal.Invoker.invokeTestMethods(Invoker.java:989)
	at org.testng.internal.TestMethodWorker.invokeTestMethods(TestMethodWorker.java:125)
	at org.testng.internal.TestMethodWorker.run(TestMethodWorker.java:109)
	at org.testng.TestRunner.privateRun(TestRunner.java:648)
	at org.testng.TestRunner.run(TestRunner.java:505)
	at org.testng.SuiteRunner.runTest(SuiteRunner.java:455)
	at org.testng.SuiteRunner.runSequentially(SuiteRunner.java:450)
	at org.testng.SuiteRunner.privateRun(SuiteRunner.java:415)
	at org.testng.SuiteRunner.run(SuiteRunner.java:364)
	at org.testng.SuiteRunnerWorker.runSuite(SuiteRunnerWorker.java:52)
	at org.testng.SuiteRunnerWorker.run(SuiteRunnerWorker.java:84)
	at org.testng.TestNG.runSuitesSequentially(TestNG.java:1208)
	at org.testng.TestNG.runSuitesLocally(TestNG.java:1137)
	at org.testng.TestNG.runSuites(TestNG.java:1049)
	at org.testng.TestNG.run(TestNG.java:1017)
	at org.testng.remote.AbstractRemoteTestNG.run(AbstractRemoteTestNG.java:115)
	at org.testng.remote.RemoteTestNG.initAndRun(RemoteTestNG.java:251)
	at org.testng.remote.RemoteTestNG.main(RemoteTestNG.java:77)
</pre></div></td>
<td>3</td>
<td>Logo@57baeedf</td></tr>
<tr>
<td title='Logo.getLogoFile()'><b>getLogoFile</b><br>Test class: Logo<br>Parameters: dotpayinteligo, {psname=Dotpay/Inteligo, folder=Inteligo, shortcode=dotpayinteligo, called_name=inteligo}</td>
<td><div><pre>java.lang.AssertionError: The following asserts failed:
	[NotEnoughDesign] expected [isMissing] but found [uni],
	[ImageNotReplaced] expected [] but found [dark2],
	[ImageNotReplaced] expected [] but found [dark3],
	[ImageNotReplaced] expected [] but found [dark],
	[ImageNotReplaced] expected [] but found [light3],
	[NotEnoughDesign] expected [isMissing] but found [multi],
	[NotEnoughDesign] expected [isMissing] but found [v5],
	[ImageNotReplaced] expected [] but found [light2]
	at automation.project3ds.Assertion.end(Assertion.java:26)
	at Logo.getLogoFile(Logo.java:225)
... Removed 25 stack frames</pre></div><a href='#' onClick='toggleBox("stack-trace862916729", this, "Click to show all stack frames", "Click to hide stack frames")'>Click to show all stack frames</a>
<div class='stack-trace' id='stack-trace862916729'><pre>java.lang.AssertionError: The following asserts failed:
	[NotEnoughDesign] expected [isMissing] but found [uni],
	[ImageNotReplaced] expected [] but found [dark2],
	[ImageNotReplaced] expected [] but found [dark3],
	[ImageNotReplaced] expected [] but found [dark],
	[ImageNotReplaced] expected [] but found [light3],
	[NotEnoughDesign] expected [isMissing] but found [multi],
	[NotEnoughDesign] expected [isMissing] but found [v5],
	[ImageNotReplaced] expected [] but found [light2]
	at automation.project3ds.Assertion.end(Assertion.java:26)
	at Logo.getLogoFile(Logo.java:225)
	at sun.reflect.NativeMethodAccessorImpl.invoke0(Native Method)
	at sun.reflect.NativeMethodAccessorImpl.invoke(NativeMethodAccessorImpl.java:62)
	at sun.reflect.DelegatingMethodAccessorImpl.invoke(DelegatingMethodAccessorImpl.java:43)
	at java.lang.reflect.Method.invoke(Method.java:498)
	at org.testng.internal.MethodInvocationHelper.invokeMethod(MethodInvocationHelper.java:124)
	at org.testng.internal.Invoker.invokeMethod(Invoker.java:583)
	at org.testng.internal.Invoker.invokeTestMethod(Invoker.java:719)
	at org.testng.internal.Invoker.invokeTestMethods(Invoker.java:989)
	at org.testng.internal.TestMethodWorker.invokeTestMethods(TestMethodWorker.java:125)
	at org.testng.internal.TestMethodWorker.run(TestMethodWorker.java:109)
	at org.testng.TestRunner.privateRun(TestRunner.java:648)
	at org.testng.TestRunner.run(TestRunner.java:505)
	at org.testng.SuiteRunner.runTest(SuiteRunner.java:455)
	at org.testng.SuiteRunner.runSequentially(SuiteRunner.java:450)
	at org.testng.SuiteRunner.privateRun(SuiteRunner.java:415)
	at org.testng.SuiteRunner.run(SuiteRunner.java:364)
	at org.testng.SuiteRunnerWorker.runSuite(SuiteRunnerWorker.java:52)
	at org.testng.SuiteRunnerWorker.run(SuiteRunnerWorker.java:84)
	at org.testng.TestNG.runSuitesSequentially(TestNG.java:1208)
	at org.testng.TestNG.runSuitesLocally(TestNG.java:1137)
	at org.testng.TestNG.runSuites(TestNG.java:1049)
	at org.testng.TestNG.run(TestNG.java:1017)
	at org.testng.remote.AbstractRemoteTestNG.run(AbstractRemoteTestNG.java:115)
	at org.testng.remote.RemoteTestNG.initAndRun(RemoteTestNG.java:251)
	at org.testng.remote.RemoteTestNG.main(RemoteTestNG.java:77)
</pre></div></td>
<td>3</td>
<td>Logo@57baeedf</td></tr>
<tr>
<td title='Logo.getLogoFile()'><b>getLogoFile</b><br>Test class: Logo<br>Parameters: dotpayingbacc, {psname=Dotpay/Place z ING Bank Slaski, folder=Dotpay Place z ING Bank Slaski, shortcode=dotpayingbacc, called_name=dotpay ing bank slaski}</td>
<td><div><pre>java.lang.AssertionError: The following asserts failed:
	[NotEnoughDesign] expected [isMissing] but found [uni],
	[ImageNotReplaced] expected [] but found [dark2],
	[ImageNotReplaced] expected [] but found [dark3],
	[ImageNotReplaced] expected [] but found [dark],
	[ImageNotReplaced] expected [] but found [light3],
	[NotEnoughDesign] expected [isMissing] but found [multi],
	[NotEnoughDesign] expected [isMissing] but found [v5],
	[ImageNotReplaced] expected [] but found [light2]
	at automation.project3ds.Assertion.end(Assertion.java:26)
	at Logo.getLogoFile(Logo.java:225)
... Removed 25 stack frames</pre></div><a href='#' onClick='toggleBox("stack-trace946802083", this, "Click to show all stack frames", "Click to hide stack frames")'>Click to show all stack frames</a>
<div class='stack-trace' id='stack-trace946802083'><pre>java.lang.AssertionError: The following asserts failed:
	[NotEnoughDesign] expected [isMissing] but found [uni],
	[ImageNotReplaced] expected [] but found [dark2],
	[ImageNotReplaced] expected [] but found [dark3],
	[ImageNotReplaced] expected [] but found [dark],
	[ImageNotReplaced] expected [] but found [light3],
	[NotEnoughDesign] expected [isMissing] but found [multi],
	[NotEnoughDesign] expected [isMissing] but found [v5],
	[ImageNotReplaced] expected [] but found [light2]
	at automation.project3ds.Assertion.end(Assertion.java:26)
	at Logo.getLogoFile(Logo.java:225)
	at sun.reflect.NativeMethodAccessorImpl.invoke0(Native Method)
	at sun.reflect.NativeMethodAccessorImpl.invoke(NativeMethodAccessorImpl.java:62)
	at sun.reflect.DelegatingMethodAccessorImpl.invoke(DelegatingMethodAccessorImpl.java:43)
	at java.lang.reflect.Method.invoke(Method.java:498)
	at org.testng.internal.MethodInvocationHelper.invokeMethod(MethodInvocationHelper.java:124)
	at org.testng.internal.Invoker.invokeMethod(Invoker.java:583)
	at org.testng.internal.Invoker.invokeTestMethod(Invoker.java:719)
	at org.testng.internal.Invoker.invokeTestMethods(Invoker.java:989)
	at org.testng.internal.TestMethodWorker.invokeTestMethods(TestMethodWorker.java:125)
	at org.testng.internal.TestMethodWorker.run(TestMethodWorker.java:109)
	at org.testng.TestRunner.privateRun(TestRunner.java:648)
	at org.testng.TestRunner.run(TestRunner.java:505)
	at org.testng.SuiteRunner.runTest(SuiteRunner.java:455)
	at org.testng.SuiteRunner.runSequentially(SuiteRunner.java:450)
	at org.testng.SuiteRunner.privateRun(SuiteRunner.java:415)
	at org.testng.SuiteRunner.run(SuiteRunner.java:364)
	at org.testng.SuiteRunnerWorker.runSuite(SuiteRunnerWorker.java:52)
	at org.testng.SuiteRunnerWorker.run(SuiteRunnerWorker.java:84)
	at org.testng.TestNG.runSuitesSequentially(TestNG.java:1208)
	at org.testng.TestNG.runSuitesLocally(TestNG.java:1137)
	at org.testng.TestNG.runSuites(TestNG.java:1049)
	at org.testng.TestNG.run(TestNG.java:1017)
	at org.testng.remote.AbstractRemoteTestNG.run(AbstractRemoteTestNG.java:115)
	at org.testng.remote.RemoteTestNG.initAndRun(RemoteTestNG.java:251)
	at org.testng.remote.RemoteTestNG.main(RemoteTestNG.java:77)
</pre></div></td>
<td>3</td>
<td>Logo@57baeedf</td></tr>
<tr>
<td title='Logo.getLogoFile()'><b>getLogoFile</b><br>Test class: Logo<br>Parameters: happyvoucher, {psname=Payletter/Happy Voucher, folder=Happyvoucher, shortcode=happyvoucher, called_name=happyvoucher}</td>
<td><div><pre>java.lang.AssertionError: The following asserts failed:
	[NotEnoughDesign] expected [isMissing] but found [uni],
	[ImageNotReplaced] expected [] but found [dark2],
	[ImageNotReplaced] expected [] but found [dark3],
	[ImageNotReplaced] expected [] but found [dark],
	[ImageNotReplaced] expected [] but found [light3],
	[NotEnoughDesign] expected [isMissing] but found [multi],
	[NotEnoughDesign] expected [isMissing] but found [v5],
	[ImageNotReplaced] expected [] but found [light2]
	at automation.project3ds.Assertion.end(Assertion.java:26)
	at Logo.getLogoFile(Logo.java:225)
... Removed 24 stack frames</pre></div><a href='#' onClick='toggleBox("stack-trace1346292516", this, "Click to show all stack frames", "Click to hide stack frames")'>Click to show all stack frames</a>
<div class='stack-trace' id='stack-trace1346292516'><pre>java.lang.AssertionError: The following asserts failed:
	[NotEnoughDesign] expected [isMissing] but found [uni],
	[ImageNotReplaced] expected [] but found [dark2],
	[ImageNotReplaced] expected [] but found [dark3],
	[ImageNotReplaced] expected [] but found [dark],
	[ImageNotReplaced] expected [] but found [light3],
	[NotEnoughDesign] expected [isMissing] but found [multi],
	[NotEnoughDesign] expected [isMissing] but found [v5],
	[ImageNotReplaced] expected [] but found [light2]
	at automation.project3ds.Assertion.end(Assertion.java:26)
	at Logo.getLogoFile(Logo.java:225)
	at sun.reflect.GeneratedMethodAccessor2.invoke(Unknown Source)
	at sun.reflect.DelegatingMethodAccessorImpl.invoke(DelegatingMethodAccessorImpl.java:43)
	at java.lang.reflect.Method.invoke(Method.java:498)
	at org.testng.internal.MethodInvocationHelper.invokeMethod(MethodInvocationHelper.java:124)
	at org.testng.internal.Invoker.invokeMethod(Invoker.java:583)
	at org.testng.internal.Invoker.invokeTestMethod(Invoker.java:719)
	at org.testng.internal.Invoker.invokeTestMethods(Invoker.java:989)
	at org.testng.internal.TestMethodWorker.invokeTestMethods(TestMethodWorker.java:125)
	at org.testng.internal.TestMethodWorker.run(TestMethodWorker.java:109)
	at org.testng.TestRunner.privateRun(TestRunner.java:648)
	at org.testng.TestRunner.run(TestRunner.java:505)
	at org.testng.SuiteRunner.runTest(SuiteRunner.java:455)
	at org.testng.SuiteRunner.runSequentially(SuiteRunner.java:450)
	at org.testng.SuiteRunner.privateRun(SuiteRunner.java:415)
	at org.testng.SuiteRunner.run(SuiteRunner.java:364)
	at org.testng.SuiteRunnerWorker.runSuite(SuiteRunnerWorker.java:52)
	at org.testng.SuiteRunnerWorker.run(SuiteRunnerWorker.java:84)
	at org.testng.TestNG.runSuitesSequentially(TestNG.java:1208)
	at org.testng.TestNG.runSuitesLocally(TestNG.java:1137)
	at org.testng.TestNG.runSuites(TestNG.java:1049)
	at org.testng.TestNG.run(TestNG.java:1017)
	at org.testng.remote.AbstractRemoteTestNG.run(AbstractRemoteTestNG.java:115)
	at org.testng.remote.RemoteTestNG.initAndRun(RemoteTestNG.java:251)
	at org.testng.remote.RemoteTestNG.main(RemoteTestNG.java:77)
</pre></div></td>
<td>3</td>
<td>Logo@57baeedf</td></tr>
<tr>
<td title='Logo.getLogoFile()'><b>getLogoFile</b><br>Test class: Logo<br>Parameters: teencash, {psname=Payletter/TeenCash, folder=Teencash, shortcode=teencash, called_name=teencash}</td>
<td><div><pre>java.lang.AssertionError: The following asserts failed:
	[NotEnoughDesign] expected [isMissing] but found [uni],
	[NotEnoughDesign] expected [isMissing] but found [dark2],
	[NotEnoughDesign] expected [isMissing] but found [dark3],
	[NotEnoughDesign] expected [isMissing] but found [light],
	[NotEnoughDesign] expected [isMissing] but found [dark],
	[NotEnoughDesign] expected [isMissing] but found [light3],
	[NotEnoughDesign] expected [isMissing] but found [multi],
	[NotEnoughDesign] expected [isMissing] but found [v5],
	[NotEnoughDesign] expected [isMissing] but found [light2]
	at automation.project3ds.Assertion.end(Assertion.java:26)
	at Logo.getLogoFile(Logo.java:225)
... Removed 24 stack frames</pre></div><a href='#' onClick='toggleBox("stack-trace573136580", this, "Click to show all stack frames", "Click to hide stack frames")'>Click to show all stack frames</a>
<div class='stack-trace' id='stack-trace573136580'><pre>java.lang.AssertionError: The following asserts failed:
	[NotEnoughDesign] expected [isMissing] but found [uni],
	[NotEnoughDesign] expected [isMissing] but found [dark2],
	[NotEnoughDesign] expected [isMissing] but found [dark3],
	[NotEnoughDesign] expected [isMissing] but found [light],
	[NotEnoughDesign] expected [isMissing] but found [dark],
	[NotEnoughDesign] expected [isMissing] but found [light3],
	[NotEnoughDesign] expected [isMissing] but found [multi],
	[NotEnoughDesign] expected [isMissing] but found [v5],
	[NotEnoughDesign] expected [isMissing] but found [light2]
	at automation.project3ds.Assertion.end(Assertion.java:26)
	at Logo.getLogoFile(Logo.java:225)
	at sun.reflect.GeneratedMethodAccessor2.invoke(Unknown Source)
	at sun.reflect.DelegatingMethodAccessorImpl.invoke(DelegatingMethodAccessorImpl.java:43)
	at java.lang.reflect.Method.invoke(Method.java:498)
	at org.testng.internal.MethodInvocationHelper.invokeMethod(MethodInvocationHelper.java:124)
	at org.testng.internal.Invoker.invokeMethod(Invoker.java:583)
	at org.testng.internal.Invoker.invokeTestMethod(Invoker.java:719)
	at org.testng.internal.Invoker.invokeTestMethods(Invoker.java:989)
	at org.testng.internal.TestMethodWorker.invokeTestMethods(TestMethodWorker.java:125)
	at org.testng.internal.TestMethodWorker.run(TestMethodWorker.java:109)
	at org.testng.TestRunner.privateRun(TestRunner.java:648)
	at org.testng.TestRunner.run(TestRunner.java:505)
	at org.testng.SuiteRunner.runTest(SuiteRunner.java:455)
	at org.testng.SuiteRunner.runSequentially(SuiteRunner.java:450)
	at org.testng.SuiteRunner.privateRun(SuiteRunner.java:415)
	at org.testng.SuiteRunner.run(SuiteRunner.java:364)
	at org.testng.SuiteRunnerWorker.runSuite(SuiteRunnerWorker.java:52)
	at org.testng.SuiteRunnerWorker.run(SuiteRunnerWorker.java:84)
	at org.testng.TestNG.runSuitesSequentially(TestNG.java:1208)
	at org.testng.TestNG.runSuitesLocally(TestNG.java:1137)
	at org.testng.TestNG.runSuites(TestNG.java:1049)
	at org.testng.TestNG.run(TestNG.java:1017)
	at org.testng.remote.AbstractRemoteTestNG.run(AbstractRemoteTestNG.java:115)
	at org.testng.remote.RemoteTestNG.initAndRun(RemoteTestNG.java:251)
	at org.testng.remote.RemoteTestNG.main(RemoteTestNG.java:77)
</pre></div></td>
<td>2</td>
<td>Logo@57baeedf</td></tr>
<tr>
<td title='Logo.getLogoFile()'><b>getLogoFile</b><br>Test class: Logo<br>Parameters: oncash, {psname=Payletter/OnCash, folder=Oncash, shortcode=oncash, called_name=oncash}</td>
<td><div><pre>java.lang.AssertionError: The following asserts failed:
	[NotEnoughDesign] expected [isMissing] but found [uni],
	[NotEnoughDesign] expected [isMissing] but found [multi],
	[NotEnoughDesign] expected [isMissing] but found [v5]
	at automation.project3ds.Assertion.end(Assertion.java:26)
	at Logo.getLogoFile(Logo.java:225)
... Removed 24 stack frames</pre></div><a href='#' onClick='toggleBox("stack-trace686560878", this, "Click to show all stack frames", "Click to hide stack frames")'>Click to show all stack frames</a>
<div class='stack-trace' id='stack-trace686560878'><pre>java.lang.AssertionError: The following asserts failed:
	[NotEnoughDesign] expected [isMissing] but found [uni],
	[NotEnoughDesign] expected [isMissing] but found [multi],
	[NotEnoughDesign] expected [isMissing] but found [v5]
	at automation.project3ds.Assertion.end(Assertion.java:26)
	at Logo.getLogoFile(Logo.java:225)
	at sun.reflect.GeneratedMethodAccessor2.invoke(Unknown Source)
	at sun.reflect.DelegatingMethodAccessorImpl.invoke(DelegatingMethodAccessorImpl.java:43)
	at java.lang.reflect.Method.invoke(Method.java:498)
	at org.testng.internal.MethodInvocationHelper.invokeMethod(MethodInvocationHelper.java:124)
	at org.testng.internal.Invoker.invokeMethod(Invoker.java:583)
	at org.testng.internal.Invoker.invokeTestMethod(Invoker.java:719)
	at org.testng.internal.Invoker.invokeTestMethods(Invoker.java:989)
	at org.testng.internal.TestMethodWorker.invokeTestMethods(TestMethodWorker.java:125)
	at org.testng.internal.TestMethodWorker.run(TestMethodWorker.java:109)
	at org.testng.TestRunner.privateRun(TestRunner.java:648)
	at org.testng.TestRunner.run(TestRunner.java:505)
	at org.testng.SuiteRunner.runTest(SuiteRunner.java:455)
	at org.testng.SuiteRunner.runSequentially(SuiteRunner.java:450)
	at org.testng.SuiteRunner.privateRun(SuiteRunner.java:415)
	at org.testng.SuiteRunner.run(SuiteRunner.java:364)
	at org.testng.SuiteRunnerWorker.runSuite(SuiteRunnerWorker.java:52)
	at org.testng.SuiteRunnerWorker.run(SuiteRunnerWorker.java:84)
	at org.testng.TestNG.runSuitesSequentially(TestNG.java:1208)
	at org.testng.TestNG.runSuitesLocally(TestNG.java:1137)
	at org.testng.TestNG.runSuites(TestNG.java:1049)
	at org.testng.TestNG.run(TestNG.java:1017)
	at org.testng.remote.AbstractRemoteTestNG.run(AbstractRemoteTestNG.java:115)
	at org.testng.remote.RemoteTestNG.initAndRun(RemoteTestNG.java:251)
	at org.testng.remote.RemoteTestNG.main(RemoteTestNG.java:77)
</pre></div></td>
<td>1</td>
<td>Logo@57baeedf</td></tr>
<tr>
<td title='Logo.getLogoFile()'><b>getLogoFile</b><br>Test class: Logo<br>Parameters: eggmoney, {psname=Payletter/Eggmoney, folder=Eggmoney, shortcode=eggmoney, called_name=eggmoney}</td>
<td><div><pre>java.lang.AssertionError: The following asserts failed:
	[NotEnoughDesign] expected [isMissing] but found [uni],
	[NotEnoughDesign] expected [isMissing] but found [multi],
	[NotEnoughDesign] expected [isMissing] but found [v5]
	at automation.project3ds.Assertion.end(Assertion.java:26)
	at Logo.getLogoFile(Logo.java:225)
... Removed 24 stack frames</pre></div><a href='#' onClick='toggleBox("stack-trace1984094095", this, "Click to show all stack frames", "Click to hide stack frames")'>Click to show all stack frames</a>
<div class='stack-trace' id='stack-trace1984094095'><pre>java.lang.AssertionError: The following asserts failed:
	[NotEnoughDesign] expected [isMissing] but found [uni],
	[NotEnoughDesign] expected [isMissing] but found [multi],
	[NotEnoughDesign] expected [isMissing] but found [v5]
	at automation.project3ds.Assertion.end(Assertion.java:26)
	at Logo.getLogoFile(Logo.java:225)
	at sun.reflect.GeneratedMethodAccessor2.invoke(Unknown Source)
	at sun.reflect.DelegatingMethodAccessorImpl.invoke(DelegatingMethodAccessorImpl.java:43)
	at java.lang.reflect.Method.invoke(Method.java:498)
	at org.testng.internal.MethodInvocationHelper.invokeMethod(MethodInvocationHelper.java:124)
	at org.testng.internal.Invoker.invokeMethod(Invoker.java:583)
	at org.testng.internal.Invoker.invokeTestMethod(Invoker.java:719)
	at org.testng.internal.Invoker.invokeTestMethods(Invoker.java:989)
	at org.testng.internal.TestMethodWorker.invokeTestMethods(TestMethodWorker.java:125)
	at org.testng.internal.TestMethodWorker.run(TestMethodWorker.java:109)
	at org.testng.TestRunner.privateRun(TestRunner.java:648)
	at org.testng.TestRunner.run(TestRunner.java:505)
	at org.testng.SuiteRunner.runTest(SuiteRunner.java:455)
	at org.testng.SuiteRunner.runSequentially(SuiteRunner.java:450)
	at org.testng.SuiteRunner.privateRun(SuiteRunner.java:415)
	at org.testng.SuiteRunner.run(SuiteRunner.java:364)
	at org.testng.SuiteRunnerWorker.runSuite(SuiteRunnerWorker.java:52)
	at org.testng.SuiteRunnerWorker.run(SuiteRunnerWorker.java:84)
	at org.testng.TestNG.runSuitesSequentially(TestNG.java:1208)
	at org.testng.TestNG.runSuitesLocally(TestNG.java:1137)
	at org.testng.TestNG.runSuites(TestNG.java:1049)
	at org.testng.TestNG.run(TestNG.java:1017)
	at org.testng.remote.AbstractRemoteTestNG.run(AbstractRemoteTestNG.java:115)
	at org.testng.remote.RemoteTestNG.initAndRun(RemoteTestNG.java:251)
	at org.testng.remote.RemoteTestNG.main(RemoteTestNG.java:77)
</pre></div></td>
<td>1</td>
<td>Logo@57baeedf</td></tr>
<tr>
<td title='Logo.getLogoFile()'><b>getLogoFile</b><br>Test class: Logo<br>Parameters: culturevoucher, {psname=Payletter/Culture Voucher, folder=Culture voucher, shortcode=culturevoucher, called_name=culture voucher}</td>
<td><div><pre>java.lang.AssertionError: The following asserts failed:
	[NamedWrong] expected [name] but found [culture voucher_original],
	[NotEnoughDesign] expected [isMissing] but found [uni],
	[NotEnoughDesign] expected [isMissing] but found [dark2],
	[ImageNotReplaced] expected [] but found [dark2],
	[NotEnoughDesign] expected [isMissing] but found [dark3],
	[ImageNotReplaced] expected [] but found [dark3],
	[NotEnoughDesign] expected [isMissing] but found [light],
	[NotEnoughDesign] expected [isMissing] but found [dark],
	[ImageNotReplaced] expected [] but found [dark],
	[NotEnoughDesign] expected [isMissing] but found [light3],
	[ImageNotReplaced] expected [] but found [light3],
	[NotEnoughDesign] expected [isMissing] but found [multi],
	[NotEnoughDesign] expected [isMissing] but found [v5],
	[NotEnoughDesign] expected [isMissing] but found [light2],
	[ImageNotReplaced] expected [] but found [light2]
	at automation.project3ds.Assertion.end(Assertion.java:26)
	at Logo.getLogoFile(Logo.java:225)
... Removed 24 stack frames</pre></div><a href='#' onClick='toggleBox("stack-trace1658980982", this, "Click to show all stack frames", "Click to hide stack frames")'>Click to show all stack frames</a>
<div class='stack-trace' id='stack-trace1658980982'><pre>java.lang.AssertionError: The following asserts failed:
	[NamedWrong] expected [name] but found [culture voucher_original],
	[NotEnoughDesign] expected [isMissing] but found [uni],
	[NotEnoughDesign] expected [isMissing] but found [dark2],
	[ImageNotReplaced] expected [] but found [dark2],
	[NotEnoughDesign] expected [isMissing] but found [dark3],
	[ImageNotReplaced] expected [] but found [dark3],
	[NotEnoughDesign] expected [isMissing] but found [light],
	[NotEnoughDesign] expected [isMissing] but found [dark],
	[ImageNotReplaced] expected [] but found [dark],
	[NotEnoughDesign] expected [isMissing] but found [light3],
	[ImageNotReplaced] expected [] but found [light3],
	[NotEnoughDesign] expected [isMissing] but found [multi],
	[NotEnoughDesign] expected [isMissing] but found [v5],
	[NotEnoughDesign] expected [isMissing] but found [light2],
	[ImageNotReplaced] expected [] but found [light2]
	at automation.project3ds.Assertion.end(Assertion.java:26)
	at Logo.getLogoFile(Logo.java:225)
	at sun.reflect.GeneratedMethodAccessor2.invoke(Unknown Source)
	at sun.reflect.DelegatingMethodAccessorImpl.invoke(DelegatingMethodAccessorImpl.java:43)
	at java.lang.reflect.Method.invoke(Method.java:498)
	at org.testng.internal.MethodInvocationHelper.invokeMethod(MethodInvocationHelper.java:124)
	at org.testng.internal.Invoker.invokeMethod(Invoker.java:583)
	at org.testng.internal.Invoker.invokeTestMethod(Invoker.java:719)
	at org.testng.internal.Invoker.invokeTestMethods(Invoker.java:989)
	at org.testng.internal.TestMethodWorker.invokeTestMethods(TestMethodWorker.java:125)
	at org.testng.internal.TestMethodWorker.run(TestMethodWorker.java:109)
	at org.testng.TestRunner.privateRun(TestRunner.java:648)
	at org.testng.TestRunner.run(TestRunner.java:505)
	at org.testng.SuiteRunner.runTest(SuiteRunner.java:455)
	at org.testng.SuiteRunner.runSequentially(SuiteRunner.java:450)
	at org.testng.SuiteRunner.privateRun(SuiteRunner.java:415)
	at org.testng.SuiteRunner.run(SuiteRunner.java:364)
	at org.testng.SuiteRunnerWorker.runSuite(SuiteRunnerWorker.java:52)
	at org.testng.SuiteRunnerWorker.run(SuiteRunnerWorker.java:84)
	at org.testng.TestNG.runSuitesSequentially(TestNG.java:1208)
	at org.testng.TestNG.runSuitesLocally(TestNG.java:1137)
	at org.testng.TestNG.runSuites(TestNG.java:1049)
	at org.testng.TestNG.run(TestNG.java:1017)
	at org.testng.remote.AbstractRemoteTestNG.run(AbstractRemoteTestNG.java:115)
	at org.testng.remote.RemoteTestNG.initAndRun(RemoteTestNG.java:251)
	at org.testng.remote.RemoteTestNG.main(RemoteTestNG.java:77)
</pre></div></td>
<td>2</td>
<td>Logo@57baeedf</td></tr>
<tr>
<td title='Logo.getLogoFile()'><b>getLogoFile</b><br>Test class: Logo<br>Parameters: allthegate, {psname=Payletter/AllTheGate CC, folder=Payletter AlltheGate, shortcode=allthegate, called_name=payletterallthegate}</td>
<td><div><pre>java.lang.AssertionError: The following asserts failed:
	[NamedWrong] expected [name] but found [pm-psallthegate-merchantareav5],
	[NamedWrong] expected [name] but found [pm-ps-alltregate (noflag)],
	[ImageNotReplaced] expected [] but found [dark2],
	[ImageNotReplaced] expected [] but found [dark3],
	[ImageNotReplaced] expected [] but found [dark],
	[ImageNotReplaced] expected [] but found [light3],
	[ImageNotReplaced] expected [] but found [light2]
	at automation.project3ds.Assertion.end(Assertion.java:26)
	at Logo.getLogoFile(Logo.java:225)
... Removed 24 stack frames</pre></div><a href='#' onClick='toggleBox("stack-trace1799230133", this, "Click to show all stack frames", "Click to hide stack frames")'>Click to show all stack frames</a>
<div class='stack-trace' id='stack-trace1799230133'><pre>java.lang.AssertionError: The following asserts failed:
	[NamedWrong] expected [name] but found [pm-psallthegate-merchantareav5],
	[NamedWrong] expected [name] but found [pm-ps-alltregate (noflag)],
	[ImageNotReplaced] expected [] but found [dark2],
	[ImageNotReplaced] expected [] but found [dark3],
	[ImageNotReplaced] expected [] but found [dark],
	[ImageNotReplaced] expected [] but found [light3],
	[ImageNotReplaced] expected [] but found [light2]
	at automation.project3ds.Assertion.end(Assertion.java:26)
	at Logo.getLogoFile(Logo.java:225)
	at sun.reflect.GeneratedMethodAccessor2.invoke(Unknown Source)
	at sun.reflect.DelegatingMethodAccessorImpl.invoke(DelegatingMethodAccessorImpl.java:43)
	at java.lang.reflect.Method.invoke(Method.java:498)
	at org.testng.internal.MethodInvocationHelper.invokeMethod(MethodInvocationHelper.java:124)
	at org.testng.internal.Invoker.invokeMethod(Invoker.java:583)
	at org.testng.internal.Invoker.invokeTestMethod(Invoker.java:719)
	at org.testng.internal.Invoker.invokeTestMethods(Invoker.java:989)
	at org.testng.internal.TestMethodWorker.invokeTestMethods(TestMethodWorker.java:125)
	at org.testng.internal.TestMethodWorker.run(TestMethodWorker.java:109)
	at org.testng.TestRunner.privateRun(TestRunner.java:648)
	at org.testng.TestRunner.run(TestRunner.java:505)
	at org.testng.SuiteRunner.runTest(SuiteRunner.java:455)
	at org.testng.SuiteRunner.runSequentially(SuiteRunner.java:450)
	at org.testng.SuiteRunner.privateRun(SuiteRunner.java:415)
	at org.testng.SuiteRunner.run(SuiteRunner.java:364)
	at org.testng.SuiteRunnerWorker.runSuite(SuiteRunnerWorker.java:52)
	at org.testng.SuiteRunnerWorker.run(SuiteRunnerWorker.java:84)
	at org.testng.TestNG.runSuitesSequentially(TestNG.java:1208)
	at org.testng.TestNG.runSuitesLocally(TestNG.java:1137)
	at org.testng.TestNG.runSuites(TestNG.java:1049)
	at org.testng.TestNG.run(TestNG.java:1017)
	at org.testng.remote.AbstractRemoteTestNG.run(AbstractRemoteTestNG.java:115)
	at org.testng.remote.RemoteTestNG.initAndRun(RemoteTestNG.java:251)
	at org.testng.remote.RemoteTestNG.main(RemoteTestNG.java:77)
</pre></div></td>
<td>3</td>
<td>Logo@57baeedf</td></tr>
<tr>
<td title='Logo.getLogoFile()'><b>getLogoFile</b><br>Test class: Logo<br>Parameters: bookculture, {psname=Payletter/Book Gift Voucher, folder=BookGiftVoucher, shortcode=bookculture, called_name=bookgiftvoucher}</td>
<td><div><pre>java.lang.AssertionError: The following asserts failed:
	[NamedWrong] expected [name] but found [book voucher v5],
	[NamedWrong] expected [name] but found [book voucher v7],
	[NamedWrong] expected [name] but found [book voucher_original],
	[multi][Height] expected [43] but found [44],
	[NotEnoughDesign] expected [isMissing] but found [uni]
	at automation.project3ds.Assertion.end(Assertion.java:26)
	at Logo.getLogoFile(Logo.java:225)
... Removed 24 stack frames</pre></div><a href='#' onClick='toggleBox("stack-trace638486177", this, "Click to show all stack frames", "Click to hide stack frames")'>Click to show all stack frames</a>
<div class='stack-trace' id='stack-trace638486177'><pre>java.lang.AssertionError: The following asserts failed:
	[NamedWrong] expected [name] but found [book voucher v5],
	[NamedWrong] expected [name] but found [book voucher v7],
	[NamedWrong] expected [name] but found [book voucher_original],
	[multi][Height] expected [43] but found [44],
	[NotEnoughDesign] expected [isMissing] but found [uni]
	at automation.project3ds.Assertion.end(Assertion.java:26)
	at Logo.getLogoFile(Logo.java:225)
	at sun.reflect.GeneratedMethodAccessor2.invoke(Unknown Source)
	at sun.reflect.DelegatingMethodAccessorImpl.invoke(DelegatingMethodAccessorImpl.java:43)
	at java.lang.reflect.Method.invoke(Method.java:498)
	at org.testng.internal.MethodInvocationHelper.invokeMethod(MethodInvocationHelper.java:124)
	at org.testng.internal.Invoker.invokeMethod(Invoker.java:583)
	at org.testng.internal.Invoker.invokeTestMethod(Invoker.java:719)
	at org.testng.internal.Invoker.invokeTestMethods(Invoker.java:989)
	at org.testng.internal.TestMethodWorker.invokeTestMethods(TestMethodWorker.java:125)
	at org.testng.internal.TestMethodWorker.run(TestMethodWorker.java:109)
	at org.testng.TestRunner.privateRun(TestRunner.java:648)
	at org.testng.TestRunner.run(TestRunner.java:505)
	at org.testng.SuiteRunner.runTest(SuiteRunner.java:455)
	at org.testng.SuiteRunner.runSequentially(SuiteRunner.java:450)
	at org.testng.SuiteRunner.privateRun(SuiteRunner.java:415)
	at org.testng.SuiteRunner.run(SuiteRunner.java:364)
	at org.testng.SuiteRunnerWorker.runSuite(SuiteRunnerWorker.java:52)
	at org.testng.SuiteRunnerWorker.run(SuiteRunnerWorker.java:84)
	at org.testng.TestNG.runSuitesSequentially(TestNG.java:1208)
	at org.testng.TestNG.runSuitesLocally(TestNG.java:1137)
	at org.testng.TestNG.runSuites(TestNG.java:1049)
	at org.testng.TestNG.run(TestNG.java:1017)
	at org.testng.remote.AbstractRemoteTestNG.run(AbstractRemoteTestNG.java:115)
	at org.testng.remote.RemoteTestNG.initAndRun(RemoteTestNG.java:251)
	at org.testng.remote.RemoteTestNG.main(RemoteTestNG.java:77)
</pre></div></td>
<td>3</td>
<td>Logo@57baeedf</td></tr>
<tr>
<td title='Logo.getLogoFile()'><b>getLogoFile</b><br>Test class: Logo<br>Parameters: idealpayments, {psname=PPRO/iDeal, folder=PPRO IDEAL, shortcode=idealpayments, called_name=ppro ideal}</td>
<td><div><pre>java.lang.AssertionError: The following asserts failed:
	[NotEnoughDesign] expected [isMissing] but found [uni],
	[NotEnoughDesign] expected [isMissing] but found [multi],
	[NotEnoughDesign] expected [isMissing] but found [v5]
	at automation.project3ds.Assertion.end(Assertion.java:26)
	at Logo.getLogoFile(Logo.java:225)
... Removed 24 stack frames</pre></div><a href='#' onClick='toggleBox("stack-trace913065088", this, "Click to show all stack frames", "Click to hide stack frames")'>Click to show all stack frames</a>
<div class='stack-trace' id='stack-trace913065088'><pre>java.lang.AssertionError: The following asserts failed:
	[NotEnoughDesign] expected [isMissing] but found [uni],
	[NotEnoughDesign] expected [isMissing] but found [multi],
	[NotEnoughDesign] expected [isMissing] but found [v5]
	at automation.project3ds.Assertion.end(Assertion.java:26)
	at Logo.getLogoFile(Logo.java:225)
	at sun.reflect.GeneratedMethodAccessor2.invoke(Unknown Source)
	at sun.reflect.DelegatingMethodAccessorImpl.invoke(DelegatingMethodAccessorImpl.java:43)
	at java.lang.reflect.Method.invoke(Method.java:498)
	at org.testng.internal.MethodInvocationHelper.invokeMethod(MethodInvocationHelper.java:124)
	at org.testng.internal.Invoker.invokeMethod(Invoker.java:583)
	at org.testng.internal.Invoker.invokeTestMethod(Invoker.java:719)
	at org.testng.internal.Invoker.invokeTestMethods(Invoker.java:989)
	at org.testng.internal.TestMethodWorker.invokeTestMethods(TestMethodWorker.java:125)
	at org.testng.internal.TestMethodWorker.run(TestMethodWorker.java:109)
	at org.testng.TestRunner.privateRun(TestRunner.java:648)
	at org.testng.TestRunner.run(TestRunner.java:505)
	at org.testng.SuiteRunner.runTest(SuiteRunner.java:455)
	at org.testng.SuiteRunner.runSequentially(SuiteRunner.java:450)
	at org.testng.SuiteRunner.privateRun(SuiteRunner.java:415)
	at org.testng.SuiteRunner.run(SuiteRunner.java:364)
	at org.testng.SuiteRunnerWorker.runSuite(SuiteRunnerWorker.java:52)
	at org.testng.SuiteRunnerWorker.run(SuiteRunnerWorker.java:84)
	at org.testng.TestNG.runSuitesSequentially(TestNG.java:1208)
	at org.testng.TestNG.runSuitesLocally(TestNG.java:1137)
	at org.testng.TestNG.runSuites(TestNG.java:1049)
	at org.testng.TestNG.run(TestNG.java:1017)
	at org.testng.remote.AbstractRemoteTestNG.run(AbstractRemoteTestNG.java:115)
	at org.testng.remote.RemoteTestNG.initAndRun(RemoteTestNG.java:251)
	at org.testng.remote.RemoteTestNG.main(RemoteTestNG.java:77)
</pre></div></td>
<td>2</td>
<td>Logo@57baeedf</td></tr>
<tr>
<td title='Logo.getLogoFile()'><b>getLogoFile</b><br>Test class: Logo<br>Parameters: gameon, {psname=Game-ON, folder=Game On, shortcode=gameon, called_name=game-on}</td>
<td><div><pre>java.lang.AssertionError: The following asserts failed:
	[NotEnoughDesign] expected [isMissing] but found [uni],
	[ImageNotReplaced] expected [] but found [dark2],
	[ImageNotReplaced] expected [] but found [dark3],
	[ImageNotReplaced] expected [] but found [dark],
	[ImageNotReplaced] expected [] but found [light3],
	[NotEnoughDesign] expected [isMissing] but found [multi],
	[NotEnoughDesign] expected [isMissing] but found [v5],
	[ImageNotReplaced] expected [] but found [light2]
	at automation.project3ds.Assertion.end(Assertion.java:26)
	at Logo.getLogoFile(Logo.java:225)
... Removed 24 stack frames</pre></div><a href='#' onClick='toggleBox("stack-trace1805164661", this, "Click to show all stack frames", "Click to hide stack frames")'>Click to show all stack frames</a>
<div class='stack-trace' id='stack-trace1805164661'><pre>java.lang.AssertionError: The following asserts failed:
	[NotEnoughDesign] expected [isMissing] but found [uni],
	[ImageNotReplaced] expected [] but found [dark2],
	[ImageNotReplaced] expected [] but found [dark3],
	[ImageNotReplaced] expected [] but found [dark],
	[ImageNotReplaced] expected [] but found [light3],
	[NotEnoughDesign] expected [isMissing] but found [multi],
	[NotEnoughDesign] expected [isMissing] but found [v5],
	[ImageNotReplaced] expected [] but found [light2]
	at automation.project3ds.Assertion.end(Assertion.java:26)
	at Logo.getLogoFile(Logo.java:225)
	at sun.reflect.GeneratedMethodAccessor2.invoke(Unknown Source)
	at sun.reflect.DelegatingMethodAccessorImpl.invoke(DelegatingMethodAccessorImpl.java:43)
	at java.lang.reflect.Method.invoke(Method.java:498)
	at org.testng.internal.MethodInvocationHelper.invokeMethod(MethodInvocationHelper.java:124)
	at org.testng.internal.Invoker.invokeMethod(Invoker.java:583)
	at org.testng.internal.Invoker.invokeTestMethod(Invoker.java:719)
	at org.testng.internal.Invoker.invokeTestMethods(Invoker.java:989)
	at org.testng.internal.TestMethodWorker.invokeTestMethods(TestMethodWorker.java:125)
	at org.testng.internal.TestMethodWorker.run(TestMethodWorker.java:109)
	at org.testng.TestRunner.privateRun(TestRunner.java:648)
	at org.testng.TestRunner.run(TestRunner.java:505)
	at org.testng.SuiteRunner.runTest(SuiteRunner.java:455)
	at org.testng.SuiteRunner.runSequentially(SuiteRunner.java:450)
	at org.testng.SuiteRunner.privateRun(SuiteRunner.java:415)
	at org.testng.SuiteRunner.run(SuiteRunner.java:364)
	at org.testng.SuiteRunnerWorker.runSuite(SuiteRunnerWorker.java:52)
	at org.testng.SuiteRunnerWorker.run(SuiteRunnerWorker.java:84)
	at org.testng.TestNG.runSuitesSequentially(TestNG.java:1208)
	at org.testng.TestNG.runSuitesLocally(TestNG.java:1137)
	at org.testng.TestNG.runSuites(TestNG.java:1049)
	at org.testng.TestNG.run(TestNG.java:1017)
	at org.testng.remote.AbstractRemoteTestNG.run(AbstractRemoteTestNG.java:115)
	at org.testng.remote.RemoteTestNG.initAndRun(RemoteTestNG.java:251)
	at org.testng.remote.RemoteTestNG.main(RemoteTestNG.java:77)
</pre></div></td>
<td>3</td>
<td>Logo@57baeedf</td></tr>
<tr>
<td title='Logo.getLogoFile()'><b>getLogoFile</b><br>Test class: Logo<br>Parameters: culturevoucherkr, {psname=Culture Voucher, folder=Culture land, shortcode=culturevoucherkr, called_name=culture land}</td>
<td><div><pre>java.lang.AssertionError: The following asserts failed:
	[NamedWrong] expected [name] but found [_ps-culture-land-@2x],
	[NamedWrong] expected [name] but found [ps-culture-land-d@3x],
	[NamedWrong] expected [name] but found [ps-culture-land],
	[NamedWrong] expected [name] but found [ps-culture-land-@3x],
	[NamedWrong] expected [name] but found [ps-culture-land-d],
	[NamedWrong] expected [name] but found [_ps-culture-land-d@2x],
	[NotEnoughDesign] expected [isMissing] but found [uni],
	[NotEnoughDesign] expected [isMissing] but found [dark2],
	[ImageNotReplaced] expected [] but found [dark2],
	[NotEnoughDesign] expected [isMissing] but found [dark3],
	[ImageNotReplaced] expected [] but found [dark3],
	[NotEnoughDesign] expected [isMissing] but found [light],
	[NotEnoughDesign] expected [isMissing] but found [dark],
	[ImageNotReplaced] expected [] but found [dark],
	[NotEnoughDesign] expected [isMissing] but found [light3],
	[ImageNotReplaced] expected [] but found [light3],
	[NotEnoughDesign] expected [isMissing] but found [multi],
	[NotEnoughDesign] expected [isMissing] but found [v5],
	[NotEnoughDesign] expected [isMissing] but found [light2],
	[ImageNotReplaced] expected [] but found [light2]
	at automation.project3ds.Assertion.end(Assertion.java:26)
	at Logo.getLogoFile(Logo.java:225)
... Removed 24 stack frames</pre></div><a href='#' onClick='toggleBox("stack-trace2069500590", this, "Click to show all stack frames", "Click to hide stack frames")'>Click to show all stack frames</a>
<div class='stack-trace' id='stack-trace2069500590'><pre>java.lang.AssertionError: The following asserts failed:
	[NamedWrong] expected [name] but found [_ps-culture-land-@2x],
	[NamedWrong] expected [name] but found [ps-culture-land-d@3x],
	[NamedWrong] expected [name] but found [ps-culture-land],
	[NamedWrong] expected [name] but found [ps-culture-land-@3x],
	[NamedWrong] expected [name] but found [ps-culture-land-d],
	[NamedWrong] expected [name] but found [_ps-culture-land-d@2x],
	[NotEnoughDesign] expected [isMissing] but found [uni],
	[NotEnoughDesign] expected [isMissing] but found [dark2],
	[ImageNotReplaced] expected [] but found [dark2],
	[NotEnoughDesign] expected [isMissing] but found [dark3],
	[ImageNotReplaced] expected [] but found [dark3],
	[NotEnoughDesign] expected [isMissing] but found [light],
	[NotEnoughDesign] expected [isMissing] but found [dark],
	[ImageNotReplaced] expected [] but found [dark],
	[NotEnoughDesign] expected [isMissing] but found [light3],
	[ImageNotReplaced] expected [] but found [light3],
	[NotEnoughDesign] expected [isMissing] but found [multi],
	[NotEnoughDesign] expected [isMissing] but found [v5],
	[NotEnoughDesign] expected [isMissing] but found [light2],
	[ImageNotReplaced] expected [] but found [light2]
	at automation.project3ds.Assertion.end(Assertion.java:26)
	at Logo.getLogoFile(Logo.java:225)
	at sun.reflect.GeneratedMethodAccessor2.invoke(Unknown Source)
	at sun.reflect.DelegatingMethodAccessorImpl.invoke(DelegatingMethodAccessorImpl.java:43)
	at java.lang.reflect.Method.invoke(Method.java:498)
	at org.testng.internal.MethodInvocationHelper.invokeMethod(MethodInvocationHelper.java:124)
	at org.testng.internal.Invoker.invokeMethod(Invoker.java:583)
	at org.testng.internal.Invoker.invokeTestMethod(Invoker.java:719)
	at org.testng.internal.Invoker.invokeTestMethods(Invoker.java:989)
	at org.testng.internal.TestMethodWorker.invokeTestMethods(TestMethodWorker.java:125)
	at org.testng.internal.TestMethodWorker.run(TestMethodWorker.java:109)
	at org.testng.TestRunner.privateRun(TestRunner.java:648)
	at org.testng.TestRunner.run(TestRunner.java:505)
	at org.testng.SuiteRunner.runTest(SuiteRunner.java:455)
	at org.testng.SuiteRunner.runSequentially(SuiteRunner.java:450)
	at org.testng.SuiteRunner.privateRun(SuiteRunner.java:415)
	at org.testng.SuiteRunner.run(SuiteRunner.java:364)
	at org.testng.SuiteRunnerWorker.runSuite(SuiteRunnerWorker.java:52)
	at org.testng.SuiteRunnerWorker.run(SuiteRunnerWorker.java:84)
	at org.testng.TestNG.runSuitesSequentially(TestNG.java:1208)
	at org.testng.TestNG.runSuitesLocally(TestNG.java:1137)
	at org.testng.TestNG.runSuites(TestNG.java:1049)
	at org.testng.TestNG.run(TestNG.java:1017)
	at org.testng.remote.AbstractRemoteTestNG.run(AbstractRemoteTestNG.java:115)
	at org.testng.remote.RemoteTestNG.initAndRun(RemoteTestNG.java:251)
	at org.testng.remote.RemoteTestNG.main(RemoteTestNG.java:77)
</pre></div></td>
<td>3</td>
<td>Logo@57baeedf</td></tr>
<tr>
<td title='Logo.getLogoFile()'><b>getLogoFile</b><br>Test class: Logo<br>Parameters: teencashkr, {psname=Teencash, folder=Teencash, shortcode=teencashkr, called_name=teencash}</td>
<td><div><pre>java.lang.AssertionError: The following asserts failed:
	[NotEnoughDesign] expected [isMissing] but found [uni],
	[NotEnoughDesign] expected [isMissing] but found [dark2],
	[ImageNotReplaced] expected [] but found [dark2],
	[NotEnoughDesign] expected [isMissing] but found [dark3],
	[ImageNotReplaced] expected [] but found [dark3],
	[NotEnoughDesign] expected [isMissing] but found [light],
	[NotEnoughDesign] expected [isMissing] but found [dark],
	[ImageNotReplaced] expected [] but found [dark],
	[NotEnoughDesign] expected [isMissing] but found [light3],
	[ImageNotReplaced] expected [] but found [light3],
	[NotEnoughDesign] expected [isMissing] but found [multi],
	[NotEnoughDesign] expected [isMissing] but found [v5],
	[NotEnoughDesign] expected [isMissing] but found [light2],
	[ImageNotReplaced] expected [] but found [light2]
	at automation.project3ds.Assertion.end(Assertion.java:26)
	at Logo.getLogoFile(Logo.java:225)
... Removed 24 stack frames</pre></div><a href='#' onClick='toggleBox("stack-trace1272051933", this, "Click to show all stack frames", "Click to hide stack frames")'>Click to show all stack frames</a>
<div class='stack-trace' id='stack-trace1272051933'><pre>java.lang.AssertionError: The following asserts failed:
	[NotEnoughDesign] expected [isMissing] but found [uni],
	[NotEnoughDesign] expected [isMissing] but found [dark2],
	[ImageNotReplaced] expected [] but found [dark2],
	[NotEnoughDesign] expected [isMissing] but found [dark3],
	[ImageNotReplaced] expected [] but found [dark3],
	[NotEnoughDesign] expected [isMissing] but found [light],
	[NotEnoughDesign] expected [isMissing] but found [dark],
	[ImageNotReplaced] expected [] but found [dark],
	[NotEnoughDesign] expected [isMissing] but found [light3],
	[ImageNotReplaced] expected [] but found [light3],
	[NotEnoughDesign] expected [isMissing] but found [multi],
	[NotEnoughDesign] expected [isMissing] but found [v5],
	[NotEnoughDesign] expected [isMissing] but found [light2],
	[ImageNotReplaced] expected [] but found [light2]
	at automation.project3ds.Assertion.end(Assertion.java:26)
	at Logo.getLogoFile(Logo.java:225)
	at sun.reflect.GeneratedMethodAccessor2.invoke(Unknown Source)
	at sun.reflect.DelegatingMethodAccessorImpl.invoke(DelegatingMethodAccessorImpl.java:43)
	at java.lang.reflect.Method.invoke(Method.java:498)
	at org.testng.internal.MethodInvocationHelper.invokeMethod(MethodInvocationHelper.java:124)
	at org.testng.internal.Invoker.invokeMethod(Invoker.java:583)
	at org.testng.internal.Invoker.invokeTestMethod(Invoker.java:719)
	at org.testng.internal.Invoker.invokeTestMethods(Invoker.java:989)
	at org.testng.internal.TestMethodWorker.invokeTestMethods(TestMethodWorker.java:125)
	at org.testng.internal.TestMethodWorker.run(TestMethodWorker.java:109)
	at org.testng.TestRunner.privateRun(TestRunner.java:648)
	at org.testng.TestRunner.run(TestRunner.java:505)
	at org.testng.SuiteRunner.runTest(SuiteRunner.java:455)
	at org.testng.SuiteRunner.runSequentially(SuiteRunner.java:450)
	at org.testng.SuiteRunner.privateRun(SuiteRunner.java:415)
	at org.testng.SuiteRunner.run(SuiteRunner.java:364)
	at org.testng.SuiteRunnerWorker.runSuite(SuiteRunnerWorker.java:52)
	at org.testng.SuiteRunnerWorker.run(SuiteRunnerWorker.java:84)
	at org.testng.TestNG.runSuitesSequentially(TestNG.java:1208)
	at org.testng.TestNG.runSuitesLocally(TestNG.java:1137)
	at org.testng.TestNG.runSuites(TestNG.java:1049)
	at org.testng.TestNG.run(TestNG.java:1017)
	at org.testng.remote.AbstractRemoteTestNG.run(AbstractRemoteTestNG.java:115)
	at org.testng.remote.RemoteTestNG.initAndRun(RemoteTestNG.java:251)
	at org.testng.remote.RemoteTestNG.main(RemoteTestNG.java:77)
</pre></div></td>
<td>3</td>
<td>Logo@57baeedf</td></tr>
<tr>
<td title='Logo.getLogoFile()'><b>getLogoFile</b><br>Test class: Logo<br>Parameters: banktransfercn, {psname=Umpay bank transfer, folder=Umpay, shortcode=banktransfercn, called_name=umpay}</td>
<td><div><pre>java.lang.AssertionError: The following asserts failed:
	[NotEnoughDesign] expected [isMissing] but found [uni],
	[NotEnoughDesign] expected [isMissing] but found [multi],
	[NotEnoughDesign] expected [isMissing] but found [v5]
	at automation.project3ds.Assertion.end(Assertion.java:26)
	at Logo.getLogoFile(Logo.java:225)
... Removed 24 stack frames</pre></div><a href='#' onClick='toggleBox("stack-trace1540894701", this, "Click to show all stack frames", "Click to hide stack frames")'>Click to show all stack frames</a>
<div class='stack-trace' id='stack-trace1540894701'><pre>java.lang.AssertionError: The following asserts failed:
	[NotEnoughDesign] expected [isMissing] but found [uni],
	[NotEnoughDesign] expected [isMissing] but found [multi],
	[NotEnoughDesign] expected [isMissing] but found [v5]
	at automation.project3ds.Assertion.end(Assertion.java:26)
	at Logo.getLogoFile(Logo.java:225)
	at sun.reflect.GeneratedMethodAccessor2.invoke(Unknown Source)
	at sun.reflect.DelegatingMethodAccessorImpl.invoke(DelegatingMethodAccessorImpl.java:43)
	at java.lang.reflect.Method.invoke(Method.java:498)
	at org.testng.internal.MethodInvocationHelper.invokeMethod(MethodInvocationHelper.java:124)
	at org.testng.internal.Invoker.invokeMethod(Invoker.java:583)
	at org.testng.internal.Invoker.invokeTestMethod(Invoker.java:719)
	at org.testng.internal.Invoker.invokeTestMethods(Invoker.java:989)
	at org.testng.internal.TestMethodWorker.invokeTestMethods(TestMethodWorker.java:125)
	at org.testng.internal.TestMethodWorker.run(TestMethodWorker.java:109)
	at org.testng.TestRunner.privateRun(TestRunner.java:648)
	at org.testng.TestRunner.run(TestRunner.java:505)
	at org.testng.SuiteRunner.runTest(SuiteRunner.java:455)
	at org.testng.SuiteRunner.runSequentially(SuiteRunner.java:450)
	at org.testng.SuiteRunner.privateRun(SuiteRunner.java:415)
	at org.testng.SuiteRunner.run(SuiteRunner.java:364)
	at org.testng.SuiteRunnerWorker.runSuite(SuiteRunnerWorker.java:52)
	at org.testng.SuiteRunnerWorker.run(SuiteRunnerWorker.java:84)
	at org.testng.TestNG.runSuitesSequentially(TestNG.java:1208)
	at org.testng.TestNG.runSuitesLocally(TestNG.java:1137)
	at org.testng.TestNG.runSuites(TestNG.java:1049)
	at org.testng.TestNG.run(TestNG.java:1017)
	at org.testng.remote.AbstractRemoteTestNG.run(AbstractRemoteTestNG.java:115)
	at org.testng.remote.RemoteTestNG.initAndRun(RemoteTestNG.java:251)
	at org.testng.remote.RemoteTestNG.main(RemoteTestNG.java:77)
</pre></div></td>
<td>2</td>
<td>Logo@57baeedf</td></tr>
<tr>
<td title='Logo.getLogoFile()'><b>getLogoFile</b><br>Test class: Logo<br>Parameters: boletobr, {psname=MercadoPago/Boleto, folder=Boleto, shortcode=boletobr, called_name=boleto}</td>
<td><div><pre>java.lang.AssertionError: The following asserts failed:
	[NotEnoughDesign] expected [isMissing] but found [uni],
	[NotEnoughDesign] expected [isMissing] but found [multi],
	[NotEnoughDesign] expected [isMissing] but found [v5]
	at automation.project3ds.Assertion.end(Assertion.java:26)
	at Logo.getLogoFile(Logo.java:225)
... Removed 24 stack frames</pre></div><a href='#' onClick='toggleBox("stack-trace263833514", this, "Click to show all stack frames", "Click to hide stack frames")'>Click to show all stack frames</a>
<div class='stack-trace' id='stack-trace263833514'><pre>java.lang.AssertionError: The following asserts failed:
	[NotEnoughDesign] expected [isMissing] but found [uni],
	[NotEnoughDesign] expected [isMissing] but found [multi],
	[NotEnoughDesign] expected [isMissing] but found [v5]
	at automation.project3ds.Assertion.end(Assertion.java:26)
	at Logo.getLogoFile(Logo.java:225)
	at sun.reflect.GeneratedMethodAccessor2.invoke(Unknown Source)
	at sun.reflect.DelegatingMethodAccessorImpl.invoke(DelegatingMethodAccessorImpl.java:43)
	at java.lang.reflect.Method.invoke(Method.java:498)
	at org.testng.internal.MethodInvocationHelper.invokeMethod(MethodInvocationHelper.java:124)
	at org.testng.internal.Invoker.invokeMethod(Invoker.java:583)
	at org.testng.internal.Invoker.invokeTestMethod(Invoker.java:719)
	at org.testng.internal.Invoker.invokeTestMethods(Invoker.java:989)
	at org.testng.internal.TestMethodWorker.invokeTestMethods(TestMethodWorker.java:125)
	at org.testng.internal.TestMethodWorker.run(TestMethodWorker.java:109)
	at org.testng.TestRunner.privateRun(TestRunner.java:648)
	at org.testng.TestRunner.run(TestRunner.java:505)
	at org.testng.SuiteRunner.runTest(SuiteRunner.java:455)
	at org.testng.SuiteRunner.runSequentially(SuiteRunner.java:450)
	at org.testng.SuiteRunner.privateRun(SuiteRunner.java:415)
	at org.testng.SuiteRunner.run(SuiteRunner.java:364)
	at org.testng.SuiteRunnerWorker.runSuite(SuiteRunnerWorker.java:52)
	at org.testng.SuiteRunnerWorker.run(SuiteRunnerWorker.java:84)
	at org.testng.TestNG.runSuitesSequentially(TestNG.java:1208)
	at org.testng.TestNG.runSuitesLocally(TestNG.java:1137)
	at org.testng.TestNG.runSuites(TestNG.java:1049)
	at org.testng.TestNG.run(TestNG.java:1017)
	at org.testng.remote.AbstractRemoteTestNG.run(AbstractRemoteTestNG.java:115)
	at org.testng.remote.RemoteTestNG.initAndRun(RemoteTestNG.java:251)
	at org.testng.remote.RemoteTestNG.main(RemoteTestNG.java:77)
</pre></div></td>
<td>2</td>
<td>Logo@57baeedf</td></tr>
<tr>
<td title='Logo.getLogoFile()'><b>getLogoFile</b><br>Test class: Logo<br>Parameters: idealnl, {psname=Mollie/Ideal, folder=Ideal, shortcode=idealnl, called_name=ideal}</td>
<td><div><pre>java.lang.AssertionError: The following asserts failed:
	[NotEnoughDesign] expected [isMissing] but found [uni],
	[NotEnoughDesign] expected [isMissing] but found [multi],
	[NotEnoughDesign] expected [isMissing] but found [v5]
	at automation.project3ds.Assertion.end(Assertion.java:26)
	at Logo.getLogoFile(Logo.java:225)
... Removed 24 stack frames</pre></div><a href='#' onClick='toggleBox("stack-trace708613859", this, "Click to show all stack frames", "Click to hide stack frames")'>Click to show all stack frames</a>
<div class='stack-trace' id='stack-trace708613859'><pre>java.lang.AssertionError: The following asserts failed:
	[NotEnoughDesign] expected [isMissing] but found [uni],
	[NotEnoughDesign] expected [isMissing] but found [multi],
	[NotEnoughDesign] expected [isMissing] but found [v5]
	at automation.project3ds.Assertion.end(Assertion.java:26)
	at Logo.getLogoFile(Logo.java:225)
	at sun.reflect.GeneratedMethodAccessor2.invoke(Unknown Source)
	at sun.reflect.DelegatingMethodAccessorImpl.invoke(DelegatingMethodAccessorImpl.java:43)
	at java.lang.reflect.Method.invoke(Method.java:498)
	at org.testng.internal.MethodInvocationHelper.invokeMethod(MethodInvocationHelper.java:124)
	at org.testng.internal.Invoker.invokeMethod(Invoker.java:583)
	at org.testng.internal.Invoker.invokeTestMethod(Invoker.java:719)
	at org.testng.internal.Invoker.invokeTestMethods(Invoker.java:989)
	at org.testng.internal.TestMethodWorker.invokeTestMethods(TestMethodWorker.java:125)
	at org.testng.internal.TestMethodWorker.run(TestMethodWorker.java:109)
	at org.testng.TestRunner.privateRun(TestRunner.java:648)
	at org.testng.TestRunner.run(TestRunner.java:505)
	at org.testng.SuiteRunner.runTest(SuiteRunner.java:455)
	at org.testng.SuiteRunner.runSequentially(SuiteRunner.java:450)
	at org.testng.SuiteRunner.privateRun(SuiteRunner.java:415)
	at org.testng.SuiteRunner.run(SuiteRunner.java:364)
	at org.testng.SuiteRunnerWorker.runSuite(SuiteRunnerWorker.java:52)
	at org.testng.SuiteRunnerWorker.run(SuiteRunnerWorker.java:84)
	at org.testng.TestNG.runSuitesSequentially(TestNG.java:1208)
	at org.testng.TestNG.runSuitesLocally(TestNG.java:1137)
	at org.testng.TestNG.runSuites(TestNG.java:1049)
	at org.testng.TestNG.run(TestNG.java:1017)
	at org.testng.remote.AbstractRemoteTestNG.run(AbstractRemoteTestNG.java:115)
	at org.testng.remote.RemoteTestNG.initAndRun(RemoteTestNG.java:251)
	at org.testng.remote.RemoteTestNG.main(RemoteTestNG.java:77)
</pre></div></td>
<td>2</td>
<td>Logo@57baeedf</td></tr>
<tr>
<td title='Logo.getLogoFile()'><b>getLogoFile</b><br>Test class: Logo<br>Parameters: yandexmoney, {psname=Yandex/Yandex Money, folder=Yandex, shortcode=yandexmoney, called_name=yandex}</td>
<td><div><pre>java.lang.AssertionError: The following asserts failed:
	[NotEnoughDesign] expected [isMissing] but found [uni],
	[NotEnoughDesign] expected [isMissing] but found [multi],
	[NotEnoughDesign] expected [isMissing] but found [v5]
	at automation.project3ds.Assertion.end(Assertion.java:26)
	at Logo.getLogoFile(Logo.java:225)
... Removed 24 stack frames</pre></div><a href='#' onClick='toggleBox("stack-trace812143047", this, "Click to show all stack frames", "Click to hide stack frames")'>Click to show all stack frames</a>
<div class='stack-trace' id='stack-trace812143047'><pre>java.lang.AssertionError: The following asserts failed:
	[NotEnoughDesign] expected [isMissing] but found [uni],
	[NotEnoughDesign] expected [isMissing] but found [multi],
	[NotEnoughDesign] expected [isMissing] but found [v5]
	at automation.project3ds.Assertion.end(Assertion.java:26)
	at Logo.getLogoFile(Logo.java:225)
	at sun.reflect.GeneratedMethodAccessor2.invoke(Unknown Source)
	at sun.reflect.DelegatingMethodAccessorImpl.invoke(DelegatingMethodAccessorImpl.java:43)
	at java.lang.reflect.Method.invoke(Method.java:498)
	at org.testng.internal.MethodInvocationHelper.invokeMethod(MethodInvocationHelper.java:124)
	at org.testng.internal.Invoker.invokeMethod(Invoker.java:583)
	at org.testng.internal.Invoker.invokeTestMethod(Invoker.java:719)
	at org.testng.internal.Invoker.invokeTestMethods(Invoker.java:989)
	at org.testng.internal.TestMethodWorker.invokeTestMethods(TestMethodWorker.java:125)
	at org.testng.internal.TestMethodWorker.run(TestMethodWorker.java:109)
	at org.testng.TestRunner.privateRun(TestRunner.java:648)
	at org.testng.TestRunner.run(TestRunner.java:505)
	at org.testng.SuiteRunner.runTest(SuiteRunner.java:455)
	at org.testng.SuiteRunner.runSequentially(SuiteRunner.java:450)
	at org.testng.SuiteRunner.privateRun(SuiteRunner.java:415)
	at org.testng.SuiteRunner.run(SuiteRunner.java:364)
	at org.testng.SuiteRunnerWorker.runSuite(SuiteRunnerWorker.java:52)
	at org.testng.SuiteRunnerWorker.run(SuiteRunnerWorker.java:84)
	at org.testng.TestNG.runSuitesSequentially(TestNG.java:1208)
	at org.testng.TestNG.runSuitesLocally(TestNG.java:1137)
	at org.testng.TestNG.runSuites(TestNG.java:1049)
	at org.testng.TestNG.run(TestNG.java:1017)
	at org.testng.remote.AbstractRemoteTestNG.run(AbstractRemoteTestNG.java:115)
	at org.testng.remote.RemoteTestNG.initAndRun(RemoteTestNG.java:251)
	at org.testng.remote.RemoteTestNG.main(RemoteTestNG.java:77)
</pre></div></td>
<td>2</td>
<td>Logo@57baeedf</td></tr>
<tr>
<td title='Logo.getLogoFile()'><b>getLogoFile</b><br>Test class: Logo<br>Parameters: sberbankonline, {psname=Yandex/Sberbank Online, folder=Sberbank, shortcode=sberbankonline, called_name=sberbank}</td>
<td><div><pre>java.lang.AssertionError: The following asserts failed:
	[NotEnoughDesign] expected [isMissing] but found [uni],
	[NotEnoughDesign] expected [isMissing] but found [multi],
	[NotEnoughDesign] expected [isMissing] but found [v5]
	at automation.project3ds.Assertion.end(Assertion.java:26)
	at Logo.getLogoFile(Logo.java:225)
... Removed 24 stack frames</pre></div><a href='#' onClick='toggleBox("stack-trace677120200", this, "Click to show all stack frames", "Click to hide stack frames")'>Click to show all stack frames</a>
<div class='stack-trace' id='stack-trace677120200'><pre>java.lang.AssertionError: The following asserts failed:
	[NotEnoughDesign] expected [isMissing] but found [uni],
	[NotEnoughDesign] expected [isMissing] but found [multi],
	[NotEnoughDesign] expected [isMissing] but found [v5]
	at automation.project3ds.Assertion.end(Assertion.java:26)
	at Logo.getLogoFile(Logo.java:225)
	at sun.reflect.GeneratedMethodAccessor2.invoke(Unknown Source)
	at sun.reflect.DelegatingMethodAccessorImpl.invoke(DelegatingMethodAccessorImpl.java:43)
	at java.lang.reflect.Method.invoke(Method.java:498)
	at org.testng.internal.MethodInvocationHelper.invokeMethod(MethodInvocationHelper.java:124)
	at org.testng.internal.Invoker.invokeMethod(Invoker.java:583)
	at org.testng.internal.Invoker.invokeTestMethod(Invoker.java:719)
	at org.testng.internal.Invoker.invokeTestMethods(Invoker.java:989)
	at org.testng.internal.TestMethodWorker.invokeTestMethods(TestMethodWorker.java:125)
	at org.testng.internal.TestMethodWorker.run(TestMethodWorker.java:109)
	at org.testng.TestRunner.privateRun(TestRunner.java:648)
	at org.testng.TestRunner.run(TestRunner.java:505)
	at org.testng.SuiteRunner.runTest(SuiteRunner.java:455)
	at org.testng.SuiteRunner.runSequentially(SuiteRunner.java:450)
	at org.testng.SuiteRunner.privateRun(SuiteRunner.java:415)
	at org.testng.SuiteRunner.run(SuiteRunner.java:364)
	at org.testng.SuiteRunnerWorker.runSuite(SuiteRunnerWorker.java:52)
	at org.testng.SuiteRunnerWorker.run(SuiteRunnerWorker.java:84)
	at org.testng.TestNG.runSuitesSequentially(TestNG.java:1208)
	at org.testng.TestNG.runSuitesLocally(TestNG.java:1137)
	at org.testng.TestNG.runSuites(TestNG.java:1049)
	at org.testng.TestNG.run(TestNG.java:1017)
	at org.testng.remote.AbstractRemoteTestNG.run(AbstractRemoteTestNG.java:115)
	at org.testng.remote.RemoteTestNG.initAndRun(RemoteTestNG.java:251)
	at org.testng.remote.RemoteTestNG.main(RemoteTestNG.java:77)
</pre></div></td>
<td>2</td>
<td>Logo@57baeedf</td></tr>
<tr>
<td title='Logo.getLogoFile()'><b>getLogoFile</b><br>Test class: Logo<br>Parameters: alfaclickya, {psname=Yandex/Alfa Click, folder=AlfaBank, shortcode=alfaclickya, called_name=alfabank}</td>
<td><div><pre>java.lang.AssertionError: The following asserts failed:
	[NotEnoughDesign] expected [isMissing] but found [uni],
	[NotEnoughDesign] expected [isMissing] but found [multi],
	[NotEnoughDesign] expected [isMissing] but found [v5]
	at automation.project3ds.Assertion.end(Assertion.java:26)
	at Logo.getLogoFile(Logo.java:225)
... Removed 24 stack frames</pre></div><a href='#' onClick='toggleBox("stack-trace1113895488", this, "Click to show all stack frames", "Click to hide stack frames")'>Click to show all stack frames</a>
<div class='stack-trace' id='stack-trace1113895488'><pre>java.lang.AssertionError: The following asserts failed:
	[NotEnoughDesign] expected [isMissing] but found [uni],
	[NotEnoughDesign] expected [isMissing] but found [multi],
	[NotEnoughDesign] expected [isMissing] but found [v5]
	at automation.project3ds.Assertion.end(Assertion.java:26)
	at Logo.getLogoFile(Logo.java:225)
	at sun.reflect.GeneratedMethodAccessor2.invoke(Unknown Source)
	at sun.reflect.DelegatingMethodAccessorImpl.invoke(DelegatingMethodAccessorImpl.java:43)
	at java.lang.reflect.Method.invoke(Method.java:498)
	at org.testng.internal.MethodInvocationHelper.invokeMethod(MethodInvocationHelper.java:124)
	at org.testng.internal.Invoker.invokeMethod(Invoker.java:583)
	at org.testng.internal.Invoker.invokeTestMethod(Invoker.java:719)
	at org.testng.internal.Invoker.invokeTestMethods(Invoker.java:989)
	at org.testng.internal.TestMethodWorker.invokeTestMethods(TestMethodWorker.java:125)
	at org.testng.internal.TestMethodWorker.run(TestMethodWorker.java:109)
	at org.testng.TestRunner.privateRun(TestRunner.java:648)
	at org.testng.TestRunner.run(TestRunner.java:505)
	at org.testng.SuiteRunner.runTest(SuiteRunner.java:455)
	at org.testng.SuiteRunner.runSequentially(SuiteRunner.java:450)
	at org.testng.SuiteRunner.privateRun(SuiteRunner.java:415)
	at org.testng.SuiteRunner.run(SuiteRunner.java:364)
	at org.testng.SuiteRunnerWorker.runSuite(SuiteRunnerWorker.java:52)
	at org.testng.SuiteRunnerWorker.run(SuiteRunnerWorker.java:84)
	at org.testng.TestNG.runSuitesSequentially(TestNG.java:1208)
	at org.testng.TestNG.runSuitesLocally(TestNG.java:1137)
	at org.testng.TestNG.runSuites(TestNG.java:1049)
	at org.testng.TestNG.run(TestNG.java:1017)
	at org.testng.remote.AbstractRemoteTestNG.run(AbstractRemoteTestNG.java:115)
	at org.testng.remote.RemoteTestNG.initAndRun(RemoteTestNG.java:251)
	at org.testng.remote.RemoteTestNG.main(RemoteTestNG.java:77)
</pre></div></td>
<td>2</td>
<td>Logo@57baeedf</td></tr>
<tr>
<td title='Logo.getLogoFile()'><b>getLogoFile</b><br>Test class: Logo<br>Parameters: yacash, {psname=Yandex/Cash, folder=YandexCash, shortcode=yacash, called_name=yandexcash}</td>
<td><div><pre>java.lang.AssertionError: The following asserts failed:
	[NotEnoughDesign] expected [isMissing] but found [uni],
	[NotEnoughDesign] expected [isMissing] but found [multi],
	[NotEnoughDesign] expected [isMissing] but found [v5]
	at automation.project3ds.Assertion.end(Assertion.java:26)
	at Logo.getLogoFile(Logo.java:225)
... Removed 24 stack frames</pre></div><a href='#' onClick='toggleBox("stack-trace883521348", this, "Click to show all stack frames", "Click to hide stack frames")'>Click to show all stack frames</a>
<div class='stack-trace' id='stack-trace883521348'><pre>java.lang.AssertionError: The following asserts failed:
	[NotEnoughDesign] expected [isMissing] but found [uni],
	[NotEnoughDesign] expected [isMissing] but found [multi],
	[NotEnoughDesign] expected [isMissing] but found [v5]
	at automation.project3ds.Assertion.end(Assertion.java:26)
	at Logo.getLogoFile(Logo.java:225)
	at sun.reflect.GeneratedMethodAccessor2.invoke(Unknown Source)
	at sun.reflect.DelegatingMethodAccessorImpl.invoke(DelegatingMethodAccessorImpl.java:43)
	at java.lang.reflect.Method.invoke(Method.java:498)
	at org.testng.internal.MethodInvocationHelper.invokeMethod(MethodInvocationHelper.java:124)
	at org.testng.internal.Invoker.invokeMethod(Invoker.java:583)
	at org.testng.internal.Invoker.invokeTestMethod(Invoker.java:719)
	at org.testng.internal.Invoker.invokeTestMethods(Invoker.java:989)
	at org.testng.internal.TestMethodWorker.invokeTestMethods(TestMethodWorker.java:125)
	at org.testng.internal.TestMethodWorker.run(TestMethodWorker.java:109)
	at org.testng.TestRunner.privateRun(TestRunner.java:648)
	at org.testng.TestRunner.run(TestRunner.java:505)
	at org.testng.SuiteRunner.runTest(SuiteRunner.java:455)
	at org.testng.SuiteRunner.runSequentially(SuiteRunner.java:450)
	at org.testng.SuiteRunner.privateRun(SuiteRunner.java:415)
	at org.testng.SuiteRunner.run(SuiteRunner.java:364)
	at org.testng.SuiteRunnerWorker.runSuite(SuiteRunnerWorker.java:52)
	at org.testng.SuiteRunnerWorker.run(SuiteRunnerWorker.java:84)
	at org.testng.TestNG.runSuitesSequentially(TestNG.java:1208)
	at org.testng.TestNG.runSuitesLocally(TestNG.java:1137)
	at org.testng.TestNG.runSuites(TestNG.java:1049)
	at org.testng.TestNG.run(TestNG.java:1017)
	at org.testng.remote.AbstractRemoteTestNG.run(AbstractRemoteTestNG.java:115)
	at org.testng.remote.RemoteTestNG.initAndRun(RemoteTestNG.java:251)
	at org.testng.remote.RemoteTestNG.main(RemoteTestNG.java:77)
</pre></div></td>
<td>2</td>
<td>Logo@57baeedf</td></tr>
<tr>
<td title='Logo.getLogoFile()'><b>getLogoFile</b><br>Test class: Logo<br>Parameters: walmart, {psname=Openbucks/Walmart, folder=Walmart moneygram, shortcode=walmart, called_name=walmartmoneygram}</td>
<td><div><pre>java.lang.AssertionError: The following asserts failed:
	[NotEnoughDesign] expected [isMissing] but found [uni],
	[NotEnoughDesign] expected [isMissing] but found [multi],
	[NotEnoughDesign] expected [isMissing] but found [v5]
	at automation.project3ds.Assertion.end(Assertion.java:26)
	at Logo.getLogoFile(Logo.java:225)
... Removed 24 stack frames</pre></div><a href='#' onClick='toggleBox("stack-trace567852222", this, "Click to show all stack frames", "Click to hide stack frames")'>Click to show all stack frames</a>
<div class='stack-trace' id='stack-trace567852222'><pre>java.lang.AssertionError: The following asserts failed:
	[NotEnoughDesign] expected [isMissing] but found [uni],
	[NotEnoughDesign] expected [isMissing] but found [multi],
	[NotEnoughDesign] expected [isMissing] but found [v5]
	at automation.project3ds.Assertion.end(Assertion.java:26)
	at Logo.getLogoFile(Logo.java:225)
	at sun.reflect.GeneratedMethodAccessor2.invoke(Unknown Source)
	at sun.reflect.DelegatingMethodAccessorImpl.invoke(DelegatingMethodAccessorImpl.java:43)
	at java.lang.reflect.Method.invoke(Method.java:498)
	at org.testng.internal.MethodInvocationHelper.invokeMethod(MethodInvocationHelper.java:124)
	at org.testng.internal.Invoker.invokeMethod(Invoker.java:583)
	at org.testng.internal.Invoker.invokeTestMethod(Invoker.java:719)
	at org.testng.internal.Invoker.invokeTestMethods(Invoker.java:989)
	at org.testng.internal.TestMethodWorker.invokeTestMethods(TestMethodWorker.java:125)
	at org.testng.internal.TestMethodWorker.run(TestMethodWorker.java:109)
	at org.testng.TestRunner.privateRun(TestRunner.java:648)
	at org.testng.TestRunner.run(TestRunner.java:505)
	at org.testng.SuiteRunner.runTest(SuiteRunner.java:455)
	at org.testng.SuiteRunner.runSequentially(SuiteRunner.java:450)
	at org.testng.SuiteRunner.privateRun(SuiteRunner.java:415)
	at org.testng.SuiteRunner.run(SuiteRunner.java:364)
	at org.testng.SuiteRunnerWorker.runSuite(SuiteRunnerWorker.java:52)
	at org.testng.SuiteRunnerWorker.run(SuiteRunnerWorker.java:84)
	at org.testng.TestNG.runSuitesSequentially(TestNG.java:1208)
	at org.testng.TestNG.runSuitesLocally(TestNG.java:1137)
	at org.testng.TestNG.runSuites(TestNG.java:1049)
	at org.testng.TestNG.run(TestNG.java:1017)
	at org.testng.remote.AbstractRemoteTestNG.run(AbstractRemoteTestNG.java:115)
	at org.testng.remote.RemoteTestNG.initAndRun(RemoteTestNG.java:251)
	at org.testng.remote.RemoteTestNG.main(RemoteTestNG.java:77)
</pre></div></td>
<td>2</td>
<td>Logo@57baeedf</td></tr>
<tr>
<td title='Logo.getLogoFile()'><b>getLogoFile</b><br>Test class: Logo<br>Parameters: moneygram, {psname=Openbucks/MoneyGram, folder=Moneygram, shortcode=moneygram, called_name=moneygram}</td>
<td><div><pre>java.lang.AssertionError: The following asserts failed:
	[NotEnoughDesign] expected [isMissing] but found [uni],
	[NotEnoughDesign] expected [isMissing] but found [multi],
	[NotEnoughDesign] expected [isMissing] but found [v5]
	at automation.project3ds.Assertion.end(Assertion.java:26)
	at Logo.getLogoFile(Logo.java:225)
... Removed 24 stack frames</pre></div><a href='#' onClick='toggleBox("stack-trace2123914473", this, "Click to show all stack frames", "Click to hide stack frames")'>Click to show all stack frames</a>
<div class='stack-trace' id='stack-trace2123914473'><pre>java.lang.AssertionError: The following asserts failed:
	[NotEnoughDesign] expected [isMissing] but found [uni],
	[NotEnoughDesign] expected [isMissing] but found [multi],
	[NotEnoughDesign] expected [isMissing] but found [v5]
	at automation.project3ds.Assertion.end(Assertion.java:26)
	at Logo.getLogoFile(Logo.java:225)
	at sun.reflect.GeneratedMethodAccessor2.invoke(Unknown Source)
	at sun.reflect.DelegatingMethodAccessorImpl.invoke(DelegatingMethodAccessorImpl.java:43)
	at java.lang.reflect.Method.invoke(Method.java:498)
	at org.testng.internal.MethodInvocationHelper.invokeMethod(MethodInvocationHelper.java:124)
	at org.testng.internal.Invoker.invokeMethod(Invoker.java:583)
	at org.testng.internal.Invoker.invokeTestMethod(Invoker.java:719)
	at org.testng.internal.Invoker.invokeTestMethods(Invoker.java:989)
	at org.testng.internal.TestMethodWorker.invokeTestMethods(TestMethodWorker.java:125)
	at org.testng.internal.TestMethodWorker.run(TestMethodWorker.java:109)
	at org.testng.TestRunner.privateRun(TestRunner.java:648)
	at org.testng.TestRunner.run(TestRunner.java:505)
	at org.testng.SuiteRunner.runTest(SuiteRunner.java:455)
	at org.testng.SuiteRunner.runSequentially(SuiteRunner.java:450)
	at org.testng.SuiteRunner.privateRun(SuiteRunner.java:415)
	at org.testng.SuiteRunner.run(SuiteRunner.java:364)
	at org.testng.SuiteRunnerWorker.runSuite(SuiteRunnerWorker.java:52)
	at org.testng.SuiteRunnerWorker.run(SuiteRunnerWorker.java:84)
	at org.testng.TestNG.runSuitesSequentially(TestNG.java:1208)
	at org.testng.TestNG.runSuitesLocally(TestNG.java:1137)
	at org.testng.TestNG.runSuites(TestNG.java:1049)
	at org.testng.TestNG.run(TestNG.java:1017)
	at org.testng.remote.AbstractRemoteTestNG.run(AbstractRemoteTestNG.java:115)
	at org.testng.remote.RemoteTestNG.initAndRun(RemoteTestNG.java:251)
	at org.testng.remote.RemoteTestNG.main(RemoteTestNG.java:77)
</pre></div></td>
<td>1</td>
<td>Logo@57baeedf</td></tr>
<tr>
<td title='Logo.getLogoFile()'><b>getLogoFile</b><br>Test class: Logo<br>Parameters: canadapost, {psname=Openbucks/Canada Post, folder=Canadapost, shortcode=canadapost, called_name=canadapost}</td>
<td><div><pre>java.lang.AssertionError: The following asserts failed:
	[NamedWrong] expected [name] but found [ps-canada-post-d],
	[NamedWrong] expected [name] but found [ps-canada-post],
	[NamedWrong] expected [name] but found [pm-ps-canada-big],
	[NotEnoughDesign] expected [isMissing] but found [uni],
	[NotEnoughDesign] expected [isMissing] but found [light],
	[NotEnoughDesign] expected [isMissing] but found [dark]
	at automation.project3ds.Assertion.end(Assertion.java:26)
	at Logo.getLogoFile(Logo.java:225)
... Removed 24 stack frames</pre></div><a href='#' onClick='toggleBox("stack-trace1407324654", this, "Click to show all stack frames", "Click to hide stack frames")'>Click to show all stack frames</a>
<div class='stack-trace' id='stack-trace1407324654'><pre>java.lang.AssertionError: The following asserts failed:
	[NamedWrong] expected [name] but found [ps-canada-post-d],
	[NamedWrong] expected [name] but found [ps-canada-post],
	[NamedWrong] expected [name] but found [pm-ps-canada-big],
	[NotEnoughDesign] expected [isMissing] but found [uni],
	[NotEnoughDesign] expected [isMissing] but found [light],
	[NotEnoughDesign] expected [isMissing] but found [dark]
	at automation.project3ds.Assertion.end(Assertion.java:26)
	at Logo.getLogoFile(Logo.java:225)
	at sun.reflect.GeneratedMethodAccessor2.invoke(Unknown Source)
	at sun.reflect.DelegatingMethodAccessorImpl.invoke(DelegatingMethodAccessorImpl.java:43)
	at java.lang.reflect.Method.invoke(Method.java:498)
	at org.testng.internal.MethodInvocationHelper.invokeMethod(MethodInvocationHelper.java:124)
	at org.testng.internal.Invoker.invokeMethod(Invoker.java:583)
	at org.testng.internal.Invoker.invokeTestMethod(Invoker.java:719)
	at org.testng.internal.Invoker.invokeTestMethods(Invoker.java:989)
	at org.testng.internal.TestMethodWorker.invokeTestMethods(TestMethodWorker.java:125)
	at org.testng.internal.TestMethodWorker.run(TestMethodWorker.java:109)
	at org.testng.TestRunner.privateRun(TestRunner.java:648)
	at org.testng.TestRunner.run(TestRunner.java:505)
	at org.testng.SuiteRunner.runTest(SuiteRunner.java:455)
	at org.testng.SuiteRunner.runSequentially(SuiteRunner.java:450)
	at org.testng.SuiteRunner.privateRun(SuiteRunner.java:415)
	at org.testng.SuiteRunner.run(SuiteRunner.java:364)
	at org.testng.SuiteRunnerWorker.runSuite(SuiteRunnerWorker.java:52)
	at org.testng.SuiteRunnerWorker.run(SuiteRunnerWorker.java:84)
	at org.testng.TestNG.runSuitesSequentially(TestNG.java:1208)
	at org.testng.TestNG.runSuitesLocally(TestNG.java:1137)
	at org.testng.TestNG.runSuites(TestNG.java:1049)
	at org.testng.TestNG.run(TestNG.java:1017)
	at org.testng.remote.AbstractRemoteTestNG.run(AbstractRemoteTestNG.java:115)
	at org.testng.remote.RemoteTestNG.initAndRun(RemoteTestNG.java:251)
	at org.testng.remote.RemoteTestNG.main(RemoteTestNG.java:77)
</pre></div></td>
<td>1</td>
<td>Logo@57baeedf</td></tr>
<tr>
<td title='Logo.getLogoFile()'><b>getLogoFile</b><br>Test class: Logo<br>Parameters: banktransferth, {psname=Megapay / Bank transfer Thailand, folder=, shortcode=banktransferth, called_name=}</td>
<td><div><pre>java.lang.AssertionError: The following asserts failed:
	[NotEnoughDesign] expected [isMissing] but found [uni],
	[NotEnoughDesign] expected [isMissing] but found [dark2],
	[ImageNotReplaced] expected [] but found [dark2],
	[NotEnoughDesign] expected [isMissing] but found [dark3],
	[ImageNotReplaced] expected [] but found [dark3],
	[NotEnoughDesign] expected [isMissing] but found [light],
	[NotEnoughDesign] expected [isMissing] but found [dark],
	[ImageNotReplaced] expected [] but found [dark],
	[NotEnoughDesign] expected [isMissing] but found [light3],
	[ImageNotReplaced] expected [] but found [light3],
	[NotEnoughDesign] expected [isMissing] but found [multi],
	[NotEnoughDesign] expected [isMissing] but found [v5],
	[NotEnoughDesign] expected [isMissing] but found [light2],
	[ImageNotReplaced] expected [] but found [light2]
	at automation.project3ds.Assertion.end(Assertion.java:26)
	at Logo.getLogoFile(Logo.java:225)
... Removed 24 stack frames</pre></div><a href='#' onClick='toggleBox("stack-trace1751500625", this, "Click to show all stack frames", "Click to hide stack frames")'>Click to show all stack frames</a>
<div class='stack-trace' id='stack-trace1751500625'><pre>java.lang.AssertionError: The following asserts failed:
	[NotEnoughDesign] expected [isMissing] but found [uni],
	[NotEnoughDesign] expected [isMissing] but found [dark2],
	[ImageNotReplaced] expected [] but found [dark2],
	[NotEnoughDesign] expected [isMissing] but found [dark3],
	[ImageNotReplaced] expected [] but found [dark3],
	[NotEnoughDesign] expected [isMissing] but found [light],
	[NotEnoughDesign] expected [isMissing] but found [dark],
	[ImageNotReplaced] expected [] but found [dark],
	[NotEnoughDesign] expected [isMissing] but found [light3],
	[ImageNotReplaced] expected [] but found [light3],
	[NotEnoughDesign] expected [isMissing] but found [multi],
	[NotEnoughDesign] expected [isMissing] but found [v5],
	[NotEnoughDesign] expected [isMissing] but found [light2],
	[ImageNotReplaced] expected [] but found [light2]
	at automation.project3ds.Assertion.end(Assertion.java:26)
	at Logo.getLogoFile(Logo.java:225)
	at sun.reflect.GeneratedMethodAccessor2.invoke(Unknown Source)
	at sun.reflect.DelegatingMethodAccessorImpl.invoke(DelegatingMethodAccessorImpl.java:43)
	at java.lang.reflect.Method.invoke(Method.java:498)
	at org.testng.internal.MethodInvocationHelper.invokeMethod(MethodInvocationHelper.java:124)
	at org.testng.internal.Invoker.invokeMethod(Invoker.java:583)
	at org.testng.internal.Invoker.invokeTestMethod(Invoker.java:719)
	at org.testng.internal.Invoker.invokeTestMethods(Invoker.java:989)
	at org.testng.internal.TestMethodWorker.invokeTestMethods(TestMethodWorker.java:125)
	at org.testng.internal.TestMethodWorker.run(TestMethodWorker.java:109)
	at org.testng.TestRunner.privateRun(TestRunner.java:648)
	at org.testng.TestRunner.run(TestRunner.java:505)
	at org.testng.SuiteRunner.runTest(SuiteRunner.java:455)
	at org.testng.SuiteRunner.runSequentially(SuiteRunner.java:450)
	at org.testng.SuiteRunner.privateRun(SuiteRunner.java:415)
	at org.testng.SuiteRunner.run(SuiteRunner.java:364)
	at org.testng.SuiteRunnerWorker.runSuite(SuiteRunnerWorker.java:52)
	at org.testng.SuiteRunnerWorker.run(SuiteRunnerWorker.java:84)
	at org.testng.TestNG.runSuitesSequentially(TestNG.java:1208)
	at org.testng.TestNG.runSuitesLocally(TestNG.java:1137)
	at org.testng.TestNG.runSuites(TestNG.java:1049)
	at org.testng.TestNG.run(TestNG.java:1017)
	at org.testng.remote.AbstractRemoteTestNG.run(AbstractRemoteTestNG.java:115)
	at org.testng.remote.RemoteTestNG.initAndRun(RemoteTestNG.java:251)
	at org.testng.remote.RemoteTestNG.main(RemoteTestNG.java:77)
</pre></div></td>
<td>2</td>
<td>Logo@57baeedf</td></tr>
<tr>
<td title='Logo.getLogoFile()'><b>getLogoFile</b><br>Test class: Logo<br>Parameters: gateway, {psname=Gateway, folder=Gateway, shortcode=gateway, called_name=Gateway}</td>
<td><div><pre>java.lang.AssertionError: The following asserts failed:
	[NotEnoughDesign] expected [isMissing] but found [uni],
	[NotEnoughDesign] expected [isMissing] but found [dark2],
	[NotEnoughDesign] expected [isMissing] but found [dark3],
	[NotEnoughDesign] expected [isMissing] but found [light],
	[NotEnoughDesign] expected [isMissing] but found [dark],
	[NotEnoughDesign] expected [isMissing] but found [light3],
	[NotEnoughDesign] expected [isMissing] but found [multi],
	[NotEnoughDesign] expected [isMissing] but found [v5],
	[NotEnoughDesign] expected [isMissing] but found [light2]
	at automation.project3ds.Assertion.end(Assertion.java:26)
	at Logo.getLogoFile(Logo.java:225)
... Removed 24 stack frames</pre></div><a href='#' onClick='toggleBox("stack-trace1134202713", this, "Click to show all stack frames", "Click to hide stack frames")'>Click to show all stack frames</a>
<div class='stack-trace' id='stack-trace1134202713'><pre>java.lang.AssertionError: The following asserts failed:
	[NotEnoughDesign] expected [isMissing] but found [uni],
	[NotEnoughDesign] expected [isMissing] but found [dark2],
	[NotEnoughDesign] expected [isMissing] but found [dark3],
	[NotEnoughDesign] expected [isMissing] but found [light],
	[NotEnoughDesign] expected [isMissing] but found [dark],
	[NotEnoughDesign] expected [isMissing] but found [light3],
	[NotEnoughDesign] expected [isMissing] but found [multi],
	[NotEnoughDesign] expected [isMissing] but found [v5],
	[NotEnoughDesign] expected [isMissing] but found [light2]
	at automation.project3ds.Assertion.end(Assertion.java:26)
	at Logo.getLogoFile(Logo.java:225)
	at sun.reflect.GeneratedMethodAccessor2.invoke(Unknown Source)
	at sun.reflect.DelegatingMethodAccessorImpl.invoke(DelegatingMethodAccessorImpl.java:43)
	at java.lang.reflect.Method.invoke(Method.java:498)
	at org.testng.internal.MethodInvocationHelper.invokeMethod(MethodInvocationHelper.java:124)
	at org.testng.internal.Invoker.invokeMethod(Invoker.java:583)
	at org.testng.internal.Invoker.invokeTestMethod(Invoker.java:719)
	at org.testng.internal.Invoker.invokeTestMethods(Invoker.java:989)
	at org.testng.internal.TestMethodWorker.invokeTestMethods(TestMethodWorker.java:125)
	at org.testng.internal.TestMethodWorker.run(TestMethodWorker.java:109)
	at org.testng.TestRunner.privateRun(TestRunner.java:648)
	at org.testng.TestRunner.run(TestRunner.java:505)
	at org.testng.SuiteRunner.runTest(SuiteRunner.java:455)
	at org.testng.SuiteRunner.runSequentially(SuiteRunner.java:450)
	at org.testng.SuiteRunner.privateRun(SuiteRunner.java:415)
	at org.testng.SuiteRunner.run(SuiteRunner.java:364)
	at org.testng.SuiteRunnerWorker.runSuite(SuiteRunnerWorker.java:52)
	at org.testng.SuiteRunnerWorker.run(SuiteRunnerWorker.java:84)
	at org.testng.TestNG.runSuitesSequentially(TestNG.java:1208)
	at org.testng.TestNG.runSuitesLocally(TestNG.java:1137)
	at org.testng.TestNG.runSuites(TestNG.java:1049)
	at org.testng.TestNG.run(TestNG.java:1017)
	at org.testng.remote.AbstractRemoteTestNG.run(AbstractRemoteTestNG.java:115)
	at org.testng.remote.RemoteTestNG.initAndRun(RemoteTestNG.java:251)
	at org.testng.remote.RemoteTestNG.main(RemoteTestNG.java:77)
</pre></div></td>
<td>2</td>
<td>Logo@57baeedf</td></tr>
<tr>
<td title='Logo.getLogoFile()'><b>getLogoFile</b><br>Test class: Logo<br>Parameters: gateway, {psname=Gateway - AMEX only, folder=AMEX, shortcode=gateway, called_name=AMEX}</td>
<td><div><pre>java.lang.AssertionError: The following asserts failed:
	[NamedWrong] expected [name] but found [_ps-amex-@2x],
	[NamedWrong] expected [name] but found [ps-amex-d],
	[NamedWrong] expected [name] but found [pm-psamex-merchantareav5],
	[NamedWrong] expected [name] but found [ps-amex-d@3x],
	[NamedWrong] expected [name] but found [pm-ps-amex],
	[NamedWrong] expected [name] but found [ps-amex],
	[NamedWrong] expected [name] but found [_ps-amex-d@2x],
	[NamedWrong] expected [name] but found [pm-psamex-big],
	[NamedWrong] expected [name] but found [ps-amex-@3x],
	[NotEnoughDesign] expected [isMissing] but found [uni],
	[NotEnoughDesign] expected [isMissing] but found [dark2],
	[NotEnoughDesign] expected [isMissing] but found [dark3],
	[NotEnoughDesign] expected [isMissing] but found [light],
	[NotEnoughDesign] expected [isMissing] but found [dark],
	[NotEnoughDesign] expected [isMissing] but found [light3],
	[NotEnoughDesign] expected [isMissing] but found [multi],
	[NotEnoughDesign] expected [isMissing] but found [light2]
	at automation.project3ds.Assertion.end(Assertion.java:26)
	at Logo.getLogoFile(Logo.java:225)
... Removed 24 stack frames</pre></div><a href='#' onClick='toggleBox("stack-trace739737502", this, "Click to show all stack frames", "Click to hide stack frames")'>Click to show all stack frames</a>
<div class='stack-trace' id='stack-trace739737502'><pre>java.lang.AssertionError: The following asserts failed:
	[NamedWrong] expected [name] but found [_ps-amex-@2x],
	[NamedWrong] expected [name] but found [ps-amex-d],
	[NamedWrong] expected [name] but found [pm-psamex-merchantareav5],
	[NamedWrong] expected [name] but found [ps-amex-d@3x],
	[NamedWrong] expected [name] but found [pm-ps-amex],
	[NamedWrong] expected [name] but found [ps-amex],
	[NamedWrong] expected [name] but found [_ps-amex-d@2x],
	[NamedWrong] expected [name] but found [pm-psamex-big],
	[NamedWrong] expected [name] but found [ps-amex-@3x],
	[NotEnoughDesign] expected [isMissing] but found [uni],
	[NotEnoughDesign] expected [isMissing] but found [dark2],
	[NotEnoughDesign] expected [isMissing] but found [dark3],
	[NotEnoughDesign] expected [isMissing] but found [light],
	[NotEnoughDesign] expected [isMissing] but found [dark],
	[NotEnoughDesign] expected [isMissing] but found [light3],
	[NotEnoughDesign] expected [isMissing] but found [multi],
	[NotEnoughDesign] expected [isMissing] but found [light2]
	at automation.project3ds.Assertion.end(Assertion.java:26)
	at Logo.getLogoFile(Logo.java:225)
	at sun.reflect.GeneratedMethodAccessor2.invoke(Unknown Source)
	at sun.reflect.DelegatingMethodAccessorImpl.invoke(DelegatingMethodAccessorImpl.java:43)
	at java.lang.reflect.Method.invoke(Method.java:498)
	at org.testng.internal.MethodInvocationHelper.invokeMethod(MethodInvocationHelper.java:124)
	at org.testng.internal.Invoker.invokeMethod(Invoker.java:583)
	at org.testng.internal.Invoker.invokeTestMethod(Invoker.java:719)
	at org.testng.internal.Invoker.invokeTestMethods(Invoker.java:989)
	at org.testng.internal.TestMethodWorker.invokeTestMethods(TestMethodWorker.java:125)
	at org.testng.internal.TestMethodWorker.run(TestMethodWorker.java:109)
	at org.testng.TestRunner.privateRun(TestRunner.java:648)
	at org.testng.TestRunner.run(TestRunner.java:505)
	at org.testng.SuiteRunner.runTest(SuiteRunner.java:455)
	at org.testng.SuiteRunner.runSequentially(SuiteRunner.java:450)
	at org.testng.SuiteRunner.privateRun(SuiteRunner.java:415)
	at org.testng.SuiteRunner.run(SuiteRunner.java:364)
	at org.testng.SuiteRunnerWorker.runSuite(SuiteRunnerWorker.java:52)
	at org.testng.SuiteRunnerWorker.run(SuiteRunnerWorker.java:84)
	at org.testng.TestNG.runSuitesSequentially(TestNG.java:1208)
	at org.testng.TestNG.runSuitesLocally(TestNG.java:1137)
	at org.testng.TestNG.runSuites(TestNG.java:1049)
	at org.testng.TestNG.run(TestNG.java:1017)
	at org.testng.remote.AbstractRemoteTestNG.run(AbstractRemoteTestNG.java:115)
	at org.testng.remote.RemoteTestNG.initAndRun(RemoteTestNG.java:251)
	at org.testng.remote.RemoteTestNG.main(RemoteTestNG.java:77)
</pre></div></td>
<td>1</td>
<td>Logo@57baeedf</td></tr>
<tr>
<td title='Logo.getLogoFile()'><b>getLogoFile</b><br>Test class: Logo<br>Parameters: epspayments, {psname=PPRO/EPS, folder=, shortcode=epspayments, called_name=}</td>
<td><div><pre>java.lang.AssertionError: The following asserts failed:
	[NotEnoughDesign] expected [isMissing] but found [uni],
	[NotEnoughDesign] expected [isMissing] but found [dark2],
	[NotEnoughDesign] expected [isMissing] but found [dark3],
	[NotEnoughDesign] expected [isMissing] but found [light],
	[NotEnoughDesign] expected [isMissing] but found [dark],
	[NotEnoughDesign] expected [isMissing] but found [light3],
	[NotEnoughDesign] expected [isMissing] but found [multi],
	[NotEnoughDesign] expected [isMissing] but found [v5],
	[NotEnoughDesign] expected [isMissing] but found [light2]
	at automation.project3ds.Assertion.end(Assertion.java:26)
	at Logo.getLogoFile(Logo.java:225)
... Removed 24 stack frames</pre></div><a href='#' onClick='toggleBox("stack-trace172518776", this, "Click to show all stack frames", "Click to hide stack frames")'>Click to show all stack frames</a>
<div class='stack-trace' id='stack-trace172518776'><pre>java.lang.AssertionError: The following asserts failed:
	[NotEnoughDesign] expected [isMissing] but found [uni],
	[NotEnoughDesign] expected [isMissing] but found [dark2],
	[NotEnoughDesign] expected [isMissing] but found [dark3],
	[NotEnoughDesign] expected [isMissing] but found [light],
	[NotEnoughDesign] expected [isMissing] but found [dark],
	[NotEnoughDesign] expected [isMissing] but found [light3],
	[NotEnoughDesign] expected [isMissing] but found [multi],
	[NotEnoughDesign] expected [isMissing] but found [v5],
	[NotEnoughDesign] expected [isMissing] but found [light2]
	at automation.project3ds.Assertion.end(Assertion.java:26)
	at Logo.getLogoFile(Logo.java:225)
	at sun.reflect.GeneratedMethodAccessor2.invoke(Unknown Source)
	at sun.reflect.DelegatingMethodAccessorImpl.invoke(DelegatingMethodAccessorImpl.java:43)
	at java.lang.reflect.Method.invoke(Method.java:498)
	at org.testng.internal.MethodInvocationHelper.invokeMethod(MethodInvocationHelper.java:124)
	at org.testng.internal.Invoker.invokeMethod(Invoker.java:583)
	at org.testng.internal.Invoker.invokeTestMethod(Invoker.java:719)
	at org.testng.internal.Invoker.invokeTestMethods(Invoker.java:989)
	at org.testng.internal.TestMethodWorker.invokeTestMethods(TestMethodWorker.java:125)
	at org.testng.internal.TestMethodWorker.run(TestMethodWorker.java:109)
	at org.testng.TestRunner.privateRun(TestRunner.java:648)
	at org.testng.TestRunner.run(TestRunner.java:505)
	at org.testng.SuiteRunner.runTest(SuiteRunner.java:455)
	at org.testng.SuiteRunner.runSequentially(SuiteRunner.java:450)
	at org.testng.SuiteRunner.privateRun(SuiteRunner.java:415)
	at org.testng.SuiteRunner.run(SuiteRunner.java:364)
	at org.testng.SuiteRunnerWorker.runSuite(SuiteRunnerWorker.java:52)
	at org.testng.SuiteRunnerWorker.run(SuiteRunnerWorker.java:84)
	at org.testng.TestNG.runSuitesSequentially(TestNG.java:1208)
	at org.testng.TestNG.runSuitesLocally(TestNG.java:1137)
	at org.testng.TestNG.runSuites(TestNG.java:1049)
	at org.testng.TestNG.run(TestNG.java:1017)
	at org.testng.remote.AbstractRemoteTestNG.run(AbstractRemoteTestNG.java:115)
	at org.testng.remote.RemoteTestNG.initAndRun(RemoteTestNG.java:251)
	at org.testng.remote.RemoteTestNG.main(RemoteTestNG.java:77)
</pre></div></td>
<td>1</td>
<td>Logo@57baeedf</td></tr>
<tr>
<td title='Logo.getLogoFile()'><b>getLogoFile</b><br>Test class: Logo<br>Parameters: mol, {psname=zGold-MOLPoints, folder=, shortcode=mol, called_name=}</td>
<td><div><pre>java.lang.AssertionError: The following asserts failed:
	[NotEnoughDesign] expected [isMissing] but found [uni],
	[NotEnoughDesign] expected [isMissing] but found [dark2],
	[NotEnoughDesign] expected [isMissing] but found [dark3],
	[NotEnoughDesign] expected [isMissing] but found [light],
	[NotEnoughDesign] expected [isMissing] but found [dark],
	[NotEnoughDesign] expected [isMissing] but found [light3],
	[NotEnoughDesign] expected [isMissing] but found [multi],
	[NotEnoughDesign] expected [isMissing] but found [v5],
	[NotEnoughDesign] expected [isMissing] but found [light2]
	at automation.project3ds.Assertion.end(Assertion.java:26)
	at Logo.getLogoFile(Logo.java:225)
... Removed 24 stack frames</pre></div><a href='#' onClick='toggleBox("stack-trace1416665097", this, "Click to show all stack frames", "Click to hide stack frames")'>Click to show all stack frames</a>
<div class='stack-trace' id='stack-trace1416665097'><pre>java.lang.AssertionError: The following asserts failed:
	[NotEnoughDesign] expected [isMissing] but found [uni],
	[NotEnoughDesign] expected [isMissing] but found [dark2],
	[NotEnoughDesign] expected [isMissing] but found [dark3],
	[NotEnoughDesign] expected [isMissing] but found [light],
	[NotEnoughDesign] expected [isMissing] but found [dark],
	[NotEnoughDesign] expected [isMissing] but found [light3],
	[NotEnoughDesign] expected [isMissing] but found [multi],
	[NotEnoughDesign] expected [isMissing] but found [v5],
	[NotEnoughDesign] expected [isMissing] but found [light2]
	at automation.project3ds.Assertion.end(Assertion.java:26)
	at Logo.getLogoFile(Logo.java:225)
	at sun.reflect.GeneratedMethodAccessor2.invoke(Unknown Source)
	at sun.reflect.DelegatingMethodAccessorImpl.invoke(DelegatingMethodAccessorImpl.java:43)
	at java.lang.reflect.Method.invoke(Method.java:498)
	at org.testng.internal.MethodInvocationHelper.invokeMethod(MethodInvocationHelper.java:124)
	at org.testng.internal.Invoker.invokeMethod(Invoker.java:583)
	at org.testng.internal.Invoker.invokeTestMethod(Invoker.java:719)
	at org.testng.internal.Invoker.invokeTestMethods(Invoker.java:989)
	at org.testng.internal.TestMethodWorker.invokeTestMethods(TestMethodWorker.java:125)
	at org.testng.internal.TestMethodWorker.run(TestMethodWorker.java:109)
	at org.testng.TestRunner.privateRun(TestRunner.java:648)
	at org.testng.TestRunner.run(TestRunner.java:505)
	at org.testng.SuiteRunner.runTest(SuiteRunner.java:455)
	at org.testng.SuiteRunner.runSequentially(SuiteRunner.java:450)
	at org.testng.SuiteRunner.privateRun(SuiteRunner.java:415)
	at org.testng.SuiteRunner.run(SuiteRunner.java:364)
	at org.testng.SuiteRunnerWorker.runSuite(SuiteRunnerWorker.java:52)
	at org.testng.SuiteRunnerWorker.run(SuiteRunnerWorker.java:84)
	at org.testng.TestNG.runSuitesSequentially(TestNG.java:1208)
	at org.testng.TestNG.runSuitesLocally(TestNG.java:1137)
	at org.testng.TestNG.runSuites(TestNG.java:1049)
	at org.testng.TestNG.run(TestNG.java:1017)
	at org.testng.remote.AbstractRemoteTestNG.run(AbstractRemoteTestNG.java:115)
	at org.testng.remote.RemoteTestNG.initAndRun(RemoteTestNG.java:251)
	at org.testng.remote.RemoteTestNG.main(RemoteTestNG.java:77)
</pre></div></td>
<td>1</td>
<td>Logo@57baeedf</td></tr>
<tr>
<td title='Logo.getLogoFile()'><b>getLogoFile</b><br>Test class: Logo<br>Parameters: multibanco, {psname=PPRO/Multibanco, folder=, shortcode=multibanco, called_name=}</td>
<td><div><pre>java.lang.AssertionError: The following asserts failed:
	[NotEnoughDesign] expected [isMissing] but found [uni],
	[NotEnoughDesign] expected [isMissing] but found [dark2],
	[NotEnoughDesign] expected [isMissing] but found [dark3],
	[NotEnoughDesign] expected [isMissing] but found [light],
	[NotEnoughDesign] expected [isMissing] but found [dark],
	[NotEnoughDesign] expected [isMissing] but found [light3],
	[NotEnoughDesign] expected [isMissing] but found [multi],
	[NotEnoughDesign] expected [isMissing] but found [v5],
	[NotEnoughDesign] expected [isMissing] but found [light2]
	at automation.project3ds.Assertion.end(Assertion.java:26)
	at Logo.getLogoFile(Logo.java:225)
... Removed 24 stack frames</pre></div><a href='#' onClick='toggleBox("stack-trace519019247", this, "Click to show all stack frames", "Click to hide stack frames")'>Click to show all stack frames</a>
<div class='stack-trace' id='stack-trace519019247'><pre>java.lang.AssertionError: The following asserts failed:
	[NotEnoughDesign] expected [isMissing] but found [uni],
	[NotEnoughDesign] expected [isMissing] but found [dark2],
	[NotEnoughDesign] expected [isMissing] but found [dark3],
	[NotEnoughDesign] expected [isMissing] but found [light],
	[NotEnoughDesign] expected [isMissing] but found [dark],
	[NotEnoughDesign] expected [isMissing] but found [light3],
	[NotEnoughDesign] expected [isMissing] but found [multi],
	[NotEnoughDesign] expected [isMissing] but found [v5],
	[NotEnoughDesign] expected [isMissing] but found [light2]
	at automation.project3ds.Assertion.end(Assertion.java:26)
	at Logo.getLogoFile(Logo.java:225)
	at sun.reflect.GeneratedMethodAccessor2.invoke(Unknown Source)
	at sun.reflect.DelegatingMethodAccessorImpl.invoke(DelegatingMethodAccessorImpl.java:43)
	at java.lang.reflect.Method.invoke(Method.java:498)
	at org.testng.internal.MethodInvocationHelper.invokeMethod(MethodInvocationHelper.java:124)
	at org.testng.internal.Invoker.invokeMethod(Invoker.java:583)
	at org.testng.internal.Invoker.invokeTestMethod(Invoker.java:719)
	at org.testng.internal.Invoker.invokeTestMethods(Invoker.java:989)
	at org.testng.internal.TestMethodWorker.invokeTestMethods(TestMethodWorker.java:125)
	at org.testng.internal.TestMethodWorker.run(TestMethodWorker.java:109)
	at org.testng.TestRunner.privateRun(TestRunner.java:648)
	at org.testng.TestRunner.run(TestRunner.java:505)
	at org.testng.SuiteRunner.runTest(SuiteRunner.java:455)
	at org.testng.SuiteRunner.runSequentially(SuiteRunner.java:450)
	at org.testng.SuiteRunner.privateRun(SuiteRunner.java:415)
	at org.testng.SuiteRunner.run(SuiteRunner.java:364)
	at org.testng.SuiteRunnerWorker.runSuite(SuiteRunnerWorker.java:52)
	at org.testng.SuiteRunnerWorker.run(SuiteRunnerWorker.java:84)
	at org.testng.TestNG.runSuitesSequentially(TestNG.java:1208)
	at org.testng.TestNG.runSuitesLocally(TestNG.java:1137)
	at org.testng.TestNG.runSuites(TestNG.java:1049)
	at org.testng.TestNG.run(TestNG.java:1017)
	at org.testng.remote.AbstractRemoteTestNG.run(AbstractRemoteTestNG.java:115)
	at org.testng.remote.RemoteTestNG.initAndRun(RemoteTestNG.java:251)
	at org.testng.remote.RemoteTestNG.main(RemoteTestNG.java:77)
</pre></div></td>
<td>1</td>
<td>Logo@57baeedf</td></tr>
<tr>
<td title='Logo.getLogoFile()'><b>getLogoFile</b><br>Test class: Logo<br>Parameters: epinpaymentsystem, {psname=MINT, folder=, shortcode=epinpaymentsystem, called_name=}</td>
<td><div><pre>java.lang.AssertionError: The following asserts failed:
	[NotEnoughDesign] expected [isMissing] but found [uni],
	[NotEnoughDesign] expected [isMissing] but found [dark2],
	[ImageNotReplaced] expected [] but found [dark2],
	[NotEnoughDesign] expected [isMissing] but found [dark3],
	[ImageNotReplaced] expected [] but found [dark3],
	[NotEnoughDesign] expected [isMissing] but found [light],
	[NotEnoughDesign] expected [isMissing] but found [dark],
	[ImageNotReplaced] expected [] but found [dark],
	[NotEnoughDesign] expected [isMissing] but found [light3],
	[ImageNotReplaced] expected [] but found [light3],
	[NotEnoughDesign] expected [isMissing] but found [multi],
	[NotEnoughDesign] expected [isMissing] but found [v5],
	[NotEnoughDesign] expected [isMissing] but found [light2],
	[ImageNotReplaced] expected [] but found [light2]
	at automation.project3ds.Assertion.end(Assertion.java:26)
	at Logo.getLogoFile(Logo.java:225)
... Removed 24 stack frames</pre></div><a href='#' onClick='toggleBox("stack-trace1504083002", this, "Click to show all stack frames", "Click to hide stack frames")'>Click to show all stack frames</a>
<div class='stack-trace' id='stack-trace1504083002'><pre>java.lang.AssertionError: The following asserts failed:
	[NotEnoughDesign] expected [isMissing] but found [uni],
	[NotEnoughDesign] expected [isMissing] but found [dark2],
	[ImageNotReplaced] expected [] but found [dark2],
	[NotEnoughDesign] expected [isMissing] but found [dark3],
	[ImageNotReplaced] expected [] but found [dark3],
	[NotEnoughDesign] expected [isMissing] but found [light],
	[NotEnoughDesign] expected [isMissing] but found [dark],
	[ImageNotReplaced] expected [] but found [dark],
	[NotEnoughDesign] expected [isMissing] but found [light3],
	[ImageNotReplaced] expected [] but found [light3],
	[NotEnoughDesign] expected [isMissing] but found [multi],
	[NotEnoughDesign] expected [isMissing] but found [v5],
	[NotEnoughDesign] expected [isMissing] but found [light2],
	[ImageNotReplaced] expected [] but found [light2]
	at automation.project3ds.Assertion.end(Assertion.java:26)
	at Logo.getLogoFile(Logo.java:225)
	at sun.reflect.GeneratedMethodAccessor2.invoke(Unknown Source)
	at sun.reflect.DelegatingMethodAccessorImpl.invoke(DelegatingMethodAccessorImpl.java:43)
	at java.lang.reflect.Method.invoke(Method.java:498)
	at org.testng.internal.MethodInvocationHelper.invokeMethod(MethodInvocationHelper.java:124)
	at org.testng.internal.Invoker.invokeMethod(Invoker.java:583)
	at org.testng.internal.Invoker.invokeTestMethod(Invoker.java:719)
	at org.testng.internal.Invoker.invokeTestMethods(Invoker.java:989)
	at org.testng.internal.TestMethodWorker.invokeTestMethods(TestMethodWorker.java:125)
	at org.testng.internal.TestMethodWorker.run(TestMethodWorker.java:109)
	at org.testng.TestRunner.privateRun(TestRunner.java:648)
	at org.testng.TestRunner.run(TestRunner.java:505)
	at org.testng.SuiteRunner.runTest(SuiteRunner.java:455)
	at org.testng.SuiteRunner.runSequentially(SuiteRunner.java:450)
	at org.testng.SuiteRunner.privateRun(SuiteRunner.java:415)
	at org.testng.SuiteRunner.run(SuiteRunner.java:364)
	at org.testng.SuiteRunnerWorker.runSuite(SuiteRunnerWorker.java:52)
	at org.testng.SuiteRunnerWorker.run(SuiteRunnerWorker.java:84)
	at org.testng.TestNG.runSuitesSequentially(TestNG.java:1208)
	at org.testng.TestNG.runSuitesLocally(TestNG.java:1137)
	at org.testng.TestNG.runSuites(TestNG.java:1049)
	at org.testng.TestNG.run(TestNG.java:1017)
	at org.testng.remote.AbstractRemoteTestNG.run(AbstractRemoteTestNG.java:115)
	at org.testng.remote.RemoteTestNG.initAndRun(RemoteTestNG.java:251)
	at org.testng.remote.RemoteTestNG.main(RemoteTestNG.java:77)
</pre></div></td>
<td>2</td>
<td>Logo@57baeedf</td></tr>
<tr>
<td title='Logo.getLogoFile()'><b>getLogoFile</b><br>Test class: Logo<br>Parameters: cvspharmacy, {psname=Openbucks/CVS Pharmacy, folder=, shortcode=cvspharmacy, called_name=}</td>
<td><div><pre>java.lang.AssertionError: The following asserts failed:
	[NotEnoughDesign] expected [isMissing] but found [uni],
	[NotEnoughDesign] expected [isMissing] but found [dark2],
	[NotEnoughDesign] expected [isMissing] but found [dark3],
	[NotEnoughDesign] expected [isMissing] but found [light],
	[NotEnoughDesign] expected [isMissing] but found [dark],
	[NotEnoughDesign] expected [isMissing] but found [light3],
	[NotEnoughDesign] expected [isMissing] but found [multi],
	[NotEnoughDesign] expected [isMissing] but found [v5],
	[NotEnoughDesign] expected [isMissing] but found [light2]
	at automation.project3ds.Assertion.end(Assertion.java:26)
	at Logo.getLogoFile(Logo.java:225)
... Removed 24 stack frames</pre></div><a href='#' onClick='toggleBox("stack-trace1888639813", this, "Click to show all stack frames", "Click to hide stack frames")'>Click to show all stack frames</a>
<div class='stack-trace' id='stack-trace1888639813'><pre>java.lang.AssertionError: The following asserts failed:
	[NotEnoughDesign] expected [isMissing] but found [uni],
	[NotEnoughDesign] expected [isMissing] but found [dark2],
	[NotEnoughDesign] expected [isMissing] but found [dark3],
	[NotEnoughDesign] expected [isMissing] but found [light],
	[NotEnoughDesign] expected [isMissing] but found [dark],
	[NotEnoughDesign] expected [isMissing] but found [light3],
	[NotEnoughDesign] expected [isMissing] but found [multi],
	[NotEnoughDesign] expected [isMissing] but found [v5],
	[NotEnoughDesign] expected [isMissing] but found [light2]
	at automation.project3ds.Assertion.end(Assertion.java:26)
	at Logo.getLogoFile(Logo.java:225)
	at sun.reflect.GeneratedMethodAccessor2.invoke(Unknown Source)
	at sun.reflect.DelegatingMethodAccessorImpl.invoke(DelegatingMethodAccessorImpl.java:43)
	at java.lang.reflect.Method.invoke(Method.java:498)
	at org.testng.internal.MethodInvocationHelper.invokeMethod(MethodInvocationHelper.java:124)
	at org.testng.internal.Invoker.invokeMethod(Invoker.java:583)
	at org.testng.internal.Invoker.invokeTestMethod(Invoker.java:719)
	at org.testng.internal.Invoker.invokeTestMethods(Invoker.java:989)
	at org.testng.internal.TestMethodWorker.invokeTestMethods(TestMethodWorker.java:125)
	at org.testng.internal.TestMethodWorker.run(TestMethodWorker.java:109)
	at org.testng.TestRunner.privateRun(TestRunner.java:648)
	at org.testng.TestRunner.run(TestRunner.java:505)
	at org.testng.SuiteRunner.runTest(SuiteRunner.java:455)
	at org.testng.SuiteRunner.runSequentially(SuiteRunner.java:450)
	at org.testng.SuiteRunner.privateRun(SuiteRunner.java:415)
	at org.testng.SuiteRunner.run(SuiteRunner.java:364)
	at org.testng.SuiteRunnerWorker.runSuite(SuiteRunnerWorker.java:52)
	at org.testng.SuiteRunnerWorker.run(SuiteRunnerWorker.java:84)
	at org.testng.TestNG.runSuitesSequentially(TestNG.java:1208)
	at org.testng.TestNG.runSuitesLocally(TestNG.java:1137)
	at org.testng.TestNG.runSuites(TestNG.java:1049)
	at org.testng.TestNG.run(TestNG.java:1017)
	at org.testng.remote.AbstractRemoteTestNG.run(AbstractRemoteTestNG.java:115)
	at org.testng.remote.RemoteTestNG.initAndRun(RemoteTestNG.java:251)
	at org.testng.remote.RemoteTestNG.main(RemoteTestNG.java:77)
</pre></div></td>
<td>2</td>
<td>Logo@57baeedf</td></tr>
</table><p>
<table width='100%' border='1' class='invocation-passed'>
<tr><td colspan='4' align='center'><b>PASSED TESTS</b></td></tr>
<tr><td><b>Test method</b></td>
<td width="30%"><b>Exception</b></td>
<td width="10%"><b>Time (seconds)</b></td>
<td><b>Instance</b></td>
</tr>
<tr>
<td title='Logo.getLogoFile()'><b>getLogoFile</b><br>Test class: Logo<br>Parameters: efectycolombia, {psname=Payvalida/Efecty, folder=Efecty, shortcode=efectycolombia, called_name=efecty}</td>
<td></td>
<td>3</td>
<td>Logo@57baeedf</td></tr>
<tr>
<td title='Logo.getLogoFile()'><b>getLogoFile</b><br>Test class: Logo<br>Parameters: santandermexico, {psname=Astropay/Santander Mexico, folder=Santander, shortcode=santandermexico, called_name=santander}</td>
<td></td>
<td>2</td>
<td>Logo@57baeedf</td></tr>
<tr>
<td title='Logo.getLogoFile()'><b>getLogoFile</b><br>Test class: Logo<br>Parameters: efecty, {psname=Astropay/Efecty, folder=Efecty, shortcode=efecty, called_name=efecty}</td>
<td></td>
<td>2</td>
<td>Logo@57baeedf</td></tr>
<tr>
<td title='Logo.getLogoFile()'><b>getLogoFile</b><br>Test class: Logo<br>Parameters: tinkoff, {psname=Yandex/Tinkoff, folder=Tinkoff, shortcode=tinkoff, called_name=tinkoff}</td>
<td></td>
<td>2</td>
<td>Logo@57baeedf</td></tr>
</table><p>
</body>
</html>