<?xml version="1.0" encoding="UTF-8"?>
<!-- Generated by org.testng.reporters.JUnitXMLReporter -->
<testsuite hostname="PW-HAN-063" ignored="0" name="BrickToFP_OFF1" tests="24" failures="2" timestamp="18 Sep 2019 06:51:23 GMT" time="801.19" errors="0">
  <testcase name="execute" time="91.577" classname="automation.project3ds.oldTest.BrickURL_OFF1_Test"/>
  <testcase name="execute" time="39.296" classname="automation.project3ds.oldTest.BrickURL_OFF1_Test"/>
  <testcase name="execute" time="31.56" classname="automation.project3ds.oldTest.BrickURL_OFF1_Test"/>
  <testcase name="execute" time="28.047" classname="automation.project3ds.oldTest.BrickURL_OFF1_Test"/>
  <testcase name="execute" time="28.61" classname="automation.project3ds.oldTest.BrickURL_OFF1_Test">
    <failure type="java.lang.AssertionError" message="The following asserts failed:
	[Enrolled] expected [] but found [U]">
      <![CDATA[java.lang.AssertionError: The following asserts failed:
[Enrolled] expected [] but found [U]
at automation.project3ds.MySoftAssertAll.assertAll(MySoftAssertAll.java:57)
at automation.project3ds.Action.assertResultV1(Action.java:268)
at automation.project3ds.Action.assertResultV1(Action.java:156)
at automation.project3ds.oldTest.BrickURL_OFF1_Test.execute(BrickURL_OFF1_Test.java:93)
... Removed 25 stack frames]]>
    </failure>
  </testcase> <!-- execute -->
  <testcase name="execute" time="17.661" classname="automation.project3ds.oldTest.BrickURL_OFF1_Test"/>
  <testcase name="execute" time="18.436" classname="automation.project3ds.oldTest.BrickURL_OFF1_Test"/>
  <testcase name="execute" time="17.788" classname="automation.project3ds.oldTest.BrickURL_OFF1_Test"/>
  <testcase name="execute" time="17.477" classname="automation.project3ds.oldTest.BrickURL_OFF1_Test"/>
  <testcase name="execute" time="31.569" classname="automation.project3ds.oldTest.BrickURL_OFF1_Test"/>
  <testcase name="execute" time="36.894" classname="automation.project3ds.oldTest.BrickURL_OFF1_Test"/>
  <testcase name="execute" time="28.573" classname="automation.project3ds.oldTest.BrickURL_OFF1_Test"/>
  <testcase name="execute" time="58.085" classname="automation.project3ds.oldTest.BrickURL_OFF1_Test"/>
  <testcase name="execute" time="26.274" classname="automation.project3ds.oldTest.BrickURL_OFF1_Test"/>
  <testcase name="execute" time="26.71" classname="automation.project3ds.oldTest.BrickURL_OFF1_Test"/>
  <testcase name="execute" time="36.41" classname="automation.project3ds.oldTest.BrickURL_OFF1_Test"/>
  <testcase name="execute" time="32.437" classname="automation.project3ds.oldTest.BrickURL_OFF1_Test">
    <failure type="java.lang.AssertionError" message="The following asserts failed:
	[Enrolled] expected [] but found [U]">
      <![CDATA[java.lang.AssertionError: The following asserts failed:
[Enrolled] expected [] but found [U]
at automation.project3ds.MySoftAssertAll.assertAll(MySoftAssertAll.java:57)
at automation.project3ds.Action.assertResultV1(Action.java:268)
at automation.project3ds.Action.assertResultV1(Action.java:156)
at automation.project3ds.oldTest.BrickURL_OFF1_Test.execute(BrickURL_OFF1_Test.java:93)
... Removed 24 stack frames]]>
    </failure>
  </testcase> <!-- execute -->
  <testcase name="execute" time="21.588" classname="automation.project3ds.oldTest.BrickURL_OFF1_Test"/>
  <testcase name="execute" time="36.666" classname="automation.project3ds.oldTest.BrickURL_OFF1_Test"/>
  <testcase name="execute" time="37.432" classname="automation.project3ds.oldTest.BrickURL_OFF1_Test"/>
  <testcase name="execute" time="32.485" classname="automation.project3ds.oldTest.BrickURL_OFF1_Test"/>
  <testcase name="execute" time="25.446" classname="automation.project3ds.oldTest.BrickURL_OFF1_Test"/>
  <testcase name="execute" time="36.76" classname="automation.project3ds.oldTest.BrickURL_OFF1_Test"/>
  <testcase name="execute" time="32.738" classname="automation.project3ds.oldTest.BrickURL_OFF1_Test"/>
</testsuite> <!-- BrickToFP_OFF1 -->
