<?xml version="1.0" encoding="UTF-8"?>
<!-- Generated by org.testng.reporters.JUnitXMLReporter -->
<testsuite hostname="DESKTOP-V097D2E" ignored="0" name="test1108" tests="36" failures="8" timestamp="02 Jul 2019 11:38:41 GMT" time="1201.518" errors="0">
  <testcase name="4000000000001000" time="37.205" classname="automation.project3ds.FillCreditCardTest1108"/>
  <testcase name="4000000000001018" time="26.356" classname="automation.project3ds.FillCreditCardTest1108"/>
  <testcase name="4000000000001026" time="28.549" classname="automation.project3ds.FillCreditCardTest1108"/>
  <testcase name="4000000000001034" time="27.551" classname="automation.project3ds.FillCreditCardTest1108"/>
  <testcase name="4000000000001042" time="28.265" classname="automation.project3ds.FillCreditCardTest1108"/>
  <testcase name="4000000000001059" time="26.485" classname="automation.project3ds.FillCreditCardTest1108"/>
  <testcase name="4000000000001067" time="27.7" classname="automation.project3ds.FillCreditCardTest1108">
    <failure type="java.lang.AssertionError" message="The following asserts failed:
	[Enrolled] expected [] but found [U]">
      <![CDATA[java.lang.AssertionError: The following asserts failed:
[Enrolled] expected [] but found [U]
at automation.project3ds.MySoftAssertAll.assertAll(MySoftAssertAll.java:80)
at automation.project3ds.FillCreditCardTest1108.execute(FillCreditCardTest1108.java:294)
... Removed 25 stack frames]]>
    </failure>
  </testcase> <!-- 4000000000001067 -->
  <testcase name="4000000000001075" time="36.356" classname="automation.project3ds.FillCreditCardTest1108">
    <failure type="java.lang.AssertionError" message="The following asserts failed:
	[Enrolled] expected [] but found [U],
	[EciFlag] expected [] but found [07]">
      <![CDATA[java.lang.AssertionError: The following asserts failed:
[Enrolled] expected [] but found [U],
[EciFlag] expected [] but found [07]
at automation.project3ds.MySoftAssertAll.assertAll(MySoftAssertAll.java:80)
at automation.project3ds.FillCreditCardTest1108.execute(FillCreditCardTest1108.java:294)
... Removed 25 stack frames]]>
    </failure>
  </testcase> <!-- 4000000000001075 -->
  <testcase name="4000000000001083" time="27.059" classname="automation.project3ds.FillCreditCardTest1108"/>
  <testcase name="4000000000001091" time="32.025" classname="automation.project3ds.FillCreditCardTest1108"/>
  <testcase name="4000000000001109" time="35.137" classname="automation.project3ds.FillCreditCardTest1108"/>
  <testcase name="4000000000001117" time="28.586" classname="automation.project3ds.FillCreditCardTest1108"/>
  <testcase name="4000000000001125" time="30.09" classname="automation.project3ds.FillCreditCardTest1108"/>
  <testcase name="4000000000001133" time="28.508" classname="automation.project3ds.FillCreditCardTest1108"/>
  <testcase name="4000000000001141" time="26.9" classname="automation.project3ds.FillCreditCardTest1108"/>
  <testcase name="4000000000002008" time="28.29" classname="automation.project3ds.FillCreditCardTest1108"/>
  <testcase name="4000000000002016" time="24.985" classname="automation.project3ds.FillCreditCardTest1108"/>
  <testcase name="4000000000002024" time="26.979" classname="automation.project3ds.FillCreditCardTest1108">
    <failure type="java.lang.AssertionError" message="The following asserts failed:
	[PAResStatus] expected [I] but found [U]">
      <![CDATA[java.lang.AssertionError: The following asserts failed:
[PAResStatus] expected [I] but found [U]
at automation.project3ds.MySoftAssertAll.assertAll(MySoftAssertAll.java:80)
at automation.project3ds.FillCreditCardTest1108.execute(FillCreditCardTest1108.java:294)
... Removed 24 stack frames]]>
    </failure>
  </testcase> <!-- 4000000000002024 -->
  <testcase name="5200000000001005" time="42.035" classname="automation.project3ds.FillCreditCardTest1108"/>
  <testcase name="5200000000001013" time="26.704" classname="automation.project3ds.FillCreditCardTest1108"/>
  <testcase name="5200000000001021" time="40.934" classname="automation.project3ds.FillCreditCardTest1108"/>
  <testcase name="5200000000001039" time="42.14" classname="automation.project3ds.FillCreditCardTest1108"/>
  <testcase name="5200000000001047" time="26.797" classname="automation.project3ds.FillCreditCardTest1108"/>
  <testcase name="5200000000001054" time="38.821" classname="automation.project3ds.FillCreditCardTest1108">
    <failure type="java.lang.AssertionError" message="The following asserts failed:
	[EciFlag] expected [01] but found [00]">
      <![CDATA[java.lang.AssertionError: The following asserts failed:
[EciFlag] expected [01] but found [00]
at automation.project3ds.MySoftAssertAll.assertAll(MySoftAssertAll.java:80)
at automation.project3ds.FillCreditCardTest1108.execute(FillCreditCardTest1108.java:294)
... Removed 24 stack frames]]>
    </failure>
  </testcase> <!-- 5200000000001054 -->
  <testcase name="5200000000001062" time="37.35" classname="automation.project3ds.FillCreditCardTest1108">
    <failure type="java.lang.AssertionError" message="The following asserts failed:
	[Enrolled] expected [] but found [U]">
      <![CDATA[java.lang.AssertionError: The following asserts failed:
[Enrolled] expected [] but found [U]
at automation.project3ds.MySoftAssertAll.assertAll(MySoftAssertAll.java:80)
at automation.project3ds.FillCreditCardTest1108.execute(FillCreditCardTest1108.java:294)
... Removed 24 stack frames]]>
    </failure>
  </testcase> <!-- 5200000000001062 -->
  <testcase name="5200000000001070" time="46.879" classname="automation.project3ds.FillCreditCardTest1108">
    <failure type="java.lang.AssertionError" message="The following asserts failed:
	[Enrolled] expected [] but found [U],
	[EciFlag] expected [] but found [00]">
      <![CDATA[java.lang.AssertionError: The following asserts failed:
[Enrolled] expected [] but found [U],
[EciFlag] expected [] but found [00]
at automation.project3ds.MySoftAssertAll.assertAll(MySoftAssertAll.java:80)
at automation.project3ds.FillCreditCardTest1108.execute(FillCreditCardTest1108.java:294)
... Removed 24 stack frames]]>
    </failure>
  </testcase> <!-- 5200000000001070 -->
  <testcase name="5200000000001088" time="42.427" classname="automation.project3ds.FillCreditCardTest1108"/>
  <testcase name="5200000000001096" time="28.043" classname="automation.project3ds.FillCreditCardTest1108"/>
  <testcase name="5200000000001104" time="32.691" classname="automation.project3ds.FillCreditCardTest1108"/>
  <testcase name="5200000000001112" time="27.431" classname="automation.project3ds.FillCreditCardTest1108"/>
  <testcase name="5200000000001120" time="34.453" classname="automation.project3ds.FillCreditCardTest1108">
    <failure type="java.lang.AssertionError" message="The following asserts failed:
	[EciFlag2] expected [00] but found []">
      <![CDATA[java.lang.AssertionError: The following asserts failed:
[EciFlag2] expected [00] but found []
at automation.project3ds.MySoftAssertAll.assertAll(MySoftAssertAll.java:80)
at automation.project3ds.FillCreditCardTest1108.execute(FillCreditCardTest1108.java:294)
... Removed 24 stack frames]]>
    </failure>
  </testcase> <!-- 5200000000001120 -->
  <testcase name="5200000000001138" time="28.232" classname="automation.project3ds.FillCreditCardTest1108"/>
  <testcase name="5200000000001146" time="41.712" classname="automation.project3ds.FillCreditCardTest1108"/>
  <testcase name="5200000000002003" time="27.817" classname="automation.project3ds.FillCreditCardTest1108"/>
  <testcase name="5200000000002011" time="48.765" classname="automation.project3ds.FillCreditCardTest1108"/>
  <testcase name="5200000000002029" time="38.374" classname="automation.project3ds.FillCreditCardTest1108">
    <failure type="java.lang.AssertionError" message="The following asserts failed:
	[PAResStatus] expected [I] but found [U]">
      <![CDATA[java.lang.AssertionError: The following asserts failed:
[PAResStatus] expected [I] but found [U]
at automation.project3ds.MySoftAssertAll.assertAll(MySoftAssertAll.java:80)
at automation.project3ds.FillCreditCardTest1108.execute(FillCreditCardTest1108.java:294)
... Removed 24 stack frames]]>
    </failure>
  </testcase> <!-- 5200000000002029 -->
</testsuite> <!-- test1108 -->
