

<!DOCTYPE html>
<html>
<head>
	<meta charset='utf-8' /> 
	<meta name='description' content='' />
	<meta name='robots' content='noodp, noydir' />
	<meta name='viewport' content='width=device-width, initial-scale=1' />
	<meta id="timeStampFormat" name="timeStampFormat" content='MMM d, yyyy hh:mm:ss a'/>
	
	<link href='https://fonts.googleapis.com/css?family=Source+Sans+Pro:400,600' rel='stylesheet' type='text/css' />
	<link href="https://fonts.googleapis.com/icon?family=Material+Icons" rel="stylesheet" />
	<link href='https://cdn.rawgit.com/extent-framework/extent-github-cdn/b65cd69/v3html/css/extent.css' type='text/css' rel='stylesheet' />
	
	<title>ExtentReports</title>

	<style type='text/css'>
		/* json-tree */
		.jstBracket,.jstComma,.jstValue{white-space:pre-wrap}.jstValue{font-size:10px;font-weight:400;font-family:"Lucida Console",Monaco,monospace}.jstProperty{color:#666;word-wrap:break-word}.jstBool{color:#2525CC}.jstNum{color:#D036D0}.jstNull{color:gray}.jstStr{color:#2DB669}.jstFold:after{content:' -';cursor:pointer}.jstExpand{white-space:normal}.jstExpand:after{content:' +';cursor:pointer}.jstFolded{white-space:normal!important}.jstHiddenBlock{display:none}
	</style>
	
	<script type="text/javascript">
		/*! json-tree - v0.2.2 - 2017-09-25, MIT LICENSE */
		var JSONTree=function(){var n={"&":"&amp;","<":"&lt;",">":"&gt;",'"':"&quot;","'":"&#x27;","/":"&#x2F;"},t=0,r=0;this.create=function(n,t){return r+=1,N(u(n,0,!1),{class:"jstValue"})};var e=function(t){return t.replace(/[&<>'"]/g,function(t){return n[t]})},s=function(){return r+"_"+t++},u=function(n,t,r){if(null===n)return f(r?t:0);switch(typeof n){case"boolean":return l(n,r?t:0);case"number":return i(n,r?t:0);case"string":return o(n,r?t:0);default:return n instanceof Array?a(n,t,r):c(n,t,r)}},c=function(n,t,r){var e=s(),u=Object.keys(n).map(function(r){return j(r,n[r],t+1,!0)}).join(m()),c=[g("{",r?t:0,e),N(u,{id:e}),p("}",t)].join("\n");return N(c,{})},a=function(n,t,r){var e=s(),c=n.map(function(n){return u(n,t+1,!0)}).join(m());return[g("[",r?t:0,e),N(c,{id:e}),p("]",t)].join("\n")},o=function(n,t){var r=e(JSON.stringify(n));return N(v(r,t),{class:"jstStr"})},i=function(n,t){return N(v(n,t),{class:"jstNum"})},l=function(n,t){return N(v(n,t),{class:"jstBool"})},f=function(n){return N(v("null",n),{class:"jstNull"})},j=function(n,t,r){var s=v(e(JSON.stringify(n))+": ",r),c=N(u(t,r,!1),{});return N(s+c,{class:"jstProperty"})},m=function(){return N(",\n",{class:"jstComma"})},N=function(n,t){return d("span",t,n)},d=function(n,t,r){return"<"+n+Object.keys(t).map(function(n){return" "+n+'="'+t[n]+'"'}).join("")+">"+r+"</"+n+">"},g=function(n,t,r){return N(v(n,t),{class:"jstBracket"})+N("",{class:"jstFold",onclick:"JSONTree.toggle('"+r+"')"})};this.toggle=function(n){var t=document.getElementById(n),r=t.parentNode,e=t.previousElementSibling;""===t.className?(t.className="jstHiddenBlock",r.className="jstFolded",e.className="jstExpand"):(t.className="",r.className="",e.className="jstFold")};var p=function(n,t){return N(v(n,t),{})},v=function(n,t){return Array(2*t+1).join(" ")+n};return this}();
	</script>
</head>
	<body class='extent standard default hide-overflow '>
		<div id='theme-selector' alt='Click to toggle theme. To enable by default, use theme configuration.' title='Click to toggle theme. To enable by default, use theme configuration.'>
			<span><i class='material-icons'>desktop_windows</i></span>
		</div>
<nav>
	<div class="nav-wrapper">
		<a href="#!" class="brand-logo black"><img src="https://cdn.rawgit.com/extent-framework/extent-github-cdn/d74480e/commons/img/logo.png"></a>
		<!-- slideout menu -->
		<ul id='slide-out' class='side-nav fixed hide-on-med-and-down'>
			<li class='waves-effect active'><a href='#!' view='test-view' onclick="configureView(0);chartsView('test');"><i class='material-icons'>dashboard</i></a></li>
						<li class='waves-effect'><a href='#!' view='category-view' onclick="configureView(1)"><i class='material-icons'>label_outline</i></a></li>
			<li class='waves-effect'><a href='#!' view='exception-view' onclick="configureView(2)"><i class='material-icons'>bug_report</i></a></li>
			<li class='waves-effect'><a href='#!' onclick="configureView(-1);chartsView('dashboard');" view='dashboard-view'><i class='material-icons'>track_changes</i></a></li>
		</ul>
		<!-- report name -->
		<span class='report-name'>ExtentReports</span>
		<!-- report headline -->
		<span class='report-headline'></span>
		<!-- nav-right -->
		<ul id='nav-mobile' class='right hide-on-med-and-down nav-right'>
			<a href='#!'>
			<span class='label blue darken-3 suite-start-time'>Jul 16, 2019 11:12:20 AM</span>
			</a>
		</ul>
	</div>
</nav>		<!-- container -->
		<div class='container'>
<div id='test-view' class='view'>
	<section id='controls'>
		<div class='controls grey lighten-4'>
			<!-- test toggle -->
			<div class='chip transparent'>
				<a class='dropdown-button tests-toggle' data-activates='tests-toggle' data-constrainwidth='true' data-beloworigin='true' data-hover='true' href='#'>
				<i class='material-icons'>warning</i> Status
				</a>
				<ul id='tests-toggle' class='dropdown-content'>
										<li status='pass'><a href='#!'>Pass <i class='material-icons green-text'>check_circle</i></a></li>
					<li status='fail'><a href='#!'>Fail <i class='material-icons red-text'>cancel</i></a></li>
					<li class='divider'></li>
					<li status='clear' clear='true'><a href='#!'>Clear Filters <i class='material-icons'>clear</i></a></li>
				</ul>
			</div>
			<!-- test toggle -->
			<!-- category toggle -->
			<div class='chip transparent'>
				<a class='dropdown-button category-toggle' data-activates='category-toggle' data-constrainwidth='false' data-beloworigin='true' data-hover='true' href='#'>
				<i class='material-icons'>local_offer</i> Category
				</a>
				<ul id='category-toggle' class='dropdown-content'>
					<li><a href='#'>testBrickHTML</a></li>
					<li class='divider'></li>
					<li class='clear'><a href='#!' clear='true'>Clear Filters</a></li>
				</ul>
			</div>
			<!-- category toggle -->
			<!-- clear filters -->
			<div class='chip transparent hide'>
				<a class='' id='clear-filters' alt='Clear Filters' title='Clear Filters'>
				<i class='material-icons'>close</i> Clear
				</a>
			</div>
			<!-- clear filters -->
			<!-- enable dashboard -->
			<div id='toggle-test-view-charts' class='chip transparent'>
				<a class='pink-text' id='enable-dashboard' alt='Enable Dashboard' title='Enable Dashboard'>
				<i class='material-icons'>track_changes</i> Dashboard
				</a>
			</div>
			<!-- enable dashboard -->
			<!-- search -->
			<div class='chip transparent' alt='Search Tests' title='Search Tests'>
				<a href="#" class='search-div'>
				<i class='material-icons'>search</i> Search
				</a>
				<div class='input-field left hide'>
					<input id='search-tests' type='text' class='validate browser-default' placeholder='Search Tests...'>
				</div>
			</div>
			<!-- search -->
		</div>
	</section>
<div id='test-view-charts' class='subview-full'>
    <div id='charts-row' class='row nm-v nm-h'>
        <div class='col s12 m12 l12 np-h'>
            <div class='card-panel nm-v'>
                <div class='left panel-name'>Tests</div>
                <div class='chart-box' style="max-height:94px;">
                    <canvas id='parent-analysis' width='90' height='70'></canvas>
                </div>
                <div class='block text-small'>
                    <span class='tooltipped' data-position='top' data-tooltip='38.889%'><span class='strong'>7</span> test(s) passed</span>
                </div>
                <div class='block text-small'>
                    <span class='strong tooltipped' data-position='top' data-tooltip='61.111%'>11</span> test(s) failed, <span class='strong tooltipped' data-position='top' data-tooltip='0%'>0</span> others
                </div>
            </div>
        </div>
    </div>
    <div id="timeline-chart" class="row nm-v nm-h">
        <div class="col s12 m12 l12 np-h">
            <div class="card-panel">
                <div class='left panel-name'>Timeline (seconds)</div>
                <div class="chart-box" style="width:98%;max-height:145px;">
                    <canvas id="timeline" height="120"></canvas>
                </div>
            </div>
        </div>
    </div>
</div>	<div class='subview-left left'>
		<div class='view-summary'>
			<ul id='test-collection' class='test-collection'>
				<li class='test displayed active  fail' status='fail' bdd='false' test-id='1'>
					<div class='test-heading'>
						<span class='test-name'>testBrickHTML (5200000000001005, http://feature-pwg-1108.wallap... )</span>
						<span class='test-time'>Jul 16, 2019 11:12:20 AM</span>
						<span class='test-status right fail'>fail</span>
					</div>
					<div class='test-content hide'>
<div class='test-time-info'>
	<span class='label start-time'>Jul 16, 2019 11:12:20 AM</span>
	<span class='label end-time'>Jul 16, 2019 11:12:49 AM</span>
	<span class='label time-taken grey lighten-1 white-text'>0h 0m 28s+832ms</span>
</div>
<div class='test-attributes'>
	<div class='category-list'>
		<span class='category label'>testBrickHTML</span>
	</div>
</div>
<div class='test-steps'>
	<table class='bordered table-results'>
		<thead>
			<tr>
				<th>Status</th>
				<th>Timestamp</th>
				<th>Details</th>
			</tr>
		</thead>
		<tbody>
			<tr class='log' status='info'>
				<td class='status info' title='info' alt='info'><i class='material-icons'>info_outline</i></td>
				<td class='timestamp'>11:12:20 AM</td>
				<td class='step-details'>
						Params: {Cavv=value, cardholderVerificationMethod=THREEDS, expected_results_authentication=NA, Enrolled=Y, EciFlag=02, WhiteListStatus=null, ErrorDesc=blank, WhiteListStatusSource=null, ErrorNo=0, Payload=blank, PAN=5200000000001005, SignitureVerification=Y, ACSUrl=blank, PAResStatus=Y, testName=Test Mastercard 1: Successful Frictionless Authentication}
					
				</td>
			</tr>
			<tr class='log' status='info'>
				<td class='status info' title='info' alt='info'><i class='material-icons'>info_outline</i></td>
				<td class='timestamp'>11:12:20 AM</td>
				<td class='step-details'>
						CardNumber: 5200000000001005
					
				</td>
			</tr>
			<tr class='log' status='info'>
				<td class='status info' title='info' alt='info'><i class='material-icons'>info_outline</i></td>
				<td class='timestamp'>11:12:42 AM</td>
				<td class='step-details'>
						t_id: 37592
					
				</td>
			</tr>
			<tr class='log' status='info'>
				<td class='status info' title='info' alt='info'><i class='material-icons'>info_outline</i></td>
				<td class='timestamp'>11:12:44 AM</td>
				<td class='step-details'>
						lookup_response: <pre><xmp><?xml version="1.0" encoding="UTF-8"?><CardinalMPI>
     <ErrorNo>0</ErrorNo>
     <TransactionId>IEJEWMwdKKL1eznCc0K0</TransactionId>
     <Payload/>
     <ErrorDesc/>
     <Cavv>Y2FyZGluYWxjb21tZXJjZWF1dGg=</Cavv>
     <PAResStatus>Y</PAResStatus>
     <Enrolled>Y</Enrolled>
     <ACSTransactionId>bbadc5a8-9ce5-4c74-a558-ba927a4e6ece</ACSTransactionId>
     <EciFlag>02</EciFlag>
     <ACSUrl/>
     <ThreeDSServerTransactionId>e1e67d51-5a68-4d5c-9b1e-3350a1f6f715</ThreeDSServerTransactionId>
     <CardBin>520000</CardBin>
     <CardBrand>MASTERCARD</CardBrand>
     <DSTransactionId>f6a5acff-3ff5-4049-8554-5ff6344ff23a</DSTransactionId>
     <ThreeDSVersion>2.2.0</ThreeDSVersion>
     <OrderId>8010956713251076</OrderId>
     <ChallengeRequired/>
     <SignatureVerification>Y</SignatureVerification>
</CardinalMPI>
</xmp></pre>
					
				</td>
			</tr>
			<tr class='log' status='info'>
				<td class='status info' title='info' alt='info'><i class='material-icons'>info_outline</i></td>
				<td class='timestamp'>11:12:49 AM</td>
				<td class='step-details'>
						auth_quest:<br /><pre>{
  "method" : "AUTH",
  "request" : {
    "type" : "AUTH",
    "merchant" : {
      "merchantId" : "63103550",
      "name" : "Embarcadero"
    },
    "merchantRef" : "d65564154",
    "transactionId" : "d65564154-37592",
    "operationId" : "d65564154-37592-5d2d4eb07eafc",
    "plainCardData" : {
      "cardNumber" : "520000******1005",
      "expiry" : "2201",
      "cvv2" : "***"
    },
    "amount" : {
      "isoAmount" : 783,
      "currency" : "EUR"
    },
    "ecomReqData" : {
      "allow3dsDowngrade" : true,
      "cardholderVerificationMethod" : "THREEDS",
      "cardReadingMethod" : "ECOM",
      "threeDSecure" : {
        "xid" : "",
        "aav" : "Y2FyZGluYWxjb21tZXJjZWF1dGg=",
        "version" : "V2",
        "directoryServerTransactionId" : "f6a5acff-3ff5-4049-8554-5ff6344ff23a"
      }
    },
    "transactionTimestamp" : "2019-07-16T06:12:32",
    "retrievalRefNumber" : "000000037592"
  },
  "headers" : {
    "Content-Type" : "application/json",
    "Authorization" : "Bearer eyJ*****7_uBj9diIA"
  }
}</pre>
					
				</td>
			</tr>
			<tr class='log' status='info'>
				<td class='status info' title='info' alt='info'><i class='material-icons'>info_outline</i></td>
				<td class='timestamp'>11:12:49 AM</td>
				<td class='step-details'>
						[expected_results_authentication] expected {NA} to equal to actual {NA}<br />[Enrolled] expected {Y} to equal to actual {Y}<br />[PAResStatus] expected {Y} to equal to actual {Y}<br />[SignitureVerification] expected {Y} to equal to actual {Y}<br />[Cavv] expected {null} to not equal to actual {Y2FyZGluYWxjb21tZXJjZWF1dGg=}<br />[EciFlag] expected {02} to equal to actual {02}<br />[ACSUrl] expected {} to equal to actual {}<br />[Payload] expected {} to equal to actual {}<br />[ErrorNo] expected {0} to equal to actual {0}<br />[ErrorDesc] expected {} to equal to actual {}<br />[WhiteListStatusSource] expected {null} to equal to actual {null}<br />[WhiteListStatus] expected {null} to equal to actual {null}<br />[cardholderVerificationMethod3] expected {THREEDS} to equal to actual {THREEDS}<br />[cardholderVerificationMethod vs case] expected {THREEDS} to equal to actual {CVV2}<br />[cavv] expected {null} to not equal to actual {Y2FyZGluYWxjb21tZXJjZWF1dGg=}<br />[version] expected {V2} to equal to actual {V2}<br />[directoryServerTransactionId] expected {null} to not equal to actual {f6a5acff-3ff5-4049-8554-5ff6344ff23a}<br />
					
				</td>
			</tr>
			<tr class='log' status='fail'>
				<td class='status fail' title='fail' alt='fail'><i class='material-icons'>cancel</i></td>
				<td class='timestamp'>11:12:49 AM</td>
				<td class='step-details'>
						<textarea disabled class="code-block">java.lang.AssertionError: The following asserts failed:
	[cardholderVerificationMethod vs case] expected [THREEDS] but found [CVV2]
	at automation.project3ds.MySoftAssertAll.assertAll(MySoftAssertAll.java:60)
	at automation.project3ds.testBrickHTML.execute(testBrickHTML.java:344)
	at sun.reflect.NativeMethodAccessorImpl.invoke0(Native Method)
	at sun.reflect.NativeMethodAccessorImpl.invoke(Unknown Source)
	at sun.reflect.DelegatingMethodAccessorImpl.invoke(Unknown Source)
	at java.lang.reflect.Method.invoke(Unknown Source)
	at org.testng.internal.MethodInvocationHelper.invokeMethod(MethodInvocationHelper.java:124)
	at org.testng.internal.Invoker.invokeMethod(Invoker.java:583)
	at org.testng.internal.Invoker.invokeTestMethod(Invoker.java:719)
	at org.testng.internal.Invoker.invokeTestMethods(Invoker.java:989)
	at org.testng.internal.TestMethodWorker.invokeTestMethods(TestMethodWorker.java:125)
	at org.testng.internal.TestMethodWorker.run(TestMethodWorker.java:109)
	at org.testng.TestRunner.privateRun(TestRunner.java:648)
	at org.testng.TestRunner.run(TestRunner.java:505)
	at org.testng.SuiteRunner.runTest(SuiteRunner.java:455)
	at org.testng.SuiteRunner.runSequentially(SuiteRunner.java:450)
	at org.testng.SuiteRunner.privateRun(SuiteRunner.java:415)
	at org.testng.SuiteRunner.run(SuiteRunner.java:364)
	at org.testng.SuiteRunnerWorker.runSuite(SuiteRunnerWorker.java:52)
	at org.testng.SuiteRunnerWorker.run(SuiteRunnerWorker.java:84)
	at org.testng.TestNG.runSuitesSequentially(TestNG.java:1208)
	at org.testng.TestNG.runSuitesLocally(TestNG.java:1137)
	at org.testng.TestNG.runSuites(TestNG.java:1049)
	at org.testng.TestNG.run(TestNG.java:1017)
	at org.testng.remote.AbstractRemoteTestNG.run(AbstractRemoteTestNG.java:115)
	at org.testng.remote.RemoteTestNG.initAndRun(RemoteTestNG.java:251)
	at org.testng.remote.RemoteTestNG.main(RemoteTestNG.java:77)
</textarea>
					
				</td>
			</tr>
			<tr class='log' status='fail'>
				<td class='status fail' title='fail' alt='fail'><i class='material-icons'>cancel</i></td>
				<td class='timestamp'>11:12:49 AM</td>
				<td class='step-details'>
						Test Failed
					
				</td>
			</tr>
		</tbody>
	</table>
</div>
					</div>
				</li>
				<li class='test displayed active  pass' status='pass' bdd='false' test-id='2'>
					<div class='test-heading'>
						<span class='test-name'>testBrickHTML (5200000000001013, http://feature-pwg-1108.wallap... )</span>
						<span class='test-time'>Jul 16, 2019 11:12:49 AM</span>
						<span class='test-status right pass'>pass</span>
					</div>
					<div class='test-content hide'>
<div class='test-time-info'>
	<span class='label start-time'>Jul 16, 2019 11:12:49 AM</span>
	<span class='label end-time'>Jul 16, 2019 11:13:06 AM</span>
	<span class='label time-taken grey lighten-1 white-text'>0h 0m 17s+225ms</span>
</div>
<div class='test-attributes'>
	<div class='category-list'>
		<span class='category label'>testBrickHTML</span>
	</div>
</div>
<div class='test-steps'>
	<table class='bordered table-results'>
		<thead>
			<tr>
				<th>Status</th>
				<th>Timestamp</th>
				<th>Details</th>
			</tr>
		</thead>
		<tbody>
			<tr class='log' status='info'>
				<td class='status info' title='info' alt='info'><i class='material-icons'>info_outline</i></td>
				<td class='timestamp'>11:12:49 AM</td>
				<td class='step-details'>
						Params: {Cavv=blank, cardholderVerificationMethod=NO_REQUEST, expected_results_authentication=NA, Enrolled=Y, EciFlag=00, WhiteListStatus=null, ErrorDesc=blank, WhiteListStatusSource=null, ErrorNo=0, Payload=blank, PAN=5200000000001013, SignitureVerification=Y, ACSUrl=blank, PAResStatus=N, testName=Test Mastercard 2: Failed Frictionless Authentication}
					
				</td>
			</tr>
			<tr class='log' status='info'>
				<td class='status info' title='info' alt='info'><i class='material-icons'>info_outline</i></td>
				<td class='timestamp'>11:12:49 AM</td>
				<td class='step-details'>
						CardNumber: 5200000000001013
					
				</td>
			</tr>
			<tr class='log' status='info'>
				<td class='status info' title='info' alt='info'><i class='material-icons'>info_outline</i></td>
				<td class='timestamp'>11:12:59 AM</td>
				<td class='step-details'>
						t_id: 37593
					
				</td>
			</tr>
			<tr class='log' status='info'>
				<td class='status info' title='info' alt='info'><i class='material-icons'>info_outline</i></td>
				<td class='timestamp'>11:13:02 AM</td>
				<td class='step-details'>
						lookup_response: <pre><xmp><?xml version="1.0" encoding="UTF-8"?><CardinalMPI>
     <ErrorNo>0</ErrorNo>
     <TransactionId>h68frTKsLmu5FBi6vVT0</TransactionId>
     <Payload/>
     <ErrorDesc/>
     <Cavv/>
     <PAResStatus>N</PAResStatus>
     <Enrolled>Y</Enrolled>
     <ACSTransactionId>bd84470b-b1a3-4b47-8d94-1ae47f028f1d</ACSTransactionId>
     <EciFlag>00</EciFlag>
     <ACSUrl/>
     <ThreeDSServerTransactionId>c76bda3c-ce59-453c-aecb-5467d0121b3e</ThreeDSServerTransactionId>
     <CardBin>520000</CardBin>
     <CardBrand>MASTERCARD</CardBrand>
     <StatusReason>01</StatusReason>
     <DSTransactionId>d3df70de-237a-4093-a845-ac7269b20a23</DSTransactionId>
     <ThreeDSVersion>2.2.0</ThreeDSVersion>
     <OrderId>8010284841953798</OrderId>
     <ChallengeRequired/>
     <SignatureVerification>Y</SignatureVerification>
</CardinalMPI>
</xmp></pre>
					
				</td>
			</tr>
			<tr class='log' status='info'>
				<td class='status info' title='info' alt='info'><i class='material-icons'>info_outline</i></td>
				<td class='timestamp'>11:13:06 AM</td>
				<td class='step-details'>
						[expected_results_authentication] expected {NA} to equal to actual {NA}<br />[Enrolled] expected {Y} to equal to actual {Y}<br />[PAResStatus] expected {N} to equal to actual {N}<br />[SignitureVerification] expected {Y} to equal to actual {Y}<br />[Cavv] expected {} to equal to actual {}<br />[EciFlag] expected {00} to equal to actual {00}<br />[ACSUrl] expected {} to equal to actual {}<br />[Payload] expected {} to equal to actual {}<br />[ErrorNo] expected {0} to equal to actual {0}<br />[ErrorDesc] expected {} to equal to actual {}<br />[WhiteListStatusSource] expected {null} to equal to actual {null}<br />[WhiteListStatus] expected {null} to equal to actual {null}<br />[cardholderVerificationMethod] expected {null} to equal to actual {null}<br />[cardholderVerificationMethod vs case] expected {ERROR} to equal to actual {ERROR}<br />
					
				</td>
			</tr>
			<tr class='log' status='pass'>
				<td class='status pass' title='pass' alt='pass'><i class='material-icons'>check_circle</i></td>
				<td class='timestamp'>11:13:06 AM</td>
				<td class='step-details'>
						Test passed
					
				</td>
			</tr>
		</tbody>
	</table>
</div>
					</div>
				</li>
				<li class='test displayed active  fail' status='fail' bdd='false' test-id='3'>
					<div class='test-heading'>
						<span class='test-name'>testBrickHTML (5200000000001021, http://feature-pwg-1108.wallap... )</span>
						<span class='test-time'>Jul 16, 2019 11:13:06 AM</span>
						<span class='test-status right fail'>fail</span>
					</div>
					<div class='test-content hide'>
<div class='test-time-info'>
	<span class='label start-time'>Jul 16, 2019 11:13:06 AM</span>
	<span class='label end-time'>Jul 16, 2019 11:13:30 AM</span>
	<span class='label time-taken grey lighten-1 white-text'>0h 0m 23s+851ms</span>
</div>
<div class='test-attributes'>
	<div class='category-list'>
		<span class='category label'>testBrickHTML</span>
	</div>
</div>
<div class='test-steps'>
	<table class='bordered table-results'>
		<thead>
			<tr>
				<th>Status</th>
				<th>Timestamp</th>
				<th>Details</th>
			</tr>
		</thead>
		<tbody>
			<tr class='log' status='info'>
				<td class='status info' title='info' alt='info'><i class='material-icons'>info_outline</i></td>
				<td class='timestamp'>11:13:06 AM</td>
				<td class='step-details'>
						Params: {Cavv=value, cardholderVerificationMethod=THREEDS_ATTEMPT, expected_results_authentication=NA, Enrolled=Y, EciFlag=01, WhiteListStatus=null, ErrorDesc=blank, WhiteListStatusSource=null, ErrorNo=0, Payload=blank, PAN=5200000000001021, SignitureVerification=Y, ACSUrl=blank, PAResStatus=A, testName=Test Mastercard 3: Attempts Frictionless Authentication}
					
				</td>
			</tr>
			<tr class='log' status='info'>
				<td class='status info' title='info' alt='info'><i class='material-icons'>info_outline</i></td>
				<td class='timestamp'>11:13:06 AM</td>
				<td class='step-details'>
						CardNumber: 5200000000001021
					
				</td>
			</tr>
			<tr class='log' status='info'>
				<td class='status info' title='info' alt='info'><i class='material-icons'>info_outline</i></td>
				<td class='timestamp'>11:13:23 AM</td>
				<td class='step-details'>
						t_id: 37594
					
				</td>
			</tr>
			<tr class='log' status='info'>
				<td class='status info' title='info' alt='info'><i class='material-icons'>info_outline</i></td>
				<td class='timestamp'>11:13:25 AM</td>
				<td class='step-details'>
						lookup_response: <pre><xmp><?xml version="1.0" encoding="UTF-8"?><CardinalMPI>
     <ErrorNo>0</ErrorNo>
     <TransactionId>OR0fgztJ9VAfAoqFfnX0</TransactionId>
     <Payload/>
     <ErrorDesc/>
     <Cavv>Y2FyZGluYWxjb21tZXJjZWF1dGg=</Cavv>
     <PAResStatus>A</PAResStatus>
     <Enrolled>Y</Enrolled>
     <ACSTransactionId>a135c5da-c9af-4c4d-b71f-4bb63e370d74</ACSTransactionId>
     <EciFlag>01</EciFlag>
     <ACSUrl/>
     <ThreeDSServerTransactionId>1f28df3a-a21b-4f2a-aa33-605b406a995b</ThreeDSServerTransactionId>
     <CardBin>520000</CardBin>
     <CardBrand>MASTERCARD</CardBrand>
     <DSTransactionId>b461c997-8323-426c-9ef3-14f19ee876d7</DSTransactionId>
     <ThreeDSVersion>2.2.0</ThreeDSVersion>
     <OrderId>8010793118003814</OrderId>
     <ChallengeRequired/>
     <SignatureVerification>Y</SignatureVerification>
</CardinalMPI>
</xmp></pre>
					
				</td>
			</tr>
			<tr class='log' status='info'>
				<td class='status info' title='info' alt='info'><i class='material-icons'>info_outline</i></td>
				<td class='timestamp'>11:13:30 AM</td>
				<td class='step-details'>
						auth_quest:<br /><pre>{
  "method" : "AUTH",
  "request" : {
    "type" : "AUTH",
    "merchant" : {
      "merchantId" : "63103550",
      "name" : "Embarcadero"
    },
    "merchantRef" : "d65564156",
    "transactionId" : "d65564156-37594",
    "operationId" : "d65564156-37594-5d2d4edb7ede5",
    "plainCardData" : {
      "cardNumber" : "520000******1021",
      "expiry" : "2201",
      "cvv2" : "***"
    },
    "amount" : {
      "isoAmount" : 783,
      "currency" : "EUR"
    },
    "ecomReqData" : {
      "allow3dsDowngrade" : true,
      "cardholderVerificationMethod" : "THREEDS_ATTEMPT",
      "cardReadingMethod" : "ECOM",
      "threeDSecure" : {
        "xid" : "",
        "aav" : "Y2FyZGluYWxjb21tZXJjZWF1dGg=",
        "version" : "V2",
        "directoryServerTransactionId" : "b461c997-8323-426c-9ef3-14f19ee876d7"
      }
    },
    "transactionTimestamp" : "2019-07-16T06:13:15",
    "retrievalRefNumber" : "000000037594"
  },
  "headers" : {
    "Content-Type" : "application/json",
    "Authorization" : "Bearer eyJ*****7_uBj9diIA"
  }
}</pre>
					
				</td>
			</tr>
			<tr class='log' status='info'>
				<td class='status info' title='info' alt='info'><i class='material-icons'>info_outline</i></td>
				<td class='timestamp'>11:13:30 AM</td>
				<td class='step-details'>
						[expected_results_authentication] expected {NA} to equal to actual {NA}<br />[Enrolled] expected {Y} to equal to actual {Y}<br />[PAResStatus] expected {A} to equal to actual {A}<br />[SignitureVerification] expected {Y} to equal to actual {Y}<br />[Cavv] expected {null} to not equal to actual {Y2FyZGluYWxjb21tZXJjZWF1dGg=}<br />[EciFlag] expected {01} to equal to actual {01}<br />[ACSUrl] expected {} to equal to actual {}<br />[Payload] expected {} to equal to actual {}<br />[ErrorNo] expected {0} to equal to actual {0}<br />[ErrorDesc] expected {} to equal to actual {}<br />[WhiteListStatusSource] expected {null} to equal to actual {null}<br />[WhiteListStatus] expected {null} to equal to actual {null}<br />[cardholderVerificationMethod3] expected {THREEDS_ATTEMPT} to equal to actual {THREEDS_ATTEMPT}<br />[cardholderVerificationMethod vs case] expected {THREEDS_ATTEMPT} to equal to actual {CVV2}<br />[cavv] expected {null} to not equal to actual {Y2FyZGluYWxjb21tZXJjZWF1dGg=}<br />[version] expected {V2} to equal to actual {V2}<br />[directoryServerTransactionId] expected {null} to not equal to actual {b461c997-8323-426c-9ef3-14f19ee876d7}<br />
					
				</td>
			</tr>
			<tr class='log' status='fail'>
				<td class='status fail' title='fail' alt='fail'><i class='material-icons'>cancel</i></td>
				<td class='timestamp'>11:13:30 AM</td>
				<td class='step-details'>
						<textarea disabled class="code-block">java.lang.AssertionError: The following asserts failed:
	[cardholderVerificationMethod vs case] expected [THREEDS_ATTEMPT] but found [CVV2]
	at automation.project3ds.MySoftAssertAll.assertAll(MySoftAssertAll.java:60)
	at automation.project3ds.testBrickHTML.execute(testBrickHTML.java:344)
	at sun.reflect.NativeMethodAccessorImpl.invoke0(Native Method)
	at sun.reflect.NativeMethodAccessorImpl.invoke(Unknown Source)
	at sun.reflect.DelegatingMethodAccessorImpl.invoke(Unknown Source)
	at java.lang.reflect.Method.invoke(Unknown Source)
	at org.testng.internal.MethodInvocationHelper.invokeMethod(MethodInvocationHelper.java:124)
	at org.testng.internal.Invoker.invokeMethod(Invoker.java:583)
	at org.testng.internal.Invoker.invokeTestMethod(Invoker.java:719)
	at org.testng.internal.Invoker.invokeTestMethods(Invoker.java:989)
	at org.testng.internal.TestMethodWorker.invokeTestMethods(TestMethodWorker.java:125)
	at org.testng.internal.TestMethodWorker.run(TestMethodWorker.java:109)
	at org.testng.TestRunner.privateRun(TestRunner.java:648)
	at org.testng.TestRunner.run(TestRunner.java:505)
	at org.testng.SuiteRunner.runTest(SuiteRunner.java:455)
	at org.testng.SuiteRunner.runSequentially(SuiteRunner.java:450)
	at org.testng.SuiteRunner.privateRun(SuiteRunner.java:415)
	at org.testng.SuiteRunner.run(SuiteRunner.java:364)
	at org.testng.SuiteRunnerWorker.runSuite(SuiteRunnerWorker.java:52)
	at org.testng.SuiteRunnerWorker.run(SuiteRunnerWorker.java:84)
	at org.testng.TestNG.runSuitesSequentially(TestNG.java:1208)
	at org.testng.TestNG.runSuitesLocally(TestNG.java:1137)
	at org.testng.TestNG.runSuites(TestNG.java:1049)
	at org.testng.TestNG.run(TestNG.java:1017)
	at org.testng.remote.AbstractRemoteTestNG.run(AbstractRemoteTestNG.java:115)
	at org.testng.remote.RemoteTestNG.initAndRun(RemoteTestNG.java:251)
	at org.testng.remote.RemoteTestNG.main(RemoteTestNG.java:77)
</textarea>
					
				</td>
			</tr>
			<tr class='log' status='fail'>
				<td class='status fail' title='fail' alt='fail'><i class='material-icons'>cancel</i></td>
				<td class='timestamp'>11:13:30 AM</td>
				<td class='step-details'>
						Test Failed
					
				</td>
			</tr>
		</tbody>
	</table>
</div>
					</div>
				</li>
				<li class='test displayed active  pass' status='pass' bdd='false' test-id='4'>
					<div class='test-heading'>
						<span class='test-name'>testBrickHTML (5200000000001039, http://feature-pwg-1108.wallap... )</span>
						<span class='test-time'>Jul 16, 2019 11:13:30 AM</span>
						<span class='test-status right pass'>pass</span>
					</div>
					<div class='test-content hide'>
<div class='test-time-info'>
	<span class='label start-time'>Jul 16, 2019 11:13:30 AM</span>
	<span class='label end-time'>Jul 16, 2019 11:13:52 AM</span>
	<span class='label time-taken grey lighten-1 white-text'>0h 0m 21s+681ms</span>
</div>
<div class='test-attributes'>
	<div class='category-list'>
		<span class='category label'>testBrickHTML</span>
	</div>
</div>
<div class='test-steps'>
	<table class='bordered table-results'>
		<thead>
			<tr>
				<th>Status</th>
				<th>Timestamp</th>
				<th>Details</th>
			</tr>
		</thead>
		<tbody>
			<tr class='log' status='info'>
				<td class='status info' title='info' alt='info'><i class='material-icons'>info_outline</i></td>
				<td class='timestamp'>11:13:30 AM</td>
				<td class='step-details'>
						Params: {Cavv=blank, cardholderVerificationMethod=CVV2, expected_results_authentication=NA, Enrolled=Y, EciFlag=00, WhiteListStatus=null, ErrorDesc=blank, WhiteListStatusSource=null, ErrorNo=0, Payload=blank, PAN=5200000000001039, SignitureVerification=Y, ACSUrl=blank, PAResStatus=U, testName=Test Mastercard 4: Unavailable Frictionless Authentication from the Issuer}
					
				</td>
			</tr>
			<tr class='log' status='info'>
				<td class='status info' title='info' alt='info'><i class='material-icons'>info_outline</i></td>
				<td class='timestamp'>11:13:30 AM</td>
				<td class='step-details'>
						CardNumber: 5200000000001039
					
				</td>
			</tr>
			<tr class='log' status='info'>
				<td class='status info' title='info' alt='info'><i class='material-icons'>info_outline</i></td>
				<td class='timestamp'>11:13:45 AM</td>
				<td class='step-details'>
						t_id: 37595
					
				</td>
			</tr>
			<tr class='log' status='info'>
				<td class='status info' title='info' alt='info'><i class='material-icons'>info_outline</i></td>
				<td class='timestamp'>11:13:47 AM</td>
				<td class='step-details'>
						lookup_response: <pre><xmp><?xml version="1.0" encoding="UTF-8"?><CardinalMPI>
     <ErrorNo>0</ErrorNo>
     <TransactionId>83f9WdGsN2AfKrGTeLO0</TransactionId>
     <Payload/>
     <ErrorDesc/>
     <Cavv/>
     <PAResStatus>U</PAResStatus>
     <Enrolled>Y</Enrolled>
     <ACSTransactionId>4cd6548f-a77a-4187-9aba-e7779ee0d4b4</ACSTransactionId>
     <EciFlag>00</EciFlag>
     <ACSUrl/>
     <ThreeDSServerTransactionId>166a64aa-97ed-4044-b844-ea8dddd0e701</ThreeDSServerTransactionId>
     <CardBin>520000</CardBin>
     <CardBrand>MASTERCARD</CardBrand>
     <StatusReason>01</StatusReason>
     <DSTransactionId>4d3ad2da-eb63-4663-8e11-c00c8306768f</DSTransactionId>
     <ThreeDSVersion>2.2.0</ThreeDSVersion>
     <OrderId>8010136615613307</OrderId>
     <ChallengeRequired/>
     <SignatureVerification>Y</SignatureVerification>
</CardinalMPI>
</xmp></pre>
					
				</td>
			</tr>
			<tr class='log' status='info'>
				<td class='status info' title='info' alt='info'><i class='material-icons'>info_outline</i></td>
				<td class='timestamp'>11:13:52 AM</td>
				<td class='step-details'>
						auth_quest:<br /><pre>{
  "method" : "AUTH",
  "request" : {
    "type" : "AUTH",
    "merchant" : {
      "merchantId" : "63103550",
      "name" : "Embarcadero"
    },
    "merchantRef" : "d65564157",
    "transactionId" : "d65564157-37595",
    "operationId" : "d65564157-37595-5d2d4ef256f43",
    "plainCardData" : {
      "cardNumber" : "520000******1039",
      "expiry" : "2201",
      "cvv2" : "***"
    },
    "amount" : {
      "isoAmount" : 783,
      "currency" : "EUR"
    },
    "ecomReqData" : {
      "allow3dsDowngrade" : true,
      "cardholderVerificationMethod" : "CVV2",
      "cardReadingMethod" : "ECOM"
    },
    "transactionTimestamp" : "2019-07-16T06:13:38",
    "retrievalRefNumber" : "000000037595"
  },
  "headers" : {
    "Content-Type" : "application/json",
    "Authorization" : "Bearer eyJ*****7_uBj9diIA"
  }
}</pre>
					
				</td>
			</tr>
			<tr class='log' status='info'>
				<td class='status info' title='info' alt='info'><i class='material-icons'>info_outline</i></td>
				<td class='timestamp'>11:13:52 AM</td>
				<td class='step-details'>
						[expected_results_authentication] expected {NA} to equal to actual {NA}<br />[Enrolled] expected {Y} to equal to actual {Y}<br />[PAResStatus] expected {U} to equal to actual {U}<br />[SignitureVerification] expected {Y} to equal to actual {Y}<br />[Cavv] expected {} to equal to actual {}<br />[EciFlag] expected {00} to equal to actual {00}<br />[ACSUrl] expected {} to equal to actual {}<br />[Payload] expected {} to equal to actual {}<br />[ErrorNo] expected {0} to equal to actual {0}<br />[ErrorDesc] expected {} to equal to actual {}<br />[WhiteListStatusSource] expected {null} to equal to actual {null}<br />[WhiteListStatus] expected {null} to equal to actual {null}<br />[cardholderVerificationMethod3] expected {CVV2} to equal to actual {CVV2}<br />[cardholderVerificationMethod vs case] expected {CVV2} to equal to actual {CVV2}<br />
					
				</td>
			</tr>
			<tr class='log' status='pass'>
				<td class='status pass' title='pass' alt='pass'><i class='material-icons'>check_circle</i></td>
				<td class='timestamp'>11:13:52 AM</td>
				<td class='step-details'>
						Test passed
					
				</td>
			</tr>
		</tbody>
	</table>
</div>
					</div>
				</li>
				<li class='test displayed active  pass' status='pass' bdd='false' test-id='5'>
					<div class='test-heading'>
						<span class='test-name'>testBrickHTML (5200000000001047, http://feature-pwg-1108.wallap... )</span>
						<span class='test-time'>Jul 16, 2019 11:13:52 AM</span>
						<span class='test-status right pass'>pass</span>
					</div>
					<div class='test-content hide'>
<div class='test-time-info'>
	<span class='label start-time'>Jul 16, 2019 11:13:52 AM</span>
	<span class='label end-time'>Jul 16, 2019 11:14:11 AM</span>
	<span class='label time-taken grey lighten-1 white-text'>0h 0m 18s+611ms</span>
</div>
<div class='test-attributes'>
	<div class='category-list'>
		<span class='category label'>testBrickHTML</span>
	</div>
</div>
<div class='test-steps'>
	<table class='bordered table-results'>
		<thead>
			<tr>
				<th>Status</th>
				<th>Timestamp</th>
				<th>Details</th>
			</tr>
		</thead>
		<tbody>
			<tr class='log' status='info'>
				<td class='status info' title='info' alt='info'><i class='material-icons'>info_outline</i></td>
				<td class='timestamp'>11:13:52 AM</td>
				<td class='step-details'>
						Params: {Cavv=blank, cardholderVerificationMethod=NO_REQUEST, expected_results_authentication=NA, Enrolled=Y, EciFlag=00, WhiteListStatus=null, ErrorDesc=blank, WhiteListStatusSource=null, ErrorNo=0, Payload=blank, PAN=5200000000001047, SignitureVerification=Y, ACSUrl=blank, PAResStatus=R, testName=Test Mastercard 5: Rejected Frictionless Authentication by the Issuer}
					
				</td>
			</tr>
			<tr class='log' status='info'>
				<td class='status info' title='info' alt='info'><i class='material-icons'>info_outline</i></td>
				<td class='timestamp'>11:13:52 AM</td>
				<td class='step-details'>
						CardNumber: 5200000000001047
					
				</td>
			</tr>
			<tr class='log' status='info'>
				<td class='status info' title='info' alt='info'><i class='material-icons'>info_outline</i></td>
				<td class='timestamp'>11:14:04 AM</td>
				<td class='step-details'>
						t_id: 37596
					
				</td>
			</tr>
			<tr class='log' status='info'>
				<td class='status info' title='info' alt='info'><i class='material-icons'>info_outline</i></td>
				<td class='timestamp'>11:14:06 AM</td>
				<td class='step-details'>
						lookup_response: <pre><xmp><?xml version="1.0" encoding="UTF-8"?><CardinalMPI>
     <ErrorNo>0</ErrorNo>
     <TransactionId>xVbCNHgGBvBoyjb13pO0</TransactionId>
     <Payload/>
     <ErrorDesc/>
     <Cavv/>
     <PAResStatus>R</PAResStatus>
     <Enrolled>Y</Enrolled>
     <ACSTransactionId>d0974f55-c36f-45b2-94c0-59834420860c</ACSTransactionId>
     <EciFlag>00</EciFlag>
     <ACSUrl/>
     <ThreeDSServerTransactionId>693e675a-a31e-4926-9005-a5566472d8da</ThreeDSServerTransactionId>
     <CardBin>520000</CardBin>
     <CardBrand>MASTERCARD</CardBrand>
     <StatusReason>01</StatusReason>
     <DSTransactionId>235cfb43-5359-4ce8-b29e-82addb24a13c</DSTransactionId>
     <ThreeDSVersion>2.2.0</ThreeDSVersion>
     <OrderId>8010486456255860</OrderId>
     <ChallengeRequired/>
     <SignatureVerification>Y</SignatureVerification>
</CardinalMPI>
</xmp></pre>
					
				</td>
			</tr>
			<tr class='log' status='info'>
				<td class='status info' title='info' alt='info'><i class='material-icons'>info_outline</i></td>
				<td class='timestamp'>11:14:11 AM</td>
				<td class='step-details'>
						[expected_results_authentication] expected {NA} to equal to actual {NA}<br />[Enrolled] expected {Y} to equal to actual {Y}<br />[PAResStatus] expected {R} to equal to actual {R}<br />[SignitureVerification] expected {Y} to equal to actual {Y}<br />[Cavv] expected {} to equal to actual {}<br />[EciFlag] expected {00} to equal to actual {00}<br />[ACSUrl] expected {} to equal to actual {}<br />[Payload] expected {} to equal to actual {}<br />[ErrorNo] expected {0} to equal to actual {0}<br />[ErrorDesc] expected {} to equal to actual {}<br />[WhiteListStatusSource] expected {null} to equal to actual {null}<br />[WhiteListStatus] expected {null} to equal to actual {null}<br />[cardholderVerificationMethod] expected {null} to equal to actual {null}<br />[cardholderVerificationMethod vs case] expected {ERROR} to equal to actual {ERROR}<br />
					
				</td>
			</tr>
			<tr class='log' status='pass'>
				<td class='status pass' title='pass' alt='pass'><i class='material-icons'>check_circle</i></td>
				<td class='timestamp'>11:14:11 AM</td>
				<td class='step-details'>
						Test passed
					
				</td>
			</tr>
		</tbody>
	</table>
</div>
					</div>
				</li>
				<li class='test displayed active  fail' status='fail' bdd='false' test-id='6'>
					<div class='test-heading'>
						<span class='test-name'>testBrickHTML (5200000000001054, http://feature-pwg-1108.wallap... )</span>
						<span class='test-time'>Jul 16, 2019 11:14:11 AM</span>
						<span class='test-status right fail'>fail</span>
					</div>
					<div class='test-content hide'>
<div class='test-time-info'>
	<span class='label start-time'>Jul 16, 2019 11:14:11 AM</span>
	<span class='label end-time'>Jul 16, 2019 11:14:31 AM</span>
	<span class='label time-taken grey lighten-1 white-text'>0h 0m 20s+749ms</span>
</div>
<div class='test-attributes'>
	<div class='category-list'>
		<span class='category label'>testBrickHTML</span>
	</div>
</div>
<div class='test-steps'>
	<table class='bordered table-results'>
		<thead>
			<tr>
				<th>Status</th>
				<th>Timestamp</th>
				<th>Details</th>
			</tr>
		</thead>
		<tbody>
			<tr class='log' status='info'>
				<td class='status info' title='info' alt='info'><i class='material-icons'>info_outline</i></td>
				<td class='timestamp'>11:14:11 AM</td>
				<td class='step-details'>
						Params: {Cavv=blank, cardholderVerificationMethod=CVV2, expected_results_authentication=NA, Enrolled=U, EciFlag=01, WhiteListStatus=null, ErrorDesc=blank, WhiteListStatusSource=null, ErrorNo=0, Payload=blank, PAN=5200000000001054, SignitureVerification=blank, ACSUrl=blank, PAResStatus=blank, testName=Test Mastercard 6: Authentication Not Available on Lookup}
					
				</td>
			</tr>
			<tr class='log' status='info'>
				<td class='status info' title='info' alt='info'><i class='material-icons'>info_outline</i></td>
				<td class='timestamp'>11:14:11 AM</td>
				<td class='step-details'>
						CardNumber: 5200000000001054
					
				</td>
			</tr>
			<tr class='log' status='info'>
				<td class='status info' title='info' alt='info'><i class='material-icons'>info_outline</i></td>
				<td class='timestamp'>11:14:24 AM</td>
				<td class='step-details'>
						t_id: 37597
					
				</td>
			</tr>
			<tr class='log' status='info'>
				<td class='status info' title='info' alt='info'><i class='material-icons'>info_outline</i></td>
				<td class='timestamp'>11:14:27 AM</td>
				<td class='step-details'>
						lookup_response: <pre><xmp><?xml version="1.0" encoding="UTF-8"?><CardinalMPI>
     <ErrorNo>0</ErrorNo>
     <TransactionId>E8neadiO4KrDwSjq99g0</TransactionId>
     <Payload/>
     <ErrorDesc/>
     <Cavv/>
     <PAResStatus/>
     <Enrolled>U</Enrolled>
     <EciFlag>00</EciFlag>
     <ACSUrl/>
     <ThreeDSServerTransactionId>beb94555-6bd8-4801-8c50-78c695e2116c</ThreeDSServerTransactionId>
     <CardBin>520000</CardBin>
     <ReasonDesc>Invalid Formatted Message Invalid Formatted Message</ReasonDesc>
     <CardBrand>MASTERCARD</CardBrand>
     <ThreeDSVersion>2.2.0</ThreeDSVersion>
     <ReasonCode>101</ReasonCode>
     <OrderId>8010659352935401</OrderId>
     <ChallengeRequired/>
     <SignatureVerification/>
</CardinalMPI>
</xmp></pre>
					
				</td>
			</tr>
			<tr class='log' status='info'>
				<td class='status info' title='info' alt='info'><i class='material-icons'>info_outline</i></td>
				<td class='timestamp'>11:14:31 AM</td>
				<td class='step-details'>
						auth_quest:<br /><pre>{
  "method" : "AUTH",
  "request" : {
    "type" : "AUTH",
    "merchant" : {
      "merchantId" : "63103550",
      "name" : "Embarcadero"
    },
    "merchantRef" : "d65564159",
    "transactionId" : "d65564159-37597",
    "operationId" : "d65564159-37597-5d2d4f1b77960",
    "plainCardData" : {
      "cardNumber" : "520000******1054",
      "expiry" : "2201",
      "cvv2" : "***"
    },
    "amount" : {
      "isoAmount" : 783,
      "currency" : "EUR"
    },
    "ecomReqData" : {
      "allow3dsDowngrade" : true,
      "cardholderVerificationMethod" : "CVV2",
      "cardReadingMethod" : "ECOM"
    },
    "transactionTimestamp" : "2019-07-16T06:14:19",
    "retrievalRefNumber" : "000000037597"
  },
  "headers" : {
    "Content-Type" : "application/json",
    "Authorization" : "Bearer eyJ*****7_uBj9diIA"
  }
}</pre>
					
				</td>
			</tr>
			<tr class='log' status='info'>
				<td class='status info' title='info' alt='info'><i class='material-icons'>info_outline</i></td>
				<td class='timestamp'>11:14:31 AM</td>
				<td class='step-details'>
						[expected_results_authentication] expected {NA} to equal to actual {NA}<br />[Enrolled] expected {U} to equal to actual {U}<br />[PAResStatus] expected {} to equal to actual {}<br />[SignitureVerification] expected {} to equal to actual {}<br />[Cavv] expected {} to equal to actual {}<br />[EciFlag] expected {01} to equal to actual {00}<br />[ACSUrl] expected {} to equal to actual {}<br />[Payload] expected {} to equal to actual {}<br />[ErrorNo] expected {0} to equal to actual {0}<br />[ErrorDesc] expected {} to equal to actual {}<br />[WhiteListStatusSource] expected {null} to equal to actual {null}<br />[WhiteListStatus] expected {null} to equal to actual {null}<br />[cardholderVerificationMethod3] expected {CVV2} to equal to actual {CVV2}<br />[cardholderVerificationMethod vs case] expected {CVV2} to equal to actual {CVV2}<br />
					
				</td>
			</tr>
			<tr class='log' status='fail'>
				<td class='status fail' title='fail' alt='fail'><i class='material-icons'>cancel</i></td>
				<td class='timestamp'>11:14:31 AM</td>
				<td class='step-details'>
						<textarea disabled class="code-block">java.lang.AssertionError: The following asserts failed:
	[EciFlag] expected [01] but found [00]
	at automation.project3ds.MySoftAssertAll.assertAll(MySoftAssertAll.java:60)
	at automation.project3ds.testBrickHTML.execute(testBrickHTML.java:344)
	at sun.reflect.NativeMethodAccessorImpl.invoke0(Native Method)
	at sun.reflect.NativeMethodAccessorImpl.invoke(Unknown Source)
	at sun.reflect.DelegatingMethodAccessorImpl.invoke(Unknown Source)
	at java.lang.reflect.Method.invoke(Unknown Source)
	at org.testng.internal.MethodInvocationHelper.invokeMethod(MethodInvocationHelper.java:124)
	at org.testng.internal.Invoker.invokeMethod(Invoker.java:583)
	at org.testng.internal.Invoker.invokeTestMethod(Invoker.java:719)
	at org.testng.internal.Invoker.invokeTestMethods(Invoker.java:989)
	at org.testng.internal.TestMethodWorker.invokeTestMethods(TestMethodWorker.java:125)
	at org.testng.internal.TestMethodWorker.run(TestMethodWorker.java:109)
	at org.testng.TestRunner.privateRun(TestRunner.java:648)
	at org.testng.TestRunner.run(TestRunner.java:505)
	at org.testng.SuiteRunner.runTest(SuiteRunner.java:455)
	at org.testng.SuiteRunner.runSequentially(SuiteRunner.java:450)
	at org.testng.SuiteRunner.privateRun(SuiteRunner.java:415)
	at org.testng.SuiteRunner.run(SuiteRunner.java:364)
	at org.testng.SuiteRunnerWorker.runSuite(SuiteRunnerWorker.java:52)
	at org.testng.SuiteRunnerWorker.run(SuiteRunnerWorker.java:84)
	at org.testng.TestNG.runSuitesSequentially(TestNG.java:1208)
	at org.testng.TestNG.runSuitesLocally(TestNG.java:1137)
	at org.testng.TestNG.runSuites(TestNG.java:1049)
	at org.testng.TestNG.run(TestNG.java:1017)
	at org.testng.remote.AbstractRemoteTestNG.run(AbstractRemoteTestNG.java:115)
	at org.testng.remote.RemoteTestNG.initAndRun(RemoteTestNG.java:251)
	at org.testng.remote.RemoteTestNG.main(RemoteTestNG.java:77)
</textarea>
					
				</td>
			</tr>
			<tr class='log' status='fail'>
				<td class='status fail' title='fail' alt='fail'><i class='material-icons'>cancel</i></td>
				<td class='timestamp'>11:14:31 AM</td>
				<td class='step-details'>
						Test Failed
					
				</td>
			</tr>
		</tbody>
	</table>
</div>
					</div>
				</li>
				<li class='test displayed active  fail' status='fail' bdd='false' test-id='7'>
					<div class='test-heading'>
						<span class='test-name'>testBrickHTML (5200000000001062, http://feature-pwg-1108.wallap... )</span>
						<span class='test-time'>Jul 16, 2019 11:14:31 AM</span>
						<span class='test-status right fail'>fail</span>
					</div>
					<div class='test-content hide'>
<div class='test-time-info'>
	<span class='label start-time'>Jul 16, 2019 11:14:31 AM</span>
	<span class='label end-time'>Jul 16, 2019 11:14:52 AM</span>
	<span class='label time-taken grey lighten-1 white-text'>0h 0m 20s+265ms</span>
</div>
<div class='test-attributes'>
	<div class='category-list'>
		<span class='category label'>testBrickHTML</span>
	</div>
</div>
<div class='test-steps'>
	<table class='bordered table-results'>
		<thead>
			<tr>
				<th>Status</th>
				<th>Timestamp</th>
				<th>Details</th>
			</tr>
		</thead>
		<tbody>
			<tr class='log' status='info'>
				<td class='status info' title='info' alt='info'><i class='material-icons'>info_outline</i></td>
				<td class='timestamp'>11:14:31 AM</td>
				<td class='step-details'>
						Params: {Cavv=blank, cardholderVerificationMethod=CVV2, expected_results_authentication=NA, Enrolled=blank, EciFlag=00, WhiteListStatus=null, ErrorDesc=value, WhiteListStatusSource=null, ErrorNo=value, Payload=blank, PAN=5200000000001062, SignitureVerification=blank, ACSUrl=blank, PAResStatus=blank, testName=Test Mastercard 7: Error on Lookup}
					
				</td>
			</tr>
			<tr class='log' status='info'>
				<td class='status info' title='info' alt='info'><i class='material-icons'>info_outline</i></td>
				<td class='timestamp'>11:14:31 AM</td>
				<td class='step-details'>
						CardNumber: 5200000000001062
					
				</td>
			</tr>
			<tr class='log' status='info'>
				<td class='status info' title='info' alt='info'><i class='material-icons'>info_outline</i></td>
				<td class='timestamp'>11:14:44 AM</td>
				<td class='step-details'>
						t_id: 37598
					
				</td>
			</tr>
			<tr class='log' status='info'>
				<td class='status info' title='info' alt='info'><i class='material-icons'>info_outline</i></td>
				<td class='timestamp'>11:14:47 AM</td>
				<td class='step-details'>
						lookup_response: <pre><xmp><?xml version="1.0" encoding="UTF-8"?><CardinalMPI>
     <ErrorNo>1001</ErrorNo>
     <TransactionId>764J5deYUikFhf0YYAm0</TransactionId>
     <Payload/>
     <ErrorDesc>Error Processing Message Request</ErrorDesc>
     <Cavv/>
     <PAResStatus/>
     <Enrolled>U</Enrolled>
     <EciFlag>00</EciFlag>
     <ACSUrl/>
     <ThreeDSServerTransactionId>27c5f042-bf36-4ce6-93d5-e42c7fc13efd</ThreeDSServerTransactionId>
     <CardBin>520000</CardBin>
     <ReasonDesc>Error Processing Message Request</ReasonDesc>
     <CardBrand>MASTERCARD</CardBrand>
     <ThreeDSVersion>2.2.0</ThreeDSVersion>
     <ReasonCode>1001</ReasonCode>
     <OrderId>8010696941786291</OrderId>
     <ChallengeRequired/>
     <SignatureVerification/>
</CardinalMPI>
</xmp></pre>
					
				</td>
			</tr>
			<tr class='log' status='info'>
				<td class='status info' title='info' alt='info'><i class='material-icons'>info_outline</i></td>
				<td class='timestamp'>11:14:52 AM</td>
				<td class='step-details'>
						auth_quest:<br /><pre>{
  "method" : "AUTH",
  "request" : {
    "type" : "AUTH",
    "merchant" : {
      "merchantId" : "63103550",
      "name" : "Embarcadero"
    },
    "merchantRef" : "d65564160",
    "transactionId" : "d65564160-37598",
    "operationId" : "d65564160-37598-5d2d4f2f4a07a",
    "plainCardData" : {
      "cardNumber" : "520000******1062",
      "expiry" : "2201",
      "cvv2" : "***"
    },
    "amount" : {
      "isoAmount" : 783,
      "currency" : "EUR"
    },
    "ecomReqData" : {
      "allow3dsDowngrade" : true,
      "cardholderVerificationMethod" : "CVV2",
      "cardReadingMethod" : "ECOM"
    },
    "transactionTimestamp" : "2019-07-16T06:14:39",
    "retrievalRefNumber" : "000000037598"
  },
  "headers" : {
    "Content-Type" : "application/json",
    "Authorization" : "Bearer eyJ*****7_uBj9diIA"
  }
}</pre>
					
				</td>
			</tr>
			<tr class='log' status='info'>
				<td class='status info' title='info' alt='info'><i class='material-icons'>info_outline</i></td>
				<td class='timestamp'>11:14:52 AM</td>
				<td class='step-details'>
						[expected_results_authentication] expected {NA} to equal to actual {NA}<br />[Enrolled] expected {} to equal to actual {U}<br />[PAResStatus] expected {} to equal to actual {}<br />[SignitureVerification] expected {} to equal to actual {}<br />[Cavv] expected {} to equal to actual {}<br />[EciFlag] expected {00} to equal to actual {00}<br />[ACSUrl] expected {} to equal to actual {}<br />[Payload] expected {} to equal to actual {}<br />[ErrorNo] expected {null} to not equal to actual {1001}<br />[ErrorDesc] expected {null} to not equal to actual {Error Processing Message Request}<br />[WhiteListStatusSource] expected {null} to equal to actual {null}<br />[WhiteListStatus] expected {null} to equal to actual {null}<br />[cardholderVerificationMethod3] expected {CVV2} to equal to actual {CVV2}<br />[cardholderVerificationMethod vs case] expected {CVV2} to equal to actual {CVV2}<br />
					
				</td>
			</tr>
			<tr class='log' status='fail'>
				<td class='status fail' title='fail' alt='fail'><i class='material-icons'>cancel</i></td>
				<td class='timestamp'>11:14:52 AM</td>
				<td class='step-details'>
						<textarea disabled class="code-block">java.lang.AssertionError: The following asserts failed:
	[Enrolled] expected [] but found [U]
	at automation.project3ds.MySoftAssertAll.assertAll(MySoftAssertAll.java:60)
	at automation.project3ds.testBrickHTML.execute(testBrickHTML.java:344)
	at sun.reflect.NativeMethodAccessorImpl.invoke0(Native Method)
	at sun.reflect.NativeMethodAccessorImpl.invoke(Unknown Source)
	at sun.reflect.DelegatingMethodAccessorImpl.invoke(Unknown Source)
	at java.lang.reflect.Method.invoke(Unknown Source)
	at org.testng.internal.MethodInvocationHelper.invokeMethod(MethodInvocationHelper.java:124)
	at org.testng.internal.Invoker.invokeMethod(Invoker.java:583)
	at org.testng.internal.Invoker.invokeTestMethod(Invoker.java:719)
	at org.testng.internal.Invoker.invokeTestMethods(Invoker.java:989)
	at org.testng.internal.TestMethodWorker.invokeTestMethods(TestMethodWorker.java:125)
	at org.testng.internal.TestMethodWorker.run(TestMethodWorker.java:109)
	at org.testng.TestRunner.privateRun(TestRunner.java:648)
	at org.testng.TestRunner.run(TestRunner.java:505)
	at org.testng.SuiteRunner.runTest(SuiteRunner.java:455)
	at org.testng.SuiteRunner.runSequentially(SuiteRunner.java:450)
	at org.testng.SuiteRunner.privateRun(SuiteRunner.java:415)
	at org.testng.SuiteRunner.run(SuiteRunner.java:364)
	at org.testng.SuiteRunnerWorker.runSuite(SuiteRunnerWorker.java:52)
	at org.testng.SuiteRunnerWorker.run(SuiteRunnerWorker.java:84)
	at org.testng.TestNG.runSuitesSequentially(TestNG.java:1208)
	at org.testng.TestNG.runSuitesLocally(TestNG.java:1137)
	at org.testng.TestNG.runSuites(TestNG.java:1049)
	at org.testng.TestNG.run(TestNG.java:1017)
	at org.testng.remote.AbstractRemoteTestNG.run(AbstractRemoteTestNG.java:115)
	at org.testng.remote.RemoteTestNG.initAndRun(RemoteTestNG.java:251)
	at org.testng.remote.RemoteTestNG.main(RemoteTestNG.java:77)
</textarea>
					
				</td>
			</tr>
			<tr class='log' status='fail'>
				<td class='status fail' title='fail' alt='fail'><i class='material-icons'>cancel</i></td>
				<td class='timestamp'>11:14:52 AM</td>
				<td class='step-details'>
						Test Failed
					
				</td>
			</tr>
		</tbody>
	</table>
</div>
					</div>
				</li>
				<li class='test displayed active  fail' status='fail' bdd='false' test-id='8'>
					<div class='test-heading'>
						<span class='test-name'>testBrickHTML (5200000000001070, http://feature-pwg-1108.wallap... )</span>
						<span class='test-time'>Jul 16, 2019 11:14:52 AM</span>
						<span class='test-status right fail'>fail</span>
					</div>
					<div class='test-content hide'>
<div class='test-time-info'>
	<span class='label start-time'>Jul 16, 2019 11:14:52 AM</span>
	<span class='label end-time'>Jul 16, 2019 11:15:25 AM</span>
	<span class='label time-taken grey lighten-1 white-text'>0h 0m 33s+375ms</span>
</div>
<div class='test-attributes'>
	<div class='category-list'>
		<span class='category label'>testBrickHTML</span>
	</div>
</div>
<div class='test-steps'>
	<table class='bordered table-results'>
		<thead>
			<tr>
				<th>Status</th>
				<th>Timestamp</th>
				<th>Details</th>
			</tr>
		</thead>
		<tbody>
			<tr class='log' status='info'>
				<td class='status info' title='info' alt='info'><i class='material-icons'>info_outline</i></td>
				<td class='timestamp'>11:14:52 AM</td>
				<td class='step-details'>
						Params: {Cavv=blank, cardholderVerificationMethod=CVV2, expected_results_authentication=NA, Enrolled=blank, EciFlag=blank, WhiteListStatus=null, ErrorDesc=value, WhiteListStatusSource=null, ErrorNo=value, Payload=blank, PAN=5200000000001070, SignitureVerification=blank, ACSUrl=blank, PAResStatus=blank, testName=Test Mastercard 8: Timeout on cmpi_lookup Transaction}
					
				</td>
			</tr>
			<tr class='log' status='info'>
				<td class='status info' title='info' alt='info'><i class='material-icons'>info_outline</i></td>
				<td class='timestamp'>11:14:52 AM</td>
				<td class='step-details'>
						CardNumber: 5200000000001070
					
				</td>
			</tr>
			<tr class='log' status='info'>
				<td class='status info' title='info' alt='info'><i class='material-icons'>info_outline</i></td>
				<td class='timestamp'>11:15:18 AM</td>
				<td class='step-details'>
						t_id: 37599
					
				</td>
			</tr>
			<tr class='log' status='info'>
				<td class='status info' title='info' alt='info'><i class='material-icons'>info_outline</i></td>
				<td class='timestamp'>11:15:20 AM</td>
				<td class='step-details'>
						lookup_response: <pre><xmp><?xml version="1.0" encoding="UTF-8"?><CardinalMPI>
     <ErrorNo>0</ErrorNo>
     <TransactionId>4f4oUmdJO3Mw1Uqb7JM0</TransactionId>
     <Payload/>
     <ErrorDesc/>
     <Cavv/>
     <PAResStatus/>
     <Enrolled>U</Enrolled>
     <EciFlag>00</EciFlag>
     <ACSUrl/>
     <ThreeDSServerTransactionId>fb1aca33-8881-429a-b327-f41b8a2bee56</ThreeDSServerTransactionId>
     <CardBin>520000</CardBin>
     <ReasonDesc>Message Received Invalid Invalid Formatted Message</ReasonDesc>
     <CardBrand>MASTERCARD</CardBrand>
     <ThreeDSVersion>2.2.0</ThreeDSVersion>
     <ReasonCode>101</ReasonCode>
     <OrderId>8010545848843624</OrderId>
     <ChallengeRequired/>
     <SignatureVerification/>
</CardinalMPI>
</xmp></pre>
					
				</td>
			</tr>
			<tr class='log' status='info'>
				<td class='status info' title='info' alt='info'><i class='material-icons'>info_outline</i></td>
				<td class='timestamp'>11:15:25 AM</td>
				<td class='step-details'>
						auth_quest:<br /><pre>{
  "method" : "AUTH",
  "request" : {
    "type" : "AUTH",
    "merchant" : {
      "merchantId" : "63103550",
      "name" : "Embarcadero"
    },
    "merchantRef" : "d65564161",
    "transactionId" : "d65564161-37599",
    "operationId" : "d65564161-37599-5d2d4f4e8196b",
    "plainCardData" : {
      "cardNumber" : "520000******1070",
      "expiry" : "2201",
      "cvv2" : "***"
    },
    "amount" : {
      "isoAmount" : 783,
      "currency" : "EUR"
    },
    "ecomReqData" : {
      "allow3dsDowngrade" : true,
      "cardholderVerificationMethod" : "CVV2",
      "cardReadingMethod" : "ECOM"
    },
    "transactionTimestamp" : "2019-07-16T06:15:10",
    "retrievalRefNumber" : "000000037599"
  },
  "headers" : {
    "Content-Type" : "application/json",
    "Authorization" : "Bearer eyJ*****7_uBj9diIA"
  }
}</pre>
					
				</td>
			</tr>
			<tr class='log' status='info'>
				<td class='status info' title='info' alt='info'><i class='material-icons'>info_outline</i></td>
				<td class='timestamp'>11:15:25 AM</td>
				<td class='step-details'>
						[expected_results_authentication] expected {NA} to equal to actual {NA}<br />[Enrolled] expected {} to equal to actual {U}<br />[PAResStatus] expected {} to equal to actual {}<br />[SignitureVerification] expected {} to equal to actual {}<br />[Cavv] expected {} to equal to actual {}<br />[EciFlag] expected {} to equal to actual {00}<br />[ACSUrl] expected {} to equal to actual {}<br />[Payload] expected {} to equal to actual {}<br />[ErrorNo] expected {null} to not equal to actual {0}<br />[ErrorDesc] expected {null} to not equal to actual {}<br />[WhiteListStatusSource] expected {null} to equal to actual {null}<br />[WhiteListStatus] expected {null} to equal to actual {null}<br />[cardholderVerificationMethod3] expected {CVV2} to equal to actual {CVV2}<br />[cardholderVerificationMethod vs case] expected {CVV2} to equal to actual {CVV2}<br />
					
				</td>
			</tr>
			<tr class='log' status='fail'>
				<td class='status fail' title='fail' alt='fail'><i class='material-icons'>cancel</i></td>
				<td class='timestamp'>11:15:25 AM</td>
				<td class='step-details'>
						<textarea disabled class="code-block">java.lang.AssertionError: The following asserts failed:
	[Enrolled] expected [] but found [U],
	[EciFlag] expected [] but found [00]
	at automation.project3ds.MySoftAssertAll.assertAll(MySoftAssertAll.java:60)
	at automation.project3ds.testBrickHTML.execute(testBrickHTML.java:344)
	at sun.reflect.NativeMethodAccessorImpl.invoke0(Native Method)
	at sun.reflect.NativeMethodAccessorImpl.invoke(Unknown Source)
	at sun.reflect.DelegatingMethodAccessorImpl.invoke(Unknown Source)
	at java.lang.reflect.Method.invoke(Unknown Source)
	at org.testng.internal.MethodInvocationHelper.invokeMethod(MethodInvocationHelper.java:124)
	at org.testng.internal.Invoker.invokeMethod(Invoker.java:583)
	at org.testng.internal.Invoker.invokeTestMethod(Invoker.java:719)
	at org.testng.internal.Invoker.invokeTestMethods(Invoker.java:989)
	at org.testng.internal.TestMethodWorker.invokeTestMethods(TestMethodWorker.java:125)
	at org.testng.internal.TestMethodWorker.run(TestMethodWorker.java:109)
	at org.testng.TestRunner.privateRun(TestRunner.java:648)
	at org.testng.TestRunner.run(TestRunner.java:505)
	at org.testng.SuiteRunner.runTest(SuiteRunner.java:455)
	at org.testng.SuiteRunner.runSequentially(SuiteRunner.java:450)
	at org.testng.SuiteRunner.privateRun(SuiteRunner.java:415)
	at org.testng.SuiteRunner.run(SuiteRunner.java:364)
	at org.testng.SuiteRunnerWorker.runSuite(SuiteRunnerWorker.java:52)
	at org.testng.SuiteRunnerWorker.run(SuiteRunnerWorker.java:84)
	at org.testng.TestNG.runSuitesSequentially(TestNG.java:1208)
	at org.testng.TestNG.runSuitesLocally(TestNG.java:1137)
	at org.testng.TestNG.runSuites(TestNG.java:1049)
	at org.testng.TestNG.run(TestNG.java:1017)
	at org.testng.remote.AbstractRemoteTestNG.run(AbstractRemoteTestNG.java:115)
	at org.testng.remote.RemoteTestNG.initAndRun(RemoteTestNG.java:251)
	at org.testng.remote.RemoteTestNG.main(RemoteTestNG.java:77)
</textarea>
					
				</td>
			</tr>
			<tr class='log' status='fail'>
				<td class='status fail' title='fail' alt='fail'><i class='material-icons'>cancel</i></td>
				<td class='timestamp'>11:15:25 AM</td>
				<td class='step-details'>
						Test Failed
					
				</td>
			</tr>
		</tbody>
	</table>
</div>
					</div>
				</li>
				<li class='test displayed active  pass' status='pass' bdd='false' test-id='9'>
					<div class='test-heading'>
						<span class='test-name'>testBrickHTML (5200000000001088, http://feature-pwg-1108.wallap... )</span>
						<span class='test-time'>Jul 16, 2019 11:15:25 AM</span>
						<span class='test-status right pass'>pass</span>
					</div>
					<div class='test-content hide'>
<div class='test-time-info'>
	<span class='label start-time'>Jul 16, 2019 11:15:25 AM</span>
	<span class='label end-time'>Jul 16, 2019 11:15:45 AM</span>
	<span class='label time-taken grey lighten-1 white-text'>0h 0m 19s+741ms</span>
</div>
<div class='test-attributes'>
	<div class='category-list'>
		<span class='category label'>testBrickHTML</span>
	</div>
</div>
<div class='test-steps'>
	<table class='bordered table-results'>
		<thead>
			<tr>
				<th>Status</th>
				<th>Timestamp</th>
				<th>Details</th>
			</tr>
		</thead>
		<tbody>
			<tr class='log' status='info'>
				<td class='status info' title='info' alt='info'><i class='material-icons'>info_outline</i></td>
				<td class='timestamp'>11:15:25 AM</td>
				<td class='step-details'>
						Params: {Cavv=blank, cardholderVerificationMethod=CVV2, expected_results_authentication=NA, Enrolled=B, EciFlag=00, WhiteListStatus=null, ErrorDesc=blank, WhiteListStatusSource=null, ErrorNo=0, Payload=blank, PAN=5200000000001088, SignitureVerification=blank, ACSUrl=blank, PAResStatus=blank, testName=Test Mastercard 9: Bypassed Authentication}
					
				</td>
			</tr>
			<tr class='log' status='info'>
				<td class='status info' title='info' alt='info'><i class='material-icons'>info_outline</i></td>
				<td class='timestamp'>11:15:25 AM</td>
				<td class='step-details'>
						CardNumber: 5200000000001088
					
				</td>
			</tr>
			<tr class='log' status='info'>
				<td class='status info' title='info' alt='info'><i class='material-icons'>info_outline</i></td>
				<td class='timestamp'>11:15:38 AM</td>
				<td class='step-details'>
						t_id: 37600
					
				</td>
			</tr>
			<tr class='log' status='info'>
				<td class='status info' title='info' alt='info'><i class='material-icons'>info_outline</i></td>
				<td class='timestamp'>11:15:40 AM</td>
				<td class='step-details'>
						lookup_response: <pre><xmp><?xml version="1.0" encoding="UTF-8"?><CardinalMPI>
     <ErrorNo>0</ErrorNo>
     <TransactionId>i2pdxnD1sPpLkXmisSR0</TransactionId>
     <Payload/>
     <ErrorDesc/>
     <Cavv/>
     <PAResStatus/>
     <Enrolled>B</Enrolled>
     <ACSTransactionId>95fab136-2a72-47c1-8c08-b9a9cc922cd7</ACSTransactionId>
     <EciFlag>00</EciFlag>
     <ACSUrl/>
     <ThreeDSServerTransactionId>3235bd3d-4a57-40c8-be32-489b29301e49</ThreeDSServerTransactionId>
     <CardBin>520000</CardBin>
     <CardBrand>MASTERCARD</CardBrand>
     <StatusReason>01</StatusReason>
     <DSTransactionId>ff8f5ce9-695f-4453-9b2a-8b777b780faa</DSTransactionId>
     <ThreeDSVersion>2.2.0</ThreeDSVersion>
     <OrderId>8010055102695496</OrderId>
     <ChallengeRequired/>
     <SignatureVerification/>
</CardinalMPI>
</xmp></pre>
					
				</td>
			</tr>
			<tr class='log' status='info'>
				<td class='status info' title='info' alt='info'><i class='material-icons'>info_outline</i></td>
				<td class='timestamp'>11:15:45 AM</td>
				<td class='step-details'>
						auth_quest:<br /><pre>{
  "method" : "AUTH",
  "request" : {
    "type" : "AUTH",
    "merchant" : {
      "merchantId" : "63103550",
      "name" : "Embarcadero"
    },
    "merchantRef" : "d65564162",
    "transactionId" : "d65564162-37600",
    "operationId" : "d65564162-37600-5d2d4f64d8191",
    "plainCardData" : {
      "cardNumber" : "520000******1088",
      "expiry" : "2201",
      "cvv2" : "***"
    },
    "amount" : {
      "isoAmount" : 783,
      "currency" : "EUR"
    },
    "ecomReqData" : {
      "allow3dsDowngrade" : true,
      "cardholderVerificationMethod" : "CVV2",
      "cardReadingMethod" : "ECOM"
    },
    "transactionTimestamp" : "2019-07-16T06:15:32",
    "retrievalRefNumber" : "000000037600"
  },
  "headers" : {
    "Content-Type" : "application/json",
    "Authorization" : "Bearer eyJ*****7_uBj9diIA"
  }
}</pre>
					
				</td>
			</tr>
			<tr class='log' status='info'>
				<td class='status info' title='info' alt='info'><i class='material-icons'>info_outline</i></td>
				<td class='timestamp'>11:15:45 AM</td>
				<td class='step-details'>
						[expected_results_authentication] expected {NA} to equal to actual {NA}<br />[Enrolled] expected {B} to equal to actual {B}<br />[PAResStatus] expected {} to equal to actual {}<br />[SignitureVerification] expected {} to equal to actual {}<br />[Cavv] expected {} to equal to actual {}<br />[EciFlag] expected {00} to equal to actual {00}<br />[ACSUrl] expected {} to equal to actual {}<br />[Payload] expected {} to equal to actual {}<br />[ErrorNo] expected {0} to equal to actual {0}<br />[ErrorDesc] expected {} to equal to actual {}<br />[WhiteListStatusSource] expected {null} to equal to actual {null}<br />[WhiteListStatus] expected {null} to equal to actual {null}<br />[cardholderVerificationMethod3] expected {CVV2} to equal to actual {CVV2}<br />[cardholderVerificationMethod vs case] expected {CVV2} to equal to actual {CVV2}<br />
					
				</td>
			</tr>
			<tr class='log' status='pass'>
				<td class='status pass' title='pass' alt='pass'><i class='material-icons'>check_circle</i></td>
				<td class='timestamp'>11:15:45 AM</td>
				<td class='step-details'>
						Test passed
					
				</td>
			</tr>
		</tbody>
	</table>
</div>
					</div>
				</li>
				<li class='test displayed active  pass' status='pass' bdd='false' test-id='10'>
					<div class='test-heading'>
						<span class='test-name'>testBrickHTML (5200000000001096, http://feature-pwg-1108.wallap... )</span>
						<span class='test-time'>Jul 16, 2019 11:15:45 AM</span>
						<span class='test-status right pass'>pass</span>
					</div>
					<div class='test-content hide'>
<div class='test-time-info'>
	<span class='label start-time'>Jul 16, 2019 11:15:45 AM</span>
	<span class='label end-time'>Jul 16, 2019 11:16:11 AM</span>
	<span class='label time-taken grey lighten-1 white-text'>0h 0m 25s+960ms</span>
</div>
<div class='test-attributes'>
	<div class='category-list'>
		<span class='category label'>testBrickHTML</span>
	</div>
</div>
<div class='test-steps'>
	<table class='bordered table-results'>
		<thead>
			<tr>
				<th>Status</th>
				<th>Timestamp</th>
				<th>Details</th>
			</tr>
		</thead>
		<tbody>
			<tr class='log' status='info'>
				<td class='status info' title='info' alt='info'><i class='material-icons'>info_outline</i></td>
				<td class='timestamp'>11:15:45 AM</td>
				<td class='step-details'>
						Params: {Cavv=blank, cardholderVerificationMethod=THREEDS, expected_results_authentication=value, EciFlag2=02, Cavv2=value, ErrorDesc2=Success, Enrolled=Y, EciFlag=value, WhiteListStatus=null, ErrorDesc=blank, PAResStatus2=Y, WhiteListStatusSource=null, ErrorNo=0, ErrorNo2=0, SignitureVerification2=Y, Payload=value, PAN=5200000000001096, SignitureVerification=Y, ACSUrl=value, PAResStatus=C, testName=Test Mastercard 10: Successful Step Up Authentication}
					
				</td>
			</tr>
			<tr class='log' status='info'>
				<td class='status info' title='info' alt='info'><i class='material-icons'>info_outline</i></td>
				<td class='timestamp'>11:15:45 AM</td>
				<td class='step-details'>
						CardNumber: 5200000000001096
					
				</td>
			</tr>
			<tr class='log' status='info'>
				<td class='status info' title='info' alt='info'><i class='material-icons'>info_outline</i></td>
				<td class='timestamp'>11:16:03 AM</td>
				<td class='step-details'>
						t_id: 37601
					
				</td>
			</tr>
			<tr class='log' status='info'>
				<td class='status info' title='info' alt='info'><i class='material-icons'>info_outline</i></td>
				<td class='timestamp'>11:16:06 AM</td>
				<td class='step-details'>
						lookup_response: <pre><xmp><?xml version="1.0" encoding="UTF-8"?><CardinalMPI>
     <ErrorNo>0</ErrorNo>
     <TransactionId>8lVNKjTNC5Q5Ve2EWMc0</TransactionId>
     <Payload>eyJtZXNzYWdlVHlwZSI6IkNSZXEiLCJtZXNzYWdlVmVyc2lvbiI6IjIuMi4wIiwidGhyZWVEU1NlcnZlclRyYW5zSUQiOiJlZWQ0NTdjZi01MDc2LTQyOGMtOTY5Mi0xZmMxNWJjY2FlM2MiLCJhY3NUcmFuc0lEIjoiNDg4NGYzNzMtOGIwZS00MGZlLTkwNGMtMzMwMWY5NDljYjZiIiwiY2hhbGxlbmdlV2luZG93U2l6ZSI6IjAyIn0</Payload>
     <ErrorDesc/>
     <Cavv/>
     <PAResStatus>C</PAResStatus>
     <Enrolled>Y</Enrolled>
     <ACSTransactionId>4884f373-8b0e-40fe-904c-3301f949cb6b</ACSTransactionId>
     <EciFlag>00</EciFlag>
     <ACSUrl>https://0merchantacsstag.cardinalcommerce.com/MerchantACSWeb/creq.jsp</ACSUrl>
     <ThreeDSServerTransactionId>eed457cf-5076-428c-9692-1fc15bccae3c</ThreeDSServerTransactionId>
     <CardBin>520000</CardBin>
     <CardBrand>MASTERCARD</CardBrand>
     <DSTransactionId>4a3f63c4-84dd-42e7-b814-de93cf198b35</DSTransactionId>
     <ThreeDSVersion>2.2.0</ThreeDSVersion>
     <OrderId>8010621079455030</OrderId>
     <ChallengeRequired>N</ChallengeRequired>
     <SignatureVerification>Y</SignatureVerification>
     <SDKFlowType>CARDINAL</SDKFlowType>
</CardinalMPI>
</xmp></pre>
					
				</td>
			</tr>
			<tr class='log' status='info'>
				<td class='status info' title='info' alt='info'><i class='material-icons'>info_outline</i></td>
				<td class='timestamp'>11:16:08 AM</td>
				<td class='step-details'>
						auth_response:<br /><pre>{
  "iss" : "5cfa7ccb0e423d0f7cf35f20",
  "iat" : 1563250557,
  "exp" : 1563257757,
  "jti" : "91e7402f-761f-43c0-9018-a5ca259a89ec",
  "ConsumerSessionId" : "0_3e9da2c0-c30d-4b8b-83ea-fde158516835",
  "ReferenceId" : "db3df7dd-8e67-4689-ae6a-d244cace3b93",
  "aud" : "4b7639e5-20af-4340-9be2-5b0c6be1cc91",
  "Payload" : {
    "Validated" : true,
    "Payment" : {
      "Type" : "CCA",
      "ProcessorTransactionId" : "8lVNKjTNC5Q5Ve2EWMc0",
      "ExtendedData" : {
        "CAVV" : "MTIzNDU2Nzg5MDEyMzQ1Njc4OTA=",
        "ECIFlag" : "02",
        "ThreeDSVersion" : "2.2.0",
        "PAResStatus" : "Y",
        "SignatureVerification" : "Y"
      }
    },
    "ActionCode" : "SUCCESS",
    "ErrorNumber" : 0,
    "ErrorDescription" : "Success"
  }
}</pre>
					
				</td>
			</tr>
			<tr class='log' status='info'>
				<td class='status info' title='info' alt='info'><i class='material-icons'>info_outline</i></td>
				<td class='timestamp'>11:16:11 AM</td>
				<td class='step-details'>
						auth_quest:<br /><pre>{
  "method" : "AUTH",
  "request" : {
    "type" : "AUTH",
    "merchant" : {
      "merchantId" : "63103550",
      "name" : "Embarcadero"
    },
    "merchantRef" : "d65564163",
    "transactionId" : "d65564163-37601",
    "operationId" : "d65564163-37601-5d2d4f7ecbc44",
    "plainCardData" : {
      "cardNumber" : "520000******1096",
      "expiry" : "2201",
      "cvv2" : "***"
    },
    "amount" : {
      "isoAmount" : 783,
      "currency" : "EUR"
    },
    "ecomReqData" : {
      "allow3dsDowngrade" : true,
      "cardholderVerificationMethod" : "THREEDS",
      "cardReadingMethod" : "ECOM",
      "threeDSecure" : {
        "xid" : "",
        "aav" : "MTIzNDU2Nzg5MDEyMzQ1Njc4OTA=",
        "version" : "V2",
        "directoryServerTransactionId" : "4a3f63c4-84dd-42e7-b814-de93cf198b35"
      }
    },
    "transactionTimestamp" : "2019-07-16T06:15:58",
    "retrievalRefNumber" : "000000037601"
  },
  "headers" : {
    "Content-Type" : "application/json",
    "Authorization" : "Bearer eyJ*****7_uBj9diIA"
  }
}</pre>
					
				</td>
			</tr>
			<tr class='log' status='info'>
				<td class='status info' title='info' alt='info'><i class='material-icons'>info_outline</i></td>
				<td class='timestamp'>11:16:11 AM</td>
				<td class='step-details'>
						[PAResStatus2] expected {Y} to equal to actual {Y}<br />[SignitureVerification2] expected {Y} to equal to actual {Y}<br />[Cavv2] expected {null} to not equal to actual {MTIzNDU2Nzg5MDEyMzQ1Njc4OTA=}<br />[EciFlag2] expected {02} to equal to actual {02}<br />[ErrorNo2] expected {0} to equal to actual {0}<br />[ErrorDesc2] expected {Success} to equal to actual {Success}<br />[Enrolled] expected {Y} to equal to actual {Y}<br />[PAResStatus] expected {C} to equal to actual {C}<br />[SignitureVerification] expected {Y} to equal to actual {Y}<br />[Cavv] expected {} to equal to actual {}<br />[EciFlag] expected {null} to not equal to actual {00}<br />[ACSUrl] expected {null} to not equal to actual {https://0merchantacsstag.cardinalcommerce.com/MerchantACSWeb/creq.jsp}<br />[Payload] expected {null} to not equal to actual {eyJtZXNzYWdlVHlwZSI6IkNSZXEiLCJtZXNzYWdlVmVyc2lvbiI6IjIuMi4wIiwidGhyZWVEU1NlcnZlclRyYW5zSUQiOiJlZWQ0NTdjZi01MDc2LTQyOGMtOTY5Mi0xZmMxNWJjY2FlM2MiLCJhY3NUcmFuc0lEIjoiNDg4NGYzNzMtOGIwZS00MGZlLTkwNGMtMzMwMWY5NDljYjZiIiwiY2hhbGxlbmdlV2luZG93U2l6ZSI6IjAyIn0}<br />[ErrorNo] expected {0} to equal to actual {0}<br />[ErrorDesc] expected {} to equal to actual {}<br />[WhiteListStatusSource] expected {null} to equal to actual {null}<br />[WhiteListStatus] expected {null} to equal to actual {null}<br />[cardholderVerificationMethod3] expected {THREEDS} to equal to actual {THREEDS}<br />[cardholderVerificationMethod vs case] expected {THREEDS} to equal to actual {THREEDS}<br />[cavv] expected {null} to not equal to actual {MTIzNDU2Nzg5MDEyMzQ1Njc4OTA=}<br />[version] expected {V2} to equal to actual {V2}<br />[directoryServerTransactionId] expected {null} to not equal to actual {4a3f63c4-84dd-42e7-b814-de93cf198b35}<br />
					
				</td>
			</tr>
			<tr class='log' status='pass'>
				<td class='status pass' title='pass' alt='pass'><i class='material-icons'>check_circle</i></td>
				<td class='timestamp'>11:16:11 AM</td>
				<td class='step-details'>
						Test passed
					
				</td>
			</tr>
		</tbody>
	</table>
</div>
					</div>
				</li>
				<li class='test displayed active  fail' status='fail' bdd='false' test-id='11'>
					<div class='test-heading'>
						<span class='test-name'>testBrickHTML (5200000000001104, http://feature-pwg-1108.wallap... )</span>
						<span class='test-time'>Jul 16, 2019 11:16:11 AM</span>
						<span class='test-status right fail'>fail</span>
					</div>
					<div class='test-content hide'>
<div class='test-time-info'>
	<span class='label start-time'>Jul 16, 2019 11:16:11 AM</span>
	<span class='label end-time'>Jul 16, 2019 11:16:33 AM</span>
	<span class='label time-taken grey lighten-1 white-text'>0h 0m 22s+566ms</span>
</div>
<div class='test-attributes'>
	<div class='category-list'>
		<span class='category label'>testBrickHTML</span>
	</div>
</div>
<div class='test-steps'>
	<table class='bordered table-results'>
		<thead>
			<tr>
				<th>Status</th>
				<th>Timestamp</th>
				<th>Details</th>
			</tr>
		</thead>
		<tbody>
			<tr class='log' status='info'>
				<td class='status info' title='info' alt='info'><i class='material-icons'>info_outline</i></td>
				<td class='timestamp'>11:16:11 AM</td>
				<td class='step-details'>
						Params: {Cavv=blank, cardholderVerificationMethod=NO_REQUEST, expected_results_authentication=value, EciFlag2=00, Cavv2=blank, ErrorDesc2=Success, Enrolled=Y, EciFlag=00, WhiteListStatus=null, ErrorDesc=blank, PAResStatus2=N, WhiteListStatusSource=null, ErrorNo=0, ErrorNo2=0, SignitureVerification2=Y, Payload=value, PAN=5200000000001104, SignitureVerification=Y, ACSUrl=value, PAResStatus=C, testName=Test Mastercard 11: Failed Step Up Authentication}
					
				</td>
			</tr>
			<tr class='log' status='info'>
				<td class='status info' title='info' alt='info'><i class='material-icons'>info_outline</i></td>
				<td class='timestamp'>11:16:11 AM</td>
				<td class='step-details'>
						CardNumber: 5200000000001104
					
				</td>
			</tr>
			<tr class='log' status='info'>
				<td class='status info' title='info' alt='info'><i class='material-icons'>info_outline</i></td>
				<td class='timestamp'>11:16:26 AM</td>
				<td class='step-details'>
						t_id: 37602
					
				</td>
			</tr>
			<tr class='log' status='info'>
				<td class='status info' title='info' alt='info'><i class='material-icons'>info_outline</i></td>
				<td class='timestamp'>11:16:29 AM</td>
				<td class='step-details'>
						lookup_response: <pre><xmp><?xml version="1.0" encoding="UTF-8"?><CardinalMPI>
     <ErrorNo>0</ErrorNo>
     <TransactionId>7PLC0XXNoDBry6XVzah0</TransactionId>
     <Payload>eyJtZXNzYWdlVHlwZSI6IkNSZXEiLCJtZXNzYWdlVmVyc2lvbiI6IjIuMi4wIiwidGhyZWVEU1NlcnZlclRyYW5zSUQiOiIxMDIwYjA0Zi04MTRkLTQzN2EtOTQ5OC0zYTU5N2M2OGUyMGMiLCJhY3NUcmFuc0lEIjoiZWQ3ODYwNDAtNjFkOC00ODk2LTljMDgtMTI1YmQzYTA1ODVkIiwiY2hhbGxlbmdlV2luZG93U2l6ZSI6IjAyIn0</Payload>
     <ErrorDesc/>
     <Cavv/>
     <PAResStatus>C</PAResStatus>
     <Enrolled>Y</Enrolled>
     <ACSTransactionId>ed786040-61d8-4896-9c08-125bd3a0585d</ACSTransactionId>
     <EciFlag>00</EciFlag>
     <ACSUrl>https://0merchantacsstag.cardinalcommerce.com/MerchantACSWeb/creq.jsp</ACSUrl>
     <ThreeDSServerTransactionId>1020b04f-814d-437a-9498-3a597c68e20c</ThreeDSServerTransactionId>
     <CardBin>520000</CardBin>
     <CardBrand>MASTERCARD</CardBrand>
     <DSTransactionId>a9b27d32-1fce-4ef5-8142-a0c9f3b2e80d</DSTransactionId>
     <ThreeDSVersion>2.2.0</ThreeDSVersion>
     <OrderId>8010852624080326</OrderId>
     <ChallengeRequired>N</ChallengeRequired>
     <SignatureVerification>Y</SignatureVerification>
     <SDKFlowType>CARDINAL</SDKFlowType>
</CardinalMPI>
</xmp></pre>
					
				</td>
			</tr>
			<tr class='log' status='info'>
				<td class='status info' title='info' alt='info'><i class='material-icons'>info_outline</i></td>
				<td class='timestamp'>11:16:31 AM</td>
				<td class='step-details'>
						auth_response:<br /><pre>{
  "iss" : "5cfa7ccb0e423d0f7cf35f20",
  "iat" : 1563250582,
  "exp" : 1563257782,
  "jti" : "dcaf29a0-3fd4-4bf2-82fb-92209c227c1f",
  "ConsumerSessionId" : "0_3e9da2c0-c30d-4b8b-83ea-fde158516835",
  "ReferenceId" : "da28b781-812d-4595-a7b8-0dc11dfd0b74",
  "aud" : "bb61bda0-30ca-4428-bbea-a64dbaf4f979",
  "Payload" : {
    "Validated" : false,
    "Payment" : {
      "Type" : "CCA",
      "ProcessorTransactionId" : "7PLC0XXNoDBry6XVzah0",
      "ExtendedData" : {
        "CAVV" : "",
        "ECIFlag" : "00",
        "ThreeDSVersion" : "2.2.0",
        "PAResStatus" : "N",
        "SignatureVerification" : "Y"
      }
    },
    "ActionCode" : "FAILURE",
    "ErrorNumber" : 0,
    "ErrorDescription" : "Success"
  }
}</pre>
					
				</td>
			</tr>
			<tr class='log' status='info'>
				<td class='status info' title='info' alt='info'><i class='material-icons'>info_outline</i></td>
				<td class='timestamp'>11:16:33 AM</td>
				<td class='step-details'>
						[PAResStatus2] expected {N} to equal to actual {N}<br />[SignitureVerification2] expected {Y} to equal to actual {Y}<br />[Cavv2] expected {} to equal to actual {}<br />[EciFlag2] expected {00} to equal to actual {00}<br />[ErrorNo2] expected {0} to equal to actual {0}<br />[ErrorDesc2] expected {Success} to equal to actual {Success}<br />[Enrolled] expected {Y} to equal to actual {Y}<br />[PAResStatus] expected {C} to equal to actual {C}<br />[SignitureVerification] expected {Y} to equal to actual {Y}<br />[Cavv] expected {} to equal to actual {}<br />[EciFlag] expected {00} to equal to actual {00}<br />[ACSUrl] expected {null} to not equal to actual {https://0merchantacsstag.cardinalcommerce.com/MerchantACSWeb/creq.jsp}<br />[Payload] expected {null} to not equal to actual {eyJtZXNzYWdlVHlwZSI6IkNSZXEiLCJtZXNzYWdlVmVyc2lvbiI6IjIuMi4wIiwidGhyZWVEU1NlcnZlclRyYW5zSUQiOiIxMDIwYjA0Zi04MTRkLTQzN2EtOTQ5OC0zYTU5N2M2OGUyMGMiLCJhY3NUcmFuc0lEIjoiZWQ3ODYwNDAtNjFkOC00ODk2LTljMDgtMTI1YmQzYTA1ODVkIiwiY2hhbGxlbmdlV2luZG93U2l6ZSI6IjAyIn0}<br />[ErrorNo] expected {0} to equal to actual {0}<br />[ErrorDesc] expected {} to equal to actual {}<br />[WhiteListStatusSource] expected {null} to equal to actual {null}<br />[WhiteListStatus] expected {null} to equal to actual {null}<br />[cardholderVerificationMethod] expected {null} to equal to actual {null}<br />[cardholderVerificationMethod vs case] expected {ERROR} to equal to actual {THREEDS_ATTEMPT}<br />
					
				</td>
			</tr>
			<tr class='log' status='fail'>
				<td class='status fail' title='fail' alt='fail'><i class='material-icons'>cancel</i></td>
				<td class='timestamp'>11:16:33 AM</td>
				<td class='step-details'>
						<textarea disabled class="code-block">java.lang.AssertionError: The following asserts failed:
	[cardholderVerificationMethod vs case] expected [ERROR] but found [THREEDS_ATTEMPT]
	at automation.project3ds.MySoftAssertAll.assertAll(MySoftAssertAll.java:60)
	at automation.project3ds.testBrickHTML.execute(testBrickHTML.java:344)
	at sun.reflect.NativeMethodAccessorImpl.invoke0(Native Method)
	at sun.reflect.NativeMethodAccessorImpl.invoke(Unknown Source)
	at sun.reflect.DelegatingMethodAccessorImpl.invoke(Unknown Source)
	at java.lang.reflect.Method.invoke(Unknown Source)
	at org.testng.internal.MethodInvocationHelper.invokeMethod(MethodInvocationHelper.java:124)
	at org.testng.internal.Invoker.invokeMethod(Invoker.java:583)
	at org.testng.internal.Invoker.invokeTestMethod(Invoker.java:719)
	at org.testng.internal.Invoker.invokeTestMethods(Invoker.java:989)
	at org.testng.internal.TestMethodWorker.invokeTestMethods(TestMethodWorker.java:125)
	at org.testng.internal.TestMethodWorker.run(TestMethodWorker.java:109)
	at org.testng.TestRunner.privateRun(TestRunner.java:648)
	at org.testng.TestRunner.run(TestRunner.java:505)
	at org.testng.SuiteRunner.runTest(SuiteRunner.java:455)
	at org.testng.SuiteRunner.runSequentially(SuiteRunner.java:450)
	at org.testng.SuiteRunner.privateRun(SuiteRunner.java:415)
	at org.testng.SuiteRunner.run(SuiteRunner.java:364)
	at org.testng.SuiteRunnerWorker.runSuite(SuiteRunnerWorker.java:52)
	at org.testng.SuiteRunnerWorker.run(SuiteRunnerWorker.java:84)
	at org.testng.TestNG.runSuitesSequentially(TestNG.java:1208)
	at org.testng.TestNG.runSuitesLocally(TestNG.java:1137)
	at org.testng.TestNG.runSuites(TestNG.java:1049)
	at org.testng.TestNG.run(TestNG.java:1017)
	at org.testng.remote.AbstractRemoteTestNG.run(AbstractRemoteTestNG.java:115)
	at org.testng.remote.RemoteTestNG.initAndRun(RemoteTestNG.java:251)
	at org.testng.remote.RemoteTestNG.main(RemoteTestNG.java:77)
</textarea>
					
				</td>
			</tr>
			<tr class='log' status='fail'>
				<td class='status fail' title='fail' alt='fail'><i class='material-icons'>cancel</i></td>
				<td class='timestamp'>11:16:33 AM</td>
				<td class='step-details'>
						Test Failed
					
				</td>
			</tr>
		</tbody>
	</table>
</div>
					</div>
				</li>
				<li class='test displayed active  pass' status='pass' bdd='false' test-id='12'>
					<div class='test-heading'>
						<span class='test-name'>testBrickHTML (5200000000001112, http://feature-pwg-1108.wallap... )</span>
						<span class='test-time'>Jul 16, 2019 11:16:33 AM</span>
						<span class='test-status right pass'>pass</span>
					</div>
					<div class='test-content hide'>
<div class='test-time-info'>
	<span class='label start-time'>Jul 16, 2019 11:16:33 AM</span>
	<span class='label end-time'>Jul 16, 2019 11:17:01 AM</span>
	<span class='label time-taken grey lighten-1 white-text'>0h 0m 27s+329ms</span>
</div>
<div class='test-attributes'>
	<div class='category-list'>
		<span class='category label'>testBrickHTML</span>
	</div>
</div>
<div class='test-steps'>
	<table class='bordered table-results'>
		<thead>
			<tr>
				<th>Status</th>
				<th>Timestamp</th>
				<th>Details</th>
			</tr>
		</thead>
		<tbody>
			<tr class='log' status='info'>
				<td class='status info' title='info' alt='info'><i class='material-icons'>info_outline</i></td>
				<td class='timestamp'>11:16:33 AM</td>
				<td class='step-details'>
						Params: {Cavv=blank, cardholderVerificationMethod=YES_REQUEST, expected_results_authentication=value, EciFlag2=00, Cavv2=blank, ErrorDesc2=Success, Enrolled=Y, EciFlag=00, WhiteListStatus=null, ErrorDesc=blank, PAResStatus2=U, WhiteListStatusSource=null, ErrorNo=0, ErrorNo2=0, SignitureVerification2=Y, Payload=value, PAN=5200000000001112, SignitureVerification=Y, ACSUrl=value, PAResStatus=C, testName=Test Mastercard 12: Step Up Authentication is Unavailable}
					
				</td>
			</tr>
			<tr class='log' status='info'>
				<td class='status info' title='info' alt='info'><i class='material-icons'>info_outline</i></td>
				<td class='timestamp'>11:16:33 AM</td>
				<td class='step-details'>
						CardNumber: 5200000000001112
					
				</td>
			</tr>
			<tr class='log' status='info'>
				<td class='status info' title='info' alt='info'><i class='material-icons'>info_outline</i></td>
				<td class='timestamp'>11:16:54 AM</td>
				<td class='step-details'>
						t_id: 37603
					
				</td>
			</tr>
			<tr class='log' status='info'>
				<td class='status info' title='info' alt='info'><i class='material-icons'>info_outline</i></td>
				<td class='timestamp'>11:16:56 AM</td>
				<td class='step-details'>
						lookup_response: <pre><xmp><?xml version="1.0" encoding="UTF-8"?><CardinalMPI>
     <ErrorNo>0</ErrorNo>
     <TransactionId>kihOiOa0bHWTKZf05sN0</TransactionId>
     <Payload>eyJtZXNzYWdlVHlwZSI6IkNSZXEiLCJtZXNzYWdlVmVyc2lvbiI6IjIuMi4wIiwidGhyZWVEU1NlcnZlclRyYW5zSUQiOiI4YzRmMTZhZS02YjJmLTQyNzAtYTE4Yy03OGQxMjc1NGRhNzUiLCJhY3NUcmFuc0lEIjoiNDQzOTc0YzYtNjVlYS00ODQ1LWIyZmQtNWU3ZjAyNmRiMjBlIiwiY2hhbGxlbmdlV2luZG93U2l6ZSI6IjAyIn0</Payload>
     <ErrorDesc/>
     <Cavv/>
     <PAResStatus>C</PAResStatus>
     <Enrolled>Y</Enrolled>
     <ACSTransactionId>443974c6-65ea-4845-b2fd-5e7f026db20e</ACSTransactionId>
     <EciFlag>00</EciFlag>
     <ACSUrl>https://0merchantacsstag.cardinalcommerce.com/MerchantACSWeb/creq.jsp</ACSUrl>
     <ThreeDSServerTransactionId>8c4f16ae-6b2f-4270-a18c-78d12754da75</ThreeDSServerTransactionId>
     <CardBin>520000</CardBin>
     <CardBrand>MASTERCARD</CardBrand>
     <DSTransactionId>9cd094e7-1734-40bd-889d-3fc63ccaeffb</DSTransactionId>
     <ThreeDSVersion>2.2.0</ThreeDSVersion>
     <OrderId>8010440658383244</OrderId>
     <ChallengeRequired>N</ChallengeRequired>
     <SignatureVerification>Y</SignatureVerification>
     <SDKFlowType>CARDINAL</SDKFlowType>
</CardinalMPI>
</xmp></pre>
					
				</td>
			</tr>
			<tr class='log' status='info'>
				<td class='status info' title='info' alt='info'><i class='material-icons'>info_outline</i></td>
				<td class='timestamp'>11:16:58 AM</td>
				<td class='step-details'>
						auth_response:<br /><pre>{
  "iss" : "5cfa7ccb0e423d0f7cf35f20",
  "iat" : 1563250605,
  "exp" : 1563257805,
  "jti" : "ae729763-d539-4b76-ab62-1b9e5349b093",
  "ConsumerSessionId" : "0_3e9da2c0-c30d-4b8b-83ea-fde158516835",
  "ReferenceId" : "7d3824b9-0043-4a71-98e0-aaf085ecd45a",
  "aud" : "315cefd7-13e7-406e-89f3-e726846738e4",
  "Payload" : {
    "Validated" : true,
    "Payment" : {
      "Type" : "CCA",
      "ProcessorTransactionId" : "kihOiOa0bHWTKZf05sN0",
      "ExtendedData" : {
        "CAVV" : "",
        "ECIFlag" : "00",
        "ThreeDSVersion" : "2.2.0",
        "PAResStatus" : "U",
        "SignatureVerification" : "Y"
      }
    },
    "ActionCode" : "NOACTION",
    "ErrorNumber" : 0,
    "ErrorDescription" : "Success"
  }
}</pre>
					
				</td>
			</tr>
			<tr class='log' status='info'>
				<td class='status info' title='info' alt='info'><i class='material-icons'>info_outline</i></td>
				<td class='timestamp'>11:17:01 AM</td>
				<td class='step-details'>
						auth_quest:<br /><pre>{
  "method" : "AUTH",
  "request" : {
    "type" : "AUTH",
    "merchant" : {
      "merchantId" : "63103550",
      "name" : "Embarcadero"
    },
    "merchantRef" : "d65564165",
    "transactionId" : "d65564165-37603",
    "operationId" : "d65564165-37603-5d2d4faf52bcb",
    "plainCardData" : {
      "cardNumber" : "520000******1112",
      "expiry" : "2201",
      "cvv2" : "***"
    },
    "amount" : {
      "isoAmount" : 783,
      "currency" : "EUR"
    },
    "ecomReqData" : {
      "allow3dsDowngrade" : true,
      "cardholderVerificationMethod" : "CVV2",
      "cardReadingMethod" : "ECOM"
    },
    "transactionTimestamp" : "2019-07-16T06:16:47",
    "retrievalRefNumber" : "000000037603"
  },
  "headers" : {
    "Content-Type" : "application/json",
    "Authorization" : "Bearer eyJ*****7_uBj9diIA"
  }
}</pre>
					
				</td>
			</tr>
			<tr class='log' status='info'>
				<td class='status info' title='info' alt='info'><i class='material-icons'>info_outline</i></td>
				<td class='timestamp'>11:17:01 AM</td>
				<td class='step-details'>
						[PAResStatus2] expected {U} to equal to actual {U}<br />[SignitureVerification2] expected {Y} to equal to actual {Y}<br />[Cavv2] expected {} to equal to actual {}<br />[EciFlag2] expected {00} to equal to actual {00}<br />[ErrorNo2] expected {0} to equal to actual {0}<br />[ErrorDesc2] expected {Success} to equal to actual {Success}<br />[Enrolled] expected {Y} to equal to actual {Y}<br />[PAResStatus] expected {C} to equal to actual {C}<br />[SignitureVerification] expected {Y} to equal to actual {Y}<br />[Cavv] expected {} to equal to actual {}<br />[EciFlag] expected {00} to equal to actual {00}<br />[ACSUrl] expected {null} to not equal to actual {https://0merchantacsstag.cardinalcommerce.com/MerchantACSWeb/creq.jsp}<br />[Payload] expected {null} to not equal to actual {eyJtZXNzYWdlVHlwZSI6IkNSZXEiLCJtZXNzYWdlVmVyc2lvbiI6IjIuMi4wIiwidGhyZWVEU1NlcnZlclRyYW5zSUQiOiI4YzRmMTZhZS02YjJmLTQyNzAtYTE4Yy03OGQxMjc1NGRhNzUiLCJhY3NUcmFuc0lEIjoiNDQzOTc0YzYtNjVlYS00ODQ1LWIyZmQtNWU3ZjAyNmRiMjBlIiwiY2hhbGxlbmdlV2luZG93U2l6ZSI6IjAyIn0}<br />[ErrorNo] expected {0} to equal to actual {0}<br />[ErrorDesc] expected {} to equal to actual {}<br />[WhiteListStatusSource] expected {null} to equal to actual {null}<br />[WhiteListStatus] expected {null} to equal to actual {null}<br />[cardholderVerificationMethod] expected {null} to not equal to actual {automation.project3ds.Z2$RequestAuth@4f31e47a}<br />
					
				</td>
			</tr>
			<tr class='log' status='pass'>
				<td class='status pass' title='pass' alt='pass'><i class='material-icons'>check_circle</i></td>
				<td class='timestamp'>11:17:01 AM</td>
				<td class='step-details'>
						Test passed
					
				</td>
			</tr>
		</tbody>
	</table>
</div>
					</div>
				</li>
				<li class='test displayed active  fail' status='fail' bdd='false' test-id='13'>
					<div class='test-heading'>
						<span class='test-name'>testBrickHTML (5200000000001120, http://feature-pwg-1108.wallap... )</span>
						<span class='test-time'>Jul 16, 2019 11:17:01 AM</span>
						<span class='test-status right fail'>fail</span>
					</div>
					<div class='test-content hide'>
<div class='test-time-info'>
	<span class='label start-time'>Jul 16, 2019 11:17:01 AM</span>
	<span class='label end-time'>Jul 16, 2019 11:17:29 AM</span>
	<span class='label time-taken grey lighten-1 white-text'>0h 0m 28s+417ms</span>
</div>
<div class='test-attributes'>
	<div class='category-list'>
		<span class='category label'>testBrickHTML</span>
	</div>
</div>
<div class='test-steps'>
	<table class='bordered table-results'>
		<thead>
			<tr>
				<th>Status</th>
				<th>Timestamp</th>
				<th>Details</th>
			</tr>
		</thead>
		<tbody>
			<tr class='log' status='info'>
				<td class='status info' title='info' alt='info'><i class='material-icons'>info_outline</i></td>
				<td class='timestamp'>11:17:01 AM</td>
				<td class='step-details'>
						Params: {Cavv=blank, cardholderVerificationMethod=NO_REQUEST, expected_results_authentication=value, EciFlag2=00, Cavv2=blank, ErrorDesc2=value, Enrolled=Y, EciFlag=value, WhiteListStatus=null, ErrorDesc=blank, PAResStatus2=blank, WhiteListStatusSource=null, ErrorNo=0, ErrorNo2=value, SignitureVerification2=blank, Payload=value, PAN=5200000000001120, SignitureVerification=Y, ACSUrl=value, PAResStatus=C, testName=Test Mastercard 13: Error on Authentication}
					
				</td>
			</tr>
			<tr class='log' status='info'>
				<td class='status info' title='info' alt='info'><i class='material-icons'>info_outline</i></td>
				<td class='timestamp'>11:17:01 AM</td>
				<td class='step-details'>
						CardNumber: 5200000000001120
					
				</td>
			</tr>
			<tr class='log' status='info'>
				<td class='status info' title='info' alt='info'><i class='material-icons'>info_outline</i></td>
				<td class='timestamp'>11:17:22 AM</td>
				<td class='step-details'>
						t_id: 37604
					
				</td>
			</tr>
			<tr class='log' status='info'>
				<td class='status info' title='info' alt='info'><i class='material-icons'>info_outline</i></td>
				<td class='timestamp'>11:17:24 AM</td>
				<td class='step-details'>
						lookup_response: <pre><xmp><?xml version="1.0" encoding="UTF-8"?><CardinalMPI>
     <ErrorNo>0</ErrorNo>
     <TransactionId>dEp6lS9M6kYrd25T8nj0</TransactionId>
     <Payload>eyJtZXNzYWdlVHlwZSI6IkNSZXEiLCJtZXNzYWdlVmVyc2lvbiI6IjIuMi4wIiwidGhyZWVEU1NlcnZlclRyYW5zSUQiOiI3MmE2MmJjYy1hMTMxLTQ4NDEtYTFlZi03ZWMwYWI2YWQ3NTQiLCJhY3NUcmFuc0lEIjoiZGViZTkzMDYtODk2OC00ZjIzLWE1ZGUtZDdkZjhkYTJiNTA2IiwiY2hhbGxlbmdlV2luZG93U2l6ZSI6IjAyIn0</Payload>
     <ErrorDesc/>
     <Cavv/>
     <PAResStatus>C</PAResStatus>
     <Enrolled>Y</Enrolled>
     <ACSTransactionId>debe9306-8968-4f23-a5de-d7df8da2b506</ACSTransactionId>
     <EciFlag>00</EciFlag>
     <ACSUrl>https://0merchantacsstag.cardinalcommerce.com/MerchantACSWeb/creq.jsp</ACSUrl>
     <ThreeDSServerTransactionId>72a62bcc-a131-4841-a1ef-7ec0ab6ad754</ThreeDSServerTransactionId>
     <CardBin>520000</CardBin>
     <CardBrand>MASTERCARD</CardBrand>
     <DSTransactionId>49927f39-efc0-404e-a80e-3f9385eff592</DSTransactionId>
     <ThreeDSVersion>2.2.0</ThreeDSVersion>
     <OrderId>8010773631243113</OrderId>
     <ChallengeRequired>N</ChallengeRequired>
     <SignatureVerification>Y</SignatureVerification>
     <SDKFlowType>CARDINAL</SDKFlowType>
</CardinalMPI>
</xmp></pre>
					
				</td>
			</tr>
			<tr class='log' status='info'>
				<td class='status info' title='info' alt='info'><i class='material-icons'>info_outline</i></td>
				<td class='timestamp'>11:17:27 AM</td>
				<td class='step-details'>
						auth_response:<br /><pre>{
  "iss" : "5cfa7ccb0e423d0f7cf35f20",
  "iat" : 1563250631,
  "exp" : 1563257831,
  "jti" : "e3860dd2-b305-4ccf-9e72-47b478162a29",
  "ConsumerSessionId" : "0_3e9da2c0-c30d-4b8b-83ea-fde158516835",
  "ReferenceId" : "50995f18-5cd3-4067-9438-bbeb1c72be08",
  "aud" : "d51010b0-20be-45f4-8123-229dbbc17cbe",
  "Payload" : {
    "Validated" : false,
    "Payment" : {
      "Type" : "CCA",
      "ProcessorTransactionId" : "dEp6lS9M6kYrd25T8nj0",
      "ExtendedData" : [ ],
      "ReasonCode" : "1050",
      "ReasonDescription" : "Error Processing PARes"
    },
    "ActionCode" : "ERROR",
    "ErrorNumber" : 1050,
    "ErrorDescription" : "Error Processing PARes"
  }
}</pre>
					
				</td>
			</tr>
			<tr class='log' status='info'>
				<td class='status info' title='info' alt='info'><i class='material-icons'>info_outline</i></td>
				<td class='timestamp'>11:17:29 AM</td>
				<td class='step-details'>
						[PAResStatus2] expected {} to equal to actual {}<br />[SignitureVerification2] expected {} to equal to actual {}<br />[Cavv2] expected {} to equal to actual {}<br />[EciFlag2] expected {00} to equal to actual {}<br />[ErrorNo2] expected {null} to not equal to actual {1050}<br />[ErrorDesc2] expected {null} to not equal to actual {Error Processing PARes}<br />[Enrolled] expected {Y} to equal to actual {Y}<br />[PAResStatus] expected {C} to equal to actual {C}<br />[SignitureVerification] expected {Y} to equal to actual {Y}<br />[Cavv] expected {} to equal to actual {}<br />[EciFlag] expected {null} to not equal to actual {00}<br />[ACSUrl] expected {null} to not equal to actual {https://0merchantacsstag.cardinalcommerce.com/MerchantACSWeb/creq.jsp}<br />[Payload] expected {null} to not equal to actual {eyJtZXNzYWdlVHlwZSI6IkNSZXEiLCJtZXNzYWdlVmVyc2lvbiI6IjIuMi4wIiwidGhyZWVEU1NlcnZlclRyYW5zSUQiOiI3MmE2MmJjYy1hMTMxLTQ4NDEtYTFlZi03ZWMwYWI2YWQ3NTQiLCJhY3NUcmFuc0lEIjoiZGViZTkzMDYtODk2OC00ZjIzLWE1ZGUtZDdkZjhkYTJiNTA2IiwiY2hhbGxlbmdlV2luZG93U2l6ZSI6IjAyIn0}<br />[ErrorNo] expected {0} to equal to actual {0}<br />[ErrorDesc] expected {} to equal to actual {}<br />[WhiteListStatusSource] expected {null} to equal to actual {null}<br />[WhiteListStatus] expected {null} to equal to actual {null}<br />[cardholderVerificationMethod] expected {null} to equal to actual {null}<br />[cardholderVerificationMethod vs case] expected {ERROR} to equal to actual {THREEDS_ATTEMPT}<br />
					
				</td>
			</tr>
			<tr class='log' status='fail'>
				<td class='status fail' title='fail' alt='fail'><i class='material-icons'>cancel</i></td>
				<td class='timestamp'>11:17:29 AM</td>
				<td class='step-details'>
						<textarea disabled class="code-block">java.lang.AssertionError: The following asserts failed:
	[EciFlag2] expected [00] but found [],
	[cardholderVerificationMethod vs case] expected [ERROR] but found [THREEDS_ATTEMPT]
	at automation.project3ds.MySoftAssertAll.assertAll(MySoftAssertAll.java:60)
	at automation.project3ds.testBrickHTML.execute(testBrickHTML.java:344)
	at sun.reflect.NativeMethodAccessorImpl.invoke0(Native Method)
	at sun.reflect.NativeMethodAccessorImpl.invoke(Unknown Source)
	at sun.reflect.DelegatingMethodAccessorImpl.invoke(Unknown Source)
	at java.lang.reflect.Method.invoke(Unknown Source)
	at org.testng.internal.MethodInvocationHelper.invokeMethod(MethodInvocationHelper.java:124)
	at org.testng.internal.Invoker.invokeMethod(Invoker.java:583)
	at org.testng.internal.Invoker.invokeTestMethod(Invoker.java:719)
	at org.testng.internal.Invoker.invokeTestMethods(Invoker.java:989)
	at org.testng.internal.TestMethodWorker.invokeTestMethods(TestMethodWorker.java:125)
	at org.testng.internal.TestMethodWorker.run(TestMethodWorker.java:109)
	at org.testng.TestRunner.privateRun(TestRunner.java:648)
	at org.testng.TestRunner.run(TestRunner.java:505)
	at org.testng.SuiteRunner.runTest(SuiteRunner.java:455)
	at org.testng.SuiteRunner.runSequentially(SuiteRunner.java:450)
	at org.testng.SuiteRunner.privateRun(SuiteRunner.java:415)
	at org.testng.SuiteRunner.run(SuiteRunner.java:364)
	at org.testng.SuiteRunnerWorker.runSuite(SuiteRunnerWorker.java:52)
	at org.testng.SuiteRunnerWorker.run(SuiteRunnerWorker.java:84)
	at org.testng.TestNG.runSuitesSequentially(TestNG.java:1208)
	at org.testng.TestNG.runSuitesLocally(TestNG.java:1137)
	at org.testng.TestNG.runSuites(TestNG.java:1049)
	at org.testng.TestNG.run(TestNG.java:1017)
	at org.testng.remote.AbstractRemoteTestNG.run(AbstractRemoteTestNG.java:115)
	at org.testng.remote.RemoteTestNG.initAndRun(RemoteTestNG.java:251)
	at org.testng.remote.RemoteTestNG.main(RemoteTestNG.java:77)
</textarea>
					
				</td>
			</tr>
			<tr class='log' status='fail'>
				<td class='status fail' title='fail' alt='fail'><i class='material-icons'>cancel</i></td>
				<td class='timestamp'>11:17:29 AM</td>
				<td class='step-details'>
						Test Failed
					
				</td>
			</tr>
		</tbody>
	</table>
</div>
					</div>
				</li>
				<li class='test displayed active  fail' status='fail' bdd='false' test-id='14'>
					<div class='test-heading'>
						<span class='test-name'>testBrickHTML (5200000000001138, http://feature-pwg-1108.wallap... )</span>
						<span class='test-time'>Jul 16, 2019 11:17:29 AM</span>
						<span class='test-status right fail'>fail</span>
					</div>
					<div class='test-content hide'>
<div class='test-time-info'>
	<span class='label start-time'>Jul 16, 2019 11:17:29 AM</span>
	<span class='label end-time'>Jul 16, 2019 11:17:54 AM</span>
	<span class='label time-taken grey lighten-1 white-text'>0h 0m 24s+730ms</span>
</div>
<div class='test-attributes'>
	<div class='category-list'>
		<span class='category label'>testBrickHTML</span>
	</div>
</div>
<div class='test-steps'>
	<table class='bordered table-results'>
		<thead>
			<tr>
				<th>Status</th>
				<th>Timestamp</th>
				<th>Details</th>
			</tr>
		</thead>
		<tbody>
			<tr class='log' status='info'>
				<td class='status info' title='info' alt='info'><i class='material-icons'>info_outline</i></td>
				<td class='timestamp'>11:17:29 AM</td>
				<td class='step-details'>
						Params: {Cavv=blank, cardholderVerificationMethod=CVV2, expected_results_authentication=value, EciFlag2=value, Cavv2=blank, ErrorDesc2=Success, Enrolled=Y, EciFlag=value, WhiteListStatus=null, ErrorDesc=blank, PAResStatus2=B, WhiteListStatusSource=null, ErrorNo=0, ErrorNo2=0, SignitureVerification2=Y, Payload=value, PAN=5200000000001138, SignitureVerification=Y, ACSUrl=value, PAResStatus=C, testName=Test Mastercard 14: Step Up Authentication with Merchant Bypass}
					
				</td>
			</tr>
			<tr class='log' status='info'>
				<td class='status info' title='info' alt='info'><i class='material-icons'>info_outline</i></td>
				<td class='timestamp'>11:17:29 AM</td>
				<td class='step-details'>
						CardNumber: 5200000000001138
					
				</td>
			</tr>
			<tr class='log' status='info'>
				<td class='status info' title='info' alt='info'><i class='material-icons'>info_outline</i></td>
				<td class='timestamp'>11:17:47 AM</td>
				<td class='step-details'>
						t_id: 37605
					
				</td>
			</tr>
			<tr class='log' status='info'>
				<td class='status info' title='info' alt='info'><i class='material-icons'>info_outline</i></td>
				<td class='timestamp'>11:17:49 AM</td>
				<td class='step-details'>
						lookup_response: <pre><xmp><?xml version="1.0" encoding="UTF-8"?><CardinalMPI>
     <ErrorNo>0</ErrorNo>
     <TransactionId>rn5R8YFG15fYGk4qAyi0</TransactionId>
     <Payload>eyJtZXNzYWdlVHlwZSI6IkNSZXEiLCJtZXNzYWdlVmVyc2lvbiI6IjIuMi4wIiwidGhyZWVEU1NlcnZlclRyYW5zSUQiOiJhZDA2N2YyMC0wMThkLTQxMTQtYTZhNi05NjMxMWYwYTM4YmQiLCJhY3NUcmFuc0lEIjoiOGJiN2I0OGMtOTUwYi00N2EyLWEwYTktNWQyMWJmYzY1YjU3IiwiY2hhbGxlbmdlV2luZG93U2l6ZSI6IjAyIn0</Payload>
     <ErrorDesc/>
     <Cavv/>
     <PAResStatus>C</PAResStatus>
     <Enrolled>Y</Enrolled>
     <ACSTransactionId>8bb7b48c-950b-47a2-a0a9-5d21bfc65b57</ACSTransactionId>
     <EciFlag>00</EciFlag>
     <ACSUrl>https://0merchantacsstag.cardinalcommerce.com/MerchantACSWeb/creq.jsp</ACSUrl>
     <ThreeDSServerTransactionId>ad067f20-018d-4114-a6a6-96311f0a38bd</ThreeDSServerTransactionId>
     <CardBin>520000</CardBin>
     <CardBrand>MASTERCARD</CardBrand>
     <DSTransactionId>53824ca7-201f-410a-8b25-9cf9ceaaf4a1</DSTransactionId>
     <ThreeDSVersion>2.2.0</ThreeDSVersion>
     <OrderId>8010086494926819</OrderId>
     <ChallengeRequired>N</ChallengeRequired>
     <SignatureVerification>Y</SignatureVerification>
     <SDKFlowType>CARDINAL</SDKFlowType>
</CardinalMPI>
</xmp></pre>
					
				</td>
			</tr>
			<tr class='log' status='info'>
				<td class='status info' title='info' alt='info'><i class='material-icons'>info_outline</i></td>
				<td class='timestamp'>11:17:51 AM</td>
				<td class='step-details'>
						auth_response:<br /><pre>{
  "iss" : "5cfa7ccb0e423d0f7cf35f20",
  "iat" : 1563250660,
  "exp" : 1563257860,
  "jti" : "9f479f40-e74e-4892-bf3a-77baafa869d6",
  "ConsumerSessionId" : "0_3e9da2c0-c30d-4b8b-83ea-fde158516835",
  "ReferenceId" : "77a13669-900f-41f7-8d21-d6cfa2ccb8cc",
  "aud" : "09010036-560f-4bdc-b16b-5adce0b698ac",
  "Payload" : {
    "Validated" : true,
    "Payment" : {
      "Type" : "CCA",
      "ProcessorTransactionId" : "rn5R8YFG15fYGk4qAyi0",
      "ExtendedData" : {
        "CAVV" : "",
        "ECIFlag" : "00",
        "ThreeDSVersion" : "2.2.0",
        "PAResStatus" : "B",
        "SignatureVerification" : "Y"
      }
    },
    "ActionCode" : "NOACTION",
    "ErrorNumber" : 0,
    "ErrorDescription" : "Success"
  }
}</pre>
					
				</td>
			</tr>
			<tr class='log' status='info'>
				<td class='status info' title='info' alt='info'><i class='material-icons'>info_outline</i></td>
				<td class='timestamp'>11:17:54 AM</td>
				<td class='step-details'>
						auth_quest:<br /><pre>{
  "method" : "AUTH",
  "request" : {
    "type" : "AUTH",
    "merchant" : {
      "merchantId" : "63103550",
      "name" : "Embarcadero"
    },
    "merchantRef" : "d65564167",
    "transactionId" : "d65564167-37605",
    "operationId" : "d65564167-37605-5d2d4fe65274d",
    "plainCardData" : {
      "cardNumber" : "520000******1138",
      "expiry" : "2201",
      "cvv2" : "***"
    },
    "amount" : {
      "isoAmount" : 783,
      "currency" : "EUR"
    },
    "ecomReqData" : {
      "allow3dsDowngrade" : true,
      "cardholderVerificationMethod" : "CVV2",
      "cardReadingMethod" : "ECOM"
    },
    "transactionTimestamp" : "2019-07-16T06:17:42",
    "retrievalRefNumber" : "000000037605"
  },
  "headers" : {
    "Content-Type" : "application/json",
    "Authorization" : "Bearer eyJ*****7_uBj9diIA"
  }
}</pre>
					
				</td>
			</tr>
			<tr class='log' status='info'>
				<td class='status info' title='info' alt='info'><i class='material-icons'>info_outline</i></td>
				<td class='timestamp'>11:17:54 AM</td>
				<td class='step-details'>
						[PAResStatus2] expected {B} to equal to actual {B}<br />[SignitureVerification2] expected {Y} to equal to actual {Y}<br />[Cavv2] expected {} to equal to actual {}<br />[EciFlag2] expected {null} to not equal to actual {00}<br />[ErrorNo2] expected {0} to equal to actual {0}<br />[ErrorDesc2] expected {Success} to equal to actual {Success}<br />[Enrolled] expected {Y} to equal to actual {Y}<br />[PAResStatus] expected {C} to equal to actual {C}<br />[SignitureVerification] expected {Y} to equal to actual {Y}<br />[Cavv] expected {} to equal to actual {}<br />[EciFlag] expected {null} to not equal to actual {00}<br />[ACSUrl] expected {null} to not equal to actual {https://0merchantacsstag.cardinalcommerce.com/MerchantACSWeb/creq.jsp}<br />[Payload] expected {null} to not equal to actual {eyJtZXNzYWdlVHlwZSI6IkNSZXEiLCJtZXNzYWdlVmVyc2lvbiI6IjIuMi4wIiwidGhyZWVEU1NlcnZlclRyYW5zSUQiOiJhZDA2N2YyMC0wMThkLTQxMTQtYTZhNi05NjMxMWYwYTM4YmQiLCJhY3NUcmFuc0lEIjoiOGJiN2I0OGMtOTUwYi00N2EyLWEwYTktNWQyMWJmYzY1YjU3IiwiY2hhbGxlbmdlV2luZG93U2l6ZSI6IjAyIn0}<br />[ErrorNo] expected {0} to equal to actual {0}<br />[ErrorDesc] expected {} to equal to actual {}<br />[WhiteListStatusSource] expected {null} to equal to actual {null}<br />[WhiteListStatus] expected {null} to equal to actual {null}<br />[cardholderVerificationMethod3] expected {CVV2} to equal to actual {CVV2}<br />[cardholderVerificationMethod vs case] expected {CVV2} to equal to actual {THREEDS}<br />
					
				</td>
			</tr>
			<tr class='log' status='fail'>
				<td class='status fail' title='fail' alt='fail'><i class='material-icons'>cancel</i></td>
				<td class='timestamp'>11:17:54 AM</td>
				<td class='step-details'>
						<textarea disabled class="code-block">java.lang.AssertionError: The following asserts failed:
	[cardholderVerificationMethod vs case] expected [CVV2] but found [THREEDS]
	at automation.project3ds.MySoftAssertAll.assertAll(MySoftAssertAll.java:60)
	at automation.project3ds.testBrickHTML.execute(testBrickHTML.java:344)
	at sun.reflect.NativeMethodAccessorImpl.invoke0(Native Method)
	at sun.reflect.NativeMethodAccessorImpl.invoke(Unknown Source)
	at sun.reflect.DelegatingMethodAccessorImpl.invoke(Unknown Source)
	at java.lang.reflect.Method.invoke(Unknown Source)
	at org.testng.internal.MethodInvocationHelper.invokeMethod(MethodInvocationHelper.java:124)
	at org.testng.internal.Invoker.invokeMethod(Invoker.java:583)
	at org.testng.internal.Invoker.invokeTestMethod(Invoker.java:719)
	at org.testng.internal.Invoker.invokeTestMethods(Invoker.java:989)
	at org.testng.internal.TestMethodWorker.invokeTestMethods(TestMethodWorker.java:125)
	at org.testng.internal.TestMethodWorker.run(TestMethodWorker.java:109)
	at org.testng.TestRunner.privateRun(TestRunner.java:648)
	at org.testng.TestRunner.run(TestRunner.java:505)
	at org.testng.SuiteRunner.runTest(SuiteRunner.java:455)
	at org.testng.SuiteRunner.runSequentially(SuiteRunner.java:450)
	at org.testng.SuiteRunner.privateRun(SuiteRunner.java:415)
	at org.testng.SuiteRunner.run(SuiteRunner.java:364)
	at org.testng.SuiteRunnerWorker.runSuite(SuiteRunnerWorker.java:52)
	at org.testng.SuiteRunnerWorker.run(SuiteRunnerWorker.java:84)
	at org.testng.TestNG.runSuitesSequentially(TestNG.java:1208)
	at org.testng.TestNG.runSuitesLocally(TestNG.java:1137)
	at org.testng.TestNG.runSuites(TestNG.java:1049)
	at org.testng.TestNG.run(TestNG.java:1017)
	at org.testng.remote.AbstractRemoteTestNG.run(AbstractRemoteTestNG.java:115)
	at org.testng.remote.RemoteTestNG.initAndRun(RemoteTestNG.java:251)
	at org.testng.remote.RemoteTestNG.main(RemoteTestNG.java:77)
</textarea>
					
				</td>
			</tr>
			<tr class='log' status='fail'>
				<td class='status fail' title='fail' alt='fail'><i class='material-icons'>cancel</i></td>
				<td class='timestamp'>11:17:54 AM</td>
				<td class='step-details'>
						Test Failed
					
				</td>
			</tr>
		</tbody>
	</table>
</div>
					</div>
				</li>
				<li class='test displayed active  fail' status='fail' bdd='false' test-id='15'>
					<div class='test-heading'>
						<span class='test-name'>testBrickHTML (5200000000001146, http://feature-pwg-1108.wallap... )</span>
						<span class='test-time'>Jul 16, 2019 11:17:54 AM</span>
						<span class='test-status right fail'>fail</span>
					</div>
					<div class='test-content hide'>
<div class='test-time-info'>
	<span class='label start-time'>Jul 16, 2019 11:17:54 AM</span>
	<span class='label end-time'>Jul 16, 2019 11:18:17 AM</span>
	<span class='label time-taken grey lighten-1 white-text'>0h 0m 23s+49ms</span>
</div>
<div class='test-attributes'>
	<div class='category-list'>
		<span class='category label'>testBrickHTML</span>
	</div>
</div>
<div class='test-steps'>
	<table class='bordered table-results'>
		<thead>
			<tr>
				<th>Status</th>
				<th>Timestamp</th>
				<th>Details</th>
			</tr>
		</thead>
		<tbody>
			<tr class='log' status='info'>
				<td class='status info' title='info' alt='info'><i class='material-icons'>info_outline</i></td>
				<td class='timestamp'>11:17:54 AM</td>
				<td class='step-details'>
						Params: {Cavv=value, cardholderVerificationMethod=value, expected_results_authentication=NA, Enrolled=Y, EciFlag=value, WhiteListStatus=null, ErrorDesc=blank, WhiteListStatusSource=null, ErrorNo=0, Payload=blank, PAN=5200000000001146, SignitureVerification=Y, ACSUrl=blank, PAResStatus=Y, testName=Test Mastercard 15: Require MethodURL}
					
				</td>
			</tr>
			<tr class='log' status='info'>
				<td class='status info' title='info' alt='info'><i class='material-icons'>info_outline</i></td>
				<td class='timestamp'>11:17:54 AM</td>
				<td class='step-details'>
						CardNumber: 5200000000001146
					
				</td>
			</tr>
			<tr class='log' status='info'>
				<td class='status info' title='info' alt='info'><i class='material-icons'>info_outline</i></td>
				<td class='timestamp'>11:18:10 AM</td>
				<td class='step-details'>
						t_id: 37606
					
				</td>
			</tr>
			<tr class='log' status='info'>
				<td class='status info' title='info' alt='info'><i class='material-icons'>info_outline</i></td>
				<td class='timestamp'>11:18:12 AM</td>
				<td class='step-details'>
						lookup_response: <pre><xmp><?xml version="1.0" encoding="UTF-8"?><CardinalMPI>
     <ErrorNo>0</ErrorNo>
     <TransactionId>Co1SRxr6cH71l7BJJ2i0</TransactionId>
     <Payload/>
     <ErrorDesc/>
     <Cavv/>
     <PAResStatus/>
     <Enrolled>U</Enrolled>
     <EciFlag>00</EciFlag>
     <ACSUrl/>
     <ThreeDSServerTransactionId>37d1fee6-6000-4639-9b5d-a6d4a8ecb3a7</ThreeDSServerTransactionId>
     <CardBin>520000</CardBin>
     <ReasonDesc>Method URL was incomplete. 403</ReasonDesc>
     <CardBrand>MASTERCARD</CardBrand>
     <ThreeDSVersion>2.2.0</ThreeDSVersion>
     <ReasonCode>101</ReasonCode>
     <OrderId>8010726704962001</OrderId>
     <ChallengeRequired/>
     <SignatureVerification/>
</CardinalMPI>
</xmp></pre>
					
				</td>
			</tr>
			<tr class='log' status='info'>
				<td class='status info' title='info' alt='info'><i class='material-icons'>info_outline</i></td>
				<td class='timestamp'>11:18:17 AM</td>
				<td class='step-details'>
						auth_quest:<br /><pre>{
  "method" : "AUTH",
  "request" : {
    "type" : "AUTH",
    "merchant" : {
      "merchantId" : "63103550",
      "name" : "Embarcadero"
    },
    "merchantRef" : "d65564168",
    "transactionId" : "d65564168-37606",
    "operationId" : "d65564168-37606-5d2d4ffba3c33",
    "plainCardData" : {
      "cardNumber" : "520000******1146",
      "expiry" : "2201",
      "cvv2" : "***"
    },
    "amount" : {
      "isoAmount" : 783,
      "currency" : "EUR"
    },
    "ecomReqData" : {
      "allow3dsDowngrade" : true,
      "cardholderVerificationMethod" : "CVV2",
      "cardReadingMethod" : "ECOM"
    },
    "transactionTimestamp" : "2019-07-16T06:18:03",
    "retrievalRefNumber" : "000000037606"
  },
  "headers" : {
    "Content-Type" : "application/json",
    "Authorization" : "Bearer eyJ*****7_uBj9diIA"
  }
}</pre>
					
				</td>
			</tr>
			<tr class='log' status='info'>
				<td class='status info' title='info' alt='info'><i class='material-icons'>info_outline</i></td>
				<td class='timestamp'>11:18:17 AM</td>
				<td class='step-details'>
						[expected_results_authentication] expected {NA} to equal to actual {NA}<br />[Enrolled] expected {Y} to equal to actual {U}<br />[PAResStatus] expected {Y} to equal to actual {}<br />[SignitureVerification] expected {Y} to equal to actual {}<br />[Cavv] expected {null} to not equal to actual {}<br />[EciFlag] expected {null} to not equal to actual {00}<br />[ACSUrl] expected {} to equal to actual {}<br />[Payload] expected {} to equal to actual {}<br />[ErrorNo] expected {0} to equal to actual {0}<br />[ErrorDesc] expected {} to equal to actual {}<br />[WhiteListStatusSource] expected {null} to equal to actual {null}<br />[WhiteListStatus] expected {null} to equal to actual {null}<br />[cardholderVerificationMethod3] expected {CVV2} to equal to actual {CVV2}<br />[cardholderVerificationMethod vs case] expected {CVV2} to equal to actual {CVV2}<br />
					
				</td>
			</tr>
			<tr class='log' status='fail'>
				<td class='status fail' title='fail' alt='fail'><i class='material-icons'>cancel</i></td>
				<td class='timestamp'>11:18:17 AM</td>
				<td class='step-details'>
						<textarea disabled class="code-block">java.lang.AssertionError: The following asserts failed:
	[Enrolled] expected [Y] but found [U],
	[PAResStatus] expected [Y] but found [],
	[SignitureVerification] expected [Y] but found []
	at automation.project3ds.MySoftAssertAll.assertAll(MySoftAssertAll.java:60)
	at automation.project3ds.testBrickHTML.execute(testBrickHTML.java:344)
	at sun.reflect.NativeMethodAccessorImpl.invoke0(Native Method)
	at sun.reflect.NativeMethodAccessorImpl.invoke(Unknown Source)
	at sun.reflect.DelegatingMethodAccessorImpl.invoke(Unknown Source)
	at java.lang.reflect.Method.invoke(Unknown Source)
	at org.testng.internal.MethodInvocationHelper.invokeMethod(MethodInvocationHelper.java:124)
	at org.testng.internal.Invoker.invokeMethod(Invoker.java:583)
	at org.testng.internal.Invoker.invokeTestMethod(Invoker.java:719)
	at org.testng.internal.Invoker.invokeTestMethods(Invoker.java:989)
	at org.testng.internal.TestMethodWorker.invokeTestMethods(TestMethodWorker.java:125)
	at org.testng.internal.TestMethodWorker.run(TestMethodWorker.java:109)
	at org.testng.TestRunner.privateRun(TestRunner.java:648)
	at org.testng.TestRunner.run(TestRunner.java:505)
	at org.testng.SuiteRunner.runTest(SuiteRunner.java:455)
	at org.testng.SuiteRunner.runSequentially(SuiteRunner.java:450)
	at org.testng.SuiteRunner.privateRun(SuiteRunner.java:415)
	at org.testng.SuiteRunner.run(SuiteRunner.java:364)
	at org.testng.SuiteRunnerWorker.runSuite(SuiteRunnerWorker.java:52)
	at org.testng.SuiteRunnerWorker.run(SuiteRunnerWorker.java:84)
	at org.testng.TestNG.runSuitesSequentially(TestNG.java:1208)
	at org.testng.TestNG.runSuitesLocally(TestNG.java:1137)
	at org.testng.TestNG.runSuites(TestNG.java:1049)
	at org.testng.TestNG.run(TestNG.java:1017)
	at org.testng.remote.AbstractRemoteTestNG.run(AbstractRemoteTestNG.java:115)
	at org.testng.remote.RemoteTestNG.initAndRun(RemoteTestNG.java:251)
	at org.testng.remote.RemoteTestNG.main(RemoteTestNG.java:77)
</textarea>
					
				</td>
			</tr>
			<tr class='log' status='fail'>
				<td class='status fail' title='fail' alt='fail'><i class='material-icons'>cancel</i></td>
				<td class='timestamp'>11:18:17 AM</td>
				<td class='step-details'>
						Test Failed
					
				</td>
			</tr>
		</tbody>
	</table>
</div>
					</div>
				</li>
				<li class='test displayed active  pass' status='pass' bdd='false' test-id='16'>
					<div class='test-heading'>
						<span class='test-name'>testBrickHTML (5200000000002003, http://feature-pwg-1108.wallap... )</span>
						<span class='test-time'>Jul 16, 2019 11:18:17 AM</span>
						<span class='test-status right pass'>pass</span>
					</div>
					<div class='test-content hide'>
<div class='test-time-info'>
	<span class='label start-time'>Jul 16, 2019 11:18:17 AM</span>
	<span class='label end-time'>Jul 16, 2019 11:18:43 AM</span>
	<span class='label time-taken grey lighten-1 white-text'>0h 0m 26s+230ms</span>
</div>
<div class='test-attributes'>
	<div class='category-list'>
		<span class='category label'>testBrickHTML</span>
	</div>
</div>
<div class='test-steps'>
	<table class='bordered table-results'>
		<thead>
			<tr>
				<th>Status</th>
				<th>Timestamp</th>
				<th>Details</th>
			</tr>
		</thead>
		<tbody>
			<tr class='log' status='info'>
				<td class='status info' title='info' alt='info'><i class='material-icons'>info_outline</i></td>
				<td class='timestamp'>11:18:17 AM</td>
				<td class='step-details'>
						Params: {Cavv=blank, cardholderVerificationMethod=value, expected_results_authentication=value, EciFlag2=value, Cavv2=value, ErrorDesc2=Success, Enrolled=Y, EciFlag=value, WhiteListStatus=null, ErrorDesc=blank, PAResStatus2=Y, WhiteListStatusSource=null, ErrorNo=0, ErrorNo2=0, SignitureVerification2=Y, Payload=value, PAN=5200000000002003, SignitureVerification=Y, ACSUrl=value, PAResStatus=C, testName=Test Mastercard 16: Prompt for Whitelist}
					
				</td>
			</tr>
			<tr class='log' status='info'>
				<td class='status info' title='info' alt='info'><i class='material-icons'>info_outline</i></td>
				<td class='timestamp'>11:18:17 AM</td>
				<td class='step-details'>
						CardNumber: 5200000000002003
					
				</td>
			</tr>
			<tr class='log' status='info'>
				<td class='status info' title='info' alt='info'><i class='material-icons'>info_outline</i></td>
				<td class='timestamp'>11:18:36 AM</td>
				<td class='step-details'>
						t_id: 37607
					
				</td>
			</tr>
			<tr class='log' status='info'>
				<td class='status info' title='info' alt='info'><i class='material-icons'>info_outline</i></td>
				<td class='timestamp'>11:18:38 AM</td>
				<td class='step-details'>
						lookup_response: <pre><xmp><?xml version="1.0" encoding="UTF-8"?><CardinalMPI>
     <ErrorNo>0</ErrorNo>
     <TransactionId>JWxoC8CRAKMrMAL5mk40</TransactionId>
     <Payload>eyJtZXNzYWdlVHlwZSI6IkNSZXEiLCJtZXNzYWdlVmVyc2lvbiI6IjIuMi4wIiwidGhyZWVEU1NlcnZlclRyYW5zSUQiOiI2ZTE1M2ZhNi1iN2MzLTQzZGUtOThhZS1mYmVlZTg3ZTA0OGMiLCJhY3NUcmFuc0lEIjoiZGQ4NjM3MDAtOGQ2Ny00MzMwLTgzN2ItZWMxOGEyZmY0ZWNlIiwiY2hhbGxlbmdlV2luZG93U2l6ZSI6IjAyIn0</Payload>
     <ErrorDesc/>
     <Cavv/>
     <PAResStatus>C</PAResStatus>
     <Enrolled>Y</Enrolled>
     <ACSTransactionId>dd863700-8d67-4330-837b-ec18a2ff4ece</ACSTransactionId>
     <EciFlag>00</EciFlag>
     <ACSUrl>https://0merchantacsstag.cardinalcommerce.com/MerchantACSWeb/creq.jsp</ACSUrl>
     <ThreeDSServerTransactionId>6e153fa6-b7c3-43de-98ae-fbeee87e048c</ThreeDSServerTransactionId>
     <CardBin>520000</CardBin>
     <CardBrand>MASTERCARD</CardBrand>
     <DSTransactionId>9c4797fd-96c4-4458-a4e7-78c66266380b</DSTransactionId>
     <ThreeDSVersion>2.2.0</ThreeDSVersion>
     <OrderId>8010567997655062</OrderId>
     <ChallengeRequired>N</ChallengeRequired>
     <SignatureVerification>Y</SignatureVerification>
     <SDKFlowType>CARDINAL</SDKFlowType>
</CardinalMPI>
</xmp></pre>
					
				</td>
			</tr>
			<tr class='log' status='info'>
				<td class='status info' title='info' alt='info'><i class='material-icons'>info_outline</i></td>
				<td class='timestamp'>11:18:41 AM</td>
				<td class='step-details'>
						auth_response:<br /><pre>{
  "iss" : "5cfa7ccb0e423d0f7cf35f20",
  "iat" : 1563250710,
  "exp" : 1563257910,
  "jti" : "54e96a4d-4eed-478b-a6ce-bc3a050eeb99",
  "ConsumerSessionId" : "0_3e9da2c0-c30d-4b8b-83ea-fde158516835",
  "ReferenceId" : "976a849c-d8ae-4a10-854c-823fab02b58a",
  "aud" : "a8e5d0b5-c421-4035-82d9-93808533f95e",
  "Payload" : {
    "Validated" : true,
    "Payment" : {
      "Type" : "CCA",
      "ProcessorTransactionId" : "JWxoC8CRAKMrMAL5mk40",
      "ExtendedData" : {
        "CAVV" : "MTIzNDU2Nzg5MDEyMzQ1Njc4OTA=",
        "ECIFlag" : "02",
        "ThreeDSVersion" : "2.2.0",
        "PAResStatus" : "Y",
        "SignatureVerification" : "Y"
      }
    },
    "ActionCode" : "SUCCESS",
    "ErrorNumber" : 0,
    "ErrorDescription" : "Success"
  }
}</pre>
					
				</td>
			</tr>
			<tr class='log' status='info'>
				<td class='status info' title='info' alt='info'><i class='material-icons'>info_outline</i></td>
				<td class='timestamp'>11:18:43 AM</td>
				<td class='step-details'>
						auth_quest:<br /><pre>{
  "method" : "AUTH",
  "request" : {
    "type" : "AUTH",
    "merchant" : {
      "merchantId" : "63103550",
      "name" : "Embarcadero"
    },
    "merchantRef" : "d65564169",
    "transactionId" : "d65564169-37607",
    "operationId" : "d65564169-37607-5d2d5017826d4",
    "plainCardData" : {
      "cardNumber" : "520000******2003",
      "expiry" : "2201",
      "cvv2" : "***"
    },
    "amount" : {
      "isoAmount" : 783,
      "currency" : "EUR"
    },
    "ecomReqData" : {
      "allow3dsDowngrade" : true,
      "cardholderVerificationMethod" : "THREEDS",
      "cardReadingMethod" : "ECOM",
      "threeDSecure" : {
        "xid" : "",
        "aav" : "MTIzNDU2Nzg5MDEyMzQ1Njc4OTA=",
        "version" : "V2",
        "directoryServerTransactionId" : "9c4797fd-96c4-4458-a4e7-78c66266380b"
      }
    },
    "transactionTimestamp" : "2019-07-16T06:18:31",
    "retrievalRefNumber" : "000000037607"
  },
  "headers" : {
    "Content-Type" : "application/json",
    "Authorization" : "Bearer eyJ*****7_uBj9diIA"
  }
}</pre>
					
				</td>
			</tr>
			<tr class='log' status='info'>
				<td class='status info' title='info' alt='info'><i class='material-icons'>info_outline</i></td>
				<td class='timestamp'>11:18:43 AM</td>
				<td class='step-details'>
						[PAResStatus2] expected {Y} to equal to actual {Y}<br />[SignitureVerification2] expected {Y} to equal to actual {Y}<br />[Cavv2] expected {null} to not equal to actual {MTIzNDU2Nzg5MDEyMzQ1Njc4OTA=}<br />[EciFlag2] expected {null} to not equal to actual {02}<br />[ErrorNo2] expected {0} to equal to actual {0}<br />[ErrorDesc2] expected {Success} to equal to actual {Success}<br />[Enrolled] expected {Y} to equal to actual {Y}<br />[PAResStatus] expected {C} to equal to actual {C}<br />[SignitureVerification] expected {Y} to equal to actual {Y}<br />[Cavv] expected {} to equal to actual {}<br />[EciFlag] expected {null} to not equal to actual {00}<br />[ACSUrl] expected {null} to not equal to actual {https://0merchantacsstag.cardinalcommerce.com/MerchantACSWeb/creq.jsp}<br />[Payload] expected {null} to not equal to actual {eyJtZXNzYWdlVHlwZSI6IkNSZXEiLCJtZXNzYWdlVmVyc2lvbiI6IjIuMi4wIiwidGhyZWVEU1NlcnZlclRyYW5zSUQiOiI2ZTE1M2ZhNi1iN2MzLTQzZGUtOThhZS1mYmVlZTg3ZTA0OGMiLCJhY3NUcmFuc0lEIjoiZGQ4NjM3MDAtOGQ2Ny00MzMwLTgzN2ItZWMxOGEyZmY0ZWNlIiwiY2hhbGxlbmdlV2luZG93U2l6ZSI6IjAyIn0}<br />[ErrorNo] expected {0} to equal to actual {0}<br />[ErrorDesc] expected {} to equal to actual {}<br />[WhiteListStatusSource] expected {null} to equal to actual {null}<br />[WhiteListStatus] expected {null} to equal to actual {null}<br />[cardholderVerificationMethod3] expected {THREEDS} to equal to actual {THREEDS}<br />[cardholderVerificationMethod vs case] expected {THREEDS} to equal to actual {THREEDS}<br />[cavv] expected {null} to not equal to actual {MTIzNDU2Nzg5MDEyMzQ1Njc4OTA=}<br />[version] expected {V2} to equal to actual {V2}<br />[directoryServerTransactionId] expected {null} to not equal to actual {9c4797fd-96c4-4458-a4e7-78c66266380b}<br />
					
				</td>
			</tr>
			<tr class='log' status='pass'>
				<td class='status pass' title='pass' alt='pass'><i class='material-icons'>check_circle</i></td>
				<td class='timestamp'>11:18:43 AM</td>
				<td class='step-details'>
						Test passed
					
				</td>
			</tr>
		</tbody>
	</table>
</div>
					</div>
				</li>
				<li class='test displayed active  fail' status='fail' bdd='false' test-id='17'>
					<div class='test-heading'>
						<span class='test-name'>testBrickHTML (5200000000002011, http://feature-pwg-1108.wallap... )</span>
						<span class='test-time'>Jul 16, 2019 11:18:43 AM</span>
						<span class='test-status right fail'>fail</span>
					</div>
					<div class='test-content hide'>
<div class='test-time-info'>
	<span class='label start-time'>Jul 16, 2019 11:18:43 AM</span>
	<span class='label end-time'>Jul 16, 2019 11:19:03 AM</span>
	<span class='label time-taken grey lighten-1 white-text'>0h 0m 19s+806ms</span>
</div>
<div class='test-attributes'>
	<div class='category-list'>
		<span class='category label'>testBrickHTML</span>
	</div>
</div>
<div class='test-steps'>
	<table class='bordered table-results'>
		<thead>
			<tr>
				<th>Status</th>
				<th>Timestamp</th>
				<th>Details</th>
			</tr>
		</thead>
		<tbody>
			<tr class='log' status='info'>
				<td class='status info' title='info' alt='info'><i class='material-icons'>info_outline</i></td>
				<td class='timestamp'>11:18:43 AM</td>
				<td class='step-details'>
						Params: {Cavv=value, cardholderVerificationMethod=value, expected_results_authentication=NA, Enrolled=Y, EciFlag=value, WhiteListStatus=Y, ErrorDesc=blank, WhiteListStatusSource=value, ErrorNo=0, Payload=blank, PAN=5200000000002011, SignitureVerification=Y, ACSUrl=blank, PAResStatus=Y, testName=Test Mastercard 17: Pre-Whitelisted}
					
				</td>
			</tr>
			<tr class='log' status='info'>
				<td class='status info' title='info' alt='info'><i class='material-icons'>info_outline</i></td>
				<td class='timestamp'>11:18:43 AM</td>
				<td class='step-details'>
						CardNumber: 5200000000002011
					
				</td>
			</tr>
			<tr class='log' status='info'>
				<td class='status info' title='info' alt='info'><i class='material-icons'>info_outline</i></td>
				<td class='timestamp'>11:18:56 AM</td>
				<td class='step-details'>
						t_id: 37608
					
				</td>
			</tr>
			<tr class='log' status='info'>
				<td class='status info' title='info' alt='info'><i class='material-icons'>info_outline</i></td>
				<td class='timestamp'>11:18:58 AM</td>
				<td class='step-details'>
						lookup_response: <pre><xmp><?xml version="1.0" encoding="UTF-8"?><CardinalMPI>
     <ErrorNo>0</ErrorNo>
     <TransactionId>kZcyQGvMBGWVCZ9iFgp0</TransactionId>
     <Payload/>
     <ErrorDesc/>
     <Cavv>Y2FyZGluYWxjb21tZXJjZWF1dGg=</Cavv>
     <PAResStatus>Y</PAResStatus>
     <Enrolled>Y</Enrolled>
     <ACSTransactionId>5bb29866-5a50-4630-bfde-58d79ec57452</ACSTransactionId>
     <EciFlag>02</EciFlag>
     <WhiteListStatusSource>03</WhiteListStatusSource>
     <ACSUrl/>
     <ThreeDSServerTransactionId>c616f1af-36af-4c42-a7cf-fb439eed0396</ThreeDSServerTransactionId>
     <CardBin>520000</CardBin>
     <CardBrand>MASTERCARD</CardBrand>
     <DSTransactionId>928fc626-ba3f-4107-99e4-59e7d7b11092</DSTransactionId>
     <ThreeDSVersion>2.2.0</ThreeDSVersion>
     <OrderId>8010389245845191</OrderId>
     <ChallengeRequired/>
     <WhiteListStatus>Y</WhiteListStatus>
     <SignatureVerification>Y</SignatureVerification>
</CardinalMPI>
</xmp></pre>
					
				</td>
			</tr>
			<tr class='log' status='info'>
				<td class='status info' title='info' alt='info'><i class='material-icons'>info_outline</i></td>
				<td class='timestamp'>11:19:03 AM</td>
				<td class='step-details'>
						auth_quest:<br /><pre>{
  "method" : "AUTH",
  "request" : {
    "type" : "AUTH",
    "merchant" : {
      "merchantId" : "63103550",
      "name" : "Embarcadero"
    },
    "merchantRef" : "d65564170",
    "transactionId" : "d65564170-37608",
    "operationId" : "d65564170-37608-5d2d502b08e17",
    "plainCardData" : {
      "cardNumber" : "520000******2011",
      "expiry" : "2201",
      "cvv2" : "***"
    },
    "amount" : {
      "isoAmount" : 783,
      "currency" : "EUR"
    },
    "ecomReqData" : {
      "allow3dsDowngrade" : true,
      "cardholderVerificationMethod" : "THREEDS",
      "cardReadingMethod" : "ECOM",
      "threeDSecure" : {
        "xid" : "",
        "aav" : "Y2FyZGluYWxjb21tZXJjZWF1dGg=",
        "version" : "V2",
        "directoryServerTransactionId" : "928fc626-ba3f-4107-99e4-59e7d7b11092"
      }
    },
    "transactionTimestamp" : "2019-07-16T06:18:51",
    "retrievalRefNumber" : "000000037608"
  },
  "headers" : {
    "Content-Type" : "application/json",
    "Authorization" : "Bearer eyJ*****7_uBj9diIA"
  }
}</pre>
					
				</td>
			</tr>
			<tr class='log' status='info'>
				<td class='status info' title='info' alt='info'><i class='material-icons'>info_outline</i></td>
				<td class='timestamp'>11:19:03 AM</td>
				<td class='step-details'>
						[expected_results_authentication] expected {NA} to equal to actual {NA}<br />[Enrolled] expected {Y} to equal to actual {Y}<br />[PAResStatus] expected {Y} to equal to actual {Y}<br />[SignitureVerification] expected {Y} to equal to actual {Y}<br />[Cavv] expected {null} to not equal to actual {Y2FyZGluYWxjb21tZXJjZWF1dGg=}<br />[EciFlag] expected {null} to not equal to actual {02}<br />[ACSUrl] expected {} to equal to actual {}<br />[Payload] expected {} to equal to actual {}<br />[ErrorNo] expected {0} to equal to actual {0}<br />[ErrorDesc] expected {} to equal to actual {}<br />[WhiteListStatusSource] expected {null} to not equal to actual {03}<br />[WhiteListStatus] expected {Y} to equal to actual {Y}<br />[cardholderVerificationMethod3] expected {THREEDS} to equal to actual {THREEDS}<br />[cardholderVerificationMethod vs case] expected {THREEDS} to equal to actual {CVV2}<br />[cavv] expected {null} to not equal to actual {Y2FyZGluYWxjb21tZXJjZWF1dGg=}<br />[version] expected {V2} to equal to actual {V2}<br />[directoryServerTransactionId] expected {null} to not equal to actual {928fc626-ba3f-4107-99e4-59e7d7b11092}<br />
					
				</td>
			</tr>
			<tr class='log' status='fail'>
				<td class='status fail' title='fail' alt='fail'><i class='material-icons'>cancel</i></td>
				<td class='timestamp'>11:19:03 AM</td>
				<td class='step-details'>
						<textarea disabled class="code-block">java.lang.AssertionError: The following asserts failed:
	[cardholderVerificationMethod vs case] expected [THREEDS] but found [CVV2]
	at automation.project3ds.MySoftAssertAll.assertAll(MySoftAssertAll.java:60)
	at automation.project3ds.testBrickHTML.execute(testBrickHTML.java:344)
	at sun.reflect.GeneratedMethodAccessor13.invoke(Unknown Source)
	at sun.reflect.DelegatingMethodAccessorImpl.invoke(Unknown Source)
	at java.lang.reflect.Method.invoke(Unknown Source)
	at org.testng.internal.MethodInvocationHelper.invokeMethod(MethodInvocationHelper.java:124)
	at org.testng.internal.Invoker.invokeMethod(Invoker.java:583)
	at org.testng.internal.Invoker.invokeTestMethod(Invoker.java:719)
	at org.testng.internal.Invoker.invokeTestMethods(Invoker.java:989)
	at org.testng.internal.TestMethodWorker.invokeTestMethods(TestMethodWorker.java:125)
	at org.testng.internal.TestMethodWorker.run(TestMethodWorker.java:109)
	at org.testng.TestRunner.privateRun(TestRunner.java:648)
	at org.testng.TestRunner.run(TestRunner.java:505)
	at org.testng.SuiteRunner.runTest(SuiteRunner.java:455)
	at org.testng.SuiteRunner.runSequentially(SuiteRunner.java:450)
	at org.testng.SuiteRunner.privateRun(SuiteRunner.java:415)
	at org.testng.SuiteRunner.run(SuiteRunner.java:364)
	at org.testng.SuiteRunnerWorker.runSuite(SuiteRunnerWorker.java:52)
	at org.testng.SuiteRunnerWorker.run(SuiteRunnerWorker.java:84)
	at org.testng.TestNG.runSuitesSequentially(TestNG.java:1208)
	at org.testng.TestNG.runSuitesLocally(TestNG.java:1137)
	at org.testng.TestNG.runSuites(TestNG.java:1049)
	at org.testng.TestNG.run(TestNG.java:1017)
	at org.testng.remote.AbstractRemoteTestNG.run(AbstractRemoteTestNG.java:115)
	at org.testng.remote.RemoteTestNG.initAndRun(RemoteTestNG.java:251)
	at org.testng.remote.RemoteTestNG.main(RemoteTestNG.java:77)
</textarea>
					
				</td>
			</tr>
			<tr class='log' status='fail'>
				<td class='status fail' title='fail' alt='fail'><i class='material-icons'>cancel</i></td>
				<td class='timestamp'>11:19:03 AM</td>
				<td class='step-details'>
						Test Failed
					
				</td>
			</tr>
		</tbody>
	</table>
</div>
					</div>
				</li>
				<li class='test displayed active  fail' status='fail' bdd='false' test-id='18'>
					<div class='test-heading'>
						<span class='test-name'>testBrickHTML (5200000000002029, http://feature-pwg-1108.wallap... )</span>
						<span class='test-time'>Jul 16, 2019 11:19:03 AM</span>
						<span class='test-status right fail'>fail</span>
					</div>
					<div class='test-content hide'>
<div class='test-time-info'>
	<span class='label start-time'>Jul 16, 2019 11:19:03 AM</span>
	<span class='label end-time'>Jul 16, 2019 11:19:23 AM</span>
	<span class='label time-taken grey lighten-1 white-text'>0h 0m 19s+753ms</span>
</div>
<div class='test-attributes'>
	<div class='category-list'>
		<span class='category label'>testBrickHTML</span>
	</div>
</div>
<div class='test-steps'>
	<table class='bordered table-results'>
		<thead>
			<tr>
				<th>Status</th>
				<th>Timestamp</th>
				<th>Details</th>
			</tr>
		</thead>
		<tbody>
			<tr class='log' status='info'>
				<td class='status info' title='info' alt='info'><i class='material-icons'>info_outline</i></td>
				<td class='timestamp'>11:19:03 AM</td>
				<td class='step-details'>
						Params: {Cavv=value, cardholderVerificationMethod=value, expected_results_authentication=NA, Enrolled=Y, EciFlag=value, WhiteListStatus=null, ErrorDesc=blank, WhiteListStatusSource=null, ErrorNo=0, Payload=blank, PAN=5200000000002029, SignitureVerification=Y, ACSUrl=blank, PAResStatus=I, testName=Test Mastercard 18: Support TransStatus I}
					
				</td>
			</tr>
			<tr class='log' status='info'>
				<td class='status info' title='info' alt='info'><i class='material-icons'>info_outline</i></td>
				<td class='timestamp'>11:19:03 AM</td>
				<td class='step-details'>
						CardNumber: 5200000000002029
					
				</td>
			</tr>
			<tr class='log' status='info'>
				<td class='status info' title='info' alt='info'><i class='material-icons'>info_outline</i></td>
				<td class='timestamp'>11:19:16 AM</td>
				<td class='step-details'>
						t_id: 37609
					
				</td>
			</tr>
			<tr class='log' status='info'>
				<td class='status info' title='info' alt='info'><i class='material-icons'>info_outline</i></td>
				<td class='timestamp'>11:19:18 AM</td>
				<td class='step-details'>
						lookup_response: <pre><xmp><?xml version="1.0" encoding="UTF-8"?><CardinalMPI>
     <ErrorNo>0</ErrorNo>
     <TransactionId>L1SBT6qyQbwxZqbOQNs0</TransactionId>
     <Payload/>
     <ErrorDesc/>
     <Cavv/>
     <PAResStatus>U</PAResStatus>
     <Enrolled>Y</Enrolled>
     <ACSTransactionId>b687192a-8a17-4f7c-8599-5d31bf0cd2e2</ACSTransactionId>
     <EciFlag>00</EciFlag>
     <ACSUrl/>
     <ThreeDSServerTransactionId>c7f5f43f-31a0-41f1-81b1-caffef0bc50c</ThreeDSServerTransactionId>
     <CardBin>520000</CardBin>
     <CardBrand>MASTERCARD</CardBrand>
     <StatusReason>01</StatusReason>
     <DSTransactionId>eb3b7e3a-ca22-4cca-9ad5-d26a95ffd18a</DSTransactionId>
     <ThreeDSVersion>2.2.0</ThreeDSVersion>
     <OrderId>8010207088309820</OrderId>
     <ChallengeRequired/>
     <SignatureVerification>Y</SignatureVerification>
</CardinalMPI>
</xmp></pre>
					
				</td>
			</tr>
			<tr class='log' status='info'>
				<td class='status info' title='info' alt='info'><i class='material-icons'>info_outline</i></td>
				<td class='timestamp'>11:19:23 AM</td>
				<td class='step-details'>
						auth_quest:<br /><pre>{
  "method" : "AUTH",
  "request" : {
    "type" : "AUTH",
    "merchant" : {
      "merchantId" : "63103550",
      "name" : "Embarcadero"
    },
    "merchantRef" : "d65564171",
    "transactionId" : "d65564171-37609",
    "operationId" : "d65564171-37609-5d2d503ebe0de",
    "plainCardData" : {
      "cardNumber" : "520000******2029",
      "expiry" : "2201",
      "cvv2" : "***"
    },
    "amount" : {
      "isoAmount" : 783,
      "currency" : "EUR"
    },
    "ecomReqData" : {
      "allow3dsDowngrade" : true,
      "cardholderVerificationMethod" : "CVV2",
      "cardReadingMethod" : "ECOM"
    },
    "transactionTimestamp" : "2019-07-16T06:19:10",
    "retrievalRefNumber" : "000000037609"
  },
  "headers" : {
    "Content-Type" : "application/json",
    "Authorization" : "Bearer eyJ*****7_uBj9diIA"
  }
}</pre>
					
				</td>
			</tr>
			<tr class='log' status='info'>
				<td class='status info' title='info' alt='info'><i class='material-icons'>info_outline</i></td>
				<td class='timestamp'>11:19:23 AM</td>
				<td class='step-details'>
						[expected_results_authentication] expected {NA} to equal to actual {NA}<br />[Enrolled] expected {Y} to equal to actual {Y}<br />[PAResStatus] expected {I} to equal to actual {U}<br />[SignitureVerification] expected {Y} to equal to actual {Y}<br />[Cavv] expected {null} to not equal to actual {}<br />[EciFlag] expected {null} to not equal to actual {00}<br />[ACSUrl] expected {} to equal to actual {}<br />[Payload] expected {} to equal to actual {}<br />[ErrorNo] expected {0} to equal to actual {0}<br />[ErrorDesc] expected {} to equal to actual {}<br />[WhiteListStatusSource] expected {null} to equal to actual {null}<br />[WhiteListStatus] expected {null} to equal to actual {null}<br />[cardholderVerificationMethod3] expected {CVV2} to equal to actual {CVV2}<br />[cardholderVerificationMethod vs case] expected {CVV2} to equal to actual {CVV2}<br />
					
				</td>
			</tr>
			<tr class='log' status='fail'>
				<td class='status fail' title='fail' alt='fail'><i class='material-icons'>cancel</i></td>
				<td class='timestamp'>11:19:23 AM</td>
				<td class='step-details'>
						<textarea disabled class="code-block">java.lang.AssertionError: The following asserts failed:
	[PAResStatus] expected [I] but found [U]
	at automation.project3ds.MySoftAssertAll.assertAll(MySoftAssertAll.java:60)
	at automation.project3ds.testBrickHTML.execute(testBrickHTML.java:344)
	at sun.reflect.GeneratedMethodAccessor13.invoke(Unknown Source)
	at sun.reflect.DelegatingMethodAccessorImpl.invoke(Unknown Source)
	at java.lang.reflect.Method.invoke(Unknown Source)
	at org.testng.internal.MethodInvocationHelper.invokeMethod(MethodInvocationHelper.java:124)
	at org.testng.internal.Invoker.invokeMethod(Invoker.java:583)
	at org.testng.internal.Invoker.invokeTestMethod(Invoker.java:719)
	at org.testng.internal.Invoker.invokeTestMethods(Invoker.java:989)
	at org.testng.internal.TestMethodWorker.invokeTestMethods(TestMethodWorker.java:125)
	at org.testng.internal.TestMethodWorker.run(TestMethodWorker.java:109)
	at org.testng.TestRunner.privateRun(TestRunner.java:648)
	at org.testng.TestRunner.run(TestRunner.java:505)
	at org.testng.SuiteRunner.runTest(SuiteRunner.java:455)
	at org.testng.SuiteRunner.runSequentially(SuiteRunner.java:450)
	at org.testng.SuiteRunner.privateRun(SuiteRunner.java:415)
	at org.testng.SuiteRunner.run(SuiteRunner.java:364)
	at org.testng.SuiteRunnerWorker.runSuite(SuiteRunnerWorker.java:52)
	at org.testng.SuiteRunnerWorker.run(SuiteRunnerWorker.java:84)
	at org.testng.TestNG.runSuitesSequentially(TestNG.java:1208)
	at org.testng.TestNG.runSuitesLocally(TestNG.java:1137)
	at org.testng.TestNG.runSuites(TestNG.java:1049)
	at org.testng.TestNG.run(TestNG.java:1017)
	at org.testng.remote.AbstractRemoteTestNG.run(AbstractRemoteTestNG.java:115)
	at org.testng.remote.RemoteTestNG.initAndRun(RemoteTestNG.java:251)
	at org.testng.remote.RemoteTestNG.main(RemoteTestNG.java:77)
</textarea>
					
				</td>
			</tr>
			<tr class='log' status='fail'>
				<td class='status fail' title='fail' alt='fail'><i class='material-icons'>cancel</i></td>
				<td class='timestamp'>11:19:23 AM</td>
				<td class='step-details'>
						Test Failed
					
				</td>
			</tr>
		</tbody>
	</table>
</div>
					</div>
				</li>
			</ul>
		</div>
	</div>
	<!-- subview left -->
	<div class='subview-right left'>
		<div class='view-summary'>
			<div id='step-filters' class="right sr-filters">
				<a class="btn-floating waves-effect waves-light green" status="pass" alt="pass" title="pass"><i class="material-icons">check_circle</i></a>
				<a class="btn-floating waves-effect waves-light red" status="fail" alt="fail" title="fail"><i class="material-icons">cancel</i></a>
				<a class="btn-floating waves-effect waves-light red darken-4" status="fatal" alt="fatal" title="fatal"><i class="material-icons">cancel</i></a>
				<a class="btn-floating waves-effect waves-light pink text-lighten-1" status="error" alt="error" title="error"><i class="material-icons">error</i></a>
				<a class="btn-floating waves-effect waves-light orange" alt="warning" status="warning" title="warning"><i class="material-icons">warning</i></a>
				<a class="btn-floating waves-effect waves-light teal" status="skip" alt="skip" title="skip"><i class="material-icons">redo</i></a>
				<a class="btn-floating waves-effect waves-light grey" status="clear" alt="Clear filters" title="Clear filters"><i class="material-icons">clear</i></a>
			</div>
			<h5 class='test-name'></h5>
		</div>
	</div>
	<!-- subview right -->
</div>
<!-- test view --><div id='category-view' class='view hide'>
	<section id='controls'>
		<div class='controls grey lighten-4'>
			<!-- search -->
			<div class='chip transparent' alt='Search Tests' title='Search Tests'>
				<a href="#" class='search-div'>
				<i class='material-icons'>search</i> Search
				</a>
				<div class='input-field left hide'>
					<input id='search-tests' type='text' class='validate browser-default' placeholder='Search Tests...'>
				</div>
			</div>
			<!-- search -->
		</div>
	</section>
	<div class='subview-left left'>
		<div class='view-summary'>
			<ul id='category-collection' class='category-collection'>
				<li class='category displayed active'>
					<div class='category-heading'>
						<span class='category-name'>testBrickHTML</span>
						<span class='category-status right'>
						<span class='label pass'>7</span>
						<span class='label fail'>11</span>
						</span>
					</div>
					<div class='category-content hide'>
						<div class='category-status-counts'>
							<span status="pass" class='label green accent-4 white-text'>Passed: 7</span>
							<span status="fail" class='label red lighten-1 white-text'>Failed: 11</span>
							
						</div>
						<div class='category-tests'>
							<table class='bordered table-results'>
								<thead>
									<tr>
										<th>Timestamp</th>
										<th>TestName</th>
										<th>Status</th>
									</tr>
								</thead>
								<tbody>
									<tr>
										<td>Jul 16, 2019 11:12:20 AM</td>
										<td class='linked' test-id='1'>testBrickHTML (5200000000001005, http://feature-pwg-1108.wallap... )</td>
										<td><span class='test-status fail'>fail</span></td>
									</tr>
									<tr>
										<td>Jul 16, 2019 11:12:49 AM</td>
										<td class='linked' test-id='2'>testBrickHTML (5200000000001013, http://feature-pwg-1108.wallap... )</td>
										<td><span class='test-status pass'>pass</span></td>
									</tr>
									<tr>
										<td>Jul 16, 2019 11:13:06 AM</td>
										<td class='linked' test-id='3'>testBrickHTML (5200000000001021, http://feature-pwg-1108.wallap... )</td>
										<td><span class='test-status fail'>fail</span></td>
									</tr>
									<tr>
										<td>Jul 16, 2019 11:13:30 AM</td>
										<td class='linked' test-id='4'>testBrickHTML (5200000000001039, http://feature-pwg-1108.wallap... )</td>
										<td><span class='test-status pass'>pass</span></td>
									</tr>
									<tr>
										<td>Jul 16, 2019 11:13:52 AM</td>
										<td class='linked' test-id='5'>testBrickHTML (5200000000001047, http://feature-pwg-1108.wallap... )</td>
										<td><span class='test-status pass'>pass</span></td>
									</tr>
									<tr>
										<td>Jul 16, 2019 11:14:11 AM</td>
										<td class='linked' test-id='6'>testBrickHTML (5200000000001054, http://feature-pwg-1108.wallap... )</td>
										<td><span class='test-status fail'>fail</span></td>
									</tr>
									<tr>
										<td>Jul 16, 2019 11:14:31 AM</td>
										<td class='linked' test-id='7'>testBrickHTML (5200000000001062, http://feature-pwg-1108.wallap... )</td>
										<td><span class='test-status fail'>fail</span></td>
									</tr>
									<tr>
										<td>Jul 16, 2019 11:14:52 AM</td>
										<td class='linked' test-id='8'>testBrickHTML (5200000000001070, http://feature-pwg-1108.wallap... )</td>
										<td><span class='test-status fail'>fail</span></td>
									</tr>
									<tr>
										<td>Jul 16, 2019 11:15:25 AM</td>
										<td class='linked' test-id='9'>testBrickHTML (5200000000001088, http://feature-pwg-1108.wallap... )</td>
										<td><span class='test-status pass'>pass</span></td>
									</tr>
									<tr>
										<td>Jul 16, 2019 11:15:45 AM</td>
										<td class='linked' test-id='10'>testBrickHTML (5200000000001096, http://feature-pwg-1108.wallap... )</td>
										<td><span class='test-status pass'>pass</span></td>
									</tr>
									<tr>
										<td>Jul 16, 2019 11:16:11 AM</td>
										<td class='linked' test-id='11'>testBrickHTML (5200000000001104, http://feature-pwg-1108.wallap... )</td>
										<td><span class='test-status fail'>fail</span></td>
									</tr>
									<tr>
										<td>Jul 16, 2019 11:16:33 AM</td>
										<td class='linked' test-id='12'>testBrickHTML (5200000000001112, http://feature-pwg-1108.wallap... )</td>
										<td><span class='test-status pass'>pass</span></td>
									</tr>
									<tr>
										<td>Jul 16, 2019 11:17:01 AM</td>
										<td class='linked' test-id='13'>testBrickHTML (5200000000001120, http://feature-pwg-1108.wallap... )</td>
										<td><span class='test-status fail'>fail</span></td>
									</tr>
									<tr>
										<td>Jul 16, 2019 11:17:29 AM</td>
										<td class='linked' test-id='14'>testBrickHTML (5200000000001138, http://feature-pwg-1108.wallap... )</td>
										<td><span class='test-status fail'>fail</span></td>
									</tr>
									<tr>
										<td>Jul 16, 2019 11:17:54 AM</td>
										<td class='linked' test-id='15'>testBrickHTML (5200000000001146, http://feature-pwg-1108.wallap... )</td>
										<td><span class='test-status fail'>fail</span></td>
									</tr>
									<tr>
										<td>Jul 16, 2019 11:18:17 AM</td>
										<td class='linked' test-id='16'>testBrickHTML (5200000000002003, http://feature-pwg-1108.wallap... )</td>
										<td><span class='test-status pass'>pass</span></td>
									</tr>
									<tr>
										<td>Jul 16, 2019 11:18:43 AM</td>
										<td class='linked' test-id='17'>testBrickHTML (5200000000002011, http://feature-pwg-1108.wallap... )</td>
										<td><span class='test-status fail'>fail</span></td>
									</tr>
									<tr>
										<td>Jul 16, 2019 11:19:03 AM</td>
										<td class='linked' test-id='18'>testBrickHTML (5200000000002029, http://feature-pwg-1108.wallap... )</td>
										<td><span class='test-status fail'>fail</span></td>
									</tr>
								</tbody>
							</table>
						</div>
					</div>
				</li>
			</ul>
		</div>
	</div>
	<div class='subview-right left'>
		<div class='view-summary'>
			<h5 class='category-name'></h5>
		</div>
	</div>
</div>
<!-- category view --><div id='exception-view' class='view hide'>
	<section id='controls'>
		<div class='controls grey lighten-4'>
			<!-- search -->
			<div class='chip transparent' alt='Search Tests' title='Search Tests'>
				<a href="#" class='search-div'>
				<i class='material-icons'>search</i> Search
				</a>
				<div class='input-field left hide'>
					<input id='search-tests' type='text' class='validate browser-default' placeholder='Search Tests...'>
				</div>
			</div>
			<!-- search -->
		</div>
	</section>
	<div class='subview-left left'>
		<div class='view-summary'>
			<ul id='exception-collection' class='exception-collection'>
				<li class='exception displayed active'>
					<div class='exception-heading'>
						<span class='exception-name'>java.lang.AssertionError</span>
						<span class='exception-count right'><span class='label red lighten-1 white-text'>11</span></span>
					</div>
					<div class='exception-content hide'>
						<div class='exception-tests'>
							<table class='bordered table-results'>
								<thead>
									<tr>
										<th>Timestamp</th>
										<th>TestName</th>
										<th>Status</th>
									</tr>
								</thead>
								<tbody>
									<tr>
										<td>Jul 16, 2019 11:12:20 AM</td>
										<td class='linked' test-id='1'>testBrickHTML (5200000000001005, http://feature-pwg-1108.wallap... )</td>
										<td>
											<textarea disabled class="code-block">java.lang.AssertionError: The following asserts failed:
	[cardholderVerificationMethod vs case] expected [THREEDS] but found [CVV2]
	at automation.project3ds.MySoftAssertAll.assertAll(MySoftAssertAll.java:60)
	at automation.project3ds.testBrickHTML.execute(testBrickHTML.java:344)
	at sun.reflect.NativeMethodAccessorImpl.invoke0(Native Method)
	at sun.reflect.NativeMethodAccessorImpl.invoke(Unknown Source)
	at sun.reflect.DelegatingMethodAccessorImpl.invoke(Unknown Source)
	at java.lang.reflect.Method.invoke(Unknown Source)
	at org.testng.internal.MethodInvocationHelper.invokeMethod(MethodInvocationHelper.java:124)
	at org.testng.internal.Invoker.invokeMethod(Invoker.java:583)
	at org.testng.internal.Invoker.invokeTestMethod(Invoker.java:719)
	at org.testng.internal.Invoker.invokeTestMethods(Invoker.java:989)
	at org.testng.internal.TestMethodWorker.invokeTestMethods(TestMethodWorker.java:125)
	at org.testng.internal.TestMethodWorker.run(TestMethodWorker.java:109)
	at org.testng.TestRunner.privateRun(TestRunner.java:648)
	at org.testng.TestRunner.run(TestRunner.java:505)
	at org.testng.SuiteRunner.runTest(SuiteRunner.java:455)
	at org.testng.SuiteRunner.runSequentially(SuiteRunner.java:450)
	at org.testng.SuiteRunner.privateRun(SuiteRunner.java:415)
	at org.testng.SuiteRunner.run(SuiteRunner.java:364)
	at org.testng.SuiteRunnerWorker.runSuite(SuiteRunnerWorker.java:52)
	at org.testng.SuiteRunnerWorker.run(SuiteRunnerWorker.java:84)
	at org.testng.TestNG.runSuitesSequentially(TestNG.java:1208)
	at org.testng.TestNG.runSuitesLocally(TestNG.java:1137)
	at org.testng.TestNG.runSuites(TestNG.java:1049)
	at org.testng.TestNG.run(TestNG.java:1017)
	at org.testng.remote.AbstractRemoteTestNG.run(AbstractRemoteTestNG.java:115)
	at org.testng.remote.RemoteTestNG.initAndRun(RemoteTestNG.java:251)
	at org.testng.remote.RemoteTestNG.main(RemoteTestNG.java:77)
</textarea>
										</td>
									</tr>
									<tr>
										<td>Jul 16, 2019 11:13:06 AM</td>
										<td class='linked' test-id='3'>testBrickHTML (5200000000001021, http://feature-pwg-1108.wallap... )</td>
										<td>
											<textarea disabled class="code-block">java.lang.AssertionError: The following asserts failed:
	[cardholderVerificationMethod vs case] expected [THREEDS_ATTEMPT] but found [CVV2]
	at automation.project3ds.MySoftAssertAll.assertAll(MySoftAssertAll.java:60)
	at automation.project3ds.testBrickHTML.execute(testBrickHTML.java:344)
	at sun.reflect.NativeMethodAccessorImpl.invoke0(Native Method)
	at sun.reflect.NativeMethodAccessorImpl.invoke(Unknown Source)
	at sun.reflect.DelegatingMethodAccessorImpl.invoke(Unknown Source)
	at java.lang.reflect.Method.invoke(Unknown Source)
	at org.testng.internal.MethodInvocationHelper.invokeMethod(MethodInvocationHelper.java:124)
	at org.testng.internal.Invoker.invokeMethod(Invoker.java:583)
	at org.testng.internal.Invoker.invokeTestMethod(Invoker.java:719)
	at org.testng.internal.Invoker.invokeTestMethods(Invoker.java:989)
	at org.testng.internal.TestMethodWorker.invokeTestMethods(TestMethodWorker.java:125)
	at org.testng.internal.TestMethodWorker.run(TestMethodWorker.java:109)
	at org.testng.TestRunner.privateRun(TestRunner.java:648)
	at org.testng.TestRunner.run(TestRunner.java:505)
	at org.testng.SuiteRunner.runTest(SuiteRunner.java:455)
	at org.testng.SuiteRunner.runSequentially(SuiteRunner.java:450)
	at org.testng.SuiteRunner.privateRun(SuiteRunner.java:415)
	at org.testng.SuiteRunner.run(SuiteRunner.java:364)
	at org.testng.SuiteRunnerWorker.runSuite(SuiteRunnerWorker.java:52)
	at org.testng.SuiteRunnerWorker.run(SuiteRunnerWorker.java:84)
	at org.testng.TestNG.runSuitesSequentially(TestNG.java:1208)
	at org.testng.TestNG.runSuitesLocally(TestNG.java:1137)
	at org.testng.TestNG.runSuites(TestNG.java:1049)
	at org.testng.TestNG.run(TestNG.java:1017)
	at org.testng.remote.AbstractRemoteTestNG.run(AbstractRemoteTestNG.java:115)
	at org.testng.remote.RemoteTestNG.initAndRun(RemoteTestNG.java:251)
	at org.testng.remote.RemoteTestNG.main(RemoteTestNG.java:77)
</textarea>
										</td>
									</tr>
									<tr>
										<td>Jul 16, 2019 11:14:11 AM</td>
										<td class='linked' test-id='6'>testBrickHTML (5200000000001054, http://feature-pwg-1108.wallap... )</td>
										<td>
											<textarea disabled class="code-block">java.lang.AssertionError: The following asserts failed:
	[EciFlag] expected [01] but found [00]
	at automation.project3ds.MySoftAssertAll.assertAll(MySoftAssertAll.java:60)
	at automation.project3ds.testBrickHTML.execute(testBrickHTML.java:344)
	at sun.reflect.NativeMethodAccessorImpl.invoke0(Native Method)
	at sun.reflect.NativeMethodAccessorImpl.invoke(Unknown Source)
	at sun.reflect.DelegatingMethodAccessorImpl.invoke(Unknown Source)
	at java.lang.reflect.Method.invoke(Unknown Source)
	at org.testng.internal.MethodInvocationHelper.invokeMethod(MethodInvocationHelper.java:124)
	at org.testng.internal.Invoker.invokeMethod(Invoker.java:583)
	at org.testng.internal.Invoker.invokeTestMethod(Invoker.java:719)
	at org.testng.internal.Invoker.invokeTestMethods(Invoker.java:989)
	at org.testng.internal.TestMethodWorker.invokeTestMethods(TestMethodWorker.java:125)
	at org.testng.internal.TestMethodWorker.run(TestMethodWorker.java:109)
	at org.testng.TestRunner.privateRun(TestRunner.java:648)
	at org.testng.TestRunner.run(TestRunner.java:505)
	at org.testng.SuiteRunner.runTest(SuiteRunner.java:455)
	at org.testng.SuiteRunner.runSequentially(SuiteRunner.java:450)
	at org.testng.SuiteRunner.privateRun(SuiteRunner.java:415)
	at org.testng.SuiteRunner.run(SuiteRunner.java:364)
	at org.testng.SuiteRunnerWorker.runSuite(SuiteRunnerWorker.java:52)
	at org.testng.SuiteRunnerWorker.run(SuiteRunnerWorker.java:84)
	at org.testng.TestNG.runSuitesSequentially(TestNG.java:1208)
	at org.testng.TestNG.runSuitesLocally(TestNG.java:1137)
	at org.testng.TestNG.runSuites(TestNG.java:1049)
	at org.testng.TestNG.run(TestNG.java:1017)
	at org.testng.remote.AbstractRemoteTestNG.run(AbstractRemoteTestNG.java:115)
	at org.testng.remote.RemoteTestNG.initAndRun(RemoteTestNG.java:251)
	at org.testng.remote.RemoteTestNG.main(RemoteTestNG.java:77)
</textarea>
										</td>
									</tr>
									<tr>
										<td>Jul 16, 2019 11:14:31 AM</td>
										<td class='linked' test-id='7'>testBrickHTML (5200000000001062, http://feature-pwg-1108.wallap... )</td>
										<td>
											<textarea disabled class="code-block">java.lang.AssertionError: The following asserts failed:
	[Enrolled] expected [] but found [U]
	at automation.project3ds.MySoftAssertAll.assertAll(MySoftAssertAll.java:60)
	at automation.project3ds.testBrickHTML.execute(testBrickHTML.java:344)
	at sun.reflect.NativeMethodAccessorImpl.invoke0(Native Method)
	at sun.reflect.NativeMethodAccessorImpl.invoke(Unknown Source)
	at sun.reflect.DelegatingMethodAccessorImpl.invoke(Unknown Source)
	at java.lang.reflect.Method.invoke(Unknown Source)
	at org.testng.internal.MethodInvocationHelper.invokeMethod(MethodInvocationHelper.java:124)
	at org.testng.internal.Invoker.invokeMethod(Invoker.java:583)
	at org.testng.internal.Invoker.invokeTestMethod(Invoker.java:719)
	at org.testng.internal.Invoker.invokeTestMethods(Invoker.java:989)
	at org.testng.internal.TestMethodWorker.invokeTestMethods(TestMethodWorker.java:125)
	at org.testng.internal.TestMethodWorker.run(TestMethodWorker.java:109)
	at org.testng.TestRunner.privateRun(TestRunner.java:648)
	at org.testng.TestRunner.run(TestRunner.java:505)
	at org.testng.SuiteRunner.runTest(SuiteRunner.java:455)
	at org.testng.SuiteRunner.runSequentially(SuiteRunner.java:450)
	at org.testng.SuiteRunner.privateRun(SuiteRunner.java:415)
	at org.testng.SuiteRunner.run(SuiteRunner.java:364)
	at org.testng.SuiteRunnerWorker.runSuite(SuiteRunnerWorker.java:52)
	at org.testng.SuiteRunnerWorker.run(SuiteRunnerWorker.java:84)
	at org.testng.TestNG.runSuitesSequentially(TestNG.java:1208)
	at org.testng.TestNG.runSuitesLocally(TestNG.java:1137)
	at org.testng.TestNG.runSuites(TestNG.java:1049)
	at org.testng.TestNG.run(TestNG.java:1017)
	at org.testng.remote.AbstractRemoteTestNG.run(AbstractRemoteTestNG.java:115)
	at org.testng.remote.RemoteTestNG.initAndRun(RemoteTestNG.java:251)
	at org.testng.remote.RemoteTestNG.main(RemoteTestNG.java:77)
</textarea>
										</td>
									</tr>
									<tr>
										<td>Jul 16, 2019 11:14:52 AM</td>
										<td class='linked' test-id='8'>testBrickHTML (5200000000001070, http://feature-pwg-1108.wallap... )</td>
										<td>
											<textarea disabled class="code-block">java.lang.AssertionError: The following asserts failed:
	[Enrolled] expected [] but found [U],
	[EciFlag] expected [] but found [00]
	at automation.project3ds.MySoftAssertAll.assertAll(MySoftAssertAll.java:60)
	at automation.project3ds.testBrickHTML.execute(testBrickHTML.java:344)
	at sun.reflect.NativeMethodAccessorImpl.invoke0(Native Method)
	at sun.reflect.NativeMethodAccessorImpl.invoke(Unknown Source)
	at sun.reflect.DelegatingMethodAccessorImpl.invoke(Unknown Source)
	at java.lang.reflect.Method.invoke(Unknown Source)
	at org.testng.internal.MethodInvocationHelper.invokeMethod(MethodInvocationHelper.java:124)
	at org.testng.internal.Invoker.invokeMethod(Invoker.java:583)
	at org.testng.internal.Invoker.invokeTestMethod(Invoker.java:719)
	at org.testng.internal.Invoker.invokeTestMethods(Invoker.java:989)
	at org.testng.internal.TestMethodWorker.invokeTestMethods(TestMethodWorker.java:125)
	at org.testng.internal.TestMethodWorker.run(TestMethodWorker.java:109)
	at org.testng.TestRunner.privateRun(TestRunner.java:648)
	at org.testng.TestRunner.run(TestRunner.java:505)
	at org.testng.SuiteRunner.runTest(SuiteRunner.java:455)
	at org.testng.SuiteRunner.runSequentially(SuiteRunner.java:450)
	at org.testng.SuiteRunner.privateRun(SuiteRunner.java:415)
	at org.testng.SuiteRunner.run(SuiteRunner.java:364)
	at org.testng.SuiteRunnerWorker.runSuite(SuiteRunnerWorker.java:52)
	at org.testng.SuiteRunnerWorker.run(SuiteRunnerWorker.java:84)
	at org.testng.TestNG.runSuitesSequentially(TestNG.java:1208)
	at org.testng.TestNG.runSuitesLocally(TestNG.java:1137)
	at org.testng.TestNG.runSuites(TestNG.java:1049)
	at org.testng.TestNG.run(TestNG.java:1017)
	at org.testng.remote.AbstractRemoteTestNG.run(AbstractRemoteTestNG.java:115)
	at org.testng.remote.RemoteTestNG.initAndRun(RemoteTestNG.java:251)
	at org.testng.remote.RemoteTestNG.main(RemoteTestNG.java:77)
</textarea>
										</td>
									</tr>
									<tr>
										<td>Jul 16, 2019 11:16:11 AM</td>
										<td class='linked' test-id='11'>testBrickHTML (5200000000001104, http://feature-pwg-1108.wallap... )</td>
										<td>
											<textarea disabled class="code-block">java.lang.AssertionError: The following asserts failed:
	[cardholderVerificationMethod vs case] expected [ERROR] but found [THREEDS_ATTEMPT]
	at automation.project3ds.MySoftAssertAll.assertAll(MySoftAssertAll.java:60)
	at automation.project3ds.testBrickHTML.execute(testBrickHTML.java:344)
	at sun.reflect.NativeMethodAccessorImpl.invoke0(Native Method)
	at sun.reflect.NativeMethodAccessorImpl.invoke(Unknown Source)
	at sun.reflect.DelegatingMethodAccessorImpl.invoke(Unknown Source)
	at java.lang.reflect.Method.invoke(Unknown Source)
	at org.testng.internal.MethodInvocationHelper.invokeMethod(MethodInvocationHelper.java:124)
	at org.testng.internal.Invoker.invokeMethod(Invoker.java:583)
	at org.testng.internal.Invoker.invokeTestMethod(Invoker.java:719)
	at org.testng.internal.Invoker.invokeTestMethods(Invoker.java:989)
	at org.testng.internal.TestMethodWorker.invokeTestMethods(TestMethodWorker.java:125)
	at org.testng.internal.TestMethodWorker.run(TestMethodWorker.java:109)
	at org.testng.TestRunner.privateRun(TestRunner.java:648)
	at org.testng.TestRunner.run(TestRunner.java:505)
	at org.testng.SuiteRunner.runTest(SuiteRunner.java:455)
	at org.testng.SuiteRunner.runSequentially(SuiteRunner.java:450)
	at org.testng.SuiteRunner.privateRun(SuiteRunner.java:415)
	at org.testng.SuiteRunner.run(SuiteRunner.java:364)
	at org.testng.SuiteRunnerWorker.runSuite(SuiteRunnerWorker.java:52)
	at org.testng.SuiteRunnerWorker.run(SuiteRunnerWorker.java:84)
	at org.testng.TestNG.runSuitesSequentially(TestNG.java:1208)
	at org.testng.TestNG.runSuitesLocally(TestNG.java:1137)
	at org.testng.TestNG.runSuites(TestNG.java:1049)
	at org.testng.TestNG.run(TestNG.java:1017)
	at org.testng.remote.AbstractRemoteTestNG.run(AbstractRemoteTestNG.java:115)
	at org.testng.remote.RemoteTestNG.initAndRun(RemoteTestNG.java:251)
	at org.testng.remote.RemoteTestNG.main(RemoteTestNG.java:77)
</textarea>
										</td>
									</tr>
									<tr>
										<td>Jul 16, 2019 11:17:01 AM</td>
										<td class='linked' test-id='13'>testBrickHTML (5200000000001120, http://feature-pwg-1108.wallap... )</td>
										<td>
											<textarea disabled class="code-block">java.lang.AssertionError: The following asserts failed:
	[EciFlag2] expected [00] but found [],
	[cardholderVerificationMethod vs case] expected [ERROR] but found [THREEDS_ATTEMPT]
	at automation.project3ds.MySoftAssertAll.assertAll(MySoftAssertAll.java:60)
	at automation.project3ds.testBrickHTML.execute(testBrickHTML.java:344)
	at sun.reflect.NativeMethodAccessorImpl.invoke0(Native Method)
	at sun.reflect.NativeMethodAccessorImpl.invoke(Unknown Source)
	at sun.reflect.DelegatingMethodAccessorImpl.invoke(Unknown Source)
	at java.lang.reflect.Method.invoke(Unknown Source)
	at org.testng.internal.MethodInvocationHelper.invokeMethod(MethodInvocationHelper.java:124)
	at org.testng.internal.Invoker.invokeMethod(Invoker.java:583)
	at org.testng.internal.Invoker.invokeTestMethod(Invoker.java:719)
	at org.testng.internal.Invoker.invokeTestMethods(Invoker.java:989)
	at org.testng.internal.TestMethodWorker.invokeTestMethods(TestMethodWorker.java:125)
	at org.testng.internal.TestMethodWorker.run(TestMethodWorker.java:109)
	at org.testng.TestRunner.privateRun(TestRunner.java:648)
	at org.testng.TestRunner.run(TestRunner.java:505)
	at org.testng.SuiteRunner.runTest(SuiteRunner.java:455)
	at org.testng.SuiteRunner.runSequentially(SuiteRunner.java:450)
	at org.testng.SuiteRunner.privateRun(SuiteRunner.java:415)
	at org.testng.SuiteRunner.run(SuiteRunner.java:364)
	at org.testng.SuiteRunnerWorker.runSuite(SuiteRunnerWorker.java:52)
	at org.testng.SuiteRunnerWorker.run(SuiteRunnerWorker.java:84)
	at org.testng.TestNG.runSuitesSequentially(TestNG.java:1208)
	at org.testng.TestNG.runSuitesLocally(TestNG.java:1137)
	at org.testng.TestNG.runSuites(TestNG.java:1049)
	at org.testng.TestNG.run(TestNG.java:1017)
	at org.testng.remote.AbstractRemoteTestNG.run(AbstractRemoteTestNG.java:115)
	at org.testng.remote.RemoteTestNG.initAndRun(RemoteTestNG.java:251)
	at org.testng.remote.RemoteTestNG.main(RemoteTestNG.java:77)
</textarea>
										</td>
									</tr>
									<tr>
										<td>Jul 16, 2019 11:17:29 AM</td>
										<td class='linked' test-id='14'>testBrickHTML (5200000000001138, http://feature-pwg-1108.wallap... )</td>
										<td>
											<textarea disabled class="code-block">java.lang.AssertionError: The following asserts failed:
	[cardholderVerificationMethod vs case] expected [CVV2] but found [THREEDS]
	at automation.project3ds.MySoftAssertAll.assertAll(MySoftAssertAll.java:60)
	at automation.project3ds.testBrickHTML.execute(testBrickHTML.java:344)
	at sun.reflect.NativeMethodAccessorImpl.invoke0(Native Method)
	at sun.reflect.NativeMethodAccessorImpl.invoke(Unknown Source)
	at sun.reflect.DelegatingMethodAccessorImpl.invoke(Unknown Source)
	at java.lang.reflect.Method.invoke(Unknown Source)
	at org.testng.internal.MethodInvocationHelper.invokeMethod(MethodInvocationHelper.java:124)
	at org.testng.internal.Invoker.invokeMethod(Invoker.java:583)
	at org.testng.internal.Invoker.invokeTestMethod(Invoker.java:719)
	at org.testng.internal.Invoker.invokeTestMethods(Invoker.java:989)
	at org.testng.internal.TestMethodWorker.invokeTestMethods(TestMethodWorker.java:125)
	at org.testng.internal.TestMethodWorker.run(TestMethodWorker.java:109)
	at org.testng.TestRunner.privateRun(TestRunner.java:648)
	at org.testng.TestRunner.run(TestRunner.java:505)
	at org.testng.SuiteRunner.runTest(SuiteRunner.java:455)
	at org.testng.SuiteRunner.runSequentially(SuiteRunner.java:450)
	at org.testng.SuiteRunner.privateRun(SuiteRunner.java:415)
	at org.testng.SuiteRunner.run(SuiteRunner.java:364)
	at org.testng.SuiteRunnerWorker.runSuite(SuiteRunnerWorker.java:52)
	at org.testng.SuiteRunnerWorker.run(SuiteRunnerWorker.java:84)
	at org.testng.TestNG.runSuitesSequentially(TestNG.java:1208)
	at org.testng.TestNG.runSuitesLocally(TestNG.java:1137)
	at org.testng.TestNG.runSuites(TestNG.java:1049)
	at org.testng.TestNG.run(TestNG.java:1017)
	at org.testng.remote.AbstractRemoteTestNG.run(AbstractRemoteTestNG.java:115)
	at org.testng.remote.RemoteTestNG.initAndRun(RemoteTestNG.java:251)
	at org.testng.remote.RemoteTestNG.main(RemoteTestNG.java:77)
</textarea>
										</td>
									</tr>
									<tr>
										<td>Jul 16, 2019 11:17:54 AM</td>
										<td class='linked' test-id='15'>testBrickHTML (5200000000001146, http://feature-pwg-1108.wallap... )</td>
										<td>
											<textarea disabled class="code-block">java.lang.AssertionError: The following asserts failed:
	[Enrolled] expected [Y] but found [U],
	[PAResStatus] expected [Y] but found [],
	[SignitureVerification] expected [Y] but found []
	at automation.project3ds.MySoftAssertAll.assertAll(MySoftAssertAll.java:60)
	at automation.project3ds.testBrickHTML.execute(testBrickHTML.java:344)
	at sun.reflect.NativeMethodAccessorImpl.invoke0(Native Method)
	at sun.reflect.NativeMethodAccessorImpl.invoke(Unknown Source)
	at sun.reflect.DelegatingMethodAccessorImpl.invoke(Unknown Source)
	at java.lang.reflect.Method.invoke(Unknown Source)
	at org.testng.internal.MethodInvocationHelper.invokeMethod(MethodInvocationHelper.java:124)
	at org.testng.internal.Invoker.invokeMethod(Invoker.java:583)
	at org.testng.internal.Invoker.invokeTestMethod(Invoker.java:719)
	at org.testng.internal.Invoker.invokeTestMethods(Invoker.java:989)
	at org.testng.internal.TestMethodWorker.invokeTestMethods(TestMethodWorker.java:125)
	at org.testng.internal.TestMethodWorker.run(TestMethodWorker.java:109)
	at org.testng.TestRunner.privateRun(TestRunner.java:648)
	at org.testng.TestRunner.run(TestRunner.java:505)
	at org.testng.SuiteRunner.runTest(SuiteRunner.java:455)
	at org.testng.SuiteRunner.runSequentially(SuiteRunner.java:450)
	at org.testng.SuiteRunner.privateRun(SuiteRunner.java:415)
	at org.testng.SuiteRunner.run(SuiteRunner.java:364)
	at org.testng.SuiteRunnerWorker.runSuite(SuiteRunnerWorker.java:52)
	at org.testng.SuiteRunnerWorker.run(SuiteRunnerWorker.java:84)
	at org.testng.TestNG.runSuitesSequentially(TestNG.java:1208)
	at org.testng.TestNG.runSuitesLocally(TestNG.java:1137)
	at org.testng.TestNG.runSuites(TestNG.java:1049)
	at org.testng.TestNG.run(TestNG.java:1017)
	at org.testng.remote.AbstractRemoteTestNG.run(AbstractRemoteTestNG.java:115)
	at org.testng.remote.RemoteTestNG.initAndRun(RemoteTestNG.java:251)
	at org.testng.remote.RemoteTestNG.main(RemoteTestNG.java:77)
</textarea>
										</td>
									</tr>
									<tr>
										<td>Jul 16, 2019 11:18:43 AM</td>
										<td class='linked' test-id='17'>testBrickHTML (5200000000002011, http://feature-pwg-1108.wallap... )</td>
										<td>
											<textarea disabled class="code-block">java.lang.AssertionError: The following asserts failed:
	[cardholderVerificationMethod vs case] expected [THREEDS] but found [CVV2]
	at automation.project3ds.MySoftAssertAll.assertAll(MySoftAssertAll.java:60)
	at automation.project3ds.testBrickHTML.execute(testBrickHTML.java:344)
	at sun.reflect.GeneratedMethodAccessor13.invoke(Unknown Source)
	at sun.reflect.DelegatingMethodAccessorImpl.invoke(Unknown Source)
	at java.lang.reflect.Method.invoke(Unknown Source)
	at org.testng.internal.MethodInvocationHelper.invokeMethod(MethodInvocationHelper.java:124)
	at org.testng.internal.Invoker.invokeMethod(Invoker.java:583)
	at org.testng.internal.Invoker.invokeTestMethod(Invoker.java:719)
	at org.testng.internal.Invoker.invokeTestMethods(Invoker.java:989)
	at org.testng.internal.TestMethodWorker.invokeTestMethods(TestMethodWorker.java:125)
	at org.testng.internal.TestMethodWorker.run(TestMethodWorker.java:109)
	at org.testng.TestRunner.privateRun(TestRunner.java:648)
	at org.testng.TestRunner.run(TestRunner.java:505)
	at org.testng.SuiteRunner.runTest(SuiteRunner.java:455)
	at org.testng.SuiteRunner.runSequentially(SuiteRunner.java:450)
	at org.testng.SuiteRunner.privateRun(SuiteRunner.java:415)
	at org.testng.SuiteRunner.run(SuiteRunner.java:364)
	at org.testng.SuiteRunnerWorker.runSuite(SuiteRunnerWorker.java:52)
	at org.testng.SuiteRunnerWorker.run(SuiteRunnerWorker.java:84)
	at org.testng.TestNG.runSuitesSequentially(TestNG.java:1208)
	at org.testng.TestNG.runSuitesLocally(TestNG.java:1137)
	at org.testng.TestNG.runSuites(TestNG.java:1049)
	at org.testng.TestNG.run(TestNG.java:1017)
	at org.testng.remote.AbstractRemoteTestNG.run(AbstractRemoteTestNG.java:115)
	at org.testng.remote.RemoteTestNG.initAndRun(RemoteTestNG.java:251)
	at org.testng.remote.RemoteTestNG.main(RemoteTestNG.java:77)
</textarea>
										</td>
									</tr>
									<tr>
										<td>Jul 16, 2019 11:19:03 AM</td>
										<td class='linked' test-id='18'>testBrickHTML (5200000000002029, http://feature-pwg-1108.wallap... )</td>
										<td>
											<textarea disabled class="code-block">java.lang.AssertionError: The following asserts failed:
	[PAResStatus] expected [I] but found [U]
	at automation.project3ds.MySoftAssertAll.assertAll(MySoftAssertAll.java:60)
	at automation.project3ds.testBrickHTML.execute(testBrickHTML.java:344)
	at sun.reflect.GeneratedMethodAccessor13.invoke(Unknown Source)
	at sun.reflect.DelegatingMethodAccessorImpl.invoke(Unknown Source)
	at java.lang.reflect.Method.invoke(Unknown Source)
	at org.testng.internal.MethodInvocationHelper.invokeMethod(MethodInvocationHelper.java:124)
	at org.testng.internal.Invoker.invokeMethod(Invoker.java:583)
	at org.testng.internal.Invoker.invokeTestMethod(Invoker.java:719)
	at org.testng.internal.Invoker.invokeTestMethods(Invoker.java:989)
	at org.testng.internal.TestMethodWorker.invokeTestMethods(TestMethodWorker.java:125)
	at org.testng.internal.TestMethodWorker.run(TestMethodWorker.java:109)
	at org.testng.TestRunner.privateRun(TestRunner.java:648)
	at org.testng.TestRunner.run(TestRunner.java:505)
	at org.testng.SuiteRunner.runTest(SuiteRunner.java:455)
	at org.testng.SuiteRunner.runSequentially(SuiteRunner.java:450)
	at org.testng.SuiteRunner.privateRun(SuiteRunner.java:415)
	at org.testng.SuiteRunner.run(SuiteRunner.java:364)
	at org.testng.SuiteRunnerWorker.runSuite(SuiteRunnerWorker.java:52)
	at org.testng.SuiteRunnerWorker.run(SuiteRunnerWorker.java:84)
	at org.testng.TestNG.runSuitesSequentially(TestNG.java:1208)
	at org.testng.TestNG.runSuitesLocally(TestNG.java:1137)
	at org.testng.TestNG.runSuites(TestNG.java:1049)
	at org.testng.TestNG.run(TestNG.java:1017)
	at org.testng.remote.AbstractRemoteTestNG.run(AbstractRemoteTestNG.java:115)
	at org.testng.remote.RemoteTestNG.initAndRun(RemoteTestNG.java:251)
	at org.testng.remote.RemoteTestNG.main(RemoteTestNG.java:77)
</textarea>
										</td>
									</tr>
								</tbody>
							</table>
						</div>
					</div>
				</li>
			</ul>
		</div>
	</div>
	<div class='subview-right left'>
		<div class='view-summary'>
			<h5 class='exception-name'></h5>
		</div>
	</div>
</div>
<!-- exception view --><div id='dashboard-view' class='view hide'>
	<div class='card-panel transparent np-v'>
		<h5>Dashboard</h5>

		<div class='row'>
			<div class='col s2'>
				<div class='card-panel r'>
					Tests
					<div class='panel-lead'>18</div>
				</div>
			</div>
			<div class='col s2'>
				<div class='card-panel r'>
					Steps
					<div class='panel-lead'>0</div>
				</div>
			</div>
			<div class='col s2'>
				<div class='card-panel r'>
					Start
					<div class='panel-lead'>Jul 16, 2019 11:12:20 AM</div>
				</div>
			</div>
			<div class='col s2'>
				<div class='card-panel r'>
			 		End
			 		<div class='panel-lead'>Jul 16, 2019 11:19:24 AM</div>
				</div>
			</div>
			<div class='col s2'>
				<div class='card-panel r'>
					Time Taken
					<div class='panel-lead'>0h 7m 3s+833ms</div>
				</div>
			</div>
			<div class='col s6'>
				<div class='card-panel dashboard-categories'>
					<span class='right label cyan white-text'>Categories</span><p>&nbsp;</p>
					
					<table>
						<tr>
							<th>Name</th>
							<th>Passed</th>
							<th>Failed</th>
							<th>Others</th>
							<th>Passed %</th>
						</tr>
						<tr>
							<td>testBrickHTML</td>
							<td>7</td>
							<td>11</td>
							<td>0</td>
							<td>
									38.889%
							</td>
						</tr>
					</table>
				</div>
			</div>
		</div>
	</div>
</div>
<!-- dashboard view -->
<!-- testrunner-logs view -->		</div>
		<!-- container -->
		<script>
			var statusGroup = {
                parentCount: 18,
				passParent: 7,
				failParent: 11,
				fatalParent: 0,
				errorParent: 0,
				warningParent: 0,
				skipParent: 0,
				exceptionsParent: 11,
				childCount: 0,
				passChild: 0,
				failChild: 0,
				fatalChild: 0,
				errorChild: 0,
				warningChild: 0,
				skipChild: 0,
				infoChild: 0,
				debugChild: 0,
				exceptionsChild: 0,
				grandChildCount: 0,
				passGrandChild: 0,
				failGrandChild: 0,
				fatalGrandChild: 0,
				errorGrandChild: 0,
				warningGrandChild: 0,
				skipGrandChild: 0,
				infoGrandChild: 0,
				debugGrandChild: 0,
				exceptionsGrandChild: 0,
			};
		</script>
		<script>
			var timeline = {
			        "testBrickHTML (5200000000001005, http://feature-pwg-1108.wallap... )":28.832,"testBrickHTML (5200000000001013, http://feature-pwg-1108.wallap... )":17.225,"testBrickHTML (5200000000001021, http://feature-pwg-1108.wallap... )":23.851,"testBrickHTML (5200000000001039, http://feature-pwg-1108.wallap... )":21.681,"testBrickHTML (5200000000001047, http://feature-pwg-1108.wallap... )":18.611,"testBrickHTML (5200000000001054, http://feature-pwg-1108.wallap... )":20.749,"testBrickHTML (5200000000001062, http://feature-pwg-1108.wallap... )":20.265,"testBrickHTML (5200000000001070, http://feature-pwg-1108.wallap... )":33.375,"testBrickHTML (5200000000001088, http://feature-pwg-1108.wallap... )":19.741,"testBrickHTML (5200000000001096, http://feature-pwg-1108.wallap... )":25.96,"testBrickHTML (5200000000001104, http://feature-pwg-1108.wallap... )":22.566,"testBrickHTML (5200000000001112, http://feature-pwg-1108.wallap... )":27.329,"testBrickHTML (5200000000001120, http://feature-pwg-1108.wallap... )":28.417,"testBrickHTML (5200000000001138, http://feature-pwg-1108.wallap... )":24.73,"testBrickHTML (5200000000001146, http://feature-pwg-1108.wallap... )":23.049,"testBrickHTML (5200000000002003, http://feature-pwg-1108.wallap... )":26.23,"testBrickHTML (5200000000002011, http://feature-pwg-1108.wallap... )":19.806,"testBrickHTML (5200000000002029, http://feature-pwg-1108.wallap... )":19.753
			};
		</script>
		<script src='https://cdn.rawgit.com/extent-framework/extent-github-cdn/b65cd69/v3html/js/extent.js' type='text/javascript'></script>
		<script type='text/javascript'>
		</script>
	</body>
</html>