<?xml version="1.0" encoding="UTF-8"?>
<!-- Generated by org.testng.reporters.JUnitXMLReporter -->
<testsuite hostname="DESKTOP-V097D2E" ignored="0" name="BrickURL_ON2_Test" tests="18" failures="5" timestamp="07 Aug 2019 11:09:30 GMT" time="601.425" errors="0">
  <testcase name="execute" time="43.745" classname="automation.project3ds.BrickURL_ON2_Test"/>
  <testcase name="execute" time="20.985" classname="automation.project3ds.BrickURL_ON2_Test"/>
  <testcase name="execute" time="24.044" classname="automation.project3ds.BrickURL_ON2_Test"/>
  <testcase name="execute" time="25.14" classname="automation.project3ds.BrickURL_ON2_Test"/>
  <testcase name="execute" time="21.804" classname="automation.project3ds.BrickURL_ON2_Test"/>
  <testcase name="execute" time="25.439" classname="automation.project3ds.BrickURL_ON2_Test">
    <failure type="java.lang.AssertionError" message="The following asserts failed:
	[EciFlag] expected [01] but found [00]">
      <![CDATA[java.lang.AssertionError: The following asserts failed:
[EciFlag] expected [01] but found [00]
at automation.project3ds.MySoftAssertAll.assertAll(MySoftAssertAll.java:57)
at automation.project3ds.Action.assertResult(Action.java:150)
at automation.project3ds.BrickURL_ON2_Test.execute(BrickURL_ON2_Test.java:92)
... Removed 25 stack frames]]>
    </failure>
  </testcase> <!-- execute -->
  <testcase name="execute" time="23.443" classname="automation.project3ds.BrickURL_ON2_Test">
    <failure type="java.lang.AssertionError" message="The following asserts failed:
	[Enrolled] expected [] but found [U]">
      <![CDATA[java.lang.AssertionError: The following asserts failed:
[Enrolled] expected [] but found [U]
at automation.project3ds.MySoftAssertAll.assertAll(MySoftAssertAll.java:57)
at automation.project3ds.Action.assertResult(Action.java:150)
at automation.project3ds.BrickURL_ON2_Test.execute(BrickURL_ON2_Test.java:92)
... Removed 25 stack frames]]>
    </failure>
  </testcase> <!-- execute -->
  <testcase name="execute" time="37.499" classname="automation.project3ds.BrickURL_ON2_Test">
    <failure type="java.lang.AssertionError" message="The following asserts failed:
	[Enrolled] expected [] but found [U],
	[EciFlag] expected [] but found [00]">
      <![CDATA[java.lang.AssertionError: The following asserts failed:
[Enrolled] expected [] but found [U],
[EciFlag] expected [] but found [00]
at automation.project3ds.MySoftAssertAll.assertAll(MySoftAssertAll.java:57)
at automation.project3ds.Action.assertResult(Action.java:150)
at automation.project3ds.BrickURL_ON2_Test.execute(BrickURL_ON2_Test.java:92)
... Removed 25 stack frames]]>
    </failure>
  </testcase> <!-- execute -->
  <testcase name="execute" time="25.198" classname="automation.project3ds.BrickURL_ON2_Test"/>
  <testcase name="execute" time="43.563" classname="automation.project3ds.BrickURL_ON2_Test"/>
  <testcase name="execute" time="40.485" classname="automation.project3ds.BrickURL_ON2_Test"/>
  <testcase name="execute" time="46.928" classname="automation.project3ds.BrickURL_ON2_Test"/>
  <testcase name="execute" time="44.55" classname="automation.project3ds.BrickURL_ON2_Test">
    <failure type="org.openqa.selenium.NoSuchElementException" message="no such element: Unable to locate element: {&amp;quot;method&amp;quot;:&amp;quot;xpath&amp;quot;,&amp;quot;selector&amp;quot;:&amp;quot;//body[contains(text(),&amp;apos;{&amp;apos;)]&amp;quot;}
  (Session info: chrome=75.0.3770.142)
  (Driver info: chromedriver=2.42.591088 (7b2b2dca23cca0862f674758c9a3933e685c27d5),platform=Windows NT 10.0.17134 x86_64) (WARNING: The server did not provide any stacktrace information)
Command duration or timeout: 0 milliseconds
For documentation on this error, please visit: https://www.seleniumhq.org/exceptions/no_such_element.html
Build info: version: &amp;apos;3.141.59&amp;apos;, revision: &amp;apos;e82be7d358&amp;apos;, time: &amp;apos;2018-11-14T08:17:03&amp;apos;
System info: host: &amp;apos;DESKTOP-V097D2E&amp;apos;, ip: &amp;apos;192.168.10.136&amp;apos;, os.name: &amp;apos;Windows 10&amp;apos;, os.arch: &amp;apos;amd64&amp;apos;, os.version: &amp;apos;10.0&amp;apos;, java.version: &amp;apos;1.8.0_181&amp;apos;
Driver info: org.openqa.selenium.chrome.ChromeDriver
Capabilities {acceptInsecureCerts: false, acceptSslCerts: false, applicationCacheEnabled: false, browserConnectionEnabled: false, browserName: chrome, chrome: {chromedriverVersion: 2.42.591088 (7b2b2dca23cca0..., userDataDir: C:\Users\chase\AppData\Loca...}, cssSelectorsEnabled: true, databaseEnabled: false, goog:chromeOptions: {debuggerAddress: localhost:63450}, handlesAlerts: true, hasTouchScreen: false, javascriptEnabled: true, locationContextEnabled: true, mobileEmulationEnabled: false, nativeEvents: true, networkConnectionEnabled: false, pageLoadStrategy: normal, platform: XP, platformName: XP, rotatable: false, setWindowRect: true, takesHeapSnapshot: true, takesScreenshot: true, unexpectedAlertBehaviour: , unhandledPromptBehavior: , version: 75.0.3770.142, webStorageEnabled: true}
Session ID: 1bae09c3d558fb4a63f093f2d49ed35c
*** Element info: {Using=xpath, value=//body[contains(text(),&amp;apos;{&amp;apos;)]}">
      <![CDATA[org.openqa.selenium.NoSuchElementException: no such element: Unable to locate element: {"method":"xpath","selector":"//body[contains(text(),'{')]"}
  (Session info: chrome=75.0.3770.142)
  (Driver info: chromedriver=2.42.591088 (7b2b2dca23cca0862f674758c9a3933e685c27d5),platform=Windows NT 10.0.17134 x86_64) (WARNING: The server did not provide any stacktrace information)
Command duration or timeout: 0 milliseconds
For documentation on this error, please visit: https://www.seleniumhq.org/exceptions/no_such_element.html
Build info: version: '3.141.59', revision: 'e82be7d358', time: '2018-11-14T08:17:03'
System info: host: 'DESKTOP-V097D2E', ip: '192.168.10.136', os.name: 'Windows 10', os.arch: 'amd64', os.version: '10.0', java.version: '1.8.0_181'
Driver info: org.openqa.selenium.chrome.ChromeDriver
Capabilities {acceptInsecureCerts: false, acceptSslCerts: false, applicationCacheEnabled: false, browserConnectionEnabled: false, browserName: chrome, chrome: {chromedriverVersion: 2.42.591088 (7b2b2dca23cca0..., userDataDir: C:\Users\chase\AppData\Loca...}, cssSelectorsEnabled: true, databaseEnabled: false, goog:chromeOptions: {debuggerAddress: localhost:63450}, handlesAlerts: true, hasTouchScreen: false, javascriptEnabled: true, locationContextEnabled: true, mobileEmulationEnabled: false, nativeEvents: true, networkConnectionEnabled: false, pageLoadStrategy: normal, platform: XP, platformName: XP, rotatable: false, setWindowRect: true, takesHeapSnapshot: true, takesScreenshot: true, unexpectedAlertBehaviour: , unhandledPromptBehavior: , version: 75.0.3770.142, webStorageEnabled: true}
Session ID: 1bae09c3d558fb4a63f093f2d49ed35c
*** Element info: {Using=xpath, value=//body[contains(text(),'{')]}
at org.openqa.selenium.remote.ErrorHandler.createThrowable(ErrorHandler.java:214)
at org.openqa.selenium.remote.ErrorHandler.throwIfResponseFailed(ErrorHandler.java:166)
at org.openqa.selenium.remote.http.JsonHttpResponseCodec.reconstructValue(JsonHttpResponseCodec.java:40)
at org.openqa.selenium.remote.http.AbstractHttpResponseCodec.decode(AbstractHttpResponseCodec.java:80)
at org.openqa.selenium.remote.http.AbstractHttpResponseCodec.decode(AbstractHttpResponseCodec.java:44)
at org.openqa.selenium.remote.HttpCommandExecutor.execute(HttpCommandExecutor.java:158)
at org.openqa.selenium.remote.service.DriverCommandExecutor.execute(DriverCommandExecutor.java:83)
at org.openqa.selenium.remote.RemoteWebDriver.execute(RemoteWebDriver.java:552)
at org.openqa.selenium.remote.RemoteWebDriver.findElement(RemoteWebDriver.java:323)
at org.openqa.selenium.remote.RemoteWebDriver.findElementByXPath(RemoteWebDriver.java:428)
at org.openqa.selenium.By$ByXPath.findElement(By.java:353)
at org.openqa.selenium.remote.RemoteWebDriver.findElement(RemoteWebDriver.java:315)
at automation.project3ds.Driver.getElement(Driver.java:146)
at automation.project3ds.Driver.getElement(Driver.java:150)
at automation.project3ds.PageBrickURL.getResponse(PageBrickURL.java:111)
at automation.project3ds.PageBrickURL.submitInformation(PageBrickURL.java:266)
at automation.project3ds.BrickURL_ON2_Test.execute(BrickURL_ON2_Test.java:82)
... Removed 28 stack frames]]>
    </failure>
  </testcase> <!-- execute -->
  <testcase name="execute" time="50.089" classname="automation.project3ds.BrickURL_ON2_Test"/>
  <testcase name="execute" time="24.957" classname="automation.project3ds.BrickURL_ON2_Test"/>
  <testcase name="execute" time="45.846" classname="automation.project3ds.BrickURL_ON2_Test"/>
  <testcase name="execute" time="29.074" classname="automation.project3ds.BrickURL_ON2_Test"/>
  <testcase name="execute" time="25.479" classname="automation.project3ds.BrickURL_ON2_Test">
    <failure type="java.lang.AssertionError" message="The following asserts failed:
	[PAResStatus] expected [I] but found [U]">
      <![CDATA[java.lang.AssertionError: The following asserts failed:
[PAResStatus] expected [I] but found [U]
at automation.project3ds.MySoftAssertAll.assertAll(MySoftAssertAll.java:57)
at automation.project3ds.Action.assertResult(Action.java:150)
at automation.project3ds.BrickURL_ON2_Test.execute(BrickURL_ON2_Test.java:92)
... Removed 24 stack frames]]>
    </failure>
  </testcase> <!-- execute -->
</testsuite> <!-- BrickURL_ON2_Test -->
