<?xml version="1.0" encoding="UTF-8"?>
<testng-results skipped="0" failed="8" ignored="0" total="36" passed="28">
  <reporter-output>
  </reporter-output>
  <suite name="credit_card_test" duration-ms="1111383" started-at="2019-07-01T11:01:40Z" finished-at="2019-07-01T11:20:11Z">
    <groups>
    </groups>
    <test name="test1107" duration-ms="1111383" started-at="2019-07-01T11:01:40Z" finished-at="2019-07-01T11:20:11Z">
      <class name="automation.project3ds.FillCreditCardTest">
        <test-method status="PASS" signature="setUp()[pri:0, instance:automation.project3ds.FillCreditCardTest@5f341870]" test-instance-name="5200000000002029" name="setUp" is-config="true" duration-ms="19367" started-at="2019-07-01T11:01:40Z" finished-at="2019-07-01T11:01:59Z">
          <reporter-output>
          </reporter-output>
        </test-method> <!-- setUp -->
        <test-method status="PASS" signature="BeforeMethod([Ljava.lang.Object;)[pri:0, instance:automation.project3ds.FillCreditCardTest@5f341870]" test-instance-name="5200000000002029" name="BeforeMethod" is-config="true" duration-ms="0" started-at="2019-07-01T11:01:59Z" finished-at="2019-07-01T11:01:59Z">
          <params>
            <param index="0">
              <value>
                <![CDATA[[Ljava.lang.Object;@7c899986]]>
              </value>
            </param>
          </params>
          <reporter-output>
          </reporter-output>
        </test-method> <!-- BeforeMethod -->
        <test-method status="PASS" signature="execute(java.lang.String, java.util.Map)[pri:0, instance:automation.project3ds.FillCreditCardTest@5f341870]" test-instance-name="5200000000002029" name="execute" duration-ms="29619" started-at="2019-07-01T11:01:59Z" data-provider="data" finished-at="2019-07-01T11:02:29Z">
          <params>
            <param index="0">
              <value>
                <![CDATA[4000000000001000]]>
              </value>
            </param>
            <param index="1">
              <value>
                <![CDATA[{Cavv=value, cardholderVerificationMethod=THREEDS, expected_results_authentication=NA, Enrolled=Y, EciFlag=05, WhiteListStatus=null, ErrorDesc=blank, WhiteListStatusSource=null, ErrorNo=0, Payload=blank, PAN=4000000000001000, SignitureVerification=Y, ACSUrl=blank, PAResStatus=Y, testName=Test Visa 1: Successful Frictionless Authentication}]]>
              </value>
            </param>
          </params>
          <reporter-output>
          </reporter-output>
        </test-method> <!-- execute -->
        <test-method status="PASS" signature="BeforeMethod([Ljava.lang.Object;)[pri:0, instance:automation.project3ds.FillCreditCardTest@5f341870]" test-instance-name="5200000000002029" name="BeforeMethod" is-config="true" duration-ms="1" started-at="2019-07-01T11:02:29Z" finished-at="2019-07-01T11:02:29Z">
          <params>
            <param index="0">
              <value>
                <![CDATA[[Ljava.lang.Object;@3613d6a6]]>
              </value>
            </param>
          </params>
          <reporter-output>
          </reporter-output>
        </test-method> <!-- BeforeMethod -->
        <test-method status="PASS" signature="execute(java.lang.String, java.util.Map)[pri:0, instance:automation.project3ds.FillCreditCardTest@5f341870]" test-instance-name="5200000000002029" name="execute" duration-ms="24895" started-at="2019-07-01T11:02:29Z" data-provider="data" finished-at="2019-07-01T11:02:54Z">
          <params>
            <param index="0">
              <value>
                <![CDATA[4000000000001018]]>
              </value>
            </param>
            <param index="1">
              <value>
                <![CDATA[{Cavv=blank, cardholderVerificationMethod=NO_REQUEST, expected_results_authentication=NA, Enrolled=Y, EciFlag=07, WhiteListStatus=null, ErrorDesc=blank, WhiteListStatusSource=null, ErrorNo=0, Payload=blank, PAN=4000000000001018, SignitureVerification=Y, ACSUrl=blank, PAResStatus=N, testName=Test Visa 2: Failed Frictionless Authentication}]]>
              </value>
            </param>
          </params>
          <reporter-output>
          </reporter-output>
        </test-method> <!-- execute -->
        <test-method status="PASS" signature="BeforeMethod([Ljava.lang.Object;)[pri:0, instance:automation.project3ds.FillCreditCardTest@5f341870]" test-instance-name="5200000000002029" name="BeforeMethod" is-config="true" duration-ms="2" started-at="2019-07-01T11:02:54Z" finished-at="2019-07-01T11:02:54Z">
          <params>
            <param index="0">
              <value>
                <![CDATA[[Ljava.lang.Object;@2143563e]]>
              </value>
            </param>
          </params>
          <reporter-output>
          </reporter-output>
        </test-method> <!-- BeforeMethod -->
        <test-method status="PASS" signature="execute(java.lang.String, java.util.Map)[pri:0, instance:automation.project3ds.FillCreditCardTest@5f341870]" test-instance-name="5200000000002029" name="execute" duration-ms="23092" started-at="2019-07-01T11:02:54Z" data-provider="data" finished-at="2019-07-01T11:03:17Z">
          <params>
            <param index="0">
              <value>
                <![CDATA[4000000000001026]]>
              </value>
            </param>
            <param index="1">
              <value>
                <![CDATA[{Cavv=value, cardholderVerificationMethod=THREEDS_ATTEMPT, expected_results_authentication=NA, Enrolled=Y, EciFlag=06, WhiteListStatus=null, ErrorDesc=blank, WhiteListStatusSource=null, ErrorNo=0, Payload=blank, PAN=4000000000001026, SignitureVerification=Y, ACSUrl=blank, PAResStatus=A, testName=Test Visa 3: Attempts Frictionless Authentication}]]>
              </value>
            </param>
          </params>
          <reporter-output>
          </reporter-output>
        </test-method> <!-- execute -->
        <test-method status="PASS" signature="BeforeMethod([Ljava.lang.Object;)[pri:0, instance:automation.project3ds.FillCreditCardTest@5f341870]" test-instance-name="5200000000002029" name="BeforeMethod" is-config="true" duration-ms="2" started-at="2019-07-01T11:03:17Z" finished-at="2019-07-01T11:03:17Z">
          <params>
            <param index="0">
              <value>
                <![CDATA[[Ljava.lang.Object;@76567d68]]>
              </value>
            </param>
          </params>
          <reporter-output>
          </reporter-output>
        </test-method> <!-- BeforeMethod -->
        <test-method status="PASS" signature="execute(java.lang.String, java.util.Map)[pri:0, instance:automation.project3ds.FillCreditCardTest@5f341870]" test-instance-name="5200000000002029" name="execute" duration-ms="24030" started-at="2019-07-01T11:03:17Z" data-provider="data" finished-at="2019-07-01T11:03:41Z">
          <params>
            <param index="0">
              <value>
                <![CDATA[4000000000001034]]>
              </value>
            </param>
            <param index="1">
              <value>
                <![CDATA[{Cavv=blank, cardholderVerificationMethod=CVV2, expected_results_authentication=NA, Enrolled=Y, EciFlag=07, WhiteListStatus=null, ErrorDesc=blank, WhiteListStatusSource=null, ErrorNo=0, Payload=blank, PAN=4000000000001034, SignitureVerification=Y, ACSUrl=blank, PAResStatus=U, testName=Test Visa 4: Unavailable Frictionless Authentication from the Issuer}]]>
              </value>
            </param>
          </params>
          <reporter-output>
          </reporter-output>
        </test-method> <!-- execute -->
        <test-method status="PASS" signature="BeforeMethod([Ljava.lang.Object;)[pri:0, instance:automation.project3ds.FillCreditCardTest@5f341870]" test-instance-name="5200000000002029" name="BeforeMethod" is-config="true" duration-ms="1" started-at="2019-07-01T11:03:41Z" finished-at="2019-07-01T11:03:41Z">
          <params>
            <param index="0">
              <value>
                <![CDATA[[Ljava.lang.Object;@46239f8d]]>
              </value>
            </param>
          </params>
          <reporter-output>
          </reporter-output>
        </test-method> <!-- BeforeMethod -->
        <test-method status="PASS" signature="execute(java.lang.String, java.util.Map)[pri:0, instance:automation.project3ds.FillCreditCardTest@5f341870]" test-instance-name="5200000000002029" name="execute" duration-ms="21964" started-at="2019-07-01T11:03:41Z" data-provider="data" finished-at="2019-07-01T11:04:03Z">
          <params>
            <param index="0">
              <value>
                <![CDATA[4000000000001042]]>
              </value>
            </param>
            <param index="1">
              <value>
                <![CDATA[{Cavv=blank, cardholderVerificationMethod=NO_REQUEST, expected_results_authentication=NA, Enrolled=Y, EciFlag=07, WhiteListStatus=null, ErrorDesc=blank, WhiteListStatusSource=null, ErrorNo=0, Payload=blank, PAN=4000000000001042, SignitureVerification=Y, ACSUrl=blank, PAResStatus=R, testName=Test Visa 5: Rejected Frictionless Authentication by the Issuer}]]>
              </value>
            </param>
          </params>
          <reporter-output>
          </reporter-output>
        </test-method> <!-- execute -->
        <test-method status="PASS" signature="BeforeMethod([Ljava.lang.Object;)[pri:0, instance:automation.project3ds.FillCreditCardTest@5f341870]" test-instance-name="5200000000002029" name="BeforeMethod" is-config="true" duration-ms="1" started-at="2019-07-01T11:04:03Z" finished-at="2019-07-01T11:04:03Z">
          <params>
            <param index="0">
              <value>
                <![CDATA[[Ljava.lang.Object;@6e2dd709]]>
              </value>
            </param>
          </params>
          <reporter-output>
          </reporter-output>
        </test-method> <!-- BeforeMethod -->
        <test-method status="PASS" signature="execute(java.lang.String, java.util.Map)[pri:0, instance:automation.project3ds.FillCreditCardTest@5f341870]" test-instance-name="5200000000002029" name="execute" duration-ms="23121" started-at="2019-07-01T11:04:03Z" data-provider="data" finished-at="2019-07-01T11:04:26Z">
          <params>
            <param index="0">
              <value>
                <![CDATA[4000000000001059]]>
              </value>
            </param>
            <param index="1">
              <value>
                <![CDATA[{Cavv=blank, cardholderVerificationMethod=CVV2, expected_results_authentication=NA, Enrolled=U, EciFlag=07, WhiteListStatus=null, ErrorDesc=blank, WhiteListStatusSource=null, ErrorNo=0, Payload=blank, PAN=4000000000001059, SignitureVerification=blank, ACSUrl=blank, PAResStatus=blank, testName=Test Visa 6: Authentication Not Available on Lookup}]]>
              </value>
            </param>
          </params>
          <reporter-output>
          </reporter-output>
        </test-method> <!-- execute -->
        <test-method status="PASS" signature="BeforeMethod([Ljava.lang.Object;)[pri:0, instance:automation.project3ds.FillCreditCardTest@5f341870]" test-instance-name="5200000000002029" name="BeforeMethod" is-config="true" duration-ms="1" started-at="2019-07-01T11:04:26Z" finished-at="2019-07-01T11:04:26Z">
          <params>
            <param index="0">
              <value>
                <![CDATA[[Ljava.lang.Object;@55e49e54]]>
              </value>
            </param>
          </params>
          <reporter-output>
          </reporter-output>
        </test-method> <!-- BeforeMethod -->
        <test-method status="FAIL" signature="execute(java.lang.String, java.util.Map)[pri:0, instance:automation.project3ds.FillCreditCardTest@5f341870]" test-instance-name="5200000000002029" name="execute" duration-ms="22689" started-at="2019-07-01T11:04:26Z" data-provider="data" finished-at="2019-07-01T11:04:49Z">
          <params>
            <param index="0">
              <value>
                <![CDATA[4000000000001067]]>
              </value>
            </param>
            <param index="1">
              <value>
                <![CDATA[{Cavv=blank, cardholderVerificationMethod=CVV2, expected_results_authentication=NA, Enrolled=blank, EciFlag=07, WhiteListStatus=null, ErrorDesc=value, WhiteListStatusSource=null, ErrorNo=value, Payload=blank, PAN=4000000000001067, SignitureVerification=blank, ACSUrl=blank, PAResStatus=blank, testName=Test Visa 7: Error on Lookup}]]>
              </value>
            </param>
          </params>
          <exception class="java.lang.AssertionError">
            <message>
              <![CDATA[The following asserts failed:
[Enrolled] expected [] but found [U]]]>
            </message>
            <full-stacktrace>
              <![CDATA[java.lang.AssertionError: The following asserts failed:
[Enrolled] expected [] but found [U]
at automation.project3ds.MySoftAssertAll.assertAll(MySoftAssertAll.java:80)
at automation.project3ds.FillCreditCardTest.execute(FillCreditCardTest.java:299)
at sun.reflect.NativeMethodAccessorImpl.invoke0(Native Method)
at sun.reflect.NativeMethodAccessorImpl.invoke(NativeMethodAccessorImpl.java:62)
at sun.reflect.DelegatingMethodAccessorImpl.invoke(DelegatingMethodAccessorImpl.java:43)
at java.lang.reflect.Method.invoke(Method.java:498)
at org.testng.internal.MethodInvocationHelper.invokeMethod(MethodInvocationHelper.java:124)
at org.testng.internal.Invoker.invokeMethod(Invoker.java:583)
at org.testng.internal.Invoker.invokeTestMethod(Invoker.java:719)
at org.testng.internal.Invoker.invokeTestMethods(Invoker.java:989)
at org.testng.internal.TestMethodWorker.invokeTestMethods(TestMethodWorker.java:125)
at org.testng.internal.TestMethodWorker.run(TestMethodWorker.java:109)
at org.testng.TestRunner.privateRun(TestRunner.java:648)
at org.testng.TestRunner.run(TestRunner.java:505)
at org.testng.SuiteRunner.runTest(SuiteRunner.java:455)
at org.testng.SuiteRunner.runSequentially(SuiteRunner.java:450)
at org.testng.SuiteRunner.privateRun(SuiteRunner.java:415)
at org.testng.SuiteRunner.run(SuiteRunner.java:364)
at org.testng.SuiteRunnerWorker.runSuite(SuiteRunnerWorker.java:52)
at org.testng.SuiteRunnerWorker.run(SuiteRunnerWorker.java:84)
at org.testng.TestNG.runSuitesSequentially(TestNG.java:1208)
at org.testng.TestNG.runSuitesLocally(TestNG.java:1137)
at org.testng.TestNG.runSuites(TestNG.java:1049)
at org.testng.TestNG.run(TestNG.java:1017)
at org.testng.remote.AbstractRemoteTestNG.run(AbstractRemoteTestNG.java:115)
at org.testng.remote.RemoteTestNG.initAndRun(RemoteTestNG.java:251)
at org.testng.remote.RemoteTestNG.main(RemoteTestNG.java:77)
]]>
            </full-stacktrace>
          </exception> <!-- java.lang.AssertionError -->
          <reporter-output>
          </reporter-output>
        </test-method> <!-- execute -->
        <test-method status="PASS" signature="BeforeMethod([Ljava.lang.Object;)[pri:0, instance:automation.project3ds.FillCreditCardTest@5f341870]" test-instance-name="5200000000002029" name="BeforeMethod" is-config="true" duration-ms="2" started-at="2019-07-01T11:04:49Z" finished-at="2019-07-01T11:04:49Z">
          <params>
            <param index="0">
              <value>
                <![CDATA[[Ljava.lang.Object;@109c04bd]]>
              </value>
            </param>
          </params>
          <reporter-output>
          </reporter-output>
        </test-method> <!-- BeforeMethod -->
        <test-method status="FAIL" signature="execute(java.lang.String, java.util.Map)[pri:0, instance:automation.project3ds.FillCreditCardTest@5f341870]" test-instance-name="5200000000002029" name="execute" duration-ms="34308" started-at="2019-07-01T11:04:49Z" data-provider="data" finished-at="2019-07-01T11:05:23Z">
          <params>
            <param index="0">
              <value>
                <![CDATA[4000000000001075]]>
              </value>
            </param>
            <param index="1">
              <value>
                <![CDATA[{Cavv=blank, cardholderVerificationMethod=CVV2, expected_results_authentication=NA, Enrolled=blank, EciFlag=blank, WhiteListStatus=null, ErrorDesc=value, WhiteListStatusSource=null, ErrorNo=value, Payload=blank, PAN=4000000000001075, SignitureVerification=blank, ACSUrl=blank, PAResStatus=blank, testName=Test Visa 8: Timeout on cmpi_lookup Transaction}]]>
              </value>
            </param>
          </params>
          <exception class="java.lang.AssertionError">
            <message>
              <![CDATA[The following asserts failed:
[Enrolled] expected [] but found [U],
[EciFlag] expected [] but found [07]]]>
            </message>
            <full-stacktrace>
              <![CDATA[java.lang.AssertionError: The following asserts failed:
[Enrolled] expected [] but found [U],
[EciFlag] expected [] but found [07]
at automation.project3ds.MySoftAssertAll.assertAll(MySoftAssertAll.java:80)
at automation.project3ds.FillCreditCardTest.execute(FillCreditCardTest.java:299)
at sun.reflect.NativeMethodAccessorImpl.invoke0(Native Method)
at sun.reflect.NativeMethodAccessorImpl.invoke(NativeMethodAccessorImpl.java:62)
at sun.reflect.DelegatingMethodAccessorImpl.invoke(DelegatingMethodAccessorImpl.java:43)
at java.lang.reflect.Method.invoke(Method.java:498)
at org.testng.internal.MethodInvocationHelper.invokeMethod(MethodInvocationHelper.java:124)
at org.testng.internal.Invoker.invokeMethod(Invoker.java:583)
at org.testng.internal.Invoker.invokeTestMethod(Invoker.java:719)
at org.testng.internal.Invoker.invokeTestMethods(Invoker.java:989)
at org.testng.internal.TestMethodWorker.invokeTestMethods(TestMethodWorker.java:125)
at org.testng.internal.TestMethodWorker.run(TestMethodWorker.java:109)
at org.testng.TestRunner.privateRun(TestRunner.java:648)
at org.testng.TestRunner.run(TestRunner.java:505)
at org.testng.SuiteRunner.runTest(SuiteRunner.java:455)
at org.testng.SuiteRunner.runSequentially(SuiteRunner.java:450)
at org.testng.SuiteRunner.privateRun(SuiteRunner.java:415)
at org.testng.SuiteRunner.run(SuiteRunner.java:364)
at org.testng.SuiteRunnerWorker.runSuite(SuiteRunnerWorker.java:52)
at org.testng.SuiteRunnerWorker.run(SuiteRunnerWorker.java:84)
at org.testng.TestNG.runSuitesSequentially(TestNG.java:1208)
at org.testng.TestNG.runSuitesLocally(TestNG.java:1137)
at org.testng.TestNG.runSuites(TestNG.java:1049)
at org.testng.TestNG.run(TestNG.java:1017)
at org.testng.remote.AbstractRemoteTestNG.run(AbstractRemoteTestNG.java:115)
at org.testng.remote.RemoteTestNG.initAndRun(RemoteTestNG.java:251)
at org.testng.remote.RemoteTestNG.main(RemoteTestNG.java:77)
]]>
            </full-stacktrace>
          </exception> <!-- java.lang.AssertionError -->
          <reporter-output>
          </reporter-output>
        </test-method> <!-- execute -->
        <test-method status="PASS" signature="BeforeMethod([Ljava.lang.Object;)[pri:0, instance:automation.project3ds.FillCreditCardTest@5f341870]" test-instance-name="5200000000002029" name="BeforeMethod" is-config="true" duration-ms="2" started-at="2019-07-01T11:05:23Z" finished-at="2019-07-01T11:05:23Z">
          <params>
            <param index="0">
              <value>
                <![CDATA[[Ljava.lang.Object;@4a192ed4]]>
              </value>
            </param>
          </params>
          <reporter-output>
          </reporter-output>
        </test-method> <!-- BeforeMethod -->
        <test-method status="PASS" signature="execute(java.lang.String, java.util.Map)[pri:0, instance:automation.project3ds.FillCreditCardTest@5f341870]" test-instance-name="5200000000002029" name="execute" duration-ms="23362" started-at="2019-07-01T11:05:23Z" data-provider="data" finished-at="2019-07-01T11:05:47Z">
          <params>
            <param index="0">
              <value>
                <![CDATA[4000000000001083]]>
              </value>
            </param>
            <param index="1">
              <value>
                <![CDATA[{Cavv=blank, cardholderVerificationMethod=CVV2, expected_results_authentication=NA, Enrolled=B, EciFlag=07, WhiteListStatus=null, ErrorDesc=blank, WhiteListStatusSource=null, ErrorNo=0, Payload=blank, PAN=4000000000001083, SignitureVerification=blank, ACSUrl=blank, PAResStatus=blank, testName=Test Visa 9: Bypassed Authentication}]]>
              </value>
            </param>
          </params>
          <reporter-output>
          </reporter-output>
        </test-method> <!-- execute -->
        <test-method status="PASS" signature="BeforeMethod([Ljava.lang.Object;)[pri:0, instance:automation.project3ds.FillCreditCardTest@5f341870]" test-instance-name="5200000000002029" name="BeforeMethod" is-config="true" duration-ms="1" started-at="2019-07-01T11:05:47Z" finished-at="2019-07-01T11:05:47Z">
          <params>
            <param index="0">
              <value>
                <![CDATA[[Ljava.lang.Object;@4a0c2d01]]>
              </value>
            </param>
          </params>
          <reporter-output>
          </reporter-output>
        </test-method> <!-- BeforeMethod -->
        <test-method status="PASS" signature="execute(java.lang.String, java.util.Map)[pri:0, instance:automation.project3ds.FillCreditCardTest@5f341870]" test-instance-name="5200000000002029" name="execute" duration-ms="30309" started-at="2019-07-01T11:05:47Z" data-provider="data" finished-at="2019-07-01T11:06:17Z">
          <params>
            <param index="0">
              <value>
                <![CDATA[4000000000001091]]>
              </value>
            </param>
            <param index="1">
              <value>
                <![CDATA[{Cavv=blank, cardholderVerificationMethod=THREEDS, expected_results_authentication=value, EciFlag2=05, Cavv2=value, ErrorDesc2=Success, Enrolled=Y, EciFlag=value, WhiteListStatus=null, ErrorDesc=blank, PAResStatus2=Y, WhiteListStatusSource=null, ErrorNo=0, ErrorNo2=0, SignitureVerification2=Y, Payload=value, PAN=4000000000001091, SignitureVerification=Y, ACSUrl=value, PAResStatus=C, testName=Test Visa 10: Successful Step Up Authentication}]]>
              </value>
            </param>
          </params>
          <reporter-output>
          </reporter-output>
        </test-method> <!-- execute -->
        <test-method status="PASS" signature="BeforeMethod([Ljava.lang.Object;)[pri:0, instance:automation.project3ds.FillCreditCardTest@5f341870]" test-instance-name="5200000000002029" name="BeforeMethod" is-config="true" duration-ms="1" started-at="2019-07-01T11:06:17Z" finished-at="2019-07-01T11:06:17Z">
          <params>
            <param index="0">
              <value>
                <![CDATA[[Ljava.lang.Object;@3beb1c2a]]>
              </value>
            </param>
          </params>
          <reporter-output>
          </reporter-output>
        </test-method> <!-- BeforeMethod -->
        <test-method status="PASS" signature="execute(java.lang.String, java.util.Map)[pri:0, instance:automation.project3ds.FillCreditCardTest@5f341870]" test-instance-name="5200000000002029" name="execute" duration-ms="27735" started-at="2019-07-01T11:06:17Z" data-provider="data" finished-at="2019-07-01T11:06:45Z">
          <params>
            <param index="0">
              <value>
                <![CDATA[4000000000001109]]>
              </value>
            </param>
            <param index="1">
              <value>
                <![CDATA[{Cavv=blank, cardholderVerificationMethod=NO_REQUEST, expected_results_authentication=value, EciFlag2=07, Cavv2=blank, ErrorDesc2=Success, Enrolled=Y, EciFlag=value, WhiteListStatus=null, ErrorDesc=blank, PAResStatus2=N, WhiteListStatusSource=null, ErrorNo=0, ErrorNo2=0, SignitureVerification2=Y, Payload=value, PAN=4000000000001109, SignitureVerification=Y, ACSUrl=value, PAResStatus=C, testName=Test Visa 11: Failed Step Up Authentication}]]>
              </value>
            </param>
          </params>
          <reporter-output>
          </reporter-output>
        </test-method> <!-- execute -->
        <test-method status="PASS" signature="BeforeMethod([Ljava.lang.Object;)[pri:0, instance:automation.project3ds.FillCreditCardTest@5f341870]" test-instance-name="5200000000002029" name="BeforeMethod" is-config="true" duration-ms="2" started-at="2019-07-01T11:06:45Z" finished-at="2019-07-01T11:06:45Z">
          <params>
            <param index="0">
              <value>
                <![CDATA[[Ljava.lang.Object;@4ba24e06]]>
              </value>
            </param>
          </params>
          <reporter-output>
          </reporter-output>
        </test-method> <!-- BeforeMethod -->
        <test-method status="PASS" signature="execute(java.lang.String, java.util.Map)[pri:0, instance:automation.project3ds.FillCreditCardTest@5f341870]" test-instance-name="5200000000002029" name="execute" duration-ms="28742" started-at="2019-07-01T11:06:45Z" data-provider="data" finished-at="2019-07-01T11:07:13Z">
          <params>
            <param index="0">
              <value>
                <![CDATA[4000000000001117]]>
              </value>
            </param>
            <param index="1">
              <value>
                <![CDATA[{Cavv=blank, cardholderVerificationMethod=YES_REQUEST, expected_results_authentication=value, EciFlag2=07, Cavv2=blank, ErrorDesc2=Success, Enrolled=Y, EciFlag=value, WhiteListStatus=null, ErrorDesc=blank, PAResStatus2=U, WhiteListStatusSource=null, ErrorNo=0, ErrorNo2=0, SignitureVerification2=Y, Payload=value, PAN=4000000000001117, SignitureVerification=Y, ACSUrl=value, PAResStatus=C, testName=Test Visa 12: Step Up Authentication is Unavailable}]]>
              </value>
            </param>
          </params>
          <reporter-output>
          </reporter-output>
        </test-method> <!-- execute -->
        <test-method status="PASS" signature="BeforeMethod([Ljava.lang.Object;)[pri:0, instance:automation.project3ds.FillCreditCardTest@5f341870]" test-instance-name="5200000000002029" name="BeforeMethod" is-config="true" duration-ms="1" started-at="2019-07-01T11:07:13Z" finished-at="2019-07-01T11:07:13Z">
          <params>
            <param index="0">
              <value>
                <![CDATA[[Ljava.lang.Object;@484eb628]]>
              </value>
            </param>
          </params>
          <reporter-output>
          </reporter-output>
        </test-method> <!-- BeforeMethod -->
        <test-method status="PASS" signature="execute(java.lang.String, java.util.Map)[pri:0, instance:automation.project3ds.FillCreditCardTest@5f341870]" test-instance-name="5200000000002029" name="execute" duration-ms="26858" started-at="2019-07-01T11:07:13Z" data-provider="data" finished-at="2019-07-01T11:07:40Z">
          <params>
            <param index="0">
              <value>
                <![CDATA[4000000000001125]]>
              </value>
            </param>
            <param index="1">
              <value>
                <![CDATA[{Cavv=blank, cardholderVerificationMethod=NO_REQUEST, expected_results_authentication=value, EciFlag2=blank, Cavv2=blank, ErrorDesc2=value, Enrolled=Y, EciFlag=value, WhiteListStatus=null, ErrorDesc=blank, PAResStatus2=blank, WhiteListStatusSource=null, ErrorNo=0, ErrorNo2=value, SignitureVerification2=blank, Payload=value, PAN=4000000000001125, SignitureVerification=Y, ACSUrl=value, PAResStatus=C, testName=Test Visa 13: Error on Authentication}]]>
              </value>
            </param>
          </params>
          <reporter-output>
          </reporter-output>
        </test-method> <!-- execute -->
        <test-method status="PASS" signature="BeforeMethod([Ljava.lang.Object;)[pri:0, instance:automation.project3ds.FillCreditCardTest@5f341870]" test-instance-name="5200000000002029" name="BeforeMethod" is-config="true" duration-ms="0" started-at="2019-07-01T11:07:40Z" finished-at="2019-07-01T11:07:40Z">
          <params>
            <param index="0">
              <value>
                <![CDATA[[Ljava.lang.Object;@6381fe05]]>
              </value>
            </param>
          </params>
          <reporter-output>
          </reporter-output>
        </test-method> <!-- BeforeMethod -->
        <test-method status="PASS" signature="execute(java.lang.String, java.util.Map)[pri:0, instance:automation.project3ds.FillCreditCardTest@5f341870]" test-instance-name="5200000000002029" name="execute" duration-ms="27684" started-at="2019-07-01T11:07:40Z" data-provider="data" finished-at="2019-07-01T11:08:08Z">
          <params>
            <param index="0">
              <value>
                <![CDATA[4000000000001133]]>
              </value>
            </param>
            <param index="1">
              <value>
                <![CDATA[{Cavv=blank, cardholderVerificationMethod=CVV2, expected_results_authentication=value, EciFlag2=value, Cavv2=blank, ErrorDesc2=Success, Enrolled=Y, EciFlag=value, WhiteListStatus=null, ErrorDesc=blank, PAResStatus2=B, WhiteListStatusSource=null, ErrorNo=0, ErrorNo2=0, SignitureVerification2=Y, Payload=value, PAN=4000000000001133, SignitureVerification=Y, ACSUrl=value, PAResStatus=C, testName=Test Visa 14: Step Up Authentication with Merchant Bypass}]]>
              </value>
            </param>
          </params>
          <reporter-output>
          </reporter-output>
        </test-method> <!-- execute -->
        <test-method status="PASS" signature="BeforeMethod([Ljava.lang.Object;)[pri:0, instance:automation.project3ds.FillCreditCardTest@5f341870]" test-instance-name="5200000000002029" name="BeforeMethod" is-config="true" duration-ms="2" started-at="2019-07-01T11:08:08Z" finished-at="2019-07-01T11:08:08Z">
          <params>
            <param index="0">
              <value>
                <![CDATA[[Ljava.lang.Object;@e8a413]]>
              </value>
            </param>
          </params>
          <reporter-output>
          </reporter-output>
        </test-method> <!-- BeforeMethod -->
        <test-method status="PASS" signature="execute(java.lang.String, java.util.Map)[pri:0, instance:automation.project3ds.FillCreditCardTest@5f341870]" test-instance-name="5200000000002029" name="execute" duration-ms="23743" started-at="2019-07-01T11:08:08Z" data-provider="data" finished-at="2019-07-01T11:08:32Z">
          <params>
            <param index="0">
              <value>
                <![CDATA[4000000000001141]]>
              </value>
            </param>
            <param index="1">
              <value>
                <![CDATA[{Cavv=value, cardholderVerificationMethod=value, expected_results_authentication=NA, Enrolled=Y, EciFlag=value, WhiteListStatus=null, ErrorDesc=blank, WhiteListStatusSource=null, ErrorNo=0, Payload=blank, PAN=4000000000001141, SignitureVerification=Y, ACSUrl=blank, PAResStatus=Y, testName=Test Visa 15: Require MethodURL}]]>
              </value>
            </param>
          </params>
          <reporter-output>
          </reporter-output>
        </test-method> <!-- execute -->
        <test-method status="PASS" signature="BeforeMethod([Ljava.lang.Object;)[pri:0, instance:automation.project3ds.FillCreditCardTest@5f341870]" test-instance-name="5200000000002029" name="BeforeMethod" is-config="true" duration-ms="1" started-at="2019-07-01T11:08:32Z" finished-at="2019-07-01T11:08:32Z">
          <params>
            <param index="0">
              <value>
                <![CDATA[[Ljava.lang.Object;@59e31876]]>
              </value>
            </param>
          </params>
          <reporter-output>
          </reporter-output>
        </test-method> <!-- BeforeMethod -->
        <test-method status="PASS" signature="execute(java.lang.String, java.util.Map)[pri:0, instance:automation.project3ds.FillCreditCardTest@5f341870]" test-instance-name="5200000000002029" name="execute" duration-ms="27125" started-at="2019-07-01T11:08:32Z" data-provider="data" finished-at="2019-07-01T11:08:59Z">
          <params>
            <param index="0">
              <value>
                <![CDATA[4000000000002008]]>
              </value>
            </param>
            <param index="1">
              <value>
                <![CDATA[{Cavv=blank, cardholderVerificationMethod=value, expected_results_authentication=value, EciFlag2=value, Cavv2=value, ErrorDesc2=Success, Enrolled=Y, EciFlag=value, WhiteListStatus=null, ErrorDesc=blank, PAResStatus2=Y, WhiteListStatusSource=null, ErrorNo=0, ErrorNo2=0, SignitureVerification2=Y, Payload=value, PAN=4000000000002008, SignitureVerification=Y, ACSUrl=value, PAResStatus=C, testName=Test Visa 16: Prompt for Whitelist}]]>
              </value>
            </param>
          </params>
          <reporter-output>
          </reporter-output>
        </test-method> <!-- execute -->
        <test-method status="PASS" signature="execute(java.lang.String, java.util.Map)[pri:0, instance:automation.project3ds.FillCreditCardTest@5f341870]" test-instance-name="5200000000002029" name="execute" duration-ms="22957" started-at="2019-07-01T11:08:59Z" data-provider="data" finished-at="2019-07-01T11:09:22Z">
          <params>
            <param index="0">
              <value>
                <![CDATA[4000000000002016]]>
              </value>
            </param>
            <param index="1">
              <value>
                <![CDATA[{Cavv=value, cardholderVerificationMethod=value, expected_results_authentication=NA, Enrolled=Y, EciFlag=value, WhiteListStatus=Y, ErrorDesc=blank, WhiteListStatusSource=value, ErrorNo=0, Payload=blank, PAN=4000000000002016, SignitureVerification=Y, ACSUrl=blank, PAResStatus=Y, testName=Test Visa 17: Pre-Whitelisted}]]>
              </value>
            </param>
          </params>
          <reporter-output>
          </reporter-output>
        </test-method> <!-- execute -->
        <test-method status="PASS" signature="BeforeMethod([Ljava.lang.Object;)[pri:0, instance:automation.project3ds.FillCreditCardTest@5f341870]" test-instance-name="5200000000002029" name="BeforeMethod" is-config="true" duration-ms="0" started-at="2019-07-01T11:08:59Z" finished-at="2019-07-01T11:08:59Z">
          <params>
            <param index="0">
              <value>
                <![CDATA[[Ljava.lang.Object;@64211a94]]>
              </value>
            </param>
          </params>
          <reporter-output>
          </reporter-output>
        </test-method> <!-- BeforeMethod -->
        <test-method status="PASS" signature="BeforeMethod([Ljava.lang.Object;)[pri:0, instance:automation.project3ds.FillCreditCardTest@5f341870]" test-instance-name="5200000000002029" name="BeforeMethod" is-config="true" duration-ms="1" started-at="2019-07-01T11:09:22Z" finished-at="2019-07-01T11:09:22Z">
          <params>
            <param index="0">
              <value>
                <![CDATA[[Ljava.lang.Object;@8bcb1c3]]>
              </value>
            </param>
          </params>
          <reporter-output>
          </reporter-output>
        </test-method> <!-- BeforeMethod -->
        <test-method status="FAIL" signature="execute(java.lang.String, java.util.Map)[pri:0, instance:automation.project3ds.FillCreditCardTest@5f341870]" test-instance-name="5200000000002029" name="execute" duration-ms="22745" started-at="2019-07-01T11:09:22Z" data-provider="data" finished-at="2019-07-01T11:09:44Z">
          <params>
            <param index="0">
              <value>
                <![CDATA[4000000000002024]]>
              </value>
            </param>
            <param index="1">
              <value>
                <![CDATA[{Cavv=value, cardholderVerificationMethod=value, expected_results_authentication=NA, Enrolled=Y, EciFlag=value, WhiteListStatus=null, ErrorDesc=blank, WhiteListStatusSource=null, ErrorNo=0, Payload=blank, PAN=4000000000002024, SignitureVerification=Y, ACSUrl=blank, PAResStatus=I, testName=Test Visa 18: Support TransStatus I}]]>
              </value>
            </param>
          </params>
          <exception class="java.lang.AssertionError">
            <message>
              <![CDATA[The following asserts failed:
[PAResStatus] expected [I] but found [U]]]>
            </message>
            <full-stacktrace>
              <![CDATA[java.lang.AssertionError: The following asserts failed:
[PAResStatus] expected [I] but found [U]
at automation.project3ds.MySoftAssertAll.assertAll(MySoftAssertAll.java:80)
at automation.project3ds.FillCreditCardTest.execute(FillCreditCardTest.java:299)
at sun.reflect.GeneratedMethodAccessor22.invoke(Unknown Source)
at sun.reflect.DelegatingMethodAccessorImpl.invoke(DelegatingMethodAccessorImpl.java:43)
at java.lang.reflect.Method.invoke(Method.java:498)
at org.testng.internal.MethodInvocationHelper.invokeMethod(MethodInvocationHelper.java:124)
at org.testng.internal.Invoker.invokeMethod(Invoker.java:583)
at org.testng.internal.Invoker.invokeTestMethod(Invoker.java:719)
at org.testng.internal.Invoker.invokeTestMethods(Invoker.java:989)
at org.testng.internal.TestMethodWorker.invokeTestMethods(TestMethodWorker.java:125)
at org.testng.internal.TestMethodWorker.run(TestMethodWorker.java:109)
at org.testng.TestRunner.privateRun(TestRunner.java:648)
at org.testng.TestRunner.run(TestRunner.java:505)
at org.testng.SuiteRunner.runTest(SuiteRunner.java:455)
at org.testng.SuiteRunner.runSequentially(SuiteRunner.java:450)
at org.testng.SuiteRunner.privateRun(SuiteRunner.java:415)
at org.testng.SuiteRunner.run(SuiteRunner.java:364)
at org.testng.SuiteRunnerWorker.runSuite(SuiteRunnerWorker.java:52)
at org.testng.SuiteRunnerWorker.run(SuiteRunnerWorker.java:84)
at org.testng.TestNG.runSuitesSequentially(TestNG.java:1208)
at org.testng.TestNG.runSuitesLocally(TestNG.java:1137)
at org.testng.TestNG.runSuites(TestNG.java:1049)
at org.testng.TestNG.run(TestNG.java:1017)
at org.testng.remote.AbstractRemoteTestNG.run(AbstractRemoteTestNG.java:115)
at org.testng.remote.RemoteTestNG.initAndRun(RemoteTestNG.java:251)
at org.testng.remote.RemoteTestNG.main(RemoteTestNG.java:77)
]]>
            </full-stacktrace>
          </exception> <!-- java.lang.AssertionError -->
          <reporter-output>
          </reporter-output>
        </test-method> <!-- execute -->
        <test-method status="PASS" signature="BeforeMethod([Ljava.lang.Object;)[pri:0, instance:automation.project3ds.FillCreditCardTest@5f341870]" test-instance-name="5200000000002029" name="BeforeMethod" is-config="true" duration-ms="3" started-at="2019-07-01T11:09:44Z" finished-at="2019-07-01T11:09:44Z">
          <params>
            <param index="0">
              <value>
                <![CDATA[[Ljava.lang.Object;@4db154fb]]>
              </value>
            </param>
          </params>
          <reporter-output>
          </reporter-output>
        </test-method> <!-- BeforeMethod -->
        <test-method status="PASS" signature="execute(java.lang.String, java.util.Map)[pri:0, instance:automation.project3ds.FillCreditCardTest@5f341870]" test-instance-name="5200000000002029" name="execute" duration-ms="42567" started-at="2019-07-01T11:09:44Z" data-provider="data" finished-at="2019-07-01T11:10:27Z">
          <params>
            <param index="0">
              <value>
                <![CDATA[5200000000001005]]>
              </value>
            </param>
            <param index="1">
              <value>
                <![CDATA[{Cavv=value, cardholderVerificationMethod=THREEDS, expected_results_authentication=NA, Enrolled=Y, EciFlag=02, WhiteListStatus=null, ErrorDesc=blank, WhiteListStatusSource=null, ErrorNo=0, Payload=blank, PAN=5200000000001005, SignitureVerification=Y, ACSUrl=blank, PAResStatus=Y, testName=Test Mastercard 1: Successful Frictionless Authentication}]]>
              </value>
            </param>
          </params>
          <reporter-output>
          </reporter-output>
        </test-method> <!-- execute -->
        <test-method status="PASS" signature="BeforeMethod([Ljava.lang.Object;)[pri:0, instance:automation.project3ds.FillCreditCardTest@5f341870]" test-instance-name="5200000000002029" name="BeforeMethod" is-config="true" duration-ms="1" started-at="2019-07-01T11:10:27Z" finished-at="2019-07-01T11:10:27Z">
          <params>
            <param index="0">
              <value>
                <![CDATA[[Ljava.lang.Object;@cd0d593]]>
              </value>
            </param>
          </params>
          <reporter-output>
          </reporter-output>
        </test-method> <!-- BeforeMethod -->
        <test-method status="PASS" signature="execute(java.lang.String, java.util.Map)[pri:0, instance:automation.project3ds.FillCreditCardTest@5f341870]" test-instance-name="5200000000002029" name="execute" duration-ms="21984" started-at="2019-07-01T11:10:27Z" data-provider="data" finished-at="2019-07-01T11:10:49Z">
          <params>
            <param index="0">
              <value>
                <![CDATA[5200000000001013]]>
              </value>
            </param>
            <param index="1">
              <value>
                <![CDATA[{Cavv=blank, cardholderVerificationMethod=NO_REQUEST, expected_results_authentication=NA, Enrolled=Y, EciFlag=00, WhiteListStatus=null, ErrorDesc=blank, WhiteListStatusSource=null, ErrorNo=0, Payload=blank, PAN=5200000000001013, SignitureVerification=Y, ACSUrl=blank, PAResStatus=N, testName=Test Mastercard 2: Failed Frictionless Authentication}]]>
              </value>
            </param>
          </params>
          <reporter-output>
          </reporter-output>
        </test-method> <!-- execute -->
        <test-method status="PASS" signature="execute(java.lang.String, java.util.Map)[pri:0, instance:automation.project3ds.FillCreditCardTest@5f341870]" test-instance-name="5200000000002029" name="execute" duration-ms="38144" started-at="2019-07-01T11:10:49Z" data-provider="data" finished-at="2019-07-01T11:11:27Z">
          <params>
            <param index="0">
              <value>
                <![CDATA[5200000000001021]]>
              </value>
            </param>
            <param index="1">
              <value>
                <![CDATA[{Cavv=value, cardholderVerificationMethod=THREEDS_ATTEMPT, expected_results_authentication=NA, Enrolled=Y, EciFlag=01, WhiteListStatus=null, ErrorDesc=blank, WhiteListStatusSource=null, ErrorNo=0, Payload=blank, PAN=5200000000001021, SignitureVerification=Y, ACSUrl=blank, PAResStatus=A, testName=Test Mastercard 3: Attempts Frictionless Authentication}]]>
              </value>
            </param>
          </params>
          <reporter-output>
          </reporter-output>
        </test-method> <!-- execute -->
        <test-method status="PASS" signature="BeforeMethod([Ljava.lang.Object;)[pri:0, instance:automation.project3ds.FillCreditCardTest@5f341870]" test-instance-name="5200000000002029" name="BeforeMethod" is-config="true" duration-ms="0" started-at="2019-07-01T11:10:49Z" finished-at="2019-07-01T11:10:49Z">
          <params>
            <param index="0">
              <value>
                <![CDATA[[Ljava.lang.Object;@60499b27]]>
              </value>
            </param>
          </params>
          <reporter-output>
          </reporter-output>
        </test-method> <!-- BeforeMethod -->
        <test-method status="PASS" signature="BeforeMethod([Ljava.lang.Object;)[pri:0, instance:automation.project3ds.FillCreditCardTest@5f341870]" test-instance-name="5200000000002029" name="BeforeMethod" is-config="true" duration-ms="1" started-at="2019-07-01T11:11:27Z" finished-at="2019-07-01T11:11:27Z">
          <params>
            <param index="0">
              <value>
                <![CDATA[[Ljava.lang.Object;@d160c44]]>
              </value>
            </param>
          </params>
          <reporter-output>
          </reporter-output>
        </test-method> <!-- BeforeMethod -->
        <test-method status="PASS" signature="execute(java.lang.String, java.util.Map)[pri:0, instance:automation.project3ds.FillCreditCardTest@5f341870]" test-instance-name="5200000000002029" name="execute" duration-ms="33894" started-at="2019-07-01T11:11:27Z" data-provider="data" finished-at="2019-07-01T11:12:01Z">
          <params>
            <param index="0">
              <value>
                <![CDATA[5200000000001039]]>
              </value>
            </param>
            <param index="1">
              <value>
                <![CDATA[{Cavv=blank, cardholderVerificationMethod=CVV2, expected_results_authentication=NA, Enrolled=Y, EciFlag=00, WhiteListStatus=null, ErrorDesc=blank, WhiteListStatusSource=null, ErrorNo=0, Payload=blank, PAN=5200000000001039, SignitureVerification=Y, ACSUrl=blank, PAResStatus=U, testName=Test Mastercard 4: Unavailable Frictionless Authentication from the Issuer}]]>
              </value>
            </param>
          </params>
          <reporter-output>
          </reporter-output>
        </test-method> <!-- execute -->
        <test-method status="PASS" signature="BeforeMethod([Ljava.lang.Object;)[pri:0, instance:automation.project3ds.FillCreditCardTest@5f341870]" test-instance-name="5200000000002029" name="BeforeMethod" is-config="true" duration-ms="0" started-at="2019-07-01T11:12:01Z" finished-at="2019-07-01T11:12:01Z">
          <params>
            <param index="0">
              <value>
                <![CDATA[[Ljava.lang.Object;@4ac79791]]>
              </value>
            </param>
          </params>
          <reporter-output>
          </reporter-output>
        </test-method> <!-- BeforeMethod -->
        <test-method status="PASS" signature="execute(java.lang.String, java.util.Map)[pri:0, instance:automation.project3ds.FillCreditCardTest@5f341870]" test-instance-name="5200000000002029" name="execute" duration-ms="22772" started-at="2019-07-01T11:12:01Z" data-provider="data" finished-at="2019-07-01T11:12:24Z">
          <params>
            <param index="0">
              <value>
                <![CDATA[5200000000001047]]>
              </value>
            </param>
            <param index="1">
              <value>
                <![CDATA[{Cavv=blank, cardholderVerificationMethod=NO_REQUEST, expected_results_authentication=NA, Enrolled=Y, EciFlag=00, WhiteListStatus=null, ErrorDesc=blank, WhiteListStatusSource=null, ErrorNo=0, Payload=blank, PAN=5200000000001047, SignitureVerification=Y, ACSUrl=blank, PAResStatus=R, testName=Test Mastercard 5: Rejected Frictionless Authentication by the Issuer}]]>
              </value>
            </param>
          </params>
          <reporter-output>
          </reporter-output>
        </test-method> <!-- execute -->
        <test-method status="PASS" signature="BeforeMethod([Ljava.lang.Object;)[pri:0, instance:automation.project3ds.FillCreditCardTest@5f341870]" test-instance-name="5200000000002029" name="BeforeMethod" is-config="true" duration-ms="0" started-at="2019-07-01T11:12:24Z" finished-at="2019-07-01T11:12:24Z">
          <params>
            <param index="0">
              <value>
                <![CDATA[[Ljava.lang.Object;@4031bf17]]>
              </value>
            </param>
          </params>
          <reporter-output>
          </reporter-output>
        </test-method> <!-- BeforeMethod -->
        <test-method status="FAIL" signature="execute(java.lang.String, java.util.Map)[pri:0, instance:automation.project3ds.FillCreditCardTest@5f341870]" test-instance-name="5200000000002029" name="execute" duration-ms="37437" started-at="2019-07-01T11:12:24Z" data-provider="data" finished-at="2019-07-01T11:13:01Z">
          <params>
            <param index="0">
              <value>
                <![CDATA[5200000000001054]]>
              </value>
            </param>
            <param index="1">
              <value>
                <![CDATA[{Cavv=blank, cardholderVerificationMethod=CVV2, expected_results_authentication=NA, Enrolled=U, EciFlag=01, WhiteListStatus=null, ErrorDesc=blank, WhiteListStatusSource=null, ErrorNo=0, Payload=blank, PAN=5200000000001054, SignitureVerification=blank, ACSUrl=blank, PAResStatus=blank, testName=Test Mastercard 6: Authentication Not Available on Lookup}]]>
              </value>
            </param>
          </params>
          <exception class="java.lang.AssertionError">
            <message>
              <![CDATA[The following asserts failed:
[EciFlag] expected [01] but found [00]]]>
            </message>
            <full-stacktrace>
              <![CDATA[java.lang.AssertionError: The following asserts failed:
[EciFlag] expected [01] but found [00]
at automation.project3ds.MySoftAssertAll.assertAll(MySoftAssertAll.java:80)
at automation.project3ds.FillCreditCardTest.execute(FillCreditCardTest.java:299)
at sun.reflect.GeneratedMethodAccessor22.invoke(Unknown Source)
at sun.reflect.DelegatingMethodAccessorImpl.invoke(DelegatingMethodAccessorImpl.java:43)
at java.lang.reflect.Method.invoke(Method.java:498)
at org.testng.internal.MethodInvocationHelper.invokeMethod(MethodInvocationHelper.java:124)
at org.testng.internal.Invoker.invokeMethod(Invoker.java:583)
at org.testng.internal.Invoker.invokeTestMethod(Invoker.java:719)
at org.testng.internal.Invoker.invokeTestMethods(Invoker.java:989)
at org.testng.internal.TestMethodWorker.invokeTestMethods(TestMethodWorker.java:125)
at org.testng.internal.TestMethodWorker.run(TestMethodWorker.java:109)
at org.testng.TestRunner.privateRun(TestRunner.java:648)
at org.testng.TestRunner.run(TestRunner.java:505)
at org.testng.SuiteRunner.runTest(SuiteRunner.java:455)
at org.testng.SuiteRunner.runSequentially(SuiteRunner.java:450)
at org.testng.SuiteRunner.privateRun(SuiteRunner.java:415)
at org.testng.SuiteRunner.run(SuiteRunner.java:364)
at org.testng.SuiteRunnerWorker.runSuite(SuiteRunnerWorker.java:52)
at org.testng.SuiteRunnerWorker.run(SuiteRunnerWorker.java:84)
at org.testng.TestNG.runSuitesSequentially(TestNG.java:1208)
at org.testng.TestNG.runSuitesLocally(TestNG.java:1137)
at org.testng.TestNG.runSuites(TestNG.java:1049)
at org.testng.TestNG.run(TestNG.java:1017)
at org.testng.remote.AbstractRemoteTestNG.run(AbstractRemoteTestNG.java:115)
at org.testng.remote.RemoteTestNG.initAndRun(RemoteTestNG.java:251)
at org.testng.remote.RemoteTestNG.main(RemoteTestNG.java:77)
]]>
            </full-stacktrace>
          </exception> <!-- java.lang.AssertionError -->
          <reporter-output>
          </reporter-output>
        </test-method> <!-- execute -->
        <test-method status="PASS" signature="BeforeMethod([Ljava.lang.Object;)[pri:0, instance:automation.project3ds.FillCreditCardTest@5f341870]" test-instance-name="5200000000002029" name="BeforeMethod" is-config="true" duration-ms="1" started-at="2019-07-01T11:13:01Z" finished-at="2019-07-01T11:13:01Z">
          <params>
            <param index="0">
              <value>
                <![CDATA[[Ljava.lang.Object;@6c8d8495]]>
              </value>
            </param>
          </params>
          <reporter-output>
          </reporter-output>
        </test-method> <!-- BeforeMethod -->
        <test-method status="FAIL" signature="execute(java.lang.String, java.util.Map)[pri:0, instance:automation.project3ds.FillCreditCardTest@5f341870]" test-instance-name="5200000000002029" name="execute" duration-ms="35898" started-at="2019-07-01T11:13:01Z" data-provider="data" finished-at="2019-07-01T11:13:37Z">
          <params>
            <param index="0">
              <value>
                <![CDATA[5200000000001062]]>
              </value>
            </param>
            <param index="1">
              <value>
                <![CDATA[{Cavv=blank, cardholderVerificationMethod=CVV2, expected_results_authentication=NA, Enrolled=blank, EciFlag=00, WhiteListStatus=null, ErrorDesc=value, WhiteListStatusSource=null, ErrorNo=value, Payload=blank, PAN=5200000000001062, SignitureVerification=blank, ACSUrl=blank, PAResStatus=blank, testName=Test Mastercard 7: Error on Lookup}]]>
              </value>
            </param>
          </params>
          <exception class="java.lang.AssertionError">
            <message>
              <![CDATA[The following asserts failed:
[Enrolled] expected [] but found [U]]]>
            </message>
            <full-stacktrace>
              <![CDATA[java.lang.AssertionError: The following asserts failed:
[Enrolled] expected [] but found [U]
at automation.project3ds.MySoftAssertAll.assertAll(MySoftAssertAll.java:80)
at automation.project3ds.FillCreditCardTest.execute(FillCreditCardTest.java:299)
at sun.reflect.GeneratedMethodAccessor22.invoke(Unknown Source)
at sun.reflect.DelegatingMethodAccessorImpl.invoke(DelegatingMethodAccessorImpl.java:43)
at java.lang.reflect.Method.invoke(Method.java:498)
at org.testng.internal.MethodInvocationHelper.invokeMethod(MethodInvocationHelper.java:124)
at org.testng.internal.Invoker.invokeMethod(Invoker.java:583)
at org.testng.internal.Invoker.invokeTestMethod(Invoker.java:719)
at org.testng.internal.Invoker.invokeTestMethods(Invoker.java:989)
at org.testng.internal.TestMethodWorker.invokeTestMethods(TestMethodWorker.java:125)
at org.testng.internal.TestMethodWorker.run(TestMethodWorker.java:109)
at org.testng.TestRunner.privateRun(TestRunner.java:648)
at org.testng.TestRunner.run(TestRunner.java:505)
at org.testng.SuiteRunner.runTest(SuiteRunner.java:455)
at org.testng.SuiteRunner.runSequentially(SuiteRunner.java:450)
at org.testng.SuiteRunner.privateRun(SuiteRunner.java:415)
at org.testng.SuiteRunner.run(SuiteRunner.java:364)
at org.testng.SuiteRunnerWorker.runSuite(SuiteRunnerWorker.java:52)
at org.testng.SuiteRunnerWorker.run(SuiteRunnerWorker.java:84)
at org.testng.TestNG.runSuitesSequentially(TestNG.java:1208)
at org.testng.TestNG.runSuitesLocally(TestNG.java:1137)
at org.testng.TestNG.runSuites(TestNG.java:1049)
at org.testng.TestNG.run(TestNG.java:1017)
at org.testng.remote.AbstractRemoteTestNG.run(AbstractRemoteTestNG.java:115)
at org.testng.remote.RemoteTestNG.initAndRun(RemoteTestNG.java:251)
at org.testng.remote.RemoteTestNG.main(RemoteTestNG.java:77)
]]>
            </full-stacktrace>
          </exception> <!-- java.lang.AssertionError -->
          <reporter-output>
          </reporter-output>
        </test-method> <!-- execute -->
        <test-method status="PASS" signature="BeforeMethod([Ljava.lang.Object;)[pri:0, instance:automation.project3ds.FillCreditCardTest@5f341870]" test-instance-name="5200000000002029" name="BeforeMethod" is-config="true" duration-ms="0" started-at="2019-07-01T11:13:37Z" finished-at="2019-07-01T11:13:37Z">
          <params>
            <param index="0">
              <value>
                <![CDATA[[Ljava.lang.Object;@5144d16c]]>
              </value>
            </param>
          </params>
          <reporter-output>
          </reporter-output>
        </test-method> <!-- BeforeMethod -->
        <test-method status="FAIL" signature="execute(java.lang.String, java.util.Map)[pri:0, instance:automation.project3ds.FillCreditCardTest@5f341870]" test-instance-name="5200000000002029" name="execute" duration-ms="45668" started-at="2019-07-01T11:13:37Z" data-provider="data" finished-at="2019-07-01T11:14:23Z">
          <params>
            <param index="0">
              <value>
                <![CDATA[5200000000001070]]>
              </value>
            </param>
            <param index="1">
              <value>
                <![CDATA[{Cavv=blank, cardholderVerificationMethod=CVV2, expected_results_authentication=NA, Enrolled=blank, EciFlag=blank, WhiteListStatus=null, ErrorDesc=value, WhiteListStatusSource=null, ErrorNo=value, Payload=blank, PAN=5200000000001070, SignitureVerification=blank, ACSUrl=blank, PAResStatus=blank, testName=Test Mastercard 8: Timeout on cmpi_lookup Transaction}]]>
              </value>
            </param>
          </params>
          <exception class="java.lang.AssertionError">
            <message>
              <![CDATA[The following asserts failed:
[Enrolled] expected [] but found [U],
[EciFlag] expected [] but found [00]]]>
            </message>
            <full-stacktrace>
              <![CDATA[java.lang.AssertionError: The following asserts failed:
[Enrolled] expected [] but found [U],
[EciFlag] expected [] but found [00]
at automation.project3ds.MySoftAssertAll.assertAll(MySoftAssertAll.java:80)
at automation.project3ds.FillCreditCardTest.execute(FillCreditCardTest.java:299)
at sun.reflect.GeneratedMethodAccessor22.invoke(Unknown Source)
at sun.reflect.DelegatingMethodAccessorImpl.invoke(DelegatingMethodAccessorImpl.java:43)
at java.lang.reflect.Method.invoke(Method.java:498)
at org.testng.internal.MethodInvocationHelper.invokeMethod(MethodInvocationHelper.java:124)
at org.testng.internal.Invoker.invokeMethod(Invoker.java:583)
at org.testng.internal.Invoker.invokeTestMethod(Invoker.java:719)
at org.testng.internal.Invoker.invokeTestMethods(Invoker.java:989)
at org.testng.internal.TestMethodWorker.invokeTestMethods(TestMethodWorker.java:125)
at org.testng.internal.TestMethodWorker.run(TestMethodWorker.java:109)
at org.testng.TestRunner.privateRun(TestRunner.java:648)
at org.testng.TestRunner.run(TestRunner.java:505)
at org.testng.SuiteRunner.runTest(SuiteRunner.java:455)
at org.testng.SuiteRunner.runSequentially(SuiteRunner.java:450)
at org.testng.SuiteRunner.privateRun(SuiteRunner.java:415)
at org.testng.SuiteRunner.run(SuiteRunner.java:364)
at org.testng.SuiteRunnerWorker.runSuite(SuiteRunnerWorker.java:52)
at org.testng.SuiteRunnerWorker.run(SuiteRunnerWorker.java:84)
at org.testng.TestNG.runSuitesSequentially(TestNG.java:1208)
at org.testng.TestNG.runSuitesLocally(TestNG.java:1137)
at org.testng.TestNG.runSuites(TestNG.java:1049)
at org.testng.TestNG.run(TestNG.java:1017)
at org.testng.remote.AbstractRemoteTestNG.run(AbstractRemoteTestNG.java:115)
at org.testng.remote.RemoteTestNG.initAndRun(RemoteTestNG.java:251)
at org.testng.remote.RemoteTestNG.main(RemoteTestNG.java:77)
]]>
            </full-stacktrace>
          </exception> <!-- java.lang.AssertionError -->
          <reporter-output>
          </reporter-output>
        </test-method> <!-- execute -->
        <test-method status="PASS" signature="BeforeMethod([Ljava.lang.Object;)[pri:0, instance:automation.project3ds.FillCreditCardTest@5f341870]" test-instance-name="5200000000002029" name="BeforeMethod" is-config="true" duration-ms="1" started-at="2019-07-01T11:14:23Z" finished-at="2019-07-01T11:14:23Z">
          <params>
            <param index="0">
              <value>
                <![CDATA[[Ljava.lang.Object;@27c9afca]]>
              </value>
            </param>
          </params>
          <reporter-output>
          </reporter-output>
        </test-method> <!-- BeforeMethod -->
        <test-method status="PASS" signature="execute(java.lang.String, java.util.Map)[pri:0, instance:automation.project3ds.FillCreditCardTest@5f341870]" test-instance-name="5200000000002029" name="execute" duration-ms="33013" started-at="2019-07-01T11:14:23Z" data-provider="data" finished-at="2019-07-01T11:14:56Z">
          <params>
            <param index="0">
              <value>
                <![CDATA[5200000000001088]]>
              </value>
            </param>
            <param index="1">
              <value>
                <![CDATA[{Cavv=blank, cardholderVerificationMethod=CVV2, expected_results_authentication=NA, Enrolled=B, EciFlag=00, WhiteListStatus=null, ErrorDesc=blank, WhiteListStatusSource=null, ErrorNo=0, Payload=blank, PAN=5200000000001088, SignitureVerification=blank, ACSUrl=blank, PAResStatus=blank, testName=Test Mastercard 9: Bypassed Authentication}]]>
              </value>
            </param>
          </params>
          <reporter-output>
          </reporter-output>
        </test-method> <!-- execute -->
        <test-method status="PASS" signature="execute(java.lang.String, java.util.Map)[pri:0, instance:automation.project3ds.FillCreditCardTest@5f341870]" test-instance-name="5200000000002029" name="execute" duration-ms="41056" started-at="2019-07-01T11:14:56Z" data-provider="data" finished-at="2019-07-01T11:15:37Z">
          <params>
            <param index="0">
              <value>
                <![CDATA[5200000000001096]]>
              </value>
            </param>
            <param index="1">
              <value>
                <![CDATA[{Cavv=blank, cardholderVerificationMethod=THREEDS, expected_results_authentication=value, EciFlag2=02, Cavv2=value, ErrorDesc2=Success, Enrolled=Y, EciFlag=value, WhiteListStatus=null, ErrorDesc=blank, PAResStatus2=Y, WhiteListStatusSource=null, ErrorNo=0, ErrorNo2=0, SignitureVerification2=Y, Payload=value, PAN=5200000000001096, SignitureVerification=Y, ACSUrl=value, PAResStatus=C, testName=Test Mastercard 10: Successful Step Up Authentication}]]>
              </value>
            </param>
          </params>
          <reporter-output>
          </reporter-output>
        </test-method> <!-- execute -->
        <test-method status="PASS" signature="BeforeMethod([Ljava.lang.Object;)[pri:0, instance:automation.project3ds.FillCreditCardTest@5f341870]" test-instance-name="5200000000002029" name="BeforeMethod" is-config="true" duration-ms="0" started-at="2019-07-01T11:14:56Z" finished-at="2019-07-01T11:14:56Z">
          <params>
            <param index="0">
              <value>
                <![CDATA[[Ljava.lang.Object;@6acd6523]]>
              </value>
            </param>
          </params>
          <reporter-output>
          </reporter-output>
        </test-method> <!-- BeforeMethod -->
        <test-method status="PASS" signature="BeforeMethod([Ljava.lang.Object;)[pri:0, instance:automation.project3ds.FillCreditCardTest@5f341870]" test-instance-name="5200000000002029" name="BeforeMethod" is-config="true" duration-ms="1" started-at="2019-07-01T11:15:37Z" finished-at="2019-07-01T11:15:37Z">
          <params>
            <param index="0">
              <value>
                <![CDATA[[Ljava.lang.Object;@6a64fdc3]]>
              </value>
            </param>
          </params>
          <reporter-output>
          </reporter-output>
        </test-method> <!-- BeforeMethod -->
        <test-method status="PASS" signature="execute(java.lang.String, java.util.Map)[pri:0, instance:automation.project3ds.FillCreditCardTest@5f341870]" test-instance-name="5200000000002029" name="execute" duration-ms="26104" started-at="2019-07-01T11:15:37Z" data-provider="data" finished-at="2019-07-01T11:16:03Z">
          <params>
            <param index="0">
              <value>
                <![CDATA[5200000000001104]]>
              </value>
            </param>
            <param index="1">
              <value>
                <![CDATA[{Cavv=blank, cardholderVerificationMethod=NO_REQUEST, expected_results_authentication=value, EciFlag2=00, Cavv2=blank, ErrorDesc2=Success, Enrolled=Y, EciFlag=00, WhiteListStatus=null, ErrorDesc=blank, PAResStatus2=N, WhiteListStatusSource=null, ErrorNo=0, ErrorNo2=0, SignitureVerification2=Y, Payload=value, PAN=5200000000001104, SignitureVerification=Y, ACSUrl=value, PAResStatus=C, testName=Test Mastercard 11: Failed Step Up Authentication}]]>
              </value>
            </param>
          </params>
          <reporter-output>
          </reporter-output>
        </test-method> <!-- execute -->
        <test-method status="PASS" signature="BeforeMethod([Ljava.lang.Object;)[pri:0, instance:automation.project3ds.FillCreditCardTest@5f341870]" test-instance-name="5200000000002029" name="BeforeMethod" is-config="true" duration-ms="0" started-at="2019-07-01T11:16:03Z" finished-at="2019-07-01T11:16:03Z">
          <params>
            <param index="0">
              <value>
                <![CDATA[[Ljava.lang.Object;@1d5c9e52]]>
              </value>
            </param>
          </params>
          <reporter-output>
          </reporter-output>
        </test-method> <!-- BeforeMethod -->
        <test-method status="PASS" signature="execute(java.lang.String, java.util.Map)[pri:0, instance:automation.project3ds.FillCreditCardTest@5f341870]" test-instance-name="5200000000002029" name="execute" duration-ms="38313" started-at="2019-07-01T11:16:03Z" data-provider="data" finished-at="2019-07-01T11:16:41Z">
          <params>
            <param index="0">
              <value>
                <![CDATA[5200000000001112]]>
              </value>
            </param>
            <param index="1">
              <value>
                <![CDATA[{Cavv=blank, cardholderVerificationMethod=YES_REQUEST, expected_results_authentication=value, EciFlag2=00, Cavv2=blank, ErrorDesc2=Success, Enrolled=Y, EciFlag=00, WhiteListStatus=null, ErrorDesc=blank, PAResStatus2=U, WhiteListStatusSource=null, ErrorNo=0, ErrorNo2=0, SignitureVerification2=Y, Payload=value, PAN=5200000000001112, SignitureVerification=Y, ACSUrl=value, PAResStatus=C, testName=Test Mastercard 12: Step Up Authentication is Unavailable}]]>
              </value>
            </param>
          </params>
          <reporter-output>
          </reporter-output>
        </test-method> <!-- execute -->
        <test-method status="PASS" signature="BeforeMethod([Ljava.lang.Object;)[pri:0, instance:automation.project3ds.FillCreditCardTest@5f341870]" test-instance-name="5200000000002029" name="BeforeMethod" is-config="true" duration-ms="0" started-at="2019-07-01T11:16:41Z" finished-at="2019-07-01T11:16:41Z">
          <params>
            <param index="0">
              <value>
                <![CDATA[[Ljava.lang.Object;@7781d5cc]]>
              </value>
            </param>
          </params>
          <reporter-output>
          </reporter-output>
        </test-method> <!-- BeforeMethod -->
        <test-method status="FAIL" signature="execute(java.lang.String, java.util.Map)[pri:0, instance:automation.project3ds.FillCreditCardTest@5f341870]" test-instance-name="5200000000002029" name="execute" duration-ms="28192" started-at="2019-07-01T11:16:41Z" data-provider="data" finished-at="2019-07-01T11:17:10Z">
          <params>
            <param index="0">
              <value>
                <![CDATA[5200000000001120]]>
              </value>
            </param>
            <param index="1">
              <value>
                <![CDATA[{Cavv=blank, cardholderVerificationMethod=NO_REQUEST, expected_results_authentication=value, EciFlag2=00, Cavv2=blank, ErrorDesc2=value, Enrolled=Y, EciFlag=value, WhiteListStatus=null, ErrorDesc=blank, PAResStatus2=blank, WhiteListStatusSource=null, ErrorNo=0, ErrorNo2=value, SignitureVerification2=blank, Payload=value, PAN=5200000000001120, SignitureVerification=Y, ACSUrl=value, PAResStatus=C, testName=Test Mastercard 13: Error on Authentication}]]>
              </value>
            </param>
          </params>
          <exception class="java.lang.AssertionError">
            <message>
              <![CDATA[The following asserts failed:
[EciFlag2] expected [00] but found []]]>
            </message>
            <full-stacktrace>
              <![CDATA[java.lang.AssertionError: The following asserts failed:
[EciFlag2] expected [00] but found []
at automation.project3ds.MySoftAssertAll.assertAll(MySoftAssertAll.java:80)
at automation.project3ds.FillCreditCardTest.execute(FillCreditCardTest.java:299)
at sun.reflect.GeneratedMethodAccessor22.invoke(Unknown Source)
at sun.reflect.DelegatingMethodAccessorImpl.invoke(DelegatingMethodAccessorImpl.java:43)
at java.lang.reflect.Method.invoke(Method.java:498)
at org.testng.internal.MethodInvocationHelper.invokeMethod(MethodInvocationHelper.java:124)
at org.testng.internal.Invoker.invokeMethod(Invoker.java:583)
at org.testng.internal.Invoker.invokeTestMethod(Invoker.java:719)
at org.testng.internal.Invoker.invokeTestMethods(Invoker.java:989)
at org.testng.internal.TestMethodWorker.invokeTestMethods(TestMethodWorker.java:125)
at org.testng.internal.TestMethodWorker.run(TestMethodWorker.java:109)
at org.testng.TestRunner.privateRun(TestRunner.java:648)
at org.testng.TestRunner.run(TestRunner.java:505)
at org.testng.SuiteRunner.runTest(SuiteRunner.java:455)
at org.testng.SuiteRunner.runSequentially(SuiteRunner.java:450)
at org.testng.SuiteRunner.privateRun(SuiteRunner.java:415)
at org.testng.SuiteRunner.run(SuiteRunner.java:364)
at org.testng.SuiteRunnerWorker.runSuite(SuiteRunnerWorker.java:52)
at org.testng.SuiteRunnerWorker.run(SuiteRunnerWorker.java:84)
at org.testng.TestNG.runSuitesSequentially(TestNG.java:1208)
at org.testng.TestNG.runSuitesLocally(TestNG.java:1137)
at org.testng.TestNG.runSuites(TestNG.java:1049)
at org.testng.TestNG.run(TestNG.java:1017)
at org.testng.remote.AbstractRemoteTestNG.run(AbstractRemoteTestNG.java:115)
at org.testng.remote.RemoteTestNG.initAndRun(RemoteTestNG.java:251)
at org.testng.remote.RemoteTestNG.main(RemoteTestNG.java:77)
]]>
            </full-stacktrace>
          </exception> <!-- java.lang.AssertionError -->
          <reporter-output>
          </reporter-output>
        </test-method> <!-- execute -->
        <test-method status="PASS" signature="BeforeMethod([Ljava.lang.Object;)[pri:0, instance:automation.project3ds.FillCreditCardTest@5f341870]" test-instance-name="5200000000002029" name="BeforeMethod" is-config="true" duration-ms="1" started-at="2019-07-01T11:17:10Z" finished-at="2019-07-01T11:17:10Z">
          <params>
            <param index="0">
              <value>
                <![CDATA[[Ljava.lang.Object;@76e44262]]>
              </value>
            </param>
          </params>
          <reporter-output>
          </reporter-output>
        </test-method> <!-- BeforeMethod -->
        <test-method status="PASS" signature="execute(java.lang.String, java.util.Map)[pri:0, instance:automation.project3ds.FillCreditCardTest@5f341870]" test-instance-name="5200000000002029" name="execute" duration-ms="38877" started-at="2019-07-01T11:17:10Z" data-provider="data" finished-at="2019-07-01T11:17:48Z">
          <params>
            <param index="0">
              <value>
                <![CDATA[5200000000001138]]>
              </value>
            </param>
            <param index="1">
              <value>
                <![CDATA[{Cavv=blank, cardholderVerificationMethod=CVV2, expected_results_authentication=value, EciFlag2=value, Cavv2=blank, ErrorDesc2=Success, Enrolled=Y, EciFlag=value, WhiteListStatus=null, ErrorDesc=blank, PAResStatus2=B, WhiteListStatusSource=null, ErrorNo=0, ErrorNo2=0, SignitureVerification2=Y, Payload=value, PAN=5200000000001138, SignitureVerification=Y, ACSUrl=value, PAResStatus=C, testName=Test Mastercard 14: Step Up Authentication with Merchant Bypass}]]>
              </value>
            </param>
          </params>
          <reporter-output>
          </reporter-output>
        </test-method> <!-- execute -->
        <test-method status="PASS" signature="BeforeMethod([Ljava.lang.Object;)[pri:0, instance:automation.project3ds.FillCreditCardTest@5f341870]" test-instance-name="5200000000002029" name="BeforeMethod" is-config="true" duration-ms="0" started-at="2019-07-01T11:17:48Z" finished-at="2019-07-01T11:17:48Z">
          <params>
            <param index="0">
              <value>
                <![CDATA[[Ljava.lang.Object;@3ba33398]]>
              </value>
            </param>
          </params>
          <reporter-output>
          </reporter-output>
        </test-method> <!-- BeforeMethod -->
        <test-method status="PASS" signature="execute(java.lang.String, java.util.Map)[pri:0, instance:automation.project3ds.FillCreditCardTest@5f341870]" test-instance-name="5200000000002029" name="execute" duration-ms="34596" started-at="2019-07-01T11:17:48Z" data-provider="data" finished-at="2019-07-01T11:18:23Z">
          <params>
            <param index="0">
              <value>
                <![CDATA[5200000000001146]]>
              </value>
            </param>
            <param index="1">
              <value>
                <![CDATA[{Cavv=value, cardholderVerificationMethod=value, expected_results_authentication=NA, Enrolled=Y, EciFlag=value, WhiteListStatus=null, ErrorDesc=blank, WhiteListStatusSource=null, ErrorNo=0, Payload=blank, PAN=5200000000001146, SignitureVerification=Y, ACSUrl=blank, PAResStatus=Y, testName=Test Mastercard 15: Require MethodURL}]]>
              </value>
            </param>
          </params>
          <reporter-output>
          </reporter-output>
        </test-method> <!-- execute -->
        <test-method status="PASS" signature="BeforeMethod([Ljava.lang.Object;)[pri:0, instance:automation.project3ds.FillCreditCardTest@5f341870]" test-instance-name="5200000000002029" name="BeforeMethod" is-config="true" duration-ms="1" started-at="2019-07-01T11:18:23Z" finished-at="2019-07-01T11:18:23Z">
          <params>
            <param index="0">
              <value>
                <![CDATA[[Ljava.lang.Object;@42f494b0]]>
              </value>
            </param>
          </params>
          <reporter-output>
          </reporter-output>
        </test-method> <!-- BeforeMethod -->
        <test-method status="PASS" signature="execute(java.lang.String, java.util.Map)[pri:0, instance:automation.project3ds.FillCreditCardTest@5f341870]" test-instance-name="5200000000002029" name="execute" duration-ms="39051" started-at="2019-07-01T11:18:23Z" data-provider="data" finished-at="2019-07-01T11:19:02Z">
          <params>
            <param index="0">
              <value>
                <![CDATA[5200000000002003]]>
              </value>
            </param>
            <param index="1">
              <value>
                <![CDATA[{Cavv=blank, cardholderVerificationMethod=value, expected_results_authentication=value, EciFlag2=value, Cavv2=value, ErrorDesc2=Success, Enrolled=Y, EciFlag=value, WhiteListStatus=null, ErrorDesc=blank, PAResStatus2=Y, WhiteListStatusSource=null, ErrorNo=0, ErrorNo2=0, SignitureVerification2=Y, Payload=value, PAN=5200000000002003, SignitureVerification=Y, ACSUrl=value, PAResStatus=C, testName=Test Mastercard 16: Prompt for Whitelist}]]>
              </value>
            </param>
          </params>
          <reporter-output>
          </reporter-output>
        </test-method> <!-- execute -->
        <test-method status="PASS" signature="BeforeMethod([Ljava.lang.Object;)[pri:0, instance:automation.project3ds.FillCreditCardTest@5f341870]" test-instance-name="5200000000002029" name="BeforeMethod" is-config="true" duration-ms="1" started-at="2019-07-01T11:19:02Z" finished-at="2019-07-01T11:19:02Z">
          <params>
            <param index="0">
              <value>
                <![CDATA[[Ljava.lang.Object;@3ba21697]]>
              </value>
            </param>
          </params>
          <reporter-output>
          </reporter-output>
        </test-method> <!-- BeforeMethod -->
        <test-method status="PASS" signature="execute(java.lang.String, java.util.Map)[pri:0, instance:automation.project3ds.FillCreditCardTest@5f341870]" test-instance-name="5200000000002029" name="execute" duration-ms="34763" started-at="2019-07-01T11:19:02Z" data-provider="data" finished-at="2019-07-01T11:19:37Z">
          <params>
            <param index="0">
              <value>
                <![CDATA[5200000000002011]]>
              </value>
            </param>
            <param index="1">
              <value>
                <![CDATA[{Cavv=value, cardholderVerificationMethod=value, expected_results_authentication=NA, Enrolled=Y, EciFlag=value, WhiteListStatus=Y, ErrorDesc=blank, WhiteListStatusSource=value, ErrorNo=0, Payload=blank, PAN=5200000000002011, SignitureVerification=Y, ACSUrl=blank, PAResStatus=Y, testName=Test Mastercard 17: Pre-Whitelisted}]]>
              </value>
            </param>
          </params>
          <reporter-output>
          </reporter-output>
        </test-method> <!-- execute -->
        <test-method status="FAIL" signature="execute(java.lang.String, java.util.Map)[pri:0, instance:automation.project3ds.FillCreditCardTest@5f341870]" test-instance-name="5200000000002029" name="execute" duration-ms="34519" started-at="2019-07-01T11:19:37Z" data-provider="data" finished-at="2019-07-01T11:20:11Z">
          <params>
            <param index="0">
              <value>
                <![CDATA[5200000000002029]]>
              </value>
            </param>
            <param index="1">
              <value>
                <![CDATA[{Cavv=value, cardholderVerificationMethod=value, expected_results_authentication=NA, Enrolled=Y, EciFlag=value, WhiteListStatus=null, ErrorDesc=blank, WhiteListStatusSource=null, ErrorNo=0, Payload=blank, PAN=5200000000002029, SignitureVerification=Y, ACSUrl=blank, PAResStatus=I, testName=Test Mastercard 18: Support TransStatus I}]]>
              </value>
            </param>
          </params>
          <exception class="java.lang.AssertionError">
            <message>
              <![CDATA[The following asserts failed:
[PAResStatus] expected [I] but found [U]]]>
            </message>
            <full-stacktrace>
              <![CDATA[java.lang.AssertionError: The following asserts failed:
[PAResStatus] expected [I] but found [U]
at automation.project3ds.MySoftAssertAll.assertAll(MySoftAssertAll.java:80)
at automation.project3ds.FillCreditCardTest.execute(FillCreditCardTest.java:299)
at sun.reflect.GeneratedMethodAccessor22.invoke(Unknown Source)
at sun.reflect.DelegatingMethodAccessorImpl.invoke(DelegatingMethodAccessorImpl.java:43)
at java.lang.reflect.Method.invoke(Method.java:498)
at org.testng.internal.MethodInvocationHelper.invokeMethod(MethodInvocationHelper.java:124)
at org.testng.internal.Invoker.invokeMethod(Invoker.java:583)
at org.testng.internal.Invoker.invokeTestMethod(Invoker.java:719)
at org.testng.internal.Invoker.invokeTestMethods(Invoker.java:989)
at org.testng.internal.TestMethodWorker.invokeTestMethods(TestMethodWorker.java:125)
at org.testng.internal.TestMethodWorker.run(TestMethodWorker.java:109)
at org.testng.TestRunner.privateRun(TestRunner.java:648)
at org.testng.TestRunner.run(TestRunner.java:505)
at org.testng.SuiteRunner.runTest(SuiteRunner.java:455)
at org.testng.SuiteRunner.runSequentially(SuiteRunner.java:450)
at org.testng.SuiteRunner.privateRun(SuiteRunner.java:415)
at org.testng.SuiteRunner.run(SuiteRunner.java:364)
at org.testng.SuiteRunnerWorker.runSuite(SuiteRunnerWorker.java:52)
at org.testng.SuiteRunnerWorker.run(SuiteRunnerWorker.java:84)
at org.testng.TestNG.runSuitesSequentially(TestNG.java:1208)
at org.testng.TestNG.runSuitesLocally(TestNG.java:1137)
at org.testng.TestNG.runSuites(TestNG.java:1049)
at org.testng.TestNG.run(TestNG.java:1017)
at org.testng.remote.AbstractRemoteTestNG.run(AbstractRemoteTestNG.java:115)
at org.testng.remote.RemoteTestNG.initAndRun(RemoteTestNG.java:251)
at org.testng.remote.RemoteTestNG.main(RemoteTestNG.java:77)
]]>
            </full-stacktrace>
          </exception> <!-- java.lang.AssertionError -->
          <reporter-output>
          </reporter-output>
        </test-method> <!-- execute -->
        <test-method status="PASS" signature="BeforeMethod([Ljava.lang.Object;)[pri:0, instance:automation.project3ds.FillCreditCardTest@5f341870]" test-instance-name="5200000000002029" name="BeforeMethod" is-config="true" duration-ms="0" started-at="2019-07-01T11:19:37Z" finished-at="2019-07-01T11:19:37Z">
          <params>
            <param index="0">
              <value>
                <![CDATA[[Ljava.lang.Object;@6f81a4d3]]>
              </value>
            </param>
          </params>
          <reporter-output>
          </reporter-output>
        </test-method> <!-- BeforeMethod -->
      </class> <!-- automation.project3ds.FillCreditCardTest -->
    </test> <!-- test1107 -->
  </suite> <!-- credit_card_test -->
</testng-results>
