<?xml version="1.0" encoding="UTF-8"?>
<!-- Generated by org.testng.reporters.JUnitXMLReporter -->
<testsuite hostname="DESKTOP-V097D2E" ignored="0" name="BrickHTML_Card2_ON_Test" tests="18" failures="5" timestamp="07 Aug 2019 10:18:30 GMT" time="622.807" errors="0">
  <testcase name="execute" time="60.068" classname="automation.project3ds.BrickHTML_Card2_ON_Test"/>
  <testcase name="execute" time="27.302" classname="automation.project3ds.BrickHTML_Card2_ON_Test"/>
  <testcase name="execute" time="26.411" classname="automation.project3ds.BrickHTML_Card2_ON_Test"/>
  <testcase name="execute" time="30.457" classname="automation.project3ds.BrickHTML_Card2_ON_Test"/>
  <testcase name="execute" time="23.812" classname="automation.project3ds.BrickHTML_Card2_ON_Test"/>
  <testcase name="execute" time="26.124" classname="automation.project3ds.BrickHTML_Card2_ON_Test">
    <failure type="java.lang.AssertionError" message="The following asserts failed:
	[EciFlag] expected [01] but found [00]">
      <![CDATA[java.lang.AssertionError: The following asserts failed:
[EciFlag] expected [01] but found [00]
at automation.project3ds.MySoftAssertAll.assertAll(MySoftAssertAll.java:57)
at automation.project3ds.BrickHTML_Card2_ON_Test.execute(BrickHTML_Card2_ON_Test.java:252)
... Removed 25 stack frames]]>
    </failure>
  </testcase> <!-- execute -->
  <testcase name="execute" time="26.695" classname="automation.project3ds.BrickHTML_Card2_ON_Test">
    <failure type="java.lang.AssertionError" message="The following asserts failed:
	[Enrolled] expected [] but found [U]">
      <![CDATA[java.lang.AssertionError: The following asserts failed:
[Enrolled] expected [] but found [U]
at automation.project3ds.MySoftAssertAll.assertAll(MySoftAssertAll.java:57)
at automation.project3ds.BrickHTML_Card2_ON_Test.execute(BrickHTML_Card2_ON_Test.java:252)
... Removed 25 stack frames]]>
    </failure>
  </testcase> <!-- execute -->
  <testcase name="execute" time="34.785" classname="automation.project3ds.BrickHTML_Card2_ON_Test">
    <failure type="java.lang.AssertionError" message="The following asserts failed:
	[Enrolled] expected [] but found [U],
	[EciFlag] expected [] but found [00]">
      <![CDATA[java.lang.AssertionError: The following asserts failed:
[Enrolled] expected [] but found [U],
[EciFlag] expected [] but found [00]
at automation.project3ds.MySoftAssertAll.assertAll(MySoftAssertAll.java:57)
at automation.project3ds.BrickHTML_Card2_ON_Test.execute(BrickHTML_Card2_ON_Test.java:252)
... Removed 25 stack frames]]>
    </failure>
  </testcase> <!-- execute -->
  <testcase name="execute" time="27.098" classname="automation.project3ds.BrickHTML_Card2_ON_Test"/>
  <testcase name="execute" time="47.924" classname="automation.project3ds.BrickHTML_Card2_ON_Test"/>
  <testcase name="execute" time="39.203" classname="automation.project3ds.BrickHTML_Card2_ON_Test"/>
  <testcase name="execute" time="42.25" classname="automation.project3ds.BrickHTML_Card2_ON_Test"/>
  <testcase name="execute" time="38.525" classname="automation.project3ds.BrickHTML_Card2_ON_Test">
    <failure type="java.lang.AssertionError" message="The following asserts failed:
	[EciFlag2] expected [00] but found []">
      <![CDATA[java.lang.AssertionError: The following asserts failed:
[EciFlag2] expected [00] but found []
at automation.project3ds.MySoftAssertAll.assertAll(MySoftAssertAll.java:57)
at automation.project3ds.BrickHTML_Card2_ON_Test.execute(BrickHTML_Card2_ON_Test.java:252)
... Removed 25 stack frames]]>
    </failure>
  </testcase> <!-- execute -->
  <testcase name="execute" time="43.435" classname="automation.project3ds.BrickHTML_Card2_ON_Test"/>
  <testcase name="execute" time="23.497" classname="automation.project3ds.BrickHTML_Card2_ON_Test"/>
  <testcase name="execute" time="54.779" classname="automation.project3ds.BrickHTML_Card2_ON_Test"/>
  <testcase name="execute" time="24.609" classname="automation.project3ds.BrickHTML_Card2_ON_Test"/>
  <testcase name="execute" time="22.65" classname="automation.project3ds.BrickHTML_Card2_ON_Test">
    <failure type="java.lang.AssertionError" message="The following asserts failed:
	[PAResStatus] expected [I] but found [U]">
      <![CDATA[java.lang.AssertionError: The following asserts failed:
[PAResStatus] expected [I] but found [U]
at automation.project3ds.MySoftAssertAll.assertAll(MySoftAssertAll.java:57)
at automation.project3ds.BrickHTML_Card2_ON_Test.execute(BrickHTML_Card2_ON_Test.java:252)
... Removed 24 stack frames]]>
    </failure>
  </testcase> <!-- execute -->
</testsuite> <!-- BrickHTML_Card2_ON_Test -->
